2022-12-02 15:02:42,501 - root - INFO -  Se abre el chrome
2022-12-02 15:02:43,706 - root - INFO -  Entra a la URL
2022-12-02 15:02:43,827 - root - INFO -  Maximiza la pantalla
2022-12-02 15:02:46,902 - root - INFO -  Escribe el usuario
2022-12-02 15:02:46,966 - root - INFO -  Escribe la contraseña
2022-12-02 15:02:47,019 - root - INFO -  Se dio clic en el boton ingresar
2022-12-02 15:02:48,227 - root - INFO -  Ejecutar Enterprise
2022-12-02 15:02:52,267 - root - INFO -  Cambia entre pestañas
2022-12-02 15:02:57,887 - root - INFO -  Abre la pantalla de Arquitectura de CLiente
2022-12-02 15:02:57,898 - root - INFO -  Captura: C:\xampp\htdocs\versiones\automatizaciones\AutoPWST\01ARC\report\img  screen：20221202_15_02_57.png
2022-12-02 15:02:58,546 - root - INFO -  La pantalla ejecutada es Tipos de Cliente
2022-12-02 15:02:58,600 - root - INFO -  Se presiona el boton 'Nuevo', para crear un nuevo registro.
2022-12-02 15:02:59,142 - root - INFO -  Se abrio la pantalla para el ingreso de un registro nuevo.
2022-12-02 15:02:59,197 - root - INFO -  Ingresa el codigo del nuevo registro 
2022-12-02 15:02:59,267 - root - INFO -  Ingresa el codigo alternativo del nuevo registro 
2022-12-02 15:02:59,414 - root - INFO -  Ingresa la descripción del nuevo registro 
2022-12-02 15:03:00,325 - root - INFO -  Captura: C:\xampp\htdocs\versiones\automatizaciones\AutoPWST\01ARC\report\img  screen：20221202_15_03_00.png
2022-12-02 15:03:00,640 - root - INFO - Se hace el cambio de pestaña para continuar con el registro nuevo
2022-12-02 15:03:01,238 - root - INFO -  Se presiona el boton de segundo nivel 'Nuevo', para crear un nuevo registro.
2022-12-02 15:03:01,805 - root - INFO -  Ingresa el codigo del nuevo registro en segundo nivel
2022-12-02 15:03:01,888 - root - INFO -  Ingresa el codigo alternativo del nuevo registro en segundo nivel 
2022-12-02 15:03:02,018 - root - INFO -  Ingresa la descripción del nuevo registro del segundo nivel
2022-12-02 15:03:02,059 - root - INFO - Se hace el cambio de pestaña para continuar con el registro nuevo
2022-12-02 15:03:02,649 - root - INFO -  Se presiona el boton 'Nuevo' de tercer nivel, para crear un nuevo registro.
2022-12-02 15:03:03,232 - root - INFO -  Ingresa el codigo del nuevo registro en tercer nivel
2022-12-02 15:03:03,325 - root - INFO -  Ingresa el codigo alternativo del nuevo registro en tercer nivel 
2022-12-02 15:03:03,465 - root - INFO -  Ingresa la descripción del nuevo registro del tercer nivel
2022-12-02 15:03:03,509 - root - INFO - Se hace el cambio de pestaña para continuar con el registro nuevo
2022-12-02 15:03:04,105 - root - INFO -  Se presiona el boton 'Nuevo' de cuarto nivel, para crear un nuevo registro.
2022-12-02 15:03:04,705 - root - INFO -  Ingresa el codigo del nuevo registro en cuarto nivel
2022-12-02 15:03:04,815 - root - INFO -  Ingresa el codigo alternativo del nuevo registro en cuarto nivel 
2022-12-02 15:03:04,943 - root - INFO -  Ingresa la descripción del nuevo registro del cuarto nivel
2022-12-02 15:03:05,005 - root - INFO -  Se da clic en el boton Guardar de cuarto nivel; se debe crear un nuevo registro.
2022-12-02 15:03:05,387 - root - INFO -  Se da clic en el boton Guardar de tercer nivel; se debe crear un nuevo registro.
2022-12-02 15:03:05,690 - root - INFO -  Se da clic en el boton Guardar de segundo nivel; se debe crear un nuevo registro.
2022-12-02 15:03:05,978 - root - INFO -  Se da clic en el boton Guardar; se debe crear un nuevo registro.
2022-12-02 15:03:06,288 - root - INFO -  Se presiona el boton 'Refrescar', para crear un nuevo registro igual al anterior.
2022-12-02 15:03:08,346 - root - INFO -  Se presiona el boton 'Nuevo', para crear un nuevo registro igual al anterior.
2022-12-02 15:03:08,893 - root - INFO -  Se abrio la pantalla para el ingreso de un registro nuevo.
2022-12-02 15:03:08,945 - root - INFO -  Ingresa el codigo del nuevo registro 
2022-12-02 15:03:09,016 - root - INFO -  Ingresa el codigo alternativo del nuevo registro 
2022-12-02 15:03:09,133 - root - INFO -  Ingresa la descripción del nuevo registro 
2022-12-02 15:03:10,703 - root - INFO -  Se da clic en el boton Guardar; se debe crear un nuevo registro.
2022-12-02 15:03:12,704 - root - INFO -  Captura: C:\xampp\htdocs\versiones\automatizaciones\AutoPWST\01ARC\report\img  screen：20221202_15_03_12.png
2022-12-02 15:03:12,884 - root - INFO -  Se presiona el boton 'Cerrar', para cerrar el mensaje de duplicidad de llave primaria
2022-12-02 15:03:13,251 - root - INFO -  Se presiona el boton 'Cerrar', para cerrar la ventana
2022-12-02 15:03:13,487 - root - INFO -  Se presiona el boton 'Refrescar', para crear un nuevo registro igual al anterior.
2022-12-02 15:03:16,069 - root - INFO -  Se da clic en el registro creado, para proceder a modificarlo.
2022-12-02 15:03:16,703 - root - INFO -  Ingresa el codigo alternativo del nuevo registro 
2022-12-02 15:03:16,839 - root - INFO -  Ingresa la descripción del nuevo registro 
2022-12-02 15:03:17,726 - root - INFO -  Se da doble click en el registro de Unidad Negocio.
2022-12-02 15:03:17,728 - root - INFO -  Captura: C:\xampp\htdocs\versiones\automatizaciones\AutoPWST\01ARC\report\img  screen：20221202_15_03_17.png
2022-12-02 15:03:18,049 - root - INFO - Se hace el cambio de pestaña para continuar con el registro nuevo
2022-12-02 15:03:19,150 - root - INFO -  Se da clic en el registro de segundo nivel creado, para proceder a modificarlo.
2022-12-02 15:03:19,775 - root - INFO -  Ingresa el codigo alternativo del registro modificado en segundo nivel 
2022-12-02 15:03:19,931 - root - INFO -  Ingresa la descripción del registro modificado del segundo nivel
2022-12-02 15:03:19,977 - root - INFO - Se hace el cambio de pestaña para continuar con el registro nuevo
2022-12-02 15:03:21,086 - root - INFO -  Se da clic en el registro de tercer nivel creado, para proceder a modificarlo.
2022-12-02 15:03:21,721 - root - INFO -  Ingresa el codigo alternativo del registro modificado en tercer nivel 
2022-12-02 15:03:21,899 - root - INFO -  Ingresa la descripción del registro modificado del tercer nivel
2022-12-02 15:03:21,940 - root - INFO - Se hace el cambio de pestaña para continuar con el registro nuevo
2022-12-02 15:03:23,085 - root - INFO -  Se da clic en el registro de cuarto nivel creado, para proceder a modificarlo.
2022-12-02 15:03:23,731 - root - INFO -  Ingresa el codigo alternativo del nuevo registro en cuarto nivel 
2022-12-02 15:03:23,899 - root - INFO -  Ingresa la descripción del nuevo registro del cuarto nivel
2022-12-02 15:03:23,947 - root - INFO -  Se da clic en el boton Guardar de cuarto nivel; se debe crear un nuevo registro.
2022-12-02 15:03:24,347 - root - INFO -  Se da clic en el boton Guardar de tercer nivel; se debe crear un nuevo registro.
2022-12-02 15:03:24,679 - root - INFO -  Se da clic en el boton Guardar de segundo nivel; se debe crear un nuevo registro.
2022-12-02 15:03:24,941 - root - INFO -  Se da clic en el boton Guardar; se debe crear un nuevo registro.
2022-12-02 15:03:25,256 - root - INFO -  Se presiona el boton 'Refrescar', para proceder a eliminar el registro.
2022-12-02 15:03:27,837 - root - INFO -  Se da clic en el registro creado, para proceder a eliminarlo.
2022-12-02 15:03:28,403 - root - INFO - Se hace el cambio de pestaña para continuar con el registro nuevo
2022-12-02 15:03:29,491 - root - INFO -  Se da clic en el registro de segundo nivel creado, para proceder a eliminarlo.
2022-12-02 15:03:30,061 - root - INFO - Se hace el cambio de pestaña para continuar con el registro nuevo
2022-12-02 15:03:31,173 - root - INFO -  Se da clic en el registro de tercer nivel creado, para proceder a eliminarlo.
2022-12-02 15:03:31,725 - root - INFO - Se hace el cambio de pestaña para continuar con el registro nuevo
2022-12-02 15:03:32,812 - root - INFO -  Se da clic en el registro de cuarto nivel creado, para proceder a eliminarlo.
2022-12-02 15:03:32,879 - root - INFO -  Se presiona el boton 'Eliminar' de cuarto nivel, para eliminar el registro.
2022-12-02 15:03:33,095 - root - INFO -  Se da clic en el boton Guardar de tercer nivel; se debe crear un nuevo registro.
2022-12-02 15:03:33,964 - root - INFO -  Se da clic en el boton Guardar de segundo nivel; se debe crear un nuevo registro.
2022-12-02 15:03:34,548 - root - INFO -  Se da clic en el boton Guardar; se debe crear un nuevo registro.
2022-12-02 15:03:35,153 - root - INFO -  Se da clic en el registro creado, para proceder a eliminarlo.
2022-12-02 15:03:35,723 - root - INFO - Se hace el cambio de pestaña para continuar con el registro nuevo
2022-12-02 15:03:36,827 - root - INFO -  Se da clic en el registro de segundo nivel creado, para proceder a eliminarlo.
2022-12-02 15:03:37,397 - root - INFO - Se hace el cambio de pestaña para continuar con el registro nuevo
2022-12-02 15:03:38,483 - root - INFO -  Se da clic en el registro de tercer nivel creado, para proceder a eliminarlo.
2022-12-02 15:03:38,545 - root - INFO -  Se presiona el boton 'Eliminar' de tercer nivel, para eliminar el registro.
2022-12-02 15:03:38,714 - root - INFO -  Se da clic en el boton Guardar de segundo nivel; se debe crear un nuevo registro.
2022-12-02 15:03:39,000 - root - INFO -  Se da clic en el boton Guardar; se debe crear un nuevo registro.
2022-12-02 15:03:39,589 - root - INFO -  Se da clic en el registro creado, para proceder a eliminarlo.
2022-12-02 15:03:40,158 - root - INFO - Se hace el cambio de pestaña para continuar con el registro nuevo
2022-12-02 15:03:41,243 - root - INFO -  Se da clic en el registro de segundo nivel creado, para proceder a eliminarlo.
2022-12-02 15:03:41,300 - root - INFO -  Se presiona el boton 'Eliminar' de segundo nivel, para eliminar el registro.
2022-12-02 15:03:41,968 - root - INFO -  Se da clic en el boton Guardar; se debe crear un nuevo registro.
2022-12-02 15:03:42,538 - root - INFO -  Se da clic en el registro creado, para proceder a eliminarlo.
2022-12-02 15:03:42,590 - root - INFO -  Se presiona el boton 'Eliminar', para eliminar el registro.
2022-12-02 15:03:44,591 - root - INFO -  Captura: C:\xampp\htdocs\versiones\automatizaciones\AutoPWST\01ARC\report\img  screen：20221202_15_03_44.png
2022-12-02 15:03:44,728 - root - INFO -  Se confirma el eliminado del registro
2022-12-02 15:03:44,955 - root - INFO -  Se presiona el boton 'Refrescar', para crear un nuevo registro igual al anterior.
2022-12-02 15:03:47,030 - root - INFO -  Se presiona el boton 'Cerrar', para cerrar la pantalla de Categorias Fiscales.
2022-12-02 15:03:51,227 - root - INFO -  Se cierra chrome
2022-12-02 15:04:24,438 - root - INFO -  Se abre el chrome
2022-12-02 15:04:25,566 - root - INFO -  Entra a la URL
2022-12-02 15:04:25,682 - root - INFO -  Maximiza la pantalla
2022-12-02 15:04:28,753 - root - INFO -  Escribe el usuario
2022-12-02 15:04:28,809 - root - INFO -  Escribe la contraseña
2022-12-02 15:04:28,863 - root - INFO -  Se dio clic en el boton ingresar
2022-12-02 15:04:31,153 - root - INFO -  Ejecutar Enterprise
2022-12-02 15:04:35,188 - root - INFO -  Cambia entre pestañas
2022-12-02 15:04:52,002 - root - INFO -  Abre la pantalla de Arquitectura de CLiente
2022-12-02 15:04:52,003 - root - INFO -  Captura: C:\xampp\htdocs\versiones\automatizaciones\AutoPWST\01ARC\report\img  screen：20221202_15_04_52.png
2022-12-02 15:04:52,663 - root - INFO -  La pantalla ejecutada es Tipos de Cliente
2022-12-02 15:04:52,727 - root - INFO -  Se presiona el boton 'Nuevo', para crear un nuevo registro.
2022-12-02 15:04:53,271 - root - INFO -  Se abrio la pantalla para el ingreso de un registro nuevo.
2022-12-02 15:04:53,319 - root - INFO -  Ingresa el codigo del nuevo registro 
2022-12-02 15:04:53,391 - root - INFO -  Ingresa el codigo alternativo del nuevo registro 
2022-12-02 15:04:53,507 - root - INFO -  Ingresa la descripción del nuevo registro 
2022-12-02 15:04:54,397 - root - INFO -  Captura: C:\xampp\htdocs\versiones\automatizaciones\AutoPWST\01ARC\report\img  screen：20221202_15_04_54.png
2022-12-02 15:04:54,661 - root - INFO - Se hace el cambio de pestaña para continuar con el registro nuevo
2022-12-02 15:04:55,242 - root - INFO -  Se presiona el boton de segundo nivel 'Nuevo', para crear un nuevo registro.
2022-12-02 15:04:55,813 - root - INFO -  Ingresa el codigo del nuevo registro en segundo nivel
2022-12-02 15:04:55,895 - root - INFO -  Ingresa el codigo alternativo del nuevo registro en segundo nivel 
2022-12-02 15:04:56,023 - root - INFO -  Ingresa la descripción del nuevo registro del segundo nivel
2022-12-02 15:04:56,064 - root - INFO - Se hace el cambio de pestaña para continuar con el registro nuevo
2022-12-02 15:04:56,644 - root - INFO -  Se presiona el boton 'Nuevo' de tercer nivel, para crear un nuevo registro.
2022-12-02 15:04:57,222 - root - INFO -  Ingresa el codigo del nuevo registro en tercer nivel
2022-12-02 15:04:57,321 - root - INFO -  Ingresa el codigo alternativo del nuevo registro en tercer nivel 
2022-12-02 15:04:57,457 - root - INFO -  Ingresa la descripción del nuevo registro del tercer nivel
2022-12-02 15:04:57,500 - root - INFO - Se hace el cambio de pestaña para continuar con el registro nuevo
2022-12-02 15:04:58,115 - root - INFO -  Se presiona el boton 'Nuevo' de cuarto nivel, para crear un nuevo registro.
2022-12-02 15:04:58,712 - root - INFO -  Ingresa el codigo del nuevo registro en cuarto nivel
2022-12-02 15:04:58,813 - root - INFO -  Ingresa el codigo alternativo del nuevo registro en cuarto nivel 
2022-12-02 15:04:58,964 - root - INFO -  Ingresa la descripción del nuevo registro del cuarto nivel
2022-12-02 15:04:59,031 - root - INFO -  Se da clic en el boton Guardar de cuarto nivel; se debe crear un nuevo registro.
2022-12-02 15:04:59,402 - root - INFO -  Se da clic en el boton Guardar de tercer nivel; se debe crear un nuevo registro.
2022-12-02 15:04:59,733 - root - INFO -  Se da clic en el boton Guardar de segundo nivel; se debe crear un nuevo registro.
2022-12-02 15:05:00,022 - root - INFO -  Se da clic en el boton Guardar; se debe crear un nuevo registro.
2022-12-02 15:05:00,375 - root - INFO -  Se presiona el boton 'Refrescar', para crear un nuevo registro igual al anterior.
2022-12-02 15:05:02,419 - root - INFO -  Se presiona el boton 'Nuevo', para crear un nuevo registro igual al anterior.
2022-12-02 15:05:02,960 - root - INFO -  Se abrio la pantalla para el ingreso de un registro nuevo.
2022-12-02 15:05:03,018 - root - INFO -  Ingresa el codigo del nuevo registro 
2022-12-02 15:05:03,093 - root - INFO -  Ingresa el codigo alternativo del nuevo registro 
2022-12-02 15:05:03,192 - root - INFO -  Ingresa la descripción del nuevo registro 
2022-12-02 15:05:04,381 - root - INFO -  Se da clic en el boton Guardar; se debe crear un nuevo registro.
2022-12-02 15:05:06,383 - root - INFO -  Captura: C:\xampp\htdocs\versiones\automatizaciones\AutoPWST\01ARC\report\img  screen：20221202_15_05_06.png
2022-12-02 15:05:06,547 - root - INFO -  Se presiona el boton 'Cerrar', para cerrar el mensaje de duplicidad de llave primaria
2022-12-02 15:05:06,675 - root - INFO -  Se presiona el boton 'Cerrar', para cerrar la ventana
2022-12-02 15:05:06,972 - root - INFO -  Se presiona el boton 'Refrescar', para crear un nuevo registro igual al anterior.
2022-12-02 15:05:09,554 - root - INFO -  Se da clic en el registro creado, para proceder a modificarlo.
2022-12-02 15:05:10,159 - root - INFO -  Ingresa el codigo alternativo del nuevo registro 
2022-12-02 15:05:10,300 - root - INFO -  Ingresa la descripción del nuevo registro 
2022-12-02 15:05:11,176 - root - INFO -  Se da doble click en el registro de Unidad Negocio.
2022-12-02 15:05:11,177 - root - INFO -  Captura: C:\xampp\htdocs\versiones\automatizaciones\AutoPWST\01ARC\report\img  screen：20221202_15_05_11.png
2022-12-02 15:05:11,505 - root - INFO - Se hace el cambio de pestaña para continuar con el registro nuevo
2022-12-02 15:05:12,598 - root - INFO -  Se da clic en el registro de segundo nivel creado, para proceder a modificarlo.
2022-12-02 15:05:13,236 - root - INFO -  Ingresa el codigo alternativo del registro modificado en segundo nivel 
2022-12-02 15:05:13,377 - root - INFO -  Ingresa la descripción del registro modificado del segundo nivel
2022-12-02 15:05:13,423 - root - INFO - Se hace el cambio de pestaña para continuar con el registro nuevo
2022-12-02 15:05:14,539 - root - INFO -  Se da clic en el registro de tercer nivel creado, para proceder a modificarlo.
2022-12-02 15:05:15,162 - root - INFO -  Ingresa el codigo alternativo del registro modificado en tercer nivel 
2022-12-02 15:05:15,329 - root - INFO -  Ingresa la descripción del registro modificado del tercer nivel
2022-12-02 15:05:15,373 - root - INFO - Se hace el cambio de pestaña para continuar con el registro nuevo
2022-12-02 15:05:16,471 - root - INFO -  Se da clic en el registro de cuarto nivel creado, para proceder a modificarlo.
2022-12-02 15:05:17,106 - root - INFO -  Ingresa el codigo alternativo del nuevo registro en cuarto nivel 
2022-12-02 15:05:17,281 - root - INFO -  Ingresa la descripción del nuevo registro del cuarto nivel
2022-12-02 15:05:17,324 - root - INFO -  Se da clic en el boton Guardar de cuarto nivel; se debe crear un nuevo registro.
2022-12-02 15:05:17,709 - root - INFO -  Se da clic en el boton Guardar de tercer nivel; se debe crear un nuevo registro.
2022-12-02 15:05:17,981 - root - INFO -  Se da clic en el boton Guardar de segundo nivel; se debe crear un nuevo registro.
2022-12-02 15:05:18,280 - root - INFO -  Se da clic en el boton Guardar; se debe crear un nuevo registro.
2022-12-02 15:05:18,602 - root - INFO -  Se presiona el boton 'Refrescar', para proceder a eliminar el registro.
2022-12-02 15:05:21,183 - root - INFO -  Se da clic en el registro creado, para proceder a eliminarlo.
2022-12-02 15:05:21,750 - root - INFO - Se hace el cambio de pestaña para continuar con el registro nuevo
2022-12-02 15:05:22,852 - root - INFO -  Se da clic en el registro de segundo nivel creado, para proceder a eliminarlo.
2022-12-02 15:05:23,403 - root - INFO - Se hace el cambio de pestaña para continuar con el registro nuevo
2022-12-02 15:05:24,501 - root - INFO -  Se da clic en el registro de tercer nivel creado, para proceder a eliminarlo.
2022-12-02 15:05:25,085 - root - INFO - Se hace el cambio de pestaña para continuar con el registro nuevo
2022-12-02 15:05:26,150 - root - INFO -  Se da clic en el registro de cuarto nivel creado, para proceder a eliminarlo.
2022-12-02 15:05:26,215 - root - INFO -  Se presiona el boton 'Eliminar' de cuarto nivel, para eliminar el registro.
2022-12-02 15:05:26,411 - root - INFO -  Se da clic en el boton Guardar de tercer nivel; se debe crear un nuevo registro.
2022-12-02 15:05:26,770 - root - INFO -  Se da clic en el boton Guardar de segundo nivel; se debe crear un nuevo registro.
2022-12-02 15:05:27,047 - root - INFO -  Se da clic en el boton Guardar; se debe crear un nuevo registro.
2022-12-02 15:05:27,632 - root - INFO -  Se da clic en el registro creado, para proceder a eliminarlo.
2022-12-02 15:05:28,199 - root - INFO - Se hace el cambio de pestaña para continuar con el registro nuevo
2022-12-02 15:05:29,292 - root - INFO -  Se da clic en el registro de segundo nivel creado, para proceder a eliminarlo.
2022-12-02 15:05:29,857 - root - INFO - Se hace el cambio de pestaña para continuar con el registro nuevo
2022-12-02 15:05:30,968 - root - INFO -  Se da clic en el registro de tercer nivel creado, para proceder a eliminarlo.
2022-12-02 15:05:31,030 - root - INFO -  Se presiona el boton 'Eliminar' de tercer nivel, para eliminar el registro.
2022-12-02 15:05:31,211 - root - INFO -  Se da clic en el boton Guardar de segundo nivel; se debe crear un nuevo registro.
2022-12-02 15:05:31,606 - root - INFO -  Se da clic en el boton Guardar; se debe crear un nuevo registro.
2022-12-02 15:05:32,179 - root - INFO -  Se da clic en el registro creado, para proceder a eliminarlo.
2022-12-02 15:05:32,749 - root - INFO - Se hace el cambio de pestaña para continuar con el registro nuevo
2022-12-02 15:05:33,834 - root - INFO -  Se da clic en el registro de segundo nivel creado, para proceder a eliminarlo.
2022-12-02 15:05:33,898 - root - INFO -  Se presiona el boton 'Eliminar' de segundo nivel, para eliminar el registro.
2022-12-02 15:05:34,087 - root - INFO -  Se da clic en el boton Guardar; se debe crear un nuevo registro.
2022-12-02 15:05:34,670 - root - INFO -  Se da clic en el registro creado, para proceder a eliminarlo.
2022-12-02 15:05:34,734 - root - INFO -  Se presiona el boton 'Eliminar', para eliminar el registro.
2022-12-02 15:05:36,735 - root - INFO -  Captura: C:\xampp\htdocs\versiones\automatizaciones\AutoPWST\01ARC\report\img  screen：20221202_15_05_36.png
2022-12-02 15:05:36,883 - root - INFO -  Se confirma el eliminado del registro
2022-12-02 15:05:37,303 - root - INFO -  Se presiona el boton 'Refrescar', para crear un nuevo registro igual al anterior.
2022-12-02 15:05:39,365 - root - INFO -  Se presiona el boton 'Cerrar', para cerrar la pantalla de Categorias Fiscales.
2022-12-02 15:05:43,545 - root - INFO -  Se cierra chrome
2022-12-02 15:05:54,223 - root - INFO -  Se abre el chrome
2022-12-02 15:05:55,588 - root - INFO -  Entra a la URL
2022-12-02 15:05:55,715 - root - INFO -  Maximiza la pantalla
2022-12-02 15:05:58,788 - root - INFO -  Escribe el usuario
2022-12-02 15:05:58,846 - root - INFO -  Escribe la contraseña
2022-12-02 15:05:58,921 - root - INFO -  Se dio clic en el boton ingresar
2022-12-02 15:06:00,203 - root - INFO -  Ejecutar Enterprise
2022-12-02 15:06:04,239 - root - INFO -  Cambia entre pestañas
2022-12-02 15:06:21,256 - root - INFO -  Abre la pantalla de Arquitectura de CLiente
2022-12-02 15:06:21,257 - root - INFO -  Captura: C:\xampp\htdocs\versiones\automatizaciones\AutoPWST\01ARC\report\img  screen：20221202_15_06_21.png
2022-12-02 15:06:21,910 - root - INFO -  La pantalla ejecutada es Tipos de Cliente
2022-12-02 15:06:21,972 - root - INFO -  Se presiona el boton 'Nuevo', para crear un nuevo registro.
2022-12-02 15:06:22,525 - root - INFO -  Se abrio la pantalla para el ingreso de un registro nuevo.
2022-12-02 15:06:22,572 - root - INFO -  Ingresa el codigo del nuevo registro 
2022-12-02 15:06:22,644 - root - INFO -  Ingresa el codigo alternativo del nuevo registro 
2022-12-02 15:06:22,759 - root - INFO -  Ingresa la descripción del nuevo registro 
2022-12-02 15:06:23,641 - root - INFO -  Captura: C:\xampp\htdocs\versiones\automatizaciones\AutoPWST\01ARC\report\img  screen：20221202_15_06_23.png
2022-12-02 15:06:23,961 - root - INFO - Se hace el cambio de pestaña para continuar con el registro nuevo
2022-12-02 15:06:24,561 - root - INFO -  Se presiona el boton de segundo nivel 'Nuevo', para crear un nuevo registro.
2022-12-02 15:06:25,126 - root - INFO -  Ingresa el codigo del nuevo registro en segundo nivel
2022-12-02 15:06:25,209 - root - INFO -  Ingresa el codigo alternativo del nuevo registro en segundo nivel 
2022-12-02 15:06:25,339 - root - INFO -  Ingresa la descripción del nuevo registro del segundo nivel
2022-12-02 15:06:25,379 - root - INFO - Se hace el cambio de pestaña para continuar con el registro nuevo
2022-12-02 15:06:25,969 - root - INFO -  Se presiona el boton 'Nuevo' de tercer nivel, para crear un nuevo registro.
2022-12-02 15:06:26,550 - root - INFO -  Ingresa el codigo del nuevo registro en tercer nivel
2022-12-02 15:06:26,644 - root - INFO -  Ingresa el codigo alternativo del nuevo registro en tercer nivel 
2022-12-02 15:06:26,781 - root - INFO -  Ingresa la descripción del nuevo registro del tercer nivel
2022-12-02 15:06:26,823 - root - INFO - Se hace el cambio de pestaña para continuar con el registro nuevo
2022-12-02 15:06:27,941 - root - INFO -  Se presiona el boton 'Nuevo' de cuarto nivel, para crear un nuevo registro.
2022-12-02 15:06:28,531 - root - INFO -  Ingresa el codigo del nuevo registro en cuarto nivel
2022-12-02 15:06:28,636 - root - INFO -  Ingresa el codigo alternativo del nuevo registro en cuarto nivel 
2022-12-02 15:06:28,804 - root - INFO -  Ingresa la descripción del nuevo registro del cuarto nivel
2022-12-02 15:06:28,843 - root - INFO -  Se da clic en el boton Guardar de cuarto nivel; se debe crear un nuevo registro.
2022-12-02 15:06:29,257 - root - INFO -  Se da clic en el boton Guardar de tercer nivel; se debe crear un nuevo registro.
2022-12-02 15:06:29,578 - root - INFO -  Se da clic en el boton Guardar de segundo nivel; se debe crear un nuevo registro.
2022-12-02 15:06:29,904 - root - INFO -  Se da clic en el boton Guardar; se debe crear un nuevo registro.
2022-12-02 15:06:30,232 - root - INFO -  Se presiona el boton 'Refrescar', para crear un nuevo registro igual al anterior.
2022-12-02 15:06:32,234 - root - ERROR - No se encontró el botón Nuevo, revise si el xpath sigue siendo el mismo, para mas detalles del error consulte el reporte
2022-12-02 15:06:57,539 - root - INFO -  Se abre el chrome
2022-12-02 15:06:58,638 - root - INFO -  Entra a la URL
2022-12-02 15:06:58,791 - root - INFO -  Maximiza la pantalla
2022-12-02 15:07:01,864 - root - INFO -  Escribe el usuario
2022-12-02 15:07:01,923 - root - INFO -  Escribe la contraseña
2022-12-02 15:07:01,975 - root - INFO -  Se dio clic en el boton ingresar
2022-12-02 15:07:03,206 - root - INFO -  Ejecutar Enterprise
2022-12-02 15:07:07,246 - root - INFO -  Cambia entre pestañas
2022-12-02 15:07:12,849 - root - INFO -  Abre la pantalla de Arquitectura de CLiente
2022-12-02 15:07:12,850 - root - INFO -  Captura: C:\xampp\htdocs\versiones\automatizaciones\AutoPWST\01ARC\report\img  screen：20221202_15_07_12.png
2022-12-02 15:07:13,510 - root - INFO -  La pantalla ejecutada es Tipos de Cliente
2022-12-02 15:07:14,096 - root - INFO -  Se da clic en el registro creado, para proceder a modificarlo.
2022-12-02 15:07:14,676 - root - INFO - Se hace el cambio de pestaña para continuar con el registro nuevo
2022-12-02 15:07:15,786 - root - INFO -  Se da clic en el registro de segundo nivel creado, para proceder a eliminarlo.
2022-12-02 15:07:16,371 - root - INFO - Se hace el cambio de pestaña para continuar con el registro nuevo
2022-12-02 15:07:17,489 - root - INFO -  Se da clic en el registro de tercer nivel creado, para proceder a eliminarlo.
2022-12-02 15:07:18,075 - root - INFO - Se hace el cambio de pestaña para continuar con el registro nuevo
2022-12-02 15:07:19,196 - root - INFO -  Se da clic en el registro de cuarto nivel creado, para proceder a eliminarlo.
2022-12-02 15:07:19,256 - root - INFO -  Se presiona el boton 'Eliminar' de cuarto nivel, para eliminar el registro.
2022-12-02 15:07:19,464 - root - INFO -  Se da clic en el boton Guardar de tercer nivel; se debe crear un nuevo registro.
2022-12-02 15:07:19,805 - root - INFO -  Se da clic en el boton Guardar de segundo nivel; se debe crear un nuevo registro.
2022-12-02 15:07:20,115 - root - INFO -  Se da clic en el boton Guardar; se debe crear un nuevo registro.
2022-12-02 15:07:20,700 - root - INFO -  Se da clic en el registro creado, para proceder a eliminarlo.
2022-12-02 15:07:21,272 - root - INFO - Se hace el cambio de pestaña para continuar con el registro nuevo
2022-12-02 15:07:22,373 - root - INFO -  Se da clic en el registro de segundo nivel creado, para proceder a eliminarlo.
2022-12-02 15:07:22,939 - root - INFO - Se hace el cambio de pestaña para continuar con el registro nuevo
2022-12-02 15:07:24,037 - root - INFO -  Se da clic en el registro de tercer nivel creado, para proceder a eliminarlo.
2022-12-02 15:07:24,101 - root - INFO -  Se presiona el boton 'Eliminar' de tercer nivel, para eliminar el registro.
2022-12-02 15:07:24,265 - root - INFO -  Se da clic en el boton Guardar de segundo nivel; se debe crear un nuevo registro.
2022-12-02 15:07:24,547 - root - INFO -  Se da clic en el boton Guardar; se debe crear un nuevo registro.
2022-12-02 15:07:25,138 - root - INFO -  Se da clic en el registro creado, para proceder a eliminarlo.
2022-12-02 15:07:25,719 - root - INFO - Se hace el cambio de pestaña para continuar con el registro nuevo
2022-12-02 15:07:26,805 - root - INFO -  Se da clic en el registro de segundo nivel creado, para proceder a eliminarlo.
2022-12-02 15:07:26,860 - root - INFO -  Se presiona el boton 'Eliminar' de segundo nivel, para eliminar el registro.
2022-12-02 15:07:27,042 - root - INFO -  Se da clic en el boton Guardar; se debe crear un nuevo registro.
2022-12-02 15:07:27,621 - root - INFO -  Se da clic en el registro creado, para proceder a eliminarlo.
2022-12-02 15:07:27,680 - root - INFO -  Se presiona el boton 'Eliminar', para eliminar el registro.
2022-12-02 15:07:28,256 - root - INFO -  Se confirma el eliminado del registro
2022-12-02 15:07:28,503 - root - INFO -  Se presiona el boton 'Refrescar', para crear un nuevo registro igual al anterior.
2022-12-02 15:07:30,568 - root - INFO -  Se presiona el boton 'Nuevo', para crear un nuevo registro.
2022-12-02 15:07:31,113 - root - INFO -  Se abrio la pantalla para el ingreso de un registro nuevo.
2022-12-02 15:07:31,165 - root - INFO -  Ingresa el codigo del nuevo registro 
2022-12-02 15:07:31,230 - root - INFO -  Ingresa el codigo alternativo del nuevo registro 
2022-12-02 15:07:31,347 - root - INFO -  Ingresa la descripción del nuevo registro 
2022-12-02 15:07:32,219 - root - INFO -  Captura: C:\xampp\htdocs\versiones\automatizaciones\AutoPWST\01ARC\report\img  screen：20221202_15_07_32.png
2022-12-02 15:07:32,525 - root - INFO - Se hace el cambio de pestaña para continuar con el registro nuevo
2022-12-02 15:07:33,118 - root - INFO -  Se presiona el boton de segundo nivel 'Nuevo', para crear un nuevo registro.
2022-12-02 15:07:33,687 - root - INFO -  Ingresa el codigo del nuevo registro en segundo nivel
2022-12-02 15:07:33,769 - root - INFO -  Ingresa el codigo alternativo del nuevo registro en segundo nivel 
2022-12-02 15:07:33,901 - root - INFO -  Ingresa la descripción del nuevo registro del segundo nivel
2022-12-02 15:07:33,939 - root - INFO - Se hace el cambio de pestaña para continuar con el registro nuevo
2022-12-02 15:07:34,518 - root - INFO -  Se presiona el boton 'Nuevo' de tercer nivel, para crear un nuevo registro.
2022-12-02 15:07:35,113 - root - INFO -  Ingresa el codigo del nuevo registro en tercer nivel
2022-12-02 15:07:35,206 - root - INFO -  Ingresa el codigo alternativo del nuevo registro en tercer nivel 
2022-12-02 15:07:35,365 - root - INFO -  Ingresa la descripción del nuevo registro del tercer nivel
2022-12-02 15:07:35,408 - root - INFO - Se hace el cambio de pestaña para continuar con el registro nuevo
2022-12-02 15:07:36,035 - root - INFO -  Se presiona el boton 'Nuevo' de cuarto nivel, para crear un nuevo registro.
2022-12-02 15:07:36,621 - root - INFO -  Ingresa el codigo del nuevo registro en cuarto nivel
2022-12-02 15:07:36,734 - root - INFO -  Ingresa el codigo alternativo del nuevo registro en cuarto nivel 
2022-12-02 15:07:36,856 - root - INFO -  Ingresa la descripción del nuevo registro del cuarto nivel
2022-12-02 15:07:36,907 - root - INFO -  Se da clic en el boton Guardar de cuarto nivel; se debe crear un nuevo registro.
2022-12-02 15:07:37,276 - root - INFO -  Se da clic en el boton Guardar de tercer nivel; se debe crear un nuevo registro.
2022-12-02 15:07:37,558 - root - INFO -  Se da clic en el boton Guardar de segundo nivel; se debe crear un nuevo registro.
2022-12-02 15:07:37,842 - root - INFO -  Se da clic en el boton Guardar; se debe crear un nuevo registro.
2022-12-02 15:07:38,158 - root - INFO -  Se presiona el boton 'Refrescar', para crear un nuevo registro igual al anterior.
2022-12-02 15:07:40,216 - root - INFO -  Se presiona el boton 'Nuevo', para crear un nuevo registro igual al anterior.
2022-12-02 15:07:40,762 - root - INFO -  Se abrio la pantalla para el ingreso de un registro nuevo.
2022-12-02 15:07:40,820 - root - INFO -  Ingresa el codigo del nuevo registro 
2022-12-02 15:07:40,882 - root - INFO -  Ingresa el codigo alternativo del nuevo registro 
2022-12-02 15:07:40,990 - root - INFO -  Ingresa la descripción del nuevo registro 
2022-12-02 15:07:42,139 - root - INFO -  Se da clic en el boton Guardar; se debe crear un nuevo registro.
2022-12-02 15:07:44,140 - root - INFO -  Captura: C:\xampp\htdocs\versiones\automatizaciones\AutoPWST\01ARC\report\img  screen：20221202_15_07_44.png
2022-12-02 15:07:44,309 - root - INFO -  Se presiona el boton 'Cerrar', para cerrar el mensaje de duplicidad de llave primaria
2022-12-02 15:07:44,451 - root - INFO -  Se presiona el boton 'Cerrar', para cerrar la ventana
2022-12-02 15:07:44,637 - root - INFO -  Se presiona el boton 'Refrescar', para crear un nuevo registro igual al anterior.
2022-12-02 15:07:47,228 - root - INFO -  Se da clic en el registro creado, para proceder a modificarlo.
2022-12-02 15:07:47,834 - root - INFO -  Ingresa el codigo alternativo del nuevo registro 
2022-12-02 15:07:47,967 - root - INFO -  Ingresa la descripción del nuevo registro 
2022-12-02 15:07:48,837 - root - INFO -  Se da doble click en el registro de Unidad Negocio.
2022-12-02 15:07:48,838 - root - INFO -  Captura: C:\xampp\htdocs\versiones\automatizaciones\AutoPWST\01ARC\report\img  screen：20221202_15_07_48.png
2022-12-02 15:07:49,142 - root - INFO - Se hace el cambio de pestaña para continuar con el registro nuevo
2022-12-02 15:07:50,241 - root - INFO -  Se da clic en el registro de segundo nivel creado, para proceder a modificarlo.
2022-12-02 15:07:50,855 - root - INFO -  Ingresa el codigo alternativo del registro modificado en segundo nivel 
2022-12-02 15:07:51,080 - root - INFO -  Ingresa la descripción del registro modificado del segundo nivel
2022-12-02 15:07:51,127 - root - INFO - Se hace el cambio de pestaña para continuar con el registro nuevo
2022-12-02 15:07:52,223 - root - INFO -  Se da clic en el registro de tercer nivel creado, para proceder a modificarlo.
2022-12-02 15:07:52,850 - root - INFO -  Ingresa el codigo alternativo del registro modificado en tercer nivel 
2022-12-02 15:07:53,026 - root - INFO -  Ingresa la descripción del registro modificado del tercer nivel
2022-12-02 15:07:53,070 - root - INFO - Se hace el cambio de pestaña para continuar con el registro nuevo
2022-12-02 15:07:54,203 - root - INFO -  Se da clic en el registro de cuarto nivel creado, para proceder a modificarlo.
2022-12-02 15:07:54,843 - root - INFO -  Ingresa el codigo alternativo del nuevo registro en cuarto nivel 
2022-12-02 15:07:55,018 - root - INFO -  Ingresa la descripción del nuevo registro del cuarto nivel
2022-12-02 15:07:55,070 - root - INFO -  Se da clic en el boton Guardar de cuarto nivel; se debe crear un nuevo registro.
2022-12-02 15:07:55,846 - root - INFO -  Se da clic en el boton Guardar de tercer nivel; se debe crear un nuevo registro.
2022-12-02 15:07:56,751 - root - INFO -  Se da clic en el boton Guardar de segundo nivel; se debe crear un nuevo registro.
2022-12-02 15:07:57,234 - root - INFO -  Se da clic en el boton Guardar; se debe crear un nuevo registro.
2022-12-02 15:07:57,935 - root - INFO -  Se presiona el boton 'Refrescar', para proceder a eliminar el registro.
2022-12-02 15:08:00,528 - root - INFO -  Se da clic en el registro creado, para proceder a eliminarlo.
2022-12-02 15:08:01,099 - root - INFO - Se hace el cambio de pestaña para continuar con el registro nuevo
2022-12-02 15:08:02,172 - root - INFO -  Se da clic en el registro de segundo nivel creado, para proceder a eliminarlo.
2022-12-02 15:08:02,741 - root - INFO - Se hace el cambio de pestaña para continuar con el registro nuevo
2022-12-02 15:08:03,847 - root - INFO -  Se da clic en el registro de tercer nivel creado, para proceder a eliminarlo.
2022-12-02 15:08:04,433 - root - INFO - Se hace el cambio de pestaña para continuar con el registro nuevo
2022-12-02 15:08:05,552 - root - INFO -  Se da clic en el registro de cuarto nivel creado, para proceder a eliminarlo.
2022-12-02 15:08:05,617 - root - INFO -  Se presiona el boton 'Eliminar' de cuarto nivel, para eliminar el registro.
2022-12-02 15:08:05,807 - root - INFO -  Se da clic en el boton Guardar de tercer nivel; se debe crear un nuevo registro.
2022-12-02 15:08:06,113 - root - INFO -  Se da clic en el boton Guardar de segundo nivel; se debe crear un nuevo registro.
2022-12-02 15:08:06,404 - root - INFO -  Se da clic en el boton Guardar; se debe crear un nuevo registro.
2022-12-02 15:08:07,019 - root - INFO -  Se da clic en el registro creado, para proceder a eliminarlo.
2022-12-02 15:08:07,597 - root - INFO - Se hace el cambio de pestaña para continuar con el registro nuevo
2022-12-02 15:08:08,682 - root - INFO -  Se da clic en el registro de segundo nivel creado, para proceder a eliminarlo.
2022-12-02 15:08:09,256 - root - INFO - Se hace el cambio de pestaña para continuar con el registro nuevo
2022-12-02 15:08:10,359 - root - INFO -  Se da clic en el registro de tercer nivel creado, para proceder a eliminarlo.
2022-12-02 15:08:10,421 - root - INFO -  Se presiona el boton 'Eliminar' de tercer nivel, para eliminar el registro.
2022-12-02 15:08:10,767 - root - INFO -  Se da clic en el boton Guardar de segundo nivel; se debe crear un nuevo registro.
2022-12-02 15:08:11,474 - root - INFO -  Se da clic en el boton Guardar; se debe crear un nuevo registro.
2022-12-02 15:08:12,069 - root - INFO -  Se da clic en el registro creado, para proceder a eliminarlo.
2022-12-02 15:08:12,646 - root - INFO - Se hace el cambio de pestaña para continuar con el registro nuevo
2022-12-02 15:08:13,739 - root - INFO -  Se da clic en el registro de segundo nivel creado, para proceder a eliminarlo.
2022-12-02 15:08:13,796 - root - INFO -  Se presiona el boton 'Eliminar' de segundo nivel, para eliminar el registro.
2022-12-02 15:08:14,031 - root - INFO -  Se da clic en el boton Guardar; se debe crear un nuevo registro.
2022-12-02 15:08:14,601 - root - INFO -  Se da clic en el registro creado, para proceder a eliminarlo.
2022-12-02 15:08:14,657 - root - INFO -  Se presiona el boton 'Eliminar', para eliminar el registro.
2022-12-02 15:08:16,658 - root - INFO -  Captura: C:\xampp\htdocs\versiones\automatizaciones\AutoPWST\01ARC\report\img  screen：20221202_15_08_16.png
2022-12-02 15:08:16,808 - root - INFO -  Se confirma el eliminado del registro
2022-12-02 15:08:17,052 - root - INFO -  Se presiona el boton 'Refrescar', para crear un nuevo registro igual al anterior.
2022-12-02 15:08:19,114 - root - INFO -  Se presiona el boton 'Cerrar', para cerrar la pantalla de Categorias Fiscales.
2022-12-02 15:08:23,355 - root - INFO -  Se cierra chrome
