2023-02-23 14:57:41,031 - root - INFO -  Se abre el chrome
2023-02-23 14:57:42,231 - root - INFO -  Entra a la URL
2023-02-23 14:57:42,369 - root - INFO -  Maximiza la pantalla
2023-02-23 14:58:34,502 - root - INFO -  Se abre el chrome
2023-02-23 14:58:35,278 - root - INFO -  Entra a la URL
2023-02-23 14:58:35,327 - root - ERROR - No se pudo encontrar el campo para ingresar el usuario, revise si el xpath sigue siendo el mismo, para mas detalles del error consulte el reporte
2023-02-23 14:58:35,328 - root - INFO -  Captura: C:\xampp\htdocs\versiones\automatizaciones\AutoPWST\01ARC\report\img  screen：20230223_14_58_35.png
2023-02-23 14:58:35,369 - root - ERROR - La pantalla ejecutada no es correcta, revise si el xpath sigue siendo el mismo, para mas detalles del error consulte el reporte
2023-02-23 14:58:35,369 - root - INFO -  Captura: C:\xampp\htdocs\versiones\automatizaciones\AutoPWST\01ARC\report\img  screen：20230223_14_58_35.png
2023-02-23 14:58:35,386 - root - ERROR - No se encontró el botón Refrescar, revise si el xpath sigue siendo el mismo, para mas detalles del error consulte el reporte
2023-02-23 14:58:37,387 - root - INFO -  Captura: C:\xampp\htdocs\versiones\automatizaciones\AutoPWST\01ARC\report\img  screen：20230223_14_58_37.png
2023-02-23 14:58:37,405 - root - ERROR - No se encontró el botón Refrescar, revise si el xpath sigue siendo el mismo, para mas detalles del error consulte el reporte
2023-02-23 14:58:45,928 - root - INFO -  Se abre el chrome
2023-02-23 14:58:46,823 - root - INFO -  Entra a la URL
2023-02-23 14:58:46,955 - root - INFO -  Maximiza la pantalla
2023-02-23 14:58:50,059 - root - INFO -  Escribe el usuario
2023-02-23 14:58:50,159 - root - INFO -  Escribe la contraseña
2023-02-23 14:58:50,241 - root - INFO -  Se dio clic en el boton ingresar
2023-02-23 14:58:51,479 - root - INFO -  Ejecutar Enterprise
2023-02-23 14:58:55,530 - root - INFO -  Cambia entre pestañas
