2022-09-13 17:41:16,098 - root - INFO -  Se abre el chrome
2022-09-13 17:41:38,221 - root - INFO -  Entra a la URL
2022-09-13 17:41:38,398 - root - INFO -  Maximiza la pantalla
2022-09-13 17:41:41,453 - root - INFO -  Cambia al frame
2022-09-13 17:41:44,557 - root - INFO -  Escribe el usuario
2022-09-13 17:41:44,678 - root - INFO -  Escribe la contraseña
2022-09-13 17:41:44,808 - root - INFO -  Se dio clic en el boton ingresar
2022-09-13 17:41:45,573 - root - INFO -  Ejecutar Enterprise
2022-09-13 17:41:49,646 - root - INFO -  Cambia entre pestañas
2022-09-13 17:41:56,949 - root - INFO -  Abre el menu completo
2022-09-13 17:42:12,834 - root - INFO -  Abre la pantalla de tipos de compañia
2022-09-13 17:42:23,261 - root - ERROR - La pantalla ejecutada no es correcta, validar que la acción anterior haya finalizado,que el xpath sea el correcto o que la página no presente lentitud
2022-09-13 17:42:23,261 - root - INFO -  Captura: C:\xampp\htdocs\Versiones\automatizaciones\AutoPWST\01TPC\report\img  screen：20220913_17_42_23.png
2022-09-13 17:42:44,111 - root - ERROR - La pantalla ejecutada no es correcta, validar que la acción anterior haya finalizado,que el xpath sea el correcto o que la página no presente lentitud
2022-09-13 17:42:44,111 - root - INFO -  Captura: C:\xampp\htdocs\Versiones\automatizaciones\AutoPWST\01TPC\report\img  screen：20220913_17_42_44.png
2022-09-13 17:43:04,995 - root - ERROR - No se dió click al botón Refrescar, validar que la acción anterior haya finalizado,que el xpath sea el correcto o que la página no presente lentitud o si ya existe un registro ya creado
2022-09-13 17:43:04,996 - root - INFO -  Captura: C:\xampp\htdocs\Versiones\automatizaciones\AutoPWST\01TPC\report\img  screen：20220913_17_43_04.png
2022-09-13 17:43:21,909 - root - ERROR - No se dió click al botón Refrescar, validar que la acción anterior haya finalizado,que el xpath sea el correcto o que la página no presente lentitud
2022-09-13 17:43:21,910 - root - INFO -  Captura: C:\xampp\htdocs\Versiones\automatizaciones\AutoPWST\01TPC\report\img  screen：20220913_17_43_21.png
2022-09-13 17:43:42,836 - root - ERROR - No se dió click al botón Refrescar, validar que la acción anterior haya finalizado,que el xpath sea el correcto o que la página no presente lentitud
2022-09-13 17:43:42,838 - root - INFO -  Captura: C:\xampp\htdocs\Versiones\automatizaciones\AutoPWST\01TPC\report\img  screen：20220913_17_43_42.png
