2022-12-23 11:35:58,219 - root - INFO -  Se abre el chrome
2022-12-23 11:35:59,604 - root - INFO -  Entra a la URL
2022-12-23 11:35:59,726 - root - INFO -  Maximiza la pantalla
2022-12-23 11:36:02,824 - root - INFO -  Escribe el usuario
2022-12-23 11:36:02,899 - root - INFO -  Escribe la contraseña
2022-12-23 11:36:02,991 - root - INFO -  Se dio clic en el boton ingresar
2022-12-23 11:36:03,690 - root - INFO -  Ejecutar Enterprise
2022-12-23 11:36:07,743 - root - INFO -  Cambia entre pestañas
2022-12-23 11:36:16,678 - root - INFO -  Abre la pantalla de tipos de compañia
2022-12-23 11:36:17,228 - root - INFO -  La pantalla ejecutada es TIPO DE COMPAÑIA
2022-12-23 11:36:17,233 - root - INFO -  Captura: C:\xampp\htdocs\versiones\automatizaciones\AutoPWST\01TPC\report\img  screen：20221223_11_36_17.png
2022-12-23 11:36:27,900 - root - INFO -  Se presiona el boton 'Nuevo', para crear un nuevo registro.
2022-12-23 11:36:28,464 - root - INFO -  Se abrio la pantalla para el ingreso de un registro nuevo.
2022-12-23 11:36:28,493 - root - INFO -  El campo 'Codigo' si se encuentra visible.
2022-12-23 11:36:28,524 - root - INFO -  El campo 'Código Usuario' si se encuentra visible.
2022-12-23 11:36:28,581 - root - INFO -  El campo 'Descrición' si se encuentra visible.
2022-12-23 11:36:28,610 - root - INFO -  El campo 'Código Alternativo' si se encuentra visible.
2022-12-23 11:36:28,657 - root - INFO -  Ingresa el codigo del nuevo registro 
2022-12-23 11:36:28,755 - root - INFO -  Ingresa el codigo usuario del nuevo registro 
2022-12-23 11:36:28,818 - root - INFO -  Ingresa el codigo alternativo del nuevo registro 
2022-12-23 11:36:29,927 - root - INFO -  Captura: C:\xampp\htdocs\versiones\automatizaciones\AutoPWST\01TPC\report\img  screen：20221223_11_36_29.png
2022-12-23 11:36:30,076 - root - INFO -  Ingresa la descripción del nuevo registro 
2022-12-23 11:36:30,155 - root - INFO -  Se da clic en el boton Guardar; se debe crear un nuevo registro.
2022-12-23 11:36:30,394 - root - INFO -  Se presiona el boton 'Refrescar', para crear un nuevo registro igual al anterior.
2022-12-23 11:36:30,518 - root - INFO -  Se presiona el boton 'Nuevo', para crear un nuevo registro igual al anterior.
2022-12-23 11:36:31,078 - root - INFO -  Se abrio la pantalla para el ingreso de un registro nuevo.
2022-12-23 11:36:31,109 - root - INFO -  El campo 'Codigo' si se encuentra visible.
2022-12-23 11:36:31,135 - root - INFO -  El campo 'Código Usuario' si se encuentra visible.
2022-12-23 11:36:31,162 - root - INFO -  El campo 'Descrición' si se encuentra visible.
2022-12-23 11:36:31,190 - root - INFO -  El campo 'Código Alternativo' si se encuentra visible.
2022-12-23 11:36:31,255 - root - INFO -  Ingresa el codigo del nuevo registro 
2022-12-23 11:36:31,346 - root - INFO -  Ingresa el codigo usuario del nuevo registro 
2022-12-23 11:36:31,407 - root - INFO -  Ingresa el codigo alternativo del nuevo registro 
2022-12-23 11:36:32,530 - root - INFO -  Captura: C:\xampp\htdocs\versiones\automatizaciones\AutoPWST\01TPC\report\img  screen：20221223_11_36_32.png
2022-12-23 11:36:32,669 - root - INFO -  Ingresa la descripción del nuevo registro 
2022-12-23 11:36:32,721 - root - INFO -  Se da clic en el boton Guardar; se debe crear un nuevo registro.
2022-12-23 11:36:33,734 - root - INFO -  Captura: C:\xampp\htdocs\versiones\automatizaciones\AutoPWST\01TPC\report\img  screen：20221223_11_36_33.png
2022-12-23 11:36:34,033 - root - INFO -  Se presiona el boton 'Cerrar', para cerrar el mensaje de duplicidad de llave primaria
2022-12-23 11:36:34,653 - root - INFO -  Se presiona el boton 'Cerrar', para cerrar la ventana
2022-12-23 11:36:34,758 - root - INFO -  Se presiona el boton 'Refrescar', para crear un nuevo registro igual al anterior.
2022-12-23 11:36:35,067 - root - ERROR - No se encontró el registro deseado, validar que la acción anterior haya finalizado,que el xpath sea el correcto o que la página no presente lentitud
2022-12-23 11:36:35,067 - root - INFO -  Captura: C:\xampp\htdocs\versiones\automatizaciones\AutoPWST\01TPC\report\img  screen：20221223_11_36_35.png
2022-12-23 11:37:11,084 - root - INFO -  Se abre el chrome
2022-12-23 11:37:12,034 - root - INFO -  Entra a la URL
2022-12-23 11:37:12,173 - root - INFO -  Maximiza la pantalla
2022-12-23 11:37:15,352 - root - INFO -  Escribe el usuario
2022-12-23 11:37:15,490 - root - INFO -  Escribe la contraseña
2022-12-23 11:37:15,620 - root - INFO -  Se dio clic en el boton ingresar
2022-12-23 11:37:16,339 - root - INFO -  Ejecutar Enterprise
2022-12-23 11:37:20,404 - root - INFO -  Cambia entre pestañas
2022-12-23 11:37:30,683 - root - INFO -  Abre la pantalla de tipos de compañia
2022-12-23 11:37:31,243 - root - INFO -  La pantalla ejecutada es TIPO DE COMPAÑIA
2022-12-23 11:37:31,244 - root - INFO -  Captura: C:\xampp\htdocs\versiones\automatizaciones\AutoPWST\01TPC\report\img  screen：20221223_11_37_31.png
2022-12-23 11:37:31,984 - root - INFO -  Se da clic en el registro creado, para proceder a modificarlo.
2022-12-23 11:37:32,045 - root - INFO -  Se presiona el boton 'Eliminar', para eliminar el registro.
2022-12-23 11:37:32,659 - root - INFO -  Se confirma el eliminado del registro
2022-12-23 11:37:32,855 - root - INFO -  Se presiona el boton 'Refrescar', para crear un nuevo registro igual al anterior.
2022-12-23 11:37:32,984 - root - INFO -  Se presiona el boton 'Nuevo', para crear un nuevo registro.
2022-12-23 11:37:33,550 - root - INFO -  Se abrio la pantalla para el ingreso de un registro nuevo.
2022-12-23 11:37:33,583 - root - INFO -  El campo 'Codigo' si se encuentra visible.
2022-12-23 11:37:33,614 - root - INFO -  El campo 'Código Usuario' si se encuentra visible.
2022-12-23 11:37:33,643 - root - INFO -  El campo 'Descrición' si se encuentra visible.
2022-12-23 11:37:33,673 - root - INFO -  El campo 'Código Alternativo' si se encuentra visible.
2022-12-23 11:37:33,723 - root - INFO -  Ingresa el codigo del nuevo registro 
2022-12-23 11:37:33,797 - root - INFO -  Ingresa el codigo usuario del nuevo registro 
2022-12-23 11:37:33,881 - root - INFO -  Ingresa el codigo alternativo del nuevo registro 
2022-12-23 11:37:35,169 - root - INFO -  Captura: C:\xampp\htdocs\versiones\automatizaciones\AutoPWST\01TPC\report\img  screen：20221223_11_37_35.png
2022-12-23 11:37:35,315 - root - INFO -  Ingresa la descripción del nuevo registro 
2022-12-23 11:37:35,372 - root - INFO -  Se da clic en el boton Guardar; se debe crear un nuevo registro.
2022-12-23 11:37:35,612 - root - INFO -  Se presiona el boton 'Refrescar', para crear un nuevo registro igual al anterior.
2022-12-23 11:37:35,723 - root - INFO -  Se presiona el boton 'Nuevo', para crear un nuevo registro igual al anterior.
2022-12-23 11:37:36,266 - root - INFO -  Se abrio la pantalla para el ingreso de un registro nuevo.
2022-12-23 11:37:36,294 - root - INFO -  El campo 'Codigo' si se encuentra visible.
2022-12-23 11:37:36,321 - root - INFO -  El campo 'Código Usuario' si se encuentra visible.
2022-12-23 11:37:36,366 - root - INFO -  El campo 'Descrición' si se encuentra visible.
2022-12-23 11:37:36,397 - root - INFO -  El campo 'Código Alternativo' si se encuentra visible.
2022-12-23 11:37:36,448 - root - INFO -  Ingresa el codigo del nuevo registro 
2022-12-23 11:37:36,520 - root - INFO -  Ingresa el codigo usuario del nuevo registro 
2022-12-23 11:37:36,575 - root - INFO -  Ingresa el codigo alternativo del nuevo registro 
2022-12-23 11:37:37,651 - root - INFO -  Captura: C:\xampp\htdocs\versiones\automatizaciones\AutoPWST\01TPC\report\img  screen：20221223_11_37_37.png
2022-12-23 11:37:37,769 - root - INFO -  Ingresa la descripción del nuevo registro 
2022-12-23 11:37:37,846 - root - INFO -  Se da clic en el boton Guardar; se debe crear un nuevo registro.
2022-12-23 11:37:38,855 - root - INFO -  Captura: C:\xampp\htdocs\versiones\automatizaciones\AutoPWST\01TPC\report\img  screen：20221223_11_37_38.png
2022-12-23 11:37:39,058 - root - INFO -  Se presiona el boton 'Cerrar', para cerrar el mensaje de duplicidad de llave primaria
2022-12-23 11:37:39,637 - root - INFO -  Se presiona el boton 'Cerrar', para cerrar la ventana
2022-12-23 11:37:39,741 - root - INFO -  Se presiona el boton 'Refrescar', para crear un nuevo registro igual al anterior.
2022-12-23 11:37:41,350 - root - INFO -  Se da clic en el registro creado, para proceder a modificarlo.
2022-12-23 11:37:41,988 - root - INFO -  Se modifica el contenido del campo Codigo Usuario
2022-12-23 11:37:42,115 - root - INFO -  Ingresa el codigo alternativo del nuevo registro 
2022-12-23 11:37:43,270 - root - INFO -  Captura: C:\xampp\htdocs\versiones\automatizaciones\AutoPWST\01TPC\report\img  screen：20221223_11_37_43.png
2022-12-23 11:37:43,383 - root - INFO -  Se modifica el contenido del campo Descripcion
2022-12-23 11:37:43,433 - root - INFO -  Se da clic en el boton Guardar; se debe modificar la informacion del registro.
2022-12-23 11:37:43,679 - root - INFO -  Se presiona el boton 'Refrescar', para proceder a eliminar el registro.
2022-12-23 11:37:45,287 - root - INFO -  Se da clic en el registro creado, para proceder a eliminarlo.
2022-12-23 11:37:45,333 - root - INFO -  Se presiona el boton 'Eliminar', para eliminar el registro.
2022-12-23 11:37:46,336 - root - INFO -  Captura: C:\xampp\htdocs\versiones\automatizaciones\AutoPWST\01TPC\report\img  screen：20221223_11_37_46.png
2022-12-23 11:37:46,514 - root - INFO -  Se confirma el eliminado del registro
2022-12-23 11:37:46,653 - root - INFO -  Se presiona el boton 'Refrescar', para crear un nuevo registro igual al anterior.
2022-12-23 11:37:46,761 - root - INFO -  Se presiona el boton 'Cerrar', para cerrar la pantalla de Categorias Fiscales.
2022-12-23 11:37:51,033 - root - INFO -  Se cierra chrome
