2023-06-08 09:54:16,503 - root - INFO -  Se abre el chrome
2023-06-08 09:54:17,727 - root - INFO -  Entra a la URL
2023-06-08 09:54:17,856 - root - INFO -  Maximiza la pantalla
2023-06-08 09:54:20,928 - root - INFO -  Escribe el usuario
2023-06-08 09:54:21,016 - root - INFO -  Escribe la contraseña
2023-06-08 09:54:21,088 - root - INFO -  Se dio clic en el boton ingresar
2023-06-08 09:54:22,877 - root - INFO -  Ejecutar Enterprise
2023-06-08 09:54:26,916 - root - INFO -  Cambia entre pestañas
2023-06-08 09:54:43,288 - root - INFO -  Abre la pantalla de tipos de compañia
2023-06-08 09:54:43,835 - root - INFO -  La pantalla ejecutada es TIPO DE COMPAÑIA
2023-06-08 09:54:43,836 - root - INFO -  Captura: C:\xampp\htdocs\versiones\automatizaciones\AutoPWST\01TPC\report\img  screen：20230608_09_54_43.png
2023-06-08 09:54:54,219 - root - INFO -  Se presiona el boton 'Nuevo', para crear un nuevo registro.
2023-06-08 09:54:54,752 - root - INFO -  Se abrio la pantalla para el ingreso de un registro nuevo.
2023-06-08 09:54:54,779 - root - INFO -  El campo 'Codigo' si se encuentra visible.
2023-06-08 09:54:54,804 - root - INFO -  El campo 'Código Usuario' si se encuentra visible.
2023-06-08 09:54:54,824 - root - INFO -  El campo 'Descrición' si se encuentra visible.
2023-06-08 09:54:54,843 - root - INFO -  El campo 'Código Alternativo' si se encuentra visible.
2023-06-08 09:54:54,889 - root - INFO -  Ingresa el codigo del nuevo registro 
2023-06-08 09:54:54,985 - root - INFO -  Ingresa el codigo usuario del nuevo registro 
2023-06-08 09:54:55,047 - root - INFO -  Ingresa el codigo alternativo del nuevo registro 
2023-06-08 09:54:56,128 - root - INFO -  Captura: C:\xampp\htdocs\versiones\automatizaciones\AutoPWST\01TPC\report\img  screen：20230608_09_54_56.png
2023-06-08 09:54:56,231 - root - INFO -  Ingresa la descripción del nuevo registro 
2023-06-08 09:54:56,283 - root - INFO -  Se da clic en el boton Guardar; se debe crear un nuevo registro.
2023-06-08 09:54:56,609 - root - INFO -  Se presiona el boton 'Refrescar', para crear un nuevo registro igual al anterior.
2023-06-08 09:54:56,787 - root - INFO -  Se presiona el boton 'Nuevo', para crear un nuevo registro igual al anterior.
2023-06-08 09:54:57,332 - root - INFO -  Se abrio la pantalla para el ingreso de un registro nuevo.
2023-06-08 09:54:57,354 - root - INFO -  El campo 'Codigo' si se encuentra visible.
2023-06-08 09:54:57,373 - root - INFO -  El campo 'Código Usuario' si se encuentra visible.
2023-06-08 09:54:57,395 - root - INFO -  El campo 'Descrición' si se encuentra visible.
2023-06-08 09:54:57,414 - root - INFO -  El campo 'Código Alternativo' si se encuentra visible.
2023-06-08 09:54:57,449 - root - INFO -  Ingresa el codigo del nuevo registro 
2023-06-08 09:54:57,520 - root - INFO -  Ingresa el codigo usuario del nuevo registro 
2023-06-08 09:54:57,569 - root - INFO -  Ingresa el codigo alternativo del nuevo registro 
2023-06-08 09:54:58,655 - root - INFO -  Captura: C:\xampp\htdocs\versiones\automatizaciones\AutoPWST\01TPC\report\img  screen：20230608_09_54_58.png
2023-06-08 09:54:58,745 - root - INFO -  Ingresa la descripción del nuevo registro 
2023-06-08 09:54:58,786 - root - INFO -  Se da clic en el boton Guardar; se debe crear un nuevo registro.
2023-06-08 09:54:59,787 - root - INFO -  Captura: C:\xampp\htdocs\versiones\automatizaciones\AutoPWST\01TPC\report\img  screen：20230608_09_54_59.png
2023-06-08 09:55:05,101 - root - INFO -  Se presiona el boton 'Cerrar', para cerrar el mensaje de duplicidad de llave primaria
2023-06-08 09:55:06,102 - root - INFO -  Captura: C:\xampp\htdocs\versiones\automatizaciones\AutoPWST\01TPC\report\img  screen：20230608_09_55_06.png
2023-06-08 09:55:06,299 - root - INFO -  Se presiona el boton 'Cerrar', para cerrar el mensaje de duplicidad de llave primaria
2023-06-08 09:55:06,987 - root - INFO -  Se presiona el boton 'Cerrar', para cerrar la ventana
2023-06-08 09:55:07,175 - root - INFO -  Se presiona el boton 'Refrescar', para crear un nuevo registro igual al anterior.
2023-06-08 09:55:08,782 - root - INFO -  Se da clic en el registro creado, para proceder a modificarlo.
2023-06-08 09:55:09,399 - root - INFO -  Se modifica el contenido del campo Codigo Usuario
2023-06-08 09:55:09,476 - root - INFO -  Ingresa el codigo alternativo del nuevo registro 
2023-06-08 09:55:10,599 - root - INFO -  Captura: C:\xampp\htdocs\versiones\automatizaciones\AutoPWST\01TPC\report\img  screen：20230608_09_55_10.png
2023-06-08 09:55:10,692 - root - INFO -  Se modifica el contenido del campo Descripcion
2023-06-08 09:55:10,732 - root - INFO -  Se da clic en el boton Guardar; se debe modificar la informacion del registro.
2023-06-08 09:55:11,313 - root - INFO -  Se presiona el boton 'Refrescar', para proceder a eliminar el registro.
2023-06-08 09:55:12,898 - root - INFO -  Se da clic en el registro creado, para proceder a eliminarlo.
2023-06-08 09:55:12,946 - root - INFO -  Se presiona el boton 'Eliminar', para eliminar el registro.
2023-06-08 09:55:14,947 - root - INFO -  Captura: C:\xampp\htdocs\versiones\automatizaciones\AutoPWST\01TPC\report\img  screen：20230608_09_55_14.png
2023-06-08 09:55:15,088 - root - INFO -  Se confirma el eliminado del registro
2023-06-08 09:55:15,514 - root - INFO -  Se presiona el boton 'Refrescar', para crear un nuevo registro igual al anterior.
2023-06-08 09:55:17,570 - root - INFO -  Se presiona el boton 'Cerrar', para cerrar la pantalla de Tipos Compañia.
2023-06-08 09:55:23,789 - root - INFO -  Se cierra chrome
