2023-01-26 18:51:02,579 - root - INFO -  Se abre el chrome
2023-01-26 18:51:03,414 - root - INFO -  Entra a la URL
2023-01-26 18:51:03,538 - root - INFO -  Maximiza la pantalla
2023-01-26 18:51:06,631 - root - INFO -  Escribe el usuario
2023-01-26 18:51:06,738 - root - INFO -  Escribe la contraseña
2023-01-26 18:51:06,822 - root - INFO -  Se dio clic en el boton ingresar
2023-01-26 18:51:07,548 - root - INFO -  Ejecutar Enterprise
2023-01-26 18:51:11,602 - root - INFO -  Cambia entre pestañas
2023-01-26 18:51:22,682 - root - INFO -  Abre la pantalla de tipos de compañia
2023-01-26 18:51:23,301 - root - INFO -  La pantalla ejecutada es TIPO DE COMPAÑIA
2023-01-26 18:51:23,301 - root - INFO -  Captura: C:\xampp\htdocs\Versiones\automatizaciones\AutoPWST\01TPC\report\img  screen：20230126_18_51_23.png
2023-01-26 18:51:34,405 - root - INFO -  Se presiona el boton 'Nuevo', para crear un nuevo registro.
2023-01-26 18:51:34,989 - root - INFO -  Se abrio la pantalla para el ingreso de un registro nuevo.
2023-01-26 18:51:35,039 - root - INFO -  El campo 'Codigo' si se encuentra visible.
2023-01-26 18:51:35,076 - root - INFO -  El campo 'Código Usuario' si se encuentra visible.
2023-01-26 18:51:35,106 - root - INFO -  El campo 'Descrición' si se encuentra visible.
2023-01-26 18:51:35,146 - root - INFO -  El campo 'Código Alternativo' si se encuentra visible.
2023-01-26 18:51:35,204 - root - INFO -  Ingresa el codigo del nuevo registro 
2023-01-26 18:51:35,301 - root - INFO -  Ingresa el codigo usuario del nuevo registro 
2023-01-26 18:51:35,389 - root - INFO -  Ingresa el codigo alternativo del nuevo registro 
2023-01-26 18:51:36,503 - root - INFO -  Captura: C:\xampp\htdocs\Versiones\automatizaciones\AutoPWST\01TPC\report\img  screen：20230126_18_51_36.png
2023-01-26 18:51:37,027 - root - INFO -  Ingresa la descripción del nuevo registro 
2023-01-26 18:51:37,097 - root - INFO -  Se da clic en el boton Guardar; se debe crear un nuevo registro.
2023-01-26 18:51:37,313 - root - INFO -  Se presiona el boton 'Refrescar', para crear un nuevo registro igual al anterior.
2023-01-26 18:51:37,450 - root - INFO -  Se presiona el boton 'Nuevo', para crear un nuevo registro igual al anterior.
2023-01-26 18:51:37,994 - root - INFO -  Se abrio la pantalla para el ingreso de un registro nuevo.
2023-01-26 18:51:38,034 - root - INFO -  El campo 'Codigo' si se encuentra visible.
2023-01-26 18:51:38,074 - root - INFO -  El campo 'Código Usuario' si se encuentra visible.
2023-01-26 18:51:38,104 - root - INFO -  El campo 'Descrición' si se encuentra visible.
2023-01-26 18:51:38,135 - root - INFO -  El campo 'Código Alternativo' si se encuentra visible.
2023-01-26 18:51:38,182 - root - INFO -  Ingresa el codigo del nuevo registro 
2023-01-26 18:51:38,266 - root - INFO -  Ingresa el codigo usuario del nuevo registro 
2023-01-26 18:51:38,335 - root - INFO -  Ingresa el codigo alternativo del nuevo registro 
2023-01-26 18:51:39,436 - root - INFO -  Captura: C:\xampp\htdocs\Versiones\automatizaciones\AutoPWST\01TPC\report\img  screen：20230126_18_51_39.png
2023-01-26 18:51:40,025 - root - INFO -  Ingresa la descripción del nuevo registro 
2023-01-26 18:51:40,092 - root - INFO -  Se da clic en el boton Guardar; se debe crear un nuevo registro.
2023-01-26 18:51:41,101 - root - INFO -  Captura: C:\xampp\htdocs\Versiones\automatizaciones\AutoPWST\01TPC\report\img  screen：20230126_18_51_41.png
2023-01-26 18:51:47,195 - root - INFO -  Se presiona el boton 'Cerrar', para cerrar el mensaje de duplicidad de llave primaria
2023-01-26 18:51:48,196 - root - INFO -  Captura: C:\xampp\htdocs\Versiones\automatizaciones\AutoPWST\01TPC\report\img  screen：20230126_18_51_48.png
2023-01-26 18:51:48,935 - root - INFO -  Se presiona el boton 'Cerrar', para cerrar el mensaje de duplicidad de llave primaria
2023-01-26 18:51:49,580 - root - INFO -  Se presiona el boton 'Cerrar', para cerrar la ventana
2023-01-26 18:51:49,748 - root - INFO -  Se presiona el boton 'Refrescar', para crear un nuevo registro igual al anterior.
2023-01-26 18:51:51,487 - root - INFO -  Se da clic en el registro creado, para proceder a modificarlo.
2023-01-26 18:51:52,123 - root - INFO -  Se modifica el contenido del campo Codigo Usuario
2023-01-26 18:51:52,225 - root - INFO -  Ingresa el codigo alternativo del nuevo registro 
2023-01-26 18:51:53,374 - root - INFO -  Captura: C:\xampp\htdocs\Versiones\automatizaciones\AutoPWST\01TPC\report\img  screen：20230126_18_51_53.png
2023-01-26 18:51:53,851 - root - INFO -  Se modifica el contenido del campo Descripcion
2023-01-26 18:51:53,920 - root - INFO -  Se da clic en el boton Guardar; se debe modificar la informacion del registro.
2023-01-26 18:51:54,182 - root - INFO -  Se presiona el boton 'Refrescar', para proceder a eliminar el registro.
2023-01-26 18:51:55,896 - root - INFO -  Se da clic en el registro creado, para proceder a eliminarlo.
2023-01-26 18:51:55,991 - root - INFO -  Se presiona el boton 'Eliminar', para eliminar el registro.
2023-01-26 18:51:56,992 - root - INFO -  Captura: C:\xampp\htdocs\Versiones\automatizaciones\AutoPWST\01TPC\report\img  screen：20230126_18_51_56.png
2023-01-26 18:51:57,565 - root - INFO -  Se confirma el eliminado del registro
2023-01-26 18:51:57,768 - root - INFO -  Se presiona el boton 'Refrescar', para crear un nuevo registro igual al anterior.
2023-01-26 18:51:57,913 - root - INFO -  Se presiona el boton 'Cerrar', para cerrar la pantalla de Categorias Fiscales.
2023-01-26 18:52:02,173 - root - INFO -  Se cierra chrome
2023-01-26 18:53:01,031 - root - INFO -  Se abre el chrome
2023-01-26 18:53:01,756 - root - INFO -  Entra a la URL
2023-01-26 18:53:01,900 - root - INFO -  Maximiza la pantalla
2023-01-26 18:53:05,011 - root - INFO -  Escribe el usuario
2023-01-26 18:53:05,105 - root - INFO -  Escribe la contraseña
2023-01-26 18:53:05,184 - root - INFO -  Se dio clic en el boton ingresar
2023-01-26 18:53:05,904 - root - INFO -  Ejecutar Enterprise
2023-01-26 18:53:09,965 - root - INFO -  Cambia entre pestañas
2023-01-26 18:53:20,669 - root - INFO -  Abre la pantalla de tipos de compañia
2023-01-26 18:53:21,305 - root - INFO -  La pantalla ejecutada es TIPO DE COMPAÑIA
2023-01-26 18:53:21,305 - root - INFO -  Captura: C:\xampp\htdocs\Versiones\automatizaciones\AutoPWST\01TPC\report\img  screen：20230126_18_53_21.png
2023-01-26 18:53:32,129 - root - INFO -  Se presiona el boton 'Nuevo', para crear un nuevo registro.
2023-01-26 18:53:32,755 - root - INFO -  Se abrio la pantalla para el ingreso de un registro nuevo.
2023-01-26 18:53:32,814 - root - INFO -  El campo 'Codigo' si se encuentra visible.
2023-01-26 18:53:32,844 - root - INFO -  El campo 'Código Usuario' si se encuentra visible.
2023-01-26 18:53:32,884 - root - INFO -  El campo 'Descrición' si se encuentra visible.
2023-01-26 18:53:32,914 - root - INFO -  El campo 'Código Alternativo' si se encuentra visible.
2023-01-26 18:53:32,973 - root - INFO -  Ingresa el codigo del nuevo registro 
2023-01-26 18:53:33,050 - root - INFO -  Ingresa el codigo usuario del nuevo registro 
2023-01-26 18:53:33,125 - root - INFO -  Ingresa el codigo alternativo del nuevo registro 
2023-01-26 18:53:34,228 - root - INFO -  Captura: C:\xampp\htdocs\Versiones\automatizaciones\AutoPWST\01TPC\report\img  screen：20230126_18_53_34.png
2023-01-26 18:53:35,063 - root - INFO -  Ingresa la descripción del nuevo registro 
2023-01-26 18:53:35,124 - root - INFO -  Se da clic en el boton Guardar; se debe crear un nuevo registro.
2023-01-26 18:53:35,358 - root - INFO -  Se presiona el boton 'Refrescar', para crear un nuevo registro igual al anterior.
2023-01-26 18:53:35,485 - root - INFO -  Se presiona el boton 'Nuevo', para crear un nuevo registro igual al anterior.
2023-01-26 18:53:36,065 - root - INFO -  Se abrio la pantalla para el ingreso de un registro nuevo.
2023-01-26 18:53:36,105 - root - INFO -  El campo 'Codigo' si se encuentra visible.
2023-01-26 18:53:36,135 - root - INFO -  El campo 'Código Usuario' si se encuentra visible.
2023-01-26 18:53:36,172 - root - INFO -  El campo 'Descrición' si se encuentra visible.
2023-01-26 18:53:36,200 - root - INFO -  El campo 'Código Alternativo' si se encuentra visible.
2023-01-26 18:53:36,250 - root - INFO -  Ingresa el codigo del nuevo registro 
2023-01-26 18:53:36,335 - root - INFO -  Ingresa el codigo usuario del nuevo registro 
2023-01-26 18:53:36,401 - root - INFO -  Ingresa el codigo alternativo del nuevo registro 
2023-01-26 18:53:37,511 - root - INFO -  Captura: C:\xampp\htdocs\Versiones\automatizaciones\AutoPWST\01TPC\report\img  screen：20230126_18_53_37.png
2023-01-26 18:53:38,095 - root - INFO -  Ingresa la descripción del nuevo registro 
2023-01-26 18:53:38,153 - root - INFO -  Se da clic en el boton Guardar; se debe crear un nuevo registro.
2023-01-26 18:53:39,154 - root - INFO -  Captura: C:\xampp\htdocs\Versiones\automatizaciones\AutoPWST\01TPC\report\img  screen：20230126_18_53_39.png
2023-01-26 18:53:45,176 - root - INFO -  Se presiona el boton 'Cerrar', para cerrar el mensaje de duplicidad de llave primaria
2023-01-26 18:53:46,178 - root - INFO -  Captura: C:\xampp\htdocs\Versiones\automatizaciones\AutoPWST\01TPC\report\img  screen：20230126_18_53_46.png
2023-01-26 18:53:46,886 - root - INFO -  Se presiona el boton 'Cerrar', para cerrar el mensaje de duplicidad de llave primaria
2023-01-26 18:53:47,564 - root - INFO -  Se presiona el boton 'Cerrar', para cerrar la ventana
2023-01-26 18:53:47,707 - root - INFO -  Se presiona el boton 'Refrescar', para crear un nuevo registro igual al anterior.
2023-01-26 18:53:49,430 - root - INFO -  Se da clic en el registro creado, para proceder a modificarlo.
2023-01-26 18:53:50,092 - root - INFO -  Se modifica el contenido del campo Codigo Usuario
2023-01-26 18:53:50,190 - root - INFO -  Ingresa el codigo alternativo del nuevo registro 
2023-01-26 18:53:51,318 - root - INFO -  Captura: C:\xampp\htdocs\Versiones\automatizaciones\AutoPWST\01TPC\report\img  screen：20230126_18_53_51.png
2023-01-26 18:53:51,829 - root - INFO -  Se modifica el contenido del campo Descripcion
2023-01-26 18:53:51,891 - root - INFO -  Se da clic en el boton Guardar; se debe modificar la informacion del registro.
2023-01-26 18:53:52,068 - root - INFO -  Se presiona el boton 'Refrescar', para proceder a eliminar el registro.
2023-01-26 18:53:53,738 - root - INFO -  Se da clic en el registro creado, para proceder a eliminarlo.
2023-01-26 18:53:53,829 - root - INFO -  Se presiona el boton 'Eliminar', para eliminar el registro.
2023-01-26 18:53:54,839 - root - INFO -  Captura: C:\xampp\htdocs\Versiones\automatizaciones\AutoPWST\01TPC\report\img  screen：20230126_18_53_54.png
2023-01-26 18:53:55,425 - root - INFO -  Se confirma el eliminado del registro
2023-01-26 18:53:55,624 - root - INFO -  Se presiona el boton 'Refrescar', para crear un nuevo registro igual al anterior.
2023-01-26 18:53:55,729 - root - INFO -  Se presiona el boton 'Cerrar', para cerrar la pantalla de Categorias Fiscales.
2023-01-26 18:53:59,960 - root - INFO -  Se cierra chrome
