2022-09-14 14:36:48,690 - root - INFO -  Se abre el chrome
2022-09-14 14:36:49,815 - root - INFO -  Entra a la URL
2022-09-14 14:36:49,941 - root - ERROR - No se pudo encontrar el campo para ingresar el usuario, revise si el xpath sigue siendo el mismo, para mas detalles del error consulte el reporte
2022-09-14 14:36:49,942 - root - INFO -  Captura: C:\xampp\htdocs\Versiones\automatizaciones\AutoPWST\02TAR\report\img  screen：20220914_14_36_49.png
2022-09-14 14:36:49,965 - root - ERROR - No se pudo encontrar el botón para desplegar el menu completo, revise si el xpath sigue siendo el mismo, revise la accion anterior si el xpath es el correcto o el tiempo de la accion
2022-09-14 14:36:49,969 - root - INFO -  Captura: C:\xampp\htdocs\Versiones\automatizaciones\AutoPWST\02TAR\report\img  screen：20220914_14_36_49.png
2022-09-14 14:36:49,975 - root - ERROR - La pantalla ejecutada no es correcta, revise si el xpath sigue siendo el mismo, revise la accion anterior si el xpath es el correcto o el tiempo de la accion
2022-09-14 14:36:49,975 - root - INFO -  Captura: C:\xampp\htdocs\Versiones\automatizaciones\AutoPWST\02TAR\report\img  screen：20220914_14_36_49.png
2022-09-14 14:36:50,009 - root - ERROR - No se encontró el botón Refrescar, revise si el xpath sigue siendo el mismo, revise la accion anterior si el xpath es el correcto,el tiempo de la accion o si ya existe un registro ya creado igual
2022-09-14 14:36:50,009 - root - INFO -  Captura: C:\xampp\htdocs\Versiones\automatizaciones\AutoPWST\02TAR\report\img  screen：20220914_14_36_50.png
2022-09-14 14:36:50,079 - root - ERROR - No se encontró el botón Refrescar, revise si el xpath sigue siendo el mismo, revise la accion anterior si el xpath es el correcto o el tiempo de la accion
2022-09-14 14:36:50,090 - root - INFO -  Captura: C:\xampp\htdocs\Versiones\automatizaciones\AutoPWST\02TAR\report\img  screen：20220914_14_36_50.png
2022-09-14 14:36:50,128 - root - ERROR - No se encontró el botón Refrescar, revise si el xpath sigue siendo el mismo, revise la accion anterior si el xpath es el correcto o el tiempo de la accion
2022-09-14 14:36:50,129 - root - INFO -  Captura: C:\xampp\htdocs\Versiones\automatizaciones\AutoPWST\02TAR\report\img  screen：20220914_14_36_50.png
2022-09-14 14:45:17,882 - root - INFO -  Se abre el chrome
2022-09-14 14:45:19,368 - root - INFO -  Entra a la URL
2022-09-14 14:45:19,668 - root - INFO -  Maximiza la pantalla
2022-09-14 14:45:43,587 - root - ERROR - No se pudo encontrar el campo para ingresar el usuario, revise si el xpath sigue siendo el mismo, para mas detalles del error consulte el reporte
2022-09-14 14:45:43,589 - root - INFO -  Captura: C:\xampp\htdocs\Versiones\automatizaciones\AutoPWST\02TAR\report\img  screen：20220914_14_45_43.png
2022-09-14 14:46:04,495 - root - ERROR - No se pudo encontrar el botón para desplegar el menu completo, revise si el xpath sigue siendo el mismo, revise la accion anterior si el xpath es el correcto o el tiempo de la accion
2022-09-14 14:46:04,496 - root - INFO -  Captura: C:\xampp\htdocs\Versiones\automatizaciones\AutoPWST\02TAR\report\img  screen：20220914_14_46_04.png
2022-09-14 14:46:25,392 - root - ERROR - La pantalla ejecutada no es correcta, revise si el xpath sigue siendo el mismo, revise la accion anterior si el xpath es el correcto o el tiempo de la accion
2022-09-14 14:46:25,393 - root - INFO -  Captura: C:\xampp\htdocs\Versiones\automatizaciones\AutoPWST\02TAR\report\img  screen：20220914_14_46_25.png
2022-09-14 14:46:46,316 - root - ERROR - No se encontró el botón Refrescar, revise si el xpath sigue siendo el mismo, revise la accion anterior si el xpath es el correcto,el tiempo de la accion o si ya existe un registro ya creado igual
2022-09-14 14:46:46,317 - root - INFO -  Captura: C:\xampp\htdocs\Versiones\automatizaciones\AutoPWST\02TAR\report\img  screen：20220914_14_46_46.png
2022-09-14 14:47:07,227 - root - ERROR - No se encontró el botón Refrescar, revise si el xpath sigue siendo el mismo, revise la accion anterior si el xpath es el correcto o el tiempo de la accion
2022-09-14 14:47:07,228 - root - INFO -  Captura: C:\xampp\htdocs\Versiones\automatizaciones\AutoPWST\02TAR\report\img  screen：20220914_14_47_07.png
2022-09-14 14:47:28,148 - root - ERROR - No se encontró el botón Refrescar, revise si el xpath sigue siendo el mismo, revise la accion anterior si el xpath es el correcto o el tiempo de la accion
2022-09-14 14:47:28,149 - root - INFO -  Captura: C:\xampp\htdocs\Versiones\automatizaciones\AutoPWST\02TAR\report\img  screen：20220914_14_47_28.png
