2022-12-21 11:21:13,873 - root - INFO -  Se abre el chrome
2022-12-21 11:21:14,995 - root - INFO -  Entra a la URL
2022-12-21 11:21:15,129 - root - INFO -  Maximiza la pantalla
2022-12-21 11:21:18,351 - root - INFO -  Escribe el usuario
2022-12-21 11:21:18,477 - root - INFO -  Escribe la contraseña
2022-12-21 11:21:18,587 - root - INFO -  Se dio clic en el boton ingresar
2022-12-21 11:21:19,370 - root - INFO -  Ejecutar Enterprise
2022-12-21 11:21:23,421 - root - INFO -  Cambia entre pestañas
2022-12-21 11:22:16,747 - root - ERROR - No se pudo encontrar el botón para desplegar el menu completo, revise si el xpath sigue siendo el mismo, revise la accion anterior si el xpath es el correcto o el tiempo de la accion
2022-12-21 11:22:16,752 - root - INFO -  Captura: C:\xampp\htdocs\Versiones\automatizaciones\AutoPWST\02TAR\report\img  screen：20221221_11_22_16.png
2022-12-21 11:22:16,784 - root - ERROR - La pantalla ejecutada no es correcta, revise si el xpath sigue siendo el mismo, revise la accion anterior si el xpath es el correcto o el tiempo de la accion
2022-12-21 11:22:16,784 - root - INFO -  Captura: C:\xampp\htdocs\Versiones\automatizaciones\AutoPWST\02TAR\report\img  screen：20221221_11_22_16.png
2022-12-21 11:22:16,794 - root - ERROR - No se encontró el botón Refrescar, revise si el xpath sigue siendo el mismo, revise la accion anterior si el xpath es el correcto,el tiempo de la accion o si ya existe un registro ya creado igual
2022-12-21 11:22:16,795 - root - INFO -  Captura: C:\xampp\htdocs\Versiones\automatizaciones\AutoPWST\02TAR\report\img  screen：20221221_11_22_16.png
2022-12-21 11:22:16,803 - root - ERROR - No se encontró el botón Refrescar, revise si el xpath sigue siendo el mismo, revise la accion anterior si el xpath es el correcto o el tiempo de la accion
2022-12-21 11:22:16,804 - root - INFO -  Captura: C:\xampp\htdocs\Versiones\automatizaciones\AutoPWST\02TAR\report\img  screen：20221221_11_22_16.png
2022-12-21 11:22:16,812 - root - ERROR - No se encontró el botón Refrescar, revise si el xpath sigue siendo el mismo, revise la accion anterior si el xpath es el correcto o el tiempo de la accion
2022-12-21 11:22:16,813 - root - INFO -  Captura: C:\xampp\htdocs\Versiones\automatizaciones\AutoPWST\02TAR\report\img  screen：20221221_11_22_16.png
2022-12-21 11:48:02,235 - root - INFO -  Se abre el chrome
2022-12-21 11:48:03,502 - root - INFO -  Entra a la URL
2022-12-21 11:48:03,640 - root - INFO -  Maximiza la pantalla
2022-12-21 11:48:06,767 - root - INFO -  Escribe el usuario
2022-12-21 11:48:06,987 - root - INFO -  Escribe la contraseña
2022-12-21 11:48:07,142 - root - INFO -  Se dio clic en el boton ingresar
2022-12-21 11:48:08,102 - root - INFO -  Ejecutar Enterprise
2022-12-21 11:48:12,155 - root - INFO -  Cambia entre pestañas
2022-12-21 11:48:52,190 - root - ERROR - No se pudo encontrar el botón para desplegar el menu completo, revise si el xpath sigue siendo el mismo, revise la accion anterior si el xpath es el correcto o el tiempo de la accion
2022-12-21 11:48:52,191 - root - INFO -  Captura: C:\xampp\htdocs\Versiones\automatizaciones\AutoPWST\02TAR\report\img  screen：20221221_11_48_52.png
2022-12-21 11:48:52,278 - root - ERROR - La pantalla ejecutada no es correcta, revise si el xpath sigue siendo el mismo, revise la accion anterior si el xpath es el correcto o el tiempo de la accion
2022-12-21 11:48:52,280 - root - INFO -  Captura: C:\xampp\htdocs\Versiones\automatizaciones\AutoPWST\02TAR\report\img  screen：20221221_11_48_52.png
2022-12-21 11:48:52,314 - root - ERROR - No se encontró el botón Refrescar, revise si el xpath sigue siendo el mismo, revise la accion anterior si el xpath es el correcto,el tiempo de la accion o si ya existe un registro ya creado igual
2022-12-21 11:48:52,315 - root - INFO -  Captura: C:\xampp\htdocs\Versiones\automatizaciones\AutoPWST\02TAR\report\img  screen：20221221_11_48_52.png
2022-12-21 11:48:52,330 - root - ERROR - No se encontró el botón Refrescar, revise si el xpath sigue siendo el mismo, revise la accion anterior si el xpath es el correcto o el tiempo de la accion
2022-12-21 11:48:52,331 - root - INFO -  Captura: C:\xampp\htdocs\Versiones\automatizaciones\AutoPWST\02TAR\report\img  screen：20221221_11_48_52.png
2022-12-21 11:48:52,347 - root - ERROR - No se encontró el botón Refrescar, revise si el xpath sigue siendo el mismo, revise la accion anterior si el xpath es el correcto o el tiempo de la accion
2022-12-21 11:48:52,349 - root - INFO -  Captura: C:\xampp\htdocs\Versiones\automatizaciones\AutoPWST\02TAR\report\img  screen：20221221_11_48_52.png
2022-12-21 11:51:12,117 - root - INFO -  Se abre el chrome
2022-12-21 11:51:13,361 - root - INFO -  Entra a la URL
2022-12-21 11:51:13,497 - root - INFO -  Maximiza la pantalla
2022-12-21 11:51:16,630 - root - INFO -  Escribe el usuario
2022-12-21 11:51:16,766 - root - INFO -  Escribe la contraseña
2022-12-21 11:51:16,882 - root - INFO -  Se dio clic en el boton ingresar
2022-12-21 11:51:17,673 - root - INFO -  Ejecutar Enterprise
2022-12-21 11:51:21,727 - root - INFO -  Cambia entre pestañas
2022-12-21 11:51:30,078 - root - INFO -  Abre la pantalla de Tareas Relevamiento Fotográfico
2022-12-21 11:51:30,695 - root - INFO -  La pantalla ejecutada es TAREAS DE RELEVAMIENTO FOTOGRÁFICO
2022-12-21 11:51:30,696 - root - INFO -  Captura: C:\xampp\htdocs\Versiones\automatizaciones\AutoPWST\02TAR\report\img  screen：20221221_11_51_30.png
2022-12-21 11:51:31,027 - root - INFO -  Se presiona el boton 'Nuevo', para crear un nuevo registro.
2022-12-21 11:51:31,658 - root - ERROR - La pantalla ejecutada no es correcta, revise si el xpath sigue siendo el mismo, revise la accion anterior si el xpath es el correcto o el tiempo de la accion
2022-12-21 11:51:31,659 - root - INFO -  Captura: C:\xampp\htdocs\Versiones\automatizaciones\AutoPWST\02TAR\report\img  screen：20221221_11_51_31.png
2022-12-21 11:51:32,950 - root - ERROR - No se encontró el botón Refrescar, revise si el xpath sigue siendo el mismo, revise la accion anterior si el xpath es el correcto,el tiempo de la accion o si ya existe un registro ya creado igual
2022-12-21 11:51:32,951 - root - INFO -  Captura: C:\xampp\htdocs\Versiones\automatizaciones\AutoPWST\02TAR\report\img  screen：20221221_11_51_32.png
2022-12-21 11:51:34,185 - root - ERROR - No se encontró el botón Refrescar, revise si el xpath sigue siendo el mismo, revise la accion anterior si el xpath es el correcto o el tiempo de la accion
2022-12-21 11:51:34,188 - root - INFO -  Captura: C:\xampp\htdocs\Versiones\automatizaciones\AutoPWST\02TAR\report\img  screen：20221221_11_51_34.png
2022-12-21 11:51:35,476 - root - ERROR - No se encontró el botón Refrescar, revise si el xpath sigue siendo el mismo, revise la accion anterior si el xpath es el correcto o el tiempo de la accion
2022-12-21 11:51:35,478 - root - INFO -  Captura: C:\xampp\htdocs\Versiones\automatizaciones\AutoPWST\02TAR\report\img  screen：20221221_11_51_35.png
2022-12-21 11:51:40,089 - root - INFO -  Se cierra chrome
2022-12-21 11:55:47,874 - root - INFO -  Se abre el chrome
2022-12-21 11:55:49,069 - root - INFO -  Entra a la URL
2022-12-21 11:55:49,204 - root - INFO -  Maximiza la pantalla
2022-12-21 11:55:52,330 - root - INFO -  Escribe el usuario
2022-12-21 11:55:52,479 - root - INFO -  Escribe la contraseña
2022-12-21 11:55:52,589 - root - INFO -  Se dio clic en el boton ingresar
2022-12-21 11:55:53,380 - root - INFO -  Ejecutar Enterprise
2022-12-21 11:55:57,435 - root - INFO -  Cambia entre pestañas
2022-12-21 11:56:06,531 - root - INFO -  Abre la pantalla de Tareas Relevamiento Fotográfico
2022-12-21 11:56:07,124 - root - INFO -  La pantalla ejecutada es TAREAS DE RELEVAMIENTO FOTOGRÁFICO
2022-12-21 11:56:07,124 - root - INFO -  Captura: C:\xampp\htdocs\Versiones\automatizaciones\AutoPWST\02TAR\report\img  screen：20221221_11_56_07.png
2022-12-21 11:56:07,438 - root - INFO -  Se presiona el boton 'Nuevo', para crear un nuevo registro.
2022-12-21 11:56:08,072 - root - ERROR - La pantalla ejecutada no es correcta, revise si el xpath sigue siendo el mismo, revise la accion anterior si el xpath es el correcto o el tiempo de la accion
2022-12-21 11:56:08,074 - root - INFO -  Captura: C:\xampp\htdocs\Versiones\automatizaciones\AutoPWST\02TAR\report\img  screen：20221221_11_56_08.png
2022-12-21 11:56:09,304 - root - ERROR - No se encontró el botón Refrescar, revise si el xpath sigue siendo el mismo, revise la accion anterior si el xpath es el correcto,el tiempo de la accion o si ya existe un registro ya creado igual
2022-12-21 11:56:09,305 - root - INFO -  Captura: C:\xampp\htdocs\Versiones\automatizaciones\AutoPWST\02TAR\report\img  screen：20221221_11_56_09.png
2022-12-21 11:56:10,543 - root - ERROR - No se encontró el botón Refrescar, revise si el xpath sigue siendo el mismo, revise la accion anterior si el xpath es el correcto o el tiempo de la accion
2022-12-21 11:56:10,544 - root - INFO -  Captura: C:\xampp\htdocs\Versiones\automatizaciones\AutoPWST\02TAR\report\img  screen：20221221_11_56_10.png
2022-12-21 11:56:11,819 - root - ERROR - No se encontró el botón Refrescar, revise si el xpath sigue siendo el mismo, revise la accion anterior si el xpath es el correcto o el tiempo de la accion
2022-12-21 11:56:11,822 - root - INFO -  Captura: C:\xampp\htdocs\Versiones\automatizaciones\AutoPWST\02TAR\report\img  screen：20221221_11_56_11.png
2022-12-21 11:56:16,433 - root - INFO -  Se cierra chrome
