2022-12-21 14:24:17,046 - root - INFO -  Se abre el chrome
2022-12-21 14:24:18,152 - root - INFO -  Entra a la URL
2022-12-21 14:24:18,322 - root - INFO -  Maximiza la pantalla
2022-12-21 14:24:21,469 - root - INFO -  Escribe el usuario
2022-12-21 14:24:21,630 - root - INFO -  Escribe la contraseña
2022-12-21 14:24:21,760 - root - INFO -  Se dio clic en el boton ingresar
2022-12-21 14:24:22,607 - root - INFO -  Ejecutar Enterprise
2022-12-21 14:24:26,678 - root - INFO -  Cambia entre pestañas
2022-12-21 14:24:37,192 - root - INFO -  Se cierra chrome
2022-12-21 14:27:07,545 - root - INFO -  Se abre el chrome
2022-12-21 14:27:08,681 - root - INFO -  Entra a la URL
2022-12-21 14:27:08,830 - root - INFO -  Maximiza la pantalla
2022-12-21 14:27:11,979 - root - INFO -  Escribe el usuario
2022-12-21 14:27:12,147 - root - INFO -  Escribe la contraseña
2022-12-21 14:27:12,283 - root - INFO -  Se dio clic en el boton ingresar
2022-12-21 14:27:13,097 - root - INFO -  Ejecutar Enterprise
2022-12-21 14:27:17,180 - root - INFO -  Cambia entre pestañas
2022-12-21 14:28:23,861 - root - ERROR - La pantalla ejecutada no es correcta, revise si el xpath sigue siendo el mismo, revise la accion anterior si el xpath es el correcto o el tiempo de la accion
2022-12-21 14:28:23,863 - root - INFO -  Captura: C:\xampp\htdocs\Versiones\automatizaciones\AutoPWST\02TAR\report\img  screen：20221221_14_28_23.png
2022-12-21 14:28:28,575 - root - INFO -  Se cierra chrome
2022-12-21 14:28:28,577 - root - ERROR - La pantalla anterior fallo por lo que esta no funcionara, para mas detalles del error consulte el reporte
2022-12-21 14:28:28,579 - root - ERROR - La pantalla anterior fallo por lo que esta no funcionara, para mas detalles del error consulte el reporte
2022-12-21 14:28:28,581 - root - ERROR - La pantalla anterior fallo por lo que esta no funcionara, para mas detalles del error consulte el reporte
2022-12-21 14:29:11,405 - root - INFO -  Se abre el chrome
2022-12-21 14:29:12,577 - root - INFO -  Entra a la URL
2022-12-21 14:29:12,734 - root - INFO -  Maximiza la pantalla
2022-12-21 14:29:16,032 - root - INFO -  Escribe el usuario
2022-12-21 14:29:16,172 - root - INFO -  Escribe la contraseña
2022-12-21 14:29:16,299 - root - INFO -  Se dio clic en el boton ingresar
2022-12-21 14:29:17,121 - root - INFO -  Ejecutar Enterprise
2022-12-21 14:29:21,189 - root - INFO -  Cambia entre pestañas
2022-12-21 14:29:30,647 - root - INFO -  Abre la pantalla de Tareas Relevamiento Fotográfico
2022-12-21 14:29:31,272 - root - INFO -  La pantalla ejecutada es TAREAS DE RELEVAMIENTO FOTOGRÁFICO
2022-12-21 14:29:31,273 - root - INFO -  Captura: C:\xampp\htdocs\Versiones\automatizaciones\AutoPWST\02TAR\report\img  screen：20221221_14_29_31.png
2022-12-21 14:29:31,583 - root - INFO -  Se presiona el boton 'Nuevo', para crear un nuevo registro.
2022-12-21 14:29:32,151 - root - ERROR - La pantalla ejecutada no es correcta, revise si el xpath sigue siendo el mismo, revise la accion anterior si el xpath es el correcto o el tiempo de la accion
2022-12-21 14:29:32,152 - root - INFO -  Captura: C:\xampp\htdocs\Versiones\automatizaciones\AutoPWST\02TAR\report\img  screen：20221221_14_29_32.png
2022-12-21 14:29:36,849 - root - INFO -  Se cierra chrome
2022-12-21 14:29:36,851 - root - ERROR - La pantalla anterior fallo por lo que esta no funcionara, para mas detalles del error consulte el reporte
2022-12-21 14:29:36,852 - root - ERROR - La pantalla anterior fallo por lo que esta no funcionara, para mas detalles del error consulte el reporte
2022-12-21 14:29:36,854 - root - ERROR - La pantalla anterior fallo por lo que esta no funcionara, para mas detalles del error consulte el reporte
2022-12-21 14:33:00,040 - root - INFO -  Se abre el chrome
2022-12-21 14:33:01,261 - root - INFO -  Entra a la URL
2022-12-21 14:33:01,410 - root - INFO -  Maximiza la pantalla
2022-12-21 14:33:04,550 - root - INFO -  Escribe el usuario
2022-12-21 14:33:04,705 - root - INFO -  Escribe la contraseña
2022-12-21 14:33:04,833 - root - INFO -  Se dio clic en el boton ingresar
2022-12-21 14:33:05,650 - root - INFO -  Ejecutar Enterprise
2022-12-21 14:33:09,718 - root - INFO -  Cambia entre pestañas
2022-12-21 14:33:18,906 - root - INFO -  Abre la pantalla de Tareas Relevamiento Fotográfico
2022-12-21 14:33:19,480 - root - INFO -  La pantalla ejecutada es TAREAS DE RELEVAMIENTO FOTOGRÁFICO
2022-12-21 14:33:19,481 - root - INFO -  Captura: C:\xampp\htdocs\Versiones\automatizaciones\AutoPWST\02TAR\report\img  screen：20221221_14_33_19.png
2022-12-21 14:33:19,802 - root - INFO -  Se presiona el boton 'Nuevo', para crear un nuevo registro.
2022-12-21 14:33:20,410 - root - ERROR - La pantalla ejecutada no es correcta, revise si el xpath sigue siendo el mismo, revise la accion anterior si el xpath es el correcto o el tiempo de la accion
2022-12-21 14:33:20,411 - root - INFO -  Captura: C:\xampp\htdocs\Versiones\automatizaciones\AutoPWST\02TAR\report\img  screen：20221221_14_33_20.png
2022-12-21 14:33:25,130 - root - INFO -  Se cierra chrome
2022-12-21 14:33:25,132 - root - ERROR - La pantalla anterior fallo por lo que esta no funcionara, para mas detalles del error consulte el reporte
2022-12-21 14:33:25,134 - root - ERROR - La pantalla anterior fallo por lo que esta no funcionara, para mas detalles del error consulte el reporte
2022-12-21 14:33:25,137 - root - ERROR - La pantalla anterior fallo por lo que esta no funcionara, para mas detalles del error consulte el reporte
2022-12-21 14:37:28,914 - root - INFO -  Se abre el chrome
2022-12-21 14:37:30,045 - root - INFO -  Entra a la URL
2022-12-21 14:37:30,193 - root - INFO -  Maximiza la pantalla
2022-12-21 14:37:33,342 - root - INFO -  Escribe el usuario
2022-12-21 14:37:33,495 - root - INFO -  Escribe la contraseña
2022-12-21 14:37:33,623 - root - INFO -  Se dio clic en el boton ingresar
2022-12-21 14:37:34,948 - root - INFO -  Ejecutar Enterprise
2022-12-21 14:37:39,009 - root - INFO -  Cambia entre pestañas
2022-12-21 14:37:53,685 - root - INFO -  Abre la pantalla de Tareas Relevamiento Fotográfico
2022-12-21 14:37:54,252 - root - INFO -  La pantalla ejecutada es TAREAS DE RELEVAMIENTO FOTOGRÁFICO
2022-12-21 14:37:54,252 - root - INFO -  Captura: C:\xampp\htdocs\Versiones\automatizaciones\AutoPWST\02TAR\report\img  screen：20221221_14_37_54.png
2022-12-21 14:37:54,482 - root - INFO -  Se presiona el boton 'Nuevo', para crear un nuevo registro.
2022-12-21 14:37:57,534 - root - ERROR - La pantalla ejecutada no es correcta, revise si el xpath sigue siendo el mismo, revise la accion anterior si el xpath es el correcto o el tiempo de la accion
2022-12-21 14:37:57,535 - root - INFO -  Captura: C:\xampp\htdocs\Versiones\automatizaciones\AutoPWST\02TAR\report\img  screen：20221221_14_37_57.png
2022-12-21 14:38:02,239 - root - INFO -  Se cierra chrome
2022-12-21 14:38:02,240 - root - ERROR - La pantalla anterior fallo por lo que esta no funcionara, para mas detalles del error consulte el reporte
2022-12-21 14:38:02,241 - root - ERROR - La pantalla anterior fallo por lo que esta no funcionara, para mas detalles del error consulte el reporte
2022-12-21 14:38:02,243 - root - ERROR - La pantalla anterior fallo por lo que esta no funcionara, para mas detalles del error consulte el reporte
