2022-12-21 13:37:01,727 - root - INFO -  Se abre el chrome
2022-12-21 13:37:03,000 - root - INFO -  Entra a la URL
2022-12-21 13:37:03,151 - root - INFO -  Maximiza la pantalla
2022-12-21 13:37:06,312 - root - INFO -  Escribe el usuario
2022-12-21 13:37:06,470 - root - INFO -  Escribe la contraseña
2022-12-21 13:37:06,600 - root - INFO -  Se dio clic en el boton ingresar
2022-12-21 13:37:07,425 - root - INFO -  Ejecutar Enterprise
2022-12-21 13:37:11,486 - root - INFO -  Cambia entre pestañas
2022-12-21 13:37:15,961 - root - INFO -  Abre la pantalla de Tareas Relevamiento Fotográfico
2022-12-21 13:37:16,541 - root - INFO -  La pantalla ejecutada es TAREAS DE RELEVAMIENTO FOTOGRÁFICO
2022-12-21 13:37:16,543 - root - INFO -  Captura: C:\xampp\htdocs\Versiones\automatizaciones\AutoPWST\02TAR\report\img  screen：20221221_13_37_16.png
2022-12-21 13:37:16,811 - root - INFO -  Se presiona el boton 'Nuevo', para crear un nuevo registro.
2022-12-21 13:37:17,412 - root - ERROR - La pantalla ejecutada no es correcta, revise si el xpath sigue siendo el mismo, revise la accion anterior si el xpath es el correcto o el tiempo de la accion
2022-12-21 13:37:17,413 - root - INFO -  Captura: C:\xampp\htdocs\Versiones\automatizaciones\AutoPWST\02TAR\report\img  screen：20221221_13_37_17.png
2022-12-21 13:37:18,813 - root - ERROR - No se encontró el botón Refrescar, revise si el xpath sigue siendo el mismo, revise la accion anterior si el xpath es el correcto,el tiempo de la accion o si ya existe un registro ya creado igual
2022-12-21 13:37:18,814 - root - INFO -  Captura: C:\xampp\htdocs\Versiones\automatizaciones\AutoPWST\02TAR\report\img  screen：20221221_13_37_18.png
2022-12-21 13:37:20,036 - root - ERROR - No se encontró el botón Refrescar, revise si el xpath sigue siendo el mismo, revise la accion anterior si el xpath es el correcto o el tiempo de la accion
2022-12-21 13:37:20,037 - root - INFO -  Captura: C:\xampp\htdocs\Versiones\automatizaciones\AutoPWST\02TAR\report\img  screen：20221221_13_37_20.png
2022-12-21 13:37:21,256 - root - ERROR - No se encontró el botón Refrescar, revise si el xpath sigue siendo el mismo, revise la accion anterior si el xpath es el correcto o el tiempo de la accion
2022-12-21 13:37:21,257 - root - INFO -  Captura: C:\xampp\htdocs\Versiones\automatizaciones\AutoPWST\02TAR\report\img  screen：20221221_13_37_21.png
2022-12-21 13:37:25,869 - root - INFO -  Se cierra chrome
2022-12-21 13:47:59,134 - root - INFO -  Se abre el chrome
2022-12-21 13:48:00,251 - root - INFO -  Entra a la URL
2022-12-21 13:48:00,399 - root - INFO -  Maximiza la pantalla
2022-12-21 13:48:03,541 - root - INFO -  Escribe el usuario
2022-12-21 13:48:03,676 - root - INFO -  Escribe la contraseña
2022-12-21 13:48:03,790 - root - INFO -  Se dio clic en el boton ingresar
2022-12-21 13:48:04,584 - root - INFO -  Ejecutar Enterprise
2022-12-21 13:48:08,639 - root - INFO -  Cambia entre pestañas
2022-12-21 13:48:13,030 - root - INFO -  Abre la pantalla de Tareas Relevamiento Fotográfico
2022-12-21 13:48:13,760 - root - INFO -  La pantalla ejecutada es TAREAS DE RELEVAMIENTO FOTOGRÁFICO
2022-12-21 13:48:13,761 - root - INFO -  Captura: C:\xampp\htdocs\Versiones\automatizaciones\AutoPWST\02TAR\report\img  screen：20221221_13_48_13.png
2022-12-21 13:48:14,060 - root - INFO -  Se presiona el boton 'Nuevo', para crear un nuevo registro.
2022-12-21 13:48:14,654 - root - ERROR - La pantalla ejecutada no es correcta, revise si el xpath sigue siendo el mismo, revise la accion anterior si el xpath es el correcto o el tiempo de la accion
2022-12-21 13:48:14,655 - root - INFO -  Captura: C:\xampp\htdocs\Versiones\automatizaciones\AutoPWST\02TAR\report\img  screen：20221221_13_48_14.png
2022-12-21 13:48:15,970 - root - ERROR - No se encontró el botón Refrescar, revise si el xpath sigue siendo el mismo, revise la accion anterior si el xpath es el correcto,el tiempo de la accion o si ya existe un registro ya creado igual
2022-12-21 13:48:15,970 - root - INFO -  Captura: C:\xampp\htdocs\Versiones\automatizaciones\AutoPWST\02TAR\report\img  screen：20221221_13_48_15.png
2022-12-21 13:48:17,196 - root - ERROR - No se encontró el botón Refrescar, revise si el xpath sigue siendo el mismo, revise la accion anterior si el xpath es el correcto o el tiempo de la accion
2022-12-21 13:48:17,197 - root - INFO -  Captura: C:\xampp\htdocs\Versiones\automatizaciones\AutoPWST\02TAR\report\img  screen：20221221_13_48_17.png
2022-12-21 13:48:18,403 - root - ERROR - No se encontró el botón Refrescar, revise si el xpath sigue siendo el mismo, revise la accion anterior si el xpath es el correcto o el tiempo de la accion
2022-12-21 13:48:18,403 - root - INFO -  Captura: C:\xampp\htdocs\Versiones\automatizaciones\AutoPWST\02TAR\report\img  screen：20221221_13_48_18.png
2022-12-21 13:48:23,010 - root - INFO -  Se cierra chrome
2022-12-21 13:50:26,692 - root - INFO -  Se abre el chrome
2022-12-21 13:50:27,854 - root - INFO -  Entra a la URL
2022-12-21 13:50:27,991 - root - INFO -  Maximiza la pantalla
2022-12-21 13:50:31,119 - root - INFO -  Escribe el usuario
2022-12-21 13:50:31,251 - root - INFO -  Escribe la contraseña
2022-12-21 13:50:31,361 - root - INFO -  Se dio clic en el boton ingresar
2022-12-21 13:50:32,142 - root - INFO -  Ejecutar Enterprise
2022-12-21 13:50:36,197 - root - INFO -  Cambia entre pestañas
2022-12-21 13:50:44,768 - root - INFO -  Abre la pantalla de Tareas Relevamiento Fotográfico
2022-12-21 13:50:45,329 - root - INFO -  La pantalla ejecutada es TAREAS DE RELEVAMIENTO FOTOGRÁFICO
2022-12-21 13:50:45,330 - root - INFO -  Captura: C:\xampp\htdocs\Versiones\automatizaciones\AutoPWST\02TAR\report\img  screen：20221221_13_50_45.png
2022-12-21 13:50:45,569 - root - INFO -  Se presiona el boton 'Nuevo', para crear un nuevo registro.
2022-12-21 13:50:46,178 - root - ERROR - La pantalla ejecutada no es correcta, revise si el xpath sigue siendo el mismo, revise la accion anterior si el xpath es el correcto o el tiempo de la accion
2022-12-21 13:50:46,179 - root - INFO -  Captura: C:\xampp\htdocs\Versiones\automatizaciones\AutoPWST\02TAR\report\img  screen：20221221_13_50_46.png
2022-12-21 13:50:47,493 - root - ERROR - No se encontró el botón Refrescar, revise si el xpath sigue siendo el mismo, revise la accion anterior si el xpath es el correcto,el tiempo de la accion o si ya existe un registro ya creado igual
2022-12-21 13:50:47,493 - root - INFO -  Captura: C:\xampp\htdocs\Versiones\automatizaciones\AutoPWST\02TAR\report\img  screen：20221221_13_50_47.png
2022-12-21 13:50:48,728 - root - ERROR - No se encontró el botón Refrescar, revise si el xpath sigue siendo el mismo, revise la accion anterior si el xpath es el correcto o el tiempo de la accion
2022-12-21 13:50:48,728 - root - INFO -  Captura: C:\xampp\htdocs\Versiones\automatizaciones\AutoPWST\02TAR\report\img  screen：20221221_13_50_48.png
2022-12-21 13:50:49,994 - root - ERROR - No se encontró el botón Refrescar, revise si el xpath sigue siendo el mismo, revise la accion anterior si el xpath es el correcto o el tiempo de la accion
2022-12-21 13:50:49,994 - root - INFO -  Captura: C:\xampp\htdocs\Versiones\automatizaciones\AutoPWST\02TAR\report\img  screen：20221221_13_50_49.png
2022-12-21 13:50:54,590 - root - INFO -  Se cierra chrome
