2023-06-20 13:19:11,117 - root - INFO -  Se abre el chrome
2023-06-20 13:19:12,224 - root - INFO -  Entra a la URL
2023-06-20 13:19:12,341 - root - INFO -  Maximiza la pantalla
2023-06-20 13:19:15,429 - root - INFO -  Escribe el usuario
2023-06-20 13:19:15,543 - root - INFO -  Escribe la contraseña
2023-06-20 13:19:15,629 - root - INFO -  Se dio clic en el boton ingresar
2023-06-20 13:19:17,358 - root - INFO -  Ejecutar Enterprise
2023-06-20 13:19:21,404 - root - INFO -  Cambia entre pestañas
2023-06-20 13:19:33,089 - root - INFO -  Abre la pantalla de Tareas Relevamiento Fotográfico
2023-06-20 13:19:33,653 - root - INFO -  La pantalla ejecutada es TAREAS DE RELEVAMIENTO FOTOGRÁFICO
2023-06-20 13:19:33,654 - root - INFO -  Captura: C:\xampp\htdocs\versiones\automatizaciones\AutoPWST\02TAR\report\img  screen：20230620_13_19_33.png
2023-06-20 13:19:44,006 - root - INFO -  Se presiona el boton 'Nuevo', para crear un nuevo registro.
2023-06-20 13:19:44,559 - root - INFO -  Se abrio la pantalla para el ingreso de un registro nuevo.
2023-06-20 13:19:44,588 - root - INFO -  El campo 'Codigo' si se encuentra visible.
2023-06-20 13:19:44,620 - root - INFO -  El campo 'Codigo alternativo' si se encuentra visible.
2023-06-20 13:19:44,652 - root - INFO -  El campo 'Descrición' si se encuentra visible.
2023-06-20 13:19:44,695 - root - INFO -  El campo 'Texto' si se encuentra visible.
2023-06-20 13:19:44,726 - root - INFO -  El campo 'Tipo de Relevamiento' si se encuentra visible.
2023-06-20 13:19:44,757 - root - INFO -  El campo 'Frecuencia' si se encuentra visible.
2023-06-20 13:19:44,789 - root - INFO -  El campo 'Modo selección clientes' si se encuentra visible.
2023-06-20 13:19:44,817 - root - INFO -  El campo 'Cantidad Máxima de Fotos' si se encuentra visible.
2023-06-20 13:19:44,874 - root - INFO -  Ingresa el codigo del nuevo registro 
2023-06-20 13:19:44,971 - root - INFO -  Ingresa el codigo alternativo del nuevo registro 
2023-06-20 13:19:45,089 - root - INFO -  Ingresa la descripción del nuevo registro 
2023-06-20 13:19:47,942 - root - INFO - Se dió click en el checkbox Activa.
2023-06-20 13:19:49,021 - root - INFO - Ingresa el codigo factor del nuevo registro 
2023-06-20 13:19:49,021 - root - INFO -  Captura: C:\xampp\htdocs\versiones\automatizaciones\AutoPWST\02TAR\report\img  screen：20230620_13_19_49.png
2023-06-20 13:19:49,191 - root - INFO - Se hace el cambio de pestaña para continuar con el registro nuevo
2023-06-20 13:19:49,764 - root - INFO - Se presiona el boton 'Nuevo', para crear un nuevo registro.
2023-06-20 13:19:51,465 - root - INFO - Se presiona el boton 'Guardar', para guardar el registro.
2023-06-20 13:19:51,696 - root - INFO -  Se da clic en el boton Guardar; se debe crear un nuevo registro.
2023-06-20 13:19:51,959 - root - INFO -  Se presiona el boton 'Refrescar', para crear un nuevo registro igual al anterior.
2023-06-20 13:19:54,012 - root - INFO -  Se presiona el boton 'Nuevo', para crear un nuevo registro igual al anterior.
2023-06-20 13:19:54,574 - root - INFO -  Ingresa el codigo del nuevo registro 
2023-06-20 13:19:54,671 - root - INFO -  Ingresa el codigo alternativo del nuevo registro 
2023-06-20 13:19:54,784 - root - INFO -  Ingresa la descripción del nuevo registro 
2023-06-20 13:19:57,408 - root - INFO -  Se dió click en el checkbox Activa.
2023-06-20 13:19:57,523 - root - INFO -  Ingresa el codigo del nuevo registro 
2023-06-20 13:19:58,525 - root - INFO -  Captura: C:\xampp\htdocs\versiones\automatizaciones\AutoPWST\02TAR\report\img  screen：20230620_13_19_58.png
2023-06-20 13:19:58,688 - root - INFO -  Se da clic en el boton Guardar; se debe crear un nuevo registro.
2023-06-20 13:19:59,690 - root - INFO -  Captura: C:\xampp\htdocs\versiones\automatizaciones\AutoPWST\02TAR\report\img  screen：20230620_13_19_59.png
2023-06-20 13:20:05,054 - root - INFO -  Se presiona el boton 'Cerrar', para cerrar el mensaje de duplicidad de llave primaria
2023-06-20 13:20:06,054 - root - INFO -  Captura: C:\xampp\htdocs\versiones\automatizaciones\AutoPWST\02TAR\report\img  screen：20230620_13_20_06.png
2023-06-20 13:20:06,246 - root - INFO -  Se presiona el boton 'Cerrar', para cerrar el mensaje de duplicidad de llave primaria
2023-06-20 13:20:06,872 - root - INFO -  Se presiona el boton 'Cerrar', para cerrar la ventana
2023-06-20 13:20:07,018 - root - INFO -  Se presiona el boton 'Refrescar', para crear un nuevo registro igual al anterior.
2023-06-20 13:20:10,617 - root - INFO -  Se da clic en el registro creado, para proceder a modificarlo.
2023-06-20 13:20:11,318 - root - INFO -  Ingresa el codigo alternativo del nuevo registro 
2023-06-20 13:20:11,498 - root - INFO -  Ingresa la descripcion del nuevo registro 
2023-06-20 13:20:11,547 - root - INFO -  Ingresa el relevamiento del nuevo registro 
2023-06-20 13:20:11,917 - root - INFO -  Ingresa la frecuencia del nuevo registro 
2023-06-20 13:20:12,271 - root - INFO -  Ingresa seleccion clientes del nuevo registro 
2023-06-20 13:20:13,995 - root - INFO -  Ingresa el codigo factor del nuevo registro 
2023-06-20 13:20:14,048 - root - INFO -  Captura: C:\xampp\htdocs\versiones\automatizaciones\AutoPWST\02TAR\report\img  screen：20230620_13_20_14.png
2023-06-20 13:20:14,264 - root - INFO -  Se da clic en el boton Guardar; se debe modificar la informacion del registro.
2023-06-20 13:20:14,567 - root - INFO -  Se presiona el boton 'Refrescar', para proceder a eliminar el registro.
2023-06-20 13:20:18,165 - root - INFO -  Se da clic en el registro creado, para proceder a modificarlo.
2023-06-20 13:20:18,757 - root - INFO - Se hace el cambio de pestaña para continuar con el registro nuevo
2023-06-20 13:20:19,839 - root - INFO -  Se da clic en el registro creado, para proceder a modificarlo.
2023-06-20 13:20:19,920 - root - INFO -  Se presiona el boton 'Eliminar', para eliminar el registro.
2023-06-20 13:20:20,059 - root - INFO -  Se da clic en el boton Guardar; se debe modificar la informacion del registro.
2023-06-20 13:20:20,629 - root - INFO -  Se da clic en el registro creado, para proceder a modificarlo.
2023-06-20 13:20:20,693 - root - INFO -  Se presiona el boton 'Eliminar', para eliminar el registro.
2023-06-20 13:20:22,694 - root - INFO -  Captura: C:\xampp\htdocs\versiones\automatizaciones\AutoPWST\02TAR\report\img  screen：20230620_13_20_22.png
2023-06-20 13:20:22,854 - root - INFO -  Se confirma el eliminado del registro
2023-06-20 13:20:23,078 - root - INFO -  Se presiona el boton 'Refrescar', para crear un nuevo registro igual al anterior.
2023-06-20 13:20:25,133 - root - INFO -  Se presiona el boton 'Cerrar', para cerrar la pantalla de Tareas Relevamiento.
2023-06-20 13:20:31,538 - root - INFO -  Se cierra chrome
