2022-07-26 17:15:43,948 - root - INFO -  Se abre el chrome
2022-07-26 17:15:49,012 - root - INFO -  Entra a la URL
2022-07-26 17:15:49,142 - root - INFO -  Maximiza la pantalla
2022-07-26 17:15:52,203 - root - INFO -  Cambia al frame
2022-07-26 17:15:55,301 - root - INFO -  Escribe el usuario
2022-07-26 17:15:55,408 - root - INFO -  Escribe la contraseña
2022-07-26 17:15:55,545 - root - INFO -  Se dio clic en el boton ingresar
2022-07-26 17:16:00,191 - root - INFO -  Ejecutar Enterprise
2022-07-26 17:16:00,192 - root - INFO -  Captura: C:\xampp\htdocs\versiones\automatizaciones\AutoPWST\04PSCH\report\img  screen：20220726_17_16_00.png
2022-07-26 17:16:04,639 - root - INFO -  Cambia entre pestañas
2022-07-26 17:16:44,912 - root - INFO -  Abre el menu completo
2022-07-26 17:17:09,442 - root - INFO -  Abre la pantalla de Programas
2022-07-26 17:17:13,216 - root - INFO -  La pantalla ejecutada es Programas.
2022-07-26 17:17:13,216 - root - INFO -  Captura: C:\xampp\htdocs\versiones\automatizaciones\AutoPWST\04PSCH\report\img  screen：20220726_17_17_13.png
2022-07-26 17:17:13,430 - root - INFO -  Se presiona el boton 'Nuevo', para crear un nuevo registro.
2022-07-26 17:17:18,786 - root - INFO -  Se abrio la pantalla para el ingreso de un registro nuevo.
2022-07-26 17:17:18,824 - root - INFO -  El campo 'Código' si se encuentra visible.
2022-07-26 17:17:18,863 - root - INFO -  El campo 'Descripción' si se encuentra visible.
2022-07-26 17:17:18,905 - root - INFO -  El campo 'Query Variables' si se encuentra visible.
2022-07-26 17:17:18,944 - root - INFO -  El campo 'Usuario' si se encuentra visible.
2022-07-26 17:17:18,985 - root - INFO -  El campo 'Password' si se encuentra visible.
2022-07-26 17:17:19,033 - root - INFO -  El campo 'Activa' si se encuentra visible.
2022-07-26 17:17:19,073 - root - INFO -  El campo 'Ejecutar' si se encuentra visible.
2022-07-26 17:17:19,151 - root - INFO -  Ingresa el Codigo del nuevo registro 
2022-07-26 17:17:22,366 - root - INFO -  Ingresa la Descripcion del nuevo registro 
2022-07-26 17:17:25,567 - root - INFO -  Ingresa los Query Variables del nuevo registro 
2022-07-26 17:17:51,396 - root - INFO -  El campo 'Proc. Evento' si se encuentra visible.
2022-07-26 17:17:51,547 - root - INFO -  Ingresa el Proc. Evento del nuevo registro 
2022-07-26 17:18:05,171 - root - INFO -  Ingresa el Password del nuevo registro 
2022-07-26 17:18:11,320 - root - INFO -  Captura: C:\xampp\htdocs\versiones\automatizaciones\AutoPWST\04PSCH\report\img  screen：20220726_17_18_11.png
2022-07-26 17:18:11,559 - root - INFO -  Se da clic en el boton Guardar; se debe crear un nuevo registro.
2022-07-26 17:18:14,712 - root - INFO -  Se presiona el boton 'Refrescar', para crear un nuevo registro igual al anterior.
2022-07-26 17:18:17,842 - root - INFO -  Se presiona el boton 'Nuevo', para crear un nuevo registro igual al anterior.
2022-07-26 17:18:20,074 - root - INFO -  Se abrio la pantalla para el ingreso de un registro nuevo.
2022-07-26 17:18:20,147 - root - INFO -  El campo 'Código' si se encuentra visible.
2022-07-26 17:18:20,200 - root - INFO -  El campo 'Descripción' si se encuentra visible.
2022-07-26 17:18:20,242 - root - INFO -  El campo 'Query Variables' si se encuentra visible.
2022-07-26 17:18:20,297 - root - INFO -  El campo 'Usuario' si se encuentra visible.
2022-07-26 17:18:20,343 - root - INFO -  El campo 'Password' si se encuentra visible.
2022-07-26 17:18:20,383 - root - INFO -  El campo 'Activa' si se encuentra visible.
2022-07-26 17:18:20,424 - root - INFO -  El campo 'Ejecutar' si se encuentra visible.
2022-07-26 17:18:20,502 - root - INFO -  Ingresa el Codigo del nuevo registro 
2022-07-26 17:18:23,747 - root - INFO -  Ingresa la Descripcion del nuevo registro 
2022-07-26 17:18:26,927 - root - INFO -  Ingresa los Query Variables del nuevo registro 
2022-07-26 17:18:49,730 - root - INFO -  El campo 'Proc. Evento' si se encuentra visible.
2022-07-26 17:18:49,842 - root - INFO -  Ingresa el Proc. Evento del nuevo registro 
2022-07-26 17:19:04,105 - root - INFO -  Ingresa el Password del nuevo registro 
2022-07-26 17:19:10,425 - root - INFO -  Se da clic en el boton Guardar; se debe crear un nuevo registro.
2022-07-26 17:19:13,432 - root - INFO -  Captura: C:\xampp\htdocs\versiones\automatizaciones\AutoPWST\04PSCH\report\img  screen：20220726_17_19_13.png
2022-07-26 17:19:13,684 - root - INFO -  Se presiona el boton 'Cerrar', para cerrar el mensaje de duplicidad de llave primaria
2022-07-26 17:19:18,842 - root - INFO -  Se presiona el boton 'Cerrar', para cerrar la ventana
2022-07-26 17:19:22,976 - root - INFO -  Se presiona el boton 'Refrescar', para crear un nuevo registro igual al anterior.
2022-07-26 17:19:35,668 - root - INFO -  Se da clic en el registro creado, para proceder a modificarlo.
2022-07-26 17:19:35,855 - root - INFO -  Ingresa la Descripcion del nuevo registro 
2022-07-26 17:19:39,073 - root - INFO -  Ingresa los Query Variables del nuevo registro 
2022-07-26 17:20:01,959 - root - INFO -  Ingresa el Proc. Evento del nuevo registro 
2022-07-26 17:20:16,598 - root - INFO -  Ingresa el Password del nuevo registro 
2022-07-26 17:20:22,800 - root - INFO -  Captura: C:\xampp\htdocs\versiones\automatizaciones\AutoPWST\04PSCH\report\img  screen：20220726_17_20_22.png
2022-07-26 17:20:23,090 - root - INFO -  Se da clic en el boton Guardar; se debe modificar la informacion del registro.
2022-07-26 17:20:26,202 - root - INFO -  Se presiona el boton 'Refrescar', para proceder a eliminar el registro.
2022-07-26 17:20:38,871 - root - INFO -  Se da clic en el registro creado, para proceder a eliminarlo.
2022-07-26 17:20:39,027 - root - INFO -  Se presiona el boton 'Eliminar', para eliminar el registro.
2022-07-26 17:20:49,045 - root - INFO -  Captura: C:\xampp\htdocs\versiones\automatizaciones\AutoPWST\04PSCH\report\img  screen：20220726_17_20_49.png
2022-07-26 17:20:49,351 - root - INFO -  Se confirma el eliminado del registro
2022-07-26 17:20:59,497 - root - INFO -  Se presiona el boton 'Refrescar', para crear un nuevo registro igual al anterior.
2022-07-26 17:21:05,674 - root - ERROR - No se encontró el botón Cerrar, revise si el xpath sigue siendo el mismo, para mas detalles del error consulte el reporte
2022-07-26 17:21:05,676 - root - INFO -  Captura: C:\xampp\htdocs\versiones\automatizaciones\AutoPWST\04PSCH\report\img  screen：20220726_17_21_05.png
2022-07-26 17:22:07,269 - root - INFO -  Se abre el chrome
2022-07-26 17:22:13,326 - root - INFO -  Entra a la URL
2022-07-26 17:22:13,469 - root - INFO -  Maximiza la pantalla
2022-07-26 17:22:16,520 - root - INFO -  Cambia al frame
2022-07-26 17:22:19,613 - root - INFO -  Escribe el usuario
2022-07-26 17:22:19,720 - root - INFO -  Escribe la contraseña
2022-07-26 17:22:19,851 - root - INFO -  Se dio clic en el boton ingresar
2022-07-26 17:22:25,599 - root - INFO -  Ejecutar Enterprise
2022-07-26 17:22:25,600 - root - INFO -  Captura: C:\xampp\htdocs\versiones\automatizaciones\AutoPWST\04PSCH\report\img  screen：20220726_17_22_25.png
2022-07-26 17:22:29,854 - root - INFO -  Cambia entre pestañas
2022-07-26 17:23:17,212 - root - INFO -  Abre el menu completo
2022-07-26 17:23:41,816 - root - INFO -  Abre la pantalla de Programas
2022-07-26 17:23:44,066 - root - INFO -  La pantalla ejecutada es Programas.
2022-07-26 17:23:44,067 - root - INFO -  Captura: C:\xampp\htdocs\versiones\automatizaciones\AutoPWST\04PSCH\report\img  screen：20220726_17_23_44.png
2022-07-26 17:23:44,408 - root - INFO -  Se presiona el boton 'Nuevo', para crear un nuevo registro.
2022-07-26 17:23:48,770 - root - INFO -  Se abrio la pantalla para el ingreso de un registro nuevo.
2022-07-26 17:23:48,822 - root - INFO -  El campo 'Código' si se encuentra visible.
2022-07-26 17:23:48,862 - root - INFO -  El campo 'Descripción' si se encuentra visible.
2022-07-26 17:23:48,900 - root - INFO -  El campo 'Query Variables' si se encuentra visible.
2022-07-26 17:23:48,938 - root - INFO -  El campo 'Usuario' si se encuentra visible.
2022-07-26 17:23:48,978 - root - INFO -  El campo 'Password' si se encuentra visible.
2022-07-26 17:23:49,023 - root - INFO -  El campo 'Activa' si se encuentra visible.
2022-07-26 17:23:49,074 - root - INFO -  El campo 'Ejecutar' si se encuentra visible.
2022-07-26 17:23:49,152 - root - INFO -  Ingresa el Codigo del nuevo registro 
2022-07-26 17:23:52,332 - root - INFO -  Ingresa la Descripcion del nuevo registro 
2022-07-26 17:23:55,539 - root - INFO -  Ingresa los Query Variables del nuevo registro 
2022-07-26 17:24:21,433 - root - INFO -  El campo 'Proc. Evento' si se encuentra visible.
2022-07-26 17:24:21,679 - root - INFO -  Ingresa el Proc. Evento del nuevo registro 
2022-07-26 17:24:35,588 - root - INFO -  Ingresa el Password del nuevo registro 
2022-07-26 17:24:41,748 - root - INFO -  Captura: C:\xampp\htdocs\versiones\automatizaciones\AutoPWST\04PSCH\report\img  screen：20220726_17_24_41.png
2022-07-26 17:24:41,974 - root - INFO -  Se da clic en el boton Guardar; se debe crear un nuevo registro.
2022-07-26 17:24:45,091 - root - INFO -  Se presiona el boton 'Refrescar', para crear un nuevo registro igual al anterior.
2022-07-26 17:24:48,194 - root - INFO -  Se presiona el boton 'Nuevo', para crear un nuevo registro igual al anterior.
2022-07-26 17:24:52,582 - root - INFO -  Se abrio la pantalla para el ingreso de un registro nuevo.
2022-07-26 17:24:52,622 - root - INFO -  El campo 'Código' si se encuentra visible.
2022-07-26 17:24:52,665 - root - INFO -  El campo 'Descripción' si se encuentra visible.
2022-07-26 17:24:52,708 - root - INFO -  El campo 'Query Variables' si se encuentra visible.
2022-07-26 17:24:52,750 - root - INFO -  El campo 'Usuario' si se encuentra visible.
2022-07-26 17:24:52,793 - root - INFO -  El campo 'Password' si se encuentra visible.
2022-07-26 17:24:52,841 - root - INFO -  El campo 'Activa' si se encuentra visible.
2022-07-26 17:24:52,889 - root - INFO -  El campo 'Ejecutar' si se encuentra visible.
2022-07-26 17:24:52,981 - root - INFO -  Ingresa el Codigo del nuevo registro 
2022-07-26 17:24:56,147 - root - INFO -  Ingresa la Descripcion del nuevo registro 
2022-07-26 17:24:59,336 - root - INFO -  Ingresa los Query Variables del nuevo registro 
2022-07-26 17:25:22,087 - root - INFO -  El campo 'Proc. Evento' si se encuentra visible.
2022-07-26 17:25:22,238 - root - INFO -  Ingresa el Proc. Evento del nuevo registro 
2022-07-26 17:25:36,279 - root - INFO -  Ingresa el Password del nuevo registro 
2022-07-26 17:25:42,546 - root - INFO -  Se da clic en el boton Guardar; se debe crear un nuevo registro.
2022-07-26 17:25:45,561 - root - INFO -  Captura: C:\xampp\htdocs\versiones\automatizaciones\AutoPWST\04PSCH\report\img  screen：20220726_17_25_45.png
2022-07-26 17:25:45,953 - root - INFO -  Se presiona el boton 'Cerrar', para cerrar el mensaje de duplicidad de llave primaria
2022-07-26 17:25:51,109 - root - INFO -  Se presiona el boton 'Cerrar', para cerrar la ventana
2022-07-26 17:25:55,331 - root - INFO -  Se presiona el boton 'Refrescar', para crear un nuevo registro igual al anterior.
2022-07-26 17:26:02,702 - root - ERROR - No se encontró el registro, revise si el xpath sigue siendo el mismo, para mas detalles del error consulte el reporte
2022-07-26 17:26:02,704 - root - INFO -  Captura: C:\xampp\htdocs\versiones\automatizaciones\AutoPWST\04PSCH\report\img  screen：20220726_17_26_02.png
2022-07-26 17:26:05,279 - root - ERROR - No se encontró el botón Refrescar, revise si el xpath sigue siendo el mismo, para mas detalles del error consulte el reporte
2022-07-26 17:26:05,280 - root - INFO -  Captura: C:\xampp\htdocs\versiones\automatizaciones\AutoPWST\04PSCH\report\img  screen：20220726_17_26_05.png
2022-07-26 17:26:57,541 - root - INFO -  Se abre el chrome
2022-07-26 17:27:02,198 - root - INFO -  Entra a la URL
2022-07-26 17:27:02,330 - root - INFO -  Maximiza la pantalla
2022-07-26 17:27:05,380 - root - INFO -  Cambia al frame
2022-07-26 17:27:08,470 - root - INFO -  Escribe el usuario
2022-07-26 17:27:08,569 - root - INFO -  Escribe la contraseña
2022-07-26 17:27:08,696 - root - INFO -  Se dio clic en el boton ingresar
2022-07-26 17:27:13,956 - root - INFO -  Ejecutar Enterprise
2022-07-26 17:27:13,957 - root - INFO -  Captura: C:\xampp\htdocs\versiones\automatizaciones\AutoPWST\04PSCH\report\img  screen：20220726_17_27_13.png
2022-07-26 17:27:18,194 - root - INFO -  Cambia entre pestañas
2022-07-26 17:27:52,519 - root - INFO -  Abre el menu completo
2022-07-26 17:28:17,099 - root - INFO -  Abre la pantalla de Programas
2022-07-26 17:28:17,175 - root - INFO -  La pantalla ejecutada es Programas.
2022-07-26 17:28:17,176 - root - INFO -  Captura: C:\xampp\htdocs\versiones\automatizaciones\AutoPWST\04PSCH\report\img  screen：20220726_17_28_17.png
2022-07-26 17:28:17,403 - root - INFO -  Se presiona el boton 'Nuevo', para crear un nuevo registro.
2022-07-26 17:28:19,092 - root - INFO -  Se abrio la pantalla para el ingreso de un registro nuevo.
2022-07-26 17:28:19,141 - root - INFO -  El campo 'Código' si se encuentra visible.
2022-07-26 17:28:19,180 - root - INFO -  El campo 'Descripción' si se encuentra visible.
2022-07-26 17:28:19,218 - root - INFO -  El campo 'Query Variables' si se encuentra visible.
2022-07-26 17:28:19,256 - root - INFO -  El campo 'Usuario' si se encuentra visible.
2022-07-26 17:28:19,296 - root - INFO -  El campo 'Password' si se encuentra visible.
2022-07-26 17:28:19,333 - root - INFO -  El campo 'Activa' si se encuentra visible.
2022-07-26 17:28:19,386 - root - INFO -  El campo 'Ejecutar' si se encuentra visible.
2022-07-26 17:28:19,460 - root - INFO -  Ingresa el Codigo del nuevo registro 
2022-07-26 17:28:22,620 - root - INFO -  Ingresa la Descripcion del nuevo registro 
2022-07-26 17:28:25,810 - root - INFO -  Ingresa los Query Variables del nuevo registro 
2022-07-26 17:28:51,606 - root - INFO -  El campo 'Proc. Evento' si se encuentra visible.
2022-07-26 17:28:51,762 - root - INFO -  Ingresa el Proc. Evento del nuevo registro 
2022-07-26 17:29:05,356 - root - INFO -  Ingresa el Password del nuevo registro 
2022-07-26 17:29:11,510 - root - INFO -  Captura: C:\xampp\htdocs\versiones\automatizaciones\AutoPWST\04PSCH\report\img  screen：20220726_17_29_11.png
2022-07-26 17:29:11,753 - root - INFO -  Se da clic en el boton Guardar; se debe crear un nuevo registro.
2022-07-26 17:29:14,886 - root - INFO -  Se presiona el boton 'Refrescar', para crear un nuevo registro igual al anterior.
2022-07-26 17:29:17,971 - root - INFO -  Se presiona el boton 'Nuevo', para crear un nuevo registro igual al anterior.
2022-07-26 17:29:20,712 - root - INFO -  Se abrio la pantalla para el ingreso de un registro nuevo.
2022-07-26 17:29:20,758 - root - INFO -  El campo 'Código' si se encuentra visible.
2022-07-26 17:29:20,802 - root - INFO -  El campo 'Descripción' si se encuentra visible.
2022-07-26 17:29:20,848 - root - INFO -  El campo 'Query Variables' si se encuentra visible.
2022-07-26 17:29:20,900 - root - INFO -  El campo 'Usuario' si se encuentra visible.
2022-07-26 17:29:20,960 - root - INFO -  El campo 'Password' si se encuentra visible.
2022-07-26 17:29:21,000 - root - INFO -  El campo 'Activa' si se encuentra visible.
2022-07-26 17:29:21,043 - root - INFO -  El campo 'Ejecutar' si se encuentra visible.
2022-07-26 17:29:21,125 - root - INFO -  Ingresa el Codigo del nuevo registro 
2022-07-26 17:29:24,364 - root - INFO -  Ingresa la Descripcion del nuevo registro 
2022-07-26 17:29:27,582 - root - INFO -  Ingresa los Query Variables del nuevo registro 
2022-07-26 17:29:50,385 - root - INFO -  El campo 'Proc. Evento' si se encuentra visible.
2022-07-26 17:29:50,524 - root - INFO -  Ingresa el Proc. Evento del nuevo registro 
2022-07-26 17:30:05,093 - root - INFO -  Ingresa el Password del nuevo registro 
2022-07-26 17:30:11,386 - root - INFO -  Se da clic en el boton Guardar; se debe crear un nuevo registro.
2022-07-26 17:30:14,399 - root - INFO -  Captura: C:\xampp\htdocs\versiones\automatizaciones\AutoPWST\04PSCH\report\img  screen：20220726_17_30_14.png
2022-07-26 17:30:14,662 - root - INFO -  Se presiona el boton 'Cerrar', para cerrar el mensaje de duplicidad de llave primaria
2022-07-26 17:30:19,782 - root - INFO -  Se presiona el boton 'Cerrar', para cerrar la ventana
2022-07-26 17:30:23,929 - root - INFO -  Se presiona el boton 'Refrescar', para crear un nuevo registro igual al anterior.
2022-07-26 17:30:39,602 - root - INFO -  Se da clic en el registro creado, para proceder a modificarlo.
2022-07-26 17:30:39,837 - root - INFO -  Ingresa la Descripcion del nuevo registro 
2022-07-26 17:30:43,088 - root - INFO -  Ingresa los Query Variables del nuevo registro 
2022-07-26 17:31:05,973 - root - INFO -  Ingresa el Proc. Evento del nuevo registro 
2022-07-26 17:31:20,367 - root - INFO -  Ingresa el Password del nuevo registro 
2022-07-26 17:31:26,461 - root - INFO -  Captura: C:\xampp\htdocs\versiones\automatizaciones\AutoPWST\04PSCH\report\img  screen：20220726_17_31_26.png
2022-07-26 17:31:26,735 - root - INFO -  Se da clic en el boton Guardar; se debe modificar la informacion del registro.
2022-07-26 17:31:30,067 - root - INFO -  Se presiona el boton 'Refrescar', para proceder a eliminar el registro.
2022-07-26 17:31:37,376 - root - ERROR - No se encontró el registro, revise si el xpath sigue siendo el mismo, para mas detalles del error consulte el reporte
2022-07-26 17:31:37,377 - root - INFO -  Captura: C:\xampp\htdocs\versiones\automatizaciones\AutoPWST\04PSCH\report\img  screen：20220726_17_31_37.png
2022-07-26 17:34:10,381 - root - INFO -  Se abre el chrome
2022-07-26 17:34:15,064 - root - INFO -  Entra a la URL
2022-07-26 17:34:15,184 - root - INFO -  Maximiza la pantalla
2022-07-26 17:34:18,240 - root - INFO -  Cambia al frame
2022-07-26 17:34:21,330 - root - INFO -  Escribe el usuario
2022-07-26 17:34:21,440 - root - INFO -  Escribe la contraseña
2022-07-26 17:34:21,580 - root - INFO -  Se dio clic en el boton ingresar
2022-07-26 17:34:26,253 - root - INFO -  Ejecutar Enterprise
2022-07-26 17:34:26,254 - root - INFO -  Captura: C:\xampp\htdocs\versiones\automatizaciones\AutoPWST\04PSCH\report\img  screen：20220726_17_34_26.png
2022-07-26 17:34:30,464 - root - INFO -  Cambia entre pestañas
2022-07-26 17:35:40,031 - root - INFO -  Abre el menu completo
2022-07-26 17:36:04,577 - root - INFO -  Abre la pantalla de Programas
2022-07-26 17:36:06,425 - root - INFO -  La pantalla ejecutada es Programas.
2022-07-26 17:36:06,426 - root - INFO -  Captura: C:\xampp\htdocs\versiones\automatizaciones\AutoPWST\04PSCH\report\img  screen：20220726_17_36_06.png
2022-07-26 17:36:06,670 - root - INFO -  Se presiona el boton 'Nuevo', para crear un nuevo registro.
2022-07-26 17:36:11,489 - root - INFO -  Se abrio la pantalla para el ingreso de un registro nuevo.
2022-07-26 17:36:11,537 - root - INFO -  El campo 'Código' si se encuentra visible.
2022-07-26 17:36:11,584 - root - INFO -  El campo 'Descripción' si se encuentra visible.
2022-07-26 17:36:11,623 - root - INFO -  El campo 'Query Variables' si se encuentra visible.
2022-07-26 17:36:11,661 - root - INFO -  El campo 'Usuario' si se encuentra visible.
2022-07-26 17:36:11,715 - root - INFO -  El campo 'Password' si se encuentra visible.
2022-07-26 17:36:11,755 - root - INFO -  El campo 'Activa' si se encuentra visible.
2022-07-26 17:36:11,793 - root - INFO -  El campo 'Ejecutar' si se encuentra visible.
2022-07-26 17:36:11,867 - root - INFO -  Ingresa el Codigo del nuevo registro 
2022-07-26 17:36:15,018 - root - INFO -  Ingresa la Descripcion del nuevo registro 
2022-07-26 17:36:18,228 - root - INFO -  Ingresa los Query Variables del nuevo registro 
2022-07-26 17:36:43,983 - root - INFO -  El campo 'Proc. Evento' si se encuentra visible.
2022-07-26 17:36:44,102 - root - INFO -  Ingresa el Proc. Evento del nuevo registro 
2022-07-26 17:36:58,419 - root - INFO -  Ingresa el Password del nuevo registro 
2022-07-26 17:37:04,540 - root - INFO -  Captura: C:\xampp\htdocs\versiones\automatizaciones\AutoPWST\04PSCH\report\img  screen：20220726_17_37_04.png
2022-07-26 17:37:04,809 - root - INFO -  Se da clic en el boton Guardar; se debe crear un nuevo registro.
2022-07-26 17:37:07,957 - root - INFO -  Se presiona el boton 'Refrescar', para crear un nuevo registro igual al anterior.
2022-07-26 17:37:11,121 - root - INFO -  Se presiona el boton 'Nuevo', para crear un nuevo registro igual al anterior.
2022-07-26 17:37:12,787 - root - INFO -  Se abrio la pantalla para el ingreso de un registro nuevo.
2022-07-26 17:37:12,827 - root - INFO -  El campo 'Código' si se encuentra visible.
2022-07-26 17:37:12,877 - root - INFO -  El campo 'Descripción' si se encuentra visible.
2022-07-26 17:37:12,923 - root - INFO -  El campo 'Query Variables' si se encuentra visible.
2022-07-26 17:37:12,963 - root - INFO -  El campo 'Usuario' si se encuentra visible.
2022-07-26 17:37:13,006 - root - INFO -  El campo 'Password' si se encuentra visible.
2022-07-26 17:37:13,047 - root - INFO -  El campo 'Activa' si se encuentra visible.
2022-07-26 17:37:13,087 - root - INFO -  El campo 'Ejecutar' si se encuentra visible.
2022-07-26 17:37:13,165 - root - INFO -  Ingresa el Codigo del nuevo registro 
2022-07-26 17:37:16,320 - root - INFO -  Ingresa la Descripcion del nuevo registro 
2022-07-26 17:37:19,458 - root - INFO -  Ingresa los Query Variables del nuevo registro 
2022-07-26 17:37:42,104 - root - INFO -  El campo 'Proc. Evento' si se encuentra visible.
2022-07-26 17:37:42,246 - root - INFO -  Ingresa el Proc. Evento del nuevo registro 
2022-07-26 17:37:56,011 - root - INFO -  Ingresa el Password del nuevo registro 
2022-07-26 17:38:02,319 - root - INFO -  Se da clic en el boton Guardar; se debe crear un nuevo registro.
2022-07-26 17:38:05,326 - root - INFO -  Captura: C:\xampp\htdocs\versiones\automatizaciones\AutoPWST\04PSCH\report\img  screen：20220726_17_38_05.png
2022-07-26 17:38:05,535 - root - INFO -  Se presiona el boton 'Cerrar', para cerrar el mensaje de duplicidad de llave primaria
2022-07-26 17:38:10,643 - root - INFO -  Se presiona el boton 'Cerrar', para cerrar la ventana
2022-07-26 17:38:14,769 - root - INFO -  Se presiona el boton 'Refrescar', para crear un nuevo registro igual al anterior.
2022-07-26 17:38:30,472 - root - INFO -  Se da clic en el registro creado, para proceder a modificarlo.
2022-07-26 17:38:30,646 - root - INFO -  Ingresa la Descripcion del nuevo registro 
2022-07-26 17:38:33,875 - root - INFO -  Ingresa los Query Variables del nuevo registro 
2022-07-26 17:38:56,774 - root - INFO -  Ingresa el Proc. Evento del nuevo registro 
2022-07-26 17:39:11,859 - root - INFO -  Ingresa el Password del nuevo registro 
2022-07-26 17:39:18,024 - root - INFO -  Captura: C:\xampp\htdocs\versiones\automatizaciones\AutoPWST\04PSCH\report\img  screen：20220726_17_39_18.png
2022-07-26 17:39:18,313 - root - INFO -  Se da clic en el boton Guardar; se debe modificar la informacion del registro.
2022-07-26 17:39:21,425 - root - INFO -  Se presiona el boton 'Refrescar', para proceder a eliminar el registro.
2022-07-26 17:39:37,100 - root - INFO -  Se da clic en el registro creado, para proceder a eliminarlo.
2022-07-26 17:39:37,249 - root - INFO -  Se presiona el boton 'Eliminar', para eliminar el registro.
2022-07-26 17:39:47,261 - root - INFO -  Captura: C:\xampp\htdocs\versiones\automatizaciones\AutoPWST\04PSCH\report\img  screen：20220726_17_39_47.png
2022-07-26 17:39:47,556 - root - INFO -  Se confirma el eliminado del registro
2022-07-26 17:39:57,666 - root - INFO -  Se presiona el boton 'Refrescar', para crear un nuevo registro igual al anterior.
2022-07-26 17:40:05,818 - root - INFO -  Se presiona el boton 'Cerrar', para cerrar la pantalla de Categorias Fiscales.
2022-07-26 17:40:10,103 - root - INFO -  Se cierra chrome
