2022-11-29 09:53:02,126 - root - INFO -  Se abre el chrome
2022-11-29 09:53:03,599 - root - INFO -  Entra a la URL
2022-11-29 09:53:03,980 - root - INFO -  Maximiza la pantalla
2022-11-29 09:53:07,094 - root - INFO -  Cambia al frame
2022-11-29 09:53:10,198 - root - INFO -  Escribe el usuario
2022-11-29 09:53:10,301 - root - INFO -  Escribe la contraseña
2022-11-29 09:53:10,449 - root - INFO -  Se dio clic en el boton ingresar
2022-11-29 09:53:11,185 - root - INFO -  Ejecutar Enterprise
2022-11-29 09:53:15,270 - root - INFO -  Cambia entre pestañas
2022-11-29 09:53:23,301 - root - INFO - Prueba
2022-11-29 09:53:35,215 - root - INFO -  Abre la pantalla de Clasificación Vendedor
2022-11-29 09:53:35,258 - root - INFO -  La pantalla ejecutada es Clasificación Vendedor.
2022-11-29 09:53:35,258 - root - INFO -  Captura: C:\xampp\htdocs\versiones\automatizaciones\AutoPWST\ScriptAmarillo\report\img  screen：20221129_09_53_35.png
2022-11-29 09:53:35,466 - root - INFO -  Se presiona el boton 'Nuevo', para crear un nuevo registro.
2022-11-29 09:53:36,018 - root - INFO -  Se abrio la pantalla para el ingreso de un registro nuevo.
2022-11-29 09:53:36,068 - root - INFO -  Ingresa el codigo del nuevo registro 
2022-11-29 09:53:39,141 - root - INFO -  Ingresa la descripción del nuevo registro 
2022-11-29 09:53:42,153 - root - INFO -  Captura: C:\xampp\htdocs\versiones\automatizaciones\AutoPWST\ScriptAmarillo\report\img  screen：20221129_09_53_42.png
2022-11-29 09:53:42,401 - root - INFO -  Se da clic en el boton Guardar; se debe crear un nuevo registro.
2022-11-29 09:53:47,472 - root - INFO -  Se presiona el boton 'Refrescar', para crear un nuevo registro igual al anterior.
2022-11-29 09:54:07,087 - root - INFO -  Se da clic en el registro creado, para proceder a modificarlo.
2022-11-29 09:54:10,183 - root - INFO -  Se modifica el contenido del campo Descripcion
2022-11-29 09:54:13,191 - root - INFO -  Captura: C:\xampp\htdocs\versiones\automatizaciones\AutoPWST\ScriptAmarillo\report\img  screen：20221129_09_54_13.png
2022-11-29 09:54:13,505 - root - INFO -  Se da clic en el boton Guardar; se debe modificar la informacion del registro.
2022-11-29 09:54:18,547 - root - INFO -  Se presiona el boton 'Refrescar', para proceder a eliminar el registro.
2022-11-29 09:54:28,116 - root - INFO -  Se da clic en el registro creado, para proceder a eliminarlo.
2022-11-29 09:54:31,168 - root - INFO -  Se presiona el boton 'Eliminar', para eliminar el registro.
2022-11-29 09:54:36,173 - root - INFO -  Captura: C:\xampp\htdocs\versiones\automatizaciones\AutoPWST\ScriptAmarillo\report\img  screen：20221129_09_54_36.png
2022-11-29 09:54:36,379 - root - INFO -  Se confirma el eliminado del registro
2022-11-29 09:54:41,458 - root - INFO -  Se presiona el boton 'Refrescar', para crear un nuevo registro igual al anterior.
2022-11-29 09:54:46,548 - root - INFO -  Se presiona el boton 'Cerrar', para cerrar la pantalla de Categorias Fiscales.
2022-11-29 09:54:58,481 - root - INFO -  Abre la pantalla de Clasificaciones 2
2022-11-29 09:54:58,547 - root - INFO -  La pantalla ejecutada es Clasifiaciones 2
2022-11-29 09:55:01,562 - root - INFO -  Captura: C:\xampp\htdocs\versiones\automatizaciones\AutoPWST\ScriptAmarillo\report\img  screen：20221129_09_55_01.png
2022-11-29 09:55:01,728 - root - INFO -  Se presiona el boton 'Nuevo', para crear un nuevo registro.
2022-11-29 09:55:06,779 - root - INFO -  Se abrio la pantalla para el ingreso de un registro nuevo.
2022-11-29 09:55:06,850 - root - INFO -  Ingresa el codigo del nuevo registro 
2022-11-29 09:55:09,946 - root - INFO -  Ingresa el codigo usuario del nuevo registro 
2022-11-29 09:55:13,155 - root - INFO -  Ingresa el codigo alternativo del nuevo registro 
2022-11-29 09:55:16,234 - root - INFO -  Ingresa la descripción del nuevo registro 
2022-11-29 09:55:19,238 - root - INFO -  Captura: C:\xampp\htdocs\versiones\automatizaciones\AutoPWST\ScriptAmarillo\report\img  screen：20221129_09_55_19.png
2022-11-29 09:55:19,468 - root - INFO -  Se da clic en el boton Guardar; se debe crear un nuevo registro.
2022-11-29 09:55:24,518 - root - INFO -  Se presiona el boton 'Refrescar', para crear un nuevo registro igual al anterior.
2022-11-29 09:55:34,098 - root - INFO -  Se da clic en el registro creado, para proceder a modificarlo.
2022-11-29 09:55:37,187 - root - INFO -  Se modifica el contenido del campo Codigo Alternativo
2022-11-29 09:55:40,338 - root - INFO -  Ingresa el codigo usuario del nuevo registro 
2022-11-29 09:55:43,440 - root - INFO -  Se modifica el contenido del campo Descripcion
2022-11-29 09:55:46,448 - root - INFO -  Captura: C:\xampp\htdocs\versiones\automatizaciones\AutoPWST\ScriptAmarillo\report\img  screen：20221129_09_55_46.png
2022-11-29 09:55:46,723 - root - INFO -  Se da clic en el boton Guardar; se debe modificar la informacion del registro.
2022-11-29 09:55:51,784 - root - INFO -  Se presiona el boton 'Refrescar', para proceder a eliminar el registro.
2022-11-29 09:56:01,339 - root - INFO -  Se da clic en el registro creado, para proceder a eliminarlo.
2022-11-29 09:56:09,410 - root - INFO -  Se presiona el boton 'Eliminar', para eliminar el registro.
2022-11-29 09:56:09,411 - root - INFO -  Captura: C:\xampp\htdocs\versiones\automatizaciones\AutoPWST\ScriptAmarillo\report\img  screen：20221129_09_56_09.png
2022-11-29 09:56:09,827 - root - INFO -  Se confirma el eliminado del registro
2022-11-29 09:56:14,903 - root - INFO -  Se presiona el boton 'Refrescar', para crear un nuevo registro igual al anterior.
2022-11-29 09:56:19,963 - root - INFO -  Se presiona el boton 'Cerrar', para cerrar la pantalla de Categorias Fiscales.
2022-11-29 09:56:26,281 - root - INFO -  Se cierra chrome
2022-11-29 09:58:23,675 - root - INFO -  Se abre el chrome
2022-11-29 09:58:25,008 - root - INFO -  Entra a la URL
2022-11-29 09:58:25,139 - root - INFO -  Maximiza la pantalla
2022-11-29 09:58:28,236 - root - INFO -  Cambia al frame
2022-11-29 09:58:31,317 - root - INFO -  Escribe el usuario
2022-11-29 09:58:31,403 - root - INFO -  Escribe la contraseña
2022-11-29 09:58:31,552 - root - INFO -  Se dio clic en el boton ingresar
2022-11-29 09:58:32,291 - root - INFO -  Ejecutar Enterprise
2022-11-29 09:58:36,364 - root - INFO -  Cambia entre pestañas
2022-11-29 09:58:47,199 - root - INFO - Prueba
2022-11-29 09:58:59,098 - root - INFO -  Abre la pantalla de Clasificación Vendedor
2022-11-29 09:58:59,148 - root - INFO -  La pantalla ejecutada es Clasificación Vendedor.
2022-11-29 09:58:59,148 - root - INFO -  Captura: C:\xampp\htdocs\versiones\automatizaciones\AutoPWST\ScriptAmarillo\report\img  screen：20221129_09_58_59.png
2022-11-29 09:58:59,317 - root - INFO -  Se presiona el boton 'Nuevo', para crear un nuevo registro.
2022-11-29 09:58:59,881 - root - INFO -  Se abrio la pantalla para el ingreso de un registro nuevo.
2022-11-29 09:58:59,941 - root - INFO -  Ingresa el codigo del nuevo registro 
2022-11-29 09:59:03,070 - root - INFO -  Ingresa la descripción del nuevo registro 
2022-11-29 09:59:06,087 - root - INFO -  Captura: C:\xampp\htdocs\versiones\automatizaciones\AutoPWST\ScriptAmarillo\report\img  screen：20221129_09_59_06.png
2022-11-29 09:59:06,271 - root - INFO -  Se da clic en el boton Guardar; se debe crear un nuevo registro.
2022-11-29 09:59:11,338 - root - INFO -  Se presiona el boton 'Refrescar', para crear un nuevo registro igual al anterior.
2022-11-29 09:59:20,945 - root - INFO -  Se da clic en el registro creado, para proceder a modificarlo.
2022-11-29 09:59:24,132 - root - INFO -  Se modifica el contenido del campo Descripcion
2022-11-29 09:59:27,139 - root - INFO -  Captura: C:\xampp\htdocs\versiones\automatizaciones\AutoPWST\ScriptAmarillo\report\img  screen：20221129_09_59_27.png
2022-11-29 09:59:27,448 - root - INFO -  Se da clic en el boton Guardar; se debe modificar la informacion del registro.
2022-11-29 09:59:32,508 - root - INFO -  Se presiona el boton 'Refrescar', para proceder a eliminar el registro.
2022-11-29 09:59:42,079 - root - INFO -  Se da clic en el registro creado, para proceder a eliminarlo.
2022-11-29 09:59:45,161 - root - INFO -  Se presiona el boton 'Eliminar', para eliminar el registro.
2022-11-29 09:59:50,171 - root - INFO -  Captura: C:\xampp\htdocs\versiones\automatizaciones\AutoPWST\ScriptAmarillo\report\img  screen：20221129_09_59_50.png
2022-11-29 09:59:50,413 - root - INFO -  Se confirma el eliminado del registro
2022-11-29 09:59:55,472 - root - INFO -  Se presiona el boton 'Refrescar', para crear un nuevo registro igual al anterior.
