2022-11-25 11:53:25,365 - root - INFO -  Se abre el chrome
2022-11-25 11:53:26,314 - root - INFO -  Entra a la URL
2022-11-25 11:53:26,434 - root - INFO -  Maximiza la pantalla
2022-11-25 11:53:29,480 - root - INFO -  Cambia al frame
2022-11-25 11:53:32,561 - root - INFO -  Escribe el usuario
2022-11-25 11:53:32,637 - root - INFO -  Escribe la contraseña
2022-11-25 11:53:32,732 - root - INFO -  Se dio clic en el boton ingresar
2022-11-25 11:53:33,429 - root - INFO -  Ejecutar Enterprise
2022-11-25 11:53:37,493 - root - INFO -  Cambia entre pestañas
2022-11-25 11:53:59,122 - root - INFO -  Abre la pantalla de Clasificación Vendedor
2022-11-25 11:53:59,127 - root - ERROR - La pantalla ejecutada no es correcta, revise si el xpath sigue siendo el mismo, para mas detalles del error consulte el reporte
2022-11-25 11:53:59,129 - root - INFO -  Captura: C:\xampp\htdocs\versiones\automatizaciones\AutoPWST\ScriptAmarillo\report\img  screen：20221125_11_53_59.png
2022-11-25 11:54:15,488 - root - ERROR - La pantalla ejecutada no es correcta, revise si el xpath sigue siendo el mismo, para mas detalles del error consulte el reporte
2022-11-25 11:54:18,503 - root - INFO -  Captura: C:\xampp\htdocs\versiones\automatizaciones\AutoPWST\ScriptAmarillo\report\img  screen：20221125_11_54_18.png
2022-11-25 11:54:18,566 - root - ERROR - La pantalla ejecutada no es correcta, revise si el xpath sigue siendo el mismo, para mas detalles del error consulte el reporte
2022-11-25 11:54:21,576 - root - INFO -  Captura: C:\xampp\htdocs\versiones\automatizaciones\AutoPWST\ScriptAmarillo\report\img  screen：20221125_11_54_21.png
2022-11-25 11:54:21,580 - root - ERROR - No se encontró el botón Refrescar, revise si el xpath sigue siendo el mismo, para mas detalles del error consulte el reporte
2022-11-25 11:54:24,597 - root - INFO -  Captura: C:\xampp\htdocs\versiones\automatizaciones\AutoPWST\ScriptAmarillo\report\img  screen：20221125_11_54_24.png
2022-11-25 11:54:24,611 - root - ERROR - No se encontró el botón Refrescar, revise si el xpath sigue siendo el mismo, para mas detalles del error consulte el reporte
2022-11-25 11:54:27,625 - root - INFO -  Captura: C:\xampp\htdocs\versiones\automatizaciones\AutoPWST\ScriptAmarillo\report\img  screen：20221125_11_54_27.png
2022-11-25 11:54:27,652 - root - ERROR - La pantalla ejecutada no es correcta, validar que la acción anterior haya finalizado, que el nombre de la pantalla sea el correcto o que la página no presente lentitud
2022-11-25 11:54:30,666 - root - INFO -  Captura: C:\xampp\htdocs\versiones\automatizaciones\AutoPWST\ScriptAmarillo\report\img  screen：20221125_11_54_30.png
2022-11-25 11:54:30,672 - root - ERROR - No se dió click en el botón Refrescar, validar que la acción anterior haya finalizado, que el xpath sea el correcto o que la página no presente lentitud
2022-11-25 11:54:33,675 - root - INFO -  Captura: C:\xampp\htdocs\versiones\automatizaciones\AutoPWST\ScriptAmarillo\report\img  screen：20221125_11_54_33.png
2022-11-25 11:54:33,679 - root - ERROR - No se dió click en el botón Refrescar, validar que la acción anterior haya finalizado, que el xpath sea el correcto o que la página no presente lentitud
2022-11-25 11:54:36,680 - root - INFO -  Captura: C:\xampp\htdocs\versiones\automatizaciones\AutoPWST\ScriptAmarillo\report\img  screen：20221125_11_54_36.png
2022-11-25 11:54:36,687 - root - ERROR - La pantalla ejecutada no es correcta, validar que la acción anterior haya finalizado, que el nombrede la pantalla sea el correcto o que la página no presente lentitud
2022-11-25 11:54:39,696 - root - INFO -  Captura: C:\xampp\htdocs\versiones\automatizaciones\AutoPWST\ScriptAmarillo\report\img  screen：20221125_11_54_39.png
2022-11-25 11:54:39,700 - root - ERROR - No se dió click en el botón Refrescar, validar que la acción anterior haya finalizado, que el xpath sea el correcto o que la página no presente lentitud
2022-11-25 11:54:42,706 - root - INFO -  Captura: C:\xampp\htdocs\versiones\automatizaciones\AutoPWST\ScriptAmarillo\report\img  screen：20221125_11_54_42.png
2022-11-25 11:54:42,714 - root - ERROR - No se dió click en el botón Refrescar, validar que la acción anterior haya finalizado, que el xpath sea el correcto o que la página no presente lentitud
2022-11-25 11:54:45,726 - root - INFO -  Captura: C:\xampp\htdocs\versiones\automatizaciones\AutoPWST\ScriptAmarillo\report\img  screen：20221125_11_54_45.png
2022-11-25 11:54:45,736 - root - ERROR - La pantalla ejecutada no es correcta, validar que la acción anterior haya finalizado, que el nombre de la pantalla sea el correcto o que la página no presente lentitud
2022-11-25 11:54:48,746 - root - INFO -  Captura: C:\xampp\htdocs\versiones\automatizaciones\AutoPWST\ScriptAmarillo\report\img  screen：20221125_11_54_48.png
2022-11-25 11:54:48,751 - root - ERROR -  No se dió click en el botón Refrescar, validar que la acción anterior haya finalizado, que el xpath sea el correcto o que la página no presente lentitud
2022-11-25 11:54:51,754 - root - INFO -  Captura: C:\xampp\htdocs\versiones\automatizaciones\AutoPWST\ScriptAmarillo\report\img  screen：20221125_11_54_51.png
2022-11-25 11:54:51,758 - root - ERROR - No se dió click en el botón Refrescar, validar que la acción anterior haya finalizado, que el xpath sea el correcto o que la página no presente lentitud
2022-11-25 11:54:54,759 - root - INFO -  Captura: C:\xampp\htdocs\versiones\automatizaciones\AutoPWST\ScriptAmarillo\report\img  screen：20221125_11_54_54.png
2022-11-25 11:54:54,769 - root - ERROR - La pantalla ejecutada no es correcta, validar que la acción anterior haya finalizado, que el nombre de la pantalla sea el correcto o que la página no presente lentitud
2022-11-25 11:54:57,772 - root - INFO -  Captura: C:\xampp\htdocs\versiones\automatizaciones\AutoPWST\ScriptAmarillo\report\img  screen：20221125_11_54_57.png
2022-11-25 11:54:57,781 - root - ERROR - No se dió click el botón Refrescar, validar que la acción anterior haya finalizado, que el xpath sea el correcto o que la página no presente lentitud
2022-11-25 11:55:00,785 - root - INFO -  Captura: C:\xampp\htdocs\versiones\automatizaciones\AutoPWST\ScriptAmarillo\report\img  screen：20221125_11_55_00.png
2022-11-25 11:55:00,792 - root - ERROR - No se dió click el botón Refrescar, validar que la acción anterior haya finalizado, que el xpath sea el correcto o que la página no presente lentitud
2022-11-25 11:55:03,801 - root - INFO -  Captura: C:\xampp\htdocs\versiones\automatizaciones\AutoPWST\ScriptAmarillo\report\img  screen：20221125_11_55_03.png
2022-11-25 11:55:03,808 - root - ERROR - La pantalla ejecutada no es correcta, revise si el xpath sigue siendo el mismo, para mas detalles del error consulte el reporte
2022-11-25 11:55:03,809 - root - INFO -  Captura: C:\xampp\htdocs\versiones\automatizaciones\AutoPWST\ScriptAmarillo\report\img  screen：20221125_11_55_03.png
2022-11-25 11:55:03,812 - root - ERROR - No se encontró el botón Refrescar, revise si el xpath sigue siendo el mismo, para mas detalles del error consulte el reporte
2022-11-25 11:55:03,812 - root - INFO -  Captura: C:\xampp\htdocs\versiones\automatizaciones\AutoPWST\ScriptAmarillo\report\img  screen：20221125_11_55_03.png
2022-11-25 11:55:03,816 - root - ERROR - No se encontró el botón Refrescar, revise si el xpath sigue siendo el mismo, para mas detalles del error consulte el reporte
2022-11-25 11:55:03,816 - root - INFO -  Captura: C:\xampp\htdocs\versiones\automatizaciones\AutoPWST\ScriptAmarillo\report\img  screen：20221125_11_55_03.png
