2022-08-11 15:12:52,295 - root - INFO -  Se abre el chrome
2022-08-11 15:12:55,888 - root - INFO -  Entra a la URL
2022-08-11 15:12:56,020 - root - INFO -  Maximiza la pantalla
2022-08-11 15:12:59,096 - root - INFO -  Cambia al frame
2022-08-11 15:13:02,195 - root - INFO -  Escribe el usuario
2022-08-11 15:13:02,335 - root - INFO -  Escribe la contraseña
2022-08-11 15:13:02,514 - root - INFO -  Se dio clic en el boton ingresar
2022-08-11 15:13:05,524 - root - INFO -  Ejecutar Enterprise
2022-08-11 15:13:05,525 - root - INFO -  Captura: C:\xampp\htdocs\versiones\automatizaciones\AutoPWST\08PV\report\img  screen：20220811_15_13_05.png
2022-08-11 15:13:09,767 - root - INFO -  Cambia entre pestañas
2022-08-11 15:13:52,061 - root - INFO -  Abre el menu completo
2022-08-11 15:14:07,025 - root - INFO -  Abre la pantalla de Politicas de Venta
2022-08-11 15:14:09,828 - root - INFO -  La pantalla ejecutada es Politicas de Venta
2022-08-11 15:14:12,845 - root - INFO -  Captura: C:\xampp\htdocs\versiones\automatizaciones\AutoPWST\08PV\report\img  screen：20220811_15_14_12.png
2022-08-11 15:14:13,081 - root - INFO -  Se presiona el boton 'Nuevo', para crear un nuevo registro.
2022-08-11 15:14:19,864 - root - INFO -  Se abrio la pantalla para el ingreso de un registro nuevo.
2022-08-11 15:14:19,932 - root - INFO -  El campo 'Codigo' si se encuentra visible.
2022-08-11 15:14:19,972 - root - INFO -  El campo 'Codigo Alternativo' si se encuentra visible.
2022-08-11 15:14:20,015 - root - INFO -  El campo 'Descrición' si se encuentra visible.
2022-08-11 15:14:20,055 - root - INFO -  El campo 'Fecha Desde' si se encuentra visible.
2022-08-11 15:14:20,095 - root - INFO -  El campo 'Fecha Hasta' si se encuentra visible.
2022-08-11 15:14:20,133 - root - INFO -  El campo 'Moneda' si se encuentra visible.
2022-08-11 15:14:20,172 - root - INFO -  El campo 'Aplicable en' si se encuentra visible.
2022-08-11 15:14:20,213 - root - INFO -  El campo 'Activa' si se encuentra visible.
2022-08-11 15:14:20,252 - root - INFO -  El campo 'Aplicación Global' si se encuentra visible.
2022-08-11 15:14:20,374 - root - INFO -  Ingresa el codigo del nuevo registro 
2022-08-11 15:14:23,522 - root - INFO -  Ingresa el codigo alternativo del nuevo registro 
2022-08-11 15:14:26,756 - root - INFO -  Ingresa la descripción del nuevo registro 
2022-08-11 15:14:38,522 - root - INFO -  Ingresa la Fecha hasta del nuevo registro 
2022-08-11 15:15:19,542 - root - INFO - Se hace el cambio de pestaña para continuar con el registro nuevo
2022-08-11 15:15:22,710 - root - INFO -  Se presiona el boton 'Nuevo', para crear un nuevo registro.
2022-08-11 15:15:27,823 - root - INFO -  El campo 'Tipo Restricción' si se encuentra visible.
2022-08-11 15:15:27,862 - root - INFO -  El campo 'Artículo' si se encuentra visible.
2022-08-11 15:15:36,480 - root - INFO -  Ingresa el Articulo del nuevo registro 
2022-08-11 15:15:46,627 - root - INFO -  Se presiona el boton 'Guardar', para guardar el registro.
2022-08-11 15:15:52,792 - root - ERROR - No se encontró el botón Guardar, revise si el xpath sigue siendo el mismo, para mas detalles del error consulte el reporte
2022-08-11 15:15:55,800 - root - INFO -  Captura: C:\xampp\htdocs\versiones\automatizaciones\AutoPWST\08PV\report\img  screen：20220811_15_15_55.png
2022-08-11 15:15:56,520 - root - ERROR - No se encontró el botón Refrescar, revise si el xpath sigue siendo el mismo, para mas detalles del error consulte el reporte
2022-08-11 15:15:59,523 - root - INFO -  Captura: C:\xampp\htdocs\versiones\automatizaciones\AutoPWST\08PV\report\img  screen：20220811_15_15_59.png
2022-08-11 15:15:59,549 - root - ERROR - No se encontró el botón Refrescar, revise si el xpath sigue siendo el mismo, para mas detalles del error consulte el reporte
2022-08-11 15:16:02,559 - root - INFO -  Captura: C:\xampp\htdocs\versiones\automatizaciones\AutoPWST\08PV\report\img  screen：20220811_15_16_02.png
2022-08-11 15:16:02,572 - root - ERROR - No se encontró el botón Refrescar, revise si el xpath sigue siendo el mismo, para mas detalles del error consulte el reporte
2022-08-11 15:16:05,577 - root - INFO -  Captura: C:\xampp\htdocs\versiones\automatizaciones\AutoPWST\08PV\report\img  screen：20220811_15_16_05.png
2022-08-11 15:18:04,104 - root - INFO -  Se abre el chrome
2022-08-11 15:18:08,024 - root - INFO -  Entra a la URL
2022-08-11 15:18:08,162 - root - INFO -  Maximiza la pantalla
2022-08-11 15:18:11,219 - root - INFO -  Cambia al frame
2022-08-11 15:18:14,322 - root - INFO -  Escribe el usuario
2022-08-11 15:18:14,439 - root - INFO -  Escribe la contraseña
2022-08-11 15:18:14,577 - root - INFO -  Se dio clic en el boton ingresar
2022-08-11 15:18:18,722 - root - INFO -  Ejecutar Enterprise
2022-08-11 15:18:18,722 - root - INFO -  Captura: C:\xampp\htdocs\versiones\automatizaciones\AutoPWST\08PV\report\img  screen：20220811_15_18_18.png
2022-08-11 15:18:22,980 - root - INFO -  Cambia entre pestañas
2022-08-11 15:18:58,154 - root - INFO -  Abre el menu completo
2022-08-11 15:19:13,179 - root - INFO -  Abre la pantalla de Politicas de Venta
2022-08-11 15:19:13,262 - root - INFO -  La pantalla ejecutada es Politicas de Venta
2022-08-11 15:19:16,265 - root - INFO -  Captura: C:\xampp\htdocs\versiones\automatizaciones\AutoPWST\08PV\report\img  screen：20220811_15_19_16.png
2022-08-11 15:19:16,503 - root - INFO -  Se presiona el boton 'Nuevo', para crear un nuevo registro.
2022-08-11 15:19:24,764 - root - INFO -  Se abrio la pantalla para el ingreso de un registro nuevo.
2022-08-11 15:19:24,806 - root - INFO -  El campo 'Codigo' si se encuentra visible.
2022-08-11 15:19:24,848 - root - INFO -  El campo 'Codigo Alternativo' si se encuentra visible.
2022-08-11 15:19:24,888 - root - INFO -  El campo 'Descrición' si se encuentra visible.
2022-08-11 15:19:24,929 - root - INFO -  El campo 'Fecha Desde' si se encuentra visible.
2022-08-11 15:19:24,983 - root - INFO -  El campo 'Fecha Hasta' si se encuentra visible.
2022-08-11 15:19:25,022 - root - INFO -  El campo 'Moneda' si se encuentra visible.
2022-08-11 15:19:25,065 - root - INFO -  El campo 'Aplicable en' si se encuentra visible.
2022-08-11 15:19:25,113 - root - INFO -  El campo 'Activa' si se encuentra visible.
2022-08-11 15:19:25,160 - root - INFO -  El campo 'Aplicación Global' si se encuentra visible.
2022-08-11 15:19:25,271 - root - INFO -  Ingresa el codigo del nuevo registro 
2022-08-11 15:19:28,411 - root - INFO -  Ingresa el codigo alternativo del nuevo registro 
2022-08-11 15:19:31,634 - root - INFO -  Ingresa la descripción del nuevo registro 
2022-08-11 15:19:43,413 - root - INFO -  Ingresa la Fecha hasta del nuevo registro 
2022-08-11 15:20:24,521 - root - INFO - Se hace el cambio de pestaña para continuar con el registro nuevo
2022-08-11 15:20:27,671 - root - INFO -  Se presiona el boton 'Nuevo', para crear un nuevo registro.
2022-08-11 15:20:32,743 - root - INFO -  El campo 'Tipo Restricción' si se encuentra visible.
2022-08-11 15:20:32,783 - root - INFO -  El campo 'Artículo' si se encuentra visible.
2022-08-11 15:20:41,425 - root - INFO -  Ingresa el Articulo del nuevo registro 
2022-08-11 15:20:52,745 - root - INFO -  Se presiona el boton 'Guardar', para guardar el registro.
2022-08-11 15:20:57,878 - root - INFO -  Se da clic en el boton Guardar; se debe crear un nuevo registro.
2022-08-11 15:21:04,012 - root - ERROR - No se encontró el botón Refrescar, revise si el xpath sigue siendo el mismo, para mas detalles del error consulte el reporte
2022-08-11 15:21:07,026 - root - INFO -  Captura: C:\xampp\htdocs\versiones\automatizaciones\AutoPWST\08PV\report\img  screen：20220811_15_21_07.png
2022-08-11 15:21:07,543 - root - ERROR - No se encontró el botón Refrescar, revise si el xpath sigue siendo el mismo, para mas detalles del error consulte el reporte
2022-08-11 15:21:10,550 - root - INFO -  Captura: C:\xampp\htdocs\versiones\automatizaciones\AutoPWST\08PV\report\img  screen：20220811_15_21_10.png
2022-08-11 15:21:10,557 - root - ERROR - No se encontró el botón Refrescar, revise si el xpath sigue siendo el mismo, para mas detalles del error consulte el reporte
2022-08-11 15:21:13,566 - root - INFO -  Captura: C:\xampp\htdocs\versiones\automatizaciones\AutoPWST\08PV\report\img  screen：20220811_15_21_13.png
2022-08-11 15:22:35,089 - root - INFO -  Se abre el chrome
2022-08-11 15:22:37,919 - root - INFO -  Entra a la URL
2022-08-11 15:22:38,045 - root - INFO -  Maximiza la pantalla
2022-08-11 15:22:41,112 - root - INFO -  Cambia al frame
2022-08-11 15:22:44,204 - root - INFO -  Escribe el usuario
2022-08-11 15:22:44,312 - root - INFO -  Escribe la contraseña
2022-08-11 15:22:44,458 - root - INFO -  Se dio clic en el boton ingresar
2022-08-11 15:22:47,553 - root - INFO -  Ejecutar Enterprise
2022-08-11 15:22:47,554 - root - INFO -  Captura: C:\xampp\htdocs\versiones\automatizaciones\AutoPWST\08PV\report\img  screen：20220811_15_22_47.png
2022-08-11 15:22:51,824 - root - INFO -  Cambia entre pestañas
2022-08-11 15:23:40,762 - root - INFO -  Abre el menu completo
2022-08-11 15:23:55,725 - root - INFO -  Abre la pantalla de Politicas de Venta
2022-08-11 15:24:00,052 - root - INFO -  La pantalla ejecutada es Politicas de Venta
2022-08-11 15:24:03,065 - root - INFO -  Captura: C:\xampp\htdocs\versiones\automatizaciones\AutoPWST\08PV\report\img  screen：20220811_15_24_03.png
2022-08-11 15:24:03,321 - root - INFO -  Se presiona el boton 'Nuevo', para crear un nuevo registro.
2022-08-11 15:24:08,411 - root - INFO -  Se abrio la pantalla para el ingreso de un registro nuevo.
2022-08-11 15:24:08,470 - root - INFO -  El campo 'Codigo' si se encuentra visible.
2022-08-11 15:24:08,523 - root - INFO -  El campo 'Codigo Alternativo' si se encuentra visible.
2022-08-11 15:24:08,563 - root - INFO -  El campo 'Descrición' si se encuentra visible.
2022-08-11 15:24:08,604 - root - INFO -  El campo 'Fecha Desde' si se encuentra visible.
2022-08-11 15:24:08,643 - root - INFO -  El campo 'Fecha Hasta' si se encuentra visible.
2022-08-11 15:24:08,682 - root - INFO -  El campo 'Moneda' si se encuentra visible.
2022-08-11 15:24:08,722 - root - INFO -  El campo 'Aplicable en' si se encuentra visible.
2022-08-11 15:24:08,762 - root - INFO -  El campo 'Activa' si se encuentra visible.
2022-08-11 15:24:08,802 - root - INFO -  El campo 'Aplicación Global' si se encuentra visible.
2022-08-11 15:24:08,917 - root - INFO -  Ingresa el codigo del nuevo registro 
2022-08-11 15:24:12,069 - root - INFO -  Ingresa el codigo alternativo del nuevo registro 
2022-08-11 15:24:15,342 - root - INFO -  Ingresa la descripción del nuevo registro 
2022-08-11 15:24:27,137 - root - INFO -  Ingresa la Fecha hasta del nuevo registro 
2022-08-11 15:25:08,125 - root - INFO - Se hace el cambio de pestaña para continuar con el registro nuevo
2022-08-11 15:25:11,273 - root - INFO -  Se presiona el boton 'Nuevo', para crear un nuevo registro.
2022-08-11 15:25:16,366 - root - INFO -  El campo 'Tipo Restricción' si se encuentra visible.
2022-08-11 15:25:16,434 - root - INFO -  El campo 'Artículo' si se encuentra visible.
2022-08-11 15:25:25,144 - root - INFO -  Ingresa el Articulo del nuevo registro 
2022-08-11 15:25:36,435 - root - INFO -  Se presiona el boton 'Guardar', para guardar el registro.
2022-08-11 15:25:41,608 - root - INFO -  Se da clic en el boton Guardar; se debe crear un nuevo registro.
2022-08-11 15:25:46,754 - root - INFO -  Se presiona el boton 'Refrescar', para crear un nuevo registro igual al anterior.
2022-08-11 15:25:51,933 - root - INFO -  Se presiona el boton 'Nuevo', para crear un nuevo registro igual al anterior.
2022-08-11 15:25:57,007 - root - INFO -  Se abrio la pantalla para el ingreso de un registro nuevo.
2022-08-11 15:25:57,052 - root - INFO -  El campo 'Codigo' si se encuentra visible.
2022-08-11 15:25:57,094 - root - INFO -  El campo 'Codigo Alternativo' si se encuentra visible.
2022-08-11 15:25:57,133 - root - INFO -  El campo 'Descrición' si se encuentra visible.
2022-08-11 15:25:57,180 - root - INFO -  El campo 'Fecha Desde' si se encuentra visible.
2022-08-11 15:25:57,221 - root - INFO -  El campo 'Fecha Hasta' si se encuentra visible.
2022-08-11 15:25:57,261 - root - INFO -  El campo 'Moneda' si se encuentra visible.
2022-08-11 15:25:57,302 - root - INFO -  El campo 'Aplicable en' si se encuentra visible.
2022-08-11 15:25:57,344 - root - INFO -  El campo 'Activa' si se encuentra visible.
2022-08-11 15:25:57,385 - root - INFO -  El campo 'Aplicación Global' si se encuentra visible.
2022-08-11 15:25:57,505 - root - INFO -  Ingresa el codigo del nuevo registro 
2022-08-11 15:26:00,705 - root - INFO -  Ingresa el codigo alternativo del nuevo registro 
2022-08-11 15:26:03,945 - root - INFO -  Ingresa la descripción del nuevo registro 
2022-08-11 15:26:15,738 - root - INFO -  Ingresa la Fecha hasta del nuevo registro 
2022-08-11 15:26:56,734 - root - INFO -  Se da clic en el boton Guardar; se debe crear un nuevo registro.
2022-08-11 15:27:01,742 - root - INFO -  Captura: C:\xampp\htdocs\versiones\automatizaciones\AutoPWST\08PV\report\img  screen：20220811_15_27_01.png
2022-08-11 15:27:02,005 - root - INFO -  Se presiona el boton 'Cerrar', para cerrar el mensaje de duplicidad de llave primaria
2022-08-11 15:27:05,117 - root - INFO -  Se presiona el boton 'Cerrar', para cerrar la ventana
2022-08-11 15:27:09,287 - root - INFO -  Se presiona el boton 'Refrescar', para crear un nuevo registro igual al anterior.
2022-08-11 15:27:18,991 - root - INFO -  Se da clic en el registro creado, para proceder a modificarlo.
2022-08-11 15:27:24,356 - root - INFO -  Se modifica el contenido del campo Codigo Alternativo
2022-08-11 15:27:27,659 - root - INFO -  Se modifica el contenido del campo Descripcion
2022-08-11 15:27:39,509 - root - INFO -  Ingresa la Fecha hasta del nuevo registro 
2022-08-11 15:28:20,663 - root - INFO - Se hace el cambio de pestaña para continuar con el registro nuevo
2022-08-11 15:28:28,274 - root - INFO -  Se da clic en el registro creado, para proceder a modificarlo.
2022-08-11 15:28:31,569 - root - INFO -  Ingresa el Articulo del nuevo registro 
2022-08-11 15:28:39,827 - root - INFO -  Se presiona el boton 'Guardar', para guardar el registro.
2022-08-11 15:28:48,038 - root - INFO -  Se da clic en el boton Guardar; se debe modificar la informacion del registro.
2022-08-11 15:28:53,170 - root - INFO -  Se presiona el boton 'Refrescar', para proceder a eliminar el registro.
2022-08-11 15:29:02,838 - root - INFO -  Se da clic en el registro creado, para proceder a eliminarlo.
2022-08-11 15:29:08,015 - root - INFO - Se hace el cambio de pestaña para continuar con el registro nuevo
2022-08-11 15:29:15,635 - root - INFO -  Se da clic en el registro creado, para proceder a modificarlo.
2022-08-11 15:29:23,784 - root - INFO -  Se presiona el boton 'Eliminar', para eliminar el registro.
2022-08-11 15:29:23,922 - root - INFO -  Se da clic en el boton Guardar; se debe modificar la informacion del registro.
2022-08-11 15:29:33,562 - root - INFO -  Se da clic en el registro creado, para proceder a eliminarlo.
2022-08-11 15:29:41,696 - root - INFO -  Se presiona el boton 'Eliminar', para eliminar el registro.
2022-08-11 15:29:41,698 - root - INFO -  Captura: C:\xampp\htdocs\versiones\automatizaciones\AutoPWST\08PV\report\img  screen：20220811_15_29_41.png
2022-08-11 15:29:41,957 - root - INFO -  Se confirma el eliminado del registro
2022-08-11 15:29:47,139 - root - INFO -  Se presiona el boton 'Refrescar', para crear un nuevo registro igual al anterior.
2022-08-11 15:29:52,285 - root - INFO -  Se presiona el boton 'Cerrar', para cerrar la pantalla de Categorias Fiscales.
2022-08-11 15:29:56,603 - root - INFO -  Se cierra chrome
2022-08-11 15:31:14,521 - root - INFO -  Se abre el chrome
2022-08-11 15:31:17,834 - root - INFO -  Entra a la URL
2022-08-11 15:31:17,965 - root - INFO -  Maximiza la pantalla
2022-08-11 15:31:21,022 - root - INFO -  Cambia al frame
2022-08-11 15:31:24,121 - root - INFO -  Escribe el usuario
2022-08-11 15:31:24,232 - root - INFO -  Escribe la contraseña
2022-08-11 15:31:24,371 - root - INFO -  Se dio clic en el boton ingresar
2022-08-11 15:31:27,411 - root - INFO -  Ejecutar Enterprise
2022-08-11 15:31:27,412 - root - INFO -  Captura: C:\xampp\htdocs\versiones\automatizaciones\AutoPWST\08PV\report\img  screen：20220811_15_31_27.png
2022-08-11 15:31:31,681 - root - INFO -  Cambia entre pestañas
2022-08-11 15:32:18,011 - root - INFO -  Abre el menu completo
2022-08-11 15:32:33,063 - root - INFO -  Abre la pantalla de Politicas de Venta
2022-08-11 15:32:33,139 - root - INFO -  La pantalla ejecutada es Politicas de Venta
2022-08-11 15:32:36,154 - root - INFO -  Captura: C:\xampp\htdocs\versiones\automatizaciones\AutoPWST\08PV\report\img  screen：20220811_15_32_36.png
2022-08-11 15:32:36,415 - root - INFO -  Se presiona el boton 'Nuevo', para crear un nuevo registro.
2022-08-11 15:32:41,506 - root - INFO -  Se abrio la pantalla para el ingreso de un registro nuevo.
2022-08-11 15:32:41,551 - root - INFO -  El campo 'Codigo' si se encuentra visible.
2022-08-11 15:32:41,592 - root - INFO -  El campo 'Codigo Alternativo' si se encuentra visible.
2022-08-11 15:32:41,644 - root - INFO -  El campo 'Descrición' si se encuentra visible.
2022-08-11 15:32:41,684 - root - INFO -  El campo 'Fecha Desde' si se encuentra visible.
2022-08-11 15:32:41,725 - root - INFO -  El campo 'Fecha Hasta' si se encuentra visible.
2022-08-11 15:32:41,766 - root - INFO -  El campo 'Moneda' si se encuentra visible.
2022-08-11 15:32:41,806 - root - INFO -  El campo 'Aplicable en' si se encuentra visible.
2022-08-11 15:32:41,846 - root - INFO -  El campo 'Activa' si se encuentra visible.
2022-08-11 15:32:41,885 - root - INFO -  El campo 'Aplicación Global' si se encuentra visible.
2022-08-11 15:32:42,001 - root - INFO -  Ingresa el codigo del nuevo registro 
2022-08-11 15:32:45,167 - root - INFO -  Ingresa el codigo alternativo del nuevo registro 
2022-08-11 15:32:48,386 - root - INFO -  Ingresa la descripción del nuevo registro 
2022-08-11 15:33:00,199 - root - INFO -  Ingresa la Fecha hasta del nuevo registro 
2022-08-11 15:33:41,240 - root - INFO - Se hace el cambio de pestaña para continuar con el registro nuevo
2022-08-11 15:33:44,357 - root - INFO -  Se presiona el boton 'Nuevo', para crear un nuevo registro.
2022-08-11 15:33:49,454 - root - INFO -  El campo 'Tipo Restricción' si se encuentra visible.
2022-08-11 15:33:49,499 - root - INFO -  El campo 'Artículo' si se encuentra visible.
2022-08-11 15:33:58,140 - root - INFO -  Ingresa el Articulo del nuevo registro 
2022-08-11 15:34:03,156 - root - INFO -  Captura: C:\xampp\htdocs\versiones\automatizaciones\AutoPWST\08PV\report\img  screen：20220811_15_34_03.png
2022-08-11 15:34:06,555 - root - INFO -  Se presiona el boton 'Guardar', para guardar el registro.
2022-08-11 15:34:11,695 - root - INFO -  Se da clic en el boton Guardar; se debe crear un nuevo registro.
2022-08-11 15:34:16,816 - root - INFO -  Se presiona el boton 'Refrescar', para crear un nuevo registro igual al anterior.
2022-08-11 15:34:21,953 - root - INFO -  Se presiona el boton 'Nuevo', para crear un nuevo registro igual al anterior.
2022-08-11 15:34:27,014 - root - INFO -  Se abrio la pantalla para el ingreso de un registro nuevo.
2022-08-11 15:34:27,058 - root - INFO -  El campo 'Codigo' si se encuentra visible.
2022-08-11 15:34:27,096 - root - INFO -  El campo 'Codigo Alternativo' si se encuentra visible.
2022-08-11 15:34:27,135 - root - INFO -  El campo 'Descrición' si se encuentra visible.
2022-08-11 15:34:27,174 - root - INFO -  El campo 'Fecha Desde' si se encuentra visible.
2022-08-11 15:34:27,214 - root - INFO -  El campo 'Fecha Hasta' si se encuentra visible.
2022-08-11 15:34:27,255 - root - INFO -  El campo 'Moneda' si se encuentra visible.
2022-08-11 15:34:27,294 - root - INFO -  El campo 'Aplicable en' si se encuentra visible.
2022-08-11 15:34:27,334 - root - INFO -  El campo 'Activa' si se encuentra visible.
2022-08-11 15:34:27,373 - root - INFO -  El campo 'Aplicación Global' si se encuentra visible.
2022-08-11 15:34:27,482 - root - INFO -  Ingresa el codigo del nuevo registro 
2022-08-11 15:34:30,657 - root - INFO -  Ingresa el codigo alternativo del nuevo registro 
2022-08-11 15:34:33,938 - root - INFO -  Ingresa la descripción del nuevo registro 
2022-08-11 15:34:45,726 - root - INFO -  Ingresa la Fecha hasta del nuevo registro 
2022-08-11 15:35:26,807 - root - INFO -  Se da clic en el boton Guardar; se debe crear un nuevo registro.
2022-08-11 15:35:31,812 - root - INFO -  Captura: C:\xampp\htdocs\versiones\automatizaciones\AutoPWST\08PV\report\img  screen：20220811_15_35_31.png
2022-08-11 15:35:32,104 - root - INFO -  Se presiona el boton 'Cerrar', para cerrar el mensaje de duplicidad de llave primaria
2022-08-11 15:35:35,243 - root - INFO -  Se presiona el boton 'Cerrar', para cerrar la ventana
2022-08-11 15:35:39,406 - root - INFO -  Se presiona el boton 'Refrescar', para crear un nuevo registro igual al anterior.
2022-08-11 15:35:49,083 - root - INFO -  Se da clic en el registro creado, para proceder a modificarlo.
2022-08-11 15:35:54,315 - root - INFO -  Se modifica el contenido del campo Codigo Alternativo
2022-08-11 15:35:57,593 - root - INFO -  Se modifica el contenido del campo Descripcion
2022-08-11 15:36:09,308 - root - INFO -  Ingresa la Fecha hasta del nuevo registro 
2022-08-11 15:36:50,388 - root - INFO - Se hace el cambio de pestaña para continuar con el registro nuevo
2022-08-11 15:36:58,059 - root - INFO -  Se da clic en el registro creado, para proceder a modificarlo.
2022-08-11 15:37:01,345 - root - INFO -  Ingresa el Articulo del nuevo registro 
2022-08-11 15:37:06,349 - root - INFO -  Captura: C:\xampp\htdocs\versiones\automatizaciones\AutoPWST\08PV\report\img  screen：20220811_15_37_06.png
2022-08-11 15:37:09,760 - root - INFO -  Se presiona el boton 'Guardar', para guardar el registro.
2022-08-11 15:37:17,872 - root - INFO -  Se da clic en el boton Guardar; se debe modificar la informacion del registro.
2022-08-11 15:37:23,000 - root - INFO -  Se presiona el boton 'Refrescar', para proceder a eliminar el registro.
2022-08-11 15:37:32,671 - root - INFO -  Se da clic en el registro creado, para proceder a eliminarlo.
2022-08-11 15:37:37,866 - root - INFO - Se hace el cambio de pestaña para continuar con el registro nuevo
2022-08-11 15:37:45,509 - root - INFO -  Se da clic en el registro creado, para proceder a modificarlo.
2022-08-11 15:37:53,680 - root - INFO -  Se presiona el boton 'Eliminar', para eliminar el registro.
2022-08-11 15:37:53,839 - root - INFO -  Se da clic en el boton Guardar; se debe modificar la informacion del registro.
2022-08-11 15:38:03,480 - root - INFO -  Se da clic en el registro creado, para proceder a eliminarlo.
2022-08-11 15:38:11,624 - root - INFO -  Se presiona el boton 'Eliminar', para eliminar el registro.
2022-08-11 15:38:11,626 - root - INFO -  Captura: C:\xampp\htdocs\versiones\automatizaciones\AutoPWST\08PV\report\img  screen：20220811_15_38_11.png
2022-08-11 15:38:11,914 - root - INFO -  Se confirma el eliminado del registro
2022-08-11 15:38:17,063 - root - INFO -  Se presiona el boton 'Refrescar', para crear un nuevo registro igual al anterior.
2022-08-11 15:38:22,233 - root - INFO -  Se presiona el boton 'Cerrar', para cerrar la pantalla de Categorias Fiscales.
2022-08-11 15:38:26,557 - root - INFO -  Se cierra chrome
