2022-12-20 15:08:44,234 - root - INFO -  Se abre el chrome
2022-12-20 15:08:45,545 - root - INFO -  Entra a la URL
2022-12-20 15:08:45,691 - root - INFO -  Maximiza la pantalla
2022-12-20 15:08:48,826 - root - INFO -  Escribe el usuario
2022-12-20 15:08:48,952 - root - INFO -  Escribe la contraseña
2022-12-20 15:08:49,065 - root - INFO -  Se dio clic en el boton ingresar
2022-12-20 15:08:49,866 - root - INFO -  Ejecutar Enterprise
2022-12-20 15:08:53,916 - root - INFO -  Cambia entre pestañas
2022-12-20 15:08:58,061 - root - INFO -  Abre la pantalla de Politicas de Venta
2022-12-20 15:08:59,662 - root - INFO -  La pantalla ejecutada es Politicas de Venta
2022-12-20 15:08:59,664 - root - INFO -  Captura: C:\xampp\htdocs\Versiones\automatizaciones\AutoPWST\11PV\report\img  screen：20221220_15_08_59.png
2022-12-20 15:08:59,896 - root - INFO -  Se presiona el boton 'Nuevo', para crear un nuevo registro.
2022-12-20 15:09:00,971 - root - INFO -  Se abrio la pantalla para el ingreso de un registro nuevo.
2022-12-20 15:09:01,022 - root - INFO -  El campo 'Codigo' si se encuentra visible.
2022-12-20 15:09:01,075 - root - INFO -  El campo 'Codigo Alternativo' si se encuentra visible.
2022-12-20 15:09:01,131 - root - INFO -  El campo 'Descrición' si se encuentra visible.
2022-12-20 15:09:01,197 - root - INFO -  El campo 'Tipo de Documento' si se encuentra visible.
2022-12-20 15:09:01,247 - root - INFO -  El campo 'Moneda' si se encuentra visible.
2022-12-20 15:09:01,304 - root - INFO -  El campo 'Aplicable en' si se encuentra visible.
2022-12-20 15:09:01,355 - root - INFO -  El campo 'Activa' si se encuentra visible.
2022-12-20 15:09:01,430 - root - INFO -  El campo 'Aplicación Global' si se encuentra visible.
2022-12-20 15:09:01,524 - root - INFO -  Ingresa el codigo del nuevo registro 
2022-12-20 15:09:01,659 - root - INFO -  Ingresa el codigo alternativo del nuevo registro 
2022-12-20 15:09:01,876 - root - INFO -  Ingresa la descripción del nuevo registro 
2022-12-20 15:09:02,030 - root - INFO -  Ingresa el tipo de documento del nuevo registro 
2022-12-20 15:09:02,031 - root - INFO -  Captura: C:\xampp\htdocs\Versiones\automatizaciones\AutoPWST\11PV\report\img  screen：20221220_15_09_02.png
2022-12-20 15:09:03,248 - root - INFO -  Se dió doble click en el registro de Moneda.
2022-12-20 15:09:03,881 - root - INFO -  Se dió click en la opción BackOffice y Mobile.
2022-12-20 15:09:04,015 - root - INFO -  Se dió click en el checkbox Activa.
2022-12-20 15:09:04,107 - root - INFO -  Se dió click en el checkbox Aplicación Global.
2022-12-20 15:09:04,211 - root - INFO - Se hace el cambio a la pestaña Restricción de Producto para continuar con el registro nuevo
2022-12-20 15:09:04,834 - root - INFO -  Se presiona el boton 'Nuevo', para crear un nuevo registro de Restricción de Producto.
2022-12-20 15:09:05,492 - root - INFO -  El campo 'Tipo Restricción' si se encuentra visible.
2022-12-20 15:09:05,542 - root - INFO -  El campo 'Artículo' si se encuentra visible.
2022-12-20 15:09:05,967 - root - INFO -  Se dió click en la opción Prohibido.
2022-12-20 15:09:06,198 - root - INFO -  Ingresa el Articulo del nuevo registro 
2022-12-20 15:09:09,334 - root - ERROR - No se dió clcik en el botón Guardar, validar que la acción anterior haya finalizado, que el xpath sea el correcto o que la página no presente lentitud
2022-12-20 15:09:09,335 - root - INFO -  Captura: C:\xampp\htdocs\Versiones\automatizaciones\AutoPWST\11PV\report\img  screen：20221220_15_09_09.png
2022-12-20 15:09:10,602 - root - ERROR - No se dió clcik en el botón Refrescar, validar que la acción anterior haya finalizado, que el xpath sea el correcto o que la página no presente lentitud
2022-12-20 15:09:10,603 - root - INFO -  Captura: C:\xampp\htdocs\Versiones\automatizaciones\AutoPWST\11PV\report\img  screen：20221220_15_09_10.png
2022-12-20 15:09:11,817 - root - ERROR - No se dió click en el botón Refrescar, validar que la acción anterior haya finalizado, que el xpath sea el correcto o que la página no presente lentitud
2022-12-20 15:09:11,818 - root - INFO -  Captura: C:\xampp\htdocs\Versiones\automatizaciones\AutoPWST\11PV\report\img  screen：20221220_15_09_11.png
2022-12-20 15:09:13,023 - root - ERROR - No se dió click en el botón Refrescar, validar que la acción anterior haya finalizado, que el xpath sea el correcto o que la página no presente lentitud
2022-12-20 15:09:13,026 - root - INFO -  Captura: C:\xampp\htdocs\Versiones\automatizaciones\AutoPWST\11PV\report\img  screen：20221220_15_09_13.png
2022-12-20 15:09:17,708 - root - INFO -  Se cierra chrome
2022-12-20 15:10:29,573 - root - INFO -  Se abre el chrome
2022-12-20 15:10:30,763 - root - INFO -  Entra a la URL
2022-12-20 15:10:30,954 - root - INFO -  Maximiza la pantalla
2022-12-20 15:10:34,084 - root - INFO -  Escribe el usuario
2022-12-20 15:10:34,225 - root - INFO -  Escribe la contraseña
2022-12-20 15:10:34,337 - root - INFO -  Se dio clic en el boton ingresar
2022-12-20 15:10:35,114 - root - INFO -  Ejecutar Enterprise
2022-12-20 15:10:39,169 - root - INFO -  Cambia entre pestañas
2022-12-20 15:10:47,532 - root - INFO -  Abre la pantalla de Politicas de Venta
2022-12-20 15:10:48,149 - root - INFO -  La pantalla ejecutada es Politicas de Venta
2022-12-20 15:10:48,150 - root - INFO -  Captura: C:\xampp\htdocs\Versiones\automatizaciones\AutoPWST\11PV\report\img  screen：20221220_15_10_48.png
2022-12-20 15:10:48,419 - root - INFO -  Se presiona el boton 'Nuevo', para crear un nuevo registro.
2022-12-20 15:10:49,163 - root - INFO -  Se abrio la pantalla para el ingreso de un registro nuevo.
2022-12-20 15:10:49,227 - root - INFO -  El campo 'Codigo' si se encuentra visible.
2022-12-20 15:10:49,290 - root - INFO -  El campo 'Codigo Alternativo' si se encuentra visible.
2022-12-20 15:10:49,359 - root - INFO -  El campo 'Descrición' si se encuentra visible.
2022-12-20 15:10:49,434 - root - INFO -  El campo 'Tipo de Documento' si se encuentra visible.
2022-12-20 15:10:49,508 - root - INFO -  El campo 'Moneda' si se encuentra visible.
2022-12-20 15:10:49,566 - root - INFO -  El campo 'Aplicable en' si se encuentra visible.
2022-12-20 15:10:49,617 - root - INFO -  El campo 'Activa' si se encuentra visible.
2022-12-20 15:10:49,668 - root - INFO -  El campo 'Aplicación Global' si se encuentra visible.
2022-12-20 15:10:49,762 - root - INFO -  Ingresa el codigo del nuevo registro 
2022-12-20 15:10:49,898 - root - INFO -  Ingresa el codigo alternativo del nuevo registro 
2022-12-20 15:10:50,115 - root - INFO -  Ingresa la descripción del nuevo registro 
2022-12-20 15:10:50,275 - root - INFO -  Ingresa el tipo de documento del nuevo registro 
2022-12-20 15:10:50,276 - root - INFO -  Captura: C:\xampp\htdocs\Versiones\automatizaciones\AutoPWST\11PV\report\img  screen：20221220_15_10_50.png
2022-12-20 15:10:51,445 - root - INFO -  Se dió doble click en el registro de Moneda.
2022-12-20 15:10:52,063 - root - INFO -  Se dió click en la opción BackOffice y Mobile.
2022-12-20 15:10:52,177 - root - INFO -  Se dió click en el checkbox Activa.
2022-12-20 15:10:52,261 - root - INFO -  Se dió click en el checkbox Aplicación Global.
2022-12-20 15:10:52,357 - root - INFO - Se hace el cambio a la pestaña Restricción de Producto para continuar con el registro nuevo
2022-12-20 15:10:53,015 - root - INFO -  Se presiona el boton 'Nuevo', para crear un nuevo registro de Restricción de Producto.
2022-12-20 15:10:53,648 - root - INFO -  El campo 'Tipo Restricción' si se encuentra visible.
2022-12-20 15:10:53,695 - root - INFO -  El campo 'Artículo' si se encuentra visible.
2022-12-20 15:10:54,131 - root - INFO -  Se dió click en la opción Prohibido.
2022-12-20 15:10:54,358 - root - INFO -  Ingresa el Articulo del nuevo registro 
2022-12-20 15:10:57,471 - root - INFO -  Se presiona el boton 'Guardar', para guardar el registro de Restriccción por Producto.
2022-12-20 15:10:57,603 - root - INFO -  Se da clic en el boton Guardar; se debe crear un nuevo registro.
2022-12-20 15:11:00,796 - root - INFO -  Se presiona el boton 'Refrescar', para crear un nuevo registro igual al anterior.
2022-12-20 15:11:02,927 - root - INFO -  Se presiona el boton 'Nuevo', para crear un nuevo registro igual al anterior.
2022-12-20 15:11:03,600 - root - INFO -  Se abrio la pantalla para el ingreso de un registro nuevo.
2022-12-20 15:11:03,679 - root - INFO -  Ingresa el codigo del nuevo registro 
2022-12-20 15:11:03,800 - root - INFO -  Ingresa el codigo alternativo del nuevo registro 
2022-12-20 15:11:03,993 - root - INFO -  Ingresa la descripción del nuevo registro 
2022-12-20 15:11:04,116 - root - INFO -  Ingresa el tipo de documento del nuevo registro 
2022-12-20 15:11:05,138 - root - INFO -  Se dió doble click en el registro de Moneda.
2022-12-20 15:11:05,781 - root - INFO -  Se dió click en la opción BackOffice y Mobile.
2022-12-20 15:11:05,878 - root - INFO -  Se dió click en el checkbox Activa.
2022-12-20 15:11:05,961 - root - INFO -  Se dió click en el checkbox Aplicación Global.
2022-12-20 15:11:06,057 - root - INFO -  Se da clic en el boton Guardar; NO se debe crear un nuevo registro.
2022-12-20 15:11:09,059 - root - INFO -  Captura: C:\xampp\htdocs\Versiones\automatizaciones\AutoPWST\11PV\report\img  screen：20221220_15_11_09.png
2022-12-20 15:11:09,380 - root - INFO -  Se presiona el boton 'Cerrar', para cerrar el mensaje de duplicidad de llave primaria
2022-12-20 15:11:09,556 - root - INFO -  Se presiona el boton 'Cerrar', para cerrar la ventana
2022-12-20 15:11:09,781 - root - INFO -  Se presiona el boton 'Refrescar', para proceder a modificar el registro.
2022-12-20 15:11:12,495 - root - INFO -  Se da clic en el registro creado, para proceder a modificarlo.
2022-12-20 15:11:13,287 - root - INFO -  Se modifica el contenido del campo Codigo Alternativo
2022-12-20 15:11:13,594 - root - INFO -  Se modifica el contenido del campo Descripcion
2022-12-20 15:11:13,789 - root - INFO -  Se modifica el contenido del campo Tipo Documento 
2022-12-20 15:11:13,790 - root - INFO -  Captura: C:\xampp\htdocs\Versiones\automatizaciones\AutoPWST\11PV\report\img  screen：20221220_15_11_13.png
2022-12-20 15:11:14,064 - root - INFO -  Se dió click en el checkbox Ignorar Ajuste.
2022-12-20 15:11:14,369 - root - INFO - Se hace el cambio a la pestaña Restricción de Documento para continuar con la modificación del registro
2022-12-20 15:11:52,168 - root - ERROR - No se dió click en el botón Refrescar, validar que la acción anterior haya finalizado, que el xpath sea el correcto o que la página no presente lentitud
2022-12-20 15:11:52,169 - root - INFO -  Captura: C:\xampp\htdocs\Versiones\automatizaciones\AutoPWST\11PV\report\img  screen：20221220_15_11_52.png
2022-12-20 15:22:42,295 - root - INFO -  Se abre el chrome
2022-12-20 15:23:05,510 - root - INFO -  Entra a la URL
2022-12-20 15:23:05,660 - root - INFO -  Maximiza la pantalla
2022-12-20 15:23:08,838 - root - INFO -  Escribe el usuario
2022-12-20 15:23:08,954 - root - INFO -  Escribe la contraseña
2022-12-20 15:23:09,058 - root - INFO -  Se dio clic en el boton ingresar
2022-12-20 15:23:10,949 - root - INFO -  Ejecutar Enterprise
2022-12-20 15:23:15,029 - root - INFO -  Cambia entre pestañas
2022-12-20 15:23:26,699 - root - ERROR - No se pudo encontrar el menu indicado, validar que la acción anterior haya finalizado, que el xpath sea el correcto o que la página no presente lentitud
2022-12-20 15:23:26,702 - root - INFO -  Captura: C:\xampp\htdocs\Versiones\automatizaciones\AutoPWST\11PV\report\img  screen：20221220_15_23_26.png
2022-12-20 15:23:56,680 - root - ERROR - La pantalla ejecutada no es correcta, validar que la acción anterior haya finalizado, que el xpath sea el correcto o que la página no presente lentitud
2022-12-20 15:23:56,683 - root - INFO -  Captura: C:\xampp\htdocs\Versiones\automatizaciones\AutoPWST\11PV\report\img  screen：20221220_15_23_56.png
2022-12-20 15:24:29,442 - root - ERROR - No se dió clcik en el botón Refrescar, validar que la acción anterior haya finalizado, que el xpath sea el correcto o que la página no presente lentitud
2022-12-20 15:24:29,445 - root - INFO -  Captura: C:\xampp\htdocs\Versiones\automatizaciones\AutoPWST\11PV\report\img  screen：20221220_15_24_29.png
2022-12-20 15:25:02,200 - root - ERROR - No se dió click en el botón Refrescar, validar que la acción anterior haya finalizado, que el xpath sea el correcto o que la página no presente lentitud
2022-12-20 15:25:02,202 - root - INFO -  Captura: C:\xampp\htdocs\Versiones\automatizaciones\AutoPWST\11PV\report\img  screen：20221220_15_25_02.png
2022-12-20 15:25:34,915 - root - ERROR - No se dió click en el botón Refrescar, validar que la acción anterior haya finalizado, que el xpath sea el correcto o que la página no presente lentitud
2022-12-20 15:25:34,918 - root - INFO -  Captura: C:\xampp\htdocs\Versiones\automatizaciones\AutoPWST\11PV\report\img  screen：20221220_15_25_34.png
2022-12-20 15:26:13,907 - root - INFO -  Se abre el chrome
2022-12-20 15:26:15,068 - root - INFO -  Entra a la URL
2022-12-20 15:26:15,209 - root - INFO -  Maximiza la pantalla
2022-12-20 15:26:18,335 - root - INFO -  Escribe el usuario
2022-12-20 15:26:18,468 - root - INFO -  Escribe la contraseña
2022-12-20 15:26:18,578 - root - INFO -  Se dio clic en el boton ingresar
2022-12-20 15:26:19,366 - root - INFO -  Ejecutar Enterprise
2022-12-20 15:26:23,420 - root - INFO -  Cambia entre pestañas
2022-12-20 15:26:38,162 - root - INFO -  Abre la pantalla de Politicas de Venta
2022-12-20 15:26:38,758 - root - INFO -  La pantalla ejecutada es Politicas de Venta
2022-12-20 15:26:38,759 - root - INFO -  Captura: C:\xampp\htdocs\Versiones\automatizaciones\AutoPWST\11PV\report\img  screen：20221220_15_26_38.png
2022-12-20 15:26:38,995 - root - INFO -  Se presiona el boton 'Nuevo', para crear un nuevo registro.
2022-12-20 15:26:39,562 - root - INFO -  Se abrio la pantalla para el ingreso de un registro nuevo.
2022-12-20 15:26:39,608 - root - INFO -  El campo 'Codigo' si se encuentra visible.
2022-12-20 15:26:39,654 - root - INFO -  El campo 'Codigo Alternativo' si se encuentra visible.
2022-12-20 15:26:39,750 - root - INFO -  El campo 'Descrición' si se encuentra visible.
2022-12-20 15:26:39,797 - root - INFO -  El campo 'Tipo de Documento' si se encuentra visible.
2022-12-20 15:26:39,857 - root - INFO -  El campo 'Moneda' si se encuentra visible.
2022-12-20 15:26:39,903 - root - INFO -  El campo 'Aplicable en' si se encuentra visible.
2022-12-20 15:26:39,949 - root - INFO -  El campo 'Activa' si se encuentra visible.
2022-12-20 15:26:39,997 - root - INFO -  El campo 'Aplicación Global' si se encuentra visible.
2022-12-20 15:26:40,082 - root - INFO -  Ingresa el codigo del nuevo registro 
2022-12-20 15:26:40,202 - root - INFO -  Ingresa el codigo alternativo del nuevo registro 
2022-12-20 15:26:40,416 - root - INFO -  Ingresa la descripción del nuevo registro 
2022-12-20 15:26:40,555 - root - INFO -  Ingresa el tipo de documento del nuevo registro 
2022-12-20 15:26:40,556 - root - INFO -  Captura: C:\xampp\htdocs\Versiones\automatizaciones\AutoPWST\11PV\report\img  screen：20221220_15_26_40.png
2022-12-20 15:26:41,760 - root - INFO -  Se dió doble click en el registro de Moneda.
2022-12-20 15:26:42,378 - root - INFO -  Se dió click en la opción BackOffice y Mobile.
2022-12-20 15:26:42,472 - root - INFO -  Se dió click en el checkbox Activa.
2022-12-20 15:26:42,558 - root - INFO -  Se dió click en el checkbox Aplicación Global.
2022-12-20 15:26:42,649 - root - INFO - Se hace el cambio a la pestaña Restricción de Producto para continuar con el registro nuevo
2022-12-20 15:26:43,337 - root - INFO -  Se presiona el boton 'Nuevo', para crear un nuevo registro de Restricción de Producto.
2022-12-20 15:26:44,040 - root - INFO -  El campo 'Tipo Restricción' si se encuentra visible.
2022-12-20 15:26:44,086 - root - INFO -  El campo 'Artículo' si se encuentra visible.
2022-12-20 15:26:44,505 - root - INFO -  Se dió click en la opción Prohibido.
2022-12-20 15:26:46,723 - root - INFO -  Ingresa el Articulo del nuevo registro 
2022-12-20 15:26:46,726 - root - INFO -  Captura: C:\xampp\htdocs\Versiones\automatizaciones\AutoPWST\11PV\report\img  screen：20221220_15_26_46.png
2022-12-20 15:26:49,151 - root - INFO -  Se presiona el boton 'Guardar', para guardar el registro de Restriccción por Producto.
2022-12-20 15:26:49,483 - root - INFO -  Se da clic en el boton Guardar; se debe crear un nuevo registro.
2022-12-20 15:26:49,930 - root - INFO -  Se presiona el boton 'Refrescar', para crear un nuevo registro igual al anterior.
2022-12-20 15:26:52,078 - root - INFO -  Se presiona el boton 'Nuevo', para crear un nuevo registro igual al anterior.
2022-12-20 15:26:52,667 - root - INFO -  Se abrio la pantalla para el ingreso de un registro nuevo.
2022-12-20 15:26:52,799 - root - INFO -  Ingresa el codigo del nuevo registro 
2022-12-20 15:26:52,964 - root - INFO -  Ingresa el codigo alternativo del nuevo registro 
2022-12-20 15:26:53,153 - root - INFO -  Ingresa la descripción del nuevo registro 
2022-12-20 15:26:53,273 - root - INFO -  Ingresa el tipo de documento del nuevo registro 
2022-12-20 15:26:54,274 - root - INFO -  Se dió doble click en el registro de Moneda.
2022-12-20 15:26:54,902 - root - INFO -  Se dió click en la opción BackOffice y Mobile.
2022-12-20 15:26:55,006 - root - INFO -  Se dió click en el checkbox Activa.
2022-12-20 15:26:55,087 - root - INFO -  Se dió click en el checkbox Aplicación Global.
2022-12-20 15:26:55,178 - root - INFO -  Se da clic en el boton Guardar; NO se debe crear un nuevo registro.
2022-12-20 15:26:58,180 - root - INFO -  Captura: C:\xampp\htdocs\Versiones\automatizaciones\AutoPWST\11PV\report\img  screen：20221220_15_26_58.png
2022-12-20 15:26:58,519 - root - INFO -  Se presiona el boton 'Cerrar', para cerrar el mensaje de duplicidad de llave primaria
2022-12-20 15:26:58,652 - root - INFO -  Se presiona el boton 'Cerrar', para cerrar la ventana
2022-12-20 15:26:58,852 - root - INFO -  Se presiona el boton 'Refrescar', para proceder a modificar el registro.
2022-12-20 15:27:01,570 - root - INFO -  Se da clic en el registro creado, para proceder a modificarlo.
2022-12-20 15:27:02,313 - root - INFO -  Se modifica el contenido del campo Codigo Alternativo
2022-12-20 15:27:02,589 - root - INFO -  Se modifica el contenido del campo Descripcion
2022-12-20 15:27:02,779 - root - INFO -  Se modifica el contenido del campo Tipo Documento 
2022-12-20 15:27:02,780 - root - INFO -  Captura: C:\xampp\htdocs\Versiones\automatizaciones\AutoPWST\11PV\report\img  screen：20221220_15_27_02.png
2022-12-20 15:27:03,034 - root - INFO -  Se dió click en el checkbox Ignorar Ajuste.
2022-12-20 15:27:03,422 - root - INFO - Se hace el cambio a la pestaña Restricción de Documento para continuar con la modificación del registro
2022-12-20 15:27:04,654 - root - INFO -  Se da clic en el registro de Restricción por Producto, para proceder a modificarlo.
2022-12-20 15:27:07,519 - root - INFO -  Se modifica el contenido del campo Articulo 
2022-12-20 15:27:07,522 - root - INFO -  Captura: C:\xampp\htdocs\Versiones\automatizaciones\AutoPWST\11PV\report\img  screen：20221220_15_27_07.png
2022-12-20 15:27:09,969 - root - INFO -  Se presiona el boton 'Guardar', para guardar la modificación del regsitro de Restricción por Producto.
2022-12-20 15:27:10,250 - root - INFO -  Se da clic en el boton Guardar; se debe modificar la informacion del registro.
2022-12-20 15:27:10,682 - root - INFO -  Se presiona el boton 'Refrescar', para proceder a eliminar el registro.
2022-12-20 15:27:13,375 - root - INFO -  Se da clic en el registro creado, para proceder a eliminarlo.
2022-12-20 15:27:14,010 - root - INFO - Se hace el cambio a la pestaña Restricción por Producto para continuar con la eliminación del registro
2022-12-20 15:28:20,623 - root - INFO -  Se abre el chrome
2022-12-20 15:28:21,867 - root - INFO -  Entra a la URL
2022-12-20 15:28:22,005 - root - INFO -  Maximiza la pantalla
2022-12-20 15:28:25,027 - root - ERROR - No se pudo encontrar el campo para ingresar el usuario, revise si el xpath sigue siendo el mismo, para mas detalles del error consulte el reporte
2022-12-20 15:28:25,029 - root - INFO -  Captura: C:\xampp\htdocs\Versiones\automatizaciones\AutoPWST\11PV\report\img  screen：20221220_15_28_25.png
2022-12-20 15:28:25,067 - root - ERROR - No se pudo encontrar el menu indicado, validar que la acción anterior haya finalizado, que el xpath sea el correcto o que la página no presente lentitud
2022-12-20 15:28:25,068 - root - INFO -  Captura: C:\xampp\htdocs\Versiones\automatizaciones\AutoPWST\11PV\report\img  screen：20221220_15_28_25.png
2022-12-20 15:28:25,078 - root - ERROR - La pantalla ejecutada no es correcta, validar que la acción anterior haya finalizado, que el xpath sea el correcto o que la página no presente lentitud
2022-12-20 15:28:25,079 - root - INFO -  Captura: C:\xampp\htdocs\Versiones\automatizaciones\AutoPWST\11PV\report\img  screen：20221220_15_28_25.png
2022-12-20 15:28:25,087 - root - ERROR - No se dió clcik en el botón Refrescar, validar que la acción anterior haya finalizado, que el xpath sea el correcto o que la página no presente lentitud
2022-12-20 15:28:25,088 - root - INFO -  Captura: C:\xampp\htdocs\Versiones\automatizaciones\AutoPWST\11PV\report\img  screen：20221220_15_28_25.png
2022-12-20 15:28:25,095 - root - ERROR - No se dió click en el botón Refrescar, validar que la acción anterior haya finalizado, que el xpath sea el correcto o que la página no presente lentitud
2022-12-20 15:28:25,096 - root - INFO -  Captura: C:\xampp\htdocs\Versiones\automatizaciones\AutoPWST\11PV\report\img  screen：20221220_15_28_25.png
2022-12-20 15:28:25,104 - root - ERROR - No se dió click en el botón Refrescar, validar que la acción anterior haya finalizado, que el xpath sea el correcto o que la página no presente lentitud
2022-12-20 15:28:25,104 - root - INFO -  Captura: C:\xampp\htdocs\Versiones\automatizaciones\AutoPWST\11PV\report\img  screen：20221220_15_28_25.png
2022-12-20 15:30:49,324 - root - INFO -  Se abre el chrome
2022-12-20 15:30:51,827 - root - INFO -  Entra a la URL
2022-12-20 15:30:51,966 - root - INFO -  Maximiza la pantalla
2022-12-20 15:30:55,090 - root - INFO -  Escribe el usuario
2022-12-20 15:30:55,233 - root - INFO -  Escribe la contraseña
2022-12-20 15:30:55,350 - root - INFO -  Se dio clic en el boton ingresar
2022-12-20 15:30:56,640 - root - INFO -  Ejecutar Enterprise
2022-12-20 15:31:00,689 - root - INFO -  Cambia entre pestañas
2022-12-20 15:31:06,867 - root - ERROR - No se pudo encontrar el menu indicado, validar que la acción anterior haya finalizado, que el xpath sea el correcto o que la página no presente lentitud
2022-12-20 15:31:06,869 - root - INFO -  Captura: C:\xampp\htdocs\Versiones\automatizaciones\AutoPWST\11PV\report\img  screen：20221220_15_31_06.png
2022-12-20 15:31:36,976 - root - ERROR - La pantalla ejecutada no es correcta, validar que la acción anterior haya finalizado, que el xpath sea el correcto o que la página no presente lentitud
2022-12-20 15:31:36,979 - root - INFO -  Captura: C:\xampp\htdocs\Versiones\automatizaciones\AutoPWST\11PV\report\img  screen：20221220_15_31_36.png
2022-12-20 15:32:09,665 - root - ERROR - No se dió clcik en el botón Refrescar, validar que la acción anterior haya finalizado, que el xpath sea el correcto o que la página no presente lentitud
2022-12-20 15:32:09,667 - root - INFO -  Captura: C:\xampp\htdocs\Versiones\automatizaciones\AutoPWST\11PV\report\img  screen：20221220_15_32_09.png
2022-12-20 15:32:42,382 - root - ERROR - No se dió click en el botón Refrescar, validar que la acción anterior haya finalizado, que el xpath sea el correcto o que la página no presente lentitud
2022-12-20 15:32:42,384 - root - INFO -  Captura: C:\xampp\htdocs\Versiones\automatizaciones\AutoPWST\11PV\report\img  screen：20221220_15_32_42.png
2022-12-20 15:33:15,062 - root - ERROR - No se dió click en el botón Refrescar, validar que la acción anterior haya finalizado, que el xpath sea el correcto o que la página no presente lentitud
2022-12-20 15:33:15,065 - root - INFO -  Captura: C:\xampp\htdocs\Versiones\automatizaciones\AutoPWST\11PV\report\img  screen：20221220_15_33_15.png
2022-12-20 15:34:29,371 - root - INFO -  Se abre el chrome
2022-12-20 15:34:30,604 - root - INFO -  Entra a la URL
2022-12-20 15:34:30,778 - root - INFO -  Maximiza la pantalla
2022-12-20 15:34:33,902 - root - INFO -  Escribe el usuario
2022-12-20 15:34:34,040 - root - INFO -  Escribe la contraseña
2022-12-20 15:34:34,152 - root - INFO -  Se dio clic en el boton ingresar
2022-12-20 15:34:35,441 - root - INFO -  Ejecutar Enterprise
2022-12-20 15:34:39,495 - root - INFO -  Cambia entre pestañas
2022-12-20 15:34:43,599 - root - INFO -  Abre la pantalla de Politicas de Venta
2022-12-20 15:34:44,706 - root - INFO -  La pantalla ejecutada es Politicas de Venta
2022-12-20 15:34:44,707 - root - INFO -  Captura: C:\xampp\htdocs\Versiones\automatizaciones\AutoPWST\11PV\report\img  screen：20221220_15_34_44.png
2022-12-20 15:34:44,975 - root - INFO -  Se presiona el boton 'Nuevo', para crear un nuevo registro.
2022-12-20 15:34:45,562 - root - INFO -  Se abrio la pantalla para el ingreso de un registro nuevo.
2022-12-20 15:34:45,615 - root - INFO -  El campo 'Codigo' si se encuentra visible.
2022-12-20 15:34:45,752 - root - INFO -  El campo 'Codigo Alternativo' si se encuentra visible.
2022-12-20 15:34:45,805 - root - INFO -  El campo 'Descrición' si se encuentra visible.
2022-12-20 15:34:45,858 - root - INFO -  El campo 'Tipo de Documento' si se encuentra visible.
2022-12-20 15:34:45,909 - root - INFO -  El campo 'Moneda' si se encuentra visible.
2022-12-20 15:34:45,959 - root - INFO -  El campo 'Aplicable en' si se encuentra visible.
2022-12-20 15:34:46,037 - root - INFO -  El campo 'Activa' si se encuentra visible.
2022-12-20 15:34:46,087 - root - INFO -  El campo 'Aplicación Global' si se encuentra visible.
2022-12-20 15:34:46,178 - root - INFO -  Ingresa el codigo del nuevo registro 
2022-12-20 15:34:46,311 - root - INFO -  Ingresa el codigo alternativo del nuevo registro 
2022-12-20 15:34:46,529 - root - INFO -  Ingresa la descripción del nuevo registro 
2022-12-20 15:34:46,679 - root - INFO -  Ingresa el tipo de documento del nuevo registro 
2022-12-20 15:34:46,680 - root - INFO -  Captura: C:\xampp\htdocs\Versiones\automatizaciones\AutoPWST\11PV\report\img  screen：20221220_15_34_46.png
2022-12-20 15:34:47,821 - root - INFO -  Se dió doble click en el registro de Moneda.
2022-12-20 15:34:48,953 - root - INFO -  Se dió click en la opción BackOffice y Mobile.
2022-12-20 15:34:49,081 - root - INFO -  Se dió click en el checkbox Activa.
2022-12-20 15:34:49,189 - root - INFO -  Se dió click en el checkbox Aplicación Global.
2022-12-20 15:34:49,291 - root - INFO - Se hace el cambio a la pestaña Restricción de Producto para continuar con el registro nuevo
2022-12-20 15:34:49,909 - root - INFO -  Se presiona el boton 'Nuevo', para crear un nuevo registro de Restricción de Producto.
2022-12-20 15:34:50,493 - root - INFO -  El campo 'Tipo Restricción' si se encuentra visible.
2022-12-20 15:34:50,533 - root - INFO -  El campo 'Artículo' si se encuentra visible.
2022-12-20 15:34:50,958 - root - INFO -  Se dió click en la opción Prohibido.
2022-12-20 15:34:53,222 - root - INFO -  Ingresa el Articulo del nuevo registro 
2022-12-20 15:34:53,222 - root - INFO -  Captura: C:\xampp\htdocs\Versiones\automatizaciones\AutoPWST\11PV\report\img  screen：20221220_15_34_53.png
2022-12-20 15:34:55,662 - root - INFO -  Se presiona el boton 'Guardar', para guardar el registro de Restriccción por Producto.
2022-12-20 15:34:55,975 - root - INFO -  Se da clic en el boton Guardar; se debe crear un nuevo registro.
2022-12-20 15:34:57,107 - root - ERROR - No se dió clcik en el botón Refrescar, validar que la acción anterior haya finalizado, que el xpath sea el correcto o que la página no presente lentitud
2022-12-20 15:34:57,107 - root - INFO -  Captura: C:\xampp\htdocs\Versiones\automatizaciones\AutoPWST\11PV\report\img  screen：20221220_15_34_57.png
2022-12-20 15:34:58,479 - root - ERROR - No se dió click en el botón Refrescar, validar que la acción anterior haya finalizado, que el xpath sea el correcto o que la página no presente lentitud
2022-12-20 15:34:58,479 - root - INFO -  Captura: C:\xampp\htdocs\Versiones\automatizaciones\AutoPWST\11PV\report\img  screen：20221220_15_34_58.png
2022-12-20 15:34:59,829 - root - ERROR - No se dió click en el botón Refrescar, validar que la acción anterior haya finalizado, que el xpath sea el correcto o que la página no presente lentitud
2022-12-20 15:34:59,829 - root - INFO -  Captura: C:\xampp\htdocs\Versiones\automatizaciones\AutoPWST\11PV\report\img  screen：20221220_15_34_59.png
2022-12-20 15:35:04,510 - root - INFO -  Se cierra chrome
2022-12-20 15:35:42,127 - root - INFO -  Se abre el chrome
2022-12-20 15:35:43,291 - root - INFO -  Entra a la URL
2022-12-20 15:35:43,430 - root - INFO -  Maximiza la pantalla
2022-12-20 15:35:46,558 - root - INFO -  Escribe el usuario
2022-12-20 15:35:46,692 - root - INFO -  Escribe la contraseña
2022-12-20 15:35:46,799 - root - INFO -  Se dio clic en el boton ingresar
2022-12-20 15:35:48,079 - root - INFO -  Ejecutar Enterprise
2022-12-20 15:35:52,130 - root - INFO -  Cambia entre pestañas
2022-12-20 15:35:56,184 - root - INFO -  Abre la pantalla de Politicas de Venta
2022-12-20 15:35:56,894 - root - INFO -  La pantalla ejecutada es Politicas de Venta
2022-12-20 15:35:56,895 - root - INFO -  Captura: C:\xampp\htdocs\Versiones\automatizaciones\AutoPWST\11PV\report\img  screen：20221220_15_35_56.png
2022-12-20 15:35:57,149 - root - INFO -  Se presiona el boton 'Nuevo', para crear un nuevo registro.
2022-12-20 15:35:57,808 - root - INFO -  Se abrio la pantalla para el ingreso de un registro nuevo.
2022-12-20 15:35:57,868 - root - INFO -  El campo 'Codigo' si se encuentra visible.
2022-12-20 15:35:57,997 - root - INFO -  El campo 'Codigo Alternativo' si se encuentra visible.
2022-12-20 15:35:58,060 - root - INFO -  El campo 'Descrición' si se encuentra visible.
2022-12-20 15:35:58,134 - root - INFO -  El campo 'Tipo de Documento' si se encuentra visible.
2022-12-20 15:35:58,208 - root - INFO -  El campo 'Moneda' si se encuentra visible.
2022-12-20 15:35:58,303 - root - INFO -  El campo 'Aplicable en' si se encuentra visible.
2022-12-20 15:35:58,362 - root - INFO -  El campo 'Activa' si se encuentra visible.
2022-12-20 15:35:58,431 - root - INFO -  El campo 'Aplicación Global' si se encuentra visible.
2022-12-20 15:35:58,547 - root - INFO -  Ingresa el codigo del nuevo registro 
2022-12-20 15:35:58,725 - root - INFO -  Ingresa el codigo alternativo del nuevo registro 
2022-12-20 15:35:59,025 - root - INFO -  Ingresa la descripción del nuevo registro 
2022-12-20 15:35:59,263 - root - INFO -  Ingresa el tipo de documento del nuevo registro 
2022-12-20 15:35:59,264 - root - INFO -  Captura: C:\xampp\htdocs\Versiones\automatizaciones\AutoPWST\11PV\report\img  screen：20221220_15_35_59.png
2022-12-20 15:36:45,421 - root - ERROR - No se encontró el registro de Moneda, validar que la acción anterior haya finalizado, que el xpath sea el correcto o que la página no presente lentitud
2022-12-20 15:36:45,422 - root - INFO -  Captura: C:\xampp\htdocs\Versiones\automatizaciones\AutoPWST\11PV\report\img  screen：20221220_15_36_45.png
2022-12-20 15:36:45,434 - root - ERROR - No se dió clcik en el botón Refrescar, validar que la acción anterior haya finalizado, que el xpath sea el correcto o que la página no presente lentitud
2022-12-20 15:36:45,435 - root - INFO -  Captura: C:\xampp\htdocs\Versiones\automatizaciones\AutoPWST\11PV\report\img  screen：20221220_15_36_45.png
2022-12-20 15:36:45,443 - root - ERROR - No se dió click en el botón Refrescar, validar que la acción anterior haya finalizado, que el xpath sea el correcto o que la página no presente lentitud
2022-12-20 15:36:45,444 - root - INFO -  Captura: C:\xampp\htdocs\Versiones\automatizaciones\AutoPWST\11PV\report\img  screen：20221220_15_36_45.png
2022-12-20 15:36:45,453 - root - ERROR - No se dió click en el botón Refrescar, validar que la acción anterior haya finalizado, que el xpath sea el correcto o que la página no presente lentitud
2022-12-20 15:36:45,454 - root - INFO -  Captura: C:\xampp\htdocs\Versiones\automatizaciones\AutoPWST\11PV\report\img  screen：20221220_15_36_45.png
2022-12-20 15:37:35,507 - root - INFO -  Se abre el chrome
2022-12-20 15:37:36,849 - root - INFO -  Entra a la URL
2022-12-20 15:37:36,980 - root - INFO -  Maximiza la pantalla
2022-12-20 15:37:40,110 - root - INFO -  Escribe el usuario
2022-12-20 15:37:40,247 - root - INFO -  Escribe la contraseña
2022-12-20 15:37:40,358 - root - INFO -  Se dio clic en el boton ingresar
2022-12-20 15:37:41,647 - root - INFO -  Ejecutar Enterprise
2022-12-20 15:37:45,702 - root - INFO -  Cambia entre pestañas
2022-12-20 15:38:03,976 - root - INFO -  Abre la pantalla de Politicas de Venta
2022-12-20 15:38:04,549 - root - INFO -  La pantalla ejecutada es Politicas de Venta
2022-12-20 15:38:04,549 - root - INFO -  Captura: C:\xampp\htdocs\Versiones\automatizaciones\AutoPWST\11PV\report\img  screen：20221220_15_38_04.png
2022-12-20 15:38:04,787 - root - INFO -  Se presiona el boton 'Nuevo', para crear un nuevo registro.
2022-12-20 15:38:05,351 - root - INFO -  Se abrio la pantalla para el ingreso de un registro nuevo.
2022-12-20 15:38:05,398 - root - INFO -  El campo 'Codigo' si se encuentra visible.
2022-12-20 15:38:05,498 - root - INFO -  El campo 'Codigo Alternativo' si se encuentra visible.
2022-12-20 15:38:05,548 - root - INFO -  El campo 'Descrición' si se encuentra visible.
2022-12-20 15:38:05,589 - root - INFO -  El campo 'Tipo de Documento' si se encuentra visible.
2022-12-20 15:38:05,652 - root - INFO -  El campo 'Moneda' si se encuentra visible.
2022-12-20 15:38:05,699 - root - INFO -  El campo 'Aplicable en' si se encuentra visible.
2022-12-20 15:38:05,736 - root - INFO -  El campo 'Activa' si se encuentra visible.
2022-12-20 15:38:05,796 - root - INFO -  El campo 'Aplicación Global' si se encuentra visible.
2022-12-20 15:38:05,883 - root - INFO -  Ingresa el codigo del nuevo registro 
2022-12-20 15:38:06,002 - root - INFO -  Ingresa el codigo alternativo del nuevo registro 
2022-12-20 15:38:06,194 - root - INFO -  Ingresa la descripción del nuevo registro 
2022-12-20 15:38:06,333 - root - INFO -  Ingresa el tipo de documento del nuevo registro 
2022-12-20 15:38:06,334 - root - INFO -  Captura: C:\xampp\htdocs\Versiones\automatizaciones\AutoPWST\11PV\report\img  screen：20221220_15_38_06.png
2022-12-20 15:38:07,521 - root - INFO -  Se dió doble click en el registro de Moneda.
2022-12-20 15:38:08,161 - root - INFO -  Se dió click en la opción BackOffice y Mobile.
2022-12-20 15:38:08,267 - root - INFO -  Se dió click en el checkbox Activa.
2022-12-20 15:38:08,362 - root - INFO -  Se dió click en el checkbox Aplicación Global.
2022-12-20 15:38:08,455 - root - INFO - Se hace el cambio a la pestaña Restricción de Producto para continuar con el registro nuevo
2022-12-20 15:38:09,125 - root - INFO -  Se presiona el boton 'Nuevo', para crear un nuevo registro de Restricción de Producto.
2022-12-20 15:38:09,764 - root - INFO -  El campo 'Tipo Restricción' si se encuentra visible.
2022-12-20 15:38:09,810 - root - INFO -  El campo 'Artículo' si se encuentra visible.
2022-12-20 15:38:10,240 - root - INFO -  Se dió click en la opción Prohibido.
2022-12-20 15:38:12,484 - root - INFO -  Ingresa el Articulo del nuevo registro 
2022-12-20 15:38:12,484 - root - INFO -  Captura: C:\xampp\htdocs\Versiones\automatizaciones\AutoPWST\11PV\report\img  screen：20221220_15_38_12.png
2022-12-20 15:38:14,920 - root - INFO -  Se presiona el boton 'Guardar', para guardar el registro de Restriccción por Producto.
2022-12-20 15:38:15,222 - root - INFO -  Se da clic en el boton Guardar; se debe crear un nuevo registro.
2022-12-20 15:38:15,712 - root - INFO -  Se presiona el boton 'Refrescar', para crear un nuevo registro igual al anterior.
2022-12-20 15:38:17,845 - root - INFO -  Se presiona el boton 'Nuevo', para crear un nuevo registro igual al anterior.
2022-12-20 15:38:18,430 - root - INFO -  Se abrio la pantalla para el ingreso de un registro nuevo.
2022-12-20 15:38:18,570 - root - INFO -  Ingresa el codigo del nuevo registro 
2022-12-20 15:38:18,685 - root - INFO -  Ingresa el codigo alternativo del nuevo registro 
2022-12-20 15:38:18,873 - root - INFO -  Ingresa la descripción del nuevo registro 
2022-12-20 15:38:18,989 - root - INFO -  Ingresa el tipo de documento del nuevo registro 
2022-12-20 15:38:20,022 - root - INFO -  Se dió doble click en el registro de Moneda.
2022-12-20 15:38:20,643 - root - INFO -  Se dió click en la opción BackOffice y Mobile.
2022-12-20 15:38:20,750 - root - INFO -  Se dió click en el checkbox Activa.
2022-12-20 15:38:20,845 - root - INFO -  Se dió click en el checkbox Aplicación Global.
2022-12-20 15:38:20,939 - root - INFO -  Se da clic en el boton Guardar; NO se debe crear un nuevo registro.
2022-12-20 15:38:23,940 - root - INFO -  Captura: C:\xampp\htdocs\Versiones\automatizaciones\AutoPWST\11PV\report\img  screen：20221220_15_38_23.png
2022-12-20 15:38:24,260 - root - INFO -  Se presiona el boton 'Cerrar', para cerrar el mensaje de duplicidad de llave primaria
2022-12-20 15:38:24,425 - root - INFO -  Se presiona el boton 'Cerrar', para cerrar la ventana
2022-12-20 15:38:24,580 - root - INFO -  Se presiona el boton 'Refrescar', para proceder a modificar el registro.
2022-12-20 15:38:27,290 - root - INFO -  Se da clic en el registro creado, para proceder a modificarlo.
2022-12-20 15:38:28,073 - root - INFO -  Se modifica el contenido del campo Codigo Alternativo
2022-12-20 15:38:28,346 - root - INFO -  Se modifica el contenido del campo Descripcion
2022-12-20 15:38:28,548 - root - INFO -  Se modifica el contenido del campo Tipo Documento 
2022-12-20 15:38:28,549 - root - INFO -  Captura: C:\xampp\htdocs\Versiones\automatizaciones\AutoPWST\11PV\report\img  screen：20221220_15_38_28.png
2022-12-20 15:38:28,843 - root - INFO -  Se dió click en el checkbox Ignorar Ajuste.
2022-12-20 15:38:29,172 - root - INFO - Se hace el cambio a la pestaña Restricción de Documento para continuar con la modificación del registro
2022-12-20 15:38:30,367 - root - INFO -  Se da clic en el registro de Restricción por Producto, para proceder a modificarlo.
2022-12-20 15:38:33,224 - root - INFO -  Se modifica el contenido del campo Articulo 
2022-12-20 15:38:33,224 - root - INFO -  Captura: C:\xampp\htdocs\Versiones\automatizaciones\AutoPWST\11PV\report\img  screen：20221220_15_38_33.png
2022-12-20 15:38:35,709 - root - INFO -  Se presiona el boton 'Guardar', para guardar la modificación del regsitro de Restricción por Producto.
2022-12-20 15:38:36,025 - root - INFO -  Se da clic en el boton Guardar; se debe modificar la informacion del registro.
2022-12-20 15:38:36,439 - root - INFO -  Se presiona el boton 'Refrescar', para proceder a eliminar el registro.
2022-12-20 15:38:40,055 - root - INFO -  Se da clic en el registro creado, para proceder a eliminarlo.
2022-12-20 15:38:40,662 - root - INFO - Se hace el cambio a la pestaña Restricción por Producto para continuar con la eliminación del registro
2022-12-20 15:39:00,509 - root - INFO -  Se cierra chrome
2022-12-20 15:40:17,358 - root - INFO -  Se abre el chrome
2022-12-20 15:40:18,592 - root - INFO -  Entra a la URL
2022-12-20 15:40:18,735 - root - INFO -  Maximiza la pantalla
2022-12-20 15:40:21,858 - root - INFO -  Escribe el usuario
2022-12-20 15:40:21,998 - root - INFO -  Escribe la contraseña
2022-12-20 15:40:22,112 - root - INFO -  Se dio clic en el boton ingresar
2022-12-20 15:40:22,905 - root - INFO -  Ejecutar Enterprise
2022-12-20 15:40:26,960 - root - INFO -  Cambia entre pestañas
2022-12-20 15:40:42,489 - root - INFO -  Abre la pantalla de Politicas de Venta
2022-12-20 15:40:43,091 - root - INFO -  La pantalla ejecutada es Politicas de Venta
2022-12-20 15:40:43,091 - root - INFO -  Captura: C:\xampp\htdocs\Versiones\automatizaciones\AutoPWST\11PV\report\img  screen：20221220_15_40_43.png
2022-12-20 15:40:43,338 - root - INFO -  Se presiona el boton 'Nuevo', para crear un nuevo registro.
2022-12-20 15:40:43,976 - root - INFO -  Se abrio la pantalla para el ingreso de un registro nuevo.
2022-12-20 15:40:44,023 - root - INFO -  El campo 'Codigo' si se encuentra visible.
2022-12-20 15:40:44,067 - root - INFO -  El campo 'Codigo Alternativo' si se encuentra visible.
2022-12-20 15:40:44,184 - root - INFO -  El campo 'Descrición' si se encuentra visible.
2022-12-20 15:40:44,228 - root - INFO -  El campo 'Tipo de Documento' si se encuentra visible.
2022-12-20 15:40:44,287 - root - INFO -  El campo 'Moneda' si se encuentra visible.
2022-12-20 15:40:44,334 - root - INFO -  El campo 'Aplicable en' si se encuentra visible.
2022-12-20 15:40:44,383 - root - INFO -  El campo 'Activa' si se encuentra visible.
2022-12-20 15:40:44,431 - root - INFO -  El campo 'Aplicación Global' si se encuentra visible.
2022-12-20 15:40:44,520 - root - INFO -  Ingresa el codigo del nuevo registro 
2022-12-20 15:40:44,635 - root - INFO -  Ingresa el codigo alternativo del nuevo registro 
2022-12-20 15:40:44,821 - root - INFO -  Ingresa la descripción del nuevo registro 
2022-12-20 15:40:44,956 - root - INFO -  Ingresa el tipo de documento del nuevo registro 
2022-12-20 15:40:44,957 - root - INFO -  Captura: C:\xampp\htdocs\Versiones\automatizaciones\AutoPWST\11PV\report\img  screen：20221220_15_40_44.png
2022-12-20 15:40:46,129 - root - INFO -  Se dió doble click en el registro de Moneda.
2022-12-20 15:40:46,742 - root - INFO -  Se dió click en la opción BackOffice y Mobile.
2022-12-20 15:40:46,839 - root - INFO -  Se dió click en el checkbox Activa.
2022-12-20 15:40:46,922 - root - INFO -  Se dió click en el checkbox Aplicación Global.
2022-12-20 15:40:47,010 - root - INFO - Se hace el cambio a la pestaña Restricción de Producto para continuar con el registro nuevo
2022-12-20 15:40:47,627 - root - INFO -  Se presiona el boton 'Nuevo', para crear un nuevo registro de Restricción de Producto.
2022-12-20 15:40:48,300 - root - INFO -  El campo 'Tipo Restricción' si se encuentra visible.
2022-12-20 15:40:48,355 - root - INFO -  El campo 'Artículo' si se encuentra visible.
2022-12-20 15:40:48,772 - root - INFO -  Se dió click en la opción Prohibido.
2022-12-20 15:40:51,021 - root - INFO -  Ingresa el Articulo del nuevo registro 
2022-12-20 15:40:51,021 - root - INFO -  Captura: C:\xampp\htdocs\Versiones\automatizaciones\AutoPWST\11PV\report\img  screen：20221220_15_40_51.png
2022-12-20 15:40:53,469 - root - INFO -  Se presiona el boton 'Guardar', para guardar el registro de Restriccción por Producto.
2022-12-20 15:40:53,754 - root - INFO -  Se da clic en el boton Guardar; se debe crear un nuevo registro.
2022-12-20 15:40:54,904 - root - ERROR - No se dió clcik en el botón Refrescar, validar que la acción anterior haya finalizado, que el xpath sea el correcto o que la página no presente lentitud
2022-12-20 15:40:54,904 - root - INFO -  Captura: C:\xampp\htdocs\Versiones\automatizaciones\AutoPWST\11PV\report\img  screen：20221220_15_40_54.png
2022-12-20 15:40:56,192 - root - ERROR - No se dió click en el botón Refrescar, validar que la acción anterior haya finalizado, que el xpath sea el correcto o que la página no presente lentitud
2022-12-20 15:40:56,192 - root - INFO -  Captura: C:\xampp\htdocs\Versiones\automatizaciones\AutoPWST\11PV\report\img  screen：20221220_15_40_56.png
2022-12-20 15:40:57,559 - root - ERROR - No se dió click en el botón Refrescar, validar que la acción anterior haya finalizado, que el xpath sea el correcto o que la página no presente lentitud
2022-12-20 15:40:57,559 - root - INFO -  Captura: C:\xampp\htdocs\Versiones\automatizaciones\AutoPWST\11PV\report\img  screen：20221220_15_40_57.png
2022-12-20 15:41:02,220 - root - INFO -  Se cierra chrome
2022-12-20 15:47:37,537 - root - INFO -  Se abre el chrome
2022-12-20 15:47:38,765 - root - INFO -  Entra a la URL
2022-12-20 15:47:38,924 - root - INFO -  Maximiza la pantalla
2022-12-20 15:47:42,049 - root - INFO -  Escribe el usuario
2022-12-20 15:47:42,185 - root - INFO -  Escribe la contraseña
2022-12-20 15:47:42,304 - root - INFO -  Se dio clic en el boton ingresar
2022-12-20 15:47:43,087 - root - INFO -  Ejecutar Enterprise
2022-12-20 15:47:47,153 - root - INFO -  Cambia entre pestañas
2022-12-20 15:47:51,252 - root - INFO -  Abre la pantalla de Politicas de Venta
2022-12-20 15:47:52,039 - root - INFO -  La pantalla ejecutada es Politicas de Venta
2022-12-20 15:47:52,040 - root - INFO -  Captura: C:\xampp\htdocs\Versiones\automatizaciones\AutoPWST\11PV\report\img  screen：20221220_15_47_52.png
2022-12-20 15:47:52,379 - root - INFO -  Se presiona el boton 'Nuevo', para crear un nuevo registro.
2022-12-20 15:47:53,475 - root - INFO -  Se abrio la pantalla para el ingreso de un registro nuevo.
2022-12-20 15:47:53,528 - root - INFO -  El campo 'Codigo' si se encuentra visible.
2022-12-20 15:47:53,580 - root - INFO -  El campo 'Codigo Alternativo' si se encuentra visible.
2022-12-20 15:47:53,633 - root - INFO -  El campo 'Descrición' si se encuentra visible.
2022-12-20 15:47:53,690 - root - INFO -  El campo 'Tipo de Documento' si se encuentra visible.
2022-12-20 15:47:53,758 - root - INFO -  El campo 'Moneda' si se encuentra visible.
2022-12-20 15:47:53,812 - root - INFO -  El campo 'Aplicable en' si se encuentra visible.
2022-12-20 15:47:53,862 - root - INFO -  El campo 'Activa' si se encuentra visible.
2022-12-20 15:47:53,910 - root - INFO -  El campo 'Aplicación Global' si se encuentra visible.
2022-12-20 15:47:54,002 - root - INFO -  Ingresa el codigo del nuevo registro 
2022-12-20 15:47:54,128 - root - INFO -  Ingresa el codigo alternativo del nuevo registro 
2022-12-20 15:47:54,345 - root - INFO -  Ingresa la descripción del nuevo registro 
2022-12-20 15:47:54,489 - root - INFO -  Ingresa el tipo de documento del nuevo registro 
2022-12-20 15:47:54,490 - root - INFO -  Captura: C:\xampp\htdocs\Versiones\automatizaciones\AutoPWST\11PV\report\img  screen：20221220_15_47_54.png
2022-12-20 15:47:55,914 - root - INFO -  Se dió doble click en el registro de Moneda.
2022-12-20 15:47:56,536 - root - INFO -  Se dió click en la opción BackOffice y Mobile.
2022-12-20 15:47:56,645 - root - INFO -  Se dió click en el checkbox Activa.
2022-12-20 15:47:56,733 - root - INFO -  Se dió click en el checkbox Aplicación Global.
2022-12-20 15:47:56,825 - root - INFO - Se hace el cambio a la pestaña Restricción de Producto para continuar con el registro nuevo
2022-12-20 15:47:57,467 - root - INFO -  Se presiona el boton 'Nuevo', para crear un nuevo registro de Restricción de Producto.
2022-12-20 15:47:58,133 - root - INFO -  El campo 'Tipo Restricción' si se encuentra visible.
2022-12-20 15:47:58,181 - root - INFO -  El campo 'Artículo' si se encuentra visible.
2022-12-20 15:47:58,604 - root - INFO -  Se dió click en la opción Prohibido.
2022-12-20 15:48:00,836 - root - INFO -  Ingresa el Articulo del nuevo registro 
2022-12-20 15:48:00,836 - root - INFO -  Captura: C:\xampp\htdocs\Versiones\automatizaciones\AutoPWST\11PV\report\img  screen：20221220_15_48_00.png
2022-12-20 15:48:03,262 - root - INFO -  Se presiona el boton 'Guardar', para guardar el registro de Restriccción por Producto.
2022-12-20 15:48:03,549 - root - INFO -  Se da clic en el boton Guardar; se debe crear un nuevo registro.
2022-12-20 15:48:04,003 - root - INFO -  Se presiona el boton 'Refrescar', para crear un nuevo registro igual al anterior.
2022-12-20 15:48:06,136 - root - INFO -  Se presiona el boton 'Nuevo', para crear un nuevo registro igual al anterior.
2022-12-20 15:48:06,734 - root - INFO -  Se abrio la pantalla para el ingreso de un registro nuevo.
2022-12-20 15:48:06,870 - root - INFO -  Ingresa el codigo del nuevo registro 
2022-12-20 15:48:07,042 - root - INFO -  Ingresa el codigo alternativo del nuevo registro 
2022-12-20 15:48:07,255 - root - INFO -  Ingresa la descripción del nuevo registro 
2022-12-20 15:48:07,370 - root - INFO -  Ingresa el tipo de documento del nuevo registro 
2022-12-20 15:48:08,359 - root - INFO -  Se dió doble click en el registro de Moneda.
2022-12-20 15:48:08,990 - root - INFO -  Se dió click en la opción BackOffice y Mobile.
2022-12-20 15:48:09,119 - root - INFO -  Se dió click en el checkbox Activa.
2022-12-20 15:48:09,203 - root - INFO -  Se dió click en el checkbox Aplicación Global.
2022-12-20 15:48:09,297 - root - INFO -  Se da clic en el boton Guardar; NO se debe crear un nuevo registro.
2022-12-20 15:48:12,299 - root - INFO -  Captura: C:\xampp\htdocs\Versiones\automatizaciones\AutoPWST\11PV\report\img  screen：20221220_15_48_12.png
2022-12-20 15:48:12,607 - root - INFO -  Se presiona el boton 'Cerrar', para cerrar el mensaje de duplicidad de llave primaria
2022-12-20 15:48:12,778 - root - INFO -  Se presiona el boton 'Cerrar', para cerrar la ventana
2022-12-20 15:48:12,981 - root - INFO -  Se presiona el boton 'Refrescar', para proceder a modificar el registro.
2022-12-20 15:48:15,670 - root - INFO -  Se da clic en el registro creado, para proceder a modificarlo.
2022-12-20 15:48:16,424 - root - INFO -  Se modifica el contenido del campo Codigo Alternativo
2022-12-20 15:48:16,735 - root - INFO -  Se modifica el contenido del campo Descripcion
2022-12-20 15:48:16,917 - root - INFO -  Se modifica el contenido del campo Tipo Documento 
2022-12-20 15:48:16,918 - root - INFO -  Captura: C:\xampp\htdocs\Versiones\automatizaciones\AutoPWST\11PV\report\img  screen：20221220_15_48_16.png
2022-12-20 15:48:17,182 - root - INFO -  Se dió click en el checkbox Ignorar Ajuste.
2022-12-20 15:48:17,532 - root - INFO - Se hace el cambio a la pestaña Restricción de Documento para continuar con la modificación del registro
2022-12-20 15:48:18,713 - root - INFO -  Se da clic en el registro de Restricción por Producto, para proceder a modificarlo.
2022-12-20 15:48:21,596 - root - INFO -  Se modifica el contenido del campo Articulo 
2022-12-20 15:48:21,596 - root - INFO -  Captura: C:\xampp\htdocs\Versiones\automatizaciones\AutoPWST\11PV\report\img  screen：20221220_15_48_21.png
2022-12-20 15:48:24,081 - root - INFO -  Se presiona el boton 'Guardar', para guardar la modificación del regsitro de Restricción por Producto.
2022-12-20 15:48:24,333 - root - INFO -  Se da clic en el boton Guardar; se debe modificar la informacion del registro.
2022-12-20 15:48:24,856 - root - INFO -  Se presiona el boton 'Refrescar', para proceder a eliminar el registro.
2022-12-20 15:48:28,554 - root - INFO -  Se da clic en el registro creado, para proceder a eliminarlo.
2022-12-20 15:48:29,152 - root - INFO - Se hace el cambio a la pestaña Restricción por Producto para continuar con la eliminación del registro
2022-12-20 15:48:30,313 - root - INFO -  Se da clic en el registro de Restricción por Producto, para proceder a eliminarlo.
2022-12-20 15:48:30,418 - root - INFO -  Se presiona el boton 'Eliminar', para eliminar el registro de Restricción por Producto.
2022-12-20 15:48:33,610 - root - INFO -  Se da clic en el boton Guardar; se debe modificar la informacion del registro.
2022-12-20 15:48:37,232 - root - INFO -  Se da clic en el registro creado, para proceder a eliminarlo.
2022-12-20 15:48:37,341 - root - INFO -  Se presiona el boton 'Eliminar', para eliminar el registro.
2022-12-20 15:48:40,343 - root - INFO -  Captura: C:\xampp\htdocs\Versiones\automatizaciones\AutoPWST\11PV\report\img  screen：20221220_15_48_40.png
2022-12-20 15:48:40,604 - root - INFO -  Se confirma el eliminado del registro
2022-12-20 15:48:40,846 - root - INFO -  Se presiona el boton 'Refrescar', para verificar si el registro ha sido eliminado.
2022-12-20 15:48:44,016 - root - INFO -  Se presiona el boton 'Cerrar', para cerrar la pantalla de Politicas de Venta.
2022-12-20 15:48:48,419 - root - INFO -  Se cierra chrome
