2023-01-02 11:01:28,714 - root - INFO -  Se abre el chrome
2023-01-02 11:01:30,489 - root - INFO -  Entra a la URL
2023-01-02 11:01:30,608 - root - INFO -  Maximiza la pantalla
2023-01-02 11:01:33,722 - root - INFO -  Escribe el usuario
2023-01-02 11:01:33,793 - root - INFO -  Escribe la contraseña
2023-01-02 11:01:33,854 - root - INFO -  Se dio clic en el boton ingresar
2023-01-02 11:01:35,063 - root - INFO -  Ejecutar Enterprise
2023-01-02 11:01:39,143 - root - INFO -  Cambia entre pestañas
2023-01-02 11:01:51,755 - root - INFO -  Abre la pantalla de Politicas de Venta
2023-01-02 11:01:52,817 - root - INFO -  La pantalla ejecutada es Politicas de Venta
2023-01-02 11:01:52,821 - root - INFO -  Captura: C:\xampp\htdocs\versiones\automatizaciones\AutoPWST\11PV\report\img  screen：20230102_11_01_52.png
2023-01-02 11:01:53,548 - root - INFO -  Se da clic en el registro creado, para proceder a modificarlo.
2023-01-02 11:01:55,215 - root - INFO - Se hace el cambio a la pestaña Restricción por Producto para continuar con la eliminación del registro
2023-01-02 11:02:54,280 - root - INFO -  Se abre el chrome
2023-01-02 11:02:56,306 - root - INFO -  Entra a la URL
2023-01-02 11:02:56,432 - root - INFO -  Maximiza la pantalla
2023-01-02 11:02:59,552 - root - INFO -  Escribe el usuario
2023-01-02 11:02:59,622 - root - INFO -  Escribe la contraseña
2023-01-02 11:02:59,685 - root - INFO -  Se dio clic en el boton ingresar
2023-01-02 11:03:01,435 - root - INFO -  Ejecutar Enterprise
2023-01-02 11:03:05,494 - root - INFO -  Cambia entre pestañas
2023-01-02 11:03:17,725 - root - INFO -  Abre la pantalla de Politicas de Venta
2023-01-02 11:03:18,802 - root - INFO -  La pantalla ejecutada es Politicas de Venta
2023-01-02 11:03:18,803 - root - INFO -  Captura: C:\xampp\htdocs\versiones\automatizaciones\AutoPWST\11PV\report\img  screen：20230102_11_03_18.png
2023-01-02 11:03:19,534 - root - INFO -  Se da clic en el registro creado, para proceder a modificarlo.
2023-01-02 11:03:21,157 - root - INFO - Se hace el cambio a la pestaña Restricción por Producto para continuar con la eliminación del registro
2023-01-02 11:03:26,444 - root - INFO -  Se presiona el boton 'Eliminar', para eliminar el registro de Restricción por Producto.
2023-01-02 11:03:26,568 - root - INFO -  Se da clic en el boton Guardar; se debe modificar la informacion del registro.
2023-01-02 11:03:27,160 - root - INFO -  Se da clic en el registro creado, para proceder a eliminarlo.
2023-01-02 11:03:27,551 - root - INFO -  Se presiona el boton 'Eliminar', para eliminar el registro.
2023-01-02 11:03:28,125 - root - INFO -  Se confirma el eliminado del registro
2023-01-02 11:03:28,671 - root - INFO -  Se presiona el boton 'Refrescar', para crear un nuevo registro igual al anterior.
2023-01-02 11:03:28,984 - root - INFO -  Se presiona el boton 'Nuevo', para crear un nuevo registro.
2023-01-02 11:03:31,082 - root - INFO -  Se abrio la pantalla para el ingreso de un registro nuevo.
2023-01-02 11:03:31,112 - root - INFO -  El campo 'Codigo' si se encuentra visible.
2023-01-02 11:03:31,141 - root - INFO -  El campo 'Codigo Alternativo' si se encuentra visible.
2023-01-02 11:03:31,171 - root - INFO -  El campo 'Descrición' si se encuentra visible.
2023-01-02 11:03:31,199 - root - INFO -  El campo 'Tipo de Documento' si se encuentra visible.
2023-01-02 11:03:31,261 - root - INFO -  El campo 'Moneda' si se encuentra visible.
2023-01-02 11:03:31,290 - root - INFO -  El campo 'Aplicable en' si se encuentra visible.
2023-01-02 11:03:31,318 - root - INFO -  El campo 'Activa' si se encuentra visible.
2023-01-02 11:03:31,348 - root - INFO -  El campo 'Aplicación Global' si se encuentra visible.
2023-01-02 11:03:31,400 - root - INFO -  Ingresa el codigo del nuevo registro 
2023-01-02 11:03:31,513 - root - INFO -  Ingresa el codigo alternativo del nuevo registro 
2023-01-02 11:03:31,620 - root - INFO -  Ingresa la descripción del nuevo registro 
2023-01-02 11:03:31,698 - root - INFO -  Ingresa el tipo de documento del nuevo registro 
2023-01-02 11:03:32,711 - root - INFO -  Captura: C:\xampp\htdocs\versiones\automatizaciones\AutoPWST\11PV\report\img  screen：20230102_11_03_32.png
2023-01-02 11:03:32,925 - root - INFO -  Se agrego la Moneda.
2023-01-02 11:03:33,341 - root - INFO -  Se dió click en la opción BackOffice y Mobile.
2023-01-02 11:03:33,488 - root - INFO -  Se dió click en el checkbox Activa.
2023-01-02 11:03:33,543 - root - INFO -  Se dió click en el checkbox Aplicación Global.
2023-01-02 11:03:33,589 - root - INFO - Se hace el cambio a la pestaña Restricción de Producto para continuar con el registro nuevo
2023-01-02 11:03:34,174 - root - INFO -  Se presiona el boton 'Nuevo', para crear un nuevo registro de Restricción de Producto.
2023-01-02 11:03:34,727 - root - INFO -  El campo 'Tipo Restricción' si se encuentra visible.
2023-01-02 11:03:34,764 - root - INFO -  El campo 'Artículo' si se encuentra visible.
2023-01-02 11:03:35,124 - root - INFO -  Se dió click en la opción Prohibido.
2023-01-02 11:03:36,254 - root - INFO -  Ingresa el Articulo del nuevo registro 
2023-01-02 11:03:36,256 - root - INFO -  Captura: C:\xampp\htdocs\versiones\automatizaciones\AutoPWST\11PV\report\img  screen：20230102_11_03_36.png
2023-01-02 11:03:37,583 - root - INFO -  Se presiona el boton 'Guardar', para guardar el registro de Restriccción por Producto.
2023-01-02 11:03:37,917 - root - INFO -  Se da clic en el boton Guardar; se debe crear un nuevo registro.
2023-01-02 11:03:38,967 - root - ERROR - No se dió clcik en el botón Refrescar, validar que la acción anterior haya finalizado, que el xpath sea el correcto o que la página no presente lentitud
2023-01-02 11:03:38,968 - root - INFO -  Captura: C:\xampp\htdocs\versiones\automatizaciones\AutoPWST\11PV\report\img  screen：20230102_11_03_38.png
2023-01-02 11:04:39,598 - root - ERROR - No se encontró el botón Cerrar, revise si el xpath sigue siendo el mismo, para mas detalles del error consulte el reporte
2023-01-02 11:04:44,494 - root - INFO -  Se abre el chrome
2023-01-02 11:04:46,220 - root - INFO -  Entra a la URL
2023-01-02 11:04:46,343 - root - INFO -  Maximiza la pantalla
2023-01-02 11:04:49,454 - root - INFO -  Escribe el usuario
2023-01-02 11:04:49,526 - root - INFO -  Escribe la contraseña
2023-01-02 11:04:49,592 - root - INFO -  Se dio clic en el boton ingresar
2023-01-02 11:04:50,948 - root - INFO -  Ejecutar Enterprise
2023-01-02 11:04:55,034 - root - INFO -  Cambia entre pestañas
2023-01-02 11:05:06,656 - root - INFO -  Abre la pantalla de Politicas de Venta
2023-01-02 11:05:07,297 - root - INFO -  La pantalla ejecutada es Politicas de Venta
2023-01-02 11:05:07,298 - root - INFO -  Captura: C:\xampp\htdocs\versiones\automatizaciones\AutoPWST\11PV\report\img  screen：20230102_11_05_07.png
2023-01-02 11:05:08,027 - root - INFO -  Se da clic en el registro creado, para proceder a modificarlo.
2023-01-02 11:05:08,630 - root - INFO - Se hace el cambio a la pestaña Restricción por Producto para continuar con la eliminación del registro
2023-01-02 11:05:09,707 - root - INFO -  Se da clic en el registro de Restricción por Producto, para proceder a eliminarlo.
2023-01-02 11:05:09,769 - root - INFO -  Se presiona el boton 'Eliminar', para eliminar el registro de Restricción por Producto.
2023-01-02 11:05:09,916 - root - INFO -  Se da clic en el boton Guardar; se debe modificar la informacion del registro.
2023-01-02 11:05:10,492 - root - INFO -  Se da clic en el registro creado, para proceder a eliminarlo.
2023-01-02 11:05:10,551 - root - INFO -  Se presiona el boton 'Eliminar', para eliminar el registro.
2023-01-02 11:05:11,142 - root - INFO -  Se confirma el eliminado del registro
2023-01-02 11:05:11,338 - root - INFO -  Se presiona el boton 'Refrescar', para crear un nuevo registro igual al anterior.
2023-01-02 11:05:11,515 - root - INFO -  Se presiona el boton 'Nuevo', para crear un nuevo registro.
2023-01-02 11:05:12,063 - root - INFO -  Se abrio la pantalla para el ingreso de un registro nuevo.
2023-01-02 11:05:12,094 - root - INFO -  El campo 'Codigo' si se encuentra visible.
2023-01-02 11:05:12,170 - root - INFO -  El campo 'Codigo Alternativo' si se encuentra visible.
2023-01-02 11:05:12,210 - root - INFO -  El campo 'Descrición' si se encuentra visible.
2023-01-02 11:05:12,239 - root - INFO -  El campo 'Tipo de Documento' si se encuentra visible.
2023-01-02 11:05:12,269 - root - INFO -  El campo 'Moneda' si se encuentra visible.
2023-01-02 11:05:12,298 - root - INFO -  El campo 'Aplicable en' si se encuentra visible.
2023-01-02 11:05:12,326 - root - INFO -  El campo 'Activa' si se encuentra visible.
2023-01-02 11:05:12,354 - root - INFO -  El campo 'Aplicación Global' si se encuentra visible.
2023-01-02 11:05:12,408 - root - INFO -  Ingresa el codigo del nuevo registro 
2023-01-02 11:05:12,479 - root - INFO -  Ingresa el codigo alternativo del nuevo registro 
2023-01-02 11:05:12,611 - root - INFO -  Ingresa la descripción del nuevo registro 
2023-01-02 11:05:12,679 - root - INFO -  Ingresa el tipo de documento del nuevo registro 
2023-01-02 11:05:13,694 - root - INFO -  Captura: C:\xampp\htdocs\versiones\automatizaciones\AutoPWST\11PV\report\img  screen：20230102_11_05_13.png
2023-01-02 11:05:13,904 - root - INFO -  Se agrego la Moneda.
2023-01-02 11:05:14,314 - root - INFO -  Se dió click en la opción BackOffice y Mobile.
2023-01-02 11:05:14,483 - root - INFO -  Se dió click en el checkbox Activa.
2023-01-02 11:05:14,535 - root - INFO -  Se dió click en el checkbox Aplicación Global.
2023-01-02 11:05:14,619 - root - INFO - Se hace el cambio a la pestaña Restricción de Producto para continuar con el registro nuevo
2023-01-02 11:05:15,193 - root - INFO -  Se presiona el boton 'Nuevo', para crear un nuevo registro de Restricción de Producto.
2023-01-02 11:05:15,743 - root - INFO -  El campo 'Tipo Restricción' si se encuentra visible.
2023-01-02 11:05:15,772 - root - INFO -  El campo 'Artículo' si se encuentra visible.
2023-01-02 11:05:16,128 - root - INFO -  Se dió click en la opción Prohibido.
2023-01-02 11:05:17,251 - root - INFO -  Ingresa el Articulo del nuevo registro 
2023-01-02 11:05:17,253 - root - INFO -  Captura: C:\xampp\htdocs\versiones\automatizaciones\AutoPWST\11PV\report\img  screen：20230102_11_05_17.png
2023-01-02 11:05:18,516 - root - INFO -  Se presiona el boton 'Guardar', para guardar el registro de Restriccción por Producto.
2023-01-02 11:05:18,791 - root - INFO -  Se da clic en el boton Guardar; se debe crear un nuevo registro.
2023-01-02 11:05:19,188 - root - INFO -  Se presiona el boton 'Refrescar', para crear un nuevo registro igual al anterior.
2023-01-02 11:05:19,357 - root - INFO -  Se presiona el boton 'Nuevo', para crear un nuevo registro igual al anterior.
2023-01-02 11:05:19,913 - root - INFO -  Se abrio la pantalla para el ingreso de un registro nuevo.
2023-01-02 11:05:19,991 - root - INFO -  Ingresa el codigo del nuevo registro 
2023-01-02 11:05:20,082 - root - INFO -  Ingresa el codigo alternativo del nuevo registro 
2023-01-02 11:05:20,233 - root - INFO -  Ingresa la descripción del nuevo registro 
2023-01-02 11:05:20,299 - root - INFO -  Ingresa el tipo de documento del nuevo registro 
2023-01-02 11:05:21,229 - root - INFO -  Se dió doble click en el registro de Moneda.
2023-01-02 11:05:21,739 - root - INFO -  Se dió click en la opción BackOffice y Mobile.
2023-01-02 11:05:21,794 - root - INFO -  Se dió click en el checkbox Activa.
2023-01-02 11:05:21,845 - root - INFO -  Se dió click en el checkbox Aplicación Global.
2023-01-02 11:05:21,901 - root - INFO -  Se da clic en el boton Guardar; NO se debe crear un nuevo registro.
2023-01-02 11:05:22,908 - root - INFO -  Captura: C:\xampp\htdocs\versiones\automatizaciones\AutoPWST\11PV\report\img  screen：20230102_11_05_22.png
2023-01-02 11:05:28,402 - root - INFO -  Se presiona el boton 'Cerrar', para cerrar el mensaje de duplicidad de llave primaria
2023-01-02 11:05:29,404 - root - INFO -  Captura: C:\xampp\htdocs\versiones\automatizaciones\AutoPWST\11PV\report\img  screen：20230102_11_05_29.png
2023-01-02 11:05:29,649 - root - INFO -  Se presiona el boton 'Cerrar', para cerrar el mensaje de duplicidad de llave primaria
2023-01-02 11:05:29,776 - root - INFO -  Se presiona el boton 'Cerrar', para cerrar la ventana
2023-01-02 11:05:29,904 - root - INFO -  Se presiona el boton 'Refrescar', para proceder a modificar el registro.
2023-01-02 11:05:31,514 - root - INFO -  Se da clic en el registro creado, para proceder a modificarlo.
2023-01-02 11:05:32,165 - root - INFO -  Se modifica el contenido del campo Codigo Alternativo
2023-01-02 11:05:32,368 - root - INFO -  Se modifica el contenido del campo Descripcion
2023-01-02 11:05:32,475 - root - INFO -  Se modifica el contenido del campo Tipo Documento 
2023-01-02 11:05:33,485 - root - INFO -  Captura: C:\xampp\htdocs\versiones\automatizaciones\AutoPWST\11PV\report\img  screen：20230102_11_05_33.png
2023-01-02 11:05:33,743 - root - INFO -  Se dió click en el checkbox Ignorar Ajuste.
2023-01-02 11:05:33,888 - root - INFO - Se hace el cambio a la pestaña Restricción de Documento para continuar con la modificación del registro
2023-01-02 11:05:34,990 - root - INFO -  Se da clic en el registro de Restricción por Producto, para proceder a modificarlo.
2023-01-02 11:05:36,646 - root - INFO -  Se modifica el contenido del campo Articulo 
2023-01-02 11:05:36,649 - root - INFO -  Captura: C:\xampp\htdocs\versiones\automatizaciones\AutoPWST\11PV\report\img  screen：20230102_11_05_36.png
2023-01-02 11:05:37,924 - root - INFO -  Se presiona el boton 'Guardar', para guardar la modificación del regsitro de Restricción por Producto.
2023-01-02 11:05:38,208 - root - INFO -  Se da clic en el boton Guardar; se debe modificar la informacion del registro.
2023-01-02 11:05:38,586 - root - INFO -  Se presiona el boton 'Refrescar', para proceder a eliminar el registro.
2023-01-02 11:05:40,214 - root - INFO -  Se da clic en el registro creado, para proceder a eliminarlo.
2023-01-02 11:05:40,828 - root - INFO - Se hace el cambio a la pestaña Restricción por Producto para continuar con la eliminación del registro
2023-01-02 11:05:41,890 - root - INFO -  Se da clic en el registro de Restricción por Producto, para proceder a eliminarlo.
2023-01-02 11:05:41,944 - root - INFO -  Se presiona el boton 'Eliminar', para eliminar el registro de Restricción por Producto.
2023-01-02 11:05:42,107 - root - INFO -  Se da clic en el boton Guardar; se debe modificar la informacion del registro.
2023-01-02 11:05:42,671 - root - INFO -  Se da clic en el registro creado, para proceder a eliminarlo.
2023-01-02 11:05:42,739 - root - INFO -  Se presiona el boton 'Eliminar', para eliminar el registro.
2023-01-02 11:05:43,751 - root - INFO -  Captura: C:\xampp\htdocs\versiones\automatizaciones\AutoPWST\11PV\report\img  screen：20230102_11_05_43.png
2023-01-02 11:05:43,937 - root - INFO -  Se confirma el eliminado del registro
2023-01-02 11:05:44,187 - root - INFO -  Se presiona el boton 'Refrescar', para verificar si el registro ha sido eliminado.
2023-01-02 11:05:44,472 - root - INFO -  Se presiona el boton 'Cerrar', para cerrar la pantalla de Politicas de Venta.
2023-01-02 11:05:48,754 - root - INFO -  Se cierra chrome
