2022-07-29 14:03:13,004 - root - INFO -  Se abre el chrome
2022-07-29 14:03:17,101 - root - INFO -  Entra a la URL
2022-07-29 14:03:17,224 - root - INFO -  Maximiza la pantalla
2022-07-29 14:03:20,292 - root - INFO -  Cambia al frame
2022-07-29 14:03:23,391 - root - INFO -  Escribe el usuario
2022-07-29 14:03:23,502 - root - INFO -  Escribe la contraseña
2022-07-29 14:03:23,651 - root - INFO -  Se dio clic en el boton ingresar
2022-07-29 14:03:28,553 - root - INFO -  Ejecutar Enterprise
2022-07-29 14:03:28,554 - root - INFO -  Captura: C:\xampp\htdocs\versiones\automatizaciones\AutoPWST\01PV\report\img  screen：20220729_14_03_28.png
2022-07-29 14:03:32,765 - root - INFO -  Cambia entre pestañas
2022-07-29 14:04:02,975 - root - INFO -  Abre el menu completo
2022-07-29 14:04:17,907 - root - INFO -  Abre la pantalla de Politicas de Venta
2022-07-29 14:04:17,976 - root - INFO -  La pantalla ejecutada es Politicas de Venta
2022-07-29 14:04:17,977 - root - INFO -  Captura: C:\xampp\htdocs\versiones\automatizaciones\AutoPWST\01PV\report\img  screen：20220729_14_04_17.png
2022-07-29 14:04:18,171 - root - INFO -  Se presiona el boton 'Nuevo', para crear un nuevo registro.
2022-07-29 14:04:23,227 - root - INFO -  Se abrio la pantalla para el ingreso de un registro nuevo.
2022-07-29 14:04:23,272 - root - INFO -  El campo 'Codigo' si se encuentra visible.
2022-07-29 14:04:23,312 - root - INFO -  El campo 'Codigo Alternativo' si se encuentra visible.
2022-07-29 14:04:23,353 - root - INFO -  El campo 'Descrición' si se encuentra visible.
2022-07-29 14:04:23,396 - root - INFO -  El campo 'Fecha Desde' si se encuentra visible.
2022-07-29 14:04:23,439 - root - INFO -  El campo 'Fecha Hasta' si se encuentra visible.
2022-07-29 14:04:23,490 - root - INFO -  El campo 'Moneda' si se encuentra visible.
2022-07-29 14:04:23,536 - root - INFO -  El campo 'Aplicable en' si se encuentra visible.
2022-07-29 14:04:23,576 - root - INFO -  El campo 'Activa' si se encuentra visible.
2022-07-29 14:04:23,618 - root - INFO -  El campo 'Aplicación Global' si se encuentra visible.
2022-07-29 14:04:23,746 - root - INFO -  Ingresa el codigo del nuevo registro 
2022-07-29 14:04:26,867 - root - INFO -  Ingresa el codigo alternativo del nuevo registro 
2022-07-29 14:04:30,040 - root - INFO -  Ingresa la descripción del nuevo registro 
2022-07-29 14:04:41,707 - root - INFO -  Ingresa la Fecha hasta del nuevo registro 
2022-07-29 14:05:13,729 - root - INFO -  Captura: C:\xampp\htdocs\versiones\automatizaciones\AutoPWST\01PV\report\img  screen：20220729_14_05_13.png
2022-07-29 14:05:13,927 - root - INFO - Se hace el cambio de pestaña para continuar con el registro nuevo
2022-07-29 14:05:17,051 - root - INFO -  Se presiona el boton 'Nuevo', para crear un nuevo registro.
2022-07-29 14:05:18,713 - root - INFO -  El campo 'Artículo' si se encuentra visible.
2022-07-29 14:05:18,756 - root - INFO -  El campo 'Artículo a Bonificar' si se encuentra visible.
2022-07-29 14:05:18,796 - root - INFO -  El campo 'Cantidad a Bonificar(Packing)' si se encuentra visible.
2022-07-29 14:05:18,837 - root - INFO -  El campo 'Cantidad en Bonificación(Unidad)' si se encuentra visible.
2022-07-29 14:05:18,879 - root - INFO -  El campo 'Tope Descuento 1' si se encuentra visible.
2022-07-29 14:05:18,922 - root - INFO -  El campo 'Tope Descuento 2' si se encuentra visible.
2022-07-29 14:05:39,593 - root - ERROR - No se encontró el registro de Articulo, revise si el xpath sigue siendo el mismo, para mas detalles del error consulte el reporte
2022-07-29 14:05:39,594 - root - INFO -  Captura: C:\xampp\htdocs\versiones\automatizaciones\AutoPWST\01PV\report\img  screen：20220729_14_05_39.png
2022-07-29 14:05:45,137 - root - ERROR - No se encontró el botón Refrescar, revise si el xpath sigue siendo el mismo, para mas detalles del error consulte el reporte
2022-07-29 14:05:45,138 - root - INFO -  Captura: C:\xampp\htdocs\versiones\automatizaciones\AutoPWST\01PV\report\img  screen：20220729_14_05_45.png
2022-07-29 14:05:45,144 - root - ERROR - No se encontró el botón Refrescar, revise si el xpath sigue siendo el mismo, para mas detalles del error consulte el reporte
2022-07-29 14:05:45,145 - root - INFO -  Captura: C:\xampp\htdocs\versiones\automatizaciones\AutoPWST\01PV\report\img  screen：20220729_14_05_45.png
2022-07-29 14:05:45,150 - root - ERROR - No se encontró el botón Refrescar, revise si el xpath sigue siendo el mismo, para mas detalles del error consulte el reporte
2022-07-29 14:05:45,150 - root - INFO -  Captura: C:\xampp\htdocs\versiones\automatizaciones\AutoPWST\01PV\report\img  screen：20220729_14_05_45.png
2022-07-29 14:24:45,137 - root - INFO -  Se abre el chrome
2022-07-29 14:24:49,147 - root - INFO -  Entra a la URL
2022-07-29 14:24:49,277 - root - INFO -  Maximiza la pantalla
2022-07-29 14:25:07,375 - root - ERROR - No se pudo encontrar el campo para ingresar el usuario, revise si el xpath sigue siendo el mismo, para mas detalles del error consulte el reporte
2022-07-29 14:25:07,376 - root - INFO -  Captura: C:\xampp\htdocs\versiones\automatizaciones\AutoPWST\01PV\report\img  screen：20220729_14_25_07.png
2022-07-29 14:25:07,750 - root - ERROR - No se pudo encontrar el botón para desplegar el menu completo, revise si el xpath sigue siendo el mismo, para mas detalles del error consulte el reporte
2022-07-29 14:25:07,751 - root - INFO -  Captura: C:\xampp\htdocs\versiones\automatizaciones\AutoPWST\01PV\report\img  screen：20220729_14_25_07.png
2022-07-29 14:25:07,757 - root - ERROR - La pantalla ejecutada no es correcta, revise si el xpath sigue siendo el mismo, para mas detalles del error consulte el reporte
2022-07-29 14:25:07,758 - root - INFO -  Captura: C:\xampp\htdocs\versiones\automatizaciones\AutoPWST\01PV\report\img  screen：20220729_14_25_07.png
2022-07-29 14:25:07,762 - root - ERROR - No se encontró el botón Refrescar, revise si el xpath sigue siendo el mismo, para mas detalles del error consulte el reporte
2022-07-29 14:25:07,763 - root - INFO -  Captura: C:\xampp\htdocs\versiones\automatizaciones\AutoPWST\01PV\report\img  screen：20220729_14_25_07.png
2022-07-29 14:25:07,768 - root - ERROR - No se encontró el botón Refrescar, revise si el xpath sigue siendo el mismo, para mas detalles del error consulte el reporte
2022-07-29 14:25:07,769 - root - INFO -  Captura: C:\xampp\htdocs\versiones\automatizaciones\AutoPWST\01PV\report\img  screen：20220729_14_25_07.png
2022-07-29 14:25:07,775 - root - ERROR - No se encontró el botón Refrescar, revise si el xpath sigue siendo el mismo, para mas detalles del error consulte el reporte
2022-07-29 14:25:07,776 - root - INFO -  Captura: C:\xampp\htdocs\versiones\automatizaciones\AutoPWST\01PV\report\img  screen：20220729_14_25_07.png
2022-07-29 14:25:15,162 - root - INFO -  Se abre el chrome
2022-07-29 14:25:19,462 - root - INFO -  Entra a la URL
2022-07-29 14:25:19,624 - root - INFO -  Maximiza la pantalla
2022-07-29 14:27:53,913 - root - INFO -  Se abre el chrome
2022-07-29 14:27:57,646 - root - INFO -  Entra a la URL
2022-07-29 14:27:57,771 - root - INFO -  Maximiza la pantalla
2022-07-29 14:28:00,829 - root - INFO -  Cambia al frame
2022-07-29 14:28:03,943 - root - INFO -  Escribe el usuario
2022-07-29 14:28:04,068 - root - INFO -  Escribe la contraseña
2022-07-29 14:28:04,213 - root - INFO -  Se dio clic en el boton ingresar
2022-07-29 14:28:08,320 - root - INFO -  Ejecutar Enterprise
2022-07-29 14:28:08,322 - root - INFO -  Captura: C:\xampp\htdocs\versiones\automatizaciones\AutoPWST\01PV\report\img  screen：20220729_14_28_08.png
2022-07-29 14:28:12,551 - root - INFO -  Cambia entre pestañas
2022-07-29 14:28:36,777 - root - INFO -  Abre el menu completo
2022-07-29 14:28:51,721 - root - INFO -  Abre la pantalla de Politicas de Venta
2022-07-29 14:28:51,774 - root - INFO -  La pantalla ejecutada es Politicas de Venta
2022-07-29 14:28:51,775 - root - INFO -  Captura: C:\xampp\htdocs\versiones\automatizaciones\AutoPWST\01PV\report\img  screen：20220729_14_28_51.png
2022-07-29 14:28:51,987 - root - INFO -  Se presiona el boton 'Nuevo', para crear un nuevo registro.
2022-07-29 14:28:57,057 - root - INFO -  Se abrio la pantalla para el ingreso de un registro nuevo.
2022-07-29 14:28:57,095 - root - INFO -  El campo 'Codigo' si se encuentra visible.
2022-07-29 14:28:57,138 - root - INFO -  El campo 'Codigo Alternativo' si se encuentra visible.
2022-07-29 14:28:57,176 - root - INFO -  El campo 'Descrición' si se encuentra visible.
2022-07-29 14:28:57,217 - root - INFO -  El campo 'Fecha Desde' si se encuentra visible.
2022-07-29 14:28:57,256 - root - INFO -  El campo 'Fecha Hasta' si se encuentra visible.
2022-07-29 14:28:57,306 - root - INFO -  El campo 'Moneda' si se encuentra visible.
2022-07-29 14:28:57,348 - root - INFO -  El campo 'Aplicable en' si se encuentra visible.
2022-07-29 14:28:57,392 - root - INFO -  El campo 'Activa' si se encuentra visible.
2022-07-29 14:28:57,432 - root - INFO -  El campo 'Aplicación Global' si se encuentra visible.
2022-07-29 14:28:57,564 - root - INFO -  Ingresa el codigo del nuevo registro 
2022-07-29 14:29:00,677 - root - INFO -  Ingresa el codigo alternativo del nuevo registro 
2022-07-29 14:29:03,887 - root - INFO -  Ingresa la descripción del nuevo registro 
2022-07-29 14:29:15,543 - root - INFO -  Ingresa la Fecha hasta del nuevo registro 
2022-07-29 14:29:47,428 - root - INFO -  Captura: C:\xampp\htdocs\versiones\automatizaciones\AutoPWST\01PV\report\img  screen：20220729_14_29_47.png
2022-07-29 14:29:47,630 - root - INFO - Se hace el cambio de pestaña para continuar con el registro nuevo
2022-07-29 14:29:50,733 - root - INFO -  Se presiona el boton 'Nuevo', para crear un nuevo registro.
2022-07-29 14:29:51,887 - root - INFO -  El campo 'Artículo' si se encuentra visible.
2022-07-29 14:29:51,934 - root - INFO -  El campo 'Artículo a Bonificar' si se encuentra visible.
2022-07-29 14:29:51,973 - root - INFO -  El campo 'Cantidad a Bonificar(Packing)' si se encuentra visible.
2022-07-29 14:29:52,014 - root - INFO -  El campo 'Cantidad en Bonificación(Unidad)' si se encuentra visible.
2022-07-29 14:29:52,057 - root - INFO -  El campo 'Tope Descuento 1' si se encuentra visible.
2022-07-29 14:29:52,099 - root - INFO -  El campo 'Tope Descuento 2' si se encuentra visible.
2022-07-29 14:29:57,692 - root - INFO -  Ingresa el Articulo del nuevo registro 
2022-07-29 14:30:14,398 - root - INFO -  Ingresa el Articulo a bonificar del nuevo registro 
2022-07-29 14:30:24,548 - root - INFO -  Ingresa la Cantidad a Bonificar del nuevo registro 
2022-07-29 14:30:27,688 - root - INFO -  Ingresa la Cantidad en Bonificación del nuevo registro 
2022-07-29 14:30:30,865 - root - INFO -  Ingresa el Tope Descuento 2 del nuevo registro 
2022-07-29 14:30:33,989 - root - INFO -  Ingresa el Tope Descuento 2 del nuevo registro 
2022-07-29 14:30:37,091 - root - INFO -  Se presiona el boton 'Guardar', para guardar el registro.
2022-07-29 14:39:33,244 - root - INFO -  Se abre el chrome
2022-07-29 14:39:38,745 - root - INFO -  Entra a la URL
2022-07-29 14:39:38,872 - root - INFO -  Maximiza la pantalla
2022-07-29 14:39:41,925 - root - INFO -  Cambia al frame
2022-07-29 14:39:45,027 - root - INFO -  Escribe el usuario
2022-07-29 14:39:45,141 - root - INFO -  Escribe la contraseña
2022-07-29 14:39:45,288 - root - INFO -  Se dio clic en el boton ingresar
2022-07-29 14:39:50,444 - root - INFO -  Ejecutar Enterprise
2022-07-29 14:39:50,445 - root - INFO -  Captura: C:\xampp\htdocs\versiones\automatizaciones\AutoPWST\01PV\report\img  screen：20220729_14_39_50.png
2022-07-29 14:39:54,693 - root - INFO -  Cambia entre pestañas
2022-07-29 14:40:26,790 - root - INFO -  Abre el menu completo
2022-07-29 14:40:41,701 - root - INFO -  Abre la pantalla de Politicas de Venta
2022-07-29 14:40:41,751 - root - INFO -  La pantalla ejecutada es Politicas de Venta
2022-07-29 14:40:41,752 - root - INFO -  Captura: C:\xampp\htdocs\versiones\automatizaciones\AutoPWST\01PV\report\img  screen：20220729_14_40_41.png
2022-07-29 14:40:41,951 - root - INFO -  Se presiona el boton 'Nuevo', para crear un nuevo registro.
2022-07-29 14:40:47,024 - root - INFO -  Se abrio la pantalla para el ingreso de un registro nuevo.
2022-07-29 14:40:47,075 - root - INFO -  El campo 'Codigo' si se encuentra visible.
2022-07-29 14:40:47,116 - root - INFO -  El campo 'Codigo Alternativo' si se encuentra visible.
2022-07-29 14:40:47,155 - root - INFO -  El campo 'Descrición' si se encuentra visible.
2022-07-29 14:40:47,194 - root - INFO -  El campo 'Fecha Desde' si se encuentra visible.
2022-07-29 14:40:47,233 - root - INFO -  El campo 'Fecha Hasta' si se encuentra visible.
2022-07-29 14:40:47,285 - root - INFO -  El campo 'Moneda' si se encuentra visible.
2022-07-29 14:40:47,326 - root - INFO -  El campo 'Aplicable en' si se encuentra visible.
2022-07-29 14:40:47,366 - root - INFO -  El campo 'Activa' si se encuentra visible.
2022-07-29 14:40:47,407 - root - INFO -  El campo 'Aplicación Global' si se encuentra visible.
2022-07-29 14:40:47,529 - root - INFO -  Ingresa el codigo del nuevo registro 
2022-07-29 14:40:50,648 - root - INFO -  Ingresa el codigo alternativo del nuevo registro 
2022-07-29 14:40:53,844 - root - INFO -  Ingresa la descripción del nuevo registro 
2022-07-29 14:41:05,425 - root - INFO -  Ingresa la Fecha hasta del nuevo registro 
2022-07-29 14:41:37,273 - root - INFO -  Captura: C:\xampp\htdocs\versiones\automatizaciones\AutoPWST\01PV\report\img  screen：20220729_14_41_37.png
2022-07-29 14:41:37,494 - root - INFO - Se hace el cambio de pestaña para continuar con el registro nuevo
2022-07-29 14:41:40,611 - root - INFO -  Se presiona el boton 'Nuevo', para crear un nuevo registro.
2022-07-29 14:41:42,225 - root - INFO -  El campo 'Artículo' si se encuentra visible.
2022-07-29 14:41:42,279 - root - INFO -  El campo 'Artículo a Bonificar' si se encuentra visible.
2022-07-29 14:41:42,322 - root - INFO -  El campo 'Cantidad a Bonificar(Packing)' si se encuentra visible.
2022-07-29 14:41:42,360 - root - INFO -  El campo 'Cantidad en Bonificación(Unidad)' si se encuentra visible.
2022-07-29 14:41:42,398 - root - INFO -  El campo 'Tope Descuento 1' si se encuentra visible.
2022-07-29 14:41:42,439 - root - INFO -  El campo 'Tope Descuento 2' si se encuentra visible.
2022-07-29 14:41:49,391 - root - INFO -  Ingresa el Articulo del nuevo registro 
2022-07-29 14:42:06,990 - root - INFO -  Ingresa el Articulo a bonificar del nuevo registro 
2022-07-29 14:42:17,133 - root - INFO -  Ingresa la Cantidad a Bonificar del nuevo registro 
2022-07-29 14:42:20,241 - root - INFO -  Ingresa la Cantidad en Bonificación del nuevo registro 
2022-07-29 14:42:23,401 - root - INFO -  Ingresa el Tope Descuento 2 del nuevo registro 
2022-07-29 14:42:26,523 - root - INFO -  Ingresa el Tope Descuento 2 del nuevo registro 
2022-07-29 14:42:29,621 - root - INFO -  Se presiona el boton 'Guardar', para guardar el registro.
2022-07-29 14:42:33,713 - root - INFO -  Se da clic en el boton Guardar; se debe crear un nuevo registro.
2022-07-29 14:42:36,810 - root - INFO -  Se presiona el boton 'Refrescar', para crear un nuevo registro igual al anterior.
2022-07-29 14:42:39,905 - root - INFO -  Se presiona el boton 'Nuevo', para crear un nuevo registro igual al anterior.
2022-07-29 14:42:44,955 - root - INFO -  Se abrio la pantalla para el ingreso de un registro nuevo.
2022-07-29 14:42:44,996 - root - INFO -  El campo 'Codigo' si se encuentra visible.
2022-07-29 14:42:45,038 - root - INFO -  El campo 'Codigo Alternativo' si se encuentra visible.
2022-07-29 14:42:45,077 - root - INFO -  El campo 'Descrición' si se encuentra visible.
2022-07-29 14:42:45,121 - root - INFO -  El campo 'Fecha Desde' si se encuentra visible.
2022-07-29 14:42:45,174 - root - INFO -  El campo 'Fecha Hasta' si se encuentra visible.
2022-07-29 14:42:45,219 - root - INFO -  El campo 'Moneda' si se encuentra visible.
2022-07-29 14:42:45,259 - root - INFO -  El campo 'Aplicable en' si se encuentra visible.
2022-07-29 14:42:45,300 - root - INFO -  El campo 'Activa' si se encuentra visible.
2022-07-29 14:42:45,337 - root - INFO -  El campo 'Aplicación Global' si se encuentra visible.
2022-07-29 14:42:45,463 - root - INFO -  Ingresa el codigo del nuevo registro 
2022-07-29 14:42:48,587 - root - INFO -  Ingresa el codigo alternativo del nuevo registro 
2022-07-29 14:42:51,788 - root - INFO -  Ingresa la descripción del nuevo registro 
2022-07-29 14:43:03,396 - root - INFO -  Ingresa la Fecha hasta del nuevo registro 
2022-07-29 14:43:35,424 - root - INFO -  Se da clic en el boton Guardar; se debe crear un nuevo registro.
2022-07-29 14:43:38,434 - root - INFO -  Captura: C:\xampp\htdocs\versiones\automatizaciones\AutoPWST\01PV\report\img  screen：20220729_14_43_38.png
2022-07-29 14:43:38,594 - root - INFO -  Captura: C:\xampp\htdocs\versiones\automatizaciones\AutoPWST\01PV\report\img  screen：20220729_14_43_38.png
2022-07-29 14:43:38,811 - root - INFO -  Se presiona el boton 'Cerrar', para cerrar el mensaje de duplicidad de llave primaria
2022-07-29 14:43:40,897 - root - INFO -  Se presiona el boton 'Cerrar', para cerrar la ventana
2022-07-29 14:43:45,015 - root - INFO -  Se presiona el boton 'Refrescar', para crear un nuevo registro igual al anterior.
2022-07-29 14:43:52,633 - root - INFO -  Se da clic en el registro creado, para proceder a modificarlo.
2022-07-29 14:43:57,847 - root - INFO -  Se modifica el contenido del campo Codigo Alternativo
2022-07-29 14:44:01,082 - root - INFO -  Se modifica el contenido del campo Descripcion
2022-07-29 14:44:09,692 - root - INFO -  Ingresa la Fecha hasta del nuevo registro 
2022-07-29 14:44:41,587 - root - INFO -  Captura: C:\xampp\htdocs\versiones\automatizaciones\AutoPWST\01PV\report\img  screen：20220729_14_44_41.png
2022-07-29 14:44:41,794 - root - INFO - Se hace el cambio de pestaña para continuar con el registro nuevo
2022-07-29 14:44:49,419 - root - INFO -  Se da clic en el registro creado, para proceder a modificarlo.
2022-07-29 14:44:58,751 - root - INFO -  Ingresa el Articulo del nuevo registro 
2022-07-29 14:45:15,732 - root - INFO -  Ingresa el Articulo a bonificar del nuevo registro 
2022-07-29 14:45:25,942 - root - INFO -  Ingresa la Cantidad a Bonificar del nuevo registro 
2022-07-29 14:45:29,115 - root - INFO -  Ingresa la Cantidad en Bonificación del nuevo registro 
2022-07-29 14:45:32,214 - root - INFO -  Se presiona el boton 'Guardar', para guardar el registro.
2022-07-29 14:45:36,317 - root - INFO -  Se da clic en el boton Guardar; se debe modificar la informacion del registro.
2022-07-29 14:45:39,404 - root - INFO -  Se presiona el boton 'Refrescar', para proceder a eliminar el registro.
2022-07-29 14:45:47,016 - root - INFO -  Se da clic en el registro creado, para proceder a eliminarlo.
2022-07-29 14:45:52,160 - root - INFO - Se hace el cambio de pestaña para continuar con el registro nuevo
2022-07-29 14:45:59,761 - root - INFO -  Se da clic en el registro creado, para proceder a modificarlo.
2022-07-29 14:46:05,872 - root - INFO -  Se presiona el boton 'Eliminar', para eliminar el registro.
2022-07-29 14:46:05,992 - root - INFO -  Se da clic en el boton Guardar; se debe modificar la informacion del registro.
2022-07-29 14:46:13,571 - root - INFO -  Se da clic en el registro creado, para proceder a eliminarlo.
2022-07-29 14:46:18,669 - root - INFO -  Se presiona el boton 'Eliminar', para eliminar el registro.
2022-07-29 14:46:18,670 - root - INFO -  Captura: C:\xampp\htdocs\versiones\automatizaciones\AutoPWST\01PV\report\img  screen：20220729_14_46_18.png
2022-07-29 14:46:18,863 - root - INFO -  Se confirma el eliminado del registro
2022-07-29 14:46:23,944 - root - INFO -  Se presiona el boton 'Refrescar', para crear un nuevo registro igual al anterior.
2022-07-29 14:46:26,033 - root - INFO -  Se presiona el boton 'Cerrar', para cerrar la pantalla de Categorias Fiscales.
2022-07-29 14:46:30,344 - root - INFO -  Se cierra chrome
