2023-01-10 10:56:25,666 - root - INFO -  Se abre el chrome
2023-01-10 10:56:28,290 - root - INFO -  Entra a la URL
2023-01-10 10:56:28,453 - root - INFO -  Maximiza la pantalla
2023-01-10 10:56:31,550 - root - INFO -  Escribe el usuario
2023-01-10 10:56:31,661 - root - INFO -  Escribe la contraseña
2023-01-10 10:56:31,755 - root - INFO -  Se dio clic en el boton ingresar
2023-01-10 10:56:33,018 - root - INFO -  Ejecutar Enterprise
2023-01-10 10:56:37,081 - root - INFO -  Cambia entre pestañas
2023-01-10 10:56:52,301 - root - INFO -  Abre la pantalla de Politicas de Venta
2023-01-10 10:56:52,859 - root - INFO -  La pantalla ejecutada es Politicas de Venta
2023-01-10 10:56:52,860 - root - INFO -  Captura: C:\xampp\htdocs\Versiones\automatizaciones\AutoPWST\08PV\report\img  screen：20230110_10_56_52.png
2023-01-10 10:57:03,585 - root - INFO -  Se presiona el boton 'Nuevo', para crear un nuevo registro.
2023-01-10 10:57:04,141 - root - INFO -  Se abrio la pantalla para el ingreso de un registro nuevo.
2023-01-10 10:57:04,218 - root - INFO -  El campo 'Codigo' si se encuentra visible.
2023-01-10 10:57:04,256 - root - INFO -  El campo 'Codigo Alternativo' si se encuentra visible.
2023-01-10 10:57:04,294 - root - INFO -  El campo 'Descrición' si se encuentra visible.
2023-01-10 10:57:04,330 - root - INFO -  El campo 'Moneda' si se encuentra visible.
2023-01-10 10:57:04,369 - root - INFO -  El campo 'Aplicable en' si se encuentra visible.
2023-01-10 10:57:04,405 - root - INFO -  El campo 'Activa' si se encuentra visible.
2023-01-10 10:57:04,443 - root - INFO -  El campo 'Aplicación Global' si se encuentra visible.
2023-01-10 10:57:04,526 - root - INFO -  Ingresa el codigo del nuevo registro 
2023-01-10 10:57:04,644 - root - INFO -  Ingresa el codigo alternativo del nuevo registro 
2023-01-10 10:57:04,809 - root - INFO -  Ingresa la descripción del nuevo registro 
2023-01-10 10:57:05,800 - root - INFO -  Se dió doble click en el registro de Moneda.
2023-01-10 10:57:06,466 - root - INFO -  Se dió click en la opción BackOffice y Mobile.
2023-01-10 10:57:06,557 - root - INFO -  Se dió click en el checkbox Activa.
2023-01-10 10:57:06,657 - root - INFO -  Se dió click en el checkbox Aplicación Global.
2023-01-10 10:57:06,750 - root - INFO - Se hace el cambio a la pestaña Restricción por producto para continuar con el registro nuevo
2023-01-10 10:57:07,415 - root - INFO -  Se presiona el boton 'Nuevo', para crear un nuevo registro de Restricción por Producto.
2023-01-10 10:57:07,980 - root - INFO -  El campo 'Tipo Restricción' si se encuentra visible.
2023-01-10 10:57:08,017 - root - INFO -  El campo 'Artículo' si se encuentra visible.
2023-01-10 10:57:08,440 - root - INFO -  Se dió click en la opción Prohibido.
2023-01-10 10:57:10,708 - root - INFO -  Ingresa el Articulo del nuevo registro 
2023-01-10 10:57:10,711 - root - INFO -  Captura: C:\xampp\htdocs\Versiones\automatizaciones\AutoPWST\08PV\report\img  screen：20230110_10_57_10.png
2023-01-10 10:57:13,613 - root - INFO -  Se presiona el boton 'Guardar', para guardar el registro de Restricción por producto.
2023-01-10 10:57:13,889 - root - INFO -  Se da clic en el boton Guardar; se debe crear un nuevo registro.
2023-01-10 10:57:14,273 - root - INFO -  Se presiona el boton 'Refrescar', para crear un nuevo registro igual al anterior.
2023-01-10 10:57:14,496 - root - INFO -  Se presiona el boton 'Nuevo', para crear un nuevo registro igual al anterior.
2023-01-10 10:57:15,054 - root - INFO -  Se abrio la pantalla para el ingreso de un registro nuevo.
2023-01-10 10:57:15,164 - root - INFO -  Ingresa el codigo del nuevo registro 
2023-01-10 10:57:15,301 - root - INFO -  Ingresa el codigo alternativo del nuevo registro 
2023-01-10 10:57:15,473 - root - INFO -  Ingresa la descripción del nuevo registro 
2023-01-10 10:57:16,458 - root - INFO -  Se dió doble click en el registro de Moneda.
2023-01-10 10:57:17,125 - root - INFO -  Se dió click en la opción BackOffice y Mobile.
2023-01-10 10:57:17,208 - root - INFO -  Se dió click en el checkbox Activa.
2023-01-10 10:57:17,289 - root - INFO -  Se dió click en el checkbox Aplicación Global.
2023-01-10 10:57:17,371 - root - INFO -  Se da clic en el boton Guardar; NO se debe crear un nuevo registro.
2023-01-10 10:57:18,372 - root - INFO -  Captura: C:\xampp\htdocs\Versiones\automatizaciones\AutoPWST\08PV\report\img  screen：20230110_10_57_18.png
2023-01-10 10:57:24,314 - root - INFO -  Se presiona el boton 'Cerrar', para cerrar el mensaje de duplicidad de llave primaria
2023-01-10 10:57:25,317 - root - INFO -  Captura: C:\xampp\htdocs\Versiones\automatizaciones\AutoPWST\08PV\report\img  screen：20230110_10_57_25.png
2023-01-10 10:57:26,097 - root - INFO -  Se presiona el boton 'Cerrar', para cerrar el mensaje de duplicidad de llave primaria
2023-01-10 10:57:26,223 - root - INFO -  Se presiona el boton 'Cerrar', para cerrar la ventana
2023-01-10 10:57:26,381 - root - INFO -  Se presiona el boton 'Refrescar', para proceder a modificar el registro.
2023-01-10 10:57:28,081 - root - INFO -  Se da clic en el registro creado, para proceder a modificarlo.
2023-01-10 10:57:28,768 - root - INFO -  Se modifica el contenido del campo Codigo Alternativo
2023-01-10 10:57:28,996 - root - INFO -  Se modifica el contenido del campo Descripcion
2023-01-10 10:57:29,068 - root - INFO -  Se dió click en el checkbox Aplicación Global.
2023-01-10 10:57:29,154 - root - INFO - Se hace el cambio a la pestaña Restricción de Producto para continuar con la modificación del registro
2023-01-10 10:57:30,306 - root - INFO -  Se da clic en el registro de Restricción por Producto, para proceder a modificarlo.
2023-01-10 10:57:32,035 - root - INFO -  Se modifica el contenido del campo Articulo 
2023-01-10 10:57:32,038 - root - INFO -  Captura: C:\xampp\htdocs\Versiones\automatizaciones\AutoPWST\08PV\report\img  screen：20230110_10_57_32.png
2023-01-10 10:57:33,856 - root - INFO -  Se presiona el boton 'Guardar', para guardar la modificación de Restricción por Producto.
2023-01-10 10:57:34,126 - root - INFO -  Se da clic en el boton Guardar; se debe modificar la informacion del registro.
2023-01-10 10:57:34,521 - root - INFO -  Se presiona el boton 'Refrescar', para proceder a eliminar el registro.
2023-01-10 10:57:36,270 - root - INFO -  Se da clic en el registro creado, para proceder a eliminarlo.
2023-01-10 10:57:36,855 - root - INFO - Se hace el cambio a la pestaña Restricción por Producto para continuar con la eliminación del registro
2023-01-10 10:57:37,994 - root - INFO -  Se da clic en el registro de Restricción por producto, para proceder a eliminarlo.
2023-01-10 10:57:38,118 - root - INFO -  Se presiona el boton 'Eliminar', para eliminar el registro de Restricción por Producto.
2023-01-10 10:57:38,295 - root - INFO -  Se da clic en el boton Guardar; se debe modificar la informacion del registro.
2023-01-10 10:57:38,898 - root - INFO -  Se da clic en el registro creado, para proceder a eliminarlo.
2023-01-10 10:57:38,989 - root - INFO -  Se presiona el boton 'Eliminar', para eliminar el registro.
2023-01-10 10:57:39,991 - root - INFO -  Captura: C:\xampp\htdocs\Versiones\automatizaciones\AutoPWST\08PV\report\img  screen：20230110_10_57_39.png
2023-01-10 10:57:40,571 - root - INFO -  Se confirma el eliminado del registro
2023-01-10 10:57:40,825 - root - INFO -  Se presiona el boton 'Refrescar', para verificar si el regsitro ha sido eliminado.
2023-01-10 10:57:41,017 - root - INFO -  Se presiona el boton 'Cerrar', para cerrar la pantalla de Politicas de Venta.
2023-01-10 10:57:45,538 - root - INFO -  Se cierra chrome
