2022-08-11 10:15:47,066 - root - INFO -  Se abre el chrome
2022-08-11 10:15:51,430 - root - INFO -  Entra a la URL
2022-08-11 10:15:51,562 - root - INFO -  Maximiza la pantalla
2022-08-11 10:15:54,622 - root - INFO -  Cambia al frame
2022-08-11 10:15:57,711 - root - INFO -  Escribe el usuario
2022-08-11 10:15:57,819 - root - INFO -  Escribe la contraseña
2022-08-11 10:15:57,961 - root - INFO -  Se dio clic en el boton ingresar
2022-08-11 10:16:01,560 - root - INFO -  Ejecutar Enterprise
2022-08-11 10:16:01,562 - root - INFO -  Captura: C:\xampp\htdocs\versiones\automatizaciones\AutoPWST\04PV\report\img  screen：20220811_10_16_01.png
2022-08-11 10:16:05,800 - root - INFO -  Cambia entre pestañas
2022-08-11 10:16:34,777 - root - INFO -  Abre el menu completo
2022-08-11 10:16:49,783 - root - INFO -  Abre la pantalla de Politicas de Venta
2022-08-11 10:16:49,901 - root - INFO -  La pantalla ejecutada es Politicas de Venta
2022-08-11 10:16:52,906 - root - INFO -  Captura: C:\xampp\htdocs\versiones\automatizaciones\AutoPWST\04PV\report\img  screen：20220811_10_16_52.png
2022-08-11 10:16:53,129 - root - INFO -  Se presiona el boton 'Nuevo', para crear un nuevo registro.
2022-08-11 10:16:58,216 - root - INFO -  Se abrio la pantalla para el ingreso de un registro nuevo.
2022-08-11 10:16:58,259 - root - INFO -  El campo 'Codigo' si se encuentra visible.
2022-08-11 10:16:58,299 - root - INFO -  El campo 'Codigo Alternativo' si se encuentra visible.
2022-08-11 10:16:58,339 - root - INFO -  El campo 'Descrición' si se encuentra visible.
2022-08-11 10:16:58,383 - root - INFO -  El campo 'Fecha Desde' si se encuentra visible.
2022-08-11 10:16:58,423 - root - INFO -  El campo 'Fecha Hasta' si se encuentra visible.
2022-08-11 10:16:58,464 - root - INFO -  El campo 'Moneda' si se encuentra visible.
2022-08-11 10:16:58,505 - root - INFO -  El campo 'Aplicable en' si se encuentra visible.
2022-08-11 10:16:58,544 - root - INFO -  El campo 'Activa' si se encuentra visible.
2022-08-11 10:16:58,587 - root - INFO -  El campo 'Aplicación Global' si se encuentra visible.
2022-08-11 10:16:58,698 - root - INFO -  Ingresa el codigo del nuevo registro 
2022-08-11 10:17:01,858 - root - INFO -  Ingresa el codigo alternativo del nuevo registro 
2022-08-11 10:17:05,123 - root - INFO -  Ingresa la descripción del nuevo registro 
2022-08-11 10:17:16,881 - root - INFO -  Ingresa la Fecha hasta del nuevo registro 
2022-08-11 10:17:57,849 - root - INFO - Se hace el cambio de pestaña para continuar con el registro nuevo
2022-08-11 10:18:00,993 - root - INFO -  Se presiona el boton 'Nuevo', para crear un nuevo registro.
2022-08-11 10:18:06,093 - root - INFO -  El campo 'Grupo Política' si se encuentra visible.
2022-08-11 10:18:06,153 - root - INFO -  El campo 'Artículo a Bonificar' si se encuentra visible.
2022-08-11 10:18:06,198 - root - INFO -  El campo 'Cantidad a Bonificar(Packing)' si se encuentra visible.
2022-08-11 10:18:06,240 - root - INFO -  El campo 'Cantidad en Bonificación(Unidad)' si se encuentra visible.
2022-08-11 10:18:06,280 - root - INFO -  El campo 'Tope Descuento 1' si se encuentra visible.
2022-08-11 10:18:06,322 - root - INFO -  El campo 'Tope Descuento 2' si se encuentra visible.
2022-08-11 10:18:06,476 - root - INFO -  Ingresa el Grupo Politica del nuevo registro 
2022-08-11 10:18:16,612 - root - INFO -  Ingresa el Articulo a bonificar del nuevo registro 
2022-08-11 10:18:26,807 - root - INFO -  Ingresa la Cantidad a Bonificar del nuevo registro 
2022-08-11 10:18:30,006 - root - INFO -  Ingresa la Cantidad en Bonificación del nuevo registro 
2022-08-11 10:18:33,160 - root - INFO -  Ingresa el Tope Descuento 2 del nuevo registro 
2022-08-11 10:18:36,377 - root - INFO -  Ingresa el Tope Descuento 2 del nuevo registro 
2022-08-11 10:18:39,390 - root - INFO -  Captura: C:\xampp\htdocs\versiones\automatizaciones\AutoPWST\04PV\report\img  screen：20220811_10_18_39.png
2022-08-11 10:18:39,662 - root - INFO -  Se presiona el boton 'Guardar', para guardar el registro.
2022-08-11 10:18:44,823 - root - INFO -  Se da clic en el boton Guardar; se debe crear un nuevo registro.
2022-08-11 10:18:49,944 - root - INFO -  Se presiona el boton 'Refrescar', para crear un nuevo registro igual al anterior.
2022-08-11 10:18:55,082 - root - INFO -  Se presiona el boton 'Nuevo', para crear un nuevo registro igual al anterior.
2022-08-11 10:19:00,131 - root - INFO -  Se abrio la pantalla para el ingreso de un registro nuevo.
2022-08-11 10:19:00,171 - root - INFO -  El campo 'Codigo' si se encuentra visible.
2022-08-11 10:19:00,211 - root - INFO -  El campo 'Codigo Alternativo' si se encuentra visible.
2022-08-11 10:19:00,251 - root - INFO -  El campo 'Descrición' si se encuentra visible.
2022-08-11 10:19:00,293 - root - INFO -  El campo 'Fecha Desde' si se encuentra visible.
2022-08-11 10:19:00,333 - root - INFO -  El campo 'Fecha Hasta' si se encuentra visible.
2022-08-11 10:19:00,396 - root - INFO -  El campo 'Moneda' si se encuentra visible.
2022-08-11 10:19:00,436 - root - INFO -  El campo 'Aplicable en' si se encuentra visible.
2022-08-11 10:19:00,474 - root - INFO -  El campo 'Activa' si se encuentra visible.
2022-08-11 10:19:00,512 - root - INFO -  El campo 'Aplicación Global' si se encuentra visible.
2022-08-11 10:19:00,625 - root - INFO -  Ingresa el codigo del nuevo registro 
2022-08-11 10:19:03,843 - root - INFO -  Ingresa el codigo alternativo del nuevo registro 
2022-08-11 10:19:07,095 - root - INFO -  Ingresa la descripción del nuevo registro 
2022-08-11 10:19:18,885 - root - INFO -  Ingresa la Fecha hasta del nuevo registro 
2022-08-11 10:20:00,027 - root - INFO -  Se da clic en el boton Guardar; se debe crear un nuevo registro.
2022-08-11 10:20:05,039 - root - INFO -  Captura: C:\xampp\htdocs\versiones\automatizaciones\AutoPWST\04PV\report\img  screen：20220811_10_20_05.png
2022-08-11 10:20:05,289 - root - INFO -  Se presiona el boton 'Cerrar', para cerrar el mensaje de duplicidad de llave primaria
2022-08-11 10:20:08,444 - root - INFO -  Se presiona el boton 'Cerrar', para cerrar la ventana
2022-08-11 10:20:12,551 - root - INFO -  Se presiona el boton 'Refrescar', para crear un nuevo registro igual al anterior.
2022-08-11 10:20:22,225 - root - INFO -  Se da clic en el registro creado, para proceder a modificarlo.
2022-08-11 10:20:27,446 - root - INFO -  Se modifica el contenido del campo Codigo Alternativo
2022-08-11 10:20:30,705 - root - INFO -  Se modifica el contenido del campo Descripcion
2022-08-11 10:20:42,456 - root - INFO -  Ingresa la Fecha hasta del nuevo registro 
2022-08-11 10:21:23,535 - root - INFO - Se hace el cambio de pestaña para continuar con el registro nuevo
2022-08-11 10:21:31,165 - root - INFO -  Se da clic en el registro creado, para proceder a modificarlo.
2022-08-11 10:21:34,172 - root - ERROR - No se encontró el campo para ingresar el Articulo, revise si el xpath sigue siendo el mismo, para mas detalles del error consulte el reporte
2022-08-11 10:21:37,188 - root - INFO -  Captura: C:\xampp\htdocs\versiones\automatizaciones\AutoPWST\04PV\report\img  screen：20220811_10_21_37.png
2022-08-11 10:21:37,711 - root - ERROR - No se encontró el botón Refrescar, revise si el xpath sigue siendo el mismo, para mas detalles del error consulte el reporte
2022-08-11 10:21:40,713 - root - INFO -  Captura: C:\xampp\htdocs\versiones\automatizaciones\AutoPWST\04PV\report\img  screen：20220811_10_21_40.png
2022-08-11 10:26:46,400 - root - INFO -  Se abre el chrome
2022-08-11 10:26:49,444 - root - INFO -  Entra a la URL
2022-08-11 10:26:49,571 - root - INFO -  Maximiza la pantalla
2022-08-11 10:26:52,629 - root - INFO -  Cambia al frame
2022-08-11 10:26:55,733 - root - INFO -  Escribe el usuario
2022-08-11 10:26:55,857 - root - INFO -  Escribe la contraseña
2022-08-11 10:26:56,007 - root - INFO -  Se dio clic en el boton ingresar
2022-08-11 10:26:59,622 - root - INFO -  Ejecutar Enterprise
2022-08-11 10:26:59,623 - root - INFO -  Captura: C:\xampp\htdocs\versiones\automatizaciones\AutoPWST\04PV\report\img  screen：20220811_10_26_59.png
2022-08-11 10:27:03,846 - root - INFO -  Cambia entre pestañas
2022-08-11 10:27:40,308 - root - INFO -  Abre el menu completo
2022-08-11 10:27:55,323 - root - INFO -  Abre la pantalla de Politicas de Venta
2022-08-11 10:27:55,408 - root - INFO -  La pantalla ejecutada es Politicas de Venta
2022-08-11 10:27:58,421 - root - INFO -  Captura: C:\xampp\htdocs\versiones\automatizaciones\AutoPWST\04PV\report\img  screen：20220811_10_27_58.png
2022-08-11 10:27:58,655 - root - INFO -  Se presiona el boton 'Nuevo', para crear un nuevo registro.
2022-08-11 10:28:03,758 - root - INFO -  Se abrio la pantalla para el ingreso de un registro nuevo.
2022-08-11 10:28:03,805 - root - INFO -  El campo 'Codigo' si se encuentra visible.
2022-08-11 10:28:03,847 - root - INFO -  El campo 'Codigo Alternativo' si se encuentra visible.
2022-08-11 10:28:03,886 - root - INFO -  El campo 'Descrición' si se encuentra visible.
2022-08-11 10:28:03,929 - root - INFO -  El campo 'Fecha Desde' si se encuentra visible.
2022-08-11 10:28:03,970 - root - INFO -  El campo 'Fecha Hasta' si se encuentra visible.
2022-08-11 10:28:04,010 - root - INFO -  El campo 'Moneda' si se encuentra visible.
2022-08-11 10:28:04,059 - root - INFO -  El campo 'Aplicable en' si se encuentra visible.
2022-08-11 10:28:04,111 - root - INFO -  El campo 'Activa' si se encuentra visible.
2022-08-11 10:28:04,150 - root - INFO -  El campo 'Aplicación Global' si se encuentra visible.
2022-08-11 10:28:04,262 - root - INFO -  Ingresa el codigo del nuevo registro 
2022-08-11 10:28:07,424 - root - INFO -  Ingresa el codigo alternativo del nuevo registro 
2022-08-11 10:28:10,632 - root - INFO -  Ingresa la descripción del nuevo registro 
2022-08-11 10:28:22,435 - root - INFO -  Ingresa la Fecha hasta del nuevo registro 
2022-08-11 10:29:03,564 - root - INFO - Se hace el cambio de pestaña para continuar con el registro nuevo
2022-08-11 10:29:06,653 - root - INFO -  Se presiona el boton 'Nuevo', para crear un nuevo registro.
2022-08-11 10:29:11,735 - root - INFO -  El campo 'Grupo Política' si se encuentra visible.
2022-08-11 10:29:11,794 - root - INFO -  El campo 'Artículo a Bonificar' si se encuentra visible.
2022-08-11 10:29:11,838 - root - INFO -  El campo 'Cantidad a Bonificar(Packing)' si se encuentra visible.
2022-08-11 10:29:11,882 - root - INFO -  El campo 'Cantidad en Bonificación(Unidad)' si se encuentra visible.
2022-08-11 10:29:11,923 - root - INFO -  El campo 'Tope Descuento 1' si se encuentra visible.
2022-08-11 10:29:11,970 - root - INFO -  El campo 'Tope Descuento 2' si se encuentra visible.
2022-08-11 10:29:12,115 - root - INFO -  Ingresa el Grupo Politica del nuevo registro 
2022-08-11 10:29:22,306 - root - INFO -  Ingresa el Articulo a bonificar del nuevo registro 
2022-08-11 10:29:32,436 - root - INFO -  Ingresa la Cantidad a Bonificar del nuevo registro 
2022-08-11 10:29:35,643 - root - INFO -  Ingresa la Cantidad en Bonificación del nuevo registro 
2022-08-11 10:29:38,806 - root - INFO -  Ingresa el Tope Descuento 2 del nuevo registro 
2022-08-11 10:29:41,920 - root - INFO -  Ingresa el Tope Descuento 2 del nuevo registro 
2022-08-11 10:29:44,928 - root - INFO -  Captura: C:\xampp\htdocs\versiones\automatizaciones\AutoPWST\04PV\report\img  screen：20220811_10_29_44.png
2022-08-11 10:29:45,189 - root - INFO -  Se presiona el boton 'Guardar', para guardar el registro.
2022-08-11 10:29:50,282 - root - INFO -  Se da clic en el boton Guardar; se debe crear un nuevo registro.
2022-08-11 10:29:55,408 - root - INFO -  Se presiona el boton 'Refrescar', para crear un nuevo registro igual al anterior.
2022-08-11 10:30:00,555 - root - INFO -  Se presiona el boton 'Nuevo', para crear un nuevo registro igual al anterior.
2022-08-11 10:30:05,656 - root - INFO -  Se abrio la pantalla para el ingreso de un registro nuevo.
2022-08-11 10:30:05,717 - root - INFO -  El campo 'Codigo' si se encuentra visible.
2022-08-11 10:30:05,757 - root - INFO -  El campo 'Codigo Alternativo' si se encuentra visible.
2022-08-11 10:30:05,797 - root - INFO -  El campo 'Descrición' si se encuentra visible.
2022-08-11 10:30:05,839 - root - INFO -  El campo 'Fecha Desde' si se encuentra visible.
2022-08-11 10:30:05,880 - root - INFO -  El campo 'Fecha Hasta' si se encuentra visible.
2022-08-11 10:30:05,920 - root - INFO -  El campo 'Moneda' si se encuentra visible.
2022-08-11 10:30:05,961 - root - INFO -  El campo 'Aplicable en' si se encuentra visible.
2022-08-11 10:30:06,002 - root - INFO -  El campo 'Activa' si se encuentra visible.
2022-08-11 10:30:06,057 - root - INFO -  El campo 'Aplicación Global' si se encuentra visible.
2022-08-11 10:30:06,168 - root - INFO -  Ingresa el codigo del nuevo registro 
2022-08-11 10:30:09,391 - root - INFO -  Ingresa el codigo alternativo del nuevo registro 
2022-08-11 10:30:12,637 - root - INFO -  Ingresa la descripción del nuevo registro 
2022-08-11 10:30:24,439 - root - INFO -  Ingresa la Fecha hasta del nuevo registro 
2022-08-11 10:31:05,366 - root - INFO -  Se da clic en el boton Guardar; se debe crear un nuevo registro.
2022-08-11 10:31:10,374 - root - INFO -  Captura: C:\xampp\htdocs\versiones\automatizaciones\AutoPWST\04PV\report\img  screen：20220811_10_31_10.png
2022-08-11 10:31:10,640 - root - INFO -  Se presiona el boton 'Cerrar', para cerrar el mensaje de duplicidad de llave primaria
2022-08-11 10:31:13,767 - root - INFO -  Se presiona el boton 'Cerrar', para cerrar la ventana
2022-08-11 10:31:17,962 - root - INFO -  Se presiona el boton 'Refrescar', para crear un nuevo registro igual al anterior.
2022-08-11 10:31:27,619 - root - INFO -  Se da clic en el registro creado, para proceder a modificarlo.
2022-08-11 10:31:32,868 - root - INFO -  Se modifica el contenido del campo Codigo Alternativo
2022-08-11 10:31:36,172 - root - INFO -  Se modifica el contenido del campo Descripcion
2022-08-11 10:31:48,029 - root - INFO -  Ingresa la Fecha hasta del nuevo registro 
2022-08-11 10:32:29,143 - root - INFO - Se hace el cambio de pestaña para continuar con el registro nuevo
2022-08-11 10:32:36,814 - root - INFO -  Se da clic en el registro creado, para proceder a modificarlo.
2022-08-11 10:32:40,020 - root - INFO -  Ingresa el Grupo Politica del nuevo registro 
2022-08-11 10:32:50,246 - root - INFO -  Ingresa el Articulo a bonificar del nuevo registro 
2022-08-11 10:33:00,460 - root - INFO -  Ingresa la Cantidad a Bonificar del nuevo registro 
2022-08-11 10:33:03,640 - root - INFO -  Ingresa la Cantidad en Bonificación del nuevo registro 
2022-08-11 10:33:06,651 - root - INFO -  Captura: C:\xampp\htdocs\versiones\automatizaciones\AutoPWST\04PV\report\img  screen：20220811_10_33_06.png
2022-08-11 10:33:06,969 - root - INFO -  Se presiona el boton 'Guardar', para guardar el registro.
2022-08-11 10:33:12,105 - root - INFO -  Se da clic en el boton Guardar; se debe modificar la informacion del registro.
2022-08-11 10:33:17,293 - root - INFO -  Se presiona el boton 'Refrescar', para proceder a eliminar el registro.
2022-08-11 10:33:26,976 - root - INFO -  Se da clic en el registro creado, para proceder a eliminarlo.
2022-08-11 10:33:32,131 - root - INFO - Se hace el cambio de pestaña para continuar con el registro nuevo
2022-08-11 10:33:39,767 - root - INFO -  Se da clic en el registro creado, para proceder a modificarlo.
2022-08-11 10:33:47,913 - root - INFO -  Se presiona el boton 'Eliminar', para eliminar el registro.
2022-08-11 10:33:48,016 - root - INFO -  Se da clic en el boton Guardar; se debe modificar la informacion del registro.
2022-08-11 10:33:57,639 - root - INFO -  Se da clic en el registro creado, para proceder a eliminarlo.
2022-08-11 10:34:05,794 - root - INFO -  Se presiona el boton 'Eliminar', para eliminar el registro.
2022-08-11 10:34:05,796 - root - INFO -  Captura: C:\xampp\htdocs\versiones\automatizaciones\AutoPWST\04PV\report\img  screen：20220811_10_34_05.png
2022-08-11 10:34:06,032 - root - INFO -  Se confirma el eliminado del registro
2022-08-11 10:34:11,198 - root - INFO -  Se presiona el boton 'Refrescar', para crear un nuevo registro igual al anterior.
2022-08-11 10:34:16,369 - root - INFO -  Se presiona el boton 'Cerrar', para cerrar la pantalla de Categorias Fiscales.
2022-08-11 10:34:20,665 - root - INFO -  Se cierra chrome
