2022-09-28 17:16:18,012 - root - INFO -  Se abre el chrome
2022-09-28 17:16:19,209 - root - INFO -  Entra a la URL
2022-09-28 17:16:19,351 - root - INFO -  Maximiza la pantalla
2022-09-28 17:16:22,396 - root - INFO -  Cambia al frame
2022-09-28 17:16:25,488 - root - INFO -  Escribe el usuario
2022-09-28 17:16:25,593 - root - INFO -  Escribe la contraseña
2022-09-28 17:16:25,735 - root - INFO -  Se dio clic en el boton ingresar
2022-09-28 17:16:26,506 - root - INFO -  Ejecutar Enterprise
2022-09-28 17:16:30,594 - root - INFO -  Cambia entre pestañas
2022-09-28 17:16:53,329 - root - INFO -  Abre la pantalla de Politicas de Venta
2022-09-28 17:16:53,391 - root - INFO -  La pantalla ejecutada es Politicas de Venta
2022-09-28 17:16:56,394 - root - INFO -  Captura: C:\xampp\htdocs\Versiones\automatizaciones\AutoPWST\04PV\report\img  screen：20220928_17_16_56.png
2022-09-28 17:16:56,598 - root - INFO -  Se presiona el boton 'Nuevo', para crear un nuevo registro.
2022-09-28 17:17:01,643 - root - INFO -  Se abrio la pantalla para el ingreso de un registro nuevo.
2022-09-28 17:17:01,679 - root - INFO -  El campo 'Codigo' si se encuentra visible.
2022-09-28 17:17:01,713 - root - INFO -  El campo 'Codigo Alternativo' si se encuentra visible.
2022-09-28 17:17:01,749 - root - INFO -  El campo 'Descrición' si se encuentra visible.
2022-09-28 17:17:01,781 - root - INFO -  El campo 'Fecha Desde' si se encuentra visible.
2022-09-28 17:17:01,813 - root - INFO -  El campo 'Fecha Hasta' si se encuentra visible.
2022-09-28 17:17:01,847 - root - INFO -  El campo 'Moneda' si se encuentra visible.
2022-09-28 17:17:01,895 - root - INFO -  El campo 'Aplicable en' si se encuentra visible.
2022-09-28 17:17:01,932 - root - INFO -  El campo 'Activa' si se encuentra visible.
2022-09-28 17:17:01,965 - root - INFO -  El campo 'Aplicación Global' si se encuentra visible.
2022-09-28 17:17:02,029 - root - INFO -  Ingresa el codigo del nuevo registro 
2022-09-28 17:17:05,167 - root - INFO -  Ingresa el codigo alternativo del nuevo registro 
2022-09-28 17:17:08,369 - root - INFO -  Ingresa la descripción del nuevo registro 
2022-09-28 17:17:14,507 - root - ERROR - No se encontró el registro de Fecha Desde, validar que la acción anterior haya finalizado, que el xpath sea el correcto o que la página no presente lentitud
2022-09-28 17:17:17,507 - root - INFO -  Captura: C:\xampp\htdocs\Versiones\automatizaciones\AutoPWST\04PV\report\img  screen：20220928_17_17_17.png
2022-09-28 17:17:20,233 - root - ERROR - No se dió click en el botón Refrescar, validar que la acción anterior haya finalizado, que el xpath sea el correcto o que la página no presente lentitud
2022-09-28 17:17:23,238 - root - INFO -  Captura: C:\xampp\htdocs\Versiones\automatizaciones\AutoPWST\04PV\report\img  screen：20220928_17_17_23.png
2022-09-28 17:17:23,292 - root - ERROR - No se dió click en el botón Refrescar, validar que la acción anterior haya finalizado, que el xpath sea el correcto o que la página no presente lentitud
2022-09-28 17:17:26,303 - root - INFO -  Captura: C:\xampp\htdocs\Versiones\automatizaciones\AutoPWST\04PV\report\img  screen：20220928_17_17_26.png
2022-09-28 17:17:26,344 - root - ERROR - No se dió click en el botón Refrescar, validar que la acción anterior haya finalizado, que el xpath sea el correcto o que la página no presente lentitud
2022-09-28 17:17:29,353 - root - INFO -  Captura: C:\xampp\htdocs\Versiones\automatizaciones\AutoPWST\04PV\report\img  screen：20220928_17_17_29.png
