2022-08-18 12:23:13,484 - root - INFO -  Se abre el chrome
2022-08-18 12:23:16,862 - root - INFO -  Entra a la URL
2022-08-18 12:23:16,985 - root - INFO -  Maximiza la pantalla
2022-08-18 12:23:20,114 - root - INFO -  Cambia al frame
2022-08-18 12:23:30,076 - root - INFO -  Se abre el chrome
2022-08-18 12:23:33,707 - root - INFO -  Entra a la URL
2022-08-18 12:23:33,830 - root - INFO -  Maximiza la pantalla
2022-08-18 12:23:36,891 - root - INFO -  Cambia al frame
2022-08-18 12:23:39,996 - root - INFO -  Escribe el usuario
2022-08-18 12:23:40,112 - root - INFO -  Escribe la contraseña
2022-08-18 12:23:40,266 - root - INFO -  Se dio clic en el boton ingresar
2022-08-18 12:23:43,227 - root - INFO -  Ejecutar Enterprise
2022-08-18 12:23:43,228 - root - INFO -  Captura: C:\xampp\htdocs\versiones\automatizaciones\AutoPWST\04PV\report\img  screen：20220818_12_23_43.png
2022-08-18 12:23:47,685 - root - INFO -  Cambia entre pestañas
2022-08-18 12:24:16,353 - root - INFO -  Abre el menu completo
2022-08-18 12:24:27,978 - root - ERROR - No se pudo encontrar el menu indicado, revise si el xpath sigue siendo el mismo, para mas detalles del error consulte el reporte
2022-08-18 12:24:30,982 - root - INFO -  Captura: C:\xampp\htdocs\versiones\automatizaciones\AutoPWST\04PV\report\img  screen：20220818_12_24_30.png
2022-08-18 12:24:31,450 - root - ERROR - La pantalla ejecutada no es correcta, revise si el xpath sigue siendo el mismo, para mas detalles del error consulte el reporte
2022-08-18 12:24:34,466 - root - INFO -  Captura: C:\xampp\htdocs\versiones\automatizaciones\AutoPWST\04PV\report\img  screen：20220818_12_24_34.png
2022-08-18 12:24:34,485 - root - ERROR - No se encontró el botón Refrescar, revise si el xpath sigue siendo el mismo, para mas detalles del error consulte el reporte
2022-08-18 12:24:37,558 - root - INFO -  Captura: C:\xampp\htdocs\versiones\automatizaciones\AutoPWST\04PV\report\img  screen：20220818_12_24_37.png
2022-08-18 12:24:37,776 - root - ERROR - No se encontró el botón Refrescar, revise si el xpath sigue siendo el mismo, para mas detalles del error consulte el reporte
2022-08-18 12:24:40,785 - root - INFO -  Captura: C:\xampp\htdocs\versiones\automatizaciones\AutoPWST\04PV\report\img  screen：20220818_12_24_40.png
2022-08-18 12:24:40,807 - root - ERROR - No se encontró el botón Refrescar, revise si el xpath sigue siendo el mismo, para mas detalles del error consulte el reporte
2022-08-18 12:24:47,296 - root - INFO -  Se abre el chrome
2022-08-18 12:24:53,273 - root - INFO -  Entra a la URL
2022-08-18 12:24:53,401 - root - INFO -  Maximiza la pantalla
2022-08-18 12:24:56,458 - root - INFO -  Cambia al frame
2022-08-18 12:24:59,557 - root - INFO -  Escribe el usuario
2022-08-18 12:24:59,684 - root - INFO -  Escribe la contraseña
2022-08-18 12:24:59,835 - root - INFO -  Se dio clic en el boton ingresar
2022-08-18 12:25:03,303 - root - INFO -  Ejecutar Enterprise
2022-08-18 12:25:03,304 - root - INFO -  Captura: C:\xampp\htdocs\versiones\automatizaciones\AutoPWST\04PV\report\img  screen：20220818_12_25_03.png
2022-08-18 12:25:07,528 - root - INFO -  Cambia entre pestañas
2022-08-18 12:25:34,285 - root - INFO -  Abre el menu completo
2022-08-18 12:25:49,177 - root - INFO -  Abre la pantalla de Politicas de Venta
2022-08-18 12:25:49,219 - root - INFO -  La pantalla ejecutada es Politicas de Venta
2022-08-18 12:25:52,222 - root - INFO -  Captura: C:\xampp\htdocs\versiones\automatizaciones\AutoPWST\04PV\report\img  screen：20220818_12_25_52.png
2022-08-18 12:25:52,411 - root - INFO -  Se presiona el boton 'Nuevo', para crear un nuevo registro.
2022-08-18 12:25:57,455 - root - INFO -  Se abrio la pantalla para el ingreso de un registro nuevo.
2022-08-18 12:25:57,496 - root - INFO -  El campo 'Codigo' si se encuentra visible.
2022-08-18 12:25:57,538 - root - INFO -  El campo 'Codigo Alternativo' si se encuentra visible.
2022-08-18 12:25:57,578 - root - INFO -  El campo 'Descrición' si se encuentra visible.
2022-08-18 12:25:57,618 - root - INFO -  El campo 'Fecha Desde' si se encuentra visible.
2022-08-18 12:25:57,661 - root - INFO -  El campo 'Fecha Hasta' si se encuentra visible.
2022-08-18 12:25:57,702 - root - INFO -  El campo 'Moneda' si se encuentra visible.
2022-08-18 12:25:57,743 - root - INFO -  El campo 'Aplicable en' si se encuentra visible.
2022-08-18 12:25:57,788 - root - INFO -  El campo 'Activa' si se encuentra visible.
2022-08-18 12:25:57,829 - root - INFO -  El campo 'Aplicación Global' si se encuentra visible.
2022-08-18 12:25:57,947 - root - INFO -  Ingresa el codigo del nuevo registro 
2022-08-18 12:26:01,076 - root - INFO -  Ingresa el codigo alternativo del nuevo registro 
2022-08-18 12:26:04,254 - root - INFO -  Ingresa la descripción del nuevo registro 
2022-08-18 12:26:15,897 - root - INFO -  Ingresa la Fecha hasta del nuevo registro 
2022-08-18 12:26:56,466 - root - INFO - Se hace el cambio de pestaña para continuar con el registro nuevo
2022-08-18 12:26:59,547 - root - INFO -  Se presiona el boton 'Nuevo', para crear un nuevo registro.
2022-08-18 12:27:04,629 - root - INFO -  El campo 'Grupo Política' si se encuentra visible.
2022-08-18 12:27:04,670 - root - INFO -  El campo 'Artículo a Bonificar' si se encuentra visible.
2022-08-18 12:27:04,711 - root - INFO -  El campo 'Cantidad a Bonificar(Packing)' si se encuentra visible.
2022-08-18 12:27:04,751 - root - INFO -  El campo 'Cantidad en Bonificación(Unidad)' si se encuentra visible.
2022-08-18 12:27:04,796 - root - INFO -  El campo 'Tope Descuento 1' si se encuentra visible.
2022-08-18 12:27:04,852 - root - INFO -  El campo 'Tope Descuento 2' si se encuentra visible.
2022-08-18 12:27:04,991 - root - INFO -  Ingresa el Grupo Politica del nuevo registro 
2022-08-18 12:27:15,133 - root - INFO -  Ingresa el Articulo a bonificar del nuevo registro 
2022-08-18 12:27:25,266 - root - INFO -  Ingresa la Cantidad a Bonificar del nuevo registro 
2022-08-18 12:27:28,366 - root - INFO -  Ingresa la Cantidad en Bonificación del nuevo registro 
2022-08-18 12:27:31,495 - root - INFO -  Ingresa el Tope Descuento 2 del nuevo registro 
2022-08-18 12:27:34,632 - root - INFO -  Ingresa el Tope Descuento 2 del nuevo registro 
2022-08-18 12:27:37,647 - root - INFO -  Captura: C:\xampp\htdocs\versiones\automatizaciones\AutoPWST\04PV\report\img  screen：20220818_12_27_37.png
2022-08-18 12:27:37,917 - root - INFO -  Se presiona el boton 'Guardar', para guardar el registro.
2022-08-18 12:27:43,037 - root - INFO -  Se da clic en el boton Guardar; se debe crear un nuevo registro.
2022-08-18 12:27:49,183 - root - ERROR - No se encontró el botón Refrescar, revise si el xpath sigue siendo el mismo, para mas detalles del error consulte el reporte
2022-08-18 12:27:52,199 - root - INFO -  Captura: C:\xampp\htdocs\versiones\automatizaciones\AutoPWST\04PV\report\img  screen：20220818_12_27_52.png
2022-08-18 12:27:52,750 - root - ERROR - No se encontró el botón Refrescar, revise si el xpath sigue siendo el mismo, para mas detalles del error consulte el reporte
2022-08-18 12:27:55,758 - root - INFO -  Captura: C:\xampp\htdocs\versiones\automatizaciones\AutoPWST\04PV\report\img  screen：20220818_12_27_55.png
2022-08-18 12:27:55,765 - root - ERROR - No se encontró el botón Refrescar, revise si el xpath sigue siendo el mismo, para mas detalles del error consulte el reporte
2022-08-18 12:27:58,770 - root - INFO -  Captura: C:\xampp\htdocs\versiones\automatizaciones\AutoPWST\04PV\report\img  screen：20220818_12_27_58.png
2022-08-18 12:29:39,904 - root - INFO -  Se abre el chrome
2022-08-18 12:29:41,979 - root - INFO -  Entra a la URL
