2023-06-20 14:00:06,574 - root - INFO -  Abre la pantalla de Politicas de Venta
2023-06-20 14:00:07,130 - root - INFO -  La pantalla ejecutada es Politicas de Venta
2023-06-20 14:00:07,130 - root - INFO -  Captura: C:\xampp\htdocs\versiones\automatizaciones\AutoPWST\04PV\report\img  screen：20230620_14_00_07.png
2023-06-20 14:00:07,827 - root - INFO -  Se da clic en el registro creado, para proceder a modificarlo.
2023-06-20 14:00:08,440 - root - INFO - Se hace el cambio a la pestaña para continuar con la eliminación del registro
2023-06-20 14:00:09,518 - root - INFO -  Se da clic en el registro de Por Articulo, para proceder a eliminarlo.
2023-06-20 14:00:09,579 - root - INFO -  Se presiona el boton 'Eliminar', para eliminar el registro de Por Aerticulo.
2023-06-20 14:00:09,739 - root - INFO -  Se da clic en el boton Guardar; se debe modificar la informacion del registro.
2023-06-20 14:00:10,305 - root - INFO -  Se da clic en el registro creado, para proceder a eliminarlo.
2023-06-20 14:00:10,362 - root - INFO -  Se presiona el boton 'Eliminar', para eliminar el registro.
2023-06-20 14:00:10,951 - root - INFO -  Se confirma el eliminado del registro
2023-06-20 14:00:11,151 - root - INFO -  Se presiona el boton 'Refrescar', para crear un nuevo registro igual al anterior.
2023-06-20 14:00:11,321 - root - INFO -  Se presiona el boton 'Nuevo', para crear un nuevo registro.
2023-06-20 14:00:11,924 - root - INFO -  Se abrio la pantalla para el ingreso de un registro nuevo.
2023-06-20 14:00:11,954 - root - INFO -  El campo 'Codigo' si se encuentra visible.
2023-06-20 14:00:11,983 - root - INFO -  El campo 'Codigo Alternativo' si se encuentra visible.
2023-06-20 14:00:12,007 - root - INFO -  El campo 'Descrición' si se encuentra visible.
2023-06-20 14:00:12,033 - root - INFO -  El campo 'Moneda' si se encuentra visible.
2023-06-20 14:00:12,058 - root - INFO -  El campo 'Aplicable en' si se encuentra visible.
2023-06-20 14:00:12,085 - root - INFO -  El campo 'Activa' si se encuentra visible.
2023-06-20 14:00:12,108 - root - INFO -  El campo 'Aplicación Global' si se encuentra visible.
2023-06-20 14:00:12,166 - root - INFO -  Ingresa el codigo del nuevo registro 
2023-06-20 14:00:12,238 - root - INFO -  Ingresa el codigo alternativo del nuevo registro 
2023-06-20 14:00:12,354 - root - INFO -  Ingresa la descripción del nuevo registro 
2023-06-20 14:00:13,288 - root - INFO -  Se dió doble click en el registro de Moneda.
2023-06-20 14:00:13,790 - root - INFO -  Se dió click en la opción BackOffice y Mobilel.
2023-06-20 14:00:13,791 - root - INFO -  Captura: C:\xampp\htdocs\versiones\automatizaciones\AutoPWST\04PV\report\img  screen：20230620_14_00_13.png
2023-06-20 14:00:13,971 - root - INFO -  Se dió click en el checkbox Activa.
2023-06-20 14:00:14,026 - root - INFO -  Se dió click en el checkbox Aplicación Global.
2023-06-20 14:00:14,095 - root - INFO - Se hace el cambio a la pestaña Por Articulo para continuar con el registro nuevo
2023-06-20 14:00:14,672 - root - INFO -  Se presiona el boton 'Nuevo', para crear un nuevo registro de Por Articulo.
2023-06-20 14:00:15,258 - root - INFO -  El campo 'Grupo Política' si se encuentra visible.
2023-06-20 14:00:15,288 - root - INFO -  El campo 'Artículo a Bonificar' si se encuentra visible.
2023-06-20 14:00:15,316 - root - INFO -  El campo 'Cantidad a Bonificar(Packing)' si se encuentra visible.
2023-06-20 14:00:15,348 - root - INFO -  El campo 'Cantidad en Bonificación(Unidad)' si se encuentra visible.
2023-06-20 14:00:15,374 - root - INFO -  El campo 'Tope Descuento 1' si se encuentra visible.
2023-06-20 14:00:15,404 - root - INFO -  El campo 'Tope Descuento 2' si se encuentra visible.
2023-06-20 14:00:15,479 - root - INFO -  Ingresa el Grupo Politica del nuevo registro 
2023-06-20 14:00:16,661 - root - INFO -  Ingresa el Articulo a bonificar del nuevo registro 
2023-06-20 14:00:17,863 - root - INFO -  Ingresa la Cantidad a Bonificar del nuevo registro 
2023-06-20 14:00:17,961 - root - INFO -  Ingresa la Cantidad en Bonificación del nuevo registro 
2023-06-20 14:00:18,047 - root - INFO -  Ingresa el Tope Descuento 2 del nuevo registro 
2023-06-20 14:00:18,138 - root - INFO -  Ingresa el Tope Descuento 2 del nuevo registro 
2023-06-20 14:00:18,209 - root - INFO -  Se presiona el boton 'Guardar', para guardar el registro de Por Articulo.
2023-06-20 14:00:18,471 - root - INFO -  Se da clic en el boton Guardar; se debe crear un nuevo registro.
2023-06-20 14:00:18,809 - root - INFO -  Se presiona el boton 'Refrescar', para crear un nuevo registro igual al anterior.
2023-06-20 14:00:20,879 - root - INFO -  Se presiona el boton 'Nuevo', para crear un nuevo registro igual al anterior.
2023-06-20 14:00:21,479 - root - INFO -  Se abrio la pantalla para el ingreso de un registro nuevo.
2023-06-20 14:00:21,529 - root - INFO -  Ingresa el codigo del nuevo registro 
2023-06-20 14:00:21,604 - root - INFO -  Ingresa el codigo alternativo del nuevo registro 
2023-06-20 14:00:21,725 - root - INFO -  Ingresa la descripción del nuevo registro 
2023-06-20 14:00:22,625 - root - INFO -  Se dió doble click en el registro de Moneda.
2023-06-20 14:00:23,117 - root - INFO -  Se dió click en la opciónBackOffice y Mobile.
2023-06-20 14:00:23,117 - root - INFO -  Captura: C:\xampp\htdocs\versiones\automatizaciones\AutoPWST\04PV\report\img  screen：20230620_14_00_23.png
2023-06-20 14:00:23,298 - root - INFO -  Se dió click en el checkbox Activa.
2023-06-20 14:00:23,352 - root - INFO -  Se dió click en el checkbox Aplicación Global.
2023-06-20 14:00:23,399 - root - INFO -  Se da clic en el boton Guardar; NO se debe crear un nuevo registro.
2023-06-20 14:00:24,400 - root - INFO -  Captura: C:\xampp\htdocs\versiones\automatizaciones\AutoPWST\04PV\report\img  screen：20230620_14_00_24.png
2023-06-20 14:00:29,729 - root - INFO -  Se presiona el boton 'Cerrar', para cerrar el mensaje de duplicidad de llave primaria
2023-06-20 14:00:30,730 - root - INFO -  Captura: C:\xampp\htdocs\versiones\automatizaciones\AutoPWST\04PV\report\img  screen：20230620_14_00_30.png
2023-06-20 14:00:30,930 - root - INFO -  Se presiona el boton 'Cerrar', para cerrar el mensaje de duplicidad de llave primaria
2023-06-20 14:00:31,026 - root - INFO -  Se presiona el boton 'Cerrar', para cerrar la ventana
2023-06-20 14:00:31,169 - root - INFO -  Se presiona el boton 'Refrescar', para proceder a modificar el registro.
2023-06-20 14:00:34,746 - root - INFO -  Se da clic en el registro creado, para proceder a modificarlo.
2023-06-20 14:00:35,420 - root - INFO -  Se modifica el contenido del campo Codigo Alternativo
2023-06-20 14:00:35,578 - root - INFO -  Se modifica el contenido del campo Descripcion
2023-06-20 14:00:35,630 - root - INFO -  Se dió click en el checkbox Aplicación Global.
2023-06-20 14:00:35,691 - root - INFO - Se hace el cambio a la pestaña para continuar con la modificación del registro
2023-06-20 14:00:36,784 - root - INFO -  Se da clic en el registro de Por Articulo, para proceder a modificarlo.
2023-06-20 14:00:37,403 - root - INFO -  Se modifica el contenido del campo Grupo Politica 
2023-06-20 14:00:38,616 - root - INFO -  Se modifica el contenido del campo Articulo a Bonificar 
2023-06-20 14:00:39,809 - root - INFO -  Se modifica el contenido del campo Cantidad a Bonificar 
2023-06-20 14:00:39,928 - root - INFO -  Se modifica el contenido del campo Cantidad en Bonificación 
2023-06-20 14:00:39,996 - root - INFO -  Se presiona el boton 'Guardar', para guardar la modificación del registro de Por Articulo.
2023-06-20 14:00:41,056 - root - INFO -  Se da clic en el boton Guardar; se debe modificar la informacion del registro.
2023-06-20 14:00:42,126 - root - INFO -  Se presiona el boton 'Refrescar', para proceder a eliminar el registro.
2023-06-20 14:00:45,724 - root - INFO -  Se da doble click en el registro creado, para proceder a eliminarlo.
2023-06-20 14:00:47,339 - root - INFO - Se hace el cambio a la pestaña para continuar con la eliminación del registro
2023-06-20 14:00:48,422 - root - INFO -  Se da clic en el registro de Por Articulo, para proceder a eliminarlo.
2023-06-20 14:00:48,512 - root - INFO -  Se presiona el boton 'Eliminar', para eliminar el registro de Por Articulo.
2023-06-20 14:00:49,576 - root - INFO -  Se da clic en el boton Guardar; se debe modificar la informacion del registro.
2023-06-20 14:00:51,141 - root - INFO -  Se da clic en el registro creado, para proceder a eliminarlo.
2023-06-20 14:00:51,202 - root - INFO -  Se presiona el boton 'Eliminar', para eliminar el registro.
2023-06-20 14:00:54,204 - root - INFO -  Captura: C:\xampp\htdocs\versiones\automatizaciones\AutoPWST\04PV\report\img  screen：20230620_14_00_54.png
2023-06-20 14:00:54,385 - root - INFO -  Se confirma el eliminado del registro
2023-06-20 14:00:54,685 - root - INFO -  Se presiona el boton 'Refrescar', para verificar si el registro ha sido eliminado.
2023-06-20 14:00:56,750 - root - INFO -  Se presiona el boton 'Cerrar', para cerrar la pantalla de Politicas de Venta.
2023-06-20 14:01:03,262 - root - INFO -  Se cierra chrome
