2023-06-09 12:02:54,465 - root - INFO -  Se abre el chrome
2023-06-09 12:02:55,437 - root - INFO -  Entra a la URL
2023-06-09 12:02:55,585 - root - INFO -  Maximiza la pantalla
2023-06-09 12:02:58,671 - root - INFO -  Escribe el usuario
2023-06-09 12:02:58,769 - root - INFO -  Escribe la contraseña
2023-06-09 12:02:58,845 - root - INFO -  Se dio clic en el boton ingresar
2023-06-09 12:03:00,079 - root - INFO -  Ejecutar Enterprise
2023-06-09 12:03:04,139 - root - INFO -  Cambia entre pestañas
2023-06-09 12:03:14,672 - root - INFO -  Abre la pantalla de tipos de compañia
2023-06-09 12:03:15,223 - root - INFO -  La pantalla ejecutada es RUBROS DE CAJA
2023-06-09 12:03:15,224 - root - INFO -  Captura: C:\xampp\htdocs\versiones\automatizaciones\AutoPWST\01PCC\report\img  screen：20230609_12_03_15.png
2023-06-09 12:03:15,428 - root - INFO -  Se presiona el boton 'Nuevo', para crear un nuevo registro.
2023-06-09 12:03:15,980 - root - INFO -  Se abrio la pantalla para el ingreso de un registro nuevo.
2023-06-09 12:03:16,010 - root - INFO -  El campo 'Codigo' si se encuentra visible.
2023-06-09 12:03:16,040 - root - INFO -  El campo 'Descrición' si se encuentra visible.
2023-06-09 12:03:16,105 - root - INFO -  Ingresa el codigo del nuevo registro 
2023-06-09 12:03:17,204 - root - INFO -  Captura: C:\xampp\htdocs\versiones\automatizaciones\AutoPWST\01PCC\report\img  screen：20230609_12_03_17.png
2023-06-09 12:03:17,405 - root - INFO - Se hace el cambio de pestaña para continuar con el registro nuevo
2023-06-09 12:03:18,000 - root - INFO -  Se presiona el boton 'Nuevo', para crear un nuevo registro.
2023-06-09 12:03:18,552 - root - INFO -  El campo 'Centro Costo' si se encuentra visible.
2023-06-09 12:03:18,582 - root - INFO -  El campo 'Porcentaje' si se encuentra visible.
2023-06-09 12:03:19,721 - root - INFO -  Se presiona el boton 'guardar', para guardar el registro.
2023-06-09 12:03:19,930 - root - INFO -  Se da clic en el boton Guardar; se debe crear un nuevo registro.
2023-06-09 12:03:20,204 - root - INFO -  Se presiona el boton 'Refrescar', para crear un nuevo registro igual al anterior.
2023-06-09 12:03:22,286 - root - INFO -  Se presiona el boton 'Nuevo', para crear un nuevo registro igual al anterior.
2023-06-09 12:03:22,871 - root - INFO -  Ingresa el codigo del nuevo registro 
2023-06-09 12:03:23,942 - root - INFO -  Captura: C:\xampp\htdocs\versiones\automatizaciones\AutoPWST\01PCC\report\img  screen：20230609_12_03_23.png
2023-06-09 12:03:24,113 - root - INFO -  Se da clic en el boton Guardar; se debe crear un nuevo registro.
2023-06-09 12:03:25,115 - root - INFO -  Captura: C:\xampp\htdocs\versiones\automatizaciones\AutoPWST\01PCC\report\img  screen：20230609_12_03_25.png
2023-06-09 12:03:30,597 - root - INFO -  Se presiona el boton 'Cerrar', para cerrar el mensaje de duplicidad de llave primaria
2023-06-09 12:03:31,598 - root - INFO -  Captura: C:\xampp\htdocs\versiones\automatizaciones\AutoPWST\01PCC\report\img  screen：20230609_12_03_31.png
2023-06-09 12:03:31,830 - root - INFO -  Se presiona el boton 'Cerrar', para cerrar el mensaje de duplicidad de llave primaria
2023-06-09 12:03:32,440 - root - INFO -  Se presiona el boton 'Cerrar', para cerrar la ventana
2023-06-09 12:03:32,526 - root - INFO -  Se presiona el boton 'Refrescar', para crear un nuevo registro igual al anterior.
2023-06-09 12:03:36,116 - root - INFO -  Se da clic en el registro creado, para proceder a modificarlo.
2023-06-09 12:03:37,763 - root - INFO -  Captura: C:\xampp\htdocs\versiones\automatizaciones\AutoPWST\01PCC\report\img  screen：20230609_12_03_37.png
2023-06-09 12:03:37,880 - root - INFO -  Se modifica el contenido del campo Descripcion
2023-06-09 12:03:37,937 - root - INFO - Se hace el cambio de pestaña para continuar con el registro nuevo
2023-06-09 12:03:39,034 - root - INFO -  Se da clic en el registro creado, para proceder a modificarlo.
2023-06-09 12:03:39,112 - root - INFO -  Se presiona el boton 'Eliminar', para eliminar el registro.
2023-06-09 12:03:39,338 - root - INFO -  Se presiona el boton 'Nuevo', para crear un nuevo registro.
2023-06-09 12:03:40,921 - root - INFO -  Se modifica el contenido del campo porcentaje
2023-06-09 12:03:41,062 - root - INFO -  Se presiona el boton 'guardar', para guardar el registro.
2023-06-09 12:03:41,230 - root - INFO -  Se da clic en el boton Guardar; se debe modificar la informacion del registro.
2023-06-09 12:03:41,504 - root - INFO -  Se presiona el boton 'Refrescar', para proceder a eliminar el registro.
2023-06-09 12:03:45,102 - root - INFO -  Se da clic en el registro creado, para proceder a modificarlo.
2023-06-09 12:03:45,679 - root - INFO - Se hace el cambio de pestaña para continuar con el registro nuevo
2023-06-09 12:03:46,746 - root - INFO -  Se da clic en el registro creado, para proceder a modificarlo.
2023-06-09 12:03:46,813 - root - INFO -  Se presiona el boton 'Eliminar', para eliminar el registro.
2023-06-09 12:03:46,909 - root - INFO -  Se da clic en el boton Guardar; se debe crear un nuevo registro.
2023-06-09 12:03:47,165 - root - INFO -  Se presiona el boton 'Eliminar', para eliminar el registro.
2023-06-09 12:03:49,166 - root - INFO -  Captura: C:\xampp\htdocs\versiones\automatizaciones\AutoPWST\01PCC\report\img  screen：20230609_12_03_49.png
2023-06-09 12:03:49,347 - root - INFO -  Se confirma el eliminado del registro
2023-06-09 12:03:49,705 - root - INFO -  Se presiona el boton 'Refrescar', para crear un nuevo registro igual al anterior.
2023-06-09 12:03:51,779 - root - INFO -  Se presiona el boton 'Cerrar', para cerrar la pantalla de Prorrateos Centros de Costo.
2023-06-09 12:03:57,981 - root - INFO -  Se cierra chrome
