2022-08-22 17:49:33,124 - root - INFO -  Se abre el chrome
2022-08-22 17:49:47,056 - root - INFO -  Entra a la URL
2022-08-22 17:49:47,184 - root - INFO -  Maximiza la pantalla
2022-08-22 17:49:50,247 - root - INFO -  Cambia al frame
2022-08-22 17:49:53,446 - root - INFO -  Escribe el usuario
2022-08-22 17:49:53,544 - root - INFO -  Escribe la contraseña
2022-08-22 17:49:53,669 - root - INFO -  Se dio clic en el boton ingresar
2022-08-22 17:49:56,777 - root - INFO -  Ejecutar Enterprise
2022-08-22 17:49:56,779 - root - INFO -  Captura: C:\xampp\htdocs\versiones\automatizaciones\AutoPWST\01ART\report\img  screen：20220822_17_49_56.png
2022-08-22 17:50:01,033 - root - INFO -  Cambia entre pestañas
2022-08-22 17:50:27,713 - root - INFO -  Abre el menu completo
2022-08-22 17:50:44,712 - root - INFO -  Abre la pantalla de Articulos
2022-08-22 17:50:44,794 - root - INFO -  La pantalla ejecutada es Articulos
2022-08-22 17:50:47,808 - root - INFO -  Captura: C:\xampp\htdocs\versiones\automatizaciones\AutoPWST\01ART\report\img  screen：20220822_17_50_47.png
2022-08-22 17:50:48,016 - root - INFO -  Se presiona el boton 'Nuevo', para crear un nuevo registro.
2022-08-22 17:50:53,133 - root - INFO -  Se abrio la pantalla para el ingreso de un registro nuevo.
2022-08-22 17:50:53,201 - root - INFO -  El campo 'Código Interno' si se encuentra visible.
2022-08-22 17:50:53,243 - root - INFO -  El campo 'Codigo Usuario' si se encuentra visible.
2022-08-22 17:50:53,283 - root - INFO -  El campo 'Codigo Alternativo' si se encuentra visible.
2022-08-22 17:50:53,321 - root - INFO -  El campo 'Descripción' si se encuentra visible.
2022-08-22 17:50:53,360 - root - INFO -  El campo 'Descripción Colector' si se encuentra visible.
2022-08-22 17:50:53,397 - root - INFO -  El campo 'Liquidar como' si se encuentra visible.
2022-08-22 17:50:53,436 - root - INFO -  El campo 'Familia' si se encuentra visible.
2022-08-22 17:50:53,474 - root - INFO -  El campo 'Línea de Negocio' si se encuentra visible.
2022-08-22 17:50:53,512 - root - INFO -  El campo 'Código de Barras' si se encuentra visible.
2022-08-22 17:50:53,553 - root - INFO -  El campo 'Unidad Negocio' si se encuentra visible.
2022-08-22 17:50:53,603 - root - INFO -  El campo 'Packing' si se encuentra visible.
2022-08-22 17:50:53,641 - root - INFO -  El campo 'Unidad Venta' si se encuentra visible.
2022-08-22 17:50:53,680 - root - INFO -  El campo 'Días de validez' si se encuentra visible.
2022-08-22 17:50:53,718 - root - INFO -  El campo 'Unidades por Packing' si se encuentra visible.
2022-08-22 17:50:53,756 - root - INFO -  El campo 'Decimales por Packing' si se encuentra visible.
2022-08-22 17:50:53,794 - root - INFO -  El campo 'Unidades Homogéneas Factor 1' si se encuentra visible.
2022-08-22 17:50:53,832 - root - INFO -  El campo 'Unidades Homogéneas Factor 2' si se encuentra visible.
2022-08-22 17:50:53,871 - root - INFO -  El campo 'Unidades Homogéneas Factor 3' si se encuentra visible.
2022-08-22 17:50:53,909 - root - INFO -  El campo 'Unidades Homogéneas Factor 4' si se encuentra visible.
2022-08-22 17:50:53,947 - root - INFO -  El campo 'Activo' si se encuentra visible.
2022-08-22 17:50:53,987 - root - INFO -  El campo 'Facturación por packing' si se encuentra visible.
2022-08-22 17:50:54,025 - root - INFO -  El campo 'Controlar Lotes' si se encuentra visible.
2022-08-22 17:50:54,064 - root - INFO -  El campo 'Controlar Stock' si se encuentra visible.
2022-08-22 17:50:54,194 - root - INFO -  Ingresa el codigo interno del nuevo registro 
2022-08-22 17:50:57,358 - root - INFO -  Ingresa el codigo usuario del nuevo registro 
2022-08-22 17:51:00,534 - root - INFO -  Ingresa el codigo alternativo del nuevo registro 
2022-08-22 17:51:03,675 - root - INFO -  Ingresa la Descripcion del nuevo registro 
2022-08-22 17:51:06,860 - root - INFO -  Ingresa la Descripcion Colector del nuevo registro 
2022-08-22 17:51:10,047 - root - INFO -  Ingresa el liquidar como del nuevo registro 
2022-08-22 17:51:21,608 - root - INFO -  Se selecciono el registro de Familia 
2022-08-22 17:51:33,109 - root - INFO -  Se selecciono el registro de Linea Negocio 
2022-08-22 17:51:36,274 - root - INFO -  Ingresa el Codigo de Barras del nuevo registro 
2022-08-22 17:51:47,804 - root - INFO -  Se selecciono el registro de Unidad Negocio 
2022-08-22 17:51:59,340 - root - INFO -  Se selecciono el registro de Packing 
2022-08-22 17:52:10,823 - root - INFO -  Se selecciono el registro de Unidad Venta 
2022-08-22 17:52:13,968 - root - INFO -  Ingresa los días de validez del nuevo registro 
2022-08-22 17:52:17,118 - root - INFO -  Ingresa las unidades por packing del nuevo registro 
2022-08-22 17:52:20,281 - root - INFO -  Ingresa los decimales por packing del nuevo registro 
2022-08-22 17:54:14,063 - root - INFO -  Se abre el chrome
2022-08-22 17:54:20,948 - root - INFO -  Entra a la URL
2022-08-22 17:54:21,069 - root - INFO -  Maximiza la pantalla
2022-08-22 17:54:24,128 - root - INFO -  Cambia al frame
2022-08-22 17:54:27,216 - root - INFO -  Escribe el usuario
2022-08-22 17:54:27,319 - root - INFO -  Escribe la contraseña
2022-08-22 17:54:27,460 - root - INFO -  Se dio clic en el boton ingresar
2022-08-22 17:54:32,153 - root - INFO -  Ejecutar Enterprise
2022-08-22 17:54:32,154 - root - INFO -  Captura: C:\xampp\htdocs\versiones\automatizaciones\AutoPWST\01ART\report\img  screen：20220822_17_54_32.png
2022-08-22 17:54:36,387 - root - INFO -  Cambia entre pestañas
2022-08-22 17:55:02,065 - root - INFO -  Abre el menu completo
2022-08-22 17:55:19,042 - root - INFO -  Abre la pantalla de Articulos
2022-08-22 17:55:19,125 - root - INFO -  La pantalla ejecutada es Articulos
2022-08-22 17:55:22,129 - root - INFO -  Captura: C:\xampp\htdocs\versiones\automatizaciones\AutoPWST\01ART\report\img  screen：20220822_17_55_22.png
2022-08-22 17:55:22,406 - root - INFO -  Se presiona el boton 'Nuevo', para crear un nuevo registro.
2022-08-22 17:55:27,497 - root - INFO -  Se abrio la pantalla para el ingreso de un registro nuevo.
2022-08-22 17:55:27,536 - root - INFO -  El campo 'Código Interno' si se encuentra visible.
2022-08-22 17:55:27,574 - root - INFO -  El campo 'Codigo Usuario' si se encuentra visible.
2022-08-22 17:55:27,613 - root - INFO -  El campo 'Codigo Alternativo' si se encuentra visible.
2022-08-22 17:55:27,652 - root - INFO -  El campo 'Descripción' si se encuentra visible.
2022-08-22 17:55:27,690 - root - INFO -  El campo 'Descripción Colector' si se encuentra visible.
2022-08-22 17:55:27,728 - root - INFO -  El campo 'Liquidar como' si se encuentra visible.
2022-08-22 17:55:27,766 - root - INFO -  El campo 'Familia' si se encuentra visible.
2022-08-22 17:55:27,817 - root - INFO -  El campo 'Línea de Negocio' si se encuentra visible.
2022-08-22 17:55:27,854 - root - INFO -  El campo 'Código de Barras' si se encuentra visible.
2022-08-22 17:55:27,891 - root - INFO -  El campo 'Unidad Negocio' si se encuentra visible.
2022-08-22 17:55:27,928 - root - INFO -  El campo 'Packing' si se encuentra visible.
2022-08-22 17:55:27,965 - root - INFO -  El campo 'Unidad Venta' si se encuentra visible.
2022-08-22 17:55:28,002 - root - INFO -  El campo 'Días de validez' si se encuentra visible.
2022-08-22 17:55:28,040 - root - INFO -  El campo 'Unidades por Packing' si se encuentra visible.
2022-08-22 17:55:28,078 - root - INFO -  El campo 'Decimales por Packing' si se encuentra visible.
2022-08-22 17:55:28,115 - root - INFO -  El campo 'Unidades Homogéneas Factor 1' si se encuentra visible.
2022-08-22 17:55:28,154 - root - INFO -  El campo 'Unidades Homogéneas Factor 2' si se encuentra visible.
2022-08-22 17:55:28,193 - root - INFO -  El campo 'Unidades Homogéneas Factor 3' si se encuentra visible.
2022-08-22 17:55:28,234 - root - INFO -  El campo 'Unidades Homogéneas Factor 4' si se encuentra visible.
2022-08-22 17:55:28,272 - root - INFO -  El campo 'Activo' si se encuentra visible.
2022-08-22 17:55:28,310 - root - INFO -  El campo 'Facturación por packing' si se encuentra visible.
2022-08-22 17:55:28,347 - root - INFO -  El campo 'Controlar Lotes' si se encuentra visible.
2022-08-22 17:55:28,385 - root - INFO -  El campo 'Controlar Stock' si se encuentra visible.
2022-08-22 17:55:28,539 - root - INFO -  Ingresa el codigo interno del nuevo registro 
2022-08-22 17:55:31,712 - root - INFO -  Ingresa el codigo usuario del nuevo registro 
2022-08-22 17:55:34,884 - root - INFO -  Ingresa el codigo alternativo del nuevo registro 
2022-08-22 17:55:38,055 - root - INFO -  Ingresa la Descripcion del nuevo registro 
2022-08-22 17:55:41,233 - root - INFO -  Ingresa la Descripcion Colector del nuevo registro 
2022-08-22 17:55:44,381 - root - INFO -  Ingresa el liquidar como del nuevo registro 
2022-08-22 17:55:55,886 - root - INFO -  Se selecciono el registro de Familia 
2022-08-22 17:56:07,387 - root - INFO -  Se selecciono el registro de Linea Negocio 
2022-08-22 17:56:10,619 - root - INFO -  Ingresa el Codigo de Barras del nuevo registro 
2022-08-22 17:56:22,139 - root - INFO -  Se selecciono el registro de Unidad Negocio 
2022-08-22 17:56:33,634 - root - INFO -  Se selecciono el registro de Packing 
2022-08-22 17:56:45,155 - root - INFO -  Se selecciono el registro de Unidad Venta 
2022-08-22 17:56:48,304 - root - INFO -  Ingresa los días de validez del nuevo registro 
2022-08-22 17:56:51,483 - root - INFO -  Ingresa las unidades por packing del nuevo registro 
2022-08-22 17:56:54,637 - root - INFO -  Ingresa los decimales por packing del nuevo registro 
2022-08-22 17:56:57,770 - root - INFO -  Ingresa las Unidades Homogéneas Factor 1 del nuevo registro 
2022-08-22 17:57:00,918 - root - INFO -  Ingresa las Unidades Homogéneas Factor 2 del nuevo registro 
2022-08-22 17:57:04,067 - root - INFO -  Ingresa las Unidades Homogéneas Factor 3 del nuevo registro 
2022-08-22 17:57:07,229 - root - INFO -  Ingresa las Unidades Homogéneas Factor 4 del nuevo registro 
2022-08-22 17:57:10,356 - root - INFO -  Se dió click en el campo activo 
2022-08-22 17:57:13,503 - root - INFO -  Se dió click en el campo Factura por Packing 
2022-08-22 17:57:16,636 - root - INFO -  Se dió click en el campo Control Lotes 
2022-08-22 17:57:19,785 - root - INFO -  Se dió click en el campo control stock 
2022-08-22 17:57:22,802 - root - INFO -  Captura: C:\xampp\htdocs\versiones\automatizaciones\AutoPWST\01ART\report\img  screen：20220822_17_57_22.png
2022-08-22 17:57:23,049 - root - INFO - Se hace el cambio de pestaña Lista de Precios para continuar con el registro nuevo
2022-08-22 17:57:28,127 - root - INFO -  El campo 'Descripción para L.P.' si se encuentra visible.
2022-08-22 17:57:28,187 - root - INFO -  El campo 'Observación para L.P.' si se encuentra visible.
2022-08-22 17:57:28,369 - root - INFO -  Ingresa la Descripcion LP del nuevo registro 
2022-08-22 17:57:31,545 - root - INFO -  Ingresa la Observacion LP del nuevo registro 
2022-08-22 17:57:34,677 - root - INFO - Se hace el cambio de pestaña impuestos para continuar con el registro nuevo
2022-08-22 17:57:39,774 - root - INFO -  El campo 'Fórmula cálculo precio unitario' si se encuentra visible.
2022-08-22 17:57:39,969 - root - INFO -  Ingresa la Fórmula cálculo precio unitario del nuevo registro 
2022-08-22 17:57:43,088 - root - INFO -  Se presiona el boton 'Nuevo de la pestaña Impuesto' , para crear un nuevo registro.
2022-08-22 17:58:15,625 - root - INFO -  Se abre el chrome
2022-08-22 17:58:23,122 - root - INFO -  Entra a la URL
2022-08-22 17:58:23,246 - root - INFO -  Maximiza la pantalla
2022-08-22 17:58:26,303 - root - INFO -  Cambia al frame
2022-08-22 17:58:29,399 - root - INFO -  Escribe el usuario
2022-08-22 17:58:29,510 - root - INFO -  Escribe la contraseña
2022-08-22 17:58:29,647 - root - INFO -  Se dio clic en el boton ingresar
2022-08-22 17:58:33,248 - root - INFO -  Ejecutar Enterprise
2022-08-22 17:58:33,249 - root - INFO -  Captura: C:\xampp\htdocs\versiones\automatizaciones\AutoPWST\01ART\report\img  screen：20220822_17_58_33.png
2022-08-22 17:58:37,480 - root - INFO -  Cambia entre pestañas
2022-08-22 17:59:19,498 - root - INFO -  Abre el menu completo
2022-08-22 17:59:36,432 - root - INFO -  Abre la pantalla de Articulos
2022-08-22 17:59:36,507 - root - INFO -  La pantalla ejecutada es Articulos
2022-08-22 17:59:39,508 - root - INFO -  Captura: C:\xampp\htdocs\versiones\automatizaciones\AutoPWST\01ART\report\img  screen：20220822_17_59_39.png
2022-08-22 17:59:39,733 - root - INFO -  Se presiona el boton 'Nuevo', para crear un nuevo registro.
2022-08-22 17:59:44,824 - root - INFO -  Se abrio la pantalla para el ingreso de un registro nuevo.
2022-08-22 17:59:44,866 - root - INFO -  El campo 'Código Interno' si se encuentra visible.
2022-08-22 17:59:44,907 - root - INFO -  El campo 'Codigo Usuario' si se encuentra visible.
2022-08-22 17:59:44,948 - root - INFO -  El campo 'Codigo Alternativo' si se encuentra visible.
2022-08-22 17:59:44,986 - root - INFO -  El campo 'Descripción' si se encuentra visible.
2022-08-22 17:59:45,024 - root - INFO -  El campo 'Descripción Colector' si se encuentra visible.
2022-08-22 17:59:45,063 - root - INFO -  El campo 'Liquidar como' si se encuentra visible.
2022-08-22 17:59:45,103 - root - INFO -  El campo 'Familia' si se encuentra visible.
2022-08-22 17:59:45,140 - root - INFO -  El campo 'Línea de Negocio' si se encuentra visible.
2022-08-22 17:59:45,192 - root - INFO -  El campo 'Código de Barras' si se encuentra visible.
2022-08-22 17:59:45,232 - root - INFO -  El campo 'Unidad Negocio' si se encuentra visible.
2022-08-22 17:59:45,270 - root - INFO -  El campo 'Packing' si se encuentra visible.
2022-08-22 17:59:45,308 - root - INFO -  El campo 'Unidad Venta' si se encuentra visible.
2022-08-22 17:59:45,346 - root - INFO -  El campo 'Días de validez' si se encuentra visible.
2022-08-22 17:59:45,384 - root - INFO -  El campo 'Unidades por Packing' si se encuentra visible.
2022-08-22 17:59:45,422 - root - INFO -  El campo 'Decimales por Packing' si se encuentra visible.
2022-08-22 17:59:45,462 - root - INFO -  El campo 'Unidades Homogéneas Factor 1' si se encuentra visible.
2022-08-22 17:59:45,502 - root - INFO -  El campo 'Unidades Homogéneas Factor 2' si se encuentra visible.
2022-08-22 17:59:45,541 - root - INFO -  El campo 'Unidades Homogéneas Factor 3' si se encuentra visible.
2022-08-22 17:59:45,582 - root - INFO -  El campo 'Unidades Homogéneas Factor 4' si se encuentra visible.
2022-08-22 17:59:45,620 - root - INFO -  El campo 'Activo' si se encuentra visible.
2022-08-22 17:59:45,659 - root - INFO -  El campo 'Facturación por packing' si se encuentra visible.
2022-08-22 17:59:45,698 - root - INFO -  El campo 'Controlar Lotes' si se encuentra visible.
2022-08-22 17:59:45,736 - root - INFO -  El campo 'Controlar Stock' si se encuentra visible.
2022-08-22 17:59:45,873 - root - INFO -  Ingresa el codigo interno del nuevo registro 
2022-08-22 17:59:49,053 - root - INFO -  Ingresa el codigo usuario del nuevo registro 
2022-08-22 17:59:52,229 - root - INFO -  Ingresa el codigo alternativo del nuevo registro 
2022-08-22 17:59:55,362 - root - INFO -  Ingresa la Descripcion del nuevo registro 
2022-08-22 17:59:58,537 - root - INFO -  Ingresa la Descripcion Colector del nuevo registro 
