2022-09-14 15:00:10,582 - root - INFO -  Se selecciono la opción Una Ruta 
2022-09-14 15:00:13,594 - root - INFO -  Captura: C:\xampp\htdocs\versiones\automatizaciones\AutoPWST\01PM\report\img  screen：20220914_15_00_13.png
2022-09-14 15:00:13,830 - root - INFO - Se hace el cambio de pestaña Permisos para continuar con la modificación del registro
2022-09-14 15:00:18,933 - root - INFO -  Se presiona el boton 'Nuevo de la pestaña Permiso' , para crear un nuevo registro.
2022-09-14 15:00:32,396 - root - INFO -  Se dió click en la opción Anular Documentos 
2022-09-14 15:00:35,510 - root - INFO -  Se presiona el boton 'Guardar de la pestaña Permiso', para guardar el registro.
2022-09-14 15:00:40,628 - root - INFO - Se hace el cambio a la pestaña Lineas de Negocio para continuar con la modificación del registro
2022-09-14 15:00:45,746 - root - INFO - Se hace el cambio de pestaña Impulso Ventas para continuar con la modificación del registro
2022-09-14 15:00:55,374 - root - INFO -  Se da clic en el registro creado, para proceder a modificarlo.
2022-09-14 15:01:03,484 - root - INFO -  Se presiona el boton 'Eliminar de Impulso Ventas', para eliminar el primer registro.
2022-09-14 15:01:08,086 - root - INFO -  Se da clic en el registro creado, para proceder a modificarlo.
2022-09-14 15:01:16,201 - root - INFO -  Se presiona el boton 'Eliminar de Impulso Ventas', para eliminar el segundo registro.
2022-09-14 15:01:20,824 - root - INFO -  Se da clic en el registro creado, para proceder a modificarlo.
2022-09-14 15:01:28,946 - root - INFO -  Se presiona el boton 'Eliminar de Impulso Ventas', para eliminar el tercer registro.
2022-09-14 15:01:33,552 - root - INFO -  Se da clic en el registro creado, para proceder a modificarlo.
2022-09-14 15:01:41,626 - root - INFO -  Se presiona el boton 'Eliminar de Impulso Ventas', para eliminar el cuarto registro.
2022-09-14 15:01:46,246 - root - INFO -  Se da clic en el registro creado, para proceder a modificarlo.
2022-09-14 15:01:54,337 - root - INFO -  Se presiona el boton 'Eliminar de Impulso Ventas', para eliminar el quinto registro.
2022-09-14 15:01:54,464 - root - INFO -  Se da clic en el boton Guardar; se debe modificar la informacion del registro.
2022-09-14 15:01:59,560 - root - INFO -  Se presiona el boton 'Refrescar', para proceder a eliminar el registro.
2022-09-14 15:02:09,195 - root - INFO -  Se da clic en el registro creado, para proceder a eliminarlo.
2022-09-14 15:02:12,307 - root - INFO - Se hace el cambio de pestaña Permisos para continuar con la eliminación del registro
2022-09-14 15:02:21,943 - root - INFO -  Se da clic en el primer registro de Permisos, para proceder a eliminarlo.
2022-09-14 15:02:30,070 - root - INFO -  Se presiona el boton 'Eliminar de Permiso', para eliminar el segundo registro.
2022-09-14 15:02:34,697 - root - INFO -  Se da clic en el segundo registro de Permisos, para proceder a Eliminarlo.
2022-09-14 15:02:42,786 - root - INFO -  Se presiona el boton 'Eliminar de Permiso', para eliminar el segundo registro.
2022-09-14 15:02:42,897 - root - INFO - Se hace el cambio a la pestaña Lineas de Negocio para continuar con la eliminación del registro
2022-09-14 15:02:52,513 - root - INFO -  Se da clic en el primer registro de Linea de Negocio, para proceder a Eliminarlo.
2022-09-14 15:03:00,640 - root - INFO -  Se presiona el boton 'Eliminar de Linea de Negocio', para eliminar el primer registro.
2022-09-14 15:03:05,246 - root - INFO -  Se da clic en el segundo registro Linea de negocio, para proceder a Eliminarlo.
2022-09-14 15:03:13,364 - root - INFO -  Se presiona el boton 'Eliminar de Linea de Negocio', para eliminar el segundo registro.
2022-09-14 15:03:17,995 - root - INFO -  Se da clic en el tercer registro Lineas de Negocio, para proceder a Eliminarlo.
2022-09-14 15:03:26,138 - root - INFO -  Se presiona el boton 'Eliminar de Linea de Negocio', para eliminar el tercer registro.
2022-09-14 15:03:26,255 - root - INFO - Se hace el cambio a la pestaña Mantenimiento Clientes para continuar con la eliminación del registro
2022-09-14 15:03:31,398 - root - INFO -  Se dió click en el checkbox Clasificación 1 
2022-09-14 15:03:34,541 - root - INFO -  Se dió click en el checkbox Clasificación 2 
2022-09-14 15:03:37,677 - root - INFO -  Se dió click en el checkbox Clasificación 3 
2022-09-14 15:03:40,805 - root - INFO -  Se dió click en el checkbox Colonia 
2022-09-14 15:03:43,951 - root - INFO -  Se dió click en el checkbox Codigo Postal 
2022-09-14 15:03:47,080 - root - INFO -  Se dió click en el checkbox Direccion 
2022-09-14 15:03:50,229 - root - INFO -  Se dió click en el checkbox Entorno PDV 
2022-09-14 15:03:53,361 - root - INFO -  Se dió click en el checkbox Esquina 1 
2022-09-14 15:03:56,494 - root - INFO -  Se dió click en el checkbox Esquina 2 
2022-09-14 15:03:59,636 - root - INFO -  Se dió click en el checkbox Paises 
2022-09-14 15:04:02,752 - root - INFO -  Se dió click en el checkbox Departamento 
2022-09-14 15:04:05,902 - root - INFO -  Se dió click en el checkbox Localidad 
2022-09-14 15:04:09,034 - root - INFO -  Se da clic en el boton Guardar; se debe modificar la informacion del registro.
2022-09-14 15:04:18,670 - root - INFO -  Se da clic en el registro creado, para proceder a eliminarlo.
2022-09-14 15:04:26,764 - root - INFO -  Se presiona el boton 'Eliminar', para eliminar el registro.
2022-09-14 15:04:26,766 - root - INFO -  Captura: C:\xampp\htdocs\versiones\automatizaciones\AutoPWST\01PM\report\img  screen：20220914_15_04_26.png
2022-09-14 15:04:26,974 - root - INFO -  Se confirma el eliminado del registro
2022-09-14 15:04:32,084 - root - INFO -  Se presiona el boton 'Refrescar', para verificar si el registro ha sido eliminado.
2022-09-14 15:04:37,185 - root - INFO -  Se presiona el boton 'Cerrar', para cerrar la pantalla de Perfiles Moviles.
2022-09-14 15:04:43,939 - root - INFO -  Se cierra chrome
