2022-10-07 09:20:04,604 - root - INFO -  Se abre el chrome
2022-10-07 09:20:05,654 - root - INFO -  Entra a la URL
2022-10-07 09:20:05,785 - root - INFO -  Maximiza la pantalla
2022-10-07 09:20:08,842 - root - INFO -  Cambia al frame
2022-10-07 09:20:11,983 - root - INFO -  Escribe el usuario
2022-10-07 09:20:12,089 - root - INFO -  Escribe la contraseña
2022-10-07 09:20:12,282 - root - INFO -  Se dio clic en el boton ingresar
2022-10-07 09:20:13,084 - root - INFO -  Ejecutar Enterprise
2022-10-07 09:20:17,172 - root - INFO -  Cambia entre pestañas
2022-10-07 09:20:39,840 - root - INFO - Se abre el documento de venta a realizar
2022-10-07 09:21:21,514 - root - INFO - Se agrega el artículo facturado por packing a la venta
2022-10-07 09:21:49,160 - root - INFO -  Captura: C:\xampp\htdocs\versiones\automatizaciones\AutoPWST\VentaCiclada\report\img  screen：20221007_09_21_49.png
2022-10-07 09:21:49,505 - root - INFO - Se guarda la venta realizaada
2022-10-07 09:22:33,105 - root - INFO - Se agrega el artículo facturado por packing a la venta
2022-10-07 09:23:00,739 - root - INFO -  Captura: C:\xampp\htdocs\versiones\automatizaciones\AutoPWST\VentaCiclada\report\img  screen：20221007_09_23_00.png
2022-10-07 09:23:01,238 - root - INFO - Se guarda la venta realizaada
2022-10-07 09:23:44,565 - root - INFO - Se agrega el artículo facturado por packing a la venta
2022-10-07 09:24:12,186 - root - INFO -  Captura: C:\xampp\htdocs\versiones\automatizaciones\AutoPWST\VentaCiclada\report\img  screen：20221007_09_24_12.png
2022-10-07 09:24:12,455 - root - INFO - Se guarda la venta realizaada
2022-10-07 09:24:55,874 - root - INFO - Se agrega el artículo facturado por packing a la venta
2022-10-07 09:25:23,552 - root - INFO -  Captura: C:\xampp\htdocs\versiones\automatizaciones\AutoPWST\VentaCiclada\report\img  screen：20221007_09_25_23.png
2022-10-07 09:25:23,889 - root - INFO - Se guarda la venta realizaada
2022-10-07 09:26:07,392 - root - INFO - Se agrega el artículo facturado por packing a la venta
2022-10-07 09:26:35,097 - root - INFO -  Captura: C:\xampp\htdocs\versiones\automatizaciones\AutoPWST\VentaCiclada\report\img  screen：20221007_09_26_35.png
2022-10-07 09:26:35,413 - root - INFO - Se guarda la venta realizaada
2022-10-07 09:27:19,340 - root - INFO - Se agrega el artículo facturado por packing a la venta
2022-10-07 09:27:47,018 - root - INFO -  Captura: C:\xampp\htdocs\versiones\automatizaciones\AutoPWST\VentaCiclada\report\img  screen：20221007_09_27_47.png
2022-10-07 09:27:47,393 - root - INFO - Se guarda la venta realizaada
2022-10-07 09:28:30,883 - root - INFO - Se agrega el artículo facturado por packing a la venta
2022-10-07 09:28:58,444 - root - INFO -  Captura: C:\xampp\htdocs\versiones\automatizaciones\AutoPWST\VentaCiclada\report\img  screen：20221007_09_28_58.png
2022-10-07 09:28:58,703 - root - INFO - Se guarda la venta realizaada
2022-10-07 09:29:42,082 - root - INFO - Se agrega el artículo facturado por packing a la venta
2022-10-07 09:30:09,712 - root - INFO -  Captura: C:\xampp\htdocs\versiones\automatizaciones\AutoPWST\VentaCiclada\report\img  screen：20221007_09_30_09.png
2022-10-07 09:30:10,022 - root - INFO - Se guarda la venta realizaada
2022-10-07 09:30:53,396 - root - INFO - Se agrega el artículo facturado por packing a la venta
2022-10-07 09:31:21,001 - root - INFO -  Captura: C:\xampp\htdocs\versiones\automatizaciones\AutoPWST\VentaCiclada\report\img  screen：20221007_09_31_21.png
2022-10-07 09:31:21,265 - root - INFO - Se guarda la venta realizaada
2022-10-07 09:32:04,687 - root - INFO - Se agrega el artículo facturado por packing a la venta
2022-10-07 09:32:32,347 - root - INFO -  Captura: C:\xampp\htdocs\versiones\automatizaciones\AutoPWST\VentaCiclada\report\img  screen：20221007_09_32_32.png
2022-10-07 09:32:32,619 - root - INFO - Se guarda la venta realizaada
2022-10-07 09:33:16,047 - root - INFO - Se agrega el artículo facturado por packing a la venta
2022-10-07 09:33:43,609 - root - INFO -  Captura: C:\xampp\htdocs\versiones\automatizaciones\AutoPWST\VentaCiclada\report\img  screen：20221007_09_33_43.png
2022-10-07 09:33:43,873 - root - INFO - Se guarda la venta realizaada
2022-10-07 09:34:27,250 - root - INFO - Se agrega el artículo facturado por packing a la venta
2022-10-07 09:34:54,844 - root - INFO -  Captura: C:\xampp\htdocs\versiones\automatizaciones\AutoPWST\VentaCiclada\report\img  screen：20221007_09_34_54.png
2022-10-07 09:34:55,097 - root - INFO - Se guarda la venta realizaada
2022-10-07 09:35:38,557 - root - INFO - Se agrega el artículo facturado por packing a la venta
2022-10-07 09:36:06,159 - root - INFO -  Captura: C:\xampp\htdocs\versiones\automatizaciones\AutoPWST\VentaCiclada\report\img  screen：20221007_09_36_06.png
2022-10-07 09:36:06,419 - root - INFO - Se guarda la venta realizaada
2022-10-07 09:36:49,798 - root - INFO - Se agrega el artículo facturado por packing a la venta
2022-10-07 09:37:17,403 - root - INFO -  Captura: C:\xampp\htdocs\versiones\automatizaciones\AutoPWST\VentaCiclada\report\img  screen：20221007_09_37_17.png
2022-10-07 09:37:17,628 - root - INFO - Se guarda la venta realizaada
2022-10-07 09:38:00,836 - root - INFO - Se agrega el artículo facturado por packing a la venta
2022-10-07 09:38:28,449 - root - INFO -  Captura: C:\xampp\htdocs\versiones\automatizaciones\AutoPWST\VentaCiclada\report\img  screen：20221007_09_38_28.png
2022-10-07 09:38:28,744 - root - INFO - Se guarda la venta realizaada
2022-10-07 09:39:12,141 - root - INFO - Se agrega el artículo facturado por packing a la venta
2022-10-07 09:39:39,775 - root - INFO -  Captura: C:\xampp\htdocs\versiones\automatizaciones\AutoPWST\VentaCiclada\report\img  screen：20221007_09_39_39.png
2022-10-07 09:39:40,060 - root - INFO - Se guarda la venta realizaada
2022-10-07 09:40:23,522 - root - INFO - Se agrega el artículo facturado por packing a la venta
2022-10-07 09:40:51,116 - root - INFO -  Captura: C:\xampp\htdocs\versiones\automatizaciones\AutoPWST\VentaCiclada\report\img  screen：20221007_09_40_51.png
2022-10-07 09:40:51,388 - root - INFO - Se guarda la venta realizaada
2022-10-07 09:41:34,837 - root - INFO - Se agrega el artículo facturado por packing a la venta
2022-10-07 09:42:02,405 - root - INFO -  Captura: C:\xampp\htdocs\versiones\automatizaciones\AutoPWST\VentaCiclada\report\img  screen：20221007_09_42_02.png
2022-10-07 09:42:02,675 - root - INFO - Se guarda la venta realizaada
2022-10-07 09:42:46,082 - root - INFO - Se agrega el artículo facturado por packing a la venta
2022-10-07 09:43:13,693 - root - INFO -  Captura: C:\xampp\htdocs\versiones\automatizaciones\AutoPWST\VentaCiclada\report\img  screen：20221007_09_43_13.png
2022-10-07 09:43:13,963 - root - INFO - Se guarda la venta realizaada
2022-10-07 09:43:57,370 - root - INFO - Se agrega el artículo facturado por packing a la venta
2022-10-07 09:44:24,969 - root - INFO -  Captura: C:\xampp\htdocs\versiones\automatizaciones\AutoPWST\VentaCiclada\report\img  screen：20221007_09_44_24.png
2022-10-07 09:44:25,232 - root - INFO - Se guarda la venta realizaada
2022-10-07 09:45:08,671 - root - INFO - Se agrega el artículo facturado por packing a la venta
2022-10-07 09:45:36,259 - root - INFO -  Captura: C:\xampp\htdocs\versiones\automatizaciones\AutoPWST\VentaCiclada\report\img  screen：20221007_09_45_36.png
2022-10-07 09:45:36,547 - root - INFO - Se guarda la venta realizaada
2022-10-07 09:46:19,976 - root - INFO - Se agrega el artículo facturado por packing a la venta
2022-10-07 09:46:47,546 - root - INFO -  Captura: C:\xampp\htdocs\versiones\automatizaciones\AutoPWST\VentaCiclada\report\img  screen：20221007_09_46_47.png
2022-10-07 09:46:47,810 - root - INFO - Se guarda la venta realizaada
2022-10-07 09:47:31,215 - root - INFO - Se agrega el artículo facturado por packing a la venta
2022-10-07 09:47:58,812 - root - INFO -  Captura: C:\xampp\htdocs\versiones\automatizaciones\AutoPWST\VentaCiclada\report\img  screen：20221007_09_47_58.png
2022-10-07 09:47:59,091 - root - INFO - Se guarda la venta realizaada
2022-10-07 09:48:42,568 - root - INFO - Se agrega el artículo facturado por packing a la venta
2022-10-07 09:49:10,387 - root - INFO -  Captura: C:\xampp\htdocs\versiones\automatizaciones\AutoPWST\VentaCiclada\report\img  screen：20221007_09_49_10.png
2022-10-07 09:49:10,644 - root - INFO - Se guarda la venta realizaada
2022-10-07 09:49:54,050 - root - INFO - Se agrega el artículo facturado por packing a la venta
2022-10-07 09:50:21,642 - root - INFO -  Captura: C:\xampp\htdocs\versiones\automatizaciones\AutoPWST\VentaCiclada\report\img  screen：20221007_09_50_21.png
2022-10-07 09:50:21,887 - root - INFO - Se guarda la venta realizaada
2022-10-07 09:51:05,333 - root - INFO - Se agrega el artículo facturado por packing a la venta
2022-10-07 09:51:32,938 - root - INFO -  Captura: C:\xampp\htdocs\versiones\automatizaciones\AutoPWST\VentaCiclada\report\img  screen：20221007_09_51_32.png
2022-10-07 09:51:33,231 - root - INFO - Se guarda la venta realizaada
2022-10-07 09:52:16,659 - root - INFO - Se agrega el artículo facturado por packing a la venta
2022-10-07 09:52:44,255 - root - INFO -  Captura: C:\xampp\htdocs\versiones\automatizaciones\AutoPWST\VentaCiclada\report\img  screen：20221007_09_52_44.png
2022-10-07 09:52:44,544 - root - INFO - Se guarda la venta realizaada
2022-10-07 09:53:27,981 - root - INFO - Se agrega el artículo facturado por packing a la venta
2022-10-07 09:53:55,596 - root - INFO -  Captura: C:\xampp\htdocs\versiones\automatizaciones\AutoPWST\VentaCiclada\report\img  screen：20221007_09_53_55.png
2022-10-07 09:53:55,860 - root - INFO - Se guarda la venta realizaada
2022-10-07 09:54:39,216 - root - INFO - Se agrega el artículo facturado por packing a la venta
2022-10-07 09:55:06,808 - root - INFO -  Captura: C:\xampp\htdocs\versiones\automatizaciones\AutoPWST\VentaCiclada\report\img  screen：20221007_09_55_06.png
2022-10-07 09:55:07,118 - root - INFO - Se guarda la venta realizaada
2022-10-07 09:55:50,498 - root - INFO - Se agrega el artículo facturado por packing a la venta
2022-10-07 09:56:18,096 - root - INFO -  Captura: C:\xampp\htdocs\versiones\automatizaciones\AutoPWST\VentaCiclada\report\img  screen：20221007_09_56_18.png
2022-10-07 09:56:18,373 - root - INFO - Se guarda la venta realizaada
2022-10-07 09:56:30,986 - root - INFO -  Se cierra chrome
