2022-09-13 10:00:43,601 - root - INFO -  Se abre el chrome
2022-09-13 10:01:05,701 - root - INFO -  Entra a la URL
2022-09-13 10:01:05,830 - root - INFO -  Maximiza la pantalla
2022-09-13 10:01:08,889 - root - INFO -  Cambia al frame
2022-09-13 10:01:11,970 - root - INFO -  Escribe el usuario
2022-09-13 10:01:12,035 - root - INFO -  Escribe la contraseña
2022-09-13 10:01:12,140 - root - INFO -  Se dio clic en el boton ingresar
2022-09-13 10:01:13,404 - root - INFO -  Ejecutar Enterprise
2022-09-13 10:01:17,448 - root - INFO -  Cambia entre pestañas
2022-09-13 10:01:26,692 - root - INFO -  Se cierra chrome
2022-09-13 10:02:11,870 - root - INFO -  Se abre el chrome
2022-09-13 10:02:34,540 - root - INFO -  Entra a la URL
2022-09-13 10:02:34,675 - root - INFO -  Maximiza la pantalla
2022-09-13 10:02:37,726 - root - INFO -  Cambia al frame
2022-09-13 10:02:40,794 - root - INFO -  Escribe el usuario
2022-09-13 10:02:40,858 - root - INFO -  Escribe la contraseña
2022-09-13 10:02:40,970 - root - INFO -  Se dio clic en el boton ingresar
2022-09-13 10:02:42,213 - root - INFO -  Ejecutar Enterprise
2022-09-13 10:02:46,274 - root - INFO -  Cambia entre pestañas
2022-09-13 10:03:22,481 - root - INFO - Se abre el documento de venta a realizar
2022-09-13 10:04:24,427 - root - INFO - Se agrega el artículo facturado por packing a la venta
2022-09-13 10:04:57,837 - root - INFO -  Captura: C:\xampp\htdocs\versiones\automatizaciones\AutoPWST\VentaCiclada\report\img  screen：20220913_10_04_57.png
2022-09-13 10:04:58,005 - root - INFO - Se guarda la venta realizaada
2022-09-13 10:05:12,233 - root - INFO -  Se cierra chrome
