2022-10-14 11:35:50,717 - root - INFO -  Se abre el chrome
2022-10-14 11:35:52,532 - root - INFO -  Entra a la URL
2022-10-14 11:35:52,670 - root - INFO -  Maximiza la pantalla
2022-10-14 11:35:55,727 - root - INFO -  Cambia al frame
2022-10-14 11:35:58,814 - root - INFO -  Escribe el usuario
2022-10-14 11:35:58,904 - root - INFO -  Escribe la contraseña
2022-10-14 11:35:59,021 - root - INFO -  Se dio clic en el boton ingresar
2022-10-14 11:36:00,259 - root - INFO -  Ejecutar Enterprise
2022-10-14 11:36:04,346 - root - INFO -  Cambia entre pestañas
2022-10-14 11:36:37,893 - root - INFO - Se abre el documento de venta a realizar
2022-10-14 11:37:18,932 - root - INFO - Se agrega el artículo facturado por packing a la venta
2022-10-14 11:37:46,395 - root - INFO -  Captura: C:\xampp\htdocs\versiones\automatizaciones\AutoPWST\VentaCiclada\report\img  screen：20221014_11_37_46.png
2022-10-14 11:37:46,606 - root - INFO - Se guarda la venta realizaada
2022-10-14 11:38:29,605 - root - INFO - Se agrega el artículo facturado por packing a la venta
2022-10-14 11:38:57,069 - root - INFO -  Captura: C:\xampp\htdocs\versiones\automatizaciones\AutoPWST\VentaCiclada\report\img  screen：20221014_11_38_57.png
2022-10-14 11:38:57,262 - root - INFO - Se guarda la venta realizaada
2022-10-14 11:39:40,247 - root - INFO - Se agrega el artículo facturado por packing a la venta
2022-10-14 11:40:07,686 - root - INFO -  Captura: C:\xampp\htdocs\versiones\automatizaciones\AutoPWST\VentaCiclada\report\img  screen：20221014_11_40_07.png
2022-10-14 11:40:07,840 - root - INFO - Se guarda la venta realizaada
2022-10-14 11:40:50,839 - root - INFO - Se agrega el artículo facturado por packing a la venta
2022-10-14 11:41:18,282 - root - INFO -  Captura: C:\xampp\htdocs\versiones\automatizaciones\AutoPWST\VentaCiclada\report\img  screen：20221014_11_41_18.png
2022-10-14 11:41:18,447 - root - INFO - Se guarda la venta realizaada
2022-10-14 11:42:01,436 - root - INFO - Se agrega el artículo facturado por packing a la venta
2022-10-14 11:42:28,878 - root - INFO -  Captura: C:\xampp\htdocs\versiones\automatizaciones\AutoPWST\VentaCiclada\report\img  screen：20221014_11_42_28.png
2022-10-14 11:42:29,062 - root - INFO - Se guarda la venta realizaada
2022-10-14 11:43:12,012 - root - INFO - Se agrega el artículo facturado por packing a la venta
2022-10-14 11:43:39,463 - root - INFO -  Captura: C:\xampp\htdocs\versiones\automatizaciones\AutoPWST\VentaCiclada\report\img  screen：20221014_11_43_39.png
2022-10-14 11:43:39,615 - root - INFO - Se guarda la venta realizaada
2022-10-14 11:44:22,517 - root - INFO - Se agrega el artículo facturado por packing a la venta
2022-10-14 11:44:49,889 - root - INFO -  Captura: C:\xampp\htdocs\versiones\automatizaciones\AutoPWST\VentaCiclada\report\img  screen：20221014_11_44_49.png
2022-10-14 11:44:50,048 - root - INFO - Se guarda la venta realizaada
2022-10-14 11:45:32,887 - root - INFO - Se agrega el artículo facturado por packing a la venta
2022-10-14 11:46:00,305 - root - INFO -  Captura: C:\xampp\htdocs\versiones\automatizaciones\AutoPWST\VentaCiclada\report\img  screen：20221014_11_46_00.png
2022-10-14 11:46:00,493 - root - INFO - Se guarda la venta realizaada
2022-10-14 11:46:43,488 - root - INFO - Se agrega el artículo facturado por packing a la venta
2022-10-14 11:47:10,934 - root - INFO -  Captura: C:\xampp\htdocs\versiones\automatizaciones\AutoPWST\VentaCiclada\report\img  screen：20221014_11_47_10.png
2022-10-14 11:47:11,089 - root - INFO - Se guarda la venta realizaada
2022-10-14 11:47:54,092 - root - INFO - Se agrega el artículo facturado por packing a la venta
2022-10-14 11:48:21,536 - root - INFO -  Captura: C:\xampp\htdocs\versiones\automatizaciones\AutoPWST\VentaCiclada\report\img  screen：20221014_11_48_21.png
2022-10-14 11:48:21,714 - root - INFO - Se guarda la venta realizaada
2022-10-14 11:49:04,707 - root - INFO - Se agrega el artículo facturado por packing a la venta
2022-10-14 11:49:32,176 - root - INFO -  Captura: C:\xampp\htdocs\versiones\automatizaciones\AutoPWST\VentaCiclada\report\img  screen：20221014_11_49_32.png
2022-10-14 11:49:32,365 - root - INFO - Se guarda la venta realizaada
2022-10-14 11:50:15,316 - root - INFO - Se agrega el artículo facturado por packing a la venta
2022-10-14 11:50:42,753 - root - INFO -  Captura: C:\xampp\htdocs\versiones\automatizaciones\AutoPWST\VentaCiclada\report\img  screen：20221014_11_50_42.png
2022-10-14 11:50:42,928 - root - INFO - Se guarda la venta realizaada
2022-10-14 11:51:25,941 - root - INFO - Se agrega el artículo facturado por packing a la venta
2022-10-14 11:51:53,390 - root - INFO -  Captura: C:\xampp\htdocs\versiones\automatizaciones\AutoPWST\VentaCiclada\report\img  screen：20221014_11_51_53.png
2022-10-14 11:51:53,557 - root - INFO - Se guarda la venta realizaada
2022-10-14 11:52:36,528 - root - INFO - Se agrega el artículo facturado por packing a la venta
2022-10-14 11:53:03,987 - root - INFO -  Captura: C:\xampp\htdocs\versiones\automatizaciones\AutoPWST\VentaCiclada\report\img  screen：20221014_11_53_03.png
2022-10-14 11:53:04,158 - root - INFO - Se guarda la venta realizaada
2022-10-14 11:53:47,116 - root - INFO - Se agrega el artículo facturado por packing a la venta
2022-10-14 11:54:14,539 - root - INFO -  Captura: C:\xampp\htdocs\versiones\automatizaciones\AutoPWST\VentaCiclada\report\img  screen：20221014_11_54_14.png
2022-10-14 11:54:14,707 - root - INFO - Se guarda la venta realizaada
2022-10-14 11:54:57,671 - root - INFO - Se agrega el artículo facturado por packing a la venta
2022-10-14 11:55:25,122 - root - INFO -  Captura: C:\xampp\htdocs\versiones\automatizaciones\AutoPWST\VentaCiclada\report\img  screen：20221014_11_55_25.png
2022-10-14 11:55:25,283 - root - INFO - Se guarda la venta realizaada
2022-10-14 11:56:08,274 - root - INFO - Se agrega el artículo facturado por packing a la venta
2022-10-14 11:56:35,719 - root - INFO -  Captura: C:\xampp\htdocs\versiones\automatizaciones\AutoPWST\VentaCiclada\report\img  screen：20221014_11_56_35.png
2022-10-14 11:56:35,910 - root - INFO - Se guarda la venta realizaada
2022-10-14 11:57:18,925 - root - INFO - Se agrega el artículo facturado por packing a la venta
2022-10-14 11:57:46,363 - root - INFO -  Captura: C:\xampp\htdocs\versiones\automatizaciones\AutoPWST\VentaCiclada\report\img  screen：20221014_11_57_46.png
2022-10-14 11:57:46,504 - root - INFO - Se guarda la venta realizaada
2022-10-14 11:58:29,470 - root - INFO - Se agrega el artículo facturado por packing a la venta
2022-10-14 11:58:56,929 - root - INFO -  Captura: C:\xampp\htdocs\versiones\automatizaciones\AutoPWST\VentaCiclada\report\img  screen：20221014_11_58_56.png
2022-10-14 11:58:57,100 - root - INFO - Se guarda la venta realizaada
2022-10-14 11:59:40,082 - root - INFO - Se agrega el artículo facturado por packing a la venta
