2022-09-12 10:36:46,461 - root - INFO -  Se abre el chrome
2022-09-12 10:37:11,146 - root - INFO -  Entra a la URL
2022-09-12 10:37:11,274 - root - INFO -  Maximiza la pantalla
2022-09-12 10:37:14,338 - root - INFO -  Cambia al frame
2022-09-12 10:37:17,475 - root - INFO -  Escribe el usuario
2022-09-12 10:37:17,542 - root - INFO -  Escribe la contraseña
2022-09-12 10:37:17,645 - root - INFO -  Se dio clic en el boton ingresar
2022-09-12 10:37:18,918 - root - INFO -  Ejecutar Enterprise
2022-09-12 10:37:22,969 - root - INFO -  Cambia entre pestañas
2022-09-12 10:37:34,038 - root - ERROR - No se pudo ingresar al menu indicado, validar que la acción anterior haya finalizado,que el xpath sea el correcto o que la página no presente lentitud
2022-09-12 10:37:34,051 - root - INFO -  Captura: C:\xampp\htdocs\versiones\automatizaciones\AutoPWST\VentaCiclada\report\img  screen：20220912_10_37_34.png
2022-09-12 10:37:38,336 - root - INFO -  Se cierra chrome
2022-09-12 10:38:49,497 - root - INFO -  Se abre el chrome
2022-09-12 10:39:13,210 - root - INFO -  Entra a la URL
2022-09-12 10:39:13,337 - root - INFO -  Maximiza la pantalla
2022-09-12 10:39:16,393 - root - INFO -  Cambia al frame
2022-09-12 10:39:19,463 - root - INFO -  Escribe el usuario
2022-09-12 10:39:19,526 - root - INFO -  Escribe la contraseña
2022-09-12 10:39:19,615 - root - INFO -  Se dio clic en el boton ingresar
2022-09-12 10:39:21,894 - root - INFO -  Ejecutar Enterprise
2022-09-12 10:39:25,947 - root - INFO -  Cambia entre pestañas
2022-09-12 10:39:51,186 - root - INFO -  Se cierra chrome
2022-09-12 10:42:43,057 - root - INFO -  Se abre el chrome
2022-09-12 10:43:06,412 - root - INFO -  Entra a la URL
2022-09-12 10:43:06,531 - root - INFO -  Maximiza la pantalla
2022-09-12 10:43:09,600 - root - INFO -  Cambia al frame
2022-09-12 10:43:12,681 - root - INFO -  Escribe el usuario
2022-09-12 10:43:12,748 - root - INFO -  Escribe la contraseña
2022-09-12 10:43:12,841 - root - INFO -  Se dio clic en el boton ingresar
2022-09-12 10:43:14,079 - root - INFO -  Ejecutar Enterprise
2022-09-12 10:43:18,132 - root - INFO -  Cambia entre pestañas
2022-09-12 10:43:39,714 - root - INFO -  Se cierra chrome
2022-09-12 10:43:58,353 - root - INFO -  Se abre el chrome
2022-09-12 10:44:21,875 - root - INFO -  Entra a la URL
2022-09-12 10:44:21,987 - root - INFO -  Maximiza la pantalla
2022-09-12 10:44:25,050 - root - INFO -  Cambia al frame
2022-09-12 10:44:28,134 - root - INFO -  Escribe el usuario
2022-09-12 10:44:28,205 - root - INFO -  Escribe la contraseña
2022-09-12 10:44:28,308 - root - INFO -  Se dio clic en el boton ingresar
2022-09-12 10:44:29,549 - root - INFO -  Ejecutar Enterprise
2022-09-12 10:44:33,593 - root - INFO -  Cambia entre pestañas
2022-09-12 10:44:55,108 - root - INFO -  Se cierra chrome
