2022-09-21 10:00:12,972 - root - INFO -  Captura: C:\xampp\htdocs\versiones\automatizaciones\AutoPWST\VentaCiclada\report\img  screen：20220921_10_00_12.png
2022-09-21 10:00:13,140 - root - INFO - Se guarda la venta realizaada
2022-09-21 10:00:24,310 - root - ERROR - No se pudo ingresar el campo cuenta, validar que la acción anterior haya finalizado,que el xpath sea el correcto o que la página no presente lentitud
2022-09-21 10:00:24,311 - root - INFO -  Captura: C:\xampp\htdocs\versiones\automatizaciones\AutoPWST\VentaCiclada\report\img  screen：20220921_10_00_24.png
2022-09-21 10:07:29,725 - root - INFO -  Se abre el chrome
2022-09-21 10:07:30,718 - root - INFO -  Entra a la URL
2022-09-21 10:07:30,841 - root - INFO -  Maximiza la pantalla
2022-09-21 10:07:33,884 - root - INFO -  Cambia al frame
2022-09-21 10:07:37,011 - root - INFO -  Escribe el usuario
2022-09-21 10:07:37,086 - root - INFO -  Escribe la contraseña
2022-09-21 10:07:37,186 - root - INFO -  Se dio clic en el boton ingresar
2022-09-21 10:07:37,878 - root - INFO -  Ejecutar Enterprise
2022-09-21 10:07:41,910 - root - INFO -  Cambia entre pestañas
2022-09-21 10:08:13,407 - root - INFO - Se abre el documento de venta a realizar
2022-09-21 10:09:15,321 - root - INFO - Se agrega el artículo facturado por packing a la venta
2022-09-21 10:09:48,699 - root - INFO -  Captura: C:\xampp\htdocs\versiones\automatizaciones\AutoPWST\VentaCiclada\report\img  screen：20220921_10_09_48.png
2022-09-21 10:09:48,874 - root - INFO - Se guarda la venta realizaada
2022-09-21 10:10:47,723 - root - INFO - Se agrega el artículo facturado por packing a la venta
2022-09-21 10:11:21,093 - root - INFO -  Captura: C:\xampp\htdocs\versiones\automatizaciones\AutoPWST\VentaCiclada\report\img  screen：20220921_10_11_21.png
2022-09-21 10:11:21,235 - root - INFO - Se guarda la venta realizaada
2022-09-21 10:12:20,043 - root - INFO - Se agrega el artículo facturado por packing a la venta
2022-09-21 10:12:53,427 - root - INFO -  Captura: C:\xampp\htdocs\versiones\automatizaciones\AutoPWST\VentaCiclada\report\img  screen：20220921_10_12_53.png
2022-09-21 10:12:53,588 - root - INFO - Se guarda la venta realizaada
2022-09-21 10:13:52,395 - root - INFO - Se agrega el artículo facturado por packing a la venta
2022-09-21 10:14:25,808 - root - INFO -  Captura: C:\xampp\htdocs\versiones\automatizaciones\AutoPWST\VentaCiclada\report\img  screen：20220921_10_14_25.png
2022-09-21 10:14:25,967 - root - INFO - Se guarda la venta realizaada
2022-09-21 10:15:25,897 - root - ERROR - No se pudo dar click al botón de aceptar, validar que la acción anterior haya finalizado,que el xpath sea el correcto o que la página no presente lentitud
2022-09-21 10:15:25,898 - root - INFO -  Captura: C:\xampp\htdocs\versiones\automatizaciones\AutoPWST\VentaCiclada\report\img  screen：20220921_10_15_25.png
2022-09-21 10:21:41,513 - root - INFO -  Se abre el chrome
2022-09-21 10:21:42,513 - root - INFO -  Entra a la URL
2022-09-21 10:21:42,628 - root - INFO -  Maximiza la pantalla
2022-09-21 10:21:45,663 - root - INFO -  Cambia al frame
2022-09-21 10:21:48,722 - root - INFO -  Escribe el usuario
2022-09-21 10:21:48,791 - root - INFO -  Escribe la contraseña
2022-09-21 10:21:48,896 - root - INFO -  Se dio clic en el boton ingresar
2022-09-21 10:21:49,595 - root - INFO -  Ejecutar Enterprise
2022-09-21 10:21:53,652 - root - INFO -  Cambia entre pestañas
2022-09-21 10:22:25,196 - root - INFO - Se abre el documento de venta a realizar
2022-09-21 10:23:27,162 - root - INFO - Se agrega el artículo facturado por packing a la venta
2022-09-21 10:24:00,538 - root - INFO -  Captura: C:\xampp\htdocs\versiones\automatizaciones\AutoPWST\VentaCiclada\report\img  screen：20220921_10_24_00.png
2022-09-21 10:24:00,704 - root - INFO - Se guarda la venta realizaada
2022-09-21 10:24:59,530 - root - INFO - Se agrega el artículo facturado por packing a la venta
2022-09-21 10:25:32,904 - root - INFO -  Captura: C:\xampp\htdocs\versiones\automatizaciones\AutoPWST\VentaCiclada\report\img  screen：20220921_10_25_32.png
2022-09-21 10:25:33,059 - root - INFO - Se guarda la venta realizaada
2022-09-21 10:26:31,909 - root - INFO - Se agrega el artículo facturado por packing a la venta
2022-09-21 10:27:05,298 - root - INFO -  Captura: C:\xampp\htdocs\versiones\automatizaciones\AutoPWST\VentaCiclada\report\img  screen：20220921_10_27_05.png
2022-09-21 10:27:05,470 - root - INFO - Se guarda la venta realizaada
2022-09-21 10:28:04,386 - root - INFO - Se agrega el artículo facturado por packing a la venta
2022-09-21 10:28:37,778 - root - INFO -  Captura: C:\xampp\htdocs\versiones\automatizaciones\AutoPWST\VentaCiclada\report\img  screen：20220921_10_28_37.png
2022-09-21 10:28:37,927 - root - INFO - Se guarda la venta realizaada
2022-09-21 10:29:36,848 - root - INFO - Se agrega el artículo facturado por packing a la venta
2022-09-21 10:30:10,234 - root - INFO -  Captura: C:\xampp\htdocs\versiones\automatizaciones\AutoPWST\VentaCiclada\report\img  screen：20220921_10_30_10.png
2022-09-21 10:30:10,377 - root - INFO - Se guarda la venta realizaada
2022-09-21 10:31:09,219 - root - INFO - Se agrega el artículo facturado por packing a la venta
2022-09-21 10:31:42,550 - root - INFO -  Captura: C:\xampp\htdocs\versiones\automatizaciones\AutoPWST\VentaCiclada\report\img  screen：20220921_10_31_42.png
2022-09-21 10:31:42,723 - root - INFO - Se guarda la venta realizaada
2022-09-21 10:32:41,580 - root - INFO - Se agrega el artículo facturado por packing a la venta
2022-09-21 10:33:14,959 - root - INFO -  Captura: C:\xampp\htdocs\versiones\automatizaciones\AutoPWST\VentaCiclada\report\img  screen：20220921_10_33_14.png
2022-09-21 10:33:15,117 - root - INFO - Se guarda la venta realizaada
2022-09-21 10:34:14,011 - root - INFO - Se agrega el artículo facturado por packing a la venta
2022-09-21 10:34:47,405 - root - INFO -  Captura: C:\xampp\htdocs\versiones\automatizaciones\AutoPWST\VentaCiclada\report\img  screen：20220921_10_34_47.png
2022-09-21 10:34:47,577 - root - INFO - Se guarda la venta realizaada
2022-09-21 10:35:46,442 - root - INFO - Se agrega el artículo facturado por packing a la venta
2022-09-21 10:36:19,853 - root - INFO -  Captura: C:\xampp\htdocs\versiones\automatizaciones\AutoPWST\VentaCiclada\report\img  screen：20220921_10_36_19.png
2022-09-21 10:36:20,006 - root - INFO - Se guarda la venta realizaada
2022-09-21 10:37:18,866 - root - INFO - Se agrega el artículo facturado por packing a la venta
2022-09-21 10:37:52,236 - root - INFO -  Captura: C:\xampp\htdocs\versiones\automatizaciones\AutoPWST\VentaCiclada\report\img  screen：20220921_10_37_52.png
2022-09-21 10:37:52,405 - root - INFO - Se guarda la venta realizaada
2022-09-21 10:38:51,219 - root - INFO - Se agrega el artículo facturado por packing a la venta
2022-09-21 10:39:24,634 - root - INFO -  Captura: C:\xampp\htdocs\versiones\automatizaciones\AutoPWST\VentaCiclada\report\img  screen：20220921_10_39_24.png
2022-09-21 10:39:24,787 - root - INFO - Se guarda la venta realizaada
2022-09-21 10:40:23,616 - root - INFO - Se agrega el artículo facturado por packing a la venta
2022-09-21 10:40:56,995 - root - INFO -  Captura: C:\xampp\htdocs\versiones\automatizaciones\AutoPWST\VentaCiclada\report\img  screen：20220921_10_40_56.png
2022-09-21 10:40:57,143 - root - INFO - Se guarda la venta realizaada
2022-09-21 10:41:55,979 - root - INFO - Se agrega el artículo facturado por packing a la venta
2022-09-21 10:42:29,401 - root - INFO -  Captura: C:\xampp\htdocs\versiones\automatizaciones\AutoPWST\VentaCiclada\report\img  screen：20220921_10_42_29.png
2022-09-21 10:42:29,592 - root - INFO - Se guarda la venta realizaada
2022-09-21 10:43:28,479 - root - INFO - Se agrega el artículo facturado por packing a la venta
2022-09-21 10:44:01,861 - root - INFO -  Captura: C:\xampp\htdocs\versiones\automatizaciones\AutoPWST\VentaCiclada\report\img  screen：20220921_10_44_01.png
2022-09-21 10:44:02,023 - root - INFO - Se guarda la venta realizaada
2022-09-21 10:45:00,966 - root - INFO - Se agrega el artículo facturado por packing a la venta
2022-09-21 10:45:34,377 - root - INFO -  Captura: C:\xampp\htdocs\versiones\automatizaciones\AutoPWST\VentaCiclada\report\img  screen：20220921_10_45_34.png
2022-09-21 10:45:34,535 - root - INFO - Se guarda la venta realizaada
2022-09-21 10:46:33,446 - root - INFO - Se agrega el artículo facturado por packing a la venta
2022-09-21 10:47:06,792 - root - INFO -  Captura: C:\xampp\htdocs\versiones\automatizaciones\AutoPWST\VentaCiclada\report\img  screen：20220921_10_47_06.png
2022-09-21 10:47:06,959 - root - INFO - Se guarda la venta realizaada
2022-09-21 10:48:05,833 - root - INFO - Se agrega el artículo facturado por packing a la venta
2022-09-21 10:48:39,233 - root - INFO -  Captura: C:\xampp\htdocs\versiones\automatizaciones\AutoPWST\VentaCiclada\report\img  screen：20220921_10_48_39.png
2022-09-21 10:48:39,403 - root - INFO - Se guarda la venta realizaada
2022-09-21 10:49:38,267 - root - INFO - Se agrega el artículo facturado por packing a la venta
2022-09-21 10:50:11,696 - root - INFO -  Captura: C:\xampp\htdocs\versiones\automatizaciones\AutoPWST\VentaCiclada\report\img  screen：20220921_10_50_11.png
2022-09-21 10:50:11,900 - root - INFO - Se guarda la venta realizaada
2022-09-21 10:51:10,822 - root - INFO - Se agrega el artículo facturado por packing a la venta
2022-09-21 10:51:44,217 - root - INFO -  Captura: C:\xampp\htdocs\versiones\automatizaciones\AutoPWST\VentaCiclada\report\img  screen：20220921_10_51_44.png
2022-09-21 10:51:44,398 - root - INFO - Se guarda la venta realizaada
2022-09-21 10:52:43,217 - root - INFO - Se agrega el artículo facturado por packing a la venta
2022-09-21 10:53:16,584 - root - INFO -  Captura: C:\xampp\htdocs\versiones\automatizaciones\AutoPWST\VentaCiclada\report\img  screen：20220921_10_53_16.png
2022-09-21 10:53:16,765 - root - INFO - Se guarda la venta realizaada
2022-09-21 10:54:15,713 - root - INFO - Se agrega el artículo facturado por packing a la venta
2022-09-21 10:54:49,143 - root - INFO -  Captura: C:\xampp\htdocs\versiones\automatizaciones\AutoPWST\VentaCiclada\report\img  screen：20220921_10_54_49.png
2022-09-21 10:54:49,298 - root - INFO - Se guarda la venta realizaada
2022-09-21 10:55:48,195 - root - INFO - Se agrega el artículo facturado por packing a la venta
2022-09-21 10:56:21,585 - root - INFO -  Captura: C:\xampp\htdocs\versiones\automatizaciones\AutoPWST\VentaCiclada\report\img  screen：20220921_10_56_21.png
2022-09-21 10:56:21,738 - root - INFO - Se guarda la venta realizaada
2022-09-21 10:57:20,604 - root - INFO - Se agrega el artículo facturado por packing a la venta
2022-09-21 10:57:53,998 - root - INFO -  Captura: C:\xampp\htdocs\versiones\automatizaciones\AutoPWST\VentaCiclada\report\img  screen：20220921_10_57_53.png
2022-09-21 10:57:54,166 - root - INFO - Se guarda la venta realizaada
2022-09-21 10:58:53,049 - root - INFO - Se agrega el artículo facturado por packing a la venta
2022-09-21 10:59:26,438 - root - INFO -  Captura: C:\xampp\htdocs\versiones\automatizaciones\AutoPWST\VentaCiclada\report\img  screen：20220921_10_59_26.png
2022-09-21 10:59:26,616 - root - INFO - Se guarda la venta realizaada
