2022-09-21 09:34:47,958 - root - INFO -  Se abre el chrome
2022-09-21 09:34:48,871 - root - INFO -  Entra a la URL
2022-09-21 09:34:48,986 - root - INFO -  Maximiza la pantalla
2022-09-21 09:34:52,035 - root - INFO -  Cambia al frame
2022-09-21 09:34:55,136 - root - INFO -  Escribe el usuario
2022-09-21 09:34:55,198 - root - INFO -  Escribe la contraseña
2022-09-21 09:34:55,290 - root - INFO -  Se dio clic en el boton ingresar
2022-09-21 09:34:56,010 - root - INFO -  Ejecutar Enterprise
2022-09-21 09:35:00,068 - root - INFO -  Cambia entre pestañas
2022-09-21 09:35:31,613 - root - INFO - Se abre el documento de venta a realizar
2022-09-21 09:36:33,483 - root - INFO - Se agrega el artículo facturado por packing a la venta
2022-09-21 09:37:06,826 - root - INFO -  Captura: C:\xampp\htdocs\versiones\automatizaciones\AutoPWST\VentaCiclada\report\img  screen：20220921_09_37_06.png
2022-09-21 09:37:07,005 - root - INFO - Se guarda la venta realizaada
2022-09-21 09:38:05,834 - root - INFO - Se agrega el artículo facturado por packing a la venta
2022-09-21 09:38:39,220 - root - INFO -  Captura: C:\xampp\htdocs\versiones\automatizaciones\AutoPWST\VentaCiclada\report\img  screen：20220921_09_38_39.png
2022-09-21 09:38:39,384 - root - INFO - Se guarda la venta realizaada
2022-09-21 09:39:38,308 - root - INFO - Se agrega el artículo facturado por packing a la venta
2022-09-21 09:40:11,691 - root - INFO -  Captura: C:\xampp\htdocs\versiones\automatizaciones\AutoPWST\VentaCiclada\report\img  screen：20220921_09_40_11.png
2022-09-21 09:40:11,840 - root - INFO - Se guarda la venta realizaada
2022-09-21 09:41:10,709 - root - INFO - Se agrega el artículo facturado por packing a la venta
2022-09-21 09:41:44,094 - root - INFO -  Captura: C:\xampp\htdocs\versiones\automatizaciones\AutoPWST\VentaCiclada\report\img  screen：20220921_09_41_44.png
2022-09-21 09:41:44,279 - root - INFO - Se guarda la venta realizaada
2022-09-21 09:42:43,091 - root - INFO - Se agrega el artículo facturado por packing a la venta
2022-09-21 09:43:16,427 - root - INFO -  Captura: C:\xampp\htdocs\versiones\automatizaciones\AutoPWST\VentaCiclada\report\img  screen：20220921_09_43_16.png
2022-09-21 09:43:16,584 - root - INFO - Se guarda la venta realizaada
2022-09-21 09:44:15,425 - root - INFO - Se agrega el artículo facturado por packing a la venta
2022-09-21 09:44:48,823 - root - INFO -  Captura: C:\xampp\htdocs\versiones\automatizaciones\AutoPWST\VentaCiclada\report\img  screen：20220921_09_44_48.png
2022-09-21 09:44:48,998 - root - INFO - Se guarda la venta realizaada
2022-09-21 09:45:47,922 - root - INFO - Se agrega el artículo facturado por packing a la venta
2022-09-21 09:46:21,299 - root - INFO -  Captura: C:\xampp\htdocs\versiones\automatizaciones\AutoPWST\VentaCiclada\report\img  screen：20220921_09_46_21.png
2022-09-21 09:46:21,464 - root - INFO - Se guarda la venta realizaada
2022-09-21 09:47:20,303 - root - INFO - Se agrega el artículo facturado por packing a la venta
2022-09-21 09:47:53,701 - root - INFO -  Captura: C:\xampp\htdocs\versiones\automatizaciones\AutoPWST\VentaCiclada\report\img  screen：20220921_09_47_53.png
2022-09-21 09:47:53,865 - root - INFO - Se guarda la venta realizaada
2022-09-21 09:48:52,666 - root - INFO - Se agrega el artículo facturado por packing a la venta
2022-09-21 09:49:26,055 - root - INFO -  Captura: C:\xampp\htdocs\versiones\automatizaciones\AutoPWST\VentaCiclada\report\img  screen：20220921_09_49_26.png
2022-09-21 09:49:26,204 - root - INFO - Se guarda la venta realizaada
2022-09-21 09:50:25,068 - root - INFO - Se agrega el artículo facturado por packing a la venta
2022-09-21 09:50:58,471 - root - INFO -  Captura: C:\xampp\htdocs\versiones\automatizaciones\AutoPWST\VentaCiclada\report\img  screen：20220921_09_50_58.png
2022-09-21 09:50:58,633 - root - INFO - Se guarda la venta realizaada
2022-09-21 09:51:57,508 - root - INFO - Se agrega el artículo facturado por packing a la venta
2022-09-21 09:52:30,890 - root - INFO -  Captura: C:\xampp\htdocs\versiones\automatizaciones\AutoPWST\VentaCiclada\report\img  screen：20220921_09_52_30.png
2022-09-21 09:52:31,045 - root - INFO - Se guarda la venta realizaada
2022-09-21 09:53:29,905 - root - INFO - Se agrega el artículo facturado por packing a la venta
2022-09-21 09:54:03,323 - root - INFO -  Captura: C:\xampp\htdocs\versiones\automatizaciones\AutoPWST\VentaCiclada\report\img  screen：20220921_09_54_03.png
2022-09-21 09:54:03,471 - root - INFO - Se guarda la venta realizaada
2022-09-21 09:55:02,357 - root - INFO - Se agrega el artículo facturado por packing a la venta
2022-09-21 09:55:35,706 - root - INFO -  Captura: C:\xampp\htdocs\versiones\automatizaciones\AutoPWST\VentaCiclada\report\img  screen：20220921_09_55_35.png
2022-09-21 09:55:35,873 - root - INFO - Se guarda la venta realizaada
2022-09-21 09:56:34,736 - root - INFO - Se agrega el artículo facturado por packing a la venta
2022-09-21 09:57:08,117 - root - INFO -  Captura: C:\xampp\htdocs\versiones\automatizaciones\AutoPWST\VentaCiclada\report\img  screen：20220921_09_57_08.png
2022-09-21 09:57:08,271 - root - INFO - Se guarda la venta realizaada
2022-09-21 09:58:07,089 - root - INFO - Se agrega el artículo facturado por packing a la venta
2022-09-21 09:58:40,471 - root - INFO -  Captura: C:\xampp\htdocs\versiones\automatizaciones\AutoPWST\VentaCiclada\report\img  screen：20220921_09_58_40.png
2022-09-21 09:58:40,640 - root - INFO - Se guarda la venta realizaada
2022-09-21 09:59:39,543 - root - INFO - Se agrega el artículo facturado por packing a la venta
