2023-05-18 13:10:27,201 - root - INFO -  Se abre el chrome
2023-05-18 13:10:27,744 - root - INFO -  Entra a la URL
2023-05-18 13:10:27,774 - root - ERROR - No se pudo encontrar el campo para ingresar el usuario, revise si el xpath sigue siendo el mismo, para mas detalles del error consulte el reporte
2023-05-18 13:10:27,774 - root - INFO -  Captura: C:\xampp\htdocs\versiones\automatizaciones\AutoPWST\VentaCiclada\report\img  screen：20230518_13_10_27.png
2023-05-18 13:10:27,783 - root - ERROR - No se pudo ingresar al menu indicado, validar que la acción anterior haya finalizado,que el xpath sea el correcto o que la página no presente lentitud
2023-05-18 13:10:27,787 - root - INFO -  Captura: C:\xampp\htdocs\versiones\automatizaciones\AutoPWST\VentaCiclada\report\img  screen：20230518_13_10_27.png
2023-05-18 13:13:33,784 - root - INFO -  Se abre el chrome
2023-05-18 13:13:36,156 - root - INFO -  Entra a la URL
2023-05-18 13:13:36,284 - root - INFO -  Maximiza la pantalla
2023-05-18 13:13:39,366 - root - INFO -  Escribe el usuario
2023-05-18 13:13:39,445 - root - INFO -  Escribe la contraseña
2023-05-18 13:13:39,505 - root - INFO -  Se dio clic en el boton ingresar
2023-05-18 13:13:41,240 - root - INFO -  Ejecutar Enterprise
2023-05-18 13:13:45,274 - root - INFO -  Cambia entre pestañas
2023-05-18 13:14:01,003 - root - INFO -  Abre el menú para visualizar mas documentos
2023-05-18 13:14:02,600 - root - INFO - Se abre el documento de venta de contado a realizar
2023-05-18 13:14:42,982 - root - INFO - Se agrega el artículo facturado por packing a la venta
2023-05-18 13:15:07,282 - root - INFO -  Captura: C:\xampp\htdocs\versiones\automatizaciones\AutoPWST\VentaCiclada\report\img  screen：20230518_13_15_07.png
2023-05-18 13:15:07,461 - root - INFO - Se guarda la venta realizaada
2023-05-18 13:15:52,104 - root - INFO - Se agrega el artículo facturado por packing a la venta
2023-05-18 13:16:16,407 - root - INFO -  Captura: C:\xampp\htdocs\versiones\automatizaciones\AutoPWST\VentaCiclada\report\img  screen：20230518_13_16_16.png
2023-05-18 13:16:16,569 - root - INFO - Se guarda la venta realizaada
2023-05-18 13:17:01,414 - root - INFO - Se agrega el artículo facturado por packing a la venta
2023-05-18 13:17:25,674 - root - INFO -  Captura: C:\xampp\htdocs\versiones\automatizaciones\AutoPWST\VentaCiclada\report\img  screen：20230518_13_17_25.png
2023-05-18 13:17:25,823 - root - INFO - Se guarda la venta realizaada
2023-05-18 13:18:10,562 - root - INFO - Se agrega el artículo facturado por packing a la venta
2023-05-18 13:18:34,849 - root - INFO -  Captura: C:\xampp\htdocs\versiones\automatizaciones\AutoPWST\VentaCiclada\report\img  screen：20230518_13_18_34.png
2023-05-18 13:18:34,991 - root - INFO - Se guarda la venta realizaada
2023-05-18 13:19:19,608 - root - INFO - Se agrega el artículo facturado por packing a la venta
2023-05-18 13:19:43,857 - root - INFO -  Captura: C:\xampp\htdocs\versiones\automatizaciones\AutoPWST\VentaCiclada\report\img  screen：20230518_13_19_43.png
2023-05-18 13:28:58,746 - root - INFO -  Se abre el chrome
2023-05-18 13:28:59,703 - root - INFO -  Entra a la URL
2023-05-18 13:28:59,972 - root - INFO -  Maximiza la pantalla
2023-05-18 13:29:03,072 - root - INFO -  Escribe el usuario
2023-05-18 13:29:03,153 - root - INFO -  Escribe la contraseña
2023-05-18 13:29:03,248 - root - INFO -  Se dio clic en el boton ingresar
2023-05-18 13:29:04,504 - root - INFO -  Ejecutar Enterprise
2023-05-18 13:29:08,553 - root - INFO -  Cambia entre pestañas
2023-05-18 13:29:19,058 - root - INFO -  Abre el menú para visualizar mas documentos
2023-05-18 13:29:20,177 - root - INFO - Se abre el documento de venta de contado a realizar
2023-05-18 13:30:00,477 - root - INFO - Se agrega el artículo facturado por packing a la venta
2023-05-18 13:30:24,808 - root - INFO -  Captura: C:\xampp\htdocs\versiones\automatizaciones\AutoPWST\VentaCiclada\report\img  screen：20230518_13_30_24.png
2023-05-18 13:30:24,984 - root - INFO - Se guarda la venta realizaada
2023-05-18 13:31:09,830 - root - INFO - Se agrega el artículo facturado por packing a la venta
2023-05-18 13:31:34,168 - root - INFO -  Captura: C:\xampp\htdocs\versiones\automatizaciones\AutoPWST\VentaCiclada\report\img  screen：20230518_13_31_34.png
2023-05-18 13:31:34,334 - root - INFO - Se guarda la venta realizaada
2023-05-18 13:32:19,168 - root - INFO - Se agrega el artículo facturado por packing a la venta
2023-05-18 13:32:43,486 - root - INFO -  Captura: C:\xampp\htdocs\versiones\automatizaciones\AutoPWST\VentaCiclada\report\img  screen：20230518_13_32_43.png
2023-05-18 13:32:43,654 - root - INFO - Se guarda la venta realizaada
2023-05-18 13:33:28,494 - root - INFO - Se agrega el artículo facturado por packing a la venta
2023-05-18 13:33:52,756 - root - INFO -  Captura: C:\xampp\htdocs\versiones\automatizaciones\AutoPWST\VentaCiclada\report\img  screen：20230518_13_33_52.png
2023-05-18 13:33:52,916 - root - INFO - Se guarda la venta realizaada
2023-05-18 13:34:37,592 - root - INFO - Se agrega el artículo facturado por packing a la venta
2023-05-18 13:35:01,909 - root - INFO -  Captura: C:\xampp\htdocs\versiones\automatizaciones\AutoPWST\VentaCiclada\report\img  screen：20230518_13_35_01.png
2023-05-18 13:35:02,085 - root - INFO - Se guarda la venta realizaada
2023-05-18 13:35:47,136 - root - INFO - Se agrega el artículo facturado por packing a la venta
2023-05-18 13:36:11,565 - root - INFO -  Captura: C:\xampp\htdocs\versiones\automatizaciones\AutoPWST\VentaCiclada\report\img  screen：20230518_13_36_11.png
2023-05-18 13:36:11,743 - root - INFO - Se guarda la venta realizaada
2023-05-18 13:36:56,444 - root - INFO - Se agrega el artículo facturado por packing a la venta
2023-05-18 13:37:20,784 - root - INFO -  Captura: C:\xampp\htdocs\versiones\automatizaciones\AutoPWST\VentaCiclada\report\img  screen：20230518_13_37_20.png
2023-05-18 13:37:20,976 - root - INFO - Se guarda la venta realizaada
2023-05-18 13:38:05,697 - root - INFO - Se agrega el artículo facturado por packing a la venta
2023-05-18 13:38:30,040 - root - INFO -  Captura: C:\xampp\htdocs\versiones\automatizaciones\AutoPWST\VentaCiclada\report\img  screen：20230518_13_38_30.png
2023-05-18 13:38:30,209 - root - INFO - Se guarda la venta realizaada
2023-05-18 13:39:14,916 - root - INFO - Se agrega el artículo facturado por packing a la venta
2023-05-18 13:39:39,246 - root - INFO -  Captura: C:\xampp\htdocs\versiones\automatizaciones\AutoPWST\VentaCiclada\report\img  screen：20230518_13_39_39.png
2023-05-18 13:39:39,393 - root - INFO - Se guarda la venta realizaada
2023-05-18 13:40:25,241 - root - INFO - Se agrega el artículo facturado por packing a la venta
2023-05-18 13:40:49,492 - root - INFO -  Captura: C:\xampp\htdocs\versiones\automatizaciones\AutoPWST\VentaCiclada\report\img  screen：20230518_13_40_49.png
2023-05-18 13:40:49,707 - root - INFO - Se guarda la venta realizaada
2023-05-18 13:41:34,526 - root - INFO - Se agrega el artículo facturado por packing a la venta
2023-05-18 13:42:01,822 - root - INFO -  Captura: C:\xampp\htdocs\versiones\automatizaciones\AutoPWST\VentaCiclada\report\img  screen：20230518_13_42_01.png
2023-05-18 13:42:02,041 - root - INFO - Se guarda la venta realizaada
2023-05-18 13:42:49,000 - root - INFO - Se agrega el artículo facturado por packing a la venta
2023-05-18 13:43:14,281 - root - INFO -  Captura: C:\xampp\htdocs\versiones\automatizaciones\AutoPWST\VentaCiclada\report\img  screen：20230518_13_43_14.png
2023-05-18 13:43:14,567 - root - INFO - Se guarda la venta realizaada
2023-05-18 13:43:59,994 - root - INFO - Se agrega el artículo facturado por packing a la venta
2023-05-18 13:44:32,905 - root - INFO -  Captura: C:\xampp\htdocs\versiones\automatizaciones\AutoPWST\VentaCiclada\report\img  screen：20230518_13_44_32.png
2023-05-18 13:44:33,129 - root - INFO - Se guarda la venta realizaada
2023-05-18 13:45:18,665 - root - INFO - Se agrega el artículo facturado por packing a la venta
2023-05-18 13:45:44,547 - root - INFO -  Captura: C:\xampp\htdocs\versiones\automatizaciones\AutoPWST\VentaCiclada\report\img  screen：20230518_13_45_44.png
2023-05-18 13:45:44,778 - root - INFO - Se guarda la venta realizaada
2023-05-18 13:46:30,132 - root - INFO - Se agrega el artículo facturado por packing a la venta
2023-05-18 13:46:54,579 - root - INFO -  Captura: C:\xampp\htdocs\versiones\automatizaciones\AutoPWST\VentaCiclada\report\img  screen：20230518_13_46_54.png
2023-05-18 13:46:54,854 - root - INFO - Se guarda la venta realizaada
2023-05-18 13:47:40,791 - root - INFO - Se agrega el artículo facturado por packing a la venta
2023-05-18 13:48:05,257 - root - INFO -  Captura: C:\xampp\htdocs\versiones\automatizaciones\AutoPWST\VentaCiclada\report\img  screen：20230518_13_48_05.png
2023-05-18 13:48:05,496 - root - INFO - Se guarda la venta realizaada
2023-05-18 13:49:07,375 - root - INFO - Se agrega el artículo facturado por packing a la venta
2023-05-18 13:49:32,075 - root - ERROR - No se pudo dar click al botón de aceptar, validar que la acción anterior haya finalizado,que el xpath sea el correcto o que la página no presente lentitud
2023-05-18 13:49:32,075 - root - INFO -  Captura: C:\xampp\htdocs\versiones\automatizaciones\AutoPWST\VentaCiclada\report\img  screen：20230518_13_49_32.png
