2023-04-11 13:15:12,439 - root - INFO -  Se abre el chrome
2023-04-11 13:15:13,715 - root - INFO -  Entra a la URL
2023-04-11 13:15:13,851 - root - INFO -  Maximiza la pantalla
2023-04-11 13:15:16,998 - root - INFO -  Escribe el usuario
2023-04-11 13:15:17,108 - root - INFO -  Escribe la contraseña
2023-04-11 13:15:17,239 - root - INFO -  Se dio clic en el boton ingresar
2023-04-11 13:15:18,989 - root - INFO -  Ejecutar Enterprise
2023-04-11 13:15:23,035 - root - INFO -  Cambia entre pestañas
2023-04-11 13:15:27,073 - root - INFO -  Abre el menú para visualizar mas documentos
2023-04-11 13:15:28,255 - root - INFO - Se abre el documento de venta de contado a realizar
2023-04-11 13:16:08,330 - root - INFO - Se agrega el artículo facturado por packing a la venta
2023-04-11 13:16:32,708 - root - INFO -  Captura: C:\xampp\htdocs\versiones\automatizaciones\AutoPWST\VentaCiclada\report\img  screen：20230411_13_16_32.png
2023-04-11 13:16:32,905 - root - INFO - Se guarda la venta realizaada
2023-04-11 13:17:17,837 - root - INFO - Se agrega el artículo facturado por packing a la venta
2023-04-11 13:17:38,971 - root - ERROR - No se pudo dar click al botón de Cancelar, validar que la acción anterior haya finalizado,que el xpath sea el correcto o que la página no presente lentitud
2023-04-11 13:17:38,976 - root - INFO -  Captura: C:\xampp\htdocs\versiones\automatizaciones\AutoPWST\VentaCiclada\report\img  screen：20230411_13_17_38.png
2023-04-11 13:19:42,155 - root - INFO -  Se abre el chrome
2023-04-11 13:19:43,571 - root - INFO -  Entra a la URL
2023-04-11 13:19:43,739 - root - INFO -  Maximiza la pantalla
2023-04-11 13:19:46,898 - root - INFO -  Escribe el usuario
2023-04-11 13:19:47,012 - root - INFO -  Escribe la contraseña
2023-04-11 13:19:47,121 - root - INFO -  Se dio clic en el boton ingresar
2023-04-11 13:19:48,874 - root - INFO -  Ejecutar Enterprise
2023-04-11 13:19:52,925 - root - INFO -  Cambia entre pestañas
2023-04-11 13:20:03,799 - root - INFO -  Abre el menú para visualizar mas documentos
2023-04-11 13:20:04,918 - root - INFO - Se abre el documento de venta de contado a realizar
2023-04-11 13:20:44,961 - root - INFO - Se agrega el artículo facturado por packing a la venta
2023-04-11 13:21:09,320 - root - INFO -  Captura: C:\xampp\htdocs\versiones\automatizaciones\AutoPWST\VentaCiclada\report\img  screen：20230411_13_21_09.png
2023-04-11 13:21:09,511 - root - INFO - Se guarda la venta realizaada
2023-04-11 13:21:54,430 - root - INFO - Se agrega el artículo facturado por packing a la venta
2023-04-11 13:22:18,814 - root - INFO -  Captura: C:\xampp\htdocs\versiones\automatizaciones\AutoPWST\VentaCiclada\report\img  screen：20230411_13_22_18.png
2023-04-11 13:22:18,966 - root - INFO - Se guarda la venta realizaada
2023-04-11 13:23:03,853 - root - INFO - Se agrega el artículo facturado por packing a la venta
2023-04-11 13:23:28,182 - root - INFO -  Captura: C:\xampp\htdocs\versiones\automatizaciones\AutoPWST\VentaCiclada\report\img  screen：20230411_13_23_28.png
2023-04-11 13:23:28,356 - root - INFO - Se guarda la venta realizaada
2023-04-11 13:24:13,324 - root - INFO - Se agrega el artículo facturado por packing a la venta
2023-04-11 13:24:37,675 - root - INFO -  Captura: C:\xampp\htdocs\versiones\automatizaciones\AutoPWST\VentaCiclada\report\img  screen：20230411_13_24_37.png
2023-04-11 13:24:37,849 - root - INFO - Se guarda la venta realizaada
2023-04-11 13:25:22,789 - root - INFO - Se agrega el artículo facturado por packing a la venta
2023-04-11 13:25:47,128 - root - INFO -  Captura: C:\xampp\htdocs\versiones\automatizaciones\AutoPWST\VentaCiclada\report\img  screen：20230411_13_25_47.png
2023-04-11 13:25:47,295 - root - INFO - Se guarda la venta realizaada
2023-04-11 13:26:32,254 - root - INFO - Se agrega el artículo facturado por packing a la venta
2023-04-11 13:26:56,630 - root - INFO -  Captura: C:\xampp\htdocs\versiones\automatizaciones\AutoPWST\VentaCiclada\report\img  screen：20230411_13_26_56.png
2023-04-11 13:26:56,841 - root - INFO - Se guarda la venta realizaada
2023-04-11 13:27:41,683 - root - INFO - Se agrega el artículo facturado por packing a la venta
2023-04-11 13:28:06,046 - root - INFO -  Captura: C:\xampp\htdocs\versiones\automatizaciones\AutoPWST\VentaCiclada\report\img  screen：20230411_13_28_06.png
2023-04-11 13:28:06,222 - root - INFO - Se guarda la venta realizaada
2023-04-11 13:28:51,115 - root - INFO - Se agrega el artículo facturado por packing a la venta
2023-04-11 13:29:15,394 - root - INFO -  Captura: C:\xampp\htdocs\versiones\automatizaciones\AutoPWST\VentaCiclada\report\img  screen：20230411_13_29_15.png
2023-04-11 13:29:15,555 - root - INFO - Se guarda la venta realizaada
2023-04-11 13:30:00,678 - root - INFO - Se agrega el artículo facturado por packing a la venta
2023-04-11 13:30:24,990 - root - INFO -  Captura: C:\xampp\htdocs\versiones\automatizaciones\AutoPWST\VentaCiclada\report\img  screen：20230411_13_30_24.png
2023-04-11 13:30:25,153 - root - INFO - Se guarda la venta realizaada
2023-04-11 13:31:10,011 - root - INFO - Se agrega el artículo facturado por packing a la venta
2023-04-11 13:31:34,303 - root - INFO -  Captura: C:\xampp\htdocs\versiones\automatizaciones\AutoPWST\VentaCiclada\report\img  screen：20230411_13_31_34.png
2023-04-11 13:31:34,449 - root - INFO - Se guarda la venta realizaada
2023-04-11 13:32:19,312 - root - INFO - Se agrega el artículo facturado por packing a la venta
2023-04-11 13:32:43,693 - root - INFO -  Captura: C:\xampp\htdocs\versiones\automatizaciones\AutoPWST\VentaCiclada\report\img  screen：20230411_13_32_43.png
2023-04-11 13:32:43,851 - root - INFO - Se guarda la venta realizaada
2023-04-11 13:33:28,697 - root - INFO - Se agrega el artículo facturado por packing a la venta
2023-04-11 13:33:53,028 - root - INFO -  Captura: C:\xampp\htdocs\versiones\automatizaciones\AutoPWST\VentaCiclada\report\img  screen：20230411_13_33_53.png
2023-04-11 13:33:53,201 - root - INFO - Se guarda la venta realizaada
2023-04-11 13:34:37,930 - root - INFO - Se agrega el artículo facturado por packing a la venta
2023-04-11 13:35:02,251 - root - INFO -  Captura: C:\xampp\htdocs\versiones\automatizaciones\AutoPWST\VentaCiclada\report\img  screen：20230411_13_35_02.png
2023-04-11 13:35:02,400 - root - INFO - Se guarda la venta realizaada
2023-04-11 13:35:47,233 - root - INFO - Se agrega el artículo facturado por packing a la venta
2023-04-11 13:36:11,521 - root - INFO -  Captura: C:\xampp\htdocs\versiones\automatizaciones\AutoPWST\VentaCiclada\report\img  screen：20230411_13_36_11.png
2023-04-11 13:36:11,680 - root - INFO - Se guarda la venta realizaada
2023-04-11 13:36:56,441 - root - INFO - Se agrega el artículo facturado por packing a la venta
2023-04-11 13:37:20,790 - root - INFO -  Captura: C:\xampp\htdocs\versiones\automatizaciones\AutoPWST\VentaCiclada\report\img  screen：20230411_13_37_20.png
2023-04-11 13:37:20,963 - root - INFO - Se guarda la venta realizaada
2023-04-11 13:37:33,411 - root - INFO -  Se cierra chrome
