2023-04-12 13:03:04,670 - root - INFO -  Se abre el chrome
2023-04-12 13:03:05,807 - root - INFO -  Entra a la URL
2023-04-12 13:03:05,953 - root - INFO -  Maximiza la pantalla
2023-04-12 13:03:09,086 - root - INFO -  Escribe el usuario
2023-04-12 13:03:09,202 - root - INFO -  Escribe la contraseña
2023-04-12 13:03:09,298 - root - INFO -  Se dio clic en el boton ingresar
2023-04-12 13:03:11,185 - root - INFO -  Ejecutar Enterprise
2023-04-12 13:03:15,253 - root - INFO -  Cambia entre pestañas
2023-04-12 13:03:25,685 - root - INFO -  Abre el menú para visualizar mas documentos
2023-04-12 13:03:26,784 - root - INFO - Se abre el documento de venta de contado a realizar
2023-04-12 13:03:49,342 - root - ERROR - No se pudo ingresar el campo cantidad, validar que la acción anterior haya finalizado,que el xpath sea el correcto o que la página no presente lentitud
2023-04-12 13:03:49,343 - root - INFO -  Captura: C:\xampp\htdocs\versiones\automatizaciones\AutoPWST\VentaCiclada\report\img  screen：20230412_13_03_49.png
2023-04-12 13:04:35,762 - root - INFO -  Se abre el chrome
2023-04-12 13:04:36,915 - root - INFO -  Entra a la URL
2023-04-12 13:04:37,060 - root - INFO -  Maximiza la pantalla
2023-04-12 13:04:40,174 - root - INFO -  Escribe el usuario
2023-04-12 13:04:40,282 - root - INFO -  Escribe la contraseña
2023-04-12 13:04:40,373 - root - INFO -  Se dio clic en el boton ingresar
2023-04-12 13:04:42,192 - root - INFO -  Ejecutar Enterprise
2023-04-12 13:04:46,241 - root - INFO -  Cambia entre pestañas
2023-04-12 13:05:00,379 - root - INFO -  Abre el menú para visualizar mas documentos
2023-04-12 13:05:02,026 - root - INFO - Se abre el documento de venta de contado a realizar
2023-04-12 13:05:42,136 - root - INFO - Se agrega el artículo facturado por packing a la venta
2023-04-12 13:06:06,468 - root - INFO -  Captura: C:\xampp\htdocs\versiones\automatizaciones\AutoPWST\VentaCiclada\report\img  screen：20230412_13_06_06.png
2023-04-12 13:06:06,729 - root - INFO - Se guarda la venta realizaada
2023-04-12 13:06:51,545 - root - INFO - Se agrega el artículo facturado por packing a la venta
2023-04-12 13:07:15,848 - root - INFO -  Captura: C:\xampp\htdocs\versiones\automatizaciones\AutoPWST\VentaCiclada\report\img  screen：20230412_13_07_15.png
2023-04-12 13:07:16,002 - root - INFO - Se guarda la venta realizaada
2023-04-12 13:08:00,754 - root - INFO - Se agrega el artículo facturado por packing a la venta
2023-04-12 13:08:25,060 - root - INFO -  Captura: C:\xampp\htdocs\versiones\automatizaciones\AutoPWST\VentaCiclada\report\img  screen：20230412_13_08_25.png
2023-04-12 13:08:25,207 - root - INFO - Se guarda la venta realizaada
2023-04-12 13:09:10,012 - root - INFO - Se agrega el artículo facturado por packing a la venta
2023-04-12 13:09:34,303 - root - INFO -  Captura: C:\xampp\htdocs\versiones\automatizaciones\AutoPWST\VentaCiclada\report\img  screen：20230412_13_09_34.png
2023-04-12 13:09:34,498 - root - INFO - Se guarda la venta realizaada
2023-04-12 13:10:19,348 - root - INFO - Se agrega el artículo facturado por packing a la venta
2023-04-12 13:10:43,691 - root - INFO -  Captura: C:\xampp\htdocs\versiones\automatizaciones\AutoPWST\VentaCiclada\report\img  screen：20230412_13_10_43.png
2023-04-12 13:10:43,848 - root - INFO - Se guarda la venta realizaada
2023-04-12 13:11:28,688 - root - INFO - Se agrega el artículo facturado por packing a la venta
2023-04-12 13:11:53,013 - root - INFO -  Captura: C:\xampp\htdocs\versiones\automatizaciones\AutoPWST\VentaCiclada\report\img  screen：20230412_13_11_53.png
2023-04-12 13:11:53,176 - root - INFO - Se guarda la venta realizaada
2023-04-12 13:12:38,021 - root - INFO - Se agrega el artículo facturado por packing a la venta
2023-04-12 13:12:47,538 - root - ERROR - No se pudo ingresar el campo numero de serie, validar que la acción anterior haya finalizado,que el xpath sea el correcto o que la página no presente lentitud
2023-04-12 13:12:47,538 - root - INFO -  Captura: C:\xampp\htdocs\versiones\automatizaciones\AutoPWST\VentaCiclada\report\img  screen：20230412_13_12_47.png
2023-04-12 13:13:27,581 - root - INFO -  Se abre el chrome
2023-04-12 13:13:30,199 - root - INFO -  Entra a la URL
2023-04-12 13:13:30,321 - root - INFO -  Maximiza la pantalla
2023-04-12 13:13:33,448 - root - INFO -  Escribe el usuario
2023-04-12 13:13:33,581 - root - INFO -  Escribe la contraseña
2023-04-12 13:13:33,688 - root - INFO -  Se dio clic en el boton ingresar
2023-04-12 13:13:36,436 - root - INFO -  Ejecutar Enterprise
2023-04-12 13:13:40,496 - root - INFO -  Cambia entre pestañas
2023-04-12 13:14:33,555 - root - INFO -  Abre el menú para visualizar mas documentos
2023-04-12 13:14:34,752 - root - INFO - Se abre el documento de venta de contado a realizar
2023-04-12 13:15:14,945 - root - INFO - Se agrega el artículo facturado por packing a la venta
2023-04-12 13:15:39,307 - root - INFO -  Captura: C:\xampp\htdocs\versiones\automatizaciones\AutoPWST\VentaCiclada\report\img  screen：20230412_13_15_39.png
2023-04-12 13:15:39,591 - root - INFO - Se guarda la venta realizaada
2023-04-12 13:16:24,479 - root - INFO - Se agrega el artículo facturado por packing a la venta
2023-04-12 13:16:48,792 - root - INFO -  Captura: C:\xampp\htdocs\versiones\automatizaciones\AutoPWST\VentaCiclada\report\img  screen：20230412_13_16_48.png
2023-04-12 13:16:48,944 - root - INFO - Se guarda la venta realizaada
2023-04-12 13:17:34,727 - root - INFO - Se agrega el artículo facturado por packing a la venta
2023-04-12 13:18:01,510 - root - INFO -  Captura: C:\xampp\htdocs\versiones\automatizaciones\AutoPWST\VentaCiclada\report\img  screen：20230412_13_18_01.png
2023-04-12 13:18:01,821 - root - INFO - Se guarda la venta realizaada
2023-04-12 13:18:16,026 - root - ERROR - No se pudo ingresar el campo cuenta, validar que la acción anterior haya finalizado,que el xpath sea el correcto o que la página no presente lentitud
2023-04-12 13:18:16,026 - root - INFO -  Captura: C:\xampp\htdocs\versiones\automatizaciones\AutoPWST\VentaCiclada\report\img  screen：20230412_13_18_16.png
2023-04-12 13:18:38,707 - root - INFO -  Se abre el chrome
2023-04-12 13:18:39,801 - root - INFO -  Entra a la URL
2023-04-12 13:18:39,924 - root - INFO -  Maximiza la pantalla
2023-04-12 13:18:43,041 - root - INFO -  Escribe el usuario
2023-04-12 13:18:43,140 - root - INFO -  Escribe la contraseña
2023-04-12 13:18:43,227 - root - INFO -  Se dio clic en el boton ingresar
2023-04-12 13:18:45,486 - root - INFO -  Ejecutar Enterprise
2023-04-12 13:18:49,528 - root - INFO -  Cambia entre pestañas
2023-04-12 13:19:50,305 - root - INFO -  Abre el menú para visualizar mas documentos
2023-04-12 13:19:51,406 - root - INFO - Se abre el documento de venta de contado a realizar
2023-04-12 13:20:31,498 - root - INFO - Se agrega el artículo facturado por packing a la venta
2023-04-12 13:20:55,894 - root - INFO -  Captura: C:\xampp\htdocs\versiones\automatizaciones\AutoPWST\VentaCiclada\report\img  screen：20230412_13_20_55.png
2023-04-12 13:20:56,538 - root - INFO - Se guarda la venta realizaada
2023-04-12 13:21:41,482 - root - INFO - Se agrega el artículo facturado por packing a la venta
2023-04-12 13:22:05,787 - root - INFO -  Captura: C:\xampp\htdocs\versiones\automatizaciones\AutoPWST\VentaCiclada\report\img  screen：20230412_13_22_05.png
2023-04-12 13:22:05,980 - root - INFO - Se guarda la venta realizaada
2023-04-12 13:22:23,323 - root - ERROR - No se pudo click al botón agregar artículos, validar que la acción anterior haya finalizado,que el xpath sea el correcto o que la página no presente lentitud
2023-04-12 13:22:23,324 - root - INFO -  Captura: C:\xampp\htdocs\versiones\automatizaciones\AutoPWST\VentaCiclada\report\img  screen：20230412_13_22_23.png
2023-04-12 13:30:47,482 - root - INFO -  Se abre el chrome
2023-04-12 13:30:48,310 - root - INFO -  Entra a la URL
2023-04-12 13:30:48,438 - root - INFO -  Maximiza la pantalla
2023-04-12 13:30:51,545 - root - INFO -  Escribe el usuario
2023-04-12 13:30:51,677 - root - INFO -  Escribe la contraseña
2023-04-12 13:30:51,761 - root - INFO -  Se dio clic en el boton ingresar
2023-04-12 13:30:52,501 - root - INFO -  Ejecutar Enterprise
2023-04-12 13:30:56,561 - root - INFO -  Cambia entre pestañas
2023-04-12 13:31:08,971 - root - INFO -  Abre el menú para visualizar mas documentos
2023-04-12 13:31:10,077 - root - INFO - Se abre el documento de venta de contado a realizar
2023-04-12 13:31:50,055 - root - INFO - Se agrega el artículo facturado por packing a la venta
2023-04-12 13:32:14,361 - root - INFO -  Captura: C:\xampp\htdocs\versiones\automatizaciones\AutoPWST\VentaCiclada\report\img  screen：20230412_13_32_14.png
2023-04-12 13:32:14,542 - root - INFO - Se guarda la venta realizaada
2023-04-12 13:33:08,801 - root - INFO - Se agrega el artículo facturado por packing a la venta
2023-04-12 13:33:33,158 - root - INFO -  Captura: C:\xampp\htdocs\versiones\automatizaciones\AutoPWST\VentaCiclada\report\img  screen：20230412_13_33_33.png
2023-04-12 13:33:33,340 - root - INFO - Se guarda la venta realizaada
2023-04-12 13:34:18,292 - root - INFO - Se agrega el artículo facturado por packing a la venta
2023-04-12 13:34:42,607 - root - INFO -  Captura: C:\xampp\htdocs\versiones\automatizaciones\AutoPWST\VentaCiclada\report\img  screen：20230412_13_34_42.png
2023-04-12 13:34:42,772 - root - INFO - Se guarda la venta realizaada
2023-04-12 13:35:38,497 - root - INFO - Se agrega el artículo facturado por packing a la venta
2023-04-12 13:36:02,817 - root - INFO -  Captura: C:\xampp\htdocs\versiones\automatizaciones\AutoPWST\VentaCiclada\report\img  screen：20230412_13_36_02.png
2023-04-12 13:36:02,981 - root - INFO - Se guarda la venta realizaada
2023-04-12 13:36:47,809 - root - INFO - Se agrega el artículo facturado por packing a la venta
2023-04-12 13:37:12,458 - root - INFO -  Captura: C:\xampp\htdocs\versiones\automatizaciones\AutoPWST\VentaCiclada\report\img  screen：20230412_13_37_12.png
2023-04-12 13:37:13,701 - root - ERROR - No se dar click al botón Guardar, validar que la acción anterior haya finalizado,que el xpath sea el correcto o que la página no presente lentitud
2023-04-12 13:37:13,702 - root - INFO -  Captura: C:\xampp\htdocs\versiones\automatizaciones\AutoPWST\VentaCiclada\report\img  screen：20230412_13_37_13.png
