2023-02-23 12:45:19,777 - root - INFO -  Se abre el chrome
2023-02-23 12:45:21,055 - root - INFO -  Entra a la URL
2023-02-23 12:45:21,383 - root - INFO -  Maximiza la pantalla
2023-02-23 12:45:24,514 - root - INFO -  Escribe el usuario
2023-02-23 12:45:24,643 - root - INFO -  Escribe la contraseña
2023-02-23 12:45:24,750 - root - INFO -  Se dio clic en el boton ingresar
2023-02-23 12:45:26,538 - root - INFO -  Ejecutar Enterprise
2023-02-23 12:45:30,618 - root - INFO -  Cambia entre pestañas
2023-02-23 12:45:34,666 - root - INFO -  Abre el menú para visualizar mas documentos
2023-02-23 12:45:36,127 - root - INFO - Se abre el documento de venta de contado a realizar
2023-02-23 12:46:00,840 - root - INFO - Se agrega el artículo facturado por packing a la venta
2023-02-23 12:46:14,761 - root - INFO -  Captura: C:\xampp\htdocs\versiones\automatizaciones\AutoPWST\VentaCiclada\report\img  screen：20230223_12_46_14.png
2023-02-23 12:46:15,017 - root - INFO - Se guarda la venta realizaada
2023-02-23 12:46:40,111 - root - INFO - Se agrega el artículo facturado por packing a la venta
2023-02-23 12:46:53,974 - root - INFO -  Captura: C:\xampp\htdocs\versiones\automatizaciones\AutoPWST\VentaCiclada\report\img  screen：20230223_12_46_53.png
2023-02-23 12:46:54,197 - root - INFO - Se guarda la venta realizaada
2023-02-23 12:47:28,083 - root - INFO - Se agrega el artículo facturado por packing a la venta
2023-02-23 12:47:54,153 - root - INFO -  Captura: C:\xampp\htdocs\versiones\automatizaciones\AutoPWST\VentaCiclada\report\img  screen：20230223_12_47_54.png
2023-02-23 12:47:54,945 - root - INFO - Se guarda la venta realizaada
2023-02-23 12:48:03,190 - root - ERROR - No se pudo ingresar el campo cuenta, validar que la acción anterior haya finalizado,que el xpath sea el correcto o que la página no presente lentitud
2023-02-23 12:48:03,192 - root - INFO -  Captura: C:\xampp\htdocs\versiones\automatizaciones\AutoPWST\VentaCiclada\report\img  screen：20230223_12_48_03.png
2023-02-23 12:59:06,611 - root - INFO -  Se abre el chrome
2023-02-23 12:59:08,231 - root - INFO -  Entra a la URL
2023-02-23 12:59:08,546 - root - INFO -  Maximiza la pantalla
2023-02-23 12:59:11,678 - root - INFO -  Escribe el usuario
2023-02-23 12:59:11,793 - root - INFO -  Escribe la contraseña
2023-02-23 12:59:11,921 - root - INFO -  Se dio clic en el boton ingresar
2023-02-23 12:59:13,874 - root - INFO -  Ejecutar Enterprise
2023-02-23 12:59:17,969 - root - INFO -  Cambia entre pestañas
2023-02-23 12:59:21,985 - root - INFO -  Abre el menú para visualizar mas documentos
2023-02-23 12:59:23,403 - root - INFO - Se abre el documento de venta de contado a realizar
2023-02-23 12:59:44,292 - root - INFO - Se agrega el artículo facturado por packing a la venta
