2023-02-22 10:16:18,686 - root - INFO -  Se abre el chrome
2023-02-22 10:16:20,793 - root - INFO -  Entra a la URL
2023-02-22 10:16:20,922 - root - INFO -  Maximiza la pantalla
2023-02-22 10:16:24,016 - root - INFO -  Escribe el usuario
2023-02-22 10:16:24,093 - root - INFO -  Escribe la contraseña
2023-02-22 10:16:24,155 - root - INFO -  Se dio clic en el boton ingresar
2023-02-22 10:16:28,481 - root - INFO -  Ejecutar Enterprise
2023-02-22 10:16:32,522 - root - INFO -  Cambia entre pestañas
2023-02-22 10:16:45,215 - root - INFO -  Abre el menú para visualizar mas documentos
2023-02-22 10:16:47,358 - root - INFO - Se abre el documento de venta de contado a realizar
2023-02-22 10:17:07,157 - root - INFO - Se agrega el artículo facturado por packing a la venta
2023-02-22 10:17:17,475 - root - INFO -  Captura: C:\xampp\htdocs\versiones\automatizaciones\AutoPWST\VentaCiclada\report\img  screen：20230222_10_17_17.png
2023-02-22 10:17:17,642 - root - INFO - Se guarda la venta realizaada
2023-02-22 10:17:39,443 - root - INFO - Se agrega el artículo facturado por packing a la venta
2023-02-22 10:17:49,749 - root - INFO -  Captura: C:\xampp\htdocs\versiones\automatizaciones\AutoPWST\VentaCiclada\report\img  screen：20230222_10_17_49.png
2023-02-22 10:17:49,897 - root - INFO - Se guarda la venta realizaada
2023-02-22 10:18:11,895 - root - INFO - Se agrega el artículo facturado por packing a la venta
2023-02-22 10:18:22,267 - root - INFO -  Captura: C:\xampp\htdocs\versiones\automatizaciones\AutoPWST\VentaCiclada\report\img  screen：20230222_10_18_22.png
2023-02-22 10:18:22,418 - root - INFO - Se guarda la venta realizaada
2023-02-22 10:18:31,749 - root - INFO -  Se cierra chrome
