2023-04-03 12:17:24,649 - root - INFO -  Se abre el chrome
2023-04-03 12:17:27,944 - root - INFO -  Entra a la URL
2023-04-03 12:17:28,190 - root - INFO -  Maximiza la pantalla
2023-04-03 12:17:31,368 - root - INFO -  Escribe el usuario
2023-04-03 12:17:31,514 - root - INFO -  Escribe la contraseña
2023-04-03 12:17:31,650 - root - INFO -  Se dio clic en el boton ingresar
2023-04-03 12:17:32,905 - root - INFO -  Ejecutar Enterprise
2023-04-03 12:17:36,955 - root - INFO -  Cambia entre pestañas
2023-04-03 12:17:40,929 - root - INFO -  Abre el menú para visualizar mas documentos
2023-04-03 12:17:42,071 - root - INFO - Se abre el documento de venta de contado a realizar
2023-04-03 12:18:22,285 - root - INFO - Se agrega el artículo facturado por packing a la venta
2023-04-03 12:18:47,092 - root - INFO -  Captura: C:\xampp\htdocs\versiones\automatizaciones\AutoPWST\VentaCiclada\report\img  screen：20230403_12_18_47.png
2023-04-03 12:18:47,293 - root - INFO - Se guarda la venta realizaada
2023-04-03 12:19:32,439 - root - INFO - Se agrega el artículo facturado por packing a la venta
2023-04-03 12:19:56,906 - root - INFO -  Captura: C:\xampp\htdocs\versiones\automatizaciones\AutoPWST\VentaCiclada\report\img  screen：20230403_12_19_56.png
2023-04-03 12:19:57,081 - root - INFO - Se guarda la venta realizaada
2023-04-03 12:20:42,586 - root - INFO - Se agrega el artículo facturado por packing a la venta
2023-04-03 12:21:06,993 - root - INFO -  Captura: C:\xampp\htdocs\versiones\automatizaciones\AutoPWST\VentaCiclada\report\img  screen：20230403_12_21_06.png
2023-04-03 12:21:07,165 - root - INFO - Se guarda la venta realizaada
2023-04-03 12:21:53,522 - root - INFO - Se agrega el artículo facturado por packing a la venta
2023-04-03 12:22:17,982 - root - INFO -  Captura: C:\xampp\htdocs\versiones\automatizaciones\AutoPWST\VentaCiclada\report\img  screen：20230403_12_22_17.png
2023-04-03 12:22:18,156 - root - INFO - Se guarda la venta realizaada
2023-04-03 12:23:04,594 - root - INFO - Se agrega el artículo facturado por packing a la venta
2023-04-03 12:23:29,880 - root - INFO -  Captura: C:\xampp\htdocs\versiones\automatizaciones\AutoPWST\VentaCiclada\report\img  screen：20230403_12_23_29.png
2023-04-03 12:23:30,204 - root - INFO - Se guarda la venta realizaada
2023-04-03 12:24:15,694 - root - INFO - Se agrega el artículo facturado por packing a la venta
2023-04-03 12:24:40,044 - root - INFO -  Captura: C:\xampp\htdocs\versiones\automatizaciones\AutoPWST\VentaCiclada\report\img  screen：20230403_12_24_40.png
2023-04-03 12:24:40,234 - root - INFO - Se guarda la venta realizaada
2023-04-03 12:25:26,758 - root - INFO - Se agrega el artículo facturado por packing a la venta
2023-04-03 12:25:51,133 - root - INFO -  Captura: C:\xampp\htdocs\versiones\automatizaciones\AutoPWST\VentaCiclada\report\img  screen：20230403_12_25_51.png
2023-04-03 12:25:51,350 - root - INFO - Se guarda la venta realizaada
2023-04-03 12:26:37,903 - root - INFO - Se agrega el artículo facturado por packing a la venta
2023-04-03 12:27:02,458 - root - INFO -  Captura: C:\xampp\htdocs\versiones\automatizaciones\AutoPWST\VentaCiclada\report\img  screen：20230403_12_27_02.png
2023-04-03 12:27:02,721 - root - INFO - Se guarda la venta realizaada
2023-04-03 12:27:47,853 - root - INFO - Se agrega el artículo facturado por packing a la venta
2023-04-03 12:28:12,681 - root - INFO -  Captura: C:\xampp\htdocs\versiones\automatizaciones\AutoPWST\VentaCiclada\report\img  screen：20230403_12_28_12.png
2023-04-03 12:28:12,855 - root - INFO - Se guarda la venta realizaada
2023-04-03 12:28:58,904 - root - INFO - Se agrega el artículo facturado por packing a la venta
2023-04-03 12:29:24,300 - root - INFO -  Captura: C:\xampp\htdocs\versiones\automatizaciones\AutoPWST\VentaCiclada\report\img  screen：20230403_12_29_24.png
2023-04-03 12:29:24,453 - root - INFO - Se guarda la venta realizaada
2023-04-03 12:30:10,131 - root - INFO - Se agrega el artículo facturado por packing a la venta
2023-04-03 12:30:34,574 - root - INFO -  Captura: C:\xampp\htdocs\versiones\automatizaciones\AutoPWST\VentaCiclada\report\img  screen：20230403_12_30_34.png
2023-04-03 12:30:34,757 - root - INFO - Se guarda la venta realizaada
2023-04-03 12:31:19,885 - root - INFO - Se agrega el artículo facturado por packing a la venta
2023-04-03 12:31:44,367 - root - INFO -  Captura: C:\xampp\htdocs\versiones\automatizaciones\AutoPWST\VentaCiclada\report\img  screen：20230403_12_31_44.png
2023-04-03 12:31:44,564 - root - INFO - Se guarda la venta realizaada
2023-04-03 12:32:29,834 - root - INFO - Se agrega el artículo facturado por packing a la venta
2023-04-03 12:32:54,305 - root - INFO -  Captura: C:\xampp\htdocs\versiones\automatizaciones\AutoPWST\VentaCiclada\report\img  screen：20230403_12_32_54.png
2023-04-03 12:32:54,464 - root - INFO - Se guarda la venta realizaada
2023-04-03 12:33:40,373 - root - INFO - Se agrega el artículo facturado por packing a la venta
2023-04-03 12:34:05,419 - root - INFO -  Captura: C:\xampp\htdocs\versiones\automatizaciones\AutoPWST\VentaCiclada\report\img  screen：20230403_12_34_05.png
2023-04-03 12:34:05,631 - root - INFO - Se guarda la venta realizaada
2023-04-03 12:34:50,794 - root - INFO - Se agrega el artículo facturado por packing a la venta
2023-04-03 12:35:16,279 - root - INFO -  Captura: C:\xampp\htdocs\versiones\automatizaciones\AutoPWST\VentaCiclada\report\img  screen：20230403_12_35_16.png
2023-04-03 12:35:16,437 - root - INFO - Se guarda la venta realizaada
2023-04-03 12:36:01,736 - root - INFO - Se agrega el artículo facturado por packing a la venta
2023-04-03 12:36:26,147 - root - INFO -  Captura: C:\xampp\htdocs\versiones\automatizaciones\AutoPWST\VentaCiclada\report\img  screen：20230403_12_36_26.png
2023-04-03 12:36:26,346 - root - INFO - Se guarda la venta realizaada
2023-04-03 12:37:11,381 - root - INFO - Se agrega el artículo facturado por packing a la venta
2023-04-03 12:37:35,799 - root - INFO -  Captura: C:\xampp\htdocs\versiones\automatizaciones\AutoPWST\VentaCiclada\report\img  screen：20230403_12_37_35.png
2023-04-03 12:37:35,992 - root - INFO - Se guarda la venta realizaada
2023-04-03 12:38:23,608 - root - INFO - Se agrega el artículo facturado por packing a la venta
2023-04-03 12:38:47,977 - root - INFO -  Captura: C:\xampp\htdocs\versiones\automatizaciones\AutoPWST\VentaCiclada\report\img  screen：20230403_12_38_47.png
2023-04-03 12:38:48,155 - root - INFO - Se guarda la venta realizaada
2023-04-03 12:39:35,033 - root - INFO - Se agrega el artículo facturado por packing a la venta
2023-04-03 12:40:01,252 - root - INFO -  Captura: C:\xampp\htdocs\versiones\automatizaciones\AutoPWST\VentaCiclada\report\img  screen：20230403_12_40_01.png
2023-04-03 12:40:01,418 - root - INFO - Se guarda la venta realizaada
2023-04-03 12:40:46,989 - root - INFO - Se agrega el artículo facturado por packing a la venta
2023-04-03 12:41:11,361 - root - INFO -  Captura: C:\xampp\htdocs\versiones\automatizaciones\AutoPWST\VentaCiclada\report\img  screen：20230403_12_41_11.png
2023-04-03 12:41:11,519 - root - INFO - Se guarda la venta realizaada
2023-04-03 12:41:24,340 - root - INFO -  Se cierra chrome
