2023-02-21 14:01:15,727 - root - INFO -  Se abre el chrome
2023-02-21 14:01:17,923 - root - INFO -  Entra a la URL
2023-02-21 14:01:18,066 - root - INFO -  Maximiza la pantalla
2023-02-21 14:01:21,152 - root - INFO -  Escribe el usuario
2023-02-21 14:01:21,223 - root - INFO -  Escribe la contraseña
2023-02-21 14:01:21,292 - root - INFO -  Se dio clic en el boton ingresar
2023-02-21 14:01:23,561 - root - INFO -  Ejecutar Enterprise
2023-02-21 14:01:27,613 - root - INFO -  Cambia entre pestañas
2023-02-21 14:01:39,804 - root - INFO -  Abre el menú para visualizar mas documentos
2023-02-21 14:01:41,923 - root - INFO - Se abre el documento de venta de contado a realizar
2023-02-21 14:02:02,629 - root - INFO - Se agrega el artículo facturado por packing a la venta
2023-02-21 14:02:14,904 - root - INFO -  Captura: C:\xampp\htdocs\versiones\automatizaciones\AutoPWST\VentaCiclada\report\img  screen：20230221_14_02_14.png
2023-02-21 14:02:15,079 - root - INFO - Se guarda la venta realizaada
2023-02-21 14:02:37,823 - root - INFO - Se agrega el artículo facturado por packing a la venta
2023-02-21 14:02:50,113 - root - INFO -  Captura: C:\xampp\htdocs\versiones\automatizaciones\AutoPWST\VentaCiclada\report\img  screen：20230221_14_02_50.png
2023-02-21 14:02:50,264 - root - INFO - Se guarda la venta realizaada
2023-02-21 14:03:12,937 - root - INFO - Se agrega el artículo facturado por packing a la venta
2023-02-21 14:03:25,222 - root - INFO -  Captura: C:\xampp\htdocs\versiones\automatizaciones\AutoPWST\VentaCiclada\report\img  screen：20230221_14_03_25.png
2023-02-21 14:03:25,353 - root - INFO - Se guarda la venta realizaada
2023-02-21 14:03:34,730 - root - INFO -  Se cierra chrome
