2023-03-09 12:19:12,614 - root - INFO -  Se abre el chrome
2023-03-09 12:19:14,627 - root - INFO -  Entra a la URL
2023-03-09 12:19:14,746 - root - INFO -  Maximiza la pantalla
2023-03-09 12:19:17,918 - root - INFO -  Escribe el usuario
2023-03-09 12:19:18,029 - root - INFO -  Escribe la contraseña
2023-03-09 12:19:18,126 - root - INFO -  Se dio clic en el boton ingresar
2023-03-09 12:19:19,545 - root - INFO -  Ejecutar Enterprise
2023-03-09 12:19:23,646 - root - INFO -  Cambia entre pestañas
2023-03-09 12:19:27,631 - root - INFO -  Abre el menú para visualizar mas documentos
2023-03-09 12:19:28,835 - root - INFO - Se abre el documento de venta de contado a realizar
2023-03-09 12:19:51,775 - root - INFO - Se agrega el artículo facturado por packing a la venta
2023-03-09 12:20:05,128 - root - INFO -  Captura: C:\xampp\htdocs\versiones\automatizaciones\AutoPWST\VentaCiclada\report\img  screen：20230309_12_20_05.png
2023-03-09 12:20:05,294 - root - INFO - Se guarda la venta realizaada
2023-03-09 12:20:30,274 - root - INFO - Se agrega el artículo facturado por packing a la venta
2023-03-09 12:20:43,723 - root - INFO -  Captura: C:\xampp\htdocs\versiones\automatizaciones\AutoPWST\VentaCiclada\report\img  screen：20230309_12_20_43.png
2023-03-09 12:20:43,906 - root - INFO - Se guarda la venta realizaada
2023-03-09 12:21:08,763 - root - INFO - Se agrega el artículo facturado por packing a la venta
2023-03-09 12:21:22,223 - root - INFO -  Captura: C:\xampp\htdocs\versiones\automatizaciones\AutoPWST\VentaCiclada\report\img  screen：20230309_12_21_22.png
2023-03-09 12:21:22,414 - root - INFO - Se guarda la venta realizaada
2023-03-09 12:21:47,249 - root - INFO - Se agrega el artículo facturado por packing a la venta
2023-03-09 12:22:00,621 - root - INFO -  Captura: C:\xampp\htdocs\versiones\automatizaciones\AutoPWST\VentaCiclada\report\img  screen：20230309_12_22_00.png
2023-03-09 12:22:00,795 - root - INFO - Se guarda la venta realizaada
2023-03-09 12:22:10,162 - root - INFO -  Se cierra chrome
2023-03-09 12:23:09,446 - root - INFO -  Se abre el chrome
2023-03-09 12:23:11,335 - root - INFO -  Entra a la URL
2023-03-09 12:23:11,458 - root - INFO -  Maximiza la pantalla
2023-03-09 12:23:14,613 - root - INFO -  Escribe el usuario
2023-03-09 12:23:14,732 - root - INFO -  Escribe la contraseña
2023-03-09 12:23:14,817 - root - INFO -  Se dio clic en el boton ingresar
2023-03-09 12:23:16,076 - root - INFO -  Ejecutar Enterprise
2023-03-09 12:23:20,158 - root - INFO -  Cambia entre pestañas
2023-03-09 12:23:31,524 - root - INFO -  Abre el menú para visualizar mas documentos
2023-03-09 12:23:33,159 - root - INFO - Se abre el documento de venta de contado a realizar
2023-03-09 12:23:56,140 - root - INFO - Se agrega el artículo facturado por packing a la venta
2023-03-09 12:24:09,448 - root - INFO -  Captura: C:\xampp\htdocs\versiones\automatizaciones\AutoPWST\VentaCiclada\report\img  screen：20230309_12_24_09.png
2023-03-09 12:24:09,655 - root - INFO - Se guarda la venta realizaada
2023-03-09 12:24:34,345 - root - INFO - Se agrega el artículo facturado por packing a la venta
2023-03-09 12:24:47,697 - root - INFO -  Captura: C:\xampp\htdocs\versiones\automatizaciones\AutoPWST\VentaCiclada\report\img  screen：20230309_12_24_47.png
2023-03-09 12:24:47,880 - root - INFO - Se guarda la venta realizaada
2023-03-09 12:25:12,700 - root - INFO - Se agrega el artículo facturado por packing a la venta
2023-03-09 12:25:25,994 - root - INFO -  Captura: C:\xampp\htdocs\versiones\automatizaciones\AutoPWST\VentaCiclada\report\img  screen：20230309_12_25_25.png
2023-03-09 12:25:26,139 - root - INFO - Se guarda la venta realizaada
2023-03-09 12:25:50,875 - root - INFO - Se agrega el artículo facturado por packing a la venta
2023-03-09 12:26:04,191 - root - INFO -  Captura: C:\xampp\htdocs\versiones\automatizaciones\AutoPWST\VentaCiclada\report\img  screen：20230309_12_26_04.png
2023-03-09 12:26:04,350 - root - INFO - Se guarda la venta realizaada
2023-03-09 12:26:13,737 - root - INFO -  Se cierra chrome
2023-03-09 12:28:23,711 - root - INFO -  Se abre el chrome
2023-03-09 12:28:26,510 - root - INFO -  Entra a la URL
2023-03-09 12:28:26,640 - root - INFO -  Maximiza la pantalla
2023-03-09 12:28:29,737 - root - INFO -  Escribe el usuario
2023-03-09 12:28:29,822 - root - INFO -  Escribe la contraseña
2023-03-09 12:28:29,910 - root - INFO -  Se dio clic en el boton ingresar
2023-03-09 12:28:31,613 - root - INFO -  Ejecutar Enterprise
2023-03-09 12:28:35,681 - root - INFO -  Cambia entre pestañas
2023-03-09 12:28:47,662 - root - INFO -  Abre el menú para visualizar mas documentos
2023-03-09 12:28:48,744 - root - INFO - Se abre el documento de venta de contado a realizar
2023-03-09 12:29:11,624 - root - INFO - Se agrega el artículo facturado por packing a la venta
2023-03-09 12:29:24,975 - root - INFO -  Captura: C:\xampp\htdocs\versiones\automatizaciones\AutoPWST\VentaCiclada\report\img  screen：20230309_12_29_24.png
2023-03-09 12:29:25,152 - root - INFO - Se guarda la venta realizaada
2023-03-09 12:29:50,034 - root - INFO - Se agrega el artículo facturado por packing a la venta
2023-03-09 12:30:03,334 - root - INFO -  Captura: C:\xampp\htdocs\versiones\automatizaciones\AutoPWST\VentaCiclada\report\img  screen：20230309_12_30_03.png
2023-03-09 12:30:03,540 - root - INFO - Se guarda la venta realizaada
2023-03-09 12:30:28,388 - root - INFO - Se agrega el artículo facturado por packing a la venta
2023-03-09 12:30:41,714 - root - INFO -  Captura: C:\xampp\htdocs\versiones\automatizaciones\AutoPWST\VentaCiclada\report\img  screen：20230309_12_30_41.png
2023-03-09 12:30:41,879 - root - INFO - Se guarda la venta realizaada
2023-03-09 12:31:06,788 - root - INFO - Se agrega el artículo facturado por packing a la venta
2023-03-09 12:31:20,117 - root - INFO -  Captura: C:\xampp\htdocs\versiones\automatizaciones\AutoPWST\VentaCiclada\report\img  screen：20230309_12_31_20.png
2023-03-09 12:31:20,277 - root - INFO - Se guarda la venta realizaada
2023-03-09 12:31:29,592 - root - INFO -  Se cierra chrome
2023-03-09 12:34:39,978 - root - INFO -  Se abre el chrome
2023-03-09 12:34:42,018 - root - INFO -  Entra a la URL
2023-03-09 12:34:42,151 - root - INFO -  Maximiza la pantalla
2023-03-09 12:34:45,307 - root - INFO -  Escribe el usuario
2023-03-09 12:34:45,428 - root - INFO -  Escribe la contraseña
2023-03-09 12:34:45,536 - root - INFO -  Se dio clic en el boton ingresar
2023-03-09 12:34:47,351 - root - INFO -  Ejecutar Enterprise
2023-03-09 12:34:51,480 - root - INFO -  Cambia entre pestañas
2023-03-09 12:35:02,800 - root - ERROR - No se pudo ingresar al menu indicado, validar que la acción anterior haya finalizado,que el xpath sea el correcto o que la página no presente lentitud
2023-03-09 12:35:02,801 - root - INFO -  Captura: C:\xampp\htdocs\versiones\automatizaciones\AutoPWST\VentaCiclada\report\img  screen：20230309_12_35_02.png
2023-03-09 12:35:42,160 - root - INFO -  Se abre el chrome
2023-03-09 12:35:44,089 - root - INFO -  Entra a la URL
2023-03-09 12:35:44,251 - root - INFO -  Maximiza la pantalla
2023-03-09 12:35:47,392 - root - INFO -  Escribe el usuario
2023-03-09 12:35:47,503 - root - INFO -  Escribe la contraseña
2023-03-09 12:35:47,597 - root - INFO -  Se dio clic en el boton ingresar
2023-03-09 12:35:49,372 - root - INFO -  Ejecutar Enterprise
2023-03-09 12:35:53,457 - root - INFO -  Cambia entre pestañas
2023-03-09 12:35:59,560 - root - INFO -  Abre el menú para visualizar mas documentos
2023-03-09 12:36:00,859 - root - INFO - Se abre el documento de venta de contado a realizar
2023-03-09 12:36:23,716 - root - INFO - Se agrega el artículo facturado por packing a la venta
2023-03-09 12:36:37,020 - root - INFO -  Captura: C:\xampp\htdocs\versiones\automatizaciones\AutoPWST\VentaCiclada\report\img  screen：20230309_12_36_37.png
2023-03-09 12:36:37,190 - root - INFO - Se guarda la venta realizaada
2023-03-09 12:37:03,850 - root - INFO - Se agrega el artículo facturado por packing a la venta
2023-03-09 12:37:19,000 - root - INFO -  Captura: C:\xampp\htdocs\versiones\automatizaciones\AutoPWST\VentaCiclada\report\img  screen：20230309_12_37_19.png
2023-03-09 12:37:19,301 - root - INFO - Se guarda la venta realizaada
2023-03-09 12:37:27,493 - root - ERROR - No se pudo ingresar el campo cuenta, validar que la acción anterior haya finalizado,que el xpath sea el correcto o que la página no presente lentitud
2023-03-09 12:37:27,494 - root - INFO -  Captura: C:\xampp\htdocs\versiones\automatizaciones\AutoPWST\VentaCiclada\report\img  screen：20230309_12_37_27.png
2023-03-09 12:37:47,918 - root - INFO -  Se abre el chrome
2023-03-09 12:37:48,914 - root - INFO -  Entra a la URL
2023-03-09 12:37:49,327 - root - INFO -  Maximiza la pantalla
2023-03-09 12:37:52,440 - root - INFO -  Escribe el usuario
2023-03-09 12:37:52,517 - root - INFO -  Escribe la contraseña
2023-03-09 12:37:52,596 - root - INFO -  Se dio clic en el boton ingresar
2023-03-09 12:37:54,318 - root - INFO -  Ejecutar Enterprise
2023-03-09 12:37:58,384 - root - INFO -  Cambia entre pestañas
2023-03-09 12:38:12,043 - root - INFO -  Abre el menú para visualizar mas documentos
2023-03-09 12:38:15,167 - root - INFO - Se abre el documento de venta de contado a realizar
2023-03-09 12:38:39,057 - root - INFO - Se agrega el artículo facturado por packing a la venta
2023-03-09 12:38:52,362 - root - INFO -  Captura: C:\xampp\htdocs\versiones\automatizaciones\AutoPWST\VentaCiclada\report\img  screen：20230309_12_38_52.png
2023-03-09 12:38:52,546 - root - INFO - Se guarda la venta realizaada
2023-03-09 12:39:00,898 - root - ERROR - No se pudo ingresar el campo cuenta, validar que la acción anterior haya finalizado,que el xpath sea el correcto o que la página no presente lentitud
2023-03-09 12:39:00,898 - root - INFO -  Captura: C:\xampp\htdocs\versiones\automatizaciones\AutoPWST\VentaCiclada\report\img  screen：20230309_12_39_00.png
2023-03-09 12:40:45,530 - root - INFO -  Se abre el chrome
2023-03-09 12:40:57,770 - root - INFO -  Entra a la URL
2023-03-09 12:40:57,964 - root - INFO -  Maximiza la pantalla
2023-03-09 12:41:01,082 - root - INFO -  Escribe el usuario
2023-03-09 12:41:01,191 - root - INFO -  Escribe la contraseña
2023-03-09 12:41:01,276 - root - INFO -  Se dio clic en el boton ingresar
2023-03-09 12:41:02,570 - root - INFO -  Ejecutar Enterprise
2023-03-09 12:41:06,664 - root - INFO -  Cambia entre pestañas
2023-03-09 12:41:17,089 - root - ERROR - No se pudo ingresar al menu indicado, validar que la acción anterior haya finalizado,que el xpath sea el correcto o que la página no presente lentitud
2023-03-09 12:41:17,091 - root - INFO -  Captura: C:\xampp\htdocs\versiones\automatizaciones\AutoPWST\VentaCiclada\report\img  screen：20230309_12_41_17.png
2023-03-09 12:41:52,327 - root - INFO -  Se abre el chrome
2023-03-09 12:41:54,257 - root - INFO -  Entra a la URL
2023-03-09 12:41:54,582 - root - INFO -  Maximiza la pantalla
2023-03-09 12:41:57,687 - root - INFO -  Escribe el usuario
2023-03-09 12:41:57,775 - root - INFO -  Escribe la contraseña
2023-03-09 12:41:57,874 - root - INFO -  Se dio clic en el boton ingresar
2023-03-09 12:41:59,617 - root - INFO -  Ejecutar Enterprise
2023-03-09 12:42:03,689 - root - INFO -  Cambia entre pestañas
2023-03-09 12:42:09,667 - root - INFO -  Abre el menú para visualizar mas documentos
2023-03-09 12:42:11,811 - root - INFO - Se abre el documento de venta de contado a realizar
2023-03-09 12:42:34,601 - root - INFO - Se agrega el artículo facturado por packing a la venta
2023-03-09 12:42:47,949 - root - INFO -  Captura: C:\xampp\htdocs\versiones\automatizaciones\AutoPWST\VentaCiclada\report\img  screen：20230309_12_42_47.png
2023-03-09 12:42:48,127 - root - INFO - Se guarda la venta realizaada
2023-03-09 12:43:13,047 - root - INFO - Se agrega el artículo facturado por packing a la venta
2023-03-09 12:43:26,343 - root - INFO -  Captura: C:\xampp\htdocs\versiones\automatizaciones\AutoPWST\VentaCiclada\report\img  screen：20230309_12_43_26.png
2023-03-09 12:43:26,508 - root - INFO - Se guarda la venta realizaada
2023-03-09 12:43:34,896 - root - ERROR - No se pudo ingresar el campo cuenta, validar que la acción anterior haya finalizado,que el xpath sea el correcto o que la página no presente lentitud
2023-03-09 12:43:34,896 - root - INFO -  Captura: C:\xampp\htdocs\versiones\automatizaciones\AutoPWST\VentaCiclada\report\img  screen：20230309_12_43_34.png
