2023-05-19 13:11:32,299 - root - INFO -  Se abre el chrome
2023-05-19 13:11:34,359 - root - INFO -  Entra a la URL
2023-05-19 13:11:34,493 - root - INFO -  Maximiza la pantalla
2023-05-19 13:11:37,615 - root - INFO -  Escribe el usuario
2023-05-19 13:11:37,728 - root - INFO -  Escribe la contraseña
2023-05-19 13:11:37,823 - root - INFO -  Se dio clic en el boton ingresar
2023-05-19 13:11:39,101 - root - INFO -  Ejecutar Enterprise
2023-05-19 13:11:43,205 - root - INFO -  Cambia entre pestañas
2023-05-19 13:11:47,108 - root - INFO -  Abre el menú para visualizar mas documentos
2023-05-19 13:11:48,382 - root - INFO - Se abre el documento de venta de contado a realizar
2023-05-19 13:12:33,249 - root - INFO - Se agrega el artículo facturado por packing a la venta
2023-05-19 13:12:58,509 - root - INFO -  Captura: C:\xampp\htdocs\versiones\automatizaciones\AutoPWST\VentaCiclada\report\img  screen：20230519_13_12_58.png
2023-05-19 13:12:58,751 - root - INFO - Se guarda la venta realizaada
2023-05-19 13:13:44,572 - root - INFO - Se agrega el artículo facturado por packing a la venta
2023-05-19 13:14:09,946 - root - INFO -  Captura: C:\xampp\htdocs\versiones\automatizaciones\AutoPWST\VentaCiclada\report\img  screen：20230519_13_14_09.png
2023-05-19 13:14:10,119 - root - INFO - Se guarda la venta realizaada
2023-05-19 13:14:56,400 - root - INFO - Se agrega el artículo facturado por packing a la venta
2023-05-19 13:15:20,801 - root - INFO -  Captura: C:\xampp\htdocs\versiones\automatizaciones\AutoPWST\VentaCiclada\report\img  screen：20230519_13_15_20.png
2023-05-19 13:15:20,954 - root - INFO - Se guarda la venta realizaada
2023-05-19 13:16:05,850 - root - INFO - Se agrega el artículo facturado por packing a la venta
2023-05-19 13:16:30,177 - root - INFO -  Captura: C:\xampp\htdocs\versiones\automatizaciones\AutoPWST\VentaCiclada\report\img  screen：20230519_13_16_30.png
2023-05-19 13:16:30,348 - root - INFO - Se guarda la venta realizaada
2023-05-19 13:17:15,254 - root - INFO - Se agrega el artículo facturado por packing a la venta
2023-05-19 13:17:39,919 - root - INFO -  Captura: C:\xampp\htdocs\versiones\automatizaciones\AutoPWST\VentaCiclada\report\img  screen：20230519_13_17_39.png
2023-05-19 13:17:40,137 - root - INFO - Se guarda la venta realizaada
2023-05-19 13:18:25,101 - root - INFO - Se agrega el artículo facturado por packing a la venta
2023-05-19 13:18:49,456 - root - INFO -  Captura: C:\xampp\htdocs\versiones\automatizaciones\AutoPWST\VentaCiclada\report\img  screen：20230519_13_18_49.png
2023-05-19 13:18:49,751 - root - INFO - Se guarda la venta realizaada
2023-05-19 13:19:34,666 - root - INFO - Se agrega el artículo facturado por packing a la venta
2023-05-19 13:19:59,105 - root - INFO -  Captura: C:\xampp\htdocs\versiones\automatizaciones\AutoPWST\VentaCiclada\report\img  screen：20230519_13_19_59.png
2023-05-19 13:19:59,265 - root - INFO - Se guarda la venta realizaada
2023-05-19 13:20:44,410 - root - INFO - Se agrega el artículo facturado por packing a la venta
2023-05-19 13:21:09,532 - root - INFO -  Captura: C:\xampp\htdocs\versiones\automatizaciones\AutoPWST\VentaCiclada\report\img  screen：20230519_13_21_09.png
2023-05-19 13:21:09,697 - root - INFO - Se guarda la venta realizaada
2023-05-19 13:21:54,601 - root - INFO - Se agrega el artículo facturado por packing a la venta
2023-05-19 13:22:18,932 - root - INFO -  Captura: C:\xampp\htdocs\versiones\automatizaciones\AutoPWST\VentaCiclada\report\img  screen：20230519_13_22_18.png
2023-05-19 13:22:19,106 - root - INFO - Se guarda la venta realizaada
2023-05-19 13:23:06,357 - root - INFO - Se agrega el artículo facturado por packing a la venta
2023-05-19 13:23:30,973 - root - INFO -  Captura: C:\xampp\htdocs\versiones\automatizaciones\AutoPWST\VentaCiclada\report\img  screen：20230519_13_23_30.png
2023-05-19 13:23:31,255 - root - INFO - Se guarda la venta realizaada
2023-05-19 13:24:16,780 - root - INFO - Se agrega el artículo facturado por packing a la venta
2023-05-19 13:24:41,366 - root - INFO -  Captura: C:\xampp\htdocs\versiones\automatizaciones\AutoPWST\VentaCiclada\report\img  screen：20230519_13_24_41.png
2023-05-19 13:24:41,544 - root - INFO - Se guarda la venta realizaada
2023-05-19 13:25:26,390 - root - INFO - Se agrega el artículo facturado por packing a la venta
2023-05-19 13:25:50,708 - root - INFO -  Captura: C:\xampp\htdocs\versiones\automatizaciones\AutoPWST\VentaCiclada\report\img  screen：20230519_13_25_50.png
2023-05-19 13:25:50,872 - root - INFO - Se guarda la venta realizaada
2023-05-19 13:26:35,760 - root - INFO - Se agrega el artículo facturado por packing a la venta
2023-05-19 13:27:00,351 - root - INFO -  Captura: C:\xampp\htdocs\versiones\automatizaciones\AutoPWST\VentaCiclada\report\img  screen：20230519_13_27_00.png
2023-05-19 13:27:00,553 - root - INFO - Se guarda la venta realizaada
2023-05-19 13:27:45,576 - root - INFO - Se agrega el artículo facturado por packing a la venta
2023-05-19 13:28:10,014 - root - INFO -  Captura: C:\xampp\htdocs\versiones\automatizaciones\AutoPWST\VentaCiclada\report\img  screen：20230519_13_28_10.png
2023-05-19 13:28:10,275 - root - INFO - Se guarda la venta realizaada
2023-05-19 13:28:55,339 - root - INFO - Se agrega el artículo facturado por packing a la venta
2023-05-19 13:29:19,654 - root - INFO -  Captura: C:\xampp\htdocs\versiones\automatizaciones\AutoPWST\VentaCiclada\report\img  screen：20230519_13_29_19.png
2023-05-19 13:29:19,828 - root - INFO - Se guarda la venta realizaada
2023-05-19 13:30:04,810 - root - INFO - Se agrega el artículo facturado por packing a la venta
2023-05-19 13:30:29,213 - root - INFO -  Captura: C:\xampp\htdocs\versiones\automatizaciones\AutoPWST\VentaCiclada\report\img  screen：20230519_13_30_29.png
2023-05-19 13:30:29,378 - root - INFO - Se guarda la venta realizaada
2023-05-19 13:31:14,333 - root - INFO - Se agrega el artículo facturado por packing a la venta
2023-05-19 13:31:19,341 - root - ERROR - No se pudo ingresar el campo artículo 3, validar que la acción anterior haya finalizado,que el xpath sea el correcto o que la página no presente lentitud
2023-05-19 13:31:19,342 - root - INFO -  Captura: C:\xampp\htdocs\versiones\automatizaciones\AutoPWST\VentaCiclada\report\img  screen：20230519_13_31_19.png
