2023-06-20 12:38:01,158 - root - INFO -  Se abre el chrome
2023-06-20 12:38:02,295 - root - INFO -  Entra a la URL
2023-06-20 12:38:02,445 - root - INFO -  Maximiza la pantalla
2023-06-20 12:38:05,539 - root - INFO -  Escribe el usuario
2023-06-20 12:38:05,642 - root - INFO -  Escribe la contraseña
2023-06-20 12:38:05,723 - root - INFO -  Se dio clic en el boton ingresar
2023-06-20 12:38:07,452 - root - INFO -  Ejecutar Enterprise
2023-06-20 12:38:11,488 - root - INFO -  Cambia entre pestañas
2023-06-20 12:38:22,917 - root - INFO -  Abre la pantalla de Zonas Bancarias
2023-06-20 12:38:23,485 - root - INFO -  Captura: C:\xampp\htdocs\versiones\automatizaciones\AutoPWST\01ZB\report\img  screen：20230620_12_38_23.png
2023-06-20 12:38:23,565 - root - INFO -  La pantalla ejecutada es Zonas Bancarias.
2023-06-20 12:38:33,880 - root - INFO -  Se presiona el boton 'Nuevo', para crear un nuevo registro.
2023-06-20 12:38:34,420 - root - INFO -  Se abrio la pantalla para el ingreso de un registro nuevo.
2023-06-20 12:38:34,449 - root - INFO -  El campo 'Codigo' si se encuentra visible.
2023-06-20 12:38:34,475 - root - INFO -  El campo 'Descrición' si se encuentra visible.
2023-06-20 12:38:34,529 - root - INFO -  Ingresa el codigo del nuevo registro 
2023-06-20 12:38:34,815 - root - INFO -  Captura: C:\xampp\htdocs\versiones\automatizaciones\AutoPWST\01ZB\report\img  screen：20230620_12_38_34.png
2023-06-20 12:38:34,924 - root - INFO -  Ingresa la descripción del nuevo registro 
2023-06-20 12:38:34,980 - root - INFO -  Se da clic en el boton Guardar; se debe crear un nuevo registro.
2023-06-20 12:38:35,313 - root - INFO -  Se presiona el boton 'Refrescar', para crear un nuevo registro igual al anterior.
2023-06-20 12:38:37,367 - root - INFO -  Se presiona el boton 'Nuevo', para crear un nuevo registro igual al anterior.
2023-06-20 12:38:37,904 - root - INFO -  Se abrio la pantalla para el ingreso de un registro nuevo.
2023-06-20 12:38:37,929 - root - INFO -  El campo 'Codigo' si se encuentra visible.
2023-06-20 12:38:37,956 - root - INFO -  El campo 'Descripción' si se encuentra visible.
2023-06-20 12:38:38,004 - root - INFO -  Ingresa el codigo del nuevo registro igual al anterior
2023-06-20 12:38:38,281 - root - INFO -  Ingresa la descripción del nuevo registro igual al anterior
2023-06-20 12:38:38,350 - root - INFO -  Se da clic en el boton Guardar; NO se debe crear un nuevo registro.
2023-06-20 12:38:39,352 - root - INFO -  Captura: C:\xampp\htdocs\versiones\automatizaciones\AutoPWST\01ZB\report\img  screen：20230620_12_38_39.png
2023-06-20 12:38:44,650 - root - INFO -  Se presiona el boton 'Cerrar', para cerrar el mensaje de duplicidad de llave primaria
2023-06-20 12:38:45,651 - root - INFO -  Captura: C:\xampp\htdocs\versiones\automatizaciones\AutoPWST\01ZB\report\img  screen：20230620_12_38_45.png
2023-06-20 12:38:45,812 - root - INFO -  Se presiona el boton 'Cerrar', para cerrar el mensaje de duplicidad de llave primaria
2023-06-20 12:38:46,138 - root - INFO -  Se presiona el boton 'Cerrar', para cerrar la ventana
2023-06-20 12:38:46,288 - root - INFO -  Se presiona el boton 'Refrescar', para crear un nuevo registro igual al anterior.
2023-06-20 12:38:49,865 - root - INFO -  Se da clic en el registro creado, para proceder a modificarlo.
2023-06-20 12:38:51,710 - root - INFO -  Captura: C:\xampp\htdocs\versiones\automatizaciones\AutoPWST\01ZB\report\img  screen：20230620_12_38_51.png
2023-06-20 12:38:51,823 - root - INFO -  Se modifica el contenido del campo Descripcion
2023-06-20 12:38:51,871 - root - INFO -  Se da clic en el boton Guardar; se debe modificar la informacion del registro.
2023-06-20 12:38:52,112 - root - INFO -  Se presiona el boton 'Refrescar', para proceder a eliminar el registro.
2023-06-20 12:38:55,685 - root - INFO -  Se da clic en el registro creado, para proceder a modificarlo.
2023-06-20 12:38:55,744 - root - INFO -  Se presiona el boton 'Eliminar', para eliminar el registro.
2023-06-20 12:38:57,745 - root - INFO -  Captura: C:\xampp\htdocs\versiones\automatizaciones\AutoPWST\01ZB\report\img  screen：20230620_12_38_57.png
2023-06-20 12:38:57,881 - root - INFO -  Se confirma el eliminado del registro
2023-06-20 12:38:58,197 - root - INFO -  Se presiona el boton 'Refrescar', para crear un nuevo registro igual al anterior.
2023-06-20 12:39:00,265 - root - INFO -  Se presiona el boton 'Cerrar', para cerrar la pantalla de Zonas Bancarias.
2023-06-20 12:39:06,552 - root - INFO -  Se cierra chrome
