2022-08-31 16:01:34,172 - root - INFO -  Se abre el chrome
2022-08-31 16:01:36,169 - root - INFO -  Entra a la URL
2022-08-31 16:01:36,287 - root - INFO -  Maximiza la pantalla
2022-08-31 16:01:39,331 - root - INFO -  Cambia al frame
2022-08-31 16:01:42,451 - root - INFO -  Escribe el usuario
2022-08-31 16:01:42,509 - root - INFO -  Escribe la contraseña
2022-08-31 16:01:42,601 - root - INFO -  Se dio clic en el boton ingresar
2022-08-31 16:01:43,820 - root - INFO -  Ejecutar Enterprise
2022-08-31 16:01:47,866 - root - INFO -  Cambia entre pestañas
2022-08-31 16:02:43,572 - root - ERROR - No se dió click al botón para desplegar el menu completo, validar que la acción anterior haya finalizado,que el xpath sea el correcto o que la página no presente lentitud
2022-08-31 16:02:43,574 - root - INFO -  Captura: C:\xampp\htdocs\versiones\automatizaciones\AutoPWST\Venta01\report\img  screen：20220831_16_02_43.png
2022-08-31 16:02:43,637 - root - ERROR - No se dar click al botón refrescar reporte, validar que la acción anterior haya finalizado,que el xpath sea el correcto o que la página no presente lentitud
2022-08-31 16:02:43,638 - root - INFO -  Captura: C:\xampp\htdocs\versiones\automatizaciones\AutoPWST\Venta01\report\img  screen：20220831_16_02_43.png
2022-08-31 16:10:56,170 - root - INFO -  Se abre el chrome
2022-08-31 16:10:57,204 - root - INFO -  Entra a la URL
2022-08-31 16:10:57,317 - root - INFO -  Maximiza la pantalla
2022-08-31 16:11:00,350 - root - INFO -  Cambia al frame
2022-08-31 16:11:03,437 - root - INFO -  Escribe el usuario
2022-08-31 16:11:03,504 - root - INFO -  Escribe la contraseña
2022-08-31 16:11:03,613 - root - INFO -  Se dio clic en el boton ingresar
2022-08-31 16:11:04,328 - root - INFO -  Ejecutar Enterprise
2022-08-31 16:11:08,368 - root - INFO -  Cambia entre pestañas
2022-08-31 16:11:18,804 - root - INFO - Se ingresa al explorador de reportes
2022-08-31 16:11:34,563 - root - INFO - Se ingresa al reporte de toma de stock del vendedor
2022-08-31 16:11:44,958 - root - INFO - Se ingresan los datos para ver el reporte del vendedor deseado
2022-08-31 16:11:51,968 - root - INFO -  Captura: C:\xampp\htdocs\versiones\automatizaciones\AutoPWST\Venta01\report\img  screen：20220831_16_11_51.png
2022-08-31 16:12:17,512 - root - INFO - Se abre el documento de venta a realizar
2022-08-31 16:13:01,191 - root - INFO - Se agrega el artículo facturado por unidades a la venta
2022-08-31 16:13:19,538 - root - INFO - Se agrega el artículo facturado por packing a la venta
2022-08-31 16:13:34,642 - root - INFO -  Captura: C:\xampp\htdocs\versiones\automatizaciones\AutoPWST\Venta01\report\img  screen：20220831_16_13_34.png
2022-08-31 16:13:34,808 - root - INFO - Se guarda la venta realizaada
2022-08-31 16:13:59,899 - root - INFO - Se actualiza el stock del vendedor
2022-08-31 16:13:59,900 - root - INFO -  Captura: C:\xampp\htdocs\versiones\automatizaciones\AutoPWST\Venta01\report\img  screen：20220831_16_13_59.png
2022-08-31 16:14:45,375 - root - INFO - Se visualiza la venta realizada
2022-08-31 16:18:25,903 - root - INFO -  Se abre el chrome
2022-08-31 16:18:28,945 - root - INFO -  Entra a la URL
2022-08-31 16:18:29,054 - root - INFO -  Maximiza la pantalla
2022-08-31 16:18:32,086 - root - INFO -  Cambia al frame
2022-08-31 16:18:35,169 - root - INFO -  Escribe el usuario
2022-08-31 16:18:35,236 - root - INFO -  Escribe la contraseña
2022-08-31 16:18:35,336 - root - INFO -  Se dio clic en el boton ingresar
2022-08-31 16:18:36,619 - root - INFO -  Ejecutar Enterprise
2022-08-31 16:18:40,672 - root - INFO -  Cambia entre pestañas
2022-08-31 16:18:59,400 - root - INFO - Se ingresa al explorador de reportes
2022-08-31 16:19:15,195 - root - INFO - Se ingresa al reporte de toma de stock del vendedor
2022-08-31 16:19:25,600 - root - INFO - Se ingresan los datos para ver el reporte del vendedor deseado
2022-08-31 16:19:32,609 - root - INFO -  Captura: C:\xampp\htdocs\versiones\automatizaciones\AutoPWST\Venta01\report\img  screen：20220831_16_19_32.png
2022-08-31 16:19:58,213 - root - INFO - Se abre el documento de venta a realizar
2022-08-31 16:20:41,852 - root - INFO - Se agrega el artículo facturado por unidades a la venta
2022-08-31 16:21:00,185 - root - INFO - Se agrega el artículo facturado por packing a la venta
2022-08-31 16:21:15,294 - root - INFO -  Captura: C:\xampp\htdocs\versiones\automatizaciones\AutoPWST\Venta01\report\img  screen：20220831_16_21_15.png
2022-08-31 16:21:15,470 - root - INFO - Se guarda la venta realizaada
2022-08-31 16:21:40,563 - root - INFO - Se actualiza el stock del vendedor
2022-08-31 16:21:40,565 - root - INFO -  Captura: C:\xampp\htdocs\versiones\automatizaciones\AutoPWST\Venta01\report\img  screen：20220831_16_21_40.png
2022-08-31 16:22:26,059 - root - INFO - Se visualiza la venta realizada
2022-08-31 16:22:41,124 - root - ERROR - No se pudo cerrar sesión, validar que la acción anterior haya finalizado,que el xpath sea el correcto o que la página no presente lentitud
