2022-11-15 09:13:09,754 - root - INFO -  Se abre el chrome
2022-11-15 09:13:10,625 - root - INFO -  Entra a la URL
2022-11-15 09:13:10,740 - root - INFO -  Maximiza la pantalla
2022-11-15 09:13:13,791 - root - INFO -  Cambia al frame
2022-11-15 09:13:16,876 - root - INFO -  Escribe el usuario
2022-11-15 09:13:16,946 - root - INFO -  Escribe la contraseña
2022-11-15 09:13:17,047 - root - INFO -  Se dio clic en el boton ingresar
2022-11-15 09:13:17,789 - root - INFO -  Ejecutar Enterprise
2022-11-15 09:13:21,851 - root - INFO -  Cambia entre pestañas
2022-11-15 09:13:41,830 - root - INFO - Se ingresa al explorador de reportes
2022-11-15 09:13:57,635 - root - INFO - Se ingresa al reporte de toma de stock del vendedor
2022-11-15 09:14:08,102 - root - INFO - Se ingresan los datos para ver el reporte del vendedor deseado
2022-11-15 09:14:15,102 - root - INFO -  Captura: C:\xampp\htdocs\versiones\automatizaciones\AutoPWST\VentaCredito\report\img  screen：20221115_09_14_15.png
2022-11-15 09:14:35,760 - root - INFO - Se abre el documento de venta a realizar
2022-11-15 09:14:57,535 - root - INFO - Se agrega el artículo facturado por unidades a la venta
2022-11-15 09:15:10,923 - root - INFO - Se agrega el artículo facturado por packing a la venta
2022-11-15 09:15:21,043 - root - INFO -  Captura: C:\xampp\htdocs\versiones\automatizaciones\AutoPWST\VentaCredito\report\img  screen：20221115_09_15_21.png
2022-11-15 09:15:21,259 - root - INFO - Se guarda la venta realizaada
2022-11-15 09:15:46,347 - root - INFO - Se actualiza el stock del vendedor
2022-11-15 09:15:46,347 - root - INFO -  Captura: C:\xampp\htdocs\versiones\automatizaciones\AutoPWST\VentaCredito\report\img  screen：20221115_09_15_46.png
2022-11-15 09:16:31,833 - root - INFO - Se visualiza la venta realizada
2022-11-15 09:16:46,414 - root - INFO -  Se cierra chrome
