2022-09-13 11:11:04,896 - root - INFO - Se carga el driver
2022-09-13 11:11:11,132 - root - INFO - Se instalo la aplicacion.
2022-09-13 11:11:14,148 - root - INFO -  Captura: C:\Ventas_nue\report\img  screen：20220913_11_11_14.png
2022-09-13 11:15:41,532 - root - INFO - Se realizo la configuracion.
2022-09-13 11:15:41,533 - root - INFO -  Captura: C:\Ventas_nue\report\img  screen：20220913_11_15_41.png
2022-09-13 11:25:28,810 - root - INFO - Se cargo el dispositivo.
2022-09-13 11:25:28,819 - root - INFO -  Captura: C:\Ventas_nue\report\img  screen：20220913_11_25_28.png
2022-09-13 11:25:59,586 - root - ERROR - No se pudo iniciar la aplicacion, revise si el xpath sigue siendo el mismo, para mas detalles del error consulte el reporte
2022-09-13 11:25:59,586 - root - INFO -  Captura: C:\Ventas_nue\report\img  screen：20220913_11_25_59.png
2022-09-13 11:25:59,654 - root - ERROR - No se pudo seleccionar al cliente, revise si el xpath sigue siendo el mismo, para mas detalles del error consulte el reporte
2022-09-13 11:25:59,656 - root - INFO -  Captura: C:\Ventas_nue\report\img  screen：20220913_11_25_59.png
2022-09-13 11:25:59,686 - root - ERROR - No se pudo seleccionar el cliente, revise si el xpath sigue siendo el mismo, para mas detalles del error consulte el reporte
2022-09-13 11:25:59,686 - root - INFO -  Captura: C:\Ventas_nue\report\img  screen：20220913_11_25_59.png
2022-09-13 11:27:39,261 - root - INFO - Se carga el driver
2022-09-13 11:27:45,365 - root - INFO - Se instalo la aplicacion.
2022-09-13 11:27:48,370 - root - INFO -  Captura: C:\Ventas_nue\report\img  screen：20220913_11_27_48.png
2022-09-13 11:32:22,397 - root - INFO - Se realizo la configuracion.
2022-09-13 11:32:22,397 - root - INFO -  Captura: C:\Ventas_nue\report\img  screen：20220913_11_32_22.png
2022-09-13 11:42:08,375 - root - INFO - Se cargo el dispositivo.
2022-09-13 11:42:08,375 - root - INFO -  Captura: C:\Ventas_nue\report\img  screen：20220913_11_42_08.png
2022-09-13 11:43:51,279 - root - ERROR - No se pudo iniciar la aplicacion, revise si el xpath sigue siendo el mismo, para mas detalles del error consulte el reporte
2022-09-13 11:43:51,279 - root - INFO -  Captura: C:\Ventas_nue\report\img  screen：20220913_11_43_51.png
2022-09-13 11:45:33,119 - root - ERROR - No se pudo seleccionar al cliente, revise si el xpath sigue siendo el mismo, para mas detalles del error consulte el reporte
2022-09-13 11:45:33,120 - root - INFO -  Captura: C:\Ventas_nue\report\img  screen：20220913_11_45_33.png
2022-09-13 11:47:14,521 - root - ERROR - No se pudo seleccionar el cliente, revise si el xpath sigue siendo el mismo, para mas detalles del error consulte el reporte
2022-09-13 11:47:14,521 - root - INFO -  Captura: C:\Ventas_nue\report\img  screen：20220913_11_47_14.png
