2022-09-13 10:07:20,645 - root - INFO - Se carga el driver
2022-09-13 10:07:27,202 - root - INFO - Se instalo la aplicacion.
2022-09-13 10:07:30,210 - root - INFO -  Captura: C:\Ventas_nue\report\img  screen：20220913_10_07_30.png
2022-09-13 10:09:02,736 - root - INFO - Se carga el driver
2022-09-13 10:09:08,696 - root - INFO - Se instalo la aplicacion.
2022-09-13 10:09:11,708 - root - INFO -  Captura: C:\Ventas_nue\report\img  screen：20220913_10_09_11.png
2022-09-13 10:09:24,521 - root - INFO - Se realizo la configuracion.
2022-09-13 10:09:24,522 - root - INFO -  Captura: C:\Ventas_nue\report\img  screen：20220913_10_09_24.png
2022-09-13 10:14:43,765 - root - INFO - Se cargo el dispositivo.
2022-09-13 10:14:43,766 - root - INFO -  Captura: C:\Ventas_nue\report\img  screen：20220913_10_14_43.png
2022-09-13 10:14:49,703 - root - INFO - Se inicio la aplicacion.
2022-09-13 10:14:49,704 - root - INFO -  Captura: C:\Ventas_nue\report\img  screen：20220913_10_14_49.png
2022-09-13 10:17:36,743 - root - INFO - Se carga el driver
2022-09-13 10:17:43,188 - root - INFO - Se instalo la aplicacion.
2022-09-13 10:17:46,191 - root - INFO -  Captura: C:\Ventas_nue\report\img  screen：20220913_10_17_46.png
2022-09-13 10:19:26,937 - root - ERROR - No se pudo ingresar los cambios en configuracion, revise si el xpath sigue siendo el mismo, para mas detalles del error consulte el reporte
2022-09-13 10:19:26,939 - root - INFO -  Captura: C:\Ventas_nue\report\img  screen：20220913_10_19_26.png
2022-09-13 10:21:08,102 - root - ERROR - No se pudo seleccionar al cliente, revise si el xpath sigue siendo el mismo, para mas detalles del error consulte el reporte
2022-09-13 10:21:08,104 - root - INFO -  Captura: C:\Ventas_nue\report\img  screen：20220913_10_21_08.png
2022-09-13 10:23:03,708 - root - INFO - Se carga el driver
2022-09-13 10:23:09,701 - root - INFO - Se instalo la aplicacion.
2022-09-13 10:23:12,706 - root - INFO -  Captura: C:\Ventas_nue\report\img  screen：20220913_10_23_12.png
2022-09-13 10:25:36,789 - root - INFO - Se realizo la configuracion.
2022-09-13 10:25:36,790 - root - INFO -  Captura: C:\Ventas_nue\report\img  screen：20220913_10_25_36.png
2022-09-13 10:28:55,481 - root - INFO - Se cargo el dispositivo.
2022-09-13 10:28:55,482 - root - INFO -  Captura: C:\Ventas_nue\report\img  screen：20220913_10_28_55.png
2022-09-13 10:30:35,175 - root - INFO - Se carga el driver
2022-09-13 10:30:41,478 - root - INFO - Se instalo la aplicacion.
2022-09-13 10:30:44,487 - root - INFO -  Captura: C:\Ventas_nue\report\img  screen：20220913_10_30_44.png
2022-09-13 10:35:17,365 - root - INFO - Se realizo la configuracion.
2022-09-13 10:35:17,367 - root - INFO -  Captura: C:\Ventas_nue\report\img  screen：20220913_10_35_17.png
2022-09-13 10:38:39,388 - root - INFO - Se cargo el dispositivo.
2022-09-13 10:38:39,389 - root - INFO -  Captura: C:\Ventas_nue\report\img  screen：20220913_10_38_39.png
2022-09-13 10:38:44,510 - root - INFO - Se inicio la aplicacion.
2022-09-13 10:38:44,511 - root - INFO -  Captura: C:\Ventas_nue\report\img  screen：20220913_10_38_44.png
