2023-05-19 12:35:19,967 - root - INFO - Se carga el driver
2023-05-19 12:35:27,909 - root - INFO - Se instalo la aplicacion.
2023-05-19 12:35:27,911 - root - INFO -  Captura: C:\xampp\htdocs\versiones\automatizaciones\AutoPWST\Ventas_alpura\report\img  screen：20230519_12_35_27.png
2023-05-19 12:36:09,685 - root - INFO - Se cargo el dispositivo.
2023-05-19 12:36:09,686 - root - INFO -  Captura: C:\xampp\htdocs\versiones\automatizaciones\AutoPWST\Ventas_alpura\report\img  screen：20230519_12_36_09.png
2023-05-19 12:36:17,789 - root - INFO - Se inicio la aplicacion.
2023-05-19 12:36:17,790 - root - INFO -  Captura: C:\xampp\htdocs\versiones\automatizaciones\AutoPWST\Ventas_alpura\report\img  screen：20230519_12_36_17.png
2023-05-19 12:36:21,757 - root - INFO - Se cerro el sell out
2023-05-19 12:36:25,387 - root - INFO - Se dio click en el boton de la casita
2023-05-19 12:37:58,787 - root - ERROR - No se pudo seleccionar el cliente, revise si el xpath sigue siendo el mismo, para mas detalles del error consulte el reporte
2023-05-19 12:37:58,787 - root - INFO -  Captura: C:\xampp\htdocs\versiones\automatizaciones\AutoPWST\Ventas_alpura\report\img  screen：20230519_12_37_58.png
2023-05-19 12:41:30,302 - root - INFO - Se carga el driver
2023-05-19 12:41:37,563 - root - INFO - Se instalo la aplicacion.
2023-05-19 12:41:37,564 - root - INFO -  Captura: C:\xampp\htdocs\versiones\automatizaciones\AutoPWST\Ventas_alpura\report\img  screen：20230519_12_41_37.png
2023-05-19 12:42:15,573 - root - INFO - Se cargo el dispositivo.
2023-05-19 12:42:15,584 - root - INFO -  Captura: C:\xampp\htdocs\versiones\automatizaciones\AutoPWST\Ventas_alpura\report\img  screen：20230519_12_42_15.png
2023-05-19 12:42:23,663 - root - INFO - Se inicio la aplicacion.
2023-05-19 12:42:23,664 - root - INFO -  Captura: C:\xampp\htdocs\versiones\automatizaciones\AutoPWST\Ventas_alpura\report\img  screen：20230519_12_42_23.png
2023-05-19 12:42:26,885 - root - INFO - Se cerro el sell out
2023-05-19 12:42:31,653 - root - INFO - Se dio click en el boton de la casita
2023-05-19 12:46:30,903 - root - INFO - Se dio click en el boton de la casita
2023-05-19 12:46:30,914 - root - INFO - Se realizo la venta
2023-05-19 12:46:30,914 - root - INFO -  Captura: C:\xampp\htdocs\versiones\automatizaciones\AutoPWST\Ventas_alpura\report\img  screen：20230519_12_46_30.png
