2023-02-22 11:00:26,850 - root - INFO - Se carga el driver
2023-02-22 11:00:34,177 - root - INFO - Se instalo la aplicacion.
2023-02-22 11:00:34,178 - root - INFO -  Captura: C:\xampp\htdocs\versiones\automatizaciones\AutoPWST\Ventas_alpura\report\img  screen：20230222_11_00_34.png
2023-02-22 11:10:16,339 - root - INFO - Se cargo el dispositivo.
2023-02-22 11:10:16,350 - root - INFO -  Captura: C:\xampp\htdocs\versiones\automatizaciones\AutoPWST\Ventas_alpura\report\img  screen：20230222_11_10_16.png
2023-02-22 11:10:24,828 - root - INFO - Se inicio la aplicacion.
2023-02-22 11:10:24,829 - root - INFO -  Captura: C:\xampp\htdocs\versiones\automatizaciones\AutoPWST\Ventas_alpura\report\img  screen：20230222_11_10_24.png
2023-02-22 11:31:32,746 - root - INFO - Se carga el driver
2023-02-22 11:31:40,179 - root - INFO - Se instalo la aplicacion.
2023-02-22 11:31:40,180 - root - INFO -  Captura: C:\xampp\htdocs\versiones\automatizaciones\AutoPWST\Ventas_alpura\report\img  screen：20230222_11_31_40.png
2023-02-22 11:34:51,745 - root - INFO - Se cargo el dispositivo.
2023-02-22 11:34:51,746 - root - INFO -  Captura: C:\xampp\htdocs\versiones\automatizaciones\AutoPWST\Ventas_alpura\report\img  screen：20230222_11_34_51.png
2023-02-22 11:35:00,267 - root - INFO - Se inicio la aplicacion.
2023-02-22 11:35:00,268 - root - INFO -  Captura: C:\xampp\htdocs\versiones\automatizaciones\AutoPWST\Ventas_alpura\report\img  screen：20230222_11_35_00.png
2023-02-22 11:36:46,103 - root - ERROR - No se pudo crear el inicio de visita, revise si el xpath sigue siendo el mismo, para mas detalles del error consulte el reporte
2023-02-22 11:36:46,105 - root - INFO -  Captura: C:\xampp\htdocs\versiones\automatizaciones\AutoPWST\Ventas_alpura\report\img  screen：20230222_11_36_46.png
2023-02-22 11:41:52,202 - root - INFO - Se carga el driver
2023-02-22 11:41:59,591 - root - INFO - Se instalo la aplicacion.
2023-02-22 11:41:59,592 - root - INFO -  Captura: C:\xampp\htdocs\versiones\automatizaciones\AutoPWST\Ventas_alpura\report\img  screen：20230222_11_41_59.png
2023-02-22 11:43:59,034 - root - INFO - Se cargo el dispositivo.
2023-02-22 11:43:59,034 - root - INFO -  Captura: C:\xampp\htdocs\versiones\automatizaciones\AutoPWST\Ventas_alpura\report\img  screen：20230222_11_43_59.png
2023-02-22 11:44:07,183 - root - INFO - Se inicio la aplicacion.
2023-02-22 11:44:07,183 - root - INFO -  Captura: C:\xampp\htdocs\versiones\automatizaciones\AutoPWST\Ventas_alpura\report\img  screen：20230222_11_44_07.png
2023-02-22 11:51:14,354 - root - INFO - Se carga el driver
2023-02-22 11:51:21,784 - root - INFO - Se instalo la aplicacion.
2023-02-22 11:51:21,785 - root - INFO -  Captura: C:\xampp\htdocs\versiones\automatizaciones\AutoPWST\Ventas_alpura\report\img  screen：20230222_11_51_21.png
2023-02-22 11:53:28,844 - root - ERROR - No se pudo cargar el dispositivo, revise si el xpath sigue siendo el mismo, para mas detalles del error consulte el reporte
2023-02-22 11:53:28,845 - root - INFO -  Captura: C:\xampp\htdocs\versiones\automatizaciones\AutoPWST\Ventas_alpura\report\img  screen：20230222_11_53_28.png
2023-02-22 11:57:26,633 - root - INFO - Se carga el driver
2023-02-22 11:57:34,083 - root - INFO - Se instalo la aplicacion.
2023-02-22 11:57:34,084 - root - INFO -  Captura: C:\xampp\htdocs\versiones\automatizaciones\AutoPWST\Ventas_alpura\report\img  screen：20230222_11_57_34.png
2023-02-22 11:59:32,665 - root - INFO - Se cargo el dispositivo.
2023-02-22 11:59:32,666 - root - INFO -  Captura: C:\xampp\htdocs\versiones\automatizaciones\AutoPWST\Ventas_alpura\report\img  screen：20230222_11_59_32.png
2023-02-22 11:59:40,445 - root - INFO - Se inicio la aplicacion.
2023-02-22 11:59:40,445 - root - INFO -  Captura: C:\xampp\htdocs\versiones\automatizaciones\AutoPWST\Ventas_alpura\report\img  screen：20230222_11_59_40.png
