2023-04-13 10:03:21,200 - root - INFO - Se carga el driver
2023-04-13 10:03:29,089 - root - INFO - Se instalo la aplicacion.
2023-04-13 10:03:29,090 - root - INFO -  Captura: C:\xampp\htdocs\versiones\automatizaciones\AutoPWST\Ventas_alpura\report\img  screen：20230413_10_03_29.png
2023-04-13 10:04:13,308 - root - INFO - Se cargo el dispositivo.
2023-04-13 10:04:13,309 - root - INFO -  Captura: C:\xampp\htdocs\versiones\automatizaciones\AutoPWST\Ventas_alpura\report\img  screen：20230413_10_04_13.png
2023-04-13 10:04:22,219 - root - INFO - Se inicio la aplicacion.
2023-04-13 10:04:22,221 - root - INFO -  Captura: C:\xampp\htdocs\versiones\automatizaciones\AutoPWST\Ventas_alpura\report\img  screen：20230413_10_04_22.png
2023-04-13 10:04:27,250 - root - INFO - Se cerro el sell out
2023-04-13 10:04:30,427 - root - INFO - Se dio click en el boton de la casita
2023-04-13 10:31:50,498 - root - INFO - Se carga el driver
2023-04-13 10:31:57,970 - root - INFO - Se instalo la aplicacion.
2023-04-13 10:31:57,971 - root - INFO -  Captura: C:\xampp\htdocs\versiones\automatizaciones\AutoPWST\Ventas_alpura\report\img  screen：20230413_10_31_57.png
2023-04-13 10:32:38,922 - root - INFO - Se cargo el dispositivo.
2023-04-13 10:32:38,923 - root - INFO -  Captura: C:\xampp\htdocs\versiones\automatizaciones\AutoPWST\Ventas_alpura\report\img  screen：20230413_10_32_38.png
2023-04-13 10:32:47,294 - root - INFO - Se inicio la aplicacion.
2023-04-13 10:32:47,295 - root - INFO -  Captura: C:\xampp\htdocs\versiones\automatizaciones\AutoPWST\Ventas_alpura\report\img  screen：20230413_10_32_47.png
2023-04-13 10:32:54,926 - root - INFO - Se cerro el sell out
2023-04-13 10:32:58,436 - root - INFO - Se dio click en el boton de la casita
2023-04-13 10:34:48,554 - root - ERROR - No se pudo dar click en el boton del cliente revise si el xpath sigue siendo el mismo, para mas detalles del error consulte el reporte
2023-04-13 10:34:48,555 - root - INFO -  Captura: C:\xampp\htdocs\versiones\automatizaciones\AutoPWST\Ventas_alpura\report\img  screen：20230413_10_34_48.png
2023-04-13 10:51:53,867 - root - INFO - Se carga el driver
2023-04-13 10:52:00,985 - root - INFO - Se instalo la aplicacion.
2023-04-13 10:52:00,986 - root - INFO -  Captura: C:\xampp\htdocs\versiones\automatizaciones\AutoPWST\Ventas_alpura\report\img  screen：20230413_10_52_00.png
2023-04-13 10:52:39,929 - root - INFO - Se cargo el dispositivo.
2023-04-13 10:52:39,930 - root - INFO -  Captura: C:\xampp\htdocs\versiones\automatizaciones\AutoPWST\Ventas_alpura\report\img  screen：20230413_10_52_39.png
2023-04-13 10:52:47,570 - root - INFO - Se inicio la aplicacion.
2023-04-13 10:52:47,571 - root - INFO -  Captura: C:\xampp\htdocs\versiones\automatizaciones\AutoPWST\Ventas_alpura\report\img  screen：20230413_10_52_47.png
2023-04-13 10:52:53,251 - root - INFO - Se cerro el sell out
2023-04-13 10:52:59,225 - root - INFO - Se dio click en el boton de la casita
2023-04-13 10:57:06,401 - root - INFO - Se dio click en el boton de la casita
2023-04-13 10:57:06,402 - root - INFO - Se realizo la venta
2023-04-13 10:57:06,402 - root - INFO -  Captura: C:\xampp\htdocs\versiones\automatizaciones\AutoPWST\Ventas_alpura\report\img  screen：20230413_10_57_06.png
