2023-04-12 14:04:24,331 - root - INFO - Se carga el driver
2023-04-12 14:04:30,996 - root - ERROR - No se pudo instalar la aplicacion, revise si el xpath sigue siendo el mismo, para mas detalles del error consulte el reporte
2023-04-12 14:04:30,998 - root - INFO -  Captura: C:\xampp\htdocs\versiones\automatizaciones\AutoPWST\Ventas_alpura\report\img  screen：20230412_14_04_30.png
2023-04-12 14:05:09,894 - root - INFO - Se carga el driver
2023-04-12 14:05:16,733 - root - INFO - Se instalo la aplicacion.
2023-04-12 14:05:16,734 - root - INFO -  Captura: C:\xampp\htdocs\versiones\automatizaciones\AutoPWST\Ventas_alpura\report\img  screen：20230412_14_05_16.png
2023-04-12 14:05:59,305 - root - INFO - Se cargo el dispositivo.
2023-04-12 14:05:59,306 - root - INFO -  Captura: C:\xampp\htdocs\versiones\automatizaciones\AutoPWST\Ventas_alpura\report\img  screen：20230412_14_05_59.png
2023-04-12 14:06:18,409 - root - INFO - Se inicio la aplicacion.
2023-04-12 14:06:18,411 - root - INFO -  Captura: C:\xampp\htdocs\versiones\automatizaciones\AutoPWST\Ventas_alpura\report\img  screen：20230412_14_06_18.png
2023-04-12 14:06:19,441 - root - ERROR - No se pudo cerrar el sell out, revise si el xpath sigue siendo el mismo, para mas detalles del error consulte el reporte
2023-04-12 14:06:19,442 - root - INFO -  Captura: C:\xampp\htdocs\versiones\automatizaciones\AutoPWST\Ventas_alpura\report\img  screen：20230412_14_06_19.png
2023-04-12 14:08:50,289 - root - INFO - Se carga el driver
2023-04-12 14:08:57,716 - root - INFO - Se instalo la aplicacion.
2023-04-12 14:08:57,716 - root - INFO -  Captura: C:\xampp\htdocs\versiones\automatizaciones\AutoPWST\Ventas_alpura\report\img  screen：20230412_14_08_57.png
2023-04-12 14:09:34,931 - root - INFO - Se cargo el dispositivo.
2023-04-12 14:09:34,931 - root - INFO -  Captura: C:\xampp\htdocs\versiones\automatizaciones\AutoPWST\Ventas_alpura\report\img  screen：20230412_14_09_34.png
2023-04-12 14:09:53,423 - root - INFO - Se inicio la aplicacion.
2023-04-12 14:09:53,424 - root - INFO -  Captura: C:\xampp\htdocs\versiones\automatizaciones\AutoPWST\Ventas_alpura\report\img  screen：20230412_14_09_53.png
2023-04-12 14:09:54,139 - root - ERROR - No se pudo cerrar el sell out, revise si el xpath sigue siendo el mismo, para mas detalles del error consulte el reporte
2023-04-12 14:09:54,139 - root - INFO -  Captura: C:\xampp\htdocs\versiones\automatizaciones\AutoPWST\Ventas_alpura\report\img  screen：20230412_14_09_54.png
2023-04-12 14:11:02,460 - root - INFO - Se carga el driver
2023-04-12 14:11:08,802 - root - INFO - Se instalo la aplicacion.
2023-04-12 14:11:08,804 - root - INFO -  Captura: C:\xampp\htdocs\versiones\automatizaciones\AutoPWST\Ventas_alpura\report\img  screen：20230412_14_11_08.png
2023-04-12 14:11:46,146 - root - INFO - Se cargo el dispositivo.
2023-04-12 14:11:46,148 - root - INFO -  Captura: C:\xampp\htdocs\versiones\automatizaciones\AutoPWST\Ventas_alpura\report\img  screen：20230412_14_11_46.png
2023-04-12 14:12:03,427 - root - INFO - Se inicio la aplicacion.
2023-04-12 14:12:03,427 - root - INFO -  Captura: C:\xampp\htdocs\versiones\automatizaciones\AutoPWST\Ventas_alpura\report\img  screen：20230412_14_12_03.png
2023-04-12 14:12:05,293 - root - ERROR - No se pudo cerrar el sell out, revise si el xpath sigue siendo el mismo, para mas detalles del error consulte el reporte
2023-04-12 14:12:05,294 - root - INFO -  Captura: C:\xampp\htdocs\versiones\automatizaciones\AutoPWST\Ventas_alpura\report\img  screen：20230412_14_12_05.png
2023-04-12 14:19:03,093 - root - INFO - Se carga el driver
2023-04-12 14:19:09,892 - root - INFO - Se instalo la aplicacion.
2023-04-12 14:19:09,892 - root - INFO -  Captura: C:\xampp\htdocs\versiones\automatizaciones\AutoPWST\Ventas_alpura\report\img  screen：20230412_14_19_09.png
2023-04-12 14:19:46,529 - root - INFO - Se cargo el dispositivo.
2023-04-12 14:19:46,530 - root - INFO -  Captura: C:\xampp\htdocs\versiones\automatizaciones\AutoPWST\Ventas_alpura\report\img  screen：20230412_14_19_46.png
2023-04-12 14:20:03,924 - root - INFO - Se inicio la aplicacion.
2023-04-12 14:20:03,925 - root - INFO -  Captura: C:\xampp\htdocs\versiones\automatizaciones\AutoPWST\Ventas_alpura\report\img  screen：20230412_14_20_03.png
2023-04-12 14:20:04,695 - root - ERROR - No se pudo cerrar el sell out, revise si el xpath sigue siendo el mismo, para mas detalles del error consulte el reporte
2023-04-12 14:20:04,696 - root - INFO -  Captura: C:\xampp\htdocs\versiones\automatizaciones\AutoPWST\Ventas_alpura\report\img  screen：20230412_14_20_04.png
2023-04-12 14:37:01,476 - root - INFO - Se carga el driver
2023-04-12 14:37:08,819 - root - INFO - Se instalo la aplicacion.
2023-04-12 14:37:08,819 - root - INFO -  Captura: C:\xampp\htdocs\versiones\automatizaciones\AutoPWST\Ventas_alpura\report\img  screen：20230412_14_37_08.png
2023-04-12 14:37:43,402 - root - INFO - Se cargo el dispositivo.
2023-04-12 14:37:43,403 - root - INFO -  Captura: C:\xampp\htdocs\versiones\automatizaciones\AutoPWST\Ventas_alpura\report\img  screen：20230412_14_37_43.png
2023-04-12 14:38:00,775 - root - INFO - Se inicio la aplicacion.
2023-04-12 14:38:00,776 - root - INFO -  Captura: C:\xampp\htdocs\versiones\automatizaciones\AutoPWST\Ventas_alpura\report\img  screen：20230412_14_38_00.png
2023-04-12 14:38:01,523 - root - ERROR - No se pudo cerrar el sell out, revise si el xpath sigue siendo el mismo, para mas detalles del error consulte el reporte
2023-04-12 14:38:01,524 - root - INFO -  Captura: C:\xampp\htdocs\versiones\automatizaciones\AutoPWST\Ventas_alpura\report\img  screen：20230412_14_38_01.png
2023-04-12 14:39:05,446 - root - INFO - Se carga el driver
2023-04-12 14:39:13,194 - root - INFO - Se instalo la aplicacion.
2023-04-12 14:39:13,195 - root - INFO -  Captura: C:\xampp\htdocs\versiones\automatizaciones\AutoPWST\Ventas_alpura\report\img  screen：20230412_14_39_13.png
2023-04-12 14:39:47,742 - root - INFO - Se cargo el dispositivo.
2023-04-12 14:39:47,744 - root - INFO -  Captura: C:\xampp\htdocs\versiones\automatizaciones\AutoPWST\Ventas_alpura\report\img  screen：20230412_14_39_47.png
2023-04-12 14:40:05,842 - root - INFO - Se inicio la aplicacion.
2023-04-12 14:40:05,844 - root - INFO -  Captura: C:\xampp\htdocs\versiones\automatizaciones\AutoPWST\Ventas_alpura\report\img  screen：20230412_14_40_05.png
2023-04-12 14:40:08,456 - root - INFO - Se cerro el sell out
2023-04-12 14:40:11,923 - root - INFO - Se dio click en el boton de la casita
2023-04-12 14:40:20,638 - root - ERROR - No se dió click en rubro visita, revise si el xpath sigue siendo el mismo, para mas detalles del error consulte el reporte
2023-04-12 14:40:20,639 - root - INFO -  Captura: C:\xampp\htdocs\versiones\automatizaciones\AutoPWST\Ventas_alpura\report\img  screen：20230412_14_40_20.png
2023-04-12 14:42:23,608 - root - INFO - Se carga el driver
2023-04-12 14:42:31,333 - root - INFO - Se instalo la aplicacion.
2023-04-12 14:42:31,334 - root - INFO -  Captura: C:\xampp\htdocs\versiones\automatizaciones\AutoPWST\Ventas_alpura\report\img  screen：20230412_14_42_31.png
2023-04-12 14:43:05,784 - root - INFO - Se cargo el dispositivo.
2023-04-12 14:43:05,785 - root - INFO -  Captura: C:\xampp\htdocs\versiones\automatizaciones\AutoPWST\Ventas_alpura\report\img  screen：20230412_14_43_05.png
2023-04-12 14:43:23,237 - root - INFO - Se inicio la aplicacion.
2023-04-12 14:43:23,239 - root - INFO -  Captura: C:\xampp\htdocs\versiones\automatizaciones\AutoPWST\Ventas_alpura\report\img  screen：20230412_14_43_23.png
2023-04-12 14:43:25,818 - root - INFO - Se cerro el sell out
2023-04-12 14:43:29,355 - root - INFO - Se dio click en el boton de la casita
2023-04-12 14:43:37,831 - root - ERROR - No se dió click en rubro visita, revise si el xpath sigue siendo el mismo, para mas detalles del error consulte el reporte
2023-04-12 14:43:37,833 - root - INFO -  Captura: C:\xampp\htdocs\versiones\automatizaciones\AutoPWST\Ventas_alpura\report\img  screen：20230412_14_43_37.png
2023-04-12 14:46:54,810 - root - INFO - Se carga el driver
2023-04-12 14:47:02,817 - root - INFO - Se instalo la aplicacion.
2023-04-12 14:47:02,818 - root - INFO -  Captura: C:\xampp\htdocs\versiones\automatizaciones\AutoPWST\Ventas_alpura\report\img  screen：20230412_14_47_02.png
2023-04-12 14:47:37,493 - root - INFO - Se cargo el dispositivo.
2023-04-12 14:47:37,494 - root - INFO -  Captura: C:\xampp\htdocs\versiones\automatizaciones\AutoPWST\Ventas_alpura\report\img  screen：20230412_14_47_37.png
2023-04-12 14:47:46,166 - root - INFO - Se inicio la aplicacion.
2023-04-12 14:47:46,167 - root - INFO -  Captura: C:\xampp\htdocs\versiones\automatizaciones\AutoPWST\Ventas_alpura\report\img  screen：20230412_14_47_46.png
2023-04-12 14:47:57,528 - root - INFO - Se cerro el sell out
2023-04-12 14:48:01,073 - root - INFO - Se dio click en el boton de la casita
2023-04-12 14:48:11,510 - root - ERROR - No se dió click en rubro visita, revise si el xpath sigue siendo el mismo, para mas detalles del error consulte el reporte
2023-04-12 14:48:11,513 - root - INFO -  Captura: C:\xampp\htdocs\versiones\automatizaciones\AutoPWST\Ventas_alpura\report\img  screen：20230412_14_48_11.png
2023-04-12 14:57:48,597 - root - INFO - Se carga el driver
2023-04-12 14:57:55,430 - root - INFO - Se instalo la aplicacion.
2023-04-12 14:57:55,431 - root - INFO -  Captura: C:\xampp\htdocs\versiones\automatizaciones\AutoPWST\Ventas_alpura\report\img  screen：20230412_14_57_55.png
2023-04-12 14:58:33,597 - root - INFO - Se cargo el dispositivo.
2023-04-12 14:58:33,599 - root - INFO -  Captura: C:\xampp\htdocs\versiones\automatizaciones\AutoPWST\Ventas_alpura\report\img  screen：20230412_14_58_33.png
2023-04-12 14:58:41,779 - root - INFO - Se inicio la aplicacion.
2023-04-12 14:58:41,780 - root - INFO -  Captura: C:\xampp\htdocs\versiones\automatizaciones\AutoPWST\Ventas_alpura\report\img  screen：20230412_14_58_41.png
2023-04-12 14:58:49,403 - root - INFO - Se cerro el sell out
2023-04-12 14:58:52,985 - root - INFO - Se dio click en el boton de la casita
