2023-04-12 17:08:06,271 - root - INFO - Se carga el driver
2023-04-12 17:08:14,232 - root - INFO - Se instalo la aplicacion.
2023-04-12 17:08:14,232 - root - INFO -  Captura: C:\xampp\htdocs\versiones\automatizaciones\AutoPWST\Ventas_alpura\report\img  screen：20230412_17_08_14.png
2023-04-12 17:08:55,167 - root - INFO - Se cargo el dispositivo.
2023-04-12 17:08:55,167 - root - INFO -  Captura: C:\xampp\htdocs\versiones\automatizaciones\AutoPWST\Ventas_alpura\report\img  screen：20230412_17_08_55.png
2023-04-12 17:09:02,720 - root - INFO - Se inicio la aplicacion.
2023-04-12 17:09:02,720 - root - INFO -  Captura: C:\xampp\htdocs\versiones\automatizaciones\AutoPWST\Ventas_alpura\report\img  screen：20230412_17_09_02.png
2023-04-12 17:09:11,765 - root - INFO - Se cerro el sell out
2023-04-12 17:09:17,659 - root - INFO - Se dio click en el boton de la casita
2023-04-12 17:17:09,254 - root - INFO - Se carga el driver
2023-04-12 17:17:16,591 - root - INFO - Se instalo la aplicacion.
2023-04-12 17:17:16,591 - root - INFO -  Captura: C:\xampp\htdocs\versiones\automatizaciones\AutoPWST\Ventas_alpura\report\img  screen：20230412_17_17_16.png
2023-04-12 17:17:54,579 - root - INFO - Se cargo el dispositivo.
2023-04-12 17:17:54,580 - root - INFO -  Captura: C:\xampp\htdocs\versiones\automatizaciones\AutoPWST\Ventas_alpura\report\img  screen：20230412_17_17_54.png
2023-04-12 17:18:02,221 - root - INFO - Se inicio la aplicacion.
2023-04-12 17:18:02,222 - root - INFO -  Captura: C:\xampp\htdocs\versiones\automatizaciones\AutoPWST\Ventas_alpura\report\img  screen：20230412_17_18_02.png
2023-04-12 17:18:19,224 - root - INFO - Se cerro el sell out
2023-04-12 17:18:23,762 - root - INFO - Se dio click en el boton de la casita
2023-04-12 17:21:01,134 - root - INFO - Se realizo la venta
2023-04-12 17:21:01,135 - root - INFO -  Captura: C:\xampp\htdocs\versiones\automatizaciones\AutoPWST\Ventas_alpura\report\img  screen：20230412_17_21_01.png
2023-04-12 17:57:22,793 - root - INFO - Se carga el driver
2023-04-12 17:57:29,786 - root - INFO - Se instalo la aplicacion.
2023-04-12 17:57:29,787 - root - INFO -  Captura: C:\xampp\htdocs\versiones\automatizaciones\AutoPWST\Ventas_alpura\report\img  screen：20230412_17_57_29.png
2023-04-12 17:58:06,438 - root - INFO - Se cargo el dispositivo.
2023-04-12 17:58:06,439 - root - INFO -  Captura: C:\xampp\htdocs\versiones\automatizaciones\AutoPWST\Ventas_alpura\report\img  screen：20230412_17_58_06.png
2023-04-12 17:58:14,027 - root - INFO - Se inicio la aplicacion.
2023-04-12 17:58:14,029 - root - INFO -  Captura: C:\xampp\htdocs\versiones\automatizaciones\AutoPWST\Ventas_alpura\report\img  screen：20230412_17_58_14.png
2023-04-12 17:58:21,403 - root - INFO - Se cerro el sell out
2023-04-12 17:58:25,950 - root - INFO - Se dio click en el boton de la casita
