2023-05-19 13:32:08,694 - root - INFO - Se carga el driver
2023-05-19 13:32:17,535 - root - INFO - Se instalo la aplicacion.
2023-05-19 13:32:17,535 - root - INFO -  Captura: C:\xampp\htdocs\versiones\automatizaciones\AutoPWST\Ventas_alpura\report\img  screen：20230519_13_32_17.png
2023-05-19 13:33:05,629 - root - INFO - Se cargo el dispositivo.
2023-05-19 13:33:05,630 - root - INFO -  Captura: C:\xampp\htdocs\versiones\automatizaciones\AutoPWST\Ventas_alpura\report\img  screen：20230519_13_33_05.png
2023-05-19 13:33:12,776 - root - INFO - Se inicio la aplicacion.
2023-05-19 13:33:12,777 - root - INFO -  Captura: C:\xampp\htdocs\versiones\automatizaciones\AutoPWST\Ventas_alpura\report\img  screen：20230519_13_33_12.png
2023-05-19 13:33:18,541 - root - INFO - Se cerro el sell out
2023-05-19 13:33:22,233 - root - INFO - Se dio click en el boton de la casita
2023-05-19 13:37:15,642 - root - INFO - Se dio click en el boton de la casita
2023-05-19 13:37:15,643 - root - INFO - Se realizo la venta
2023-05-19 13:37:15,643 - root - INFO -  Captura: C:\xampp\htdocs\versiones\automatizaciones\AutoPWST\Ventas_alpura\report\img  screen：20230519_13_37_15.png
2023-05-19 13:38:21,004 - root - ERROR - No se pudo seleccionar el cliente, revise si el xpath sigue siendo el mismo, para mas detalles del error consulte el reporte
2023-05-19 13:38:21,004 - root - INFO -  Captura: C:\xampp\htdocs\versiones\automatizaciones\AutoPWST\Ventas_alpura\report\img  screen：20230519_13_38_21.png
2023-05-19 13:39:17,055 - root - INFO - Se carga el driver
2023-05-19 13:41:07,616 - root - INFO - Se carga el driver
2023-05-19 13:41:13,988 - root - INFO - Se instalo la aplicacion.
2023-05-19 13:41:13,989 - root - INFO -  Captura: C:\xampp\htdocs\versiones\automatizaciones\AutoPWST\Ventas_alpura\report\img  screen：20230519_13_41_13.png
2023-05-19 13:42:01,715 - root - INFO - Se cargo el dispositivo.
2023-05-19 13:42:01,716 - root - INFO -  Captura: C:\xampp\htdocs\versiones\automatizaciones\AutoPWST\Ventas_alpura\report\img  screen：20230519_13_42_01.png
2023-05-19 13:42:10,483 - root - INFO - Se inicio la aplicacion.
2023-05-19 13:42:10,485 - root - INFO -  Captura: C:\xampp\htdocs\versiones\automatizaciones\AutoPWST\Ventas_alpura\report\img  screen：20230519_13_42_10.png
2023-05-19 13:42:14,775 - root - INFO - Se cerro el sell out
2023-05-19 13:42:17,921 - root - INFO - Se dio click en el boton de la casita
2023-05-19 13:46:16,355 - root - INFO - Se dio click en el boton de la casita
2023-05-19 13:46:16,366 - root - INFO - Se realizo la venta
2023-05-19 13:46:16,366 - root - INFO -  Captura: C:\xampp\htdocs\versiones\automatizaciones\AutoPWST\Ventas_alpura\report\img  screen：20230519_13_46_16.png
