2023-04-12 11:05:31,534 - root - INFO - Se carga el driver
2023-04-12 11:05:39,249 - root - INFO - Se instalo la aplicacion.
2023-04-12 11:05:39,250 - root - INFO -  Captura: C:\xampp\htdocs\versiones\automatizaciones\AutoPWST\Ventas_alpura\report\img  screen：20230412_11_05_39.png
2023-04-12 11:06:46,264 - root - INFO - Se cargo el dispositivo.
2023-04-12 11:06:46,265 - root - INFO -  Captura: C:\xampp\htdocs\versiones\automatizaciones\AutoPWST\Ventas_alpura\report\img  screen：20230412_11_06_46.png
2023-04-12 11:06:54,143 - root - INFO - Se inicio la aplicacion.
2023-04-12 11:06:54,144 - root - INFO -  Captura: C:\xampp\htdocs\versiones\automatizaciones\AutoPWST\Ventas_alpura\report\img  screen：20230412_11_06_54.png
2023-04-12 11:07:02,172 - root - INFO - Se cerro el sell out
2023-04-12 11:07:06,904 - root - INFO - Se dio click en el boton de la casita
2023-04-12 11:17:20,708 - root - INFO - Se carga el driver
2023-04-12 11:17:28,242 - root - INFO - Se instalo la aplicacion.
2023-04-12 11:17:28,243 - root - INFO -  Captura: C:\xampp\htdocs\versiones\automatizaciones\AutoPWST\Ventas_alpura\report\img  screen：20230412_11_17_28.png
2023-04-12 11:18:20,515 - root - INFO - Se cargo el dispositivo.
2023-04-12 11:18:20,516 - root - INFO -  Captura: C:\xampp\htdocs\versiones\automatizaciones\AutoPWST\Ventas_alpura\report\img  screen：20230412_11_18_20.png
2023-04-12 11:18:28,374 - root - INFO - Se inicio la aplicacion.
2023-04-12 11:18:28,374 - root - INFO -  Captura: C:\xampp\htdocs\versiones\automatizaciones\AutoPWST\Ventas_alpura\report\img  screen：20230412_11_18_28.png
2023-04-12 11:18:35,881 - root - INFO - Se cerro el sell out
2023-04-12 11:18:39,351 - root - INFO - Se dio click en el boton de la casita
2023-04-12 11:21:54,857 - root - ERROR - No se pudo seleccionar el articulo, revise si el xpath sigue siendo el mismo, para mas detalles del error consulte el reporte
2023-04-12 11:21:54,858 - root - INFO -  Captura: C:\xampp\htdocs\versiones\automatizaciones\AutoPWST\Ventas_alpura\report\img  screen：20230412_11_21_54.png
