2023-02-22 13:13:43,274 - root - INFO - Se carga el driver
2023-02-22 13:13:50,543 - root - INFO - Se instalo la aplicacion.
2023-02-22 13:13:50,543 - root - INFO -  Captura: C:\xampp\htdocs\versiones\automatizaciones\AutoPWST\Ventas_alpura\report\img  screen：20230222_13_13_50.png
2023-02-22 13:15:28,305 - root - INFO - Se cargo el dispositivo.
2023-02-22 13:15:28,305 - root - INFO -  Captura: C:\xampp\htdocs\versiones\automatizaciones\AutoPWST\Ventas_alpura\report\img  screen：20230222_13_15_28.png
2023-02-22 13:15:36,015 - root - INFO - Se inicio la aplicacion.
2023-02-22 13:15:36,016 - root - INFO -  Captura: C:\xampp\htdocs\versiones\automatizaciones\AutoPWST\Ventas_alpura\report\img  screen：20230222_13_15_36.png
2023-02-22 13:16:21,714 - root - INFO - Se realizo la venta
2023-02-22 13:16:21,714 - root - INFO -  Captura: C:\xampp\htdocs\versiones\automatizaciones\AutoPWST\Ventas_alpura\report\img  screen：20230222_13_16_21.png
2023-02-22 13:17:22,838 - root - INFO - Se realizo la venta
2023-02-22 13:17:22,838 - root - INFO -  Captura: C:\xampp\htdocs\versiones\automatizaciones\AutoPWST\Ventas_alpura\report\img  screen：20230222_13_17_22.png
2023-02-22 13:30:18,925 - root - INFO - Se carga el driver
2023-02-22 13:30:18,926 - root - ERROR - No se pudo instalar la aplicacion, revise si el xpath sigue siendo el mismo, para mas detalles del error consulte el reporte
2023-02-22 13:30:18,926 - root - INFO -  Captura: C:\xampp\htdocs\versiones\automatizaciones\AutoPWST\Ventas_alpura\report\img  screen：20230222_13_30_18.png
2023-02-22 13:32:00,968 - root - ERROR - No se pudo seleccionar el cliente, revise si el xpath sigue siendo el mismo, para mas detalles del error consulte el reporte
2023-02-22 13:32:00,969 - root - INFO -  Captura: C:\xampp\htdocs\versiones\automatizaciones\AutoPWST\Ventas_alpura\report\img  screen：20230222_13_32_00.png
2023-02-22 13:36:01,572 - root - INFO - Se carga el driver
2023-02-22 13:36:01,573 - root - ERROR - No se pudo instalar la aplicacion, revise si el xpath sigue siendo el mismo, para mas detalles del error consulte el reporte
2023-02-22 13:36:01,573 - root - INFO -  Captura: C:\xampp\htdocs\versiones\automatizaciones\AutoPWST\Ventas_alpura\report\img  screen：20230222_13_36_01.png
2023-02-22 13:37:43,538 - root - ERROR - No se pudo seleccionar el cliente, revise si el xpath sigue siendo el mismo, para mas detalles del error consulte el reporte
2023-02-22 13:37:43,538 - root - INFO -  Captura: C:\xampp\htdocs\versiones\automatizaciones\AutoPWST\Ventas_alpura\report\img  screen：20230222_13_37_43.png
2023-02-22 13:43:08,062 - root - INFO - Se carga el driver
2023-02-22 13:43:15,301 - root - INFO - Se instalo la aplicacion.
2023-02-22 13:43:15,301 - root - INFO -  Captura: C:\xampp\htdocs\versiones\automatizaciones\AutoPWST\Ventas_alpura\report\img  screen：20230222_13_43_15.png
2023-02-22 13:45:26,186 - root - INFO - Se cargo el dispositivo.
2023-02-22 13:45:26,187 - root - INFO -  Captura: C:\xampp\htdocs\versiones\automatizaciones\AutoPWST\Ventas_alpura\report\img  screen：20230222_13_45_26.png
2023-02-22 13:45:33,881 - root - INFO - Se inicio la aplicacion.
2023-02-22 13:45:33,881 - root - INFO -  Captura: C:\xampp\htdocs\versiones\automatizaciones\AutoPWST\Ventas_alpura\report\img  screen：20230222_13_45_33.png
2023-02-22 13:46:19,024 - root - INFO - Se realizo la venta
2023-02-22 13:46:19,025 - root - INFO -  Captura: C:\xampp\htdocs\versiones\automatizaciones\AutoPWST\Ventas_alpura\report\img  screen：20230222_13_46_19.png
2023-02-22 13:47:45,657 - root - INFO - Se carga el driver
2023-02-22 13:47:52,867 - root - INFO - Se instalo la aplicacion.
2023-02-22 13:47:52,867 - root - INFO -  Captura: C:\xampp\htdocs\versiones\automatizaciones\AutoPWST\Ventas_alpura\report\img  screen：20230222_13_47_52.png
2023-02-22 13:51:10,617 - root - INFO - Se carga el driver
2023-02-22 13:51:17,816 - root - INFO - Se instalo la aplicacion.
2023-02-22 13:51:17,816 - root - INFO -  Captura: C:\xampp\htdocs\versiones\automatizaciones\AutoPWST\Ventas_alpura\report\img  screen：20230222_13_51_17.png
2023-02-22 13:54:37,333 - root - INFO - Se cargo el dispositivo.
2023-02-22 13:54:37,335 - root - INFO -  Captura: C:\xampp\htdocs\versiones\automatizaciones\AutoPWST\Ventas_alpura\report\img  screen：20230222_13_54_37.png
2023-02-22 13:54:45,093 - root - INFO - Se inicio la aplicacion.
2023-02-22 13:54:45,094 - root - INFO -  Captura: C:\xampp\htdocs\versiones\automatizaciones\AutoPWST\Ventas_alpura\report\img  screen：20230222_13_54_45.png
2023-02-22 13:55:30,433 - root - INFO - Se realizo la venta
2023-02-22 13:55:30,434 - root - INFO -  Captura: C:\xampp\htdocs\versiones\automatizaciones\AutoPWST\Ventas_alpura\report\img  screen：20230222_13_55_30.png
2023-02-22 13:56:31,658 - root - INFO - Se realizo la venta
2023-02-22 13:56:31,658 - root - INFO -  Captura: C:\xampp\htdocs\versiones\automatizaciones\AutoPWST\Ventas_alpura\report\img  screen：20230222_13_56_31.png
