2023-04-13 09:36:47,738 - root - INFO - Se carga el driver
2023-04-13 09:36:55,358 - root - INFO - Se instalo la aplicacion.
2023-04-13 09:36:55,358 - root - INFO -  Captura: C:\xampp\htdocs\versiones\automatizaciones\AutoPWST\Ventas_alpura\report\img  screen：20230413_09_36_55.png
2023-04-13 09:37:33,569 - root - INFO - Se cargo el dispositivo.
2023-04-13 09:37:33,570 - root - INFO -  Captura: C:\xampp\htdocs\versiones\automatizaciones\AutoPWST\Ventas_alpura\report\img  screen：20230413_09_37_33.png
2023-04-13 09:37:41,232 - root - INFO - Se inicio la aplicacion.
2023-04-13 09:37:41,233 - root - INFO -  Captura: C:\xampp\htdocs\versiones\automatizaciones\AutoPWST\Ventas_alpura\report\img  screen：20230413_09_37_41.png
2023-04-13 09:37:47,724 - root - INFO - Se cerro el sell out
2023-04-13 09:37:52,144 - root - INFO - Se dio click en el boton de la casita
2023-04-13 09:41:18,726 - root - ERROR - No se pudo seleccionar el cliente, revise si el xpath sigue siendo el mismo, para mas detalles del error consulte el reporte
2023-04-13 09:41:18,727 - root - INFO -  Captura: C:\xampp\htdocs\versiones\automatizaciones\AutoPWST\Ventas_alpura\report\img  screen：20230413_09_41_18.png
2023-04-13 09:42:40,701 - root - INFO - Se carga el driver
2023-04-13 09:42:48,048 - root - INFO - Se instalo la aplicacion.
2023-04-13 09:42:48,050 - root - INFO -  Captura: C:\xampp\htdocs\versiones\automatizaciones\AutoPWST\Ventas_alpura\report\img  screen：20230413_09_42_48.png
2023-04-13 09:43:29,221 - root - INFO - Se cargo el dispositivo.
2023-04-13 09:43:29,222 - root - INFO -  Captura: C:\xampp\htdocs\versiones\automatizaciones\AutoPWST\Ventas_alpura\report\img  screen：20230413_09_43_29.png
2023-04-13 09:43:37,904 - root - INFO - Se inicio la aplicacion.
2023-04-13 09:43:37,905 - root - INFO -  Captura: C:\xampp\htdocs\versiones\automatizaciones\AutoPWST\Ventas_alpura\report\img  screen：20230413_09_43_37.png
2023-04-13 09:43:43,813 - root - INFO - Se cerro el sell out
2023-04-13 09:43:48,291 - root - INFO - Se dio click en el boton de la casita
2023-04-13 09:47:17,459 - root - ERROR - No se pudo seleccionar el cliente, revise si el xpath sigue siendo el mismo, para mas detalles del error consulte el reporte
2023-04-13 09:47:17,460 - root - INFO -  Captura: C:\xampp\htdocs\versiones\automatizaciones\AutoPWST\Ventas_alpura\report\img  screen：20230413_09_47_17.png
