2022-07-04 13:03:01,525 - root - INFO -  Se abre el chrome
2022-07-04 13:03:07,549 - root - INFO -  Entra a la URL
2022-07-04 13:03:07,681 - root - INFO -  Maximiza la pantalla
2022-07-04 13:03:10,724 - root - INFO -  Cambia al frame
2022-07-04 13:03:13,804 - root - INFO -  Escribe el usuario
2022-07-04 13:03:13,885 - root - INFO -  Escribe la contraseña
2022-07-04 13:03:14,028 - root - INFO -  Se dio clic en el boton ingresar
2022-07-04 13:03:16,502 - root - INFO -  Ejecutar Enterprise
2022-07-04 13:03:20,559 - root - INFO -  Cambia entre pestañas
2022-07-04 13:03:40,108 - root - INFO -  Se presiona el boton 'Cerrar Error', para crear un nuevo registro igual al anterior.
2022-07-04 13:03:43,215 - root - INFO -  Abre el menu completo
2022-07-04 13:03:56,139 - root - INFO - Tipos Vendedor
2022-07-04 13:03:56,177 - root - INFO -  La pantalla ejecutada es Tipos de Vendedor
2022-07-04 13:03:56,241 - root - INFO -  Se presiona el boton 'Nuevo', para crear un nuevo registro.
2022-07-04 13:03:57,320 - root - INFO -  Se abrio la pantalla para el ingreso de un registro nuevo.
2022-07-04 13:03:57,363 - root - INFO -  El campo 'Codigo' si se encuentra visible.
2022-07-04 13:03:57,396 - root - INFO -  El campo 'Codigo Usuario' si se encuentra visible.
2022-07-04 13:03:57,428 - root - INFO -  El campo 'Codigo Alternativo' si se encuentra visible.
2022-07-04 13:03:57,461 - root - INFO -  El campo 'Descrición' si se encuentra visible.
2022-07-04 13:03:59,573 - root - INFO -  Ingresa el codigo del nuevo registro 
2022-07-04 13:04:02,687 - root - INFO -  Ingresa el codigo usuario del nuevo registro 
2022-07-04 13:04:05,783 - root - INFO -  Ingresa el codigo alternativo del nuevo registro 
2022-07-04 13:04:08,996 - root - INFO -  Ingresa la descripción del nuevo registro 
2022-07-04 13:04:12,075 - root - INFO -  Se da clic en el boton Guardar; se debe crear un nuevo registro.
2022-07-04 13:04:15,142 - root - INFO -  Se presiona el boton 'Refrescar', para crear un nuevo registro igual al anterior.
2022-07-04 13:04:18,207 - root - INFO -  Se presiona el boton 'Nuevo', para crear un nuevo registro igual al anterior.
2022-07-04 13:04:19,307 - root - INFO -  Se abrio la pantalla para el ingreso de un registro nuevo.
2022-07-04 13:04:19,337 - root - INFO -  El campo 'Codigo' si se encuentra visible.
2022-07-04 13:04:19,366 - root - INFO -  El campo 'Codigo Usuario' si se encuentra visible.
2022-07-04 13:04:19,396 - root - INFO -  El campo 'Codigo Alternativo' si se encuentra visible.
2022-07-04 13:04:19,426 - root - INFO -  El campo 'Descrición' si se encuentra visible.
2022-07-04 13:04:21,518 - root - INFO -  Ingresa el codigo del nuevo registro 
2022-07-04 13:04:24,623 - root - INFO -  Ingresa el codigo usuario del nuevo registro 
2022-07-04 13:04:27,763 - root - INFO -  Ingresa el codigo alternativo del nuevo registro 
2022-07-04 13:04:30,939 - root - INFO -  Ingresa la descripción del nuevo registro 
2022-07-04 13:04:34,024 - root - INFO -  Se da clic en el boton Guardar; se debe crear un nuevo registro.
2022-07-04 13:04:37,086 - root - INFO -  Se presiona el boton 'Cerrar', para cerrar el mensaje de duplicidad de llave primaria
2022-07-04 13:04:39,184 - root - INFO -  Se presiona el boton 'Cerrar', para cerrar la ventana
2022-07-04 13:04:43,239 - root - INFO -  Se presiona el boton 'Refrescar', para crear un nuevo registro igual al anterior.
2022-07-04 13:04:50,878 - root - INFO -  Se da clic en el registro creado, para proceder a modificarlo.
2022-07-04 13:04:51,014 - root - INFO -  Se modifica el contenido del campo Codigo Alternativo
2022-07-04 13:04:54,129 - root - INFO -  Ingresa el codigo usuario del nuevo registro 
2022-07-04 13:04:57,333 - root - INFO -  Se modifica el contenido del campo Descripcion
2022-07-04 13:05:00,411 - root - INFO -  Se da clic en el boton Guardar; se debe modificar la informacion del registro.
2022-07-04 13:05:03,475 - root - INFO -  Se presiona el boton 'Refrescar', para proceder a eliminar el registro.
2022-07-04 13:05:11,089 - root - INFO -  Se da clic en el registro creado, para proceder a eliminarlo.
2022-07-04 13:05:11,148 - root - INFO -  Se presiona el boton 'Eliminar', para eliminar el registro.
2022-07-04 13:05:11,729 - root - INFO -  Se confirma el eliminado del registro
2022-07-04 13:05:13,789 - root - INFO -  Se presiona el boton 'Refrescar', para crear un nuevo registro igual al anterior.
2022-07-04 13:05:15,856 - root - INFO -  Se presiona el boton 'Cerrar', para cerrar la pantalla de Categorias Fiscales.
2022-07-04 13:05:19,946 - root - INFO -  Se cierra chrome
2022-07-04 13:21:10,554 - root - INFO -  Se abre el chrome
2022-07-04 13:21:15,435 - root - INFO -  Entra a la URL
2022-07-04 13:21:15,564 - root - INFO -  Maximiza la pantalla
2022-07-04 13:21:18,616 - root - INFO -  Cambia al frame
2022-07-04 13:21:21,710 - root - INFO -  Escribe el usuario
2022-07-04 13:21:21,789 - root - INFO -  Escribe la contraseña
2022-07-04 13:21:21,893 - root - INFO -  Se dio clic en el boton ingresar
2022-07-04 13:21:24,328 - root - INFO -  Ejecutar Enterprise
2022-07-04 13:21:28,390 - root - INFO -  Cambia entre pestañas
2022-07-04 13:21:43,613 - root - INFO -  Se presiona el boton 'Cerrar Error', para crear un nuevo registro igual al anterior.
2022-07-04 13:21:46,692 - root - INFO -  Abre el menu completo
2022-07-04 13:21:59,615 - root - INFO - Tipos Vendedor
2022-07-04 13:21:59,653 - root - INFO -  La pantalla ejecutada es Tipos de Vendedor
2022-07-04 13:21:59,710 - root - INFO -  Se presiona el boton 'Nuevo', para crear un nuevo registro.
2022-07-04 13:22:00,799 - root - INFO -  Se abrio la pantalla para el ingreso de un registro nuevo.
2022-07-04 13:22:00,833 - root - INFO -  El campo 'Codigo' si se encuentra visible.
2022-07-04 13:22:00,866 - root - INFO -  El campo 'Codigo Usuario' si se encuentra visible.
2022-07-04 13:22:00,898 - root - INFO -  El campo 'Codigo Alternativo' si se encuentra visible.
2022-07-04 13:22:00,932 - root - INFO -  El campo 'Descrición' si se encuentra visible.
2022-07-04 13:22:03,029 - root - INFO -  Ingresa el codigo del nuevo registro 
2022-07-04 13:22:06,140 - root - INFO -  Ingresa el codigo usuario del nuevo registro 
2022-07-04 13:22:09,255 - root - INFO -  Ingresa el codigo alternativo del nuevo registro 
2022-07-04 13:22:12,457 - root - INFO -  Ingresa la descripción del nuevo registro 
2022-07-04 13:22:15,555 - root - INFO -  Se da clic en el boton Guardar; se debe crear un nuevo registro.
2022-07-04 13:22:18,633 - root - INFO -  Se presiona el boton 'Refrescar', para crear un nuevo registro igual al anterior.
2022-07-04 13:22:21,714 - root - INFO -  Se presiona el boton 'Nuevo', para crear un nuevo registro igual al anterior.
2022-07-04 13:22:22,797 - root - INFO -  Se abrio la pantalla para el ingreso de un registro nuevo.
2022-07-04 13:22:22,828 - root - INFO -  El campo 'Codigo' si se encuentra visible.
2022-07-04 13:22:22,858 - root - INFO -  El campo 'Codigo Usuario' si se encuentra visible.
2022-07-04 13:22:22,888 - root - INFO -  El campo 'Codigo Alternativo' si se encuentra visible.
2022-07-04 13:22:22,917 - root - INFO -  El campo 'Descrición' si se encuentra visible.
2022-07-04 13:22:25,000 - root - INFO -  Ingresa el codigo del nuevo registro 
2022-07-04 13:22:28,115 - root - INFO -  Ingresa el codigo usuario del nuevo registro 
2022-07-04 13:22:31,242 - root - INFO -  Ingresa el codigo alternativo del nuevo registro 
2022-07-04 13:22:34,429 - root - INFO -  Ingresa la descripción del nuevo registro 
2022-07-04 13:22:37,508 - root - INFO -  Se da clic en el boton Guardar; se debe crear un nuevo registro.
2022-07-04 13:22:40,612 - root - INFO -  Se presiona el boton 'Cerrar', para cerrar el mensaje de duplicidad de llave primaria
2022-07-04 13:22:42,677 - root - INFO -  Se presiona el boton 'Cerrar', para cerrar la ventana
2022-07-04 13:22:46,734 - root - INFO -  Se presiona el boton 'Refrescar', para crear un nuevo registro igual al anterior.
2022-07-04 13:22:54,366 - root - INFO -  Se da clic en el registro creado, para proceder a modificarlo.
2022-07-04 13:22:54,501 - root - INFO -  Se modifica el contenido del campo Codigo Alternativo
2022-07-04 13:22:57,646 - root - INFO -  Ingresa el codigo usuario del nuevo registro 
2022-07-04 13:23:00,887 - root - INFO -  Se modifica el contenido del campo Descripcion
2022-07-04 13:23:03,982 - root - INFO -  Se da clic en el boton Guardar; se debe modificar la informacion del registro.
2022-07-04 13:23:07,046 - root - INFO -  Se presiona el boton 'Refrescar', para proceder a eliminar el registro.
2022-07-04 13:23:14,630 - root - INFO -  Se da clic en el registro creado, para proceder a eliminarlo.
2022-07-04 13:23:14,692 - root - INFO -  Se presiona el boton 'Eliminar', para eliminar el registro.
2022-07-04 13:23:15,286 - root - INFO -  Se confirma el eliminado del registro
2022-07-04 13:23:17,339 - root - INFO -  Se presiona el boton 'Refrescar', para crear un nuevo registro igual al anterior.
2022-07-04 13:23:19,408 - root - INFO -  Se presiona el boton 'Cerrar', para cerrar la pantalla de Categorias Fiscales.
2022-07-04 13:23:23,601 - root - INFO -  Se cierra chrome
2022-07-04 13:30:01,167 - root - INFO -  Se abre el chrome
2022-07-04 13:30:04,884 - root - INFO -  Entra a la URL
2022-07-04 13:30:05,000 - root - INFO -  Maximiza la pantalla
2022-07-04 13:30:08,067 - root - INFO -  Cambia al frame
2022-07-04 13:30:11,154 - root - INFO -  Escribe el usuario
2022-07-04 13:30:11,232 - root - INFO -  Escribe la contraseña
2022-07-04 13:30:11,333 - root - INFO -  Se dio clic en el boton ingresar
2022-07-04 13:30:13,803 - root - INFO -  Ejecutar Enterprise
2022-07-04 13:30:17,903 - root - INFO -  Cambia entre pestañas
2022-07-04 13:30:29,812 - root - INFO -  Se presiona el boton 'Cerrar Error', para crear un nuevo registro igual al anterior.
2022-07-04 13:30:32,887 - root - INFO -  Abre el menu completo
2022-07-04 13:30:45,833 - root - INFO - Tipos Vendedor
2022-07-04 13:30:45,887 - root - INFO -  La pantalla ejecutada es Tipos de Vendedor
2022-07-04 13:30:45,949 - root - INFO -  Se presiona el boton 'Nuevo', para crear un nuevo registro.
2022-07-04 13:30:47,043 - root - INFO -  Se abrio la pantalla para el ingreso de un registro nuevo.
2022-07-04 13:30:47,077 - root - INFO -  El campo 'Codigo' si se encuentra visible.
2022-07-04 13:30:47,109 - root - INFO -  El campo 'Codigo Usuario' si se encuentra visible.
2022-07-04 13:30:47,143 - root - INFO -  El campo 'Codigo Alternativo' si se encuentra visible.
2022-07-04 13:30:47,184 - root - INFO -  El campo 'Descrición' si se encuentra visible.
2022-07-04 13:30:49,308 - root - INFO -  Ingresa el codigo del nuevo registro 
2022-07-04 13:30:52,409 - root - INFO -  Ingresa el codigo usuario del nuevo registro 
2022-07-04 13:30:55,516 - root - INFO -  Ingresa el codigo alternativo del nuevo registro 
2022-07-04 13:30:58,727 - root - INFO -  Ingresa la descripción del nuevo registro 
2022-07-04 13:31:01,797 - root - INFO -  Se da clic en el boton Guardar; se debe crear un nuevo registro.
2022-07-04 13:31:04,868 - root - INFO -  Se presiona el boton 'Refrescar', para crear un nuevo registro igual al anterior.
2022-07-04 13:31:07,925 - root - INFO -  Se presiona el boton 'Nuevo', para crear un nuevo registro igual al anterior.
2022-07-04 13:31:09,006 - root - INFO -  Se abrio la pantalla para el ingreso de un registro nuevo.
2022-07-04 13:31:09,036 - root - INFO -  El campo 'Codigo' si se encuentra visible.
2022-07-04 13:31:09,065 - root - INFO -  El campo 'Codigo Usuario' si se encuentra visible.
2022-07-04 13:31:09,096 - root - INFO -  El campo 'Codigo Alternativo' si se encuentra visible.
2022-07-04 13:31:09,127 - root - INFO -  El campo 'Descrición' si se encuentra visible.
2022-07-04 13:31:11,223 - root - INFO -  Ingresa el codigo del nuevo registro 
2022-07-04 13:31:14,343 - root - INFO -  Ingresa el codigo usuario del nuevo registro 
2022-07-04 13:31:17,466 - root - INFO -  Ingresa el codigo alternativo del nuevo registro 
2022-07-04 13:31:20,661 - root - INFO -  Ingresa la descripción del nuevo registro 
2022-07-04 13:31:23,736 - root - INFO -  Se da clic en el boton Guardar; se debe crear un nuevo registro.
2022-07-04 13:31:26,802 - root - INFO -  Se presiona el boton 'Cerrar', para cerrar el mensaje de duplicidad de llave primaria
2022-07-04 13:31:28,874 - root - INFO -  Se presiona el boton 'Cerrar', para cerrar la ventana
2022-07-04 13:31:32,944 - root - INFO -  Se presiona el boton 'Refrescar', para crear un nuevo registro igual al anterior.
2022-07-04 13:31:40,555 - root - INFO -  Se da clic en el registro creado, para proceder a modificarlo.
2022-07-04 13:31:40,693 - root - INFO -  Se modifica el contenido del campo Codigo Alternativo
2022-07-04 13:31:43,820 - root - INFO -  Ingresa el codigo usuario del nuevo registro 
2022-07-04 13:31:47,035 - root - INFO -  Se modifica el contenido del campo Descripcion
2022-07-04 13:31:50,123 - root - INFO -  Se da clic en el boton Guardar; se debe modificar la informacion del registro.
2022-07-04 13:31:53,190 - root - INFO -  Se presiona el boton 'Refrescar', para proceder a eliminar el registro.
2022-07-04 13:32:00,753 - root - INFO -  Se da clic en el registro creado, para proceder a eliminarlo.
2022-07-04 13:32:00,806 - root - INFO -  Se presiona el boton 'Eliminar', para eliminar el registro.
2022-07-04 13:32:01,383 - root - INFO -  Se confirma el eliminado del registro
2022-07-04 13:32:03,458 - root - INFO -  Se presiona el boton 'Refrescar', para crear un nuevo registro igual al anterior.
2022-07-04 13:32:05,529 - root - INFO -  Se presiona el boton 'Cerrar', para cerrar la pantalla de Categorias Fiscales.
2022-07-04 13:32:09,723 - root - INFO -  Se cierra chrome
