2022-07-04 09:00:23,866 - root - INFO -  Se presiona el boton 'Cerrar Error', para crear un nuevo registro igual al anterior.
2022-07-04 09:00:26,960 - root - INFO -  Abre el menu completo
2022-07-04 09:00:39,906 - root - INFO - Tipos Vendedor
2022-07-04 09:00:39,959 - root - INFO -  La pantalla ejecutada es Tipos de Vendedor
2022-07-04 09:00:40,029 - root - INFO -  Se presiona el boton 'Nuevo', para crear un nuevo registro.
2022-07-04 09:00:41,117 - root - INFO -  Se abrio la pantalla para el ingreso de un registro nuevo.
2022-07-04 09:00:41,192 - root - INFO -  El campo 'Codigo' si se encuentra visible.
2022-07-04 09:00:41,247 - root - INFO -  El campo 'Codigo Usuario' si se encuentra visible.
2022-07-04 09:00:41,308 - root - INFO -  El campo 'Codigo Alternativo' si se encuentra visible.
2022-07-04 09:00:41,372 - root - INFO -  El campo 'Descrici贸n' si se encuentra visible.
2022-07-04 09:00:43,459 - root - INFO -  Ingresa el codigo del nuevo registro 
2022-07-04 09:00:46,540 - root - INFO -  Ingresa el codigo usuario del nuevo registro 
2022-07-04 09:00:49,658 - root - INFO -  Ingresa el codigo alternativo del nuevo registro 
2022-07-04 09:00:52,921 - root - INFO -  Ingresa la descripci贸n del nuevo registro 
2022-07-04 09:00:56,032 - root - INFO -  Se da clic en el boton Guardar; se debe crear un nuevo registro.
2022-07-04 09:00:59,122 - root - INFO -  Se presiona el boton 'Refrescar', para crear un nuevo registro igual al anterior.
2022-07-04 09:01:02,214 - root - INFO -  Se presiona el boton 'Nuevo', para crear un nuevo registro igual al anterior.
2022-07-04 09:01:03,284 - root - INFO -  Se abrio la pantalla para el ingreso de un registro nuevo.
2022-07-04 09:01:03,315 - root - INFO -  El campo 'Codigo' si se encuentra visible.
2022-07-04 09:01:03,348 - root - INFO -  El campo 'Codigo Usuario' si se encuentra visible.
2022-07-04 09:01:03,394 - root - INFO -  El campo 'Codigo Alternativo' si se encuentra visible.
2022-07-04 09:01:03,431 - root - INFO -  El campo 'Descrici贸n' si se encuentra visible.
2022-07-04 09:01:05,502 - root - INFO -  Ingresa el codigo del nuevo registro 
2022-07-04 09:01:08,587 - root - INFO -  Ingresa el codigo usuario del nuevo registro 
2022-07-04 09:01:11,811 - root - INFO -  Ingresa el codigo alternativo del nuevo registro 
2022-07-04 09:01:14,963 - root - INFO -  Ingresa la descripci贸n del nuevo registro 
2022-07-04 09:01:18,035 - root - INFO -  Se da clic en el boton Guardar; se debe crear un nuevo registro.
2022-07-04 09:01:21,118 - root - INFO -  Se presiona el boton 'Cerrar', para cerrar el mensaje de duplicidad de llave primaria
2022-07-04 09:01:23,200 - root - INFO -  Se presiona el boton 'Cerrar', para cerrar la ventana
2022-07-04 09:01:27,268 - root - INFO -  Se presiona el boton 'Refrescar', para crear un nuevo registro igual al anterior.
2022-07-04 09:01:44,893 - root - INFO -  Se da clic en el registro creado, para proceder a modificarlo.
2022-07-04 09:01:45,011 - root - INFO -  Se modifica el contenido del campo Codigo Alternativo
2022-07-04 09:01:48,161 - root - INFO -  Ingresa el codigo usuario del nuevo registro 
2022-07-04 09:01:51,351 - root - INFO -  Se modifica el contenido del campo Descripcion
2022-07-04 09:01:54,407 - root - INFO -  Se da clic en el boton Guardar; se debe modificar la informacion del registro.
2022-07-04 09:01:57,485 - root - INFO -  Se presiona el boton 'Refrescar', para proceder a eliminar el registro.
2022-07-04 09:02:15,132 - root - INFO -  Se da clic en el registro creado, para proceder a eliminarlo.
2022-07-04 09:02:15,208 - root - INFO -  Se presiona el boton 'Eliminar', para eliminar el registro.
2022-07-04 09:02:15,794 - root - INFO -  Se confirma el eliminado del registro
2022-07-04 09:02:17,868 - root - INFO -  Se presiona el boton 'Refrescar', para crear un nuevo registro igual al anterior.
2022-07-04 09:02:19,929 - root - INFO -  Se presiona el boton 'Cerrar', para cerrar la pantalla de Categorias Fiscales.
2022-07-04 09:02:24,066 - root - INFO -  Se cierra chrome
