2022-08-03 10:21:52,571 - root - INFO -  Se abre el chrome
2022-08-03 10:21:55,225 - root - INFO -  Entra a la URL
2022-08-03 10:21:55,355 - root - INFO -  Maximiza la pantalla
2022-08-03 10:21:58,407 - root - INFO -  Cambia al frame
2022-08-03 10:22:01,496 - root - INFO -  Escribe el usuario
2022-08-03 10:22:01,605 - root - INFO -  Escribe la contraseña
2022-08-03 10:22:01,742 - root - INFO -  Se dio clic en el boton ingresar
2022-08-03 10:22:04,778 - root - INFO -  Ejecutar Enterprise
2022-08-03 10:22:04,779 - root - INFO -  Captura: C:\xampp\htdocs\versiones\automatizaciones\AutoPWST\01TV\report\img  screen：20220803_10_22_04.png
2022-08-03 10:22:09,026 - root - INFO -  Cambia entre pestañas
2022-08-03 10:32:00,140 - root - INFO -  Se abre el chrome
2022-08-03 10:32:03,039 - root - INFO -  Entra a la URL
2022-08-03 10:32:03,163 - root - INFO -  Maximiza la pantalla
2022-08-03 10:32:06,220 - root - INFO -  Cambia al frame
2022-08-03 10:32:09,347 - root - INFO -  Escribe el usuario
2022-08-03 10:32:09,468 - root - INFO -  Escribe la contraseña
2022-08-03 10:32:09,641 - root - INFO -  Se dio clic en el boton ingresar
2022-08-03 10:32:12,610 - root - INFO -  Ejecutar Enterprise
2022-08-03 10:32:12,611 - root - INFO -  Captura: C:\xampp\htdocs\versiones\automatizaciones\AutoPWST\01TV\report\img  screen：20220803_10_32_12.png
2022-08-03 10:32:16,878 - root - INFO -  Cambia entre pestañas
2022-08-03 10:32:58,227 - root - INFO -  Abre el menu completo
2022-08-03 10:33:11,227 - root - INFO - Abre la pantalla Tipos Vendedor
2022-08-03 10:33:11,332 - root - INFO -  La pantalla ejecutada es Tipos de Vendedor
2022-08-03 10:33:14,334 - root - INFO -  Captura: C:\xampp\htdocs\versiones\automatizaciones\AutoPWST\01TV\report\img  screen：20220803_10_33_14.png
2022-08-03 10:33:14,546 - root - INFO -  Se presiona el boton 'Nuevo', para crear un nuevo registro.
2022-08-03 10:33:19,602 - root - INFO -  Se abrio la pantalla para el ingreso de un registro nuevo.
2022-08-03 10:33:19,642 - root - INFO -  El campo 'Codigo' si se encuentra visible.
2022-08-03 10:33:19,688 - root - INFO -  El campo 'Codigo Usuario' si se encuentra visible.
2022-08-03 10:33:19,738 - root - INFO -  El campo 'Codigo Alternativo' si se encuentra visible.
2022-08-03 10:33:19,786 - root - INFO -  El campo 'Descrición' si se encuentra visible.
2022-08-03 10:33:19,894 - root - INFO -  Ingresa el codigo del nuevo registro 
2022-08-03 10:33:23,036 - root - INFO -  Ingresa el codigo usuario del nuevo registro 
2022-08-03 10:33:26,205 - root - INFO -  Ingresa el codigo alternativo del nuevo registro 
2022-08-03 10:33:29,496 - root - INFO -  Ingresa la descripción del nuevo registro 
2022-08-03 10:33:32,512 - root - INFO -  Captura: C:\xampp\htdocs\versiones\automatizaciones\AutoPWST\01TV\report\img  screen：20220803_10_33_32.png
2022-08-03 10:33:32,757 - root - INFO -  Se da clic en el boton Guardar; se debe crear un nuevo registro.
2022-08-03 10:33:37,877 - root - INFO -  Se presiona el boton 'Refrescar', para crear un nuevo registro igual al anterior.
2022-08-03 10:33:43,006 - root - INFO -  Se presiona el boton 'Nuevo', para crear un nuevo registro igual al anterior.
2022-08-03 10:33:48,110 - root - INFO -  Se abrio la pantalla para el ingreso de un registro nuevo.
2022-08-03 10:33:48,156 - root - INFO -  El campo 'Codigo' si se encuentra visible.
2022-08-03 10:33:48,189 - root - INFO -  El campo 'Codigo Usuario' si se encuentra visible.
2022-08-03 10:33:48,224 - root - INFO -  El campo 'Codigo Alternativo' si se encuentra visible.
2022-08-03 10:33:48,259 - root - INFO -  El campo 'Descrición' si se encuentra visible.
2022-08-03 10:33:48,355 - root - INFO -  Ingresa el codigo del nuevo registro 
2022-08-03 10:33:51,552 - root - INFO -  Ingresa el codigo usuario del nuevo registro 
2022-08-03 10:33:54,753 - root - INFO -  Ingresa el codigo alternativo del nuevo registro 
2022-08-03 10:33:58,019 - root - INFO -  Ingresa la descripción del nuevo registro 
2022-08-03 10:34:01,120 - root - INFO -  Se da clic en el boton Guardar; se debe crear un nuevo registro.
2022-08-03 10:34:06,129 - root - INFO -  Captura: C:\xampp\htdocs\versiones\automatizaciones\AutoPWST\01TV\report\img  screen：20220803_10_34_06.png
2022-08-03 10:34:06,391 - root - INFO -  Se presiona el boton 'Cerrar', para cerrar el mensaje de duplicidad de llave primaria
2022-08-03 10:34:09,499 - root - INFO -  Se presiona el boton 'Cerrar', para cerrar la ventana
2022-08-03 10:34:13,590 - root - INFO -  Se presiona el boton 'Refrescar', para crear un nuevo registro igual al anterior.
2022-08-03 10:34:21,243 - root - INFO -  Se da clic en el registro creado, para proceder a modificarlo.
2022-08-03 10:34:21,472 - root - INFO -  Se modifica el contenido del campo Codigo Alternativo
2022-08-03 10:34:24,668 - root - INFO -  Ingresa el codigo usuario del nuevo registro 
2022-08-03 10:34:28,034 - root - INFO -  Se modifica el contenido del campo Descripcion
2022-08-03 10:34:31,039 - root - INFO -  Captura: C:\xampp\htdocs\versiones\automatizaciones\AutoPWST\01TV\report\img  screen：20220803_10_34_31.png
2022-08-03 10:34:31,267 - root - INFO -  Se da clic en el boton Guardar; se debe modificar la informacion del registro.
2022-08-03 10:34:36,378 - root - INFO -  Se presiona el boton 'Refrescar', para proceder a eliminar el registro.
2022-08-03 10:34:46,000 - root - INFO -  Se da clic en el registro creado, para proceder a eliminarlo.
2022-08-03 10:34:49,133 - root - INFO -  Se presiona el boton 'Eliminar', para eliminar el registro.
2022-08-03 10:34:54,141 - root - INFO -  Captura: C:\xampp\htdocs\versiones\automatizaciones\AutoPWST\01TV\report\img  screen：20220803_10_34_54.png
2022-08-03 10:34:54,365 - root - INFO -  Se confirma el eliminado del registro
2022-08-03 10:34:57,484 - root - INFO -  Se presiona el boton 'Refrescar', para crear un nuevo registro igual al anterior.
2022-08-03 10:35:02,580 - root - INFO -  Se presiona el boton 'Cerrar', para cerrar la pantalla de Categorias Fiscales.
2022-08-03 10:35:06,872 - root - INFO -  Se cierra chrome
