2022-09-02 11:00:02,034 - root - INFO -  Se da doble click en el registro creado, para proceder a modificarlo.
2022-09-02 11:00:05,233 - root - INFO -  Se modifica el contenido del campo Codigo Alternativo
2022-09-02 11:00:08,446 - root - INFO -  Se modifica el contenido del campo Codigo Usuario 
2022-09-02 11:00:11,751 - root - INFO -  Se modifica el contenido del campo Descripcion
2022-09-02 11:00:14,759 - root - INFO -  Captura: C:\xampp\htdocs\versiones\automatizaciones\AutoPWST\01TV\report\img  screen：20220902_11_00_14.png
2022-09-02 11:00:14,988 - root - INFO -  Se da clic en el boton Guardar; se debe modificar la informacion del registro.
2022-09-02 11:00:20,096 - root - INFO -  Se presiona el boton 'Refrescar', para proceder a eliminar el registro.
2022-09-02 11:00:29,707 - root - INFO -  Se da clic en el registro creado, para proceder a eliminarlo.
2022-09-02 11:00:32,852 - root - INFO -  Se presiona el boton 'Eliminar', para eliminar el registro.
2022-09-02 11:00:37,855 - root - INFO -  Captura: C:\xampp\htdocs\versiones\automatizaciones\AutoPWST\01TV\report\img  screen：20220902_11_00_37.png
2022-09-02 11:00:38,067 - root - INFO -  Se confirma el eliminado del registro
2022-09-02 11:00:43,187 - root - INFO -  Se presiona el boton 'Refrescar', para verificar si el registro se elimino.
2022-09-02 11:00:48,286 - root - INFO -  Se presiona el boton 'Cerrar', para cerrar la pantalla de Tipos Vendedor.
2022-09-02 11:00:54,667 - root - INFO -  Se cierra chrome
2022-09-02 11:01:43,340 - root - INFO -  Se abre el chrome
2022-09-02 11:01:44,264 - root - INFO -  Entra a la URL
2022-09-02 11:01:44,386 - root - INFO -  Maximiza la pantalla
2022-09-02 11:01:47,444 - root - INFO -  Cambia al frame
2022-09-02 11:01:50,528 - root - INFO -  Escribe el usuario
2022-09-02 11:01:50,626 - root - INFO -  Escribe la contraseña
2022-09-02 11:01:50,764 - root - INFO -  Se dio clic en el boton ingresar
2022-09-02 11:01:51,501 - root - INFO -  Ejecutar Enterprise
2022-09-02 11:01:51,502 - root - INFO -  Captura: C:\xampp\htdocs\versiones\automatizaciones\AutoPWST\01TV\report\img  screen：20220902_11_01_51.png
2022-09-02 11:01:55,748 - root - INFO -  Cambia entre pestañas
2022-09-02 11:02:00,877 - root - INFO -  Abre el menu completo
2022-09-02 11:02:13,803 - root - INFO - Abre la pantalla Tipos Vendedor
2022-09-02 11:02:13,894 - root - INFO -  La pantalla ejecutada es Tipos de Vendedor
2022-09-02 11:02:16,904 - root - INFO -  Captura: C:\xampp\htdocs\versiones\automatizaciones\AutoPWST\01TV\report\img  screen：20220902_11_02_16.png
2022-09-02 11:02:17,107 - root - INFO -  Se presiona el boton 'Nuevo', para crear un nuevo registro.
