2022-09-29 09:34:12,150 - root - INFO -  Se abre el chrome
2022-09-29 09:34:13,231 - root - INFO -  Entra a la URL
2022-09-29 09:34:13,358 - root - INFO -  Maximiza la pantalla
2022-09-29 09:34:16,403 - root - INFO -  Cambia al frame
2022-09-29 09:34:19,469 - root - INFO -  Escribe el usuario
2022-09-29 09:34:19,568 - root - INFO -  Escribe la contraseña
2022-09-29 09:34:19,682 - root - INFO -  Se dio clic en el boton ingresar
2022-09-29 09:34:20,416 - root - INFO -  Ejecutar Enterprise
2022-09-29 09:34:24,498 - root - INFO -  Cambia entre pestañas
2022-09-29 09:34:27,660 - root - INFO -  Abre el menu completo
2022-09-29 09:34:30,702 - root - ERROR - No se pudo encontrar el menu indicado, revise si el xpath sigue siendo el mismo, para mas detalles del error consulte el reporte
2022-09-29 09:34:33,702 - root - INFO -  Captura: C:\xampp\htdocs\Versiones\automatizaciones\AutoPWST\01TV\report\img  screen：20220929_09_34_33.png
2022-09-29 09:34:34,080 - root - ERROR - La pantalla ejecutada no es correcta, revise si el xpath sigue siendo el mismo, para mas detalles del error consulte el reporte
2022-09-29 09:34:37,080 - root - INFO -  Captura: C:\xampp\htdocs\Versiones\automatizaciones\AutoPWST\01TV\report\img  screen：20220929_09_34_37.png
2022-09-29 09:34:37,110 - root - ERROR - No se encontró el botón Refrescar, revise si el xpath sigue siendo el mismo, para mas detalles del error consulte el reporte
2022-09-29 09:34:40,111 - root - INFO -  Captura: C:\xampp\htdocs\Versiones\automatizaciones\AutoPWST\01TV\report\img  screen：20220929_09_34_40.png
2022-09-29 09:34:40,121 - root - ERROR - No se encontró el botón Refrescar, revise si el xpath sigue siendo el mismo, para mas detalles del error consulte el reporte
2022-09-29 09:34:43,131 - root - INFO -  Captura: C:\xampp\htdocs\Versiones\automatizaciones\AutoPWST\01TV\report\img  screen：20220929_09_34_43.png
2022-09-29 09:34:43,141 - root - ERROR - No se encontró el botón Refrescar, revise si el xpath sigue siendo el mismo, para mas detalles del error consulte el reporte
2022-09-29 09:34:46,141 - root - INFO -  Captura: C:\xampp\htdocs\Versiones\automatizaciones\AutoPWST\01TV\report\img  screen：20220929_09_34_46.png
2022-09-29 09:43:35,605 - root - INFO -  Se abre el chrome
2022-09-29 09:43:36,740 - root - INFO -  Entra a la URL
2022-09-29 09:43:36,868 - root - INFO -  Maximiza la pantalla
2022-09-29 09:43:39,901 - root - INFO -  Cambia al frame
2022-09-29 09:43:42,975 - root - INFO -  Escribe el usuario
2022-09-29 09:43:43,069 - root - INFO -  Escribe la contraseña
2022-09-29 09:43:43,229 - root - INFO -  Se dio clic en el boton ingresar
2022-09-29 09:43:44,016 - root - INFO -  Ejecutar Enterprise
2022-09-29 09:43:48,100 - root - INFO -  Cambia entre pestañas
2022-09-29 09:43:58,200 - root - INFO -  Abre el menu completo
2022-09-29 09:44:01,281 - root - ERROR - No se pudo encontrar el menu indicado, revise si el xpath sigue siendo el mismo, para mas detalles del error consulte el reporte
2022-09-29 09:44:04,281 - root - INFO -  Captura: C:\xampp\htdocs\Versiones\automatizaciones\AutoPWST\01TV\report\img  screen：20220929_09_44_04.png
2022-09-29 09:44:04,683 - root - ERROR - La pantalla ejecutada no es correcta, revise si el xpath sigue siendo el mismo, para mas detalles del error consulte el reporte
2022-09-29 09:44:07,683 - root - INFO -  Captura: C:\xampp\htdocs\Versiones\automatizaciones\AutoPWST\01TV\report\img  screen：20220929_09_44_07.png
2022-09-29 09:44:07,693 - root - ERROR - No se encontró el botón Refrescar, revise si el xpath sigue siendo el mismo, para mas detalles del error consulte el reporte
2022-09-29 09:44:10,693 - root - INFO -  Captura: C:\xampp\htdocs\Versiones\automatizaciones\AutoPWST\01TV\report\img  screen：20220929_09_44_10.png
2022-09-29 09:44:10,703 - root - ERROR - No se encontró el botón Refrescar, revise si el xpath sigue siendo el mismo, para mas detalles del error consulte el reporte
2022-09-29 09:44:13,714 - root - INFO -  Captura: C:\xampp\htdocs\Versiones\automatizaciones\AutoPWST\01TV\report\img  screen：20220929_09_44_13.png
2022-09-29 09:44:13,724 - root - ERROR - No se encontró el botón Refrescar, revise si el xpath sigue siendo el mismo, para mas detalles del error consulte el reporte
2022-09-29 09:44:16,724 - root - INFO -  Captura: C:\xampp\htdocs\Versiones\automatizaciones\AutoPWST\01TV\report\img  screen：20220929_09_44_16.png
