2023-01-11 10:52:32,355 - root - INFO -  Se abre el chrome
2023-01-11 10:52:33,262 - root - INFO -  Entra a la URL
2023-01-11 10:52:33,406 - root - INFO -  Maximiza la pantalla
2023-01-11 10:52:36,546 - root - INFO -  Escribe el usuario
2023-01-11 10:52:36,667 - root - INFO -  Escribe la contraseña
2023-01-11 10:52:36,766 - root - INFO -  Se dio clic en el boton ingresar
2023-01-11 10:52:37,544 - root - INFO -  Ejecutar Enterprise
2023-01-11 10:52:41,616 - root - INFO -  Cambia entre pestañas
2023-01-11 10:52:53,277 - root - INFO - Abre la pantalla Tipos Vendedor
2023-01-11 10:52:53,851 - root - INFO -  La pantalla ejecutada es Tipos de Vendedor
2023-01-11 10:52:54,853 - root - INFO -  Captura: C:\xampp\htdocs\Versiones\automatizaciones\AutoPWST\01TV\report\img  screen：20230111_10_52_54.png
2023-01-11 10:53:05,810 - root - INFO -  Se presiona el boton 'Nuevo', para crear un nuevo registro.
2023-01-11 10:53:10,893 - root - INFO -  Se abrio la pantalla para el ingreso de un registro nuevo.
2023-01-11 10:53:10,930 - root - INFO -  El campo 'Codigo' si se encuentra visible.
2023-01-11 10:53:10,967 - root - INFO -  El campo 'Codigo Usuario' si se encuentra visible.
2023-01-11 10:53:11,004 - root - INFO -  El campo 'Codigo Alternativo' si se encuentra visible.
2023-01-11 10:53:11,053 - root - INFO -  El campo 'Descrición' si se encuentra visible.
2023-01-11 10:53:11,133 - root - INFO -  Ingresa el codigo del nuevo registro 
2023-01-11 10:53:11,233 - root - INFO -  Ingresa el codigo usuario del nuevo registro 
2023-01-11 10:53:11,334 - root - INFO -  Ingresa el codigo alternativo del nuevo registro 
2023-01-11 10:53:11,537 - root - INFO -  Ingresa la descripción del nuevo registro 
2023-01-11 10:53:12,539 - root - INFO -  Captura: C:\xampp\htdocs\Versiones\automatizaciones\AutoPWST\01TV\report\img  screen：20230111_10_53_12.png
2023-01-11 10:53:13,151 - root - INFO -  Se da clic en el boton Guardar; se debe crear un nuevo registro.
2023-01-11 10:53:13,412 - root - INFO -  Se presiona el boton 'Refrescar', para crear un nuevo registro igual al anterior.
2023-01-11 10:53:13,594 - root - INFO -  Se presiona el boton 'Nuevo', para crear un nuevo registro igual al anterior.
2023-01-11 10:53:14,187 - root - INFO -  Se abrio la pantalla para el ingreso de un registro nuevo.
2023-01-11 10:53:14,222 - root - INFO -  El campo 'Codigo' si se encuentra visible.
2023-01-11 10:53:14,261 - root - INFO -  El campo 'Codigo Usuario' si se encuentra visible.
2023-01-11 10:53:14,303 - root - INFO -  El campo 'Codigo Alternativo' si se encuentra visible.
2023-01-11 10:53:14,342 - root - INFO -  El campo 'Descrición' si se encuentra visible.
2023-01-11 10:53:14,429 - root - INFO -  Ingresa el codigo del nuevo registro 
2023-01-11 10:53:14,532 - root - INFO -  Ingresa el codigo usuario del nuevo registro 
2023-01-11 10:53:14,655 - root - INFO -  Ingresa el codigo alternativo del nuevo registro 
2023-01-11 10:53:14,913 - root - INFO -  Ingresa la descripción del nuevo registro 
2023-01-11 10:53:14,986 - root - INFO -  Se da clic en el boton Guardar; se debe crear un nuevo registro.
2023-01-11 10:53:15,988 - root - INFO -  Captura: C:\xampp\htdocs\Versiones\automatizaciones\AutoPWST\01TV\report\img  screen：20230111_10_53_15.png
2023-01-11 10:53:21,844 - root - INFO -  Se presiona el boton 'Cerrar', para cerrar el mensaje de duplicidad de llave primaria
2023-01-11 10:53:22,845 - root - INFO -  Captura: C:\xampp\htdocs\Versiones\automatizaciones\AutoPWST\01TV\report\img  screen：20230111_10_53_22.png
2023-01-11 10:53:23,689 - root - INFO -  Se presiona el boton 'Cerrar', para cerrar el mensaje de duplicidad de llave primaria
2023-01-11 10:53:23,830 - root - INFO -  Se presiona el boton 'Cerrar', para cerrar la ventana
2023-01-11 10:53:23,979 - root - INFO -  Se presiona el boton 'Refrescar', para crear un nuevo registro igual al anterior.
2023-01-11 10:53:30,672 - root - INFO -  Se da clic en el registro creado, para proceder a modificarlo.
2023-01-11 10:53:31,348 - root - INFO -  Se modifica el contenido del campo Codigo Alternativo
2023-01-11 10:53:31,475 - root - INFO -  Ingresa el codigo usuario del nuevo registro 
2023-01-11 10:53:31,720 - root - INFO -  Se modifica el contenido del campo Descripcion
2023-01-11 10:53:32,722 - root - INFO -  Captura: C:\xampp\htdocs\Versiones\automatizaciones\AutoPWST\01TV\report\img  screen：20230111_10_53_32.png
2023-01-11 10:53:33,326 - root - INFO -  Se da clic en el boton Guardar; se debe modificar la informacion del registro.
2023-01-11 10:53:33,596 - root - INFO -  Se presiona el boton 'Refrescar', para proceder a eliminar el registro.
2023-01-11 10:53:35,260 - root - INFO -  Se da clic en el registro creado, para proceder a eliminarlo.
2023-01-11 10:53:35,351 - root - INFO -  Se presiona el boton 'Eliminar', para eliminar el registro.
2023-01-11 10:53:36,354 - root - INFO -  Captura: C:\xampp\htdocs\Versiones\automatizaciones\AutoPWST\01TV\report\img  screen：20230111_10_53_36.png
2023-01-11 10:53:36,965 - root - INFO -  Se confirma el eliminado del registro
2023-01-11 10:53:37,174 - root - INFO -  Se presiona el boton 'Refrescar', para crear un nuevo registro igual al anterior.
2023-01-11 10:53:37,319 - root - INFO -  Se presiona el boton 'Cerrar', para cerrar la pantalla de Categorias Fiscales.
2023-01-11 10:53:39,696 - root - INFO -  Se cierra chrome
