2023-06-20 11:46:17,575 - root - INFO -  Se abre el chrome
2023-06-20 11:46:18,871 - root - INFO -  Entra a la URL
2023-06-20 11:46:19,002 - root - INFO -  Maximiza la pantalla
2023-06-20 11:46:22,097 - root - INFO -  Escribe el usuario
2023-06-20 11:46:22,192 - root - INFO -  Escribe la contraseña
2023-06-20 11:46:22,274 - root - INFO -  Se dio clic en el boton ingresar
2023-06-20 11:46:24,008 - root - INFO -  Ejecutar Enterprise
2023-06-20 11:46:28,049 - root - INFO -  Cambia entre pestañas
2023-06-20 11:46:39,450 - root - INFO - Abre la pantalla Tipos Vendedor
2023-06-20 11:46:40,527 - root - INFO -  La pantalla ejecutada es Tipos de Vendedor
2023-06-20 11:46:41,528 - root - INFO -  Captura: C:\xampp\htdocs\versiones\automatizaciones\AutoPWST\01TV\report\img  screen：20230620_11_46_41.png
2023-06-20 11:46:51,888 - root - INFO -  Se presiona el boton 'Nuevo', para crear un nuevo registro.
2023-06-20 11:46:56,919 - root - INFO -  Se abrio la pantalla para el ingreso de un registro nuevo.
2023-06-20 11:46:56,947 - root - INFO -  El campo 'Codigo' si se encuentra visible.
2023-06-20 11:46:56,974 - root - INFO -  El campo 'Codigo Usuario' si se encuentra visible.
2023-06-20 11:46:57,001 - root - INFO -  El campo 'Codigo Alternativo' si se encuentra visible.
2023-06-20 11:46:57,030 - root - INFO -  El campo 'Descrición' si se encuentra visible.
2023-06-20 11:46:57,131 - root - INFO -  Ingresa el codigo del nuevo registro 
2023-06-20 11:46:57,250 - root - INFO -  Ingresa el codigo usuario del nuevo registro 
2023-06-20 11:46:57,345 - root - INFO -  Ingresa el codigo alternativo del nuevo registro 
2023-06-20 11:46:57,597 - root - INFO -  Ingresa la descripción del nuevo registro 
2023-06-20 11:46:58,598 - root - INFO -  Captura: C:\xampp\htdocs\versiones\automatizaciones\AutoPWST\01TV\report\img  screen：20230620_11_46_58.png
2023-06-20 11:46:58,759 - root - INFO -  Se da clic en el boton Guardar; se debe crear un nuevo registro.
2023-06-20 11:46:59,156 - root - INFO -  Se presiona el boton 'Refrescar', para crear un nuevo registro igual al anterior.
2023-06-20 11:47:01,214 - root - INFO -  Se presiona el boton 'Nuevo', para crear un nuevo registro igual al anterior.
2023-06-20 11:47:01,752 - root - INFO -  Se abrio la pantalla para el ingreso de un registro nuevo.
2023-06-20 11:47:01,775 - root - INFO -  El campo 'Codigo' si se encuentra visible.
2023-06-20 11:47:01,800 - root - INFO -  El campo 'Codigo Usuario' si se encuentra visible.
2023-06-20 11:47:01,829 - root - INFO -  El campo 'Codigo Alternativo' si se encuentra visible.
2023-06-20 11:47:01,858 - root - INFO -  El campo 'Descrición' si se encuentra visible.
2023-06-20 11:47:01,946 - root - INFO -  Ingresa el codigo del nuevo registro 
2023-06-20 11:47:02,061 - root - INFO -  Ingresa el codigo usuario del nuevo registro 
2023-06-20 11:47:02,180 - root - INFO -  Ingresa el codigo alternativo del nuevo registro 
2023-06-20 11:47:02,447 - root - INFO -  Ingresa la descripción del nuevo registro 
2023-06-20 11:47:02,487 - root - INFO -  Se da clic en el boton Guardar; se debe crear un nuevo registro.
2023-06-20 11:47:03,497 - root - INFO -  Captura: C:\xampp\htdocs\versiones\automatizaciones\AutoPWST\01TV\report\img  screen：20230620_11_47_03.png
2023-06-20 11:47:08,790 - root - INFO -  Se presiona el boton 'Cerrar', para cerrar el mensaje de duplicidad de llave primaria
2023-06-20 11:47:09,791 - root - INFO -  Captura: C:\xampp\htdocs\versiones\automatizaciones\AutoPWST\01TV\report\img  screen：20230620_11_47_09.png
2023-06-20 11:47:09,976 - root - INFO -  Se presiona el boton 'Cerrar', para cerrar el mensaje de duplicidad de llave primaria
2023-06-20 11:47:10,190 - root - INFO -  Se presiona el boton 'Cerrar', para cerrar la ventana
2023-06-20 11:47:10,340 - root - INFO -  Se presiona el boton 'Refrescar', para crear un nuevo registro igual al anterior.
2023-06-20 11:47:13,935 - root - INFO -  Se da clic en el registro creado, para proceder a modificarlo.
2023-06-20 11:47:15,122 - root - INFO -  Se modifica el contenido del campo Codigo Alternativo
2023-06-20 11:47:15,256 - root - INFO -  Ingresa el codigo usuario del nuevo registro 
2023-06-20 11:47:15,556 - root - INFO -  Se modifica el contenido del campo Descripcion
2023-06-20 11:47:16,556 - root - INFO -  Captura: C:\xampp\htdocs\versiones\automatizaciones\AutoPWST\01TV\report\img  screen：20230620_11_47_16.png
2023-06-20 11:47:16,706 - root - INFO -  Se da clic en el boton Guardar; se debe modificar la informacion del registro.
2023-06-20 11:47:16,974 - root - INFO -  Se presiona el boton 'Refrescar', para proceder a eliminar el registro.
2023-06-20 11:47:20,558 - root - INFO -  Se da clic en el registro creado, para proceder a eliminarlo.
2023-06-20 11:47:20,623 - root - INFO -  Se presiona el boton 'Eliminar', para eliminar el registro.
2023-06-20 11:47:22,623 - root - INFO -  Captura: C:\xampp\htdocs\versiones\automatizaciones\AutoPWST\01TV\report\img  screen：20230620_11_47_22.png
2023-06-20 11:47:22,755 - root - INFO -  Se confirma el eliminado del registro
2023-06-20 11:47:23,241 - root - INFO -  Se presiona el boton 'Refrescar', para crear un nuevo registro igual al anterior.
2023-06-20 11:47:25,294 - root - INFO -  Se presiona el boton 'Cerrar', para cerrar la pantalla de Tipos Vendedor.
2023-06-20 11:47:29,585 - root - INFO -  Se cierra chrome
