2023-01-27 07:20:48,782 - root - INFO -  Se abre el chrome
2023-01-27 07:20:49,652 - root - INFO -  Entra a la URL
2023-01-27 07:20:49,775 - root - INFO -  Maximiza la pantalla
2023-01-27 07:20:52,877 - root - INFO -  Escribe el usuario
2023-01-27 07:20:52,979 - root - INFO -  Escribe la contraseña
2023-01-27 07:20:53,063 - root - INFO -  Se dio clic en el boton ingresar
2023-01-27 07:20:53,797 - root - INFO -  Ejecutar Enterprise
2023-01-27 07:20:57,873 - root - INFO -  Cambia entre pestañas
2023-01-27 07:21:09,303 - root - INFO - Abre la pantalla Tipos Vendedor
2023-01-27 07:21:09,912 - root - INFO -  La pantalla ejecutada es Tipos de Vendedor
2023-01-27 07:21:10,922 - root - INFO -  Captura: C:\xampp\htdocs\Versiones\automatizaciones\AutoPWST\01TV\report\img  screen：20230127_07_21_10.png
2023-01-27 07:21:21,755 - root - INFO -  Se presiona el boton 'Nuevo', para crear un nuevo registro.
2023-01-27 07:21:26,826 - root - INFO -  Se abrio la pantalla para el ingreso de un registro nuevo.
2023-01-27 07:21:26,856 - root - INFO -  El campo 'Codigo' si se encuentra visible.
2023-01-27 07:21:26,896 - root - INFO -  El campo 'Codigo Usuario' si se encuentra visible.
2023-01-27 07:21:26,936 - root - INFO -  El campo 'Codigo Alternativo' si se encuentra visible.
2023-01-27 07:21:26,966 - root - INFO -  El campo 'Descrición' si se encuentra visible.
2023-01-27 07:21:27,048 - root - INFO -  Ingresa el codigo del nuevo registro 
2023-01-27 07:21:27,146 - root - INFO -  Ingresa el codigo usuario del nuevo registro 
2023-01-27 07:21:27,238 - root - INFO -  Ingresa el codigo alternativo del nuevo registro 
2023-01-27 07:21:27,431 - root - INFO -  Ingresa la descripción del nuevo registro 
2023-01-27 07:21:28,432 - root - INFO -  Captura: C:\xampp\htdocs\Versiones\automatizaciones\AutoPWST\01TV\report\img  screen：20230127_07_21_28.png
2023-01-27 07:21:29,027 - root - INFO -  Se da clic en el boton Guardar; se debe crear un nuevo registro.
2023-01-27 07:21:29,353 - root - INFO -  Se presiona el boton 'Refrescar', para crear un nuevo registro igual al anterior.
2023-01-27 07:21:29,496 - root - INFO -  Se presiona el boton 'Nuevo', para crear un nuevo registro igual al anterior.
2023-01-27 07:21:30,041 - root - INFO -  Se abrio la pantalla para el ingreso de un registro nuevo.
2023-01-27 07:21:30,071 - root - INFO -  El campo 'Codigo' si se encuentra visible.
2023-01-27 07:21:30,101 - root - INFO -  El campo 'Codigo Usuario' si se encuentra visible.
2023-01-27 07:21:30,131 - root - INFO -  El campo 'Codigo Alternativo' si se encuentra visible.
2023-01-27 07:21:30,161 - root - INFO -  El campo 'Descrición' si se encuentra visible.
2023-01-27 07:21:30,239 - root - INFO -  Ingresa el codigo del nuevo registro 
2023-01-27 07:21:30,319 - root - INFO -  Ingresa el codigo usuario del nuevo registro 
2023-01-27 07:21:30,412 - root - INFO -  Ingresa el codigo alternativo del nuevo registro 
2023-01-27 07:21:30,609 - root - INFO -  Ingresa la descripción del nuevo registro 
2023-01-27 07:21:30,663 - root - INFO -  Se da clic en el boton Guardar; se debe crear un nuevo registro.
2023-01-27 07:21:31,664 - root - INFO -  Captura: C:\xampp\htdocs\Versiones\automatizaciones\AutoPWST\01TV\report\img  screen：20230127_07_21_31.png
2023-01-27 07:21:37,633 - root - INFO -  Se presiona el boton 'Cerrar', para cerrar el mensaje de duplicidad de llave primaria
2023-01-27 07:21:38,635 - root - INFO -  Captura: C:\xampp\htdocs\Versiones\automatizaciones\AutoPWST\01TV\report\img  screen：20230127_07_21_38.png
2023-01-27 07:21:39,425 - root - INFO -  Se presiona el boton 'Cerrar', para cerrar el mensaje de duplicidad de llave primaria
2023-01-27 07:21:39,696 - root - INFO -  Se presiona el boton 'Cerrar', para cerrar la ventana
2023-01-27 07:21:39,882 - root - INFO -  Se presiona el boton 'Refrescar', para crear un nuevo registro igual al anterior.
2023-01-27 07:21:46,604 - root - INFO -  Se da clic en el registro creado, para proceder a modificarlo.
2023-01-27 07:21:47,275 - root - INFO -  Se modifica el contenido del campo Codigo Alternativo
2023-01-27 07:21:47,382 - root - INFO -  Ingresa el codigo usuario del nuevo registro 
2023-01-27 07:21:47,617 - root - INFO -  Se modifica el contenido del campo Descripcion
2023-01-27 07:21:48,627 - root - INFO -  Captura: C:\xampp\htdocs\Versiones\automatizaciones\AutoPWST\01TV\report\img  screen：20230127_07_21_48.png
2023-01-27 07:21:49,255 - root - INFO -  Se da clic en el boton Guardar; se debe modificar la informacion del registro.
2023-01-27 07:21:49,536 - root - INFO -  Se presiona el boton 'Refrescar', para proceder a eliminar el registro.
2023-01-27 07:21:51,207 - root - INFO -  Se da clic en el registro creado, para proceder a eliminarlo.
2023-01-27 07:21:51,327 - root - INFO -  Se presiona el boton 'Eliminar', para eliminar el registro.
2023-01-27 07:21:52,328 - root - INFO -  Captura: C:\xampp\htdocs\Versiones\automatizaciones\AutoPWST\01TV\report\img  screen：20230127_07_21_52.png
2023-01-27 07:21:52,948 - root - INFO -  Se confirma el eliminado del registro
2023-01-27 07:21:53,173 - root - INFO -  Se presiona el boton 'Refrescar', para crear un nuevo registro igual al anterior.
2023-01-27 07:21:53,325 - root - INFO -  Se presiona el boton 'Cerrar', para cerrar la pantalla de Categorias Fiscales.
2023-01-27 07:21:55,542 - root - INFO -  Se cierra chrome
2023-01-27 07:22:51,172 - root - INFO -  Se abre el chrome
2023-01-27 07:22:52,094 - root - INFO -  Entra a la URL
2023-01-27 07:22:52,211 - root - INFO -  Maximiza la pantalla
2023-01-27 07:22:55,301 - root - INFO -  Escribe el usuario
2023-01-27 07:22:55,416 - root - INFO -  Escribe la contraseña
2023-01-27 07:22:55,505 - root - INFO -  Se dio clic en el boton ingresar
2023-01-27 07:22:56,252 - root - INFO -  Ejecutar Enterprise
2023-01-27 07:23:00,324 - root - INFO -  Cambia entre pestañas
2023-01-27 07:23:12,697 - root - INFO - Abre la pantalla Tipos Vendedor
2023-01-27 07:23:13,317 - root - INFO -  La pantalla ejecutada es Tipos de Vendedor
2023-01-27 07:23:14,327 - root - INFO -  Captura: C:\xampp\htdocs\Versiones\automatizaciones\AutoPWST\01TV\report\img  screen：20230127_07_23_14.png
2023-01-27 07:23:25,145 - root - INFO -  Se presiona el boton 'Nuevo', para crear un nuevo registro.
2023-01-27 07:23:30,206 - root - INFO -  Se abrio la pantalla para el ingreso de un registro nuevo.
2023-01-27 07:23:30,246 - root - INFO -  El campo 'Codigo' si se encuentra visible.
2023-01-27 07:23:30,286 - root - INFO -  El campo 'Codigo Usuario' si se encuentra visible.
2023-01-27 07:23:30,326 - root - INFO -  El campo 'Codigo Alternativo' si se encuentra visible.
2023-01-27 07:23:30,356 - root - INFO -  El campo 'Descrición' si se encuentra visible.
2023-01-27 07:23:30,444 - root - INFO -  Ingresa el codigo del nuevo registro 
2023-01-27 07:23:30,532 - root - INFO -  Ingresa el codigo usuario del nuevo registro 
2023-01-27 07:23:30,622 - root - INFO -  Ingresa el codigo alternativo del nuevo registro 
2023-01-27 07:23:30,825 - root - INFO -  Ingresa la descripción del nuevo registro 
2023-01-27 07:23:31,837 - root - INFO -  Captura: C:\xampp\htdocs\Versiones\automatizaciones\AutoPWST\01TV\report\img  screen：20230127_07_23_31.png
2023-01-27 07:23:32,887 - root - INFO -  Se da clic en el boton Guardar; se debe crear un nuevo registro.
2023-01-27 07:23:33,147 - root - INFO -  Se presiona el boton 'Refrescar', para crear un nuevo registro igual al anterior.
2023-01-27 07:23:33,355 - root - INFO -  Se presiona el boton 'Nuevo', para crear un nuevo registro igual al anterior.
2023-01-27 07:23:34,004 - root - INFO -  Se abrio la pantalla para el ingreso de un registro nuevo.
2023-01-27 07:23:34,054 - root - INFO -  El campo 'Codigo' si se encuentra visible.
2023-01-27 07:23:34,087 - root - INFO -  El campo 'Codigo Usuario' si se encuentra visible.
2023-01-27 07:23:34,120 - root - INFO -  El campo 'Codigo Alternativo' si se encuentra visible.
2023-01-27 07:23:34,150 - root - INFO -  El campo 'Descrición' si se encuentra visible.
2023-01-27 07:23:34,220 - root - INFO -  Ingresa el codigo del nuevo registro 
2023-01-27 07:23:34,317 - root - INFO -  Ingresa el codigo usuario del nuevo registro 
2023-01-27 07:23:34,415 - root - INFO -  Ingresa el codigo alternativo del nuevo registro 
2023-01-27 07:23:34,605 - root - INFO -  Ingresa la descripción del nuevo registro 
2023-01-27 07:23:34,657 - root - INFO -  Se da clic en el boton Guardar; se debe crear un nuevo registro.
2023-01-27 07:23:35,660 - root - INFO -  Captura: C:\xampp\htdocs\Versiones\automatizaciones\AutoPWST\01TV\report\img  screen：20230127_07_23_35.png
2023-01-27 07:23:41,771 - root - INFO -  Se presiona el boton 'Cerrar', para cerrar el mensaje de duplicidad de llave primaria
2023-01-27 07:23:42,772 - root - INFO -  Captura: C:\xampp\htdocs\Versiones\automatizaciones\AutoPWST\01TV\report\img  screen：20230127_07_23_42.png
2023-01-27 07:23:43,557 - root - INFO -  Se presiona el boton 'Cerrar', para cerrar el mensaje de duplicidad de llave primaria
2023-01-27 07:23:43,691 - root - INFO -  Se presiona el boton 'Cerrar', para cerrar la ventana
2023-01-27 07:23:43,847 - root - INFO -  Se presiona el boton 'Refrescar', para crear un nuevo registro igual al anterior.
2023-01-27 07:23:50,579 - root - INFO -  Se da clic en el registro creado, para proceder a modificarlo.
2023-01-27 07:23:51,298 - root - INFO -  Se modifica el contenido del campo Codigo Alternativo
2023-01-27 07:23:51,401 - root - INFO -  Ingresa el codigo usuario del nuevo registro 
2023-01-27 07:23:51,633 - root - INFO -  Se modifica el contenido del campo Descripcion
2023-01-27 07:23:52,634 - root - INFO -  Captura: C:\xampp\htdocs\Versiones\automatizaciones\AutoPWST\01TV\report\img  screen：20230127_07_23_52.png
2023-01-27 07:23:53,184 - root - INFO -  Se da clic en el boton Guardar; se debe modificar la informacion del registro.
2023-01-27 07:23:53,458 - root - INFO -  Se presiona el boton 'Refrescar', para proceder a eliminar el registro.
2023-01-27 07:23:55,168 - root - INFO -  Se da clic en el registro creado, para proceder a eliminarlo.
2023-01-27 07:23:55,304 - root - INFO -  Se presiona el boton 'Eliminar', para eliminar el registro.
2023-01-27 07:23:56,310 - root - INFO -  Captura: C:\xampp\htdocs\Versiones\automatizaciones\AutoPWST\01TV\report\img  screen：20230127_07_23_56.png
2023-01-27 07:23:56,887 - root - INFO -  Se confirma el eliminado del registro
2023-01-27 07:23:57,087 - root - INFO -  Se presiona el boton 'Refrescar', para crear un nuevo registro igual al anterior.
2023-01-27 07:23:57,228 - root - INFO -  Se presiona el boton 'Cerrar', para cerrar la pantalla de Categorias Fiscales.
2023-01-27 07:23:59,412 - root - INFO -  Se cierra chrome
