2022-12-13 15:00:11,463 - root - ERROR - No se dió click en el botón Cerrar, validar que la acción anterior haya finalizado, que el xpath sea el correcto o que la página no presente lentitud
2022-12-13 15:00:11,464 - root - INFO -  Captura: C:\xampp\htdocs\Versiones\automatizaciones\AutoPWST\13PV\report\img  screen：20221213_15_00_11.png
2022-12-13 15:00:11,693 - root - INFO -  Se presiona el boton 'Refrescar', para crear un nuevo registro igual al anterior.
2022-12-13 15:00:14,334 - root - INFO -  Se da clic en el registro creado, para proceder a modificarlo.
2022-12-13 15:00:15,210 - root - INFO -  Se modifica el contenido del campo Codigo Alternativo
2022-12-13 15:00:15,509 - root - INFO -  Se modifica el contenido del campo Descripcion
2022-12-13 15:00:35,933 - root - ERROR - No se encontró el registro de Fecha Desde, validar que la acción anterior haya finalizado, que el xpath sea el correcto o que la página no presente lentitud
2022-12-13 15:00:35,935 - root - INFO -  Captura: C:\xampp\htdocs\Versiones\automatizaciones\AutoPWST\13PV\report\img  screen：20221213_15_00_35.png
2022-12-13 15:00:37,182 - root - ERROR - No se dió click en el botón Refrescar, validar que la acción anterior haya finalizado, que el xpath sea el correcto o que la página no presente lentitud
2022-12-13 15:00:37,183 - root - INFO -  Captura: C:\xampp\htdocs\Versiones\automatizaciones\AutoPWST\13PV\report\img  screen：20221213_15_00_37.png
2022-12-13 15:00:41,704 - root - INFO -  Se cierra chrome
2022-12-13 15:03:06,941 - root - INFO -  Se abre el chrome
2022-12-13 15:03:08,094 - root - INFO -  Entra a la URL
2022-12-13 15:03:08,248 - root - INFO -  Maximiza la pantalla
2022-12-13 15:03:08,512 - root - INFO -  Escribe el usuario
2022-12-13 15:03:08,695 - root - INFO -  Escribe la contraseña
2022-12-13 15:03:08,809 - root - INFO -  Se dio clic en el boton ingresar
2022-12-13 15:03:09,606 - root - INFO -  Ejecutar Enterprise
2022-12-13 15:03:13,667 - root - INFO -  Cambia entre pestañas
2022-12-13 15:03:21,353 - root - INFO -  Abre la pantalla de Politicas de Venta
2022-12-13 15:03:21,934 - root - INFO -  La pantalla ejecutada es Politicas de Venta
2022-12-13 15:03:21,935 - root - INFO -  Captura: C:\xampp\htdocs\Versiones\automatizaciones\AutoPWST\13PV\report\img  screen：20221213_15_03_21.png
2022-12-13 15:03:22,760 - root - INFO -  Se da clic en el registro creado, para proceder a eliminarlo.
2022-12-13 15:03:23,615 - root - INFO - Se hace el cambio de pestaña para continuar con la eliminación del registro
2022-12-13 15:03:34,067 - root - INFO -  Se abrio la pantalla para el ingreso de un registro nuevo.
2022-12-13 15:04:02,123 - root - ERROR - El campo 'Codigo' no se muestra visible, validar que la acción anterior haya finalizado, que el xpath sea el correcto o que la página no presente lentitud
2022-12-13 15:04:02,124 - root - INFO -  Captura: C:\xampp\htdocs\Versiones\automatizaciones\AutoPWST\13PV\report\img  screen：20221213_15_04_02.png
2022-12-13 15:04:02,165 - root - ERROR - No se dió click en el botón Refrescar, validar que la acción anterior haya finalizado, que el xpath sea el correcto o que la página no presente lentitud
2022-12-13 15:04:02,166 - root - INFO -  Captura: C:\xampp\htdocs\Versiones\automatizaciones\AutoPWST\13PV\report\img  screen：20221213_15_04_02.png
2022-12-13 15:04:02,191 - root - ERROR - No se dió click en el botón Refrescar, validar que la acción anterior haya finalizado, que el xpath sea el correcto o que la página no presente lentitud
2022-12-13 15:04:02,192 - root - INFO -  Captura: C:\xampp\htdocs\Versiones\automatizaciones\AutoPWST\13PV\report\img  screen：20221213_15_04_02.png
2022-12-13 15:04:02,205 - root - ERROR - No se dió click en el botón Refrescar, validar que la acción anterior haya finalizado, que el xpath sea el correcto o que la página no presente lentitud
2022-12-13 15:04:02,207 - root - INFO -  Captura: C:\xampp\htdocs\Versiones\automatizaciones\AutoPWST\13PV\report\img  screen：20221213_15_04_02.png
2022-12-13 15:05:28,968 - root - INFO -  Se abre el chrome
2022-12-13 15:05:30,152 - root - INFO -  Entra a la URL
2022-12-13 15:05:30,320 - root - INFO -  Maximiza la pantalla
2022-12-13 15:05:30,583 - root - INFO -  Escribe el usuario
2022-12-13 15:05:30,760 - root - INFO -  Escribe la contraseña
2022-12-13 15:05:30,870 - root - INFO -  Se dio clic en el boton ingresar
2022-12-13 15:05:31,653 - root - INFO -  Ejecutar Enterprise
2022-12-13 15:05:35,711 - root - INFO -  Cambia entre pestañas
2022-12-13 15:05:43,566 - root - INFO -  Abre la pantalla de Politicas de Venta
2022-12-13 15:05:44,270 - root - INFO -  La pantalla ejecutada es Politicas de Venta
2022-12-13 15:05:44,272 - root - INFO -  Captura: C:\xampp\htdocs\Versiones\automatizaciones\AutoPWST\13PV\report\img  screen：20221213_15_05_44.png
2022-12-13 15:06:55,100 - root - ERROR - La pantalla ejecutada no es correcta, validar que la acción anterior haya finalizado, que el nombre de la pantalla sea el correcto o que la página no presente lentitud
2022-12-13 15:06:55,101 - root - INFO -  Captura: C:\xampp\htdocs\Versiones\automatizaciones\AutoPWST\13PV\report\img  screen：20221213_15_06_55.png
2022-12-13 15:06:55,489 - root - INFO -  Se presiona el boton 'Refrescar', para crear un nuevo registro igual al anterior.
2022-12-13 15:06:57,659 - root - INFO -  Se presiona el boton 'Nuevo', para crear un nuevo registro igual al anterior.
2022-12-13 15:06:58,460 - root - INFO -  Se abrio la pantalla para el ingreso de un registro nuevo.
2022-12-13 15:06:58,603 - root - INFO -  Ingresa el codigo del nuevo registro 
2022-12-13 15:06:58,777 - root - INFO -  Ingresa el codigo alternativo del nuevo registro 
2022-12-13 15:06:59,100 - root - INFO -  Ingresa la descripción del nuevo registro 
2022-12-13 15:07:00,188 - root - INFO -  Se dió doble click en el registro de Moneda.
2022-12-13 15:07:01,389 - root - INFO -  Se dió doble click en el registro de Grupo AdHoc.
2022-12-13 15:07:01,391 - root - INFO -  Captura: C:\xampp\htdocs\Versiones\automatizaciones\AutoPWST\13PV\report\img  screen：20221213_15_07_01.png
2022-12-13 15:07:02,087 - root - INFO -  Se dió click en la opción BackOffice y Mobile.
2022-12-13 15:07:02,198 - root - INFO -  Se dió click en el checkbox Activa.
2022-12-13 15:07:02,303 - root - INFO -  Se dió click en el checkbox Aplicación Global.
2022-12-13 15:07:02,445 - root - INFO -  Se da clic en el boton Guardar; NO se debe crear un nuevo registro.
2022-12-13 15:07:02,447 - root - INFO -  Captura: C:\xampp\htdocs\Versiones\automatizaciones\AutoPWST\13PV\report\img  screen：20221213_15_07_02.png
2022-12-13 15:08:02,642 - root - ERROR - No se dió click en el botón Cerrar, validar que la acción anterior haya finalizado, que el xpath sea el correcto o que la página no presente lentitud
2022-12-13 15:08:02,643 - root - INFO -  Captura: C:\xampp\htdocs\Versiones\automatizaciones\AutoPWST\13PV\report\img  screen：20221213_15_08_02.png
2022-12-13 15:08:02,865 - root - INFO -  Se presiona el boton 'Refrescar', para crear un nuevo registro igual al anterior.
2022-12-13 15:08:05,644 - root - INFO -  Se da clic en el registro creado, para proceder a modificarlo.
2022-12-13 15:08:06,608 - root - INFO -  Se modifica el contenido del campo Codigo Alternativo
2022-12-13 15:08:06,996 - root - INFO -  Se modifica el contenido del campo Descripcion
2022-12-13 15:08:27,477 - root - ERROR - No se encontró el registro de Fecha Desde, validar que la acción anterior haya finalizado, que el xpath sea el correcto o que la página no presente lentitud
2022-12-13 15:08:27,479 - root - INFO -  Captura: C:\xampp\htdocs\Versiones\automatizaciones\AutoPWST\13PV\report\img  screen：20221213_15_08_27.png
2022-12-13 15:08:28,733 - root - ERROR - No se dió click en el botón Refrescar, validar que la acción anterior haya finalizado, que el xpath sea el correcto o que la página no presente lentitud
2022-12-13 15:08:28,734 - root - INFO -  Captura: C:\xampp\htdocs\Versiones\automatizaciones\AutoPWST\13PV\report\img  screen：20221213_15_08_28.png
2022-12-13 15:08:33,462 - root - INFO -  Se cierra chrome
2022-12-13 15:15:01,156 - root - INFO -  Se abre el chrome
2022-12-13 15:15:02,350 - root - INFO -  Entra a la URL
2022-12-13 15:15:02,502 - root - INFO -  Maximiza la pantalla
2022-12-13 15:15:02,779 - root - INFO -  Escribe el usuario
2022-12-13 15:15:02,934 - root - INFO -  Escribe la contraseña
2022-12-13 15:15:03,068 - root - INFO -  Se dio clic en el boton ingresar
2022-12-13 15:15:04,357 - root - INFO -  Ejecutar Enterprise
2022-12-13 15:15:08,463 - root - INFO -  Cambia entre pestañas
2022-12-13 15:15:15,711 - root - INFO -  Abre la pantalla de Politicas de Venta
2022-12-13 15:15:16,296 - root - INFO -  La pantalla ejecutada es Politicas de Venta
2022-12-13 15:15:16,297 - root - INFO -  Captura: C:\xampp\htdocs\Versiones\automatizaciones\AutoPWST\13PV\report\img  screen：20221213_15_15_16.png
2022-12-13 15:16:09,599 - root - ERROR - La pantalla ejecutada no es correcta, validar que la acción anterior haya finalizado, que el nombre de la pantalla sea el correcto o que la página no presente lentitud
2022-12-13 15:16:09,601 - root - INFO -  Captura: C:\xampp\htdocs\Versiones\automatizaciones\AutoPWST\13PV\report\img  screen：20221213_15_16_09.png
2022-12-13 15:16:09,615 - root - ERROR - No se dió click en el botón Refrescar, validar que la acción anterior haya finalizado, que el xpath sea el correcto o que la página no presente lentitud
2022-12-13 15:16:09,616 - root - INFO -  Captura: C:\xampp\htdocs\Versiones\automatizaciones\AutoPWST\13PV\report\img  screen：20221213_15_16_09.png
2022-12-13 15:16:09,649 - root - ERROR - No se dió click en el botón Refrescar, validar que la acción anterior haya finalizado, que el xpath sea el correcto o que la página no presente lentitud
2022-12-13 15:16:09,650 - root - INFO -  Captura: C:\xampp\htdocs\Versiones\automatizaciones\AutoPWST\13PV\report\img  screen：20221213_15_16_09.png
2022-12-13 15:16:09,662 - root - ERROR - No se dió click en el botón Refrescar, validar que la acción anterior haya finalizado, que el xpath sea el correcto o que la página no presente lentitud
2022-12-13 15:16:09,663 - root - INFO -  Captura: C:\xampp\htdocs\Versiones\automatizaciones\AutoPWST\13PV\report\img  screen：20221213_15_16_09.png
2022-12-13 15:19:21,776 - root - INFO -  Se abre el chrome
2022-12-13 15:19:22,911 - root - INFO -  Entra a la URL
2022-12-13 15:19:23,064 - root - INFO -  Maximiza la pantalla
2022-12-13 15:19:23,326 - root - INFO -  Escribe el usuario
2022-12-13 15:19:23,490 - root - INFO -  Escribe la contraseña
2022-12-13 15:19:23,613 - root - INFO -  Se dio clic en el boton ingresar
2022-12-13 15:19:24,396 - root - INFO -  Ejecutar Enterprise
2022-12-13 15:19:28,490 - root - INFO -  Cambia entre pestañas
2022-12-13 15:19:36,447 - root - INFO -  Abre la pantalla de Politicas de Venta
2022-12-13 15:19:37,011 - root - INFO -  La pantalla ejecutada es Politicas de Venta
2022-12-13 15:19:37,012 - root - INFO -  Captura: C:\xampp\htdocs\Versiones\automatizaciones\AutoPWST\13PV\report\img  screen：20221213_15_19_37.png
2022-12-13 15:19:37,263 - root - INFO -  Se presiona el boton 'Nuevo', para crear un nuevo registro.
2022-12-13 15:19:37,839 - root - INFO -  Se abrio la pantalla para el ingreso de un registro nuevo.
2022-12-13 15:19:37,888 - root - INFO -  El campo 'Codigo' si se encuentra visible.
2022-12-13 15:19:38,074 - root - INFO -  El campo 'Codigo Alternativo' si se encuentra visible.
2022-12-13 15:19:38,130 - root - INFO -  El campo 'Descrición' si se encuentra visible.
2022-12-13 15:19:38,227 - root - INFO -  El campo 'Moneda' si se encuentra visible.
2022-12-13 15:19:38,337 - root - INFO -  El campo 'Grupo Ad-Hoc' si se encuentra visible.
2022-12-13 15:19:38,435 - root - INFO -  El campo 'Aplicable en' si se encuentra visible.
2022-12-13 15:19:38,515 - root - INFO -  El campo 'Activa' si se encuentra visible.
2022-12-13 15:19:38,589 - root - INFO -  El campo 'Aplicación Global' si se encuentra visible.
2022-12-13 15:19:38,734 - root - INFO -  Ingresa el codigo del nuevo registro 
2022-12-13 15:19:38,957 - root - INFO -  Ingresa el codigo alternativo del nuevo registro 
2022-12-13 15:19:39,455 - root - INFO -  Ingresa la descripción del nuevo registro 
2022-12-13 15:19:40,672 - root - INFO -  Se dió doble click en el registro de Moneda.
2022-12-13 15:19:42,314 - root - INFO -  Se dió doble click en el registro de Grupo AdHoc.
2022-12-13 15:19:42,315 - root - INFO -  Captura: C:\xampp\htdocs\Versiones\automatizaciones\AutoPWST\13PV\report\img  screen：20221213_15_19_42.png
2022-12-13 15:19:43,028 - root - INFO -  Se dió click en la opción BackOffice y Mobile.
2022-12-13 15:19:43,150 - root - INFO -  Se dió click en el checkbox Activa.
2022-12-13 15:19:43,250 - root - INFO -  Se dió click en el checkbox Aplicación Global.
2022-12-13 15:19:43,353 - root - INFO - Se hace el cambio a la pestaña Por Articulo para continuar con el registro nuevo
2022-12-13 15:19:44,026 - root - INFO -  Se presiona el boton 'Nuevo', para crear un nuevo registro de Por Articulo.
2022-12-13 15:19:44,773 - root - INFO -  El campo 'Artículo' si se encuentra visible.
2022-12-13 15:19:44,833 - root - INFO -  El campo 'Artículo a Bonificar' si se encuentra visible.
2022-12-13 15:19:44,890 - root - INFO -  El campo 'Cantidad a Bonificar(Packing)' si se encuentra visible.
2022-12-13 15:19:44,949 - root - INFO -  El campo 'Cantidad en Bonificación(Unidad)' si se encuentra visible.
2022-12-13 15:19:45,005 - root - INFO -  El campo 'Tope Descuento 1' si se encuentra visible.
2022-12-13 15:19:45,066 - root - INFO -  El campo 'Tope Descuento 2' si se encuentra visible.
2022-12-13 15:19:45,231 - root - INFO -  Ingresa el Articulo del nuevo registro 
2022-12-13 15:19:45,398 - root - INFO -  Ingresa el Articulo a bonificar del nuevo registro 
2022-12-13 15:19:45,648 - root - INFO -  Ingresa la Cantidad a Bonificar del nuevo registro 
2022-12-13 15:19:46,357 - root - INFO -  Ingresa la Cantidad en Bonificación del nuevo registro 
2022-12-13 15:19:46,525 - root - INFO -  Ingresa el Tope Descuento 1 del nuevo registro 
2022-12-13 15:19:46,685 - root - INFO -  Ingresa el Tope Descuento 2 del nuevo registro 
2022-12-13 15:19:46,811 - root - INFO -  Se presiona el boton 'Guardar', para guardar el registro de Por Articulo.
2022-12-13 15:19:47,158 - root - INFO -  Se da clic en el boton Guardar; se debe crear un nuevo registro.
2022-12-13 15:19:47,614 - root - INFO -  Se presiona el boton 'Refrescar', para crear un nuevo registro igual al anterior.
2022-12-13 15:19:49,730 - root - INFO -  Se presiona el boton 'Nuevo', para crear un nuevo registro igual al anterior.
2022-12-13 15:19:50,292 - root - INFO -  Se abrio la pantalla para el ingreso de un registro nuevo.
2022-12-13 15:19:50,437 - root - INFO -  Ingresa el codigo del nuevo registro 
2022-12-13 15:19:50,563 - root - INFO -  Ingresa el codigo alternativo del nuevo registro 
2022-12-13 15:19:50,795 - root - INFO -  Ingresa la descripción del nuevo registro 
2022-12-13 15:19:51,791 - root - INFO -  Se dió doble click en el registro de Moneda.
2022-12-13 15:19:52,962 - root - INFO -  Se dió doble click en el registro de Grupo AdHoc.
2022-12-13 15:19:52,963 - root - INFO -  Captura: C:\xampp\htdocs\Versiones\automatizaciones\AutoPWST\13PV\report\img  screen：20221213_15_19_52.png
2022-12-13 15:19:53,603 - root - INFO -  Se dió click en la opción BackOffice y Mobile.
2022-12-13 15:19:53,693 - root - INFO -  Se dió click en el checkbox Activa.
2022-12-13 15:19:53,785 - root - INFO -  Se dió click en el checkbox Aplicación Global.
2022-12-13 15:19:53,884 - root - INFO -  Se da clic en el boton Guardar; NO se debe crear un nuevo registro.
2022-12-13 15:19:53,885 - root - INFO -  Captura: C:\xampp\htdocs\Versiones\automatizaciones\AutoPWST\13PV\report\img  screen：20221213_15_19_53.png
2022-12-13 15:19:54,781 - root - INFO -  Se presiona el boton 'Cerrar', para cerrar el mensaje de duplicidad de llave primaria
2022-12-13 15:19:54,956 - root - INFO -  Se presiona el boton 'Cerrar', para cerrar la ventana
2022-12-13 15:19:55,126 - root - INFO -  Se presiona el boton 'Refrescar', para crear un nuevo registro igual al anterior.
2022-12-13 15:19:57,812 - root - INFO -  Se da clic en el registro creado, para proceder a modificarlo.
2022-12-13 15:19:58,576 - root - INFO -  Se modifica el contenido del campo Codigo Alternativo
2022-12-13 15:19:58,875 - root - INFO -  Se modifica el contenido del campo Descripcion
2022-12-13 15:20:19,193 - root - ERROR - No se encontró el registro de Fecha Desde, validar que la acción anterior haya finalizado, que el xpath sea el correcto o que la página no presente lentitud
2022-12-13 15:20:19,195 - root - INFO -  Captura: C:\xampp\htdocs\Versiones\automatizaciones\AutoPWST\13PV\report\img  screen：20221213_15_20_19.png
2022-12-13 15:20:20,441 - root - ERROR - No se dió click en el botón Refrescar, validar que la acción anterior haya finalizado, que el xpath sea el correcto o que la página no presente lentitud
2022-12-13 15:20:20,441 - root - INFO -  Captura: C:\xampp\htdocs\Versiones\automatizaciones\AutoPWST\13PV\report\img  screen：20221213_15_20_20.png
2022-12-13 15:20:25,094 - root - INFO -  Se cierra chrome
2022-12-13 15:22:44,985 - root - INFO -  Se abre el chrome
2022-12-13 15:22:46,202 - root - INFO -  Entra a la URL
2022-12-13 15:22:46,367 - root - INFO -  Maximiza la pantalla
2022-12-13 15:22:46,615 - root - INFO -  Escribe el usuario
2022-12-13 15:22:46,805 - root - INFO -  Escribe la contraseña
2022-12-13 15:22:46,919 - root - INFO -  Se dio clic en el boton ingresar
2022-12-13 15:22:47,702 - root - INFO -  Ejecutar Enterprise
2022-12-13 15:22:51,774 - root - INFO -  Cambia entre pestañas
2022-12-13 15:22:59,497 - root - INFO -  Abre la pantalla de Politicas de Venta
2022-12-13 15:23:00,114 - root - INFO -  La pantalla ejecutada es Politicas de Venta
2022-12-13 15:23:00,115 - root - INFO -  Captura: C:\xampp\htdocs\Versiones\automatizaciones\AutoPWST\13PV\report\img  screen：20221213_15_23_00.png
2022-12-13 15:23:00,350 - root - INFO -  Se presiona el boton 'Nuevo', para crear un nuevo registro.
2022-12-13 15:23:00,917 - root - INFO -  Se abrio la pantalla para el ingreso de un registro nuevo.
2022-12-13 15:23:01,033 - root - INFO -  El campo 'Codigo' si se encuentra visible.
2022-12-13 15:23:01,109 - root - INFO -  El campo 'Codigo Alternativo' si se encuentra visible.
2022-12-13 15:23:01,158 - root - INFO -  El campo 'Descrición' si se encuentra visible.
2022-12-13 15:23:01,205 - root - INFO -  El campo 'Moneda' si se encuentra visible.
2022-12-13 15:23:01,251 - root - INFO -  El campo 'Grupo Ad-Hoc' si se encuentra visible.
2022-12-13 15:23:01,306 - root - INFO -  El campo 'Aplicable en' si se encuentra visible.
2022-12-13 15:23:01,362 - root - INFO -  El campo 'Activa' si se encuentra visible.
2022-12-13 15:23:01,413 - root - INFO -  El campo 'Aplicación Global' si se encuentra visible.
2022-12-13 15:23:01,511 - root - INFO -  Ingresa el codigo del nuevo registro 
2022-12-13 15:23:01,660 - root - INFO -  Ingresa el codigo alternativo del nuevo registro 
2022-12-13 15:23:01,981 - root - INFO -  Ingresa la descripción del nuevo registro 
2022-12-13 15:23:03,330 - root - INFO -  Se dió doble click en el registro de Moneda.
2022-12-13 15:23:04,577 - root - INFO -  Se dió doble click en el registro de Grupo AdHoc.
2022-12-13 15:23:04,578 - root - INFO -  Captura: C:\xampp\htdocs\Versiones\automatizaciones\AutoPWST\13PV\report\img  screen：20221213_15_23_04.png
2022-12-13 15:23:05,302 - root - INFO -  Se dió click en la opción BackOffice y Mobile.
2022-12-13 15:23:05,425 - root - INFO -  Se dió click en el checkbox Activa.
2022-12-13 15:23:05,530 - root - INFO -  Se dió click en el checkbox Aplicación Global.
2022-12-13 15:23:05,624 - root - INFO - Se hace el cambio a la pestaña Por Articulo para continuar con el registro nuevo
2022-12-13 15:23:06,288 - root - INFO -  Se presiona el boton 'Nuevo', para crear un nuevo registro de Por Articulo.
2022-12-13 15:23:06,875 - root - INFO -  El campo 'Artículo' si se encuentra visible.
2022-12-13 15:23:06,929 - root - INFO -  El campo 'Artículo a Bonificar' si se encuentra visible.
2022-12-13 15:23:07,167 - root - INFO -  El campo 'Cantidad a Bonificar(Packing)' si se encuentra visible.
2022-12-13 15:23:07,237 - root - INFO -  El campo 'Cantidad en Bonificación(Unidad)' si se encuentra visible.
2022-12-13 15:23:07,308 - root - INFO -  El campo 'Tope Descuento 1' si se encuentra visible.
2022-12-13 15:23:07,378 - root - INFO -  El campo 'Tope Descuento 2' si se encuentra visible.
2022-12-13 15:23:07,618 - root - INFO -  Ingresa el Articulo del nuevo registro 
2022-12-13 15:23:07,886 - root - INFO -  Ingresa el Articulo a bonificar del nuevo registro 
2022-12-13 15:23:08,930 - root - INFO -  Ingresa la Cantidad a Bonificar del nuevo registro 
2022-12-13 15:23:09,095 - root - INFO -  Ingresa la Cantidad en Bonificación del nuevo registro 
2022-12-13 15:23:09,253 - root - INFO -  Ingresa el Tope Descuento 1 del nuevo registro 
2022-12-13 15:23:09,411 - root - INFO -  Ingresa el Tope Descuento 2 del nuevo registro 
2022-12-13 15:23:09,528 - root - INFO -  Se presiona el boton 'Guardar', para guardar el registro de Por Articulo.
2022-12-13 15:23:09,852 - root - INFO -  Se da clic en el boton Guardar; se debe crear un nuevo registro.
2022-12-13 15:23:10,297 - root - INFO -  Se presiona el boton 'Refrescar', para crear un nuevo registro igual al anterior.
2022-12-13 15:23:12,424 - root - INFO -  Se presiona el boton 'Nuevo', para crear un nuevo registro igual al anterior.
2022-12-13 15:23:12,985 - root - INFO -  Se abrio la pantalla para el ingreso de un registro nuevo.
2022-12-13 15:23:13,153 - root - INFO -  Ingresa el codigo del nuevo registro 
2022-12-13 15:23:13,308 - root - INFO -  Ingresa el codigo alternativo del nuevo registro 
2022-12-13 15:23:13,527 - root - INFO -  Ingresa la descripción del nuevo registro 
2022-12-13 15:23:14,560 - root - INFO -  Se dió doble click en el registro de Moneda.
2022-12-13 15:23:15,738 - root - INFO -  Se dió doble click en el registro de Grupo AdHoc.
2022-12-13 15:23:15,741 - root - INFO -  Captura: C:\xampp\htdocs\Versiones\automatizaciones\AutoPWST\13PV\report\img  screen：20221213_15_23_15.png
2022-12-13 15:23:16,390 - root - INFO -  Se dió click en la opción BackOffice y Mobile.
2022-12-13 15:23:16,480 - root - INFO -  Se dió click en el checkbox Activa.
2022-12-13 15:23:16,570 - root - INFO -  Se dió click en el checkbox Aplicación Global.
2022-12-13 15:23:16,676 - root - INFO -  Se da clic en el boton Guardar; NO se debe crear un nuevo registro.
2022-12-13 15:23:16,677 - root - INFO -  Captura: C:\xampp\htdocs\Versiones\automatizaciones\AutoPWST\13PV\report\img  screen：20221213_15_23_16.png
2022-12-13 15:23:17,451 - root - INFO -  Se presiona el boton 'Cerrar', para cerrar el mensaje de duplicidad de llave primaria
2022-12-13 15:23:17,608 - root - INFO -  Se presiona el boton 'Cerrar', para cerrar la ventana
2022-12-13 15:23:17,779 - root - INFO -  Se presiona el boton 'Refrescar', para crear un nuevo registro igual al anterior.
2022-12-13 15:23:20,455 - root - INFO -  Se da clic en el registro creado, para proceder a modificarlo.
2022-12-13 15:23:21,220 - root - INFO -  Se modifica el contenido del campo Codigo Alternativo
2022-12-13 15:23:21,515 - root - INFO -  Se modifica el contenido del campo Descripcion
2022-12-13 15:23:22,489 - root - INFO -  Se dió doble click en el registro de Grupo AdHoc.
2022-12-13 15:23:22,491 - root - INFO -  Captura: C:\xampp\htdocs\Versiones\automatizaciones\AutoPWST\13PV\report\img  screen：20221213_15_23_22.png
2022-12-13 15:23:22,826 - root - INFO -  Se dió click en el checkbox Aplicación Global.
2022-12-13 15:23:22,937 - root - INFO - Se hace el cambio a la pestaña para continuar con la modificación del registro
2022-12-13 15:23:24,064 - root - INFO -  Se da clic en el registro de Por Articulo, para proceder a modificarlo.
2022-12-13 15:23:24,977 - root - INFO -  Se modifica el contenido del campo Articulo 
2022-12-13 15:23:25,155 - root - INFO -  Se modifica el contenido del campo Articulo a Bonificar 
2022-12-13 15:23:25,427 - root - INFO -  Se modifica el contenido del campo Cantidad a Bonificar 
2022-12-13 15:23:25,873 - root - INFO -  Se modifica el contenido del campo Cantidad en Bonificación 
2022-12-13 15:23:25,984 - root - INFO -  Se presiona el boton 'Guardar', para guardar la modificación del registro de Por Articulo.
2022-12-13 15:23:26,308 - root - INFO -  Se da clic en el boton Guardar; se debe modificar la informacion del registro.
2022-12-13 15:23:26,698 - root - INFO -  Se presiona el boton 'Refrescar', para proceder a eliminar el registro.
2022-12-13 15:23:29,313 - root - INFO -  Se da clic en el registro creado, para proceder a eliminarlo.
2022-12-13 15:23:30,018 - root - INFO - Se hace el cambio de pestaña para continuar con la eliminación del registro
2022-12-13 15:23:31,116 - root - INFO -  Se da clic en el registro de Por Articulo, para proceder a eliminarlo.
2022-12-13 15:23:31,220 - root - INFO -  Se presiona el boton 'Eliminar', para eliminar el registro de Por Articulo.
2022-12-13 15:23:31,409 - root - INFO -  Se da clic en el boton Guardar; se debe modificar la informacion del registro.
2022-12-13 15:23:32,017 - root - INFO -  Se da clic en el registro creado, para proceder a eliminarlo.
2022-12-13 15:23:32,121 - root - INFO -  Se presiona el boton 'Eliminar', para eliminar el registro.
2022-12-13 15:23:32,122 - root - INFO -  Captura: C:\xampp\htdocs\Versiones\automatizaciones\AutoPWST\13PV\report\img  screen：20221213_15_23_32.png
2022-12-13 15:23:32,381 - root - INFO -  Se confirma el eliminado del registro
2022-12-13 15:23:32,729 - root - INFO -  Se presiona el boton 'Refrescar', para verificar si el registro ha sido eliminado.
2022-12-13 15:23:34,894 - root - INFO -  Se presiona el boton 'Cerrar', para cerrar la pantalla de Politicas de Venta.
2022-12-13 15:23:39,447 - root - INFO -  Se cierra chrome
2022-12-13 15:27:48,846 - root - INFO -  Se abre el chrome
2022-12-13 15:27:50,165 - root - INFO -  Entra a la URL
2022-12-13 15:27:50,318 - root - INFO -  Maximiza la pantalla
2022-12-13 15:27:50,568 - root - INFO -  Escribe el usuario
2022-12-13 15:27:50,744 - root - INFO -  Escribe la contraseña
2022-12-13 15:27:50,875 - root - INFO -  Se dio clic en el boton ingresar
2022-12-13 15:27:52,203 - root - INFO -  Ejecutar Enterprise
2022-12-13 15:27:56,264 - root - INFO -  Cambia entre pestañas
2022-12-13 15:28:04,041 - root - INFO -  Abre la pantalla de Politicas de Venta
2022-12-13 15:28:04,639 - root - INFO -  La pantalla ejecutada es Politicas de Venta
2022-12-13 15:28:04,640 - root - INFO -  Captura: C:\xampp\htdocs\Versiones\automatizaciones\AutoPWST\13PV\report\img  screen：20221213_15_28_04.png
2022-12-13 15:28:05,020 - root - INFO -  Se presiona el boton 'Nuevo', para crear un nuevo registro.
2022-12-13 15:28:05,872 - root - INFO -  Se abrio la pantalla para el ingreso de un registro nuevo.
2022-12-13 15:28:05,965 - root - INFO -  El campo 'Codigo' si se encuentra visible.
2022-12-13 15:28:06,072 - root - INFO -  El campo 'Codigo Alternativo' si se encuentra visible.
2022-12-13 15:28:06,152 - root - INFO -  El campo 'Descrición' si se encuentra visible.
2022-12-13 15:28:06,224 - root - INFO -  El campo 'Moneda' si se encuentra visible.
2022-12-13 15:28:06,296 - root - INFO -  El campo 'Grupo Ad-Hoc' si se encuentra visible.
2022-12-13 15:28:06,368 - root - INFO -  El campo 'Aplicable en' si se encuentra visible.
2022-12-13 15:28:06,420 - root - INFO -  El campo 'Activa' si se encuentra visible.
2022-12-13 15:28:06,477 - root - INFO -  El campo 'Aplicación Global' si se encuentra visible.
2022-12-13 15:28:06,580 - root - INFO -  Ingresa el codigo del nuevo registro 
2022-12-13 15:28:06,734 - root - INFO -  Ingresa el codigo alternativo del nuevo registro 
2022-12-13 15:28:07,022 - root - INFO -  Ingresa la descripción del nuevo registro 
2022-12-13 15:28:08,070 - root - INFO -  Se dió doble click en el registro de Moneda.
2022-12-13 15:28:09,324 - root - INFO -  Se dió doble click en el registro de Grupo AdHoc.
2022-12-13 15:28:09,326 - root - INFO -  Captura: C:\xampp\htdocs\Versiones\automatizaciones\AutoPWST\13PV\report\img  screen：20221213_15_28_09.png
2022-12-13 15:28:10,124 - root - INFO -  Se dió click en la opción BackOffice y Mobile.
2022-12-13 15:28:10,264 - root - INFO -  Se dió click en el checkbox Activa.
2022-12-13 15:28:10,390 - root - INFO -  Se dió click en el checkbox Aplicación Global.
2022-12-13 15:28:10,538 - root - INFO - Se hace el cambio a la pestaña Por Articulo para continuar con el registro nuevo
2022-12-13 15:28:11,173 - root - INFO -  Se presiona el boton 'Nuevo', para crear un nuevo registro de Por Articulo.
2022-12-13 15:28:11,879 - root - INFO -  El campo 'Artículo' si se encuentra visible.
2022-12-13 15:28:11,933 - root - INFO -  El campo 'Artículo a Bonificar' si se encuentra visible.
2022-12-13 15:28:11,987 - root - INFO -  El campo 'Cantidad a Bonificar(Packing)' si se encuentra visible.
2022-12-13 15:28:12,047 - root - INFO -  El campo 'Cantidad en Bonificación(Unidad)' si se encuentra visible.
2022-12-13 15:28:12,114 - root - INFO -  El campo 'Tope Descuento 1' si se encuentra visible.
2022-12-13 15:28:12,174 - root - INFO -  El campo 'Tope Descuento 2' si se encuentra visible.
2022-12-13 15:28:12,352 - root - INFO -  Ingresa el Articulo del nuevo registro 
2022-12-13 15:28:12,603 - root - INFO -  Ingresa el Articulo a bonificar del nuevo registro 
2022-12-13 15:28:13,461 - root - INFO -  Ingresa la Cantidad a Bonificar del nuevo registro 
2022-12-13 15:28:13,659 - root - INFO -  Ingresa la Cantidad en Bonificación del nuevo registro 
2022-12-13 15:28:13,801 - root - INFO -  Ingresa el Tope Descuento 1 del nuevo registro 
2022-12-13 15:28:13,943 - root - INFO -  Ingresa el Tope Descuento 2 del nuevo registro 
2022-12-13 15:28:14,068 - root - INFO -  Se presiona el boton 'Guardar', para guardar el registro de Por Articulo.
2022-12-13 15:28:14,385 - root - INFO -  Se da clic en el boton Guardar; se debe crear un nuevo registro.
2022-12-13 15:28:14,803 - root - INFO -  Se presiona el boton 'Refrescar', para crear un nuevo registro igual al anterior.
2022-12-13 15:28:16,906 - root - INFO -  Se presiona el boton 'Nuevo', para crear un nuevo registro igual al anterior.
2022-12-13 15:28:17,466 - root - INFO -  Se abrio la pantalla para el ingreso de un registro nuevo.
2022-12-13 15:28:17,613 - root - INFO -  Ingresa el codigo del nuevo registro 
2022-12-13 15:28:17,744 - root - INFO -  Ingresa el codigo alternativo del nuevo registro 
2022-12-13 15:28:17,966 - root - INFO -  Ingresa la descripción del nuevo registro 
2022-12-13 15:28:18,961 - root - INFO -  Se dió doble click en el registro de Moneda.
2022-12-13 15:28:20,173 - root - INFO -  Se dió doble click en el registro de Grupo AdHoc.
2022-12-13 15:28:20,175 - root - INFO -  Captura: C:\xampp\htdocs\Versiones\automatizaciones\AutoPWST\13PV\report\img  screen：20221213_15_28_20.png
2022-12-13 15:28:20,809 - root - INFO -  Se dió click en la opción BackOffice y Mobile.
2022-12-13 15:28:21,149 - root - INFO -  Se dió click en el checkbox Activa.
2022-12-13 15:28:21,238 - root - INFO -  Se dió click en el checkbox Aplicación Global.
2022-12-13 15:28:21,343 - root - INFO -  Se da clic en el boton Guardar; NO se debe crear un nuevo registro.
2022-12-13 15:28:24,345 - root - INFO -  Captura: C:\xampp\htdocs\Versiones\automatizaciones\AutoPWST\13PV\report\img  screen：20221213_15_28_24.png
2022-12-13 15:28:24,616 - root - INFO -  Se presiona el boton 'Cerrar', para cerrar el mensaje de duplicidad de llave primaria
2022-12-13 15:28:24,807 - root - INFO -  Se presiona el boton 'Cerrar', para cerrar la ventana
2022-12-13 15:28:24,978 - root - INFO -  Se presiona el boton 'Refrescar', para crear un nuevo registro igual al anterior.
2022-12-13 15:28:27,615 - root - INFO -  Se da clic en el registro creado, para proceder a modificarlo.
2022-12-13 15:28:28,399 - root - INFO -  Se modifica el contenido del campo Codigo Alternativo
2022-12-13 15:28:28,710 - root - INFO -  Se modifica el contenido del campo Descripcion
2022-12-13 15:28:29,699 - root - INFO -  Se dió doble click en el registro de Grupo AdHoc.
2022-12-13 15:28:29,702 - root - INFO -  Captura: C:\xampp\htdocs\Versiones\automatizaciones\AutoPWST\13PV\report\img  screen：20221213_15_28_29.png
2022-12-13 15:28:30,042 - root - INFO -  Se dió click en el checkbox Aplicación Global.
2022-12-13 15:28:30,144 - root - INFO - Se hace el cambio a la pestaña para continuar con la modificación del registro
2022-12-13 15:28:31,301 - root - INFO -  Se da clic en el registro de Por Articulo, para proceder a modificarlo.
2022-12-13 15:28:32,235 - root - INFO -  Se modifica el contenido del campo Articulo 
2022-12-13 15:28:32,568 - root - INFO -  Se modifica el contenido del campo Articulo a Bonificar 
2022-12-13 15:28:33,253 - root - INFO -  Se modifica el contenido del campo Cantidad a Bonificar 
2022-12-13 15:28:33,799 - root - INFO -  Se modifica el contenido del campo Cantidad en Bonificación 
2022-12-13 15:28:33,972 - root - INFO -  Se presiona el boton 'Guardar', para guardar la modificación del registro de Por Articulo.
2022-12-13 15:28:34,277 - root - INFO -  Se da clic en el boton Guardar; se debe modificar la informacion del registro.
2022-12-13 15:28:34,794 - root - INFO -  Se presiona el boton 'Refrescar', para proceder a eliminar el registro.
2022-12-13 15:28:37,424 - root - INFO -  Se da clic en el registro creado, para proceder a eliminarlo.
2022-12-13 15:28:38,071 - root - INFO - Se hace el cambio de pestaña para continuar con la eliminación del registro
2022-12-13 15:28:38,841 - root - INFO -  Se da clic en el registro de Por Articulo, para proceder a eliminarlo.
2022-12-13 15:28:38,972 - root - INFO -  Se presiona el boton 'Eliminar', para eliminar el registro de Por Articulo.
2022-12-13 15:28:39,165 - root - INFO -  Se da clic en el boton Guardar; se debe modificar la informacion del registro.
2022-12-13 15:28:39,737 - root - INFO -  Se da clic en el registro creado, para proceder a eliminarlo.
2022-12-13 15:28:39,863 - root - INFO -  Se presiona el boton 'Eliminar', para eliminar el registro.
2022-12-13 15:28:39,864 - root - INFO -  Captura: C:\xampp\htdocs\Versiones\automatizaciones\AutoPWST\13PV\report\img  screen：20221213_15_28_39.png
2022-12-13 15:28:43,133 - root - INFO -  Se confirma el eliminado del registro
2022-12-13 15:28:43,397 - root - INFO -  Se presiona el boton 'Refrescar', para verificar si el registro ha sido eliminado.
2022-12-13 15:28:45,543 - root - INFO -  Se presiona el boton 'Cerrar', para cerrar la pantalla de Politicas de Venta.
2022-12-13 15:28:50,096 - root - INFO -  Se cierra chrome
2022-12-13 15:31:46,582 - root - INFO -  Se abre el chrome
2022-12-13 15:31:47,892 - root - INFO -  Entra a la URL
2022-12-13 15:31:48,062 - root - INFO -  Maximiza la pantalla
2022-12-13 15:31:48,336 - root - INFO -  Escribe el usuario
2022-12-13 15:31:48,501 - root - INFO -  Escribe la contraseña
2022-12-13 15:31:48,610 - root - INFO -  Se dio clic en el boton ingresar
2022-12-13 15:31:49,391 - root - INFO -  Ejecutar Enterprise
2022-12-13 15:31:53,449 - root - INFO -  Cambia entre pestañas
2022-12-13 15:32:01,185 - root - INFO -  Abre la pantalla de Politicas de Venta
2022-12-13 15:32:01,767 - root - INFO -  La pantalla ejecutada es Politicas de Venta
2022-12-13 15:32:01,768 - root - INFO -  Captura: C:\xampp\htdocs\Versiones\automatizaciones\AutoPWST\13PV\report\img  screen：20221213_15_32_01.png
2022-12-13 15:32:02,019 - root - INFO -  Se presiona el boton 'Nuevo', para crear un nuevo registro.
2022-12-13 15:32:02,587 - root - INFO -  Se abrio la pantalla para el ingreso de un registro nuevo.
2022-12-13 15:32:02,639 - root - INFO -  El campo 'Codigo' si se encuentra visible.
2022-12-13 15:32:02,773 - root - INFO -  El campo 'Codigo Alternativo' si se encuentra visible.
2022-12-13 15:32:02,821 - root - INFO -  El campo 'Descrición' si se encuentra visible.
2022-12-13 15:32:02,870 - root - INFO -  El campo 'Moneda' si se encuentra visible.
2022-12-13 15:32:02,918 - root - INFO -  El campo 'Grupo Ad-Hoc' si se encuentra visible.
2022-12-13 15:32:02,983 - root - INFO -  El campo 'Aplicable en' si se encuentra visible.
2022-12-13 15:32:03,051 - root - INFO -  El campo 'Activa' si se encuentra visible.
2022-12-13 15:32:03,102 - root - INFO -  El campo 'Aplicación Global' si se encuentra visible.
2022-12-13 15:32:03,196 - root - INFO -  Ingresa el codigo del nuevo registro 
2022-12-13 15:32:03,336 - root - INFO -  Ingresa el codigo alternativo del nuevo registro 
2022-12-13 15:32:03,598 - root - INFO -  Ingresa la descripción del nuevo registro 
2022-12-13 15:32:04,754 - root - INFO -  Se dió doble click en el registro de Moneda.
2022-12-13 15:32:06,394 - root - INFO -  Se dió doble click en el registro de Grupo AdHoc.
2022-12-13 15:32:06,395 - root - INFO -  Captura: C:\xampp\htdocs\Versiones\automatizaciones\AutoPWST\13PV\report\img  screen：20221213_15_32_06.png
2022-12-13 15:32:07,188 - root - INFO -  Se dió click en la opción BackOffice y Mobile.
2022-12-13 15:32:07,311 - root - INFO -  Se dió click en el checkbox Activa.
2022-12-13 15:32:07,420 - root - INFO -  Se dió click en el checkbox Aplicación Global.
2022-12-13 15:32:07,604 - root - INFO - Se hace el cambio a la pestaña Por Articulo para continuar con el registro nuevo
2022-12-13 15:32:08,337 - root - INFO -  Se presiona el boton 'Nuevo', para crear un nuevo registro de Por Articulo.
2022-12-13 15:32:09,110 - root - INFO -  El campo 'Artículo' si se encuentra visible.
2022-12-13 15:32:09,181 - root - INFO -  El campo 'Artículo a Bonificar' si se encuentra visible.
2022-12-13 15:32:09,255 - root - INFO -  El campo 'Cantidad a Bonificar(Packing)' si se encuentra visible.
2022-12-13 15:32:09,329 - root - INFO -  El campo 'Cantidad en Bonificación(Unidad)' si se encuentra visible.
2022-12-13 15:32:09,397 - root - INFO -  El campo 'Tope Descuento 1' si se encuentra visible.
2022-12-13 15:32:09,466 - root - INFO -  El campo 'Tope Descuento 2' si se encuentra visible.
2022-12-13 15:32:09,705 - root - INFO -  Ingresa el Articulo del nuevo registro 
2022-12-13 15:32:09,878 - root - INFO -  Ingresa el Articulo a bonificar del nuevo registro 
2022-12-13 15:32:10,637 - root - INFO -  Ingresa la Cantidad a Bonificar del nuevo registro 
2022-12-13 15:32:11,348 - root - INFO -  Ingresa la Cantidad en Bonificación del nuevo registro 
2022-12-13 15:32:11,560 - root - INFO -  Ingresa el Tope Descuento 1 del nuevo registro 
2022-12-13 15:32:11,768 - root - INFO -  Ingresa el Tope Descuento 2 del nuevo registro 
2022-12-13 15:32:11,926 - root - INFO -  Se presiona el boton 'Guardar', para guardar el registro de Por Articulo.
2022-12-13 15:32:12,266 - root - INFO -  Se da clic en el boton Guardar; se debe crear un nuevo registro.
2022-12-13 15:32:12,641 - root - INFO -  Se presiona el boton 'Refrescar', para crear un nuevo registro igual al anterior.
2022-12-13 15:32:14,715 - root - INFO -  Se presiona el boton 'Nuevo', para crear un nuevo registro igual al anterior.
2022-12-13 15:32:15,277 - root - INFO -  Se abrio la pantalla para el ingreso de un registro nuevo.
2022-12-13 15:32:15,430 - root - INFO -  Ingresa el codigo del nuevo registro 
2022-12-13 15:32:15,558 - root - INFO -  Ingresa el codigo alternativo del nuevo registro 
2022-12-13 15:32:15,785 - root - INFO -  Ingresa la descripción del nuevo registro 
2022-12-13 15:32:16,778 - root - INFO -  Se dió doble click en el registro de Moneda.
2022-12-13 15:32:17,953 - root - INFO -  Se dió doble click en el registro de Grupo AdHoc.
2022-12-13 15:32:17,956 - root - INFO -  Captura: C:\xampp\htdocs\Versiones\automatizaciones\AutoPWST\13PV\report\img  screen：20221213_15_32_17.png
2022-12-13 15:32:18,606 - root - INFO -  Se dió click en la opción BackOffice y Mobile.
2022-12-13 15:32:18,731 - root - INFO -  Se dió click en el checkbox Activa.
2022-12-13 15:32:18,820 - root - INFO -  Se dió click en el checkbox Aplicación Global.
2022-12-13 15:32:18,926 - root - INFO -  Se da clic en el boton Guardar; NO se debe crear un nuevo registro.
2022-12-13 15:32:21,928 - root - INFO -  Captura: C:\xampp\htdocs\Versiones\automatizaciones\AutoPWST\13PV\report\img  screen：20221213_15_32_21.png
2022-12-13 15:32:22,217 - root - INFO -  Se presiona el boton 'Cerrar', para cerrar el mensaje de duplicidad de llave primaria
2022-12-13 15:32:22,366 - root - INFO -  Se presiona el boton 'Cerrar', para cerrar la ventana
2022-12-13 15:32:22,543 - root - INFO -  Se presiona el boton 'Refrescar', para crear un nuevo registro igual al anterior.
2022-12-13 15:32:25,152 - root - INFO -  Se da clic en el registro creado, para proceder a modificarlo.
2022-12-13 15:32:25,916 - root - INFO -  Se modifica el contenido del campo Codigo Alternativo
2022-12-13 15:32:26,219 - root - INFO -  Se modifica el contenido del campo Descripcion
2022-12-13 15:32:27,202 - root - INFO -  Se dió doble click en el registro de Grupo AdHoc.
2022-12-13 15:32:27,206 - root - INFO -  Captura: C:\xampp\htdocs\Versiones\automatizaciones\AutoPWST\13PV\report\img  screen：20221213_15_32_27.png
2022-12-13 15:32:27,534 - root - INFO -  Se dió click en el checkbox Aplicación Global.
2022-12-13 15:32:27,631 - root - INFO - Se hace el cambio a la pestaña para continuar con la modificación del registro
2022-12-13 15:32:49,196 - root - ERROR - No se dió click en el botón Refrescar, validar que la acción anterior haya finalizado, que el xpath sea el correcto o que la página no presente lentitud
2022-12-13 15:32:49,197 - root - INFO -  Captura: C:\xampp\htdocs\Versiones\automatizaciones\AutoPWST\13PV\report\img  screen：20221213_15_32_49.png
2022-12-13 15:32:53,897 - root - INFO -  Se cierra chrome
