2022-11-29 18:11:06,333 - root - INFO -  Se abre el chrome
2022-11-29 18:11:07,236 - root - INFO -  Entra a la URL
2022-11-29 18:11:07,352 - root - INFO -  Maximiza la pantalla
2022-11-29 18:11:12,829 - root - INFO -  Escribe el usuario
2022-11-29 18:11:12,950 - root - INFO -  Escribe la contraseña
2022-11-29 18:11:13,050 - root - INFO -  Se dio clic en el boton ingresar
2022-11-29 18:11:18,241 - root - INFO -  Ejecutar Enterprise
2022-11-29 18:11:22,302 - root - INFO -  Cambia entre pestañas
2022-11-29 18:11:51,717 - root - INFO -  Abre la pantalla de Politicas de Venta
2022-11-29 18:11:51,797 - root - INFO -  La pantalla ejecutada es Politicas de Venta
2022-11-29 18:11:54,806 - root - INFO -  Captura: C:\xampp\htdocs\Versiones\automatizaciones\AutoPWST\13PV\report\img  screen：20221129_18_11_54.png
2022-11-29 18:11:57,225 - root - INFO -  Se presiona el boton 'Nuevo', para crear un nuevo registro.
2022-11-29 18:12:02,337 - root - INFO -  Se abrio la pantalla para el ingreso de un registro nuevo.
2022-11-29 18:12:02,387 - root - INFO -  El campo 'Codigo' si se encuentra visible.
2022-11-29 18:12:02,427 - root - INFO -  El campo 'Codigo Alternativo' si se encuentra visible.
2022-11-29 18:12:02,457 - root - INFO -  El campo 'Descrición' si se encuentra visible.
2022-11-29 18:12:02,497 - root - INFO -  El campo 'Moneda' si se encuentra visible.
2022-11-29 18:12:02,537 - root - INFO -  El campo 'Grupo Ad-Hoc' si se encuentra visible.
2022-11-29 18:12:02,567 - root - INFO -  El campo 'Aplicable en' si se encuentra visible.
2022-11-29 18:12:02,617 - root - INFO -  El campo 'Activa' si se encuentra visible.
2022-11-29 18:12:02,647 - root - INFO -  El campo 'Aplicación Global' si se encuentra visible.
2022-11-29 18:12:02,717 - root - INFO -  Ingresa el codigo del nuevo registro 
2022-11-29 18:12:05,857 - root - INFO -  Ingresa el codigo alternativo del nuevo registro 
2022-11-29 18:12:09,078 - root - INFO -  Ingresa la descripción del nuevo registro 
2022-11-29 18:12:20,810 - root - INFO -  Se dió doble click en el registro de Moneda.
2022-11-29 18:12:32,866 - root - INFO -  Se dió doble click en el registro de Grupo AdHoc.
2022-11-29 18:12:35,876 - root - INFO -  Captura: C:\xampp\htdocs\Versiones\automatizaciones\AutoPWST\13PV\report\img  screen：20221129_18_12_35.png
2022-11-29 18:12:44,559 - root - INFO -  Se dió click en la opción BackOffice y Mobile.
2022-11-29 18:12:47,708 - root - INFO -  Se dió click en el checkbox Activa.
2022-11-29 18:12:50,855 - root - INFO -  Se dió click en el checkbox Aplicación Global.
2022-11-29 18:12:53,957 - root - INFO - Se hace el cambio a la pestaña Por Articulo para continuar con el registro nuevo
2022-11-29 18:12:57,045 - root - INFO -  Se presiona el boton 'Nuevo', para crear un nuevo registro de Por Articulo.
2022-11-29 18:13:04,612 - root - INFO -  El campo 'Artículo' si se encuentra visible.
2022-11-29 18:13:04,668 - root - INFO -  El campo 'Artículo a Bonificar' si se encuentra visible.
2022-11-29 18:13:04,728 - root - INFO -  El campo 'Cantidad a Bonificar(Packing)' si se encuentra visible.
2022-11-29 18:13:04,778 - root - INFO -  El campo 'Cantidad en Bonificación(Unidad)' si se encuentra visible.
2022-11-29 18:13:04,832 - root - INFO -  El campo 'Tope Descuento 1' si se encuentra visible.
2022-11-29 18:13:04,864 - root - INFO -  El campo 'Tope Descuento 2' si se encuentra visible.
2022-11-29 18:13:04,963 - root - INFO -  Ingresa el Articulo del nuevo registro 
2022-11-29 18:13:15,157 - root - INFO -  Ingresa el Articulo a bonificar del nuevo registro 
2022-11-29 18:13:25,297 - root - INFO -  Ingresa la Cantidad a Bonificar del nuevo registro 
2022-11-29 18:13:28,426 - root - INFO -  Ingresa la Cantidad en Bonificación del nuevo registro 
2022-11-29 18:13:31,558 - root - INFO -  Ingresa el Tope Descuento 1 del nuevo registro 
2022-11-29 18:13:34,762 - root - INFO -  Ingresa el Tope Descuento 2 del nuevo registro 
2022-11-29 18:13:37,869 - root - INFO -  Se presiona el boton 'Guardar', para guardar el registro de Por Articulo.
2022-11-29 18:13:43,002 - root - INFO -  Se da clic en el boton Guardar; se debe crear un nuevo registro.
2022-11-29 18:13:48,123 - root - INFO -  Se presiona el boton 'Refrescar', para crear un nuevo registro igual al anterior.
2022-11-29 18:13:53,198 - root - INFO -  Se presiona el boton 'Nuevo', para crear un nuevo registro igual al anterior.
2022-11-29 18:13:58,266 - root - INFO -  Se abrio la pantalla para el ingreso de un registro nuevo.
2022-11-29 18:13:58,326 - root - INFO -  Ingresa el codigo del nuevo registro 
2022-11-29 18:14:01,490 - root - INFO -  Ingresa el codigo alternativo del nuevo registro 
2022-11-29 18:14:04,697 - root - INFO -  Ingresa la descripción del nuevo registro 
2022-11-29 18:14:15,183 - root - INFO -  Se dió doble click en el registro de Moneda.
2022-11-29 18:14:26,979 - root - INFO -  Se dió doble click en el registro de Grupo AdHoc.
2022-11-29 18:14:29,989 - root - INFO -  Captura: C:\xampp\htdocs\Versiones\automatizaciones\AutoPWST\13PV\report\img  screen：20221129_18_14_29.png
2022-11-29 18:14:38,656 - root - INFO -  Se dió click en la opción BackOffice y Mobile.
2022-11-29 18:14:41,762 - root - INFO -  Se dió click en el checkbox Activa.
2022-11-29 18:14:44,859 - root - INFO -  Se dió click en el checkbox Aplicación Global.
2022-11-29 18:14:48,026 - root - INFO -  Se da clic en el boton Guardar; NO se debe crear un nuevo registro.
2022-11-29 18:14:53,027 - root - INFO -  Captura: C:\xampp\htdocs\Versiones\automatizaciones\AutoPWST\13PV\report\img  screen：20221129_18_14_53.png
2022-11-29 18:14:53,985 - root - INFO -  Se presiona el boton 'Cerrar', para cerrar el mensaje de duplicidad de llave primaria
2022-11-29 18:14:57,116 - root - INFO -  Se presiona el boton 'Cerrar', para cerrar la ventana
2022-11-29 18:15:01,286 - root - INFO -  Se presiona el boton 'Refrescar', para crear un nuevo registro igual al anterior.
2022-11-29 18:15:14,484 - root - INFO -  Se da clic en el registro creado, para proceder a modificarlo.
2022-11-29 18:15:19,674 - root - INFO -  Se modifica el contenido del campo Codigo Alternativo
2022-11-29 18:15:22,883 - root - INFO -  Se modifica el contenido del campo Descripcion
2022-11-29 18:15:29,064 - root - ERROR - No se encontró el registro de Fecha Desde, validar que la acción anterior haya finalizado, que el xpath sea el correcto o que la página no presente lentitud
2022-11-29 18:15:32,074 - root - INFO -  Captura: C:\xampp\htdocs\Versiones\automatizaciones\AutoPWST\13PV\report\img  screen：20221129_18_15_32.png
2022-11-29 18:15:37,981 - root - ERROR - No se dió click en el botón Refrescar, validar que la acción anterior haya finalizado, que el xpath sea el correcto o que la página no presente lentitud
2022-11-29 18:15:40,992 - root - INFO -  Captura: C:\xampp\htdocs\Versiones\automatizaciones\AutoPWST\13PV\report\img  screen：20221129_18_15_40.png
