2022-11-30 12:00:07,799 - root - INFO -  Se da clic en el registro creado, para proceder a modificarlo.
2022-11-30 12:00:10,932 - root - INFO -  Se modifica el contenido del campo Descripcion
2022-11-30 12:00:13,954 - root - INFO -  Captura: C:\xampp\htdocs\versiones\automatizaciones\AutoPWST\ScriptAmarillo\report\img  screen：20221130_12_00_13.png
2022-11-30 12:00:14,148 - root - INFO -  Se da clic en el boton Guardar; se debe modificar la informacion del registro.
2022-11-30 12:00:19,213 - root - INFO -  Se presiona el boton 'Refrescar', para proceder a eliminar el registro.
2022-11-30 12:00:28,803 - root - INFO -  Se da clic en el registro creado, para proceder a eliminarlo.
2022-11-30 12:00:31,868 - root - INFO -  Se presiona el boton 'Eliminar', para eliminar el registro.
2022-11-30 12:00:36,870 - root - INFO -  Captura: C:\xampp\htdocs\versiones\automatizaciones\AutoPWST\ScriptAmarillo\report\img  screen：20221130_12_00_36.png
2022-11-30 12:00:37,092 - root - INFO -  Se confirma el eliminado del registro
2022-11-30 12:00:42,196 - root - INFO -  Se presiona el boton 'Refrescar', para crear un nuevo registro igual al anterior.
2022-11-30 12:00:47,272 - root - INFO -  Se presiona el boton 'Cerrar', para cerrar la pantalla de Categorias Fiscales.
2022-11-30 12:00:55,888 - root - ERROR - No se pudo encontrar el menu indicado, revise si el xpath sigue siendo el mismo, para mas detalles del error consulte el reporte
2022-11-30 12:16:20,786 - root - INFO -  Se abre el chrome
2022-11-30 12:16:22,117 - root - INFO -  Entra a la URL
2022-11-30 12:16:22,234 - root - INFO -  Maximiza la pantalla
2022-11-30 12:16:25,364 - root - INFO -  Escribe el usuario
2022-11-30 12:16:25,458 - root - INFO -  Escribe la contraseña
2022-11-30 12:16:25,555 - root - INFO -  Se dio clic en el boton ingresar
2022-11-30 12:16:26,270 - root - INFO -  Ejecutar Enterprise
2022-11-30 12:16:30,328 - root - INFO -  Cambia entre pestañas
2022-11-30 12:17:05,841 - root - INFO -  Abre la pantalla de Clasificación Vendedor
2022-11-30 12:17:05,900 - root - INFO -  La pantalla ejecutada es Clasificación Vendedor.
2022-11-30 12:17:05,900 - root - INFO -  Captura: C:\xampp\htdocs\versiones\automatizaciones\AutoPWST\ScriptAmarillo\report\img  screen：20221130_12_17_05.png
2022-11-30 12:17:06,114 - root - INFO -  Se presiona el boton 'Nuevo', para crear un nuevo registro.
2022-11-30 12:17:06,656 - root - INFO -  Se abrio la pantalla para el ingreso de un registro nuevo.
2022-11-30 12:17:06,738 - root - INFO -  Ingresa el codigo del nuevo registro 
2022-11-30 12:17:09,834 - root - INFO -  Ingresa la descripción del nuevo registro 
2022-11-30 12:17:12,841 - root - INFO -  Captura: C:\xampp\htdocs\versiones\automatizaciones\AutoPWST\ScriptAmarillo\report\img  screen：20221130_12_17_12.png
2022-11-30 12:17:13,053 - root - INFO -  Se da clic en el boton Guardar; se debe crear un nuevo registro.
2022-11-30 12:17:18,129 - root - INFO -  Se presiona el boton 'Refrescar', para crear un nuevo registro igual al anterior.
2022-11-30 12:17:27,739 - root - INFO -  Se da clic en el registro creado, para proceder a modificarlo.
2022-11-30 12:17:30,854 - root - INFO -  Se modifica el contenido del campo Descripcion
2022-11-30 12:17:33,871 - root - INFO -  Captura: C:\xampp\htdocs\versiones\automatizaciones\AutoPWST\ScriptAmarillo\report\img  screen：20221130_12_17_33.png
2022-11-30 12:17:34,045 - root - INFO -  Se da clic en el boton Guardar; se debe modificar la informacion del registro.
2022-11-30 12:17:39,098 - root - INFO -  Se presiona el boton 'Refrescar', para proceder a eliminar el registro.
2022-11-30 12:17:58,680 - root - INFO -  Se da clic en el registro creado, para proceder a eliminarlo.
2022-11-30 12:18:01,766 - root - INFO -  Se presiona el boton 'Eliminar', para eliminar el registro.
2022-11-30 12:18:06,767 - root - INFO -  Captura: C:\xampp\htdocs\versiones\automatizaciones\AutoPWST\ScriptAmarillo\report\img  screen：20221130_12_18_06.png
2022-11-30 12:18:07,002 - root - INFO -  Se confirma el eliminado del registro
2022-11-30 12:18:12,046 - root - INFO -  Se presiona el boton 'Refrescar', para crear un nuevo registro igual al anterior.
2022-11-30 12:18:17,128 - root - INFO -  Se presiona el boton 'Cerrar', para cerrar la pantalla de Categorias Fiscales.
2022-11-30 12:18:25,764 - root - ERROR - No se pudo encontrar el menu indicado, revise si el xpath sigue siendo el mismo, para mas detalles del error consulte el reporte
2022-11-30 12:18:28,779 - root - INFO -  Captura: C:\xampp\htdocs\versiones\automatizaciones\AutoPWST\ScriptAmarillo\report\img  screen：20221130_12_18_28.png
2022-11-30 12:18:57,659 - root - INFO -  Se abre el chrome
2022-11-30 12:18:58,952 - root - INFO -  Entra a la URL
2022-11-30 12:18:59,078 - root - INFO -  Maximiza la pantalla
2022-11-30 12:19:02,293 - root - INFO -  Escribe el usuario
2022-11-30 12:19:02,440 - root - INFO -  Escribe la contraseña
2022-11-30 12:19:02,597 - root - INFO -  Se dio clic en el boton ingresar
2022-11-30 12:19:03,387 - root - INFO -  Ejecutar Enterprise
2022-11-30 12:19:07,469 - root - INFO -  Cambia entre pestañas
2022-11-30 12:19:29,254 - root - INFO -  Abre la pantalla de Clasificación Vendedor
2022-11-30 12:19:29,319 - root - INFO -  La pantalla ejecutada es Clasificación Vendedor.
2022-11-30 12:19:29,319 - root - INFO -  Captura: C:\xampp\htdocs\versiones\automatizaciones\AutoPWST\ScriptAmarillo\report\img  screen：20221130_12_19_29.png
2022-11-30 12:19:29,491 - root - INFO -  Se presiona el boton 'Nuevo', para crear un nuevo registro.
2022-11-30 12:19:30,070 - root - INFO -  Se abrio la pantalla para el ingreso de un registro nuevo.
2022-11-30 12:19:30,117 - root - INFO -  Ingresa el codigo del nuevo registro 
2022-11-30 12:19:33,192 - root - INFO -  Ingresa la descripción del nuevo registro 
2022-11-30 12:19:36,199 - root - INFO -  Captura: C:\xampp\htdocs\versiones\automatizaciones\AutoPWST\ScriptAmarillo\report\img  screen：20221130_12_19_36.png
2022-11-30 12:19:36,407 - root - INFO -  Se da clic en el boton Guardar; se debe crear un nuevo registro.
2022-11-30 12:19:41,484 - root - INFO -  Se presiona el boton 'Refrescar', para crear un nuevo registro igual al anterior.
2022-11-30 12:19:51,106 - root - INFO -  Se da clic en el registro creado, para proceder a modificarlo.
2022-11-30 12:19:54,114 - root - ERROR - No se pudo encontrar el campo para modificar la descripcion, revise si el xpath sigue siendo el mismo, para mas detalles del error consulte el reporte
2022-11-30 12:19:57,127 - root - INFO -  Captura: C:\xampp\htdocs\versiones\automatizaciones\AutoPWST\ScriptAmarillo\report\img  screen：20221130_12_19_57.png
2022-11-30 12:19:57,332 - root - INFO -  Se presiona el boton 'Cerrar', para cerrar la ventana modal.
2022-11-30 12:19:57,433 - root - INFO -  Se presiona el boton 'Refrescar', para proceder a eliminar el registro.
2022-11-30 12:20:11,045 - root - INFO -  Se da clic en el registro creado, para proceder a eliminarlo.
2022-11-30 12:20:14,109 - root - INFO -  Se presiona el boton 'Eliminar', para eliminar el registro.
2022-11-30 12:20:19,112 - root - INFO -  Captura: C:\xampp\htdocs\versiones\automatizaciones\AutoPWST\ScriptAmarillo\report\img  screen：20221130_12_20_19.png
2022-11-30 12:20:19,319 - root - INFO -  Se confirma el eliminado del registro
2022-11-30 12:20:24,380 - root - INFO -  Se presiona el boton 'Refrescar', para crear un nuevo registro igual al anterior.
2022-11-30 12:20:29,437 - root - INFO -  Se presiona el boton 'Cerrar', para cerrar la pantalla de Categorias Fiscales.
2022-11-30 12:20:51,738 - root - INFO -  Abre la pantalla de Clasificaciones 2
2022-11-30 12:20:51,767 - root - INFO -  La pantalla ejecutada es Clasifiaciones 2
2022-11-30 12:20:54,768 - root - INFO -  Captura: C:\xampp\htdocs\versiones\automatizaciones\AutoPWST\ScriptAmarillo\report\img  screen：20221130_12_20_54.png
2022-11-30 12:20:55,002 - root - INFO -  Se presiona el boton 'Nuevo', para crear un nuevo registro.
2022-11-30 12:21:00,051 - root - INFO -  Se abrio la pantalla para el ingreso de un registro nuevo.
2022-11-30 12:21:00,107 - root - INFO -  Ingresa el codigo del nuevo registro 
2022-11-30 12:21:03,210 - root - INFO -  Ingresa el codigo usuario del nuevo registro 
2022-11-30 12:21:06,305 - root - INFO -  Ingresa el codigo alternativo del nuevo registro 
2022-11-30 12:21:09,404 - root - INFO -  Ingresa la descripción del nuevo registro 
2022-11-30 12:21:12,409 - root - INFO -  Captura: C:\xampp\htdocs\versiones\automatizaciones\AutoPWST\ScriptAmarillo\report\img  screen：20221130_12_21_12.png
2022-11-30 12:21:12,582 - root - INFO -  Se da clic en el boton Guardar; se debe crear un nuevo registro.
2022-11-30 12:21:17,649 - root - INFO -  Se presiona el boton 'Refrescar', para crear un nuevo registro igual al anterior.
2022-11-30 12:21:27,232 - root - INFO -  Se da clic en el registro creado, para proceder a modificarlo.
2022-11-30 12:21:30,357 - root - INFO -  Se modifica el contenido del campo Codigo Alternativo
2022-11-30 12:21:33,487 - root - INFO -  Ingresa el codigo usuario del nuevo registro 
2022-11-30 12:21:36,498 - root - ERROR - No se pudo encontrar el campo para modificar la descripcion, revise si el xpath sigue siendo el mismo, para mas detalles del error consulte el reporte
2022-11-30 12:21:39,505 - root - INFO -  Captura: C:\xampp\htdocs\versiones\automatizaciones\AutoPWST\ScriptAmarillo\report\img  screen：20221130_12_21_39.png
2022-11-30 12:21:39,725 - root - INFO -  Se presiona el boton 'Cerrar', para cerrar la ventana modal.
2022-11-30 12:21:39,840 - root - INFO -  Se presiona el boton 'Cerrar', para cerrar la pantalla.
2022-11-30 12:21:55,321 - root - ERROR - No se encontró el botón Refrescar, revise si el xpath sigue siendo el mismo, para mas detalles del error consulte el reporte
2022-11-30 12:21:58,328 - root - INFO -  Captura: C:\xampp\htdocs\versiones\automatizaciones\AutoPWST\ScriptAmarillo\report\img  screen：20221130_12_21_58.png
2022-11-30 12:22:02,786 - root - INFO -  Se cierra chrome
2022-11-30 12:27:28,943 - root - INFO -  Se abre el chrome
2022-11-30 12:27:29,970 - root - INFO -  Entra a la URL
2022-11-30 12:27:30,100 - root - INFO -  Maximiza la pantalla
2022-11-30 12:27:33,205 - root - INFO -  Escribe el usuario
2022-11-30 12:27:33,279 - root - INFO -  Escribe la contraseña
2022-11-30 12:27:33,347 - root - INFO -  Se dio clic en el boton ingresar
2022-11-30 12:27:34,032 - root - INFO -  Ejecutar Enterprise
2022-11-30 12:27:38,089 - root - INFO -  Cambia entre pestañas
2022-11-30 12:27:59,763 - root - INFO -  Abre la pantalla de Clasificación Vendedor
2022-11-30 12:27:59,764 - root - ERROR - La pantalla ejecutada no es correcta, revise si el xpath sigue siendo el mismo, para mas detalles del error consulte el reporte
2022-11-30 12:27:59,765 - root - INFO -  Captura: C:\xampp\htdocs\versiones\automatizaciones\AutoPWST\ScriptAmarillo\report\img  screen：20221130_12_27_59.png
2022-11-30 12:28:10,274 - root - ERROR - No se encontró el botón Cerrar la ventana modal, revise si el xpath sigue siendo el mismo, para mas detalles del error consulte el reporte
2022-11-30 12:28:13,279 - root - INFO -  Captura: C:\xampp\htdocs\versiones\automatizaciones\AutoPWST\ScriptAmarillo\report\img  screen：20221130_12_28_13.png
2022-11-30 12:28:13,492 - root - INFO -  Se presiona el boton 'Cerrar', para cerrar la pantalla.
2022-11-30 12:28:13,493 - root - ERROR - La pantalla anterior fallo por lo que esta no funcionara, para mas detalles del error consulte el reporte
2022-11-30 12:28:13,494 - root - ERROR - La pantalla anterior fallo por lo que esta no funcionara, para mas detalles del error consulte el reporte
2022-11-30 12:28:13,495 - root - ERROR - La pantalla anterior fallo por lo que esta no funcionara, para mas detalles del error consulte el reporte
2022-11-30 12:28:13,496 - root - ERROR - La pantalla anterior fallo por lo que esta no funcionara, para mas detalles del error consulte el reporte
2022-11-30 12:28:13,496 - root - ERROR - La pantalla anterior fallo por lo que esta no funcionara, para mas detalles del error consulte el reporte
2022-11-30 12:28:13,497 - root - ERROR - La pantalla anterior fallo por lo que esta no funcionara, para mas detalles del error consulte el reporte
2022-11-30 12:28:13,498 - root - ERROR - La pantalla anterior fallo por lo que esta no funcionara, para mas detalles del error consulte el reporte
2022-11-30 12:28:17,715 - root - INFO -  Se cierra chrome
2022-11-30 12:28:49,457 - root - INFO -  Se abre el chrome
2022-11-30 12:28:50,492 - root - INFO -  Entra a la URL
2022-11-30 12:28:50,610 - root - INFO -  Maximiza la pantalla
2022-11-30 12:28:53,685 - root - INFO -  Escribe el usuario
2022-11-30 12:28:53,748 - root - INFO -  Escribe la contraseña
2022-11-30 12:28:53,812 - root - INFO -  Se dio clic en el boton ingresar
2022-11-30 12:28:54,499 - root - INFO -  Ejecutar Enterprise
2022-11-30 12:28:58,559 - root - INFO -  Cambia entre pestañas
2022-11-30 12:29:20,280 - root - INFO -  Abre la pantalla de Clasificación Vendedor
2022-11-30 12:29:20,281 - root - ERROR - La pantalla ejecutada no es correcta, revise si el xpath sigue siendo el mismo, para mas detalles del error consulte el reporte
2022-11-30 12:29:20,282 - root - INFO -  Captura: C:\xampp\htdocs\versiones\automatizaciones\AutoPWST\ScriptAmarillo\report\img  screen：20221130_12_29_20.png
2022-11-30 12:29:30,856 - root - ERROR - No se encontró el botón Cerrar la ventana modal, revise si el xpath sigue siendo el mismo, para mas detalles del error consulte el reporte
2022-11-30 12:29:33,870 - root - INFO -  Captura: C:\xampp\htdocs\versiones\automatizaciones\AutoPWST\ScriptAmarillo\report\img  screen：20221130_12_29_33.png
2022-11-30 12:29:34,049 - root - INFO -  Se presiona el boton 'Cerrar', para cerrar la pantalla.
2022-11-30 12:29:34,050 - root - ERROR - La pantalla anterior fallo por lo que esta no funcionara, para mas detalles del error consulte el reporte
2022-11-30 12:29:34,051 - root - ERROR - La pantalla anterior fallo por lo que esta no funcionara, para mas detalles del error consulte el reporte
2022-11-30 12:29:34,053 - root - ERROR - La pantalla anterior fallo por lo que esta no funcionara, para mas detalles del error consulte el reporte
2022-11-30 12:29:34,054 - root - ERROR - La pantalla anterior fallo por lo que esta no funcionara, para mas detalles del error consulte el reporte
2022-11-30 12:29:34,056 - root - ERROR - La pantalla anterior fallo por lo que esta no funcionara, para mas detalles del error consulte el reporte
2022-11-30 12:29:34,057 - root - ERROR - La pantalla anterior fallo por lo que esta no funcionara, para mas detalles del error consulte el reporte
2022-11-30 12:29:34,058 - root - ERROR - La pantalla anterior fallo por lo que esta no funcionara, para mas detalles del error consulte el reporte
2022-11-30 12:29:38,250 - root - INFO -  Se cierra chrome
2022-11-30 12:32:33,328 - root - INFO -  Se abre el chrome
2022-11-30 12:32:34,257 - root - INFO -  Entra a la URL
2022-11-30 12:32:34,381 - root - INFO -  Maximiza la pantalla
2022-11-30 12:32:37,483 - root - INFO -  Escribe el usuario
2022-11-30 12:32:37,548 - root - INFO -  Escribe la contraseña
2022-11-30 12:32:37,613 - root - INFO -  Se dio clic en el boton ingresar
2022-11-30 12:32:38,278 - root - INFO -  Ejecutar Enterprise
2022-11-30 12:32:42,354 - root - INFO -  Cambia entre pestañas
2022-11-30 12:33:04,003 - root - INFO -  Abre la pantalla de Clasificación Vendedor
2022-11-30 12:33:04,004 - root - ERROR - La pantalla ejecutada no es correcta, revise si el xpath sigue siendo el mismo, para mas detalles del error consulte el reporte
2022-11-30 12:33:04,006 - root - INFO -  Captura: C:\xampp\htdocs\versiones\automatizaciones\AutoPWST\ScriptAmarillo\report\img  screen：20221130_12_33_04.png
2022-11-30 12:33:14,572 - root - ERROR - No se encontró el botón Cerrar la ventana modal, revise si el xpath sigue siendo el mismo, para mas detalles del error consulte el reporte
2022-11-30 12:33:17,574 - root - INFO -  Captura: C:\xampp\htdocs\versiones\automatizaciones\AutoPWST\ScriptAmarillo\report\img  screen：20221130_12_33_17.png
2022-11-30 12:33:17,773 - root - INFO -  Se presiona el boton 'Cerrar', para cerrar la pantalla.
2022-11-30 12:33:17,774 - root - ERROR - La pantalla anterior fallo por lo que esta no funcionara, para mas detalles del error consulte el reporte
2022-11-30 12:33:17,775 - root - ERROR - La pantalla anterior fallo por lo que esta no funcionara, para mas detalles del error consulte el reporte
2022-11-30 12:33:17,776 - root - ERROR - La pantalla anterior fallo por lo que esta no funcionara, para mas detalles del error consulte el reporte
2022-11-30 12:33:17,777 - root - ERROR - La pantalla anterior fallo por lo que esta no funcionara, para mas detalles del error consulte el reporte
2022-11-30 12:33:17,777 - root - ERROR - La pantalla anterior fallo por lo que esta no funcionara, para mas detalles del error consulte el reporte
2022-11-30 12:33:17,778 - root - ERROR - La pantalla anterior fallo por lo que esta no funcionara, para mas detalles del error consulte el reporte
2022-11-30 12:33:17,779 - root - ERROR - La pantalla anterior fallo por lo que esta no funcionara, para mas detalles del error consulte el reporte
2022-11-30 12:33:22,060 - root - INFO -  Se cierra chrome
2022-11-30 12:34:30,655 - root - INFO -  Se abre el chrome
2022-11-30 12:34:31,555 - root - INFO -  Entra a la URL
2022-11-30 12:34:31,676 - root - INFO -  Maximiza la pantalla
2022-11-30 12:34:34,757 - root - INFO -  Escribe el usuario
2022-11-30 12:34:34,822 - root - INFO -  Escribe la contraseña
2022-11-30 12:34:34,886 - root - INFO -  Se dio clic en el boton ingresar
2022-11-30 12:34:35,560 - root - INFO -  Ejecutar Enterprise
2022-11-30 12:34:39,672 - root - INFO -  Cambia entre pestañas
2022-11-30 12:35:01,295 - root - INFO -  Abre la pantalla de Clasificación Vendedor
2022-11-30 12:35:01,298 - root - ERROR - La pantalla ejecutada no es correcta, revise si el xpath sigue siendo el mismo, para mas detalles del error consulte el reporte
2022-11-30 12:35:01,300 - root - INFO -  Captura: C:\xampp\htdocs\versiones\automatizaciones\AutoPWST\ScriptAmarillo\report\img  screen：20221130_12_35_01.png
2022-11-30 12:35:11,878 - root - ERROR - No se encontró el botón Cerrar la ventana modal, revise si el xpath sigue siendo el mismo, para mas detalles del error consulte el reporte
2022-11-30 12:35:14,885 - root - INFO -  Captura: C:\xampp\htdocs\versiones\automatizaciones\AutoPWST\ScriptAmarillo\report\img  screen：20221130_12_35_14.png
2022-11-30 12:35:15,094 - root - INFO -  Se presiona el boton 'Cerrar', para cerrar la pantalla.
2022-11-30 12:35:15,096 - root - ERROR - La pantalla anterior fallo por lo que esta no funcionara, para mas detalles del error consulte el reporte
2022-11-30 12:35:15,098 - root - ERROR - La pantalla anterior fallo por lo que esta no funcionara, para mas detalles del error consulte el reporte
2022-11-30 12:35:15,099 - root - ERROR - La pantalla anterior fallo por lo que esta no funcionara, para mas detalles del error consulte el reporte
2022-11-30 12:35:24,994 - root - INFO -  Abre la pantalla de Clasificaciones 2
2022-11-30 12:35:25,044 - root - INFO -  La pantalla ejecutada es Clasifiaciones 2
2022-11-30 12:35:28,059 - root - INFO -  Captura: C:\xampp\htdocs\versiones\automatizaciones\AutoPWST\ScriptAmarillo\report\img  screen：20221130_12_35_28.png
2022-11-30 12:35:28,253 - root - INFO -  Se presiona el boton 'Nuevo', para crear un nuevo registro.
2022-11-30 12:35:33,290 - root - INFO -  Se abrio la pantalla para el ingreso de un registro nuevo.
2022-11-30 12:35:33,342 - root - INFO -  Ingresa el codigo del nuevo registro 
2022-11-30 12:35:36,448 - root - INFO -  Ingresa el codigo usuario del nuevo registro 
2022-11-30 12:35:39,568 - root - INFO -  Ingresa el codigo alternativo del nuevo registro 
2022-11-30 12:35:42,644 - root - INFO -  Ingresa la descripción del nuevo registro 
2022-11-30 12:35:45,648 - root - INFO -  Captura: C:\xampp\htdocs\versiones\automatizaciones\AutoPWST\ScriptAmarillo\report\img  screen：20221130_12_35_45.png
2022-11-30 12:35:45,828 - root - INFO -  Se da clic en el boton Guardar; se debe crear un nuevo registro.
2022-11-30 12:35:51,944 - root - ERROR - No se encontró el botón Refrescar, revise si el xpath sigue siendo el mismo, para mas detalles del error consulte el reporte
2022-11-30 12:35:54,947 - root - INFO -  Captura: C:\xampp\htdocs\versiones\automatizaciones\AutoPWST\ScriptAmarillo\report\img  screen：20221130_12_35_54.png
2022-11-30 12:36:15,312 - root - ERROR - No se encontró el botón Cerrar la ventana modal, revise si el xpath sigue siendo el mismo, para mas detalles del error consulte el reporte
2022-11-30 12:36:18,328 - root - INFO -  Captura: C:\xampp\htdocs\versiones\automatizaciones\AutoPWST\ScriptAmarillo\report\img  screen：20221130_12_36_18.png
2022-11-30 12:36:20,679 - root - INFO -  Se presiona el boton 'Cerrar', para cerrar la pantalla.
2022-11-30 12:36:35,728 - root - ERROR - No se encontró el botón Refrescar, revise si el xpath sigue siendo el mismo, para mas detalles del error consulte el reporte
2022-11-30 12:36:38,736 - root - INFO -  Captura: C:\xampp\htdocs\versiones\automatizaciones\AutoPWST\ScriptAmarillo\report\img  screen：20221130_12_36_38.png
2022-11-30 12:36:43,105 - root - INFO -  Se cierra chrome
2022-11-30 12:36:54,755 - root - INFO -  Se abre el chrome
2022-11-30 12:36:55,587 - root - INFO -  Entra a la URL
2022-11-30 12:36:55,716 - root - INFO -  Maximiza la pantalla
2022-11-30 12:36:58,983 - root - INFO -  Escribe el usuario
2022-11-30 12:36:59,171 - root - INFO -  Escribe la contraseña
2022-11-30 12:36:59,343 - root - INFO -  Se dio clic en el boton ingresar
2022-11-30 12:37:00,933 - root - INFO -  Ejecutar Enterprise
2022-11-30 12:37:05,170 - root - INFO -  Cambia entre pestañas
2022-11-30 12:37:28,608 - root - INFO -  Abre la pantalla de Clasificación Vendedor
2022-11-30 12:37:28,612 - root - ERROR - La pantalla ejecutada no es correcta, revise si el xpath sigue siendo el mismo, para mas detalles del error consulte el reporte
2022-11-30 12:37:28,615 - root - INFO -  Captura: C:\xampp\htdocs\versiones\automatizaciones\AutoPWST\ScriptAmarillo\report\img  screen：20221130_12_37_28.png
2022-11-30 12:37:39,234 - root - ERROR - No se encontró el botón Cerrar la ventana modal, revise si el xpath sigue siendo el mismo, para mas detalles del error consulte el reporte
2022-11-30 12:37:42,248 - root - INFO -  Captura: C:\xampp\htdocs\versiones\automatizaciones\AutoPWST\ScriptAmarillo\report\img  screen：20221130_12_37_42.png
2022-11-30 12:37:42,665 - root - INFO -  Se presiona el boton 'Cerrar', para cerrar la pantalla.
2022-11-30 12:37:42,667 - root - ERROR - La pantalla anterior fallo por lo que esta no funcionara, para mas detalles del error consulte el reporte
2022-11-30 12:37:42,668 - root - ERROR - La pantalla anterior fallo por lo que esta no funcionara, para mas detalles del error consulte el reporte
2022-11-30 12:37:42,670 - root - ERROR - La pantalla anterior fallo por lo que esta no funcionara, para mas detalles del error consulte el reporte
2022-11-30 12:38:07,601 - root - INFO -  Abre la pantalla de Clasificaciones 2
2022-11-30 12:38:07,756 - root - INFO -  La pantalla ejecutada es Clasifiaciones 2
2022-11-30 12:38:10,771 - root - INFO -  Captura: C:\xampp\htdocs\versiones\automatizaciones\AutoPWST\ScriptAmarillo\report\img  screen：20221130_12_38_10.png
2022-11-30 12:38:11,357 - root - INFO -  Se presiona el boton 'Nuevo', para crear un nuevo registro.
2022-11-30 12:38:16,488 - root - INFO -  Se abrio la pantalla para el ingreso de un registro nuevo.
2022-11-30 12:38:16,728 - root - INFO -  Ingresa el codigo del nuevo registro 
2022-11-30 12:38:20,018 - root - INFO -  Ingresa el codigo usuario del nuevo registro 
2022-11-30 12:38:23,281 - root - INFO -  Ingresa el codigo alternativo del nuevo registro 
2022-11-30 12:38:26,635 - root - INFO -  Ingresa la descripción del nuevo registro 
2022-11-30 12:38:29,643 - root - INFO -  Captura: C:\xampp\htdocs\versiones\automatizaciones\AutoPWST\ScriptAmarillo\report\img  screen：20221130_12_38_29.png
2022-11-30 12:38:29,948 - root - INFO -  Se da clic en el boton Guardar; se debe crear un nuevo registro.
2022-11-30 12:38:35,142 - root - INFO -  Se presiona el boton 'Refrescar', para crear un nuevo registro igual al anterior.
2022-11-30 12:38:44,827 - root - INFO -  Se da clic en el registro creado, para proceder a modificarlo.
2022-11-30 12:38:48,086 - root - INFO -  Se modifica el contenido del campo Codigo Alternativo
2022-11-30 12:38:51,433 - root - INFO -  Ingresa el codigo usuario del nuevo registro 
2022-11-30 12:38:54,673 - root - INFO -  Se modifica el contenido del campo Descripcion
2022-11-30 12:38:57,682 - root - INFO -  Captura: C:\xampp\htdocs\versiones\automatizaciones\AutoPWST\ScriptAmarillo\report\img  screen：20221130_12_38_57.png
2022-11-30 12:38:58,004 - root - INFO -  Se da clic en el boton Guardar; se debe modificar la informacion del registro.
2022-11-30 12:39:03,144 - root - INFO -  Se presiona el boton 'Refrescar', para proceder a eliminar el registro.
2022-11-30 12:39:12,761 - root - INFO -  Se da clic en el registro creado, para proceder a eliminarlo.
2022-11-30 12:39:20,976 - root - INFO -  Se presiona el boton 'Eliminar', para eliminar el registro.
2022-11-30 12:39:20,979 - root - INFO -  Captura: C:\xampp\htdocs\versiones\automatizaciones\AutoPWST\ScriptAmarillo\report\img  screen：20221130_12_39_20.png
2022-11-30 12:39:21,294 - root - INFO -  Se confirma el eliminado del registro
2022-11-30 12:39:26,445 - root - INFO -  Se presiona el boton 'Refrescar', para crear un nuevo registro igual al anterior.
2022-11-30 12:39:31,627 - root - INFO -  Se presiona el boton 'Cerrar', para cerrar la pantalla de Categorias Fiscales.
2022-11-30 12:39:38,118 - root - INFO -  Se cierra chrome
2022-11-30 12:41:19,031 - root - INFO -  Se abre el chrome
2022-11-30 12:41:19,794 - root - INFO -  Entra a la URL
2022-11-30 12:41:19,922 - root - INFO -  Maximiza la pantalla
2022-11-30 12:41:23,078 - root - INFO -  Escribe el usuario
2022-11-30 12:41:23,210 - root - INFO -  Escribe la contraseña
2022-11-30 12:41:23,343 - root - INFO -  Se dio clic en el boton ingresar
2022-11-30 12:41:24,069 - root - INFO -  Ejecutar Enterprise
2022-11-30 12:41:28,142 - root - INFO -  Cambia entre pestañas
2022-11-30 12:41:51,224 - root - INFO -  Abre la pantalla de Clasificación Vendedor
2022-11-30 12:41:51,380 - root - INFO -  La pantalla ejecutada es Clasificación Vendedor.
2022-11-30 12:41:51,383 - root - INFO -  Captura: C:\xampp\htdocs\versiones\automatizaciones\AutoPWST\ScriptAmarillo\report\img  screen：20221130_12_41_51.png
2022-11-30 12:41:52,111 - root - INFO -  Se presiona el boton 'Nuevo', para crear un nuevo registro.
2022-11-30 12:41:52,774 - root - INFO -  Se abrio la pantalla para el ingreso de un registro nuevo.
2022-11-30 12:41:52,970 - root - INFO -  Ingresa el codigo del nuevo registro 
2022-11-30 12:41:56,284 - root - INFO -  Ingresa la descripción del nuevo registro 
2022-11-30 12:41:59,298 - root - INFO -  Captura: C:\xampp\htdocs\versiones\automatizaciones\AutoPWST\ScriptAmarillo\report\img  screen：20221130_12_41_59.png
2022-11-30 12:41:59,791 - root - INFO -  Se da clic en el boton Guardar; se debe crear un nuevo registro.
2022-11-30 12:42:05,006 - root - INFO -  Se presiona el boton 'Refrescar', para crear un nuevo registro igual al anterior.
2022-11-30 12:42:14,714 - root - INFO -  Se da clic en el registro creado, para proceder a modificarlo.
2022-11-30 12:42:18,049 - root - INFO -  Se modifica el contenido del campo Descripcion
2022-11-30 12:42:21,053 - root - INFO -  Captura: C:\xampp\htdocs\versiones\automatizaciones\AutoPWST\ScriptAmarillo\report\img  screen：20221130_12_42_21.png
2022-11-30 12:42:21,785 - root - INFO -  Se da clic en el boton Guardar; se debe modificar la informacion del registro.
2022-11-30 12:42:26,982 - root - INFO -  Se presiona el boton 'Refrescar', para proceder a eliminar el registro.
2022-11-30 12:42:36,581 - root - INFO -  Se da clic en el registro creado, para proceder a eliminarlo.
2022-11-30 12:42:39,594 - root - ERROR - No se encontró el botón Eliminar, revise si el xpath sigue siendo el mismo, para mas detalles del error consulte el reporte
2022-11-30 12:42:42,604 - root - INFO -  Captura: C:\xampp\htdocs\versiones\automatizaciones\AutoPWST\ScriptAmarillo\report\img  screen：20221130_12_42_42.png
2022-11-30 12:42:58,393 - root - ERROR - No se encontró el botón Cerrar la ventana modal, revise si el xpath sigue siendo el mismo, para mas detalles del error consulte el reporte
2022-11-30 12:43:01,410 - root - INFO -  Captura: C:\xampp\htdocs\versiones\automatizaciones\AutoPWST\ScriptAmarillo\report\img  screen：20221130_12_43_01.png
2022-11-30 12:43:01,726 - root - INFO -  Se presiona el boton 'Cerrar', para cerrar la pantalla.
2022-11-30 12:43:08,385 - root - ERROR - No se pudo encontrar el menu indicado, revise si el xpath sigue siendo el mismo, para mas detalles del error consulte el reporte
2022-11-30 12:43:11,397 - root - INFO -  Captura: C:\xampp\htdocs\versiones\automatizaciones\AutoPWST\ScriptAmarillo\report\img  screen：20221130_12_43_11.png
2022-11-30 12:52:43,975 - root - INFO -  Se abre el chrome
2022-11-30 12:52:45,553 - root - INFO -  Entra a la URL
2022-11-30 12:52:45,688 - root - INFO -  Maximiza la pantalla
2022-11-30 12:52:48,909 - root - INFO -  Escribe el usuario
2022-11-30 12:52:49,031 - root - INFO -  Escribe la contraseña
2022-11-30 12:52:49,153 - root - INFO -  Se dio clic en el boton ingresar
2022-11-30 12:52:49,888 - root - INFO -  Ejecutar Enterprise
2022-11-30 12:52:53,969 - root - INFO -  Cambia entre pestañas
2022-11-30 12:53:16,128 - root - INFO -  Abre la pantalla de Clasificación Vendedor
2022-11-30 12:53:16,267 - root - INFO -  La pantalla ejecutada es Clasificación Vendedor.
2022-11-30 12:53:16,270 - root - INFO -  Captura: C:\xampp\htdocs\versiones\automatizaciones\AutoPWST\ScriptAmarillo\report\img  screen：20221130_12_53_16.png
2022-11-30 12:53:16,922 - root - INFO -  Se presiona el boton 'Nuevo', para crear un nuevo registro.
2022-11-30 12:53:17,589 - root - INFO -  Se abrio la pantalla para el ingreso de un registro nuevo.
2022-11-30 12:53:17,795 - root - INFO -  Ingresa el codigo del nuevo registro 
2022-11-30 12:53:21,148 - root - INFO -  Ingresa la descripción del nuevo registro 
2022-11-30 12:53:24,156 - root - INFO -  Captura: C:\xampp\htdocs\versiones\automatizaciones\AutoPWST\ScriptAmarillo\report\img  screen：20221130_12_53_24.png
2022-11-30 12:53:24,822 - root - INFO -  Se da clic en el boton Guardar; se debe crear un nuevo registro.
2022-11-30 12:53:30,037 - root - INFO -  Se presiona el boton 'Refrescar', para crear un nuevo registro igual al anterior.
2022-11-30 12:53:39,674 - root - INFO -  Se da clic en el registro creado, para proceder a modificarlo.
2022-11-30 12:53:42,685 - root - ERROR - No se pudo encontrar el campo para modificar la descripcion, revise si el xpath sigue siendo el mismo, para mas detalles del error consulte el reporte
2022-11-30 12:53:45,700 - root - INFO -  Captura: C:\xampp\htdocs\versiones\automatizaciones\AutoPWST\ScriptAmarillo\report\img  screen：20221130_12_53_45.png
2022-11-30 12:53:45,886 - root - INFO -  Se presiona el boton 'Cerrar', para cerrar la ventana modal.
2022-11-30 12:53:46,171 - root - INFO -  Se presiona el boton 'Refrescar', para proceder a eliminar el registro.
2022-11-30 12:53:55,744 - root - INFO -  Se da clic en el registro creado, para proceder a eliminarlo.
2022-11-30 12:53:58,829 - root - INFO -  Se presiona el boton 'Eliminar', para eliminar el registro.
2022-11-30 12:54:03,835 - root - INFO -  Captura: C:\xampp\htdocs\versiones\automatizaciones\AutoPWST\ScriptAmarillo\report\img  screen：20221130_12_54_03.png
2022-11-30 12:54:04,030 - root - INFO -  Se confirma el eliminado del registro
2022-11-30 12:54:09,093 - root - INFO -  Se presiona el boton 'Refrescar', para crear un nuevo registro igual al anterior.
2022-11-30 12:54:14,179 - root - INFO -  Se presiona el boton 'Cerrar', para cerrar la pantalla de Categorias Fiscales.
2022-11-30 12:54:26,092 - root - INFO -  Abre la pantalla de Clasificaciones 2
2022-11-30 12:54:26,140 - root - INFO -  La pantalla ejecutada es Clasifiaciones 2
2022-11-30 12:54:29,158 - root - INFO -  Captura: C:\xampp\htdocs\versiones\automatizaciones\AutoPWST\ScriptAmarillo\report\img  screen：20221130_12_54_29.png
2022-11-30 12:54:29,353 - root - INFO -  Se presiona el boton 'Nuevo', para crear un nuevo registro.
2022-11-30 12:54:34,391 - root - INFO -  Se abrio la pantalla para el ingreso de un registro nuevo.
2022-11-30 12:54:34,438 - root - INFO -  Ingresa el codigo del nuevo registro 
2022-11-30 12:54:37,533 - root - INFO -  Ingresa el codigo usuario del nuevo registro 
2022-11-30 12:54:40,617 - root - INFO -  Ingresa el codigo alternativo del nuevo registro 
2022-11-30 12:54:43,703 - root - INFO -  Ingresa la descripción del nuevo registro 
2022-11-30 12:54:46,712 - root - INFO -  Captura: C:\xampp\htdocs\versiones\automatizaciones\AutoPWST\ScriptAmarillo\report\img  screen：20221130_12_54_46.png
2022-11-30 12:54:46,915 - root - INFO -  Se da clic en el boton Guardar; se debe crear un nuevo registro.
2022-11-30 12:54:51,995 - root - INFO -  Se presiona el boton 'Refrescar', para crear un nuevo registro igual al anterior.
2022-11-30 12:55:01,570 - root - INFO -  Se da clic en el registro creado, para proceder a modificarlo.
2022-11-30 12:55:04,707 - root - INFO -  Se modifica el contenido del campo Codigo Alternativo
2022-11-30 12:55:07,828 - root - INFO -  Ingresa el codigo usuario del nuevo registro 
2022-11-30 12:55:10,844 - root - ERROR - No se pudo encontrar el campo para modificar la descripcion, revise si el xpath sigue siendo el mismo, para mas detalles del error consulte el reporte
2022-11-30 12:55:13,852 - root - INFO -  Captura: C:\xampp\htdocs\versiones\automatizaciones\AutoPWST\ScriptAmarillo\report\img  screen：20221130_12_55_13.png
2022-11-30 12:55:14,045 - root - INFO -  Se presiona el boton 'Cerrar', para cerrar la ventana modal.
2022-11-30 12:55:14,152 - root - INFO -  Se presiona el boton 'Cerrar', para cerrar la pantalla.
2022-11-30 12:55:29,249 - root - ERROR - No se encontró el botón Refrescar, revise si el xpath sigue siendo el mismo, para mas detalles del error consulte el reporte
2022-11-30 12:55:32,256 - root - INFO -  Captura: C:\xampp\htdocs\versiones\automatizaciones\AutoPWST\ScriptAmarillo\report\img  screen：20221130_12_55_32.png
2022-11-30 12:55:36,728 - root - INFO -  Se cierra chrome
