2022-12-19 13:58:13,586 - root - INFO -  Se abre el chrome
2022-12-19 13:58:14,579 - root - INFO -  Entra a la URL
2022-12-19 13:58:14,740 - root - INFO -  Maximiza la pantalla
2022-12-19 13:58:17,868 - root - INFO -  Escribe el usuario
2022-12-19 13:58:17,983 - root - INFO -  Escribe la contraseña
2022-12-19 13:58:18,095 - root - INFO -  Se dio clic en el boton ingresar
2022-12-19 13:58:18,852 - root - INFO -  Ejecutar Enterprise
2022-12-19 13:58:22,911 - root - INFO -  Cambia entre pestañas
2022-12-19 13:58:33,106 - root - INFO -  Abre la pantalla de Politicas de Venta
2022-12-19 13:58:34,178 - root - INFO -  La pantalla ejecutada es Politicas de Venta
2022-12-19 13:58:34,179 - root - INFO -  Captura: C:\xampp\htdocs\Versiones\automatizaciones\AutoPWST\05PV\report\img  screen：20221219_13_58_34.png
2022-12-19 13:58:34,405 - root - INFO -  Se presiona el boton 'Nuevo', para crear un nuevo registro.
2022-12-19 13:58:35,163 - root - INFO -  Se abrio la pantalla para el ingreso de un registro nuevo.
2022-12-19 13:58:35,230 - root - INFO -  El campo 'Codigo' si se encuentra visible.
2022-12-19 13:58:35,325 - root - INFO -  El campo 'Codigo Alternativo' si se encuentra visible.
2022-12-19 13:58:35,367 - root - INFO -  El campo 'Descrición' si se encuentra visible.
2022-12-19 13:58:35,407 - root - INFO -  El campo 'Moneda' si se encuentra visible.
2022-12-19 13:58:35,449 - root - INFO -  El campo 'Aplicable en' si se encuentra visible.
2022-12-19 13:58:35,491 - root - INFO -  El campo 'Activa' si se encuentra visible.
2022-12-19 13:58:35,534 - root - INFO -  El campo 'Aplicación Global' si se encuentra visible.
2022-12-19 13:58:35,612 - root - INFO -  Ingresa el codigo del nuevo registro 
2022-12-19 13:58:35,740 - root - INFO -  Ingresa el codigo alternativo del nuevo registro 
2022-12-19 13:58:35,942 - root - INFO -  Ingresa la descripción del nuevo registro 
2022-12-19 13:58:36,943 - root - INFO -  Se dió doble click en el registro de Moneda.
2022-12-19 13:58:37,545 - root - INFO -  Se dió click en la opción BackOffice y Mobile.
2022-12-19 13:58:37,629 - root - INFO -  Se dió click en el checkbox Activa.
2022-12-19 13:58:37,717 - root - INFO -  Se dió click en el checkbox Aplicación Global.
2022-12-19 13:58:37,802 - root - INFO - Se hace el cambio a la pestaña Por Articulo para continuar con el registro nuevo
2022-12-19 13:58:38,474 - root - INFO -  Se presiona el boton 'Nuevo', para crear un nuevo registro de Por Articulo.
2022-12-19 13:58:39,097 - root - INFO -  El campo 'Artículo' si se encuentra visible.
2022-12-19 13:58:39,229 - root - INFO -  El campo 'Porcentaje de Descuento' si se encuentra visible.
2022-12-19 13:58:39,272 - root - INFO -  El campo 'Tope Descuento 1' si se encuentra visible.
2022-12-19 13:58:39,316 - root - INFO -  El campo 'Tope Descuento 2' si se encuentra visible.
2022-12-19 13:58:39,462 - root - INFO -  Ingresa el Articulo del nuevo registro 
2022-12-19 13:58:39,582 - root - INFO -  Ingresa el Porcentaje de Descuento del nuevo registro 
2022-12-19 13:58:39,738 - root - INFO -  Ingresa el Tope Descuento 1 del nuevo registro 
2022-12-19 13:58:40,133 - root - INFO -  Ingresa el Tope Descuento 2 del nuevo registro 
2022-12-19 13:58:40,253 - root - INFO -  Se presiona el boton 'Guardar', para guardar el registro de Por Articulo.
2022-12-19 13:58:40,635 - root - INFO -  Se da clic en el boton Guardar; se debe crear un nuevo registro.
2022-12-19 13:58:41,384 - root - INFO -  Se presiona el boton 'Refrescar', para crear un nuevo registro igual al anterior.
2022-12-19 13:58:43,509 - root - INFO -  Se presiona el boton 'Nuevo', para crear un nuevo registro igual al anterior.
2022-12-19 13:58:44,085 - root - INFO -  Se abrio la pantalla para el ingreso de un registro nuevo.
2022-12-19 13:58:44,213 - root - INFO -  Ingresa el codigo del nuevo registro 
2022-12-19 13:58:44,324 - root - INFO -  Ingresa el codigo alternativo del nuevo registro 
2022-12-19 13:58:44,523 - root - INFO -  Ingresa la descripción del nuevo registro 
2022-12-19 13:58:45,514 - root - INFO -  Se dió doble click en el registro de Moneda.
2022-12-19 13:58:46,114 - root - INFO -  Se dió click en la opción BackOffice y Mobile.
2022-12-19 13:58:46,204 - root - INFO -  Se dió click en el checkbox Activa.
2022-12-19 13:58:46,284 - root - INFO -  Se dió click en el checkbox Aplicación Global.
2022-12-19 13:58:46,370 - root - INFO -  Se da clic en el boton Guardar; NO se debe crear un nuevo registro.
2022-12-19 13:58:49,371 - root - INFO -  Captura: C:\xampp\htdocs\Versiones\automatizaciones\AutoPWST\05PV\report\img  screen：20221219_13_58_49.png
2022-12-19 13:58:49,631 - root - INFO -  Se presiona el boton 'Cerrar', para cerrar el mensaje de duplicidad de llave primaria
2022-12-19 13:58:49,749 - root - INFO -  Se presiona el boton 'Cerrar', para cerrar la ventana
2022-12-19 13:58:49,904 - root - INFO -  Se presiona el boton 'Refrescar', para proceder a modificar el registro.
2022-12-19 13:58:52,595 - root - INFO -  Se da clic en el registro creado, para proceder a modificarlo.
2022-12-19 13:59:00,071 - root - INFO -  Se modifica el contenido del campo Codigo Alternativo
2022-12-19 13:59:00,316 - root - INFO -  Se modifica el contenido del campo Descripcion
2022-12-19 13:59:00,391 - root - INFO -  Se dió click en el checkbox Aplicación Global.
2022-12-19 13:59:00,488 - root - INFO - Se hace el cambio a la pestaña Por Articulo para continuar con la modificación del registro
2022-12-19 13:59:01,615 - root - INFO -  Se da clic en el registro de Por Articulo, para proceder a modificarlo.
2022-12-19 13:59:02,473 - root - INFO -  Se modifica el contenido del campo Articulo 
2022-12-19 13:59:02,643 - root - INFO -  Se modifica el contenido del campo Porcentaje de Descuento 
2022-12-19 13:59:03,071 - root - INFO -  Se presiona el boton 'Guardar', para guardar la modificación del registro de Por Articulo.
2022-12-19 13:59:03,292 - root - INFO -  Se da clic en el boton Guardar; se debe modificar la informacion del registro.
2022-12-19 13:59:03,836 - root - INFO -  Se presiona el boton 'Refrescar', para proceder a eliminar el registro.
2022-12-19 13:59:06,475 - root - INFO -  Se da clic en el registro creado, para proceder a eliminarlo.
2022-12-19 13:59:07,078 - root - INFO - Se hace el cambio a la pestaña Por Articulo para continuar con la eliminación del registro
2022-12-19 13:59:08,287 - root - INFO -  Se da clic en el registro de Por articulo, para proceder a eliminarlo.
2022-12-19 13:59:08,387 - root - INFO -  Se presiona el boton 'Eliminar', para eliminar el registro de Por Articulo.
2022-12-19 13:59:08,546 - root - INFO -  Se da clic en el boton Guardar; se debe modificar la informacion del registro.
2022-12-19 13:59:09,156 - root - INFO -  Se da clic en el registro creado, para proceder a eliminarlo.
2022-12-19 13:59:09,261 - root - INFO -  Se presiona el boton 'Eliminar', para eliminar el registro.
2022-12-19 13:59:12,263 - root - INFO -  Captura: C:\xampp\htdocs\Versiones\automatizaciones\AutoPWST\05PV\report\img  screen：20221219_13_59_12.png
2022-12-19 13:59:12,540 - root - INFO -  Se confirma el eliminado del registro
2022-12-19 13:59:13,537 - root - INFO -  Se presiona el boton 'Refrescar', para verificar si el registro ha sido eliminado.
2022-12-19 13:59:15,667 - root - INFO -  Se presiona el boton 'Cerrar', para cerrar la pantalla de Politicas de Venta.
2022-12-19 13:59:20,136 - root - INFO -  Se cierra chrome
