2022-08-25 17:37:24,482 - root - INFO -  Se abre el chrome
2022-08-25 17:37:25,896 - root - INFO -  Entra a la URL
2022-08-25 17:37:26,037 - root - INFO -  Maximiza la pantalla
2022-08-25 17:37:29,102 - root - INFO -  Cambia al frame
2022-08-25 17:37:32,262 - root - INFO -  Escribe el usuario
2022-08-25 17:37:32,382 - root - INFO -  Escribe la contraseña
2022-08-25 17:37:32,527 - root - INFO -  Se dio clic en el boton ingresar
2022-08-25 17:37:33,834 - root - INFO -  Ejecutar Enterprise
2022-08-25 17:37:33,835 - root - INFO -  Captura: C:\xampp\htdocs\versiones\automatizaciones\AutoPWST\05PV\report\img  screen：20220825_17_37_33.png
2022-08-25 17:37:38,074 - root - INFO -  Cambia entre pestañas
2022-08-25 17:37:43,201 - root - INFO -  Abre el menu completo
2022-08-25 17:37:50,579 - root - ERROR - No se pudo encontrar el menu indicado, revise si el xpath sigue siendo el mismo, para mas detalles del error consulte el reporte
2022-08-25 17:37:53,593 - root - INFO -  Captura: C:\xampp\htdocs\versiones\automatizaciones\AutoPWST\05PV\report\img  screen：20220825_17_37_53.png
2022-08-25 17:37:54,061 - root - ERROR - La pantalla ejecutada no es correcta, revise si el xpath sigue siendo el mismo, para mas detalles del error consulte el reporte
2022-08-25 17:37:57,070 - root - INFO -  Captura: C:\xampp\htdocs\versiones\automatizaciones\AutoPWST\05PV\report\img  screen：20220825_17_37_57.png
2022-08-25 17:37:57,114 - root - ERROR - No se encontró el botón Refrescar, revise si el xpath sigue siendo el mismo, para mas detalles del error consulte el reporte
2022-08-25 17:38:00,130 - root - INFO -  Captura: C:\xampp\htdocs\versiones\automatizaciones\AutoPWST\05PV\report\img  screen：20220825_17_38_00.png
2022-08-25 17:38:00,161 - root - ERROR - No se encontró el botón Refrescar, revise si el xpath sigue siendo el mismo, para mas detalles del error consulte el reporte
2022-08-25 17:38:03,175 - root - INFO -  Captura: C:\xampp\htdocs\versiones\automatizaciones\AutoPWST\05PV\report\img  screen：20220825_17_38_03.png
2022-08-25 17:38:03,189 - root - ERROR - No se encontró el botón Refrescar, revise si el xpath sigue siendo el mismo, para mas detalles del error consulte el reporte
2022-08-25 17:38:06,192 - root - INFO -  Captura: C:\xampp\htdocs\versiones\automatizaciones\AutoPWST\05PV\report\img  screen：20220825_17_38_06.png
2022-08-25 17:38:12,827 - root - INFO -  Se abre el chrome
2022-08-25 17:38:14,338 - root - INFO -  Entra a la URL
2022-08-25 17:38:14,464 - root - INFO -  Maximiza la pantalla
2022-08-25 17:38:17,521 - root - INFO -  Cambia al frame
2022-08-25 17:38:20,613 - root - INFO -  Escribe el usuario
2022-08-25 17:38:20,724 - root - INFO -  Escribe la contraseña
2022-08-25 17:38:20,870 - root - INFO -  Se dio clic en el boton ingresar
2022-08-25 17:38:22,186 - root - INFO -  Ejecutar Enterprise
2022-08-25 17:38:22,188 - root - INFO -  Captura: C:\xampp\htdocs\versiones\automatizaciones\AutoPWST\05PV\report\img  screen：20220825_17_38_22.png
2022-08-25 17:38:26,425 - root - INFO -  Cambia entre pestañas
2022-08-25 17:38:31,539 - root - INFO -  Abre el menu completo
2022-08-25 17:38:46,466 - root - INFO -  Abre la pantalla de Politicas de Venta
2022-08-25 17:38:46,535 - root - INFO -  La pantalla ejecutada es Politicas de Venta
2022-08-25 17:38:49,543 - root - INFO -  Captura: C:\xampp\htdocs\versiones\automatizaciones\AutoPWST\05PV\report\img  screen：20220825_17_38_49.png
2022-08-25 17:38:49,736 - root - INFO -  Se presiona el boton 'Nuevo', para crear un nuevo registro.
2022-08-25 17:38:54,788 - root - INFO -  Se abrio la pantalla para el ingreso de un registro nuevo.
2022-08-25 17:38:54,829 - root - INFO -  El campo 'Codigo' si se encuentra visible.
2022-08-25 17:38:54,867 - root - INFO -  El campo 'Codigo Alternativo' si se encuentra visible.
2022-08-25 17:38:54,905 - root - INFO -  El campo 'Descrición' si se encuentra visible.
2022-08-25 17:38:54,944 - root - INFO -  El campo 'Fecha Desde' si se encuentra visible.
2022-08-25 17:38:54,984 - root - INFO -  El campo 'Fecha Hasta' si se encuentra visible.
2022-08-25 17:38:55,023 - root - INFO -  El campo 'Moneda' si se encuentra visible.
2022-08-25 17:38:55,062 - root - INFO -  El campo 'Aplicable en' si se encuentra visible.
2022-08-25 17:38:55,101 - root - INFO -  El campo 'Activa' si se encuentra visible.
2022-08-25 17:38:55,141 - root - INFO -  El campo 'Aplicación Global' si se encuentra visible.
2022-08-25 17:38:55,270 - root - INFO -  Ingresa el codigo del nuevo registro 
2022-08-25 17:38:58,394 - root - INFO -  Ingresa el codigo alternativo del nuevo registro 
2022-08-25 17:39:01,561 - root - INFO -  Ingresa la descripción del nuevo registro 
2022-08-25 17:39:13,200 - root - INFO -  Ingresa la Fecha hasta del nuevo registro 
2022-08-25 17:39:53,837 - root - INFO - Se hace el cambio de pestaña para continuar con el registro nuevo
2022-08-25 17:39:56,925 - root - INFO -  Se presiona el boton 'Nuevo', para crear un nuevo registro.
2022-08-25 17:40:01,993 - root - INFO -  El campo 'Artículo' si se encuentra visible.
2022-08-25 17:40:02,033 - root - INFO -  El campo 'Porcentaje de Descuento' si se encuentra visible.
2022-08-25 17:40:02,074 - root - INFO -  El campo 'Tope Descuento 1' si se encuentra visible.
2022-08-25 17:40:02,117 - root - INFO -  El campo 'Tope Descuento 2' si se encuentra visible.
2022-08-25 17:40:02,318 - root - INFO -  Ingresa el Articulo del nuevo registro 
2022-08-25 17:40:12,464 - root - INFO -  Ingresa el Porcentaje de Descuento del nuevo registro 
2022-08-25 17:40:15,583 - root - INFO -  Ingresa el Tope Descuento 1 del nuevo registro 
2022-08-25 17:40:18,698 - root - INFO -  Ingresa el Tope Descuento 2 del nuevo registro 
2022-08-25 17:40:21,716 - root - INFO -  Captura: C:\xampp\htdocs\versiones\automatizaciones\AutoPWST\05PV\report\img  screen：20220825_17_40_21.png
2022-08-25 17:40:21,950 - root - INFO -  Se presiona el boton 'Guardar', para guardar el registro.
2022-08-25 17:40:27,050 - root - INFO -  Se da clic en el boton Guardar; se debe crear un nuevo registro.
2022-08-25 17:40:32,169 - root - INFO -  Se presiona el boton 'Refrescar', para crear un nuevo registro igual al anterior.
2022-08-25 17:40:37,259 - root - INFO -  Se presiona el boton 'Nuevo', para crear un nuevo registro igual al anterior.
2022-08-25 17:40:42,339 - root - INFO -  Se abrio la pantalla para el ingreso de un registro nuevo.
2022-08-25 17:40:42,380 - root - INFO -  El campo 'Codigo' si se encuentra visible.
2022-08-25 17:40:42,421 - root - INFO -  El campo 'Codigo Alternativo' si se encuentra visible.
2022-08-25 17:40:42,461 - root - INFO -  El campo 'Descrición' si se encuentra visible.
2022-08-25 17:40:42,501 - root - INFO -  El campo 'Fecha Desde' si se encuentra visible.
2022-08-25 17:40:42,542 - root - INFO -  El campo 'Fecha Hasta' si se encuentra visible.
2022-08-25 17:40:42,581 - root - INFO -  El campo 'Moneda' si se encuentra visible.
2022-08-25 17:40:42,624 - root - INFO -  El campo 'Aplicable en' si se encuentra visible.
2022-08-25 17:40:42,664 - root - INFO -  El campo 'Activa' si se encuentra visible.
2022-08-25 17:40:42,704 - root - INFO -  El campo 'Aplicación Global' si se encuentra visible.
2022-08-25 17:40:42,820 - root - INFO -  Ingresa el codigo del nuevo registro 
2022-08-25 17:40:45,960 - root - INFO -  Ingresa el codigo alternativo del nuevo registro 
2022-08-25 17:40:49,146 - root - INFO -  Ingresa la descripción del nuevo registro 
2022-08-25 17:41:00,841 - root - INFO -  Ingresa la Fecha hasta del nuevo registro 
2022-08-25 17:41:41,479 - root - INFO -  Se da clic en el boton Guardar; se debe crear un nuevo registro.
2022-08-25 17:41:46,489 - root - INFO -  Captura: C:\xampp\htdocs\versiones\automatizaciones\AutoPWST\05PV\report\img  screen：20220825_17_41_46.png
2022-08-25 17:41:46,712 - root - INFO -  Se presiona el boton 'Cerrar', para cerrar el mensaje de duplicidad de llave primaria
2022-08-25 17:41:49,808 - root - INFO -  Se presiona el boton 'Cerrar', para cerrar la ventana
2022-08-25 17:41:54,024 - root - INFO -  Se presiona el boton 'Refrescar', para crear un nuevo registro igual al anterior.
2022-08-25 17:42:03,658 - root - INFO -  Se da clic en el registro creado, para proceder a modificarlo.
2022-08-25 17:42:08,886 - root - INFO -  Se modifica el contenido del campo Codigo Alternativo
2022-08-25 17:42:12,128 - root - INFO -  Se modifica el contenido del campo Descripcion
2022-08-25 17:42:23,859 - root - INFO -  Ingresa la Fecha hasta del nuevo registro 
2022-08-25 17:43:04,495 - root - INFO - Se hace el cambio de pestaña para continuar con el registro nuevo
2022-08-25 17:43:12,116 - root - INFO -  Se da clic en el registro creado, para proceder a modificarlo.
2022-08-25 17:43:15,361 - root - INFO -  Ingresa el Articulo del nuevo registro 
2022-08-25 17:43:25,565 - root - INFO -  Ingresa el Porcentaje de Descuento del nuevo registro 
2022-08-25 17:43:28,577 - root - INFO -  Captura: C:\xampp\htdocs\versiones\automatizaciones\AutoPWST\05PV\report\img  screen：20220825_17_43_28.png
2022-08-25 17:43:28,793 - root - INFO -  Se presiona el boton 'Guardar', para guardar el registro.
2022-08-25 17:43:33,903 - root - INFO -  Se da clic en el boton Guardar; se debe modificar la informacion del registro.
2022-08-25 17:43:39,003 - root - INFO -  Se presiona el boton 'Refrescar', para proceder a eliminar el registro.
2022-08-25 17:43:48,633 - root - INFO -  Se da clic en el registro creado, para proceder a eliminarlo.
2022-08-25 17:43:53,740 - root - INFO - Se hace el cambio de pestaña para continuar con el registro nuevo
2022-08-25 17:44:01,348 - root - INFO -  Se da clic en el registro creado, para proceder a modificarlo.
2022-08-25 17:44:09,468 - root - INFO -  Se presiona el boton 'Eliminar', para eliminar el registro.
2022-08-25 17:44:09,574 - root - INFO -  Se da clic en el boton Guardar; se debe modificar la informacion del registro.
2022-08-25 17:44:19,186 - root - INFO -  Se da clic en el registro creado, para proceder a eliminarlo.
2022-08-25 17:44:27,290 - root - INFO -  Se presiona el boton 'Eliminar', para eliminar el registro.
2022-08-25 17:44:27,291 - root - INFO -  Captura: C:\xampp\htdocs\versiones\automatizaciones\AutoPWST\05PV\report\img  screen：20220825_17_44_27.png
2022-08-25 17:44:27,505 - root - INFO -  Se confirma el eliminado del registro
2022-08-25 17:44:32,590 - root - INFO -  Se presiona el boton 'Refrescar', para crear un nuevo registro igual al anterior.
2022-08-25 17:44:37,701 - root - INFO -  Se presiona el boton 'Cerrar', para cerrar la pantalla de Categorias Fiscales.
2022-08-25 17:44:41,936 - root - INFO -  Se cierra chrome
