2022-08-31 18:14:50,465 - root - INFO -  Se abre el chrome
2022-08-31 18:14:51,901 - root - INFO -  Entra a la URL
2022-08-31 18:14:52,026 - root - INFO -  Maximiza la pantalla
2022-08-31 18:14:55,104 - root - INFO -  Cambia al frame
2022-08-31 18:14:58,288 - root - INFO -  Escribe el usuario
2022-08-31 18:14:58,415 - root - INFO -  Escribe la contraseña
2022-08-31 18:14:58,559 - root - INFO -  Se dio clic en el boton ingresar
2022-08-31 18:14:59,349 - root - INFO -  Ejecutar Enterprise
2022-08-31 18:14:59,351 - root - INFO -  Captura: C:\xampp\htdocs\versiones\automatizaciones\AutoPWST\01TPCH\report\img  screen：20220831_18_14_59.png
2022-08-31 18:15:03,567 - root - INFO -  Cambia entre pestañas
2022-08-31 18:15:08,688 - root - INFO -  Abre el menu completo
2022-08-31 18:15:21,662 - root - INFO -  Abre la pantalla de Tipos de Cheques
2022-08-31 18:15:21,726 - root - INFO -  La pantalla ejecutada es Tipos de Cheques
2022-08-31 18:15:24,739 - root - INFO -  Captura: C:\xampp\htdocs\versiones\automatizaciones\AutoPWST\01TPCH\report\img  screen：20220831_18_15_24.png
2022-08-31 18:15:24,960 - root - INFO -  Se presiona el boton 'Nuevo', para crear un nuevo registro.
2022-08-31 18:15:30,086 - root - INFO -  Se abrio la pantalla para el ingreso de un registro nuevo.
2022-08-31 18:15:30,161 - root - INFO -  El campo 'Codigo' si se encuentra visible.
2022-08-31 18:15:30,213 - root - INFO -  El campo 'Descrición' si se encuentra visible.
2022-08-31 18:15:30,254 - root - INFO -  El campo 'Modo control vencimiento' si se encuentra visible.
2022-08-31 18:15:30,294 - root - INFO -  El campo 'Modo control cheques adeudados' si se encuentra visible.
2022-08-31 18:15:30,333 - root - INFO -  El campo 'Único medio de pago en el documento' si se encuentra visible.
2022-08-31 18:15:30,372 - root - INFO -  El campo 'Genera documento' si se encuentra visible.
2022-08-31 18:15:30,413 - root - INFO -  El campo 'Tipo documento cheque' si se encuentra visible.
2022-08-31 18:15:30,452 - root - INFO -  El campo 'Verificar vencimiento por límite de crédito' si se encuentra visible.
2022-08-31 18:15:30,493 - root - INFO -  El campo 'Liberar crédito' si se encuentra visible.
2022-08-31 18:15:30,559 - root - INFO -  Ingresa el codigo del nuevo registro 
2022-08-31 18:15:33,833 - root - INFO -  Ingresa la descripción del nuevo registro 
2022-08-31 18:16:24,356 - root - INFO -  Captura: C:\xampp\htdocs\versiones\automatizaciones\AutoPWST\01TPCH\report\img  screen：20220831_18_16_24.png
2022-08-31 18:16:24,584 - root - INFO - Se hace el cambio de pestaña para continuar con el registro nuevo
2022-08-31 18:16:27,694 - root - INFO -  Se presiona el boton 'Nuevo', para crear un nuevo registro.
2022-08-31 18:16:32,771 - root - INFO -  El campo 'Tipo Documento' si se encuentra visible.
2022-08-31 18:16:32,811 - root - INFO -  El campo 'Cuenta Contable' si se encuentra visible.
2022-08-31 18:16:32,852 - root - INFO -  El campo 'Centro Costo' si se encuentra visible.
2022-08-31 18:17:04,408 - root - INFO -  Se presiona el boton 'Aceptar', para guardar el registro.
2022-08-31 18:17:09,532 - root - INFO -  Se da clic en el boton Guardar; se debe crear un nuevo registro.
2022-08-31 18:17:14,626 - root - INFO -  Se presiona el boton 'Refrescar', para crear un nuevo registro igual al anterior.
2022-08-31 18:17:19,703 - root - INFO -  Se presiona el boton 'Nuevo', para crear un nuevo registro igual al anterior.
2022-08-31 18:17:24,758 - root - INFO -  Se abrio la pantalla para el ingreso de un registro nuevo.
2022-08-31 18:17:24,800 - root - INFO -  El campo 'Codigo' si se encuentra visible.
2022-08-31 18:17:24,844 - root - INFO -  El campo 'Descrición' si se encuentra visible.
2022-08-31 18:17:24,885 - root - INFO -  El campo 'Modo control vencimiento' si se encuentra visible.
2022-08-31 18:17:24,926 - root - INFO -  El campo 'Modo control cheques adeudados' si se encuentra visible.
2022-08-31 18:17:24,969 - root - INFO -  El campo 'Único medio de pago en el documento' si se encuentra visible.
2022-08-31 18:17:25,011 - root - INFO -  El campo 'Genera documento' si se encuentra visible.
2022-08-31 18:17:25,052 - root - INFO -  El campo 'Tipo documento cheque' si se encuentra visible.
2022-08-31 18:17:25,095 - root - INFO -  El campo 'Verificar vencimiento por límite de crédito' si se encuentra visible.
2022-08-31 18:17:25,135 - root - INFO -  El campo 'Liberar crédito' si se encuentra visible.
2022-08-31 18:17:25,195 - root - INFO -  Ingresa el codigo del nuevo registro 
2022-08-31 18:17:28,395 - root - INFO -  Ingresa la descripción del nuevo registro 
2022-08-31 18:18:18,622 - root - INFO -  Se da clic en el boton Guardar; se debe crear un nuevo registro.
2022-08-31 18:18:23,637 - root - INFO -  Captura: C:\xampp\htdocs\versiones\automatizaciones\AutoPWST\01TPCH\report\img  screen：20220831_18_18_23.png
2022-08-31 18:18:23,915 - root - INFO -  Se presiona el boton 'Cerrar', para cerrar el mensaje de duplicidad de llave primaria
2022-08-31 18:18:27,037 - root - INFO -  Se presiona el boton 'Cerrar', para cerrar la ventana
2022-08-31 18:18:31,127 - root - INFO -  Se presiona el boton 'Refrescar', para crear un nuevo registro igual al anterior.
2022-08-31 18:18:40,731 - root - INFO -  Se da clic en el registro creado, para proceder a modificarlo.
2022-08-31 18:18:44,042 - root - INFO -  Ingresa la descripción del nuevo registro 
2022-08-31 18:19:34,414 - root - INFO -  Captura: C:\xampp\htdocs\versiones\automatizaciones\AutoPWST\01TPCH\report\img  screen：20220831_18_19_34.png
2022-08-31 18:19:34,636 - root - INFO - Se hace el cambio de pestaña para continuar con el registro nuevo
2022-08-31 18:19:44,272 - root - INFO -  Se da clic en el registro creado, para proceder a modificarlo.
2022-08-31 18:20:21,191 - root - INFO -  Se presiona el boton 'Aceptar', para guardar el registro.
2022-08-31 18:20:26,314 - root - INFO -  Se da clic en el boton Guardar; se debe modificar la informacion del registro.
2022-08-31 18:20:31,441 - root - INFO -  Se presiona el boton 'Refrescar', para proceder a eliminar el registro.
2022-08-31 18:20:41,040 - root - INFO -  Se da clic en el registro creado, para proceder a eliminarlo.
2022-08-31 18:20:49,155 - root - INFO -  Se presiona el boton 'Eliminar', para eliminar el registro.
2022-08-31 18:20:49,157 - root - INFO -  Captura: C:\xampp\htdocs\versiones\automatizaciones\AutoPWST\01TPCH\report\img  screen：20220831_18_20_49.png
2022-08-31 18:20:49,377 - root - INFO -  Se confirma el eliminado del registro
2022-08-31 18:20:54,480 - root - INFO -  Se presiona el boton 'Refrescar', para crear un nuevo registro igual al anterior.
2022-08-31 18:20:59,579 - root - INFO -  Se presiona el boton 'Cerrar', para cerrar la pantalla de Categorias Fiscales.
2022-08-31 18:21:04,209 - root - INFO -  Se cierra chrome
2022-08-31 18:34:44,383 - root - INFO -  Se abre el chrome
2022-08-31 18:34:45,667 - root - INFO -  Entra a la URL
2022-08-31 18:34:45,795 - root - INFO -  Maximiza la pantalla
2022-08-31 18:34:48,845 - root - INFO -  Cambia al frame
2022-08-31 18:34:51,931 - root - INFO -  Escribe el usuario
2022-08-31 18:34:52,035 - root - INFO -  Escribe la contraseña
2022-08-31 18:34:52,169 - root - INFO -  Se dio clic en el boton ingresar
2022-08-31 18:34:52,972 - root - INFO -  Ejecutar Enterprise
2022-08-31 18:34:52,972 - root - INFO -  Captura: C:\xampp\htdocs\versiones\automatizaciones\AutoPWST\01TPCH\report\img  screen：20220831_18_34_52.png
2022-08-31 18:34:57,233 - root - INFO -  Cambia entre pestañas
2022-08-31 18:35:02,319 - root - INFO -  Abre el menu completo
2022-08-31 18:35:15,218 - root - INFO -  Abre la pantalla de Tipos de Cheques
2022-08-31 18:35:15,317 - root - INFO -  La pantalla ejecutada es Tipos de Cheques
2022-08-31 18:35:18,322 - root - INFO -  Captura: C:\xampp\htdocs\versiones\automatizaciones\AutoPWST\01TPCH\report\img  screen：20220831_18_35_18.png
2022-08-31 18:35:18,550 - root - INFO -  Se presiona el boton 'Nuevo', para crear un nuevo registro.
2022-08-31 18:35:23,624 - root - INFO -  Se abrio la pantalla para el ingreso de un registro nuevo.
2022-08-31 18:35:23,666 - root - INFO -  El campo 'Codigo' si se encuentra visible.
2022-08-31 18:35:23,706 - root - INFO -  El campo 'Descrición' si se encuentra visible.
2022-08-31 18:35:23,746 - root - INFO -  El campo 'Modo control vencimiento' si se encuentra visible.
2022-08-31 18:35:23,783 - root - INFO -  El campo 'Modo control cheques adeudados' si se encuentra visible.
2022-08-31 18:35:23,821 - root - INFO -  El campo 'Único medio de pago en el documento' si se encuentra visible.
2022-08-31 18:35:23,859 - root - INFO -  El campo 'Genera documento' si se encuentra visible.
2022-08-31 18:35:23,898 - root - INFO -  El campo 'Tipo documento cheque' si se encuentra visible.
2022-08-31 18:35:23,935 - root - INFO -  El campo 'Verificar vencimiento por límite de crédito' si se encuentra visible.
2022-08-31 18:35:23,974 - root - INFO -  El campo 'Liberar crédito' si se encuentra visible.
2022-08-31 18:35:24,044 - root - INFO -  Ingresa el codigo del nuevo registro 
2022-08-31 18:35:27,249 - root - INFO -  Ingresa la descripción del nuevo registro 
2022-08-31 18:35:30,379 - root - INFO -  Se da clic en el boton Guardar; se debe crear un nuevo registro.
2022-08-31 18:35:35,502 - root - INFO -  Se presiona el boton 'Refrescar', para crear un nuevo registro igual al anterior.
2022-08-31 18:35:40,599 - root - INFO -  Se presiona el boton 'Nuevo', para crear un nuevo registro igual al anterior.
2022-08-31 18:35:45,692 - root - INFO -  Se abrio la pantalla para el ingreso de un registro nuevo.
2022-08-31 18:35:45,730 - root - INFO -  El campo 'Codigo' si se encuentra visible.
2022-08-31 18:35:45,765 - root - INFO -  El campo 'Descrición' si se encuentra visible.
2022-08-31 18:35:45,802 - root - INFO -  El campo 'Modo control vencimiento' si se encuentra visible.
2022-08-31 18:35:45,835 - root - INFO -  El campo 'Modo control cheques adeudados' si se encuentra visible.
2022-08-31 18:35:45,869 - root - INFO -  El campo 'Único medio de pago en el documento' si se encuentra visible.
2022-08-31 18:35:45,903 - root - INFO -  El campo 'Genera documento' si se encuentra visible.
2022-08-31 18:35:45,937 - root - INFO -  El campo 'Tipo documento cheque' si se encuentra visible.
2022-08-31 18:35:45,970 - root - INFO -  El campo 'Verificar vencimiento por límite de crédito' si se encuentra visible.
2022-08-31 18:35:46,004 - root - INFO -  El campo 'Liberar crédito' si se encuentra visible.
2022-08-31 18:35:46,057 - root - INFO -  Ingresa el codigo del nuevo registro 
2022-08-31 18:35:49,284 - root - INFO -  Ingresa la descripción del nuevo registro 
2022-08-31 18:35:52,399 - root - INFO -  Se da clic en el boton Guardar; se debe crear un nuevo registro.
2022-08-31 18:35:57,414 - root - INFO -  Captura: C:\xampp\htdocs\versiones\automatizaciones\AutoPWST\01TPCH\report\img  screen：20220831_18_35_57.png
2022-08-31 18:35:57,623 - root - INFO -  Se presiona el boton 'Cerrar', para cerrar el mensaje de duplicidad de llave primaria
2022-08-31 18:36:00,733 - root - INFO -  Se presiona el boton 'Cerrar', para cerrar la ventana
2022-08-31 18:36:04,827 - root - INFO -  Se presiona el boton 'Refrescar', para crear un nuevo registro igual al anterior.
2022-08-31 18:36:14,472 - root - INFO -  Se da clic en el registro creado, para proceder a modificarlo.
2022-08-31 18:36:17,747 - root - INFO -  Ingresa la descripción del nuevo registro 
2022-08-31 18:36:20,868 - root - INFO -  Se da clic en el boton Guardar; se debe modificar la informacion del registro.
2022-08-31 18:36:25,953 - root - INFO -  Se presiona el boton 'Refrescar', para proceder a eliminar el registro.
2022-08-31 18:36:35,558 - root - INFO -  Se da clic en el registro creado, para proceder a eliminarlo.
2022-08-31 18:36:43,663 - root - INFO -  Se presiona el boton 'Eliminar', para eliminar el registro.
2022-08-31 18:36:43,664 - root - INFO -  Captura: C:\xampp\htdocs\versiones\automatizaciones\AutoPWST\01TPCH\report\img  screen：20220831_18_36_43.png
2022-08-31 18:36:43,837 - root - INFO -  Se confirma el eliminado del registro
2022-08-31 18:36:48,916 - root - INFO -  Se presiona el boton 'Refrescar', para crear un nuevo registro igual al anterior.
2022-08-31 18:36:54,040 - root - INFO -  Se presiona el boton 'Cerrar', para cerrar la pantalla de Categorias Fiscales.
2022-08-31 18:36:56,123 - root - INFO - Se Cerro y Cambio Pestañaña
2022-08-31 18:37:13,508 - root - ERROR - No se pudo cerrar sesion
2022-08-31 18:37:16,522 - root - INFO -  Captura: C:\xampp\htdocs\versiones\automatizaciones\AutoPWST\01TPCH\report\img  screen：20220831_18_37_16.png
2022-08-31 18:38:45,703 - root - INFO -  Se abre el chrome
2022-08-31 18:38:47,010 - root - INFO -  Entra a la URL
2022-08-31 18:38:47,151 - root - INFO -  Maximiza la pantalla
2022-08-31 18:38:50,210 - root - INFO -  Cambia al frame
2022-08-31 18:38:53,300 - root - INFO -  Escribe el usuario
2022-08-31 18:38:53,408 - root - INFO -  Escribe la contraseña
2022-08-31 18:38:53,549 - root - INFO -  Se dio clic en el boton ingresar
2022-08-31 18:38:54,336 - root - INFO -  Ejecutar Enterprise
2022-08-31 18:38:54,337 - root - INFO -  Captura: C:\xampp\htdocs\versiones\automatizaciones\AutoPWST\01TPCH\report\img  screen：20220831_18_38_54.png
2022-08-31 18:38:58,579 - root - INFO -  Cambia entre pestañas
2022-08-31 18:40:30,181 - root - INFO -  Se abre el chrome
2022-08-31 18:40:31,411 - root - INFO -  Entra a la URL
2022-08-31 18:40:31,540 - root - INFO -  Maximiza la pantalla
2022-08-31 18:40:34,595 - root - INFO -  Cambia al frame
2022-08-31 18:40:37,692 - root - INFO -  Escribe el usuario
2022-08-31 18:40:37,794 - root - INFO -  Escribe la contraseña
2022-08-31 18:40:37,934 - root - INFO -  Se dio clic en el boton ingresar
2022-08-31 18:40:39,305 - root - INFO -  Ejecutar Enterprise
2022-08-31 18:40:39,306 - root - INFO -  Captura: C:\xampp\htdocs\versiones\automatizaciones\AutoPWST\01TPCH\report\img  screen：20220831_18_40_39.png
2022-08-31 18:40:43,535 - root - INFO -  Cambia entre pestañas
2022-08-31 18:40:48,637 - root - INFO -  Abre el menu completo
2022-08-31 18:41:01,565 - root - INFO -  Abre la pantalla de Tipos de Cheques
2022-08-31 18:41:01,647 - root - INFO -  La pantalla ejecutada es Tipos de Cheques
2022-08-31 18:41:04,652 - root - INFO -  Captura: C:\xampp\htdocs\versiones\automatizaciones\AutoPWST\01TPCH\report\img  screen：20220831_18_41_04.png
2022-08-31 18:41:04,866 - root - INFO -  Se presiona el boton 'Nuevo', para crear un nuevo registro.
2022-08-31 18:41:09,933 - root - INFO -  Se abrio la pantalla para el ingreso de un registro nuevo.
2022-08-31 18:41:09,970 - root - INFO -  El campo 'Codigo' si se encuentra visible.
2022-08-31 18:41:10,006 - root - INFO -  El campo 'Descrición' si se encuentra visible.
2022-08-31 18:41:10,044 - root - INFO -  El campo 'Modo control vencimiento' si se encuentra visible.
2022-08-31 18:41:10,082 - root - INFO -  El campo 'Modo control cheques adeudados' si se encuentra visible.
2022-08-31 18:41:10,119 - root - INFO -  El campo 'Único medio de pago en el documento' si se encuentra visible.
2022-08-31 18:41:10,159 - root - INFO -  El campo 'Genera documento' si se encuentra visible.
2022-08-31 18:41:10,196 - root - INFO -  El campo 'Tipo documento cheque' si se encuentra visible.
2022-08-31 18:41:10,233 - root - INFO -  El campo 'Verificar vencimiento por límite de crédito' si se encuentra visible.
2022-08-31 18:41:10,271 - root - INFO -  El campo 'Liberar crédito' si se encuentra visible.
2022-08-31 18:41:10,340 - root - INFO -  Ingresa el codigo del nuevo registro 
2022-08-31 18:41:13,585 - root - INFO -  Ingresa la descripción del nuevo registro 
2022-08-31 18:41:16,720 - root - INFO -  Se da clic en el boton Guardar; se debe crear un nuevo registro.
2022-08-31 18:41:21,837 - root - INFO -  Se presiona el boton 'Refrescar', para crear un nuevo registro igual al anterior.
2022-08-31 18:41:26,952 - root - INFO -  Se presiona el boton 'Nuevo', para crear un nuevo registro igual al anterior.
2022-08-31 18:41:32,025 - root - INFO -  Se abrio la pantalla para el ingreso de un registro nuevo.
2022-08-31 18:41:32,058 - root - INFO -  El campo 'Codigo' si se encuentra visible.
2022-08-31 18:41:32,091 - root - INFO -  El campo 'Descrición' si se encuentra visible.
2022-08-31 18:41:32,125 - root - INFO -  El campo 'Modo control vencimiento' si se encuentra visible.
2022-08-31 18:41:32,159 - root - INFO -  El campo 'Modo control cheques adeudados' si se encuentra visible.
2022-08-31 18:41:32,192 - root - INFO -  El campo 'Único medio de pago en el documento' si se encuentra visible.
2022-08-31 18:41:32,226 - root - INFO -  El campo 'Genera documento' si se encuentra visible.
2022-08-31 18:41:32,260 - root - INFO -  El campo 'Tipo documento cheque' si se encuentra visible.
2022-08-31 18:41:32,294 - root - INFO -  El campo 'Verificar vencimiento por límite de crédito' si se encuentra visible.
2022-08-31 18:41:32,328 - root - INFO -  El campo 'Liberar crédito' si se encuentra visible.
2022-08-31 18:41:32,380 - root - INFO -  Ingresa el codigo del nuevo registro 
2022-08-31 18:41:35,629 - root - INFO -  Ingresa la descripción del nuevo registro 
2022-08-31 18:41:38,709 - root - INFO -  Se da clic en el boton Guardar; se debe crear un nuevo registro.
2022-08-31 18:41:43,724 - root - INFO -  Captura: C:\xampp\htdocs\versiones\automatizaciones\AutoPWST\01TPCH\report\img  screen：20220831_18_41_43.png
2022-08-31 18:41:43,936 - root - INFO -  Se presiona el boton 'Cerrar', para cerrar el mensaje de duplicidad de llave primaria
2022-08-31 18:41:47,056 - root - INFO -  Se presiona el boton 'Cerrar', para cerrar la ventana
2022-08-31 18:41:51,173 - root - INFO -  Se presiona el boton 'Refrescar', para crear un nuevo registro igual al anterior.
2022-08-31 18:42:00,805 - root - INFO -  Se da clic en el registro creado, para proceder a modificarlo.
2022-08-31 18:42:04,119 - root - INFO -  Ingresa la descripción del nuevo registro 
2022-08-31 18:42:07,250 - root - INFO -  Se da clic en el boton Guardar; se debe modificar la informacion del registro.
2022-08-31 18:42:12,362 - root - INFO -  Se presiona el boton 'Refrescar', para proceder a eliminar el registro.
2022-08-31 18:42:21,983 - root - INFO -  Se da clic en el registro creado, para proceder a eliminarlo.
2022-08-31 18:42:30,122 - root - INFO -  Se presiona el boton 'Eliminar', para eliminar el registro.
2022-08-31 18:42:30,124 - root - INFO -  Captura: C:\xampp\htdocs\versiones\automatizaciones\AutoPWST\01TPCH\report\img  screen：20220831_18_42_30.png
2022-08-31 18:42:30,351 - root - INFO -  Se confirma el eliminado del registro
2022-08-31 18:42:35,446 - root - INFO -  Se presiona el boton 'Refrescar', para crear un nuevo registro igual al anterior.
2022-08-31 18:42:40,540 - root - INFO -  Se presiona el boton 'Cerrar', para cerrar la pantalla de Categorias Fiscales.
2022-08-31 18:42:42,660 - root - INFO - Se Cerro y Cambio Pestañaña
2022-08-31 18:43:00,087 - root - ERROR - No se pudo cerrar sesion
2022-08-31 18:43:03,097 - root - INFO -  Captura: C:\xampp\htdocs\versiones\automatizaciones\AutoPWST\01TPCH\report\img  screen：20220831_18_43_03.png
2022-08-31 18:44:49,682 - root - INFO -  Se abre el chrome
2022-08-31 18:44:50,959 - root - INFO -  Entra a la URL
2022-08-31 18:44:51,093 - root - INFO -  Maximiza la pantalla
2022-08-31 18:44:54,159 - root - INFO -  Cambia al frame
2022-08-31 18:44:57,257 - root - INFO -  Escribe el usuario
2022-08-31 18:44:57,358 - root - INFO -  Escribe la contraseña
2022-08-31 18:44:57,493 - root - INFO -  Se dio clic en el boton ingresar
2022-08-31 18:44:58,277 - root - INFO -  Ejecutar Enterprise
2022-08-31 18:44:58,277 - root - INFO -  Captura: C:\xampp\htdocs\versiones\automatizaciones\AutoPWST\01TPCH\report\img  screen：20220831_18_44_58.png
2022-08-31 18:45:02,503 - root - INFO -  Cambia entre pestañas
2022-08-31 18:45:07,601 - root - INFO -  Abre el menu completo
2022-08-31 18:45:20,551 - root - INFO -  Abre la pantalla de Tipos de Cheques
2022-08-31 18:45:20,634 - root - INFO -  La pantalla ejecutada es Tipos de Cheques
2022-08-31 18:45:23,639 - root - INFO -  Captura: C:\xampp\htdocs\versiones\automatizaciones\AutoPWST\01TPCH\report\img  screen：20220831_18_45_23.png
2022-08-31 18:45:23,903 - root - INFO -  Se presiona el boton 'Nuevo', para crear un nuevo registro.
2022-08-31 18:45:28,980 - root - INFO -  Se abrio la pantalla para el ingreso de un registro nuevo.
2022-08-31 18:45:29,018 - root - INFO -  El campo 'Codigo' si se encuentra visible.
2022-08-31 18:45:29,056 - root - INFO -  El campo 'Descrición' si se encuentra visible.
2022-08-31 18:45:29,096 - root - INFO -  El campo 'Modo control vencimiento' si se encuentra visible.
2022-08-31 18:45:29,134 - root - INFO -  El campo 'Modo control cheques adeudados' si se encuentra visible.
2022-08-31 18:45:29,174 - root - INFO -  El campo 'Único medio de pago en el documento' si se encuentra visible.
2022-08-31 18:45:29,216 - root - INFO -  El campo 'Genera documento' si se encuentra visible.
2022-08-31 18:45:29,255 - root - INFO -  El campo 'Tipo documento cheque' si se encuentra visible.
2022-08-31 18:45:29,293 - root - INFO -  El campo 'Verificar vencimiento por límite de crédito' si se encuentra visible.
2022-08-31 18:45:29,330 - root - INFO -  El campo 'Liberar crédito' si se encuentra visible.
2022-08-31 18:45:29,399 - root - INFO -  Ingresa el codigo del nuevo registro 
2022-08-31 18:45:32,671 - root - INFO -  Ingresa la descripción del nuevo registro 
2022-08-31 18:45:35,800 - root - INFO -  Se da clic en el boton Guardar; se debe crear un nuevo registro.
2022-08-31 18:45:40,921 - root - INFO -  Se presiona el boton 'Refrescar', para crear un nuevo registro igual al anterior.
2022-08-31 18:45:46,004 - root - INFO -  Se presiona el boton 'Nuevo', para crear un nuevo registro igual al anterior.
2022-08-31 18:45:51,063 - root - INFO -  Se abrio la pantalla para el ingreso de un registro nuevo.
2022-08-31 18:45:51,102 - root - INFO -  El campo 'Codigo' si se encuentra visible.
2022-08-31 18:45:51,136 - root - INFO -  El campo 'Descrición' si se encuentra visible.
2022-08-31 18:45:51,172 - root - INFO -  El campo 'Modo control vencimiento' si se encuentra visible.
2022-08-31 18:45:51,208 - root - INFO -  El campo 'Modo control cheques adeudados' si se encuentra visible.
2022-08-31 18:45:51,244 - root - INFO -  El campo 'Único medio de pago en el documento' si se encuentra visible.
2022-08-31 18:45:51,281 - root - INFO -  El campo 'Genera documento' si se encuentra visible.
2022-08-31 18:45:51,317 - root - INFO -  El campo 'Tipo documento cheque' si se encuentra visible.
2022-08-31 18:45:51,353 - root - INFO -  El campo 'Verificar vencimiento por límite de crédito' si se encuentra visible.
2022-08-31 18:45:51,389 - root - INFO -  El campo 'Liberar crédito' si se encuentra visible.
2022-08-31 18:45:51,456 - root - INFO -  Ingresa el codigo del nuevo registro 
2022-08-31 18:45:54,703 - root - INFO -  Ingresa la descripción del nuevo registro 
2022-08-31 18:45:57,852 - root - INFO -  Se da clic en el boton Guardar; se debe crear un nuevo registro.
2022-08-31 18:46:02,856 - root - INFO -  Captura: C:\xampp\htdocs\versiones\automatizaciones\AutoPWST\01TPCH\report\img  screen：20220831_18_46_02.png
2022-08-31 18:46:03,098 - root - INFO -  Se presiona el boton 'Cerrar', para cerrar el mensaje de duplicidad de llave primaria
2022-08-31 18:46:06,210 - root - INFO -  Se presiona el boton 'Cerrar', para cerrar la ventana
2022-08-31 18:46:10,317 - root - INFO -  Se presiona el boton 'Refrescar', para crear un nuevo registro igual al anterior.
2022-08-31 18:46:19,950 - root - INFO -  Se da clic en el registro creado, para proceder a modificarlo.
2022-08-31 18:46:23,270 - root - INFO -  Ingresa la descripción del nuevo registro 
2022-08-31 18:46:26,390 - root - INFO -  Se da clic en el boton Guardar; se debe modificar la informacion del registro.
2022-08-31 18:46:31,455 - root - INFO -  Se presiona el boton 'Refrescar', para proceder a eliminar el registro.
2022-08-31 18:46:41,075 - root - INFO -  Se da clic en el registro creado, para proceder a eliminarlo.
2022-08-31 18:46:49,188 - root - INFO -  Se presiona el boton 'Eliminar', para eliminar el registro.
2022-08-31 18:46:49,190 - root - INFO -  Captura: C:\xampp\htdocs\versiones\automatizaciones\AutoPWST\01TPCH\report\img  screen：20220831_18_46_49.png
2022-08-31 18:46:49,415 - root - INFO -  Se confirma el eliminado del registro
2022-08-31 18:46:54,524 - root - INFO -  Se presiona el boton 'Refrescar', para crear un nuevo registro igual al anterior.
2022-08-31 18:46:59,661 - root - INFO -  Se presiona el boton 'Cerrar', para cerrar la pantalla de Categorias Fiscales.
2022-08-31 18:47:01,745 - root - INFO - Se Cerro y Cambio Pestañaña
2022-08-31 18:47:03,758 - root - ERROR - No se pudo cerrar sesion
2022-08-31 18:47:06,762 - root - INFO -  Captura: C:\xampp\htdocs\versiones\automatizaciones\AutoPWST\01TPCH\report\img  screen：20220831_18_47_06.png
2022-08-31 18:49:20,375 - root - INFO -  Se abre el chrome
2022-08-31 18:49:21,693 - root - INFO -  Entra a la URL
2022-08-31 18:49:21,868 - root - INFO -  Maximiza la pantalla
2022-08-31 18:49:24,930 - root - INFO -  Cambia al frame
2022-08-31 18:49:28,009 - root - INFO -  Escribe el usuario
2022-08-31 18:49:28,110 - root - INFO -  Escribe la contraseña
2022-08-31 18:49:28,253 - root - INFO -  Se dio clic en el boton ingresar
2022-08-31 18:49:29,045 - root - INFO -  Ejecutar Enterprise
2022-08-31 18:49:29,046 - root - INFO -  Captura: C:\xampp\htdocs\versiones\automatizaciones\AutoPWST\01TPCH\report\img  screen：20220831_18_49_29.png
2022-08-31 18:49:33,282 - root - INFO -  Cambia entre pestañas
2022-08-31 18:49:38,428 - root - INFO -  Abre el menu completo
2022-08-31 18:49:51,352 - root - INFO -  Abre la pantalla de Tipos de Cheques
2022-08-31 18:49:51,440 - root - INFO -  La pantalla ejecutada es Tipos de Cheques
2022-08-31 18:49:54,456 - root - INFO -  Captura: C:\xampp\htdocs\versiones\automatizaciones\AutoPWST\01TPCH\report\img  screen：20220831_18_49_54.png
2022-08-31 18:49:54,675 - root - INFO -  Se presiona el boton 'Nuevo', para crear un nuevo registro.
2022-08-31 18:49:59,792 - root - INFO -  Se abrio la pantalla para el ingreso de un registro nuevo.
2022-08-31 18:49:59,848 - root - INFO -  El campo 'Codigo' si se encuentra visible.
2022-08-31 18:49:59,894 - root - INFO -  El campo 'Descrición' si se encuentra visible.
2022-08-31 18:49:59,940 - root - INFO -  El campo 'Modo control vencimiento' si se encuentra visible.
2022-08-31 18:49:59,986 - root - INFO -  El campo 'Modo control cheques adeudados' si se encuentra visible.
2022-08-31 18:50:00,031 - root - INFO -  El campo 'Único medio de pago en el documento' si se encuentra visible.
2022-08-31 18:50:00,070 - root - INFO -  El campo 'Genera documento' si se encuentra visible.
2022-08-31 18:50:00,108 - root - INFO -  El campo 'Tipo documento cheque' si se encuentra visible.
2022-08-31 18:50:00,148 - root - INFO -  El campo 'Verificar vencimiento por límite de crédito' si se encuentra visible.
2022-08-31 18:50:00,185 - root - INFO -  El campo 'Liberar crédito' si se encuentra visible.
2022-08-31 18:50:00,253 - root - INFO -  Ingresa el codigo del nuevo registro 
2022-08-31 18:50:03,486 - root - INFO -  Ingresa la descripción del nuevo registro 
2022-08-31 18:50:06,637 - root - INFO -  Se da clic en el boton Guardar; se debe crear un nuevo registro.
2022-08-31 18:50:11,781 - root - INFO -  Se presiona el boton 'Refrescar', para crear un nuevo registro igual al anterior.
2022-08-31 18:50:16,891 - root - INFO -  Se presiona el boton 'Nuevo', para crear un nuevo registro igual al anterior.
2022-08-31 18:50:21,969 - root - INFO -  Se abrio la pantalla para el ingreso de un registro nuevo.
2022-08-31 18:50:22,003 - root - INFO -  El campo 'Codigo' si se encuentra visible.
2022-08-31 18:50:22,037 - root - INFO -  El campo 'Descrición' si se encuentra visible.
2022-08-31 18:50:22,072 - root - INFO -  El campo 'Modo control vencimiento' si se encuentra visible.
2022-08-31 18:50:22,108 - root - INFO -  El campo 'Modo control cheques adeudados' si se encuentra visible.
2022-08-31 18:50:22,142 - root - INFO -  El campo 'Único medio de pago en el documento' si se encuentra visible.
2022-08-31 18:50:22,177 - root - INFO -  El campo 'Genera documento' si se encuentra visible.
2022-08-31 18:50:22,213 - root - INFO -  El campo 'Tipo documento cheque' si se encuentra visible.
2022-08-31 18:50:22,247 - root - INFO -  El campo 'Verificar vencimiento por límite de crédito' si se encuentra visible.
2022-08-31 18:50:22,282 - root - INFO -  El campo 'Liberar crédito' si se encuentra visible.
2022-08-31 18:50:22,335 - root - INFO -  Ingresa el codigo del nuevo registro 
2022-08-31 18:50:25,594 - root - INFO -  Ingresa la descripción del nuevo registro 
2022-08-31 18:50:28,679 - root - INFO -  Se da clic en el boton Guardar; se debe crear un nuevo registro.
2022-08-31 18:50:33,693 - root - INFO -  Captura: C:\xampp\htdocs\versiones\automatizaciones\AutoPWST\01TPCH\report\img  screen：20220831_18_50_33.png
2022-08-31 18:50:33,930 - root - INFO -  Se presiona el boton 'Cerrar', para cerrar el mensaje de duplicidad de llave primaria
2022-08-31 18:50:37,049 - root - INFO -  Se presiona el boton 'Cerrar', para cerrar la ventana
2022-08-31 18:50:41,151 - root - INFO -  Se presiona el boton 'Refrescar', para crear un nuevo registro igual al anterior.
2022-08-31 18:50:50,792 - root - INFO -  Se da clic en el registro creado, para proceder a modificarlo.
2022-08-31 18:50:54,142 - root - INFO -  Ingresa la descripción del nuevo registro 
2022-08-31 18:50:57,274 - root - INFO -  Se da clic en el boton Guardar; se debe modificar la informacion del registro.
2022-08-31 18:51:02,387 - root - INFO -  Se presiona el boton 'Refrescar', para proceder a eliminar el registro.
2022-08-31 18:51:12,009 - root - INFO -  Se da clic en el registro creado, para proceder a eliminarlo.
2022-08-31 18:51:20,124 - root - INFO -  Se presiona el boton 'Eliminar', para eliminar el registro.
2022-08-31 18:51:20,126 - root - INFO -  Captura: C:\xampp\htdocs\versiones\automatizaciones\AutoPWST\01TPCH\report\img  screen：20220831_18_51_20.png
2022-08-31 18:51:20,371 - root - INFO -  Se confirma el eliminado del registro
2022-08-31 18:51:25,485 - root - INFO -  Se presiona el boton 'Refrescar', para crear un nuevo registro igual al anterior.
2022-08-31 18:51:30,596 - root - INFO -  Se presiona el boton 'Cerrar', para cerrar la pantalla de Categorias Fiscales.
2022-08-31 18:51:32,672 - root - ERROR - No se cerro y no cambio pestaña
2022-08-31 18:51:35,676 - root - INFO -  Captura: C:\xampp\htdocs\versiones\automatizaciones\AutoPWST\01TPCH\report\img  screen：20220831_18_51_35.png
2022-08-31 18:52:35,269 - root - INFO -  Se abre el chrome
2022-08-31 18:52:36,367 - root - INFO -  Entra a la URL
2022-08-31 18:52:36,495 - root - INFO -  Maximiza la pantalla
2022-08-31 18:52:39,541 - root - INFO -  Cambia al frame
2022-08-31 18:52:42,628 - root - INFO -  Escribe el usuario
2022-08-31 18:52:42,727 - root - INFO -  Escribe la contraseña
2022-08-31 18:52:42,863 - root - INFO -  Se dio clic en el boton ingresar
2022-08-31 18:52:43,633 - root - INFO -  Ejecutar Enterprise
2022-08-31 18:52:43,634 - root - INFO -  Captura: C:\xampp\htdocs\versiones\automatizaciones\AutoPWST\01TPCH\report\img  screen：20220831_18_52_43.png
2022-08-31 18:52:47,865 - root - INFO -  Cambia entre pestañas
2022-08-31 18:52:52,955 - root - INFO -  Abre el menu completo
2022-08-31 18:53:05,946 - root - INFO -  Abre la pantalla de Tipos de Cheques
2022-08-31 18:53:06,029 - root - INFO -  La pantalla ejecutada es Tipos de Cheques
2022-08-31 18:53:09,042 - root - INFO -  Captura: C:\xampp\htdocs\versiones\automatizaciones\AutoPWST\01TPCH\report\img  screen：20220831_18_53_09.png
2022-08-31 18:53:09,263 - root - INFO -  Se presiona el boton 'Nuevo', para crear un nuevo registro.
2022-08-31 18:53:14,354 - root - INFO -  Se abrio la pantalla para el ingreso de un registro nuevo.
2022-08-31 18:53:14,397 - root - INFO -  El campo 'Codigo' si se encuentra visible.
2022-08-31 18:53:14,438 - root - INFO -  El campo 'Descrición' si se encuentra visible.
2022-08-31 18:53:14,475 - root - INFO -  El campo 'Modo control vencimiento' si se encuentra visible.
2022-08-31 18:53:14,513 - root - INFO -  El campo 'Modo control cheques adeudados' si se encuentra visible.
2022-08-31 18:53:14,552 - root - INFO -  El campo 'Único medio de pago en el documento' si se encuentra visible.
2022-08-31 18:53:14,590 - root - INFO -  El campo 'Genera documento' si se encuentra visible.
2022-08-31 18:53:14,628 - root - INFO -  El campo 'Tipo documento cheque' si se encuentra visible.
2022-08-31 18:53:14,665 - root - INFO -  El campo 'Verificar vencimiento por límite de crédito' si se encuentra visible.
2022-08-31 18:53:14,702 - root - INFO -  El campo 'Liberar crédito' si se encuentra visible.
2022-08-31 18:53:14,759 - root - INFO -  Ingresa el codigo del nuevo registro 
2022-08-31 18:53:17,996 - root - INFO -  Ingresa la descripción del nuevo registro 
2022-08-31 18:53:21,107 - root - INFO -  Se da clic en el boton Guardar; se debe crear un nuevo registro.
2022-08-31 18:53:26,234 - root - INFO -  Se presiona el boton 'Refrescar', para crear un nuevo registro igual al anterior.
2022-08-31 18:53:31,346 - root - INFO -  Se presiona el boton 'Nuevo', para crear un nuevo registro igual al anterior.
2022-08-31 18:53:36,435 - root - INFO -  Se abrio la pantalla para el ingreso de un registro nuevo.
2022-08-31 18:53:36,476 - root - INFO -  El campo 'Codigo' si se encuentra visible.
2022-08-31 18:53:36,512 - root - INFO -  El campo 'Descrición' si se encuentra visible.
2022-08-31 18:53:36,547 - root - INFO -  El campo 'Modo control vencimiento' si se encuentra visible.
2022-08-31 18:53:36,581 - root - INFO -  El campo 'Modo control cheques adeudados' si se encuentra visible.
2022-08-31 18:53:36,614 - root - INFO -  El campo 'Único medio de pago en el documento' si se encuentra visible.
2022-08-31 18:53:36,648 - root - INFO -  El campo 'Genera documento' si se encuentra visible.
2022-08-31 18:53:36,684 - root - INFO -  El campo 'Tipo documento cheque' si se encuentra visible.
2022-08-31 18:53:36,717 - root - INFO -  El campo 'Verificar vencimiento por límite de crédito' si se encuentra visible.
2022-08-31 18:53:36,750 - root - INFO -  El campo 'Liberar crédito' si se encuentra visible.
2022-08-31 18:53:36,803 - root - INFO -  Ingresa el codigo del nuevo registro 
2022-08-31 18:53:40,070 - root - INFO -  Ingresa la descripción del nuevo registro 
2022-08-31 18:53:43,193 - root - INFO -  Se da clic en el boton Guardar; se debe crear un nuevo registro.
2022-08-31 18:53:48,199 - root - INFO -  Captura: C:\xampp\htdocs\versiones\automatizaciones\AutoPWST\01TPCH\report\img  screen：20220831_18_53_48.png
2022-08-31 18:53:48,415 - root - INFO -  Se presiona el boton 'Cerrar', para cerrar el mensaje de duplicidad de llave primaria
2022-08-31 18:53:51,523 - root - INFO -  Se presiona el boton 'Cerrar', para cerrar la ventana
2022-08-31 18:53:55,615 - root - INFO -  Se presiona el boton 'Refrescar', para crear un nuevo registro igual al anterior.
2022-08-31 18:54:05,255 - root - INFO -  Se da clic en el registro creado, para proceder a modificarlo.
2022-08-31 18:54:08,524 - root - INFO -  Ingresa la descripción del nuevo registro 
2022-08-31 18:54:11,623 - root - INFO -  Se da clic en el boton Guardar; se debe modificar la informacion del registro.
2022-08-31 18:54:16,747 - root - INFO -  Se presiona el boton 'Refrescar', para proceder a eliminar el registro.
2022-08-31 18:54:26,386 - root - INFO -  Se da clic en el registro creado, para proceder a eliminarlo.
2022-08-31 18:54:34,510 - root - INFO -  Se presiona el boton 'Eliminar', para eliminar el registro.
2022-08-31 18:54:34,512 - root - INFO -  Captura: C:\xampp\htdocs\versiones\automatizaciones\AutoPWST\01TPCH\report\img  screen：20220831_18_54_34.png
2022-08-31 18:54:34,761 - root - INFO -  Se confirma el eliminado del registro
2022-08-31 18:54:39,876 - root - INFO -  Se presiona el boton 'Refrescar', para crear un nuevo registro igual al anterior.
2022-08-31 18:54:45,026 - root - INFO -  Se presiona el boton 'Cerrar', para cerrar la pantalla de Categorias Fiscales.
2022-08-31 18:54:47,093 - root - ERROR - No se cerro y no cambio pestaña
2022-08-31 18:54:50,105 - root - INFO -  Captura: C:\xampp\htdocs\versiones\automatizaciones\AutoPWST\01TPCH\report\img  screen：20220831_18_54_50.png
2022-08-31 18:55:44,498 - root - INFO -  Se abre el chrome
2022-08-31 18:55:45,656 - root - INFO -  Entra a la URL
2022-08-31 18:55:45,788 - root - INFO -  Maximiza la pantalla
2022-08-31 18:55:48,845 - root - INFO -  Cambia al frame
2022-08-31 18:55:51,940 - root - INFO -  Escribe el usuario
2022-08-31 18:55:52,045 - root - INFO -  Escribe la contraseña
2022-08-31 18:55:52,195 - root - INFO -  Se dio clic en el boton ingresar
2022-08-31 18:55:52,980 - root - INFO -  Ejecutar Enterprise
2022-08-31 18:55:52,981 - root - INFO -  Captura: C:\xampp\htdocs\versiones\automatizaciones\AutoPWST\01TPCH\report\img  screen：20220831_18_55_52.png
2022-08-31 18:55:57,226 - root - INFO -  Cambia entre pestañas
2022-08-31 18:56:02,328 - root - INFO -  Abre el menu completo
2022-08-31 18:56:15,298 - root - INFO -  Abre la pantalla de Tipos de Cheques
2022-08-31 18:56:15,366 - root - INFO -  La pantalla ejecutada es Tipos de Cheques
2022-08-31 18:56:18,382 - root - INFO -  Captura: C:\xampp\htdocs\versiones\automatizaciones\AutoPWST\01TPCH\report\img  screen：20220831_18_56_18.png
2022-08-31 18:56:18,583 - root - INFO -  Se presiona el boton 'Nuevo', para crear un nuevo registro.
2022-08-31 18:56:23,674 - root - INFO -  Se abrio la pantalla para el ingreso de un registro nuevo.
2022-08-31 18:56:23,729 - root - INFO -  El campo 'Codigo' si se encuentra visible.
2022-08-31 18:56:23,769 - root - INFO -  El campo 'Descrición' si se encuentra visible.
2022-08-31 18:56:23,807 - root - INFO -  El campo 'Modo control vencimiento' si se encuentra visible.
2022-08-31 18:56:23,844 - root - INFO -  El campo 'Modo control cheques adeudados' si se encuentra visible.
2022-08-31 18:56:23,882 - root - INFO -  El campo 'Único medio de pago en el documento' si se encuentra visible.
2022-08-31 18:56:23,919 - root - INFO -  El campo 'Genera documento' si se encuentra visible.
2022-08-31 18:56:23,957 - root - INFO -  El campo 'Tipo documento cheque' si se encuentra visible.
2022-08-31 18:56:23,996 - root - INFO -  El campo 'Verificar vencimiento por límite de crédito' si se encuentra visible.
2022-08-31 18:56:24,033 - root - INFO -  El campo 'Liberar crédito' si se encuentra visible.
2022-08-31 18:56:24,091 - root - INFO -  Ingresa el codigo del nuevo registro 
2022-08-31 18:56:27,360 - root - INFO -  Ingresa la descripción del nuevo registro 
2022-08-31 18:56:30,506 - root - INFO -  Se da clic en el boton Guardar; se debe crear un nuevo registro.
2022-08-31 18:56:35,622 - root - INFO -  Se presiona el boton 'Refrescar', para crear un nuevo registro igual al anterior.
2022-08-31 18:56:40,724 - root - INFO -  Se presiona el boton 'Nuevo', para crear un nuevo registro igual al anterior.
2022-08-31 18:56:45,819 - root - INFO -  Se abrio la pantalla para el ingreso de un registro nuevo.
2022-08-31 18:56:45,872 - root - INFO -  El campo 'Codigo' si se encuentra visible.
2022-08-31 18:56:45,906 - root - INFO -  El campo 'Descrición' si se encuentra visible.
2022-08-31 18:56:45,941 - root - INFO -  El campo 'Modo control vencimiento' si se encuentra visible.
2022-08-31 18:56:45,975 - root - INFO -  El campo 'Modo control cheques adeudados' si se encuentra visible.
2022-08-31 18:56:46,010 - root - INFO -  El campo 'Único medio de pago en el documento' si se encuentra visible.
2022-08-31 18:56:46,047 - root - INFO -  El campo 'Genera documento' si se encuentra visible.
2022-08-31 18:56:46,079 - root - INFO -  El campo 'Tipo documento cheque' si se encuentra visible.
2022-08-31 18:56:46,115 - root - INFO -  El campo 'Verificar vencimiento por límite de crédito' si se encuentra visible.
2022-08-31 18:56:46,149 - root - INFO -  El campo 'Liberar crédito' si se encuentra visible.
2022-08-31 18:56:46,202 - root - INFO -  Ingresa el codigo del nuevo registro 
2022-08-31 18:56:49,469 - root - INFO -  Ingresa la descripción del nuevo registro 
2022-08-31 18:56:52,622 - root - INFO -  Se da clic en el boton Guardar; se debe crear un nuevo registro.
2022-08-31 18:56:57,634 - root - INFO -  Captura: C:\xampp\htdocs\versiones\automatizaciones\AutoPWST\01TPCH\report\img  screen：20220831_18_56_57.png
2022-08-31 18:56:57,870 - root - INFO -  Se presiona el boton 'Cerrar', para cerrar el mensaje de duplicidad de llave primaria
2022-08-31 18:57:00,962 - root - INFO -  Se presiona el boton 'Cerrar', para cerrar la ventana
2022-08-31 18:57:05,053 - root - INFO -  Se presiona el boton 'Refrescar', para crear un nuevo registro igual al anterior.
2022-08-31 18:57:14,695 - root - INFO -  Se da clic en el registro creado, para proceder a modificarlo.
2022-08-31 18:57:17,998 - root - INFO -  Ingresa la descripción del nuevo registro 
2022-08-31 18:57:21,124 - root - INFO -  Se da clic en el boton Guardar; se debe modificar la informacion del registro.
2022-08-31 18:57:26,249 - root - INFO -  Se presiona el boton 'Refrescar', para proceder a eliminar el registro.
2022-08-31 18:57:35,851 - root - INFO -  Se da clic en el registro creado, para proceder a eliminarlo.
2022-08-31 18:57:43,969 - root - INFO -  Se presiona el boton 'Eliminar', para eliminar el registro.
2022-08-31 18:57:43,970 - root - INFO -  Captura: C:\xampp\htdocs\versiones\automatizaciones\AutoPWST\01TPCH\report\img  screen：20220831_18_57_43.png
2022-08-31 18:57:44,142 - root - INFO -  Se confirma el eliminado del registro
2022-08-31 18:57:49,227 - root - INFO -  Se presiona el boton 'Refrescar', para crear un nuevo registro igual al anterior.
2022-08-31 18:57:54,348 - root - INFO -  Se presiona el boton 'Cerrar', para cerrar la pantalla de Categorias Fiscales.
2022-08-31 18:57:59,392 - root - ERROR - No se cerro y no cambio pestaña
2022-08-31 18:58:02,398 - root - INFO -  Captura: C:\xampp\htdocs\versiones\automatizaciones\AutoPWST\01TPCH\report\img  screen：20220831_18_58_02.png
