2022-09-01 13:07:07,333 - root - INFO -  Se abre el chrome
2022-09-01 13:07:09,069 - root - INFO -  Entra a la URL
2022-09-01 13:07:09,194 - root - INFO -  Maximiza la pantalla
2022-09-01 13:07:12,255 - root - INFO -  Cambia al frame
2022-09-01 13:07:15,362 - root - INFO -  Escribe el usuario
2022-09-01 13:07:15,499 - root - INFO -  Escribe la contraseña
2022-09-01 13:07:15,685 - root - INFO -  Se dio clic en el boton ingresar
2022-09-01 13:07:17,549 - root - INFO -  Ejecutar Enterprise
2022-09-01 13:07:17,550 - root - INFO -  Captura: C:\xampp\htdocs\versiones\automatizaciones\AutoPWST\01TPCH\report\img  screen：20220901_13_07_17.png
2022-09-01 13:07:21,804 - root - INFO -  Cambia entre pestañas
2022-09-01 13:07:28,076 - root - INFO -  Abre el menu completo
2022-09-01 13:08:09,623 - root - INFO -  Se abre el chrome
2022-09-01 13:08:10,852 - root - INFO -  Entra a la URL
2022-09-01 13:08:10,981 - root - INFO -  Maximiza la pantalla
2022-09-01 13:08:14,049 - root - INFO -  Cambia al frame
2022-09-01 13:08:17,160 - root - INFO -  Escribe el usuario
2022-09-01 13:08:17,293 - root - INFO -  Escribe la contraseña
2022-09-01 13:08:17,487 - root - INFO -  Se dio clic en el boton ingresar
2022-09-01 13:08:18,803 - root - INFO -  Ejecutar Enterprise
2022-09-01 13:08:18,804 - root - INFO -  Captura: C:\xampp\htdocs\versiones\automatizaciones\AutoPWST\01TPCH\report\img  screen：20220901_13_08_18.png
2022-09-01 13:08:23,058 - root - INFO -  Cambia entre pestañas
2022-09-01 13:08:34,022 - root - INFO -  Abre el menu completo
2022-09-01 13:08:46,912 - root - INFO -  Abre la pantalla de Tipos de Cheques
2022-09-01 13:08:47,992 - root - INFO -  La pantalla ejecutada es Tipos de Cheques
2022-09-01 13:08:50,995 - root - INFO -  Captura: C:\xampp\htdocs\versiones\automatizaciones\AutoPWST\01TPCH\report\img  screen：20220901_13_08_50.png
2022-09-01 13:08:51,183 - root - INFO -  Se presiona el boton 'Nuevo', para crear un nuevo registro.
2022-09-01 13:08:56,246 - root - INFO -  Se abrio la pantalla para el ingreso de un registro nuevo.
2022-09-01 13:08:56,284 - root - INFO -  El campo 'Codigo' si se encuentra visible.
2022-09-01 13:08:56,326 - root - INFO -  El campo 'Descrición' si se encuentra visible.
2022-09-01 13:08:56,366 - root - INFO -  El campo 'Modo control vencimiento' si se encuentra visible.
2022-09-01 13:08:56,408 - root - INFO -  El campo 'Modo control cheques adeudados' si se encuentra visible.
2022-09-01 13:08:56,461 - root - INFO -  El campo 'Único medio de pago en el documento' si se encuentra visible.
2022-09-01 13:08:56,504 - root - INFO -  El campo 'Genera documento' si se encuentra visible.
2022-09-01 13:08:56,544 - root - INFO -  El campo 'Tipo documento cheque' si se encuentra visible.
2022-09-01 13:08:56,585 - root - INFO -  El campo 'Verificar vencimiento por límite de crédito' si se encuentra visible.
2022-09-01 13:08:56,627 - root - INFO -  El campo 'Liberar crédito' si se encuentra visible.
2022-09-01 13:08:56,694 - root - INFO -  Ingresa el codigo del nuevo registro 
2022-09-01 13:08:59,910 - root - INFO -  Ingresa la descripción del nuevo registro 
2022-09-01 13:09:03,006 - root - INFO -  Se da clic en el boton Guardar; se debe crear un nuevo registro.
2022-09-01 13:09:08,100 - root - INFO -  Se presiona el boton 'Refrescar', para proceder a eliminar el registro.
2022-09-01 13:09:17,687 - root - INFO -  Se da clic en el registro creado, para proceder a eliminarlo.
2022-09-01 13:09:25,790 - root - INFO -  Se presiona el boton 'Eliminar', para eliminar el registro.
2022-09-01 13:09:25,791 - root - INFO -  Captura: C:\xampp\htdocs\versiones\automatizaciones\AutoPWST\01TPCH\report\img  screen：20220901_13_09_25.png
2022-09-01 13:09:25,998 - root - INFO -  Se confirma el eliminado del registro
2022-09-01 13:09:31,074 - root - INFO -  Se presiona el boton 'Refrescar', para crear un nuevo registro igual al anterior.
2022-09-01 13:09:36,150 - root - INFO -  Se presiona el boton 'Cerrar', para cerrar la pantalla de Categorias Fiscales.
2022-09-01 13:09:42,249 - root - INFO -  Cambia entre pestañas
2022-09-01 13:09:45,712 - root - INFO -  Cerro Cesion 
2022-09-01 13:09:52,092 - root - INFO -  Se cierra chrome
