2022-08-31 15:00:06,648 - root - INFO -  Se abre el chrome
2022-08-31 15:00:07,729 - root - INFO -  Entra a la URL
2022-08-31 15:00:07,875 - root - INFO -  Maximiza la pantalla
2022-08-31 15:00:10,926 - root - INFO -  Cambia al frame
2022-08-31 15:00:14,015 - root - INFO -  Escribe el usuario
2022-08-31 15:00:14,114 - root - INFO -  Escribe la contraseña
2022-08-31 15:00:14,248 - root - INFO -  Se dio clic en el boton ingresar
2022-08-31 15:00:15,023 - root - INFO -  Ejecutar Enterprise
2022-08-31 15:00:15,024 - root - INFO -  Captura: C:\xampp\htdocs\versiones\automatizaciones\AutoPWST\01TPCH\report\img  screen：20220831_15_00_15.png
2022-08-31 15:00:19,294 - root - INFO -  Cambia entre pestañas
2022-08-31 15:00:24,387 - root - INFO -  Abre el menu completo
2022-08-31 15:00:37,312 - root - INFO -  Abre la pantalla de Tipos de Cheques
2022-08-31 15:00:37,408 - root - INFO -  La pantalla ejecutada es Tipos de Cheques
2022-08-31 15:00:40,411 - root - INFO -  Captura: C:\xampp\htdocs\versiones\automatizaciones\AutoPWST\01TPCH\report\img  screen：20220831_15_00_40.png
2022-08-31 15:00:40,628 - root - INFO -  Se presiona el boton 'Nuevo', para crear un nuevo registro.
2022-08-31 15:00:45,711 - root - INFO -  Se abrio la pantalla para el ingreso de un registro nuevo.
2022-08-31 15:00:45,750 - root - INFO -  El campo 'Codigo' si se encuentra visible.
2022-08-31 15:00:45,789 - root - INFO -  El campo 'Descrición' si se encuentra visible.
2022-08-31 15:00:45,829 - root - INFO -  El campo 'Modo control vencimiento' si se encuentra visible.
2022-08-31 15:00:45,868 - root - INFO -  El campo 'Modo control cheques adeudados' si se encuentra visible.
2022-08-31 15:00:45,910 - root - INFO -  El campo 'Único medio de pago en el documento' si se encuentra visible.
2022-08-31 15:00:45,949 - root - INFO -  El campo 'Genera documento' si se encuentra visible.
2022-08-31 15:00:45,988 - root - INFO -  El campo 'Tipo documento cheque' si se encuentra visible.
2022-08-31 15:00:46,028 - root - INFO -  El campo 'Verificar vencimiento por límite de crédito' si se encuentra visible.
2022-08-31 15:00:46,066 - root - INFO -  El campo 'Liberar crédito' si se encuentra visible.
2022-08-31 15:00:46,130 - root - INFO -  Ingresa el codigo del nuevo registro 
2022-08-31 15:00:49,411 - root - INFO -  Ingresa la descripción del nuevo registro 
2022-08-31 15:01:39,945 - root - INFO -  Captura: C:\xampp\htdocs\versiones\automatizaciones\AutoPWST\01TPCH\report\img  screen：20220831_15_01_39.png
2022-08-31 15:01:40,229 - root - INFO - Se hace el cambio de pestaña para continuar con el registro nuevo
2022-08-31 15:01:43,355 - root - INFO -  Se presiona el boton 'Nuevo', para crear un nuevo registro.
2022-08-31 15:01:48,447 - root - INFO -  El campo 'Tipo Documento' si se encuentra visible.
2022-08-31 15:01:48,486 - root - INFO -  El campo 'Cuenta Contable' si se encuentra visible.
2022-08-31 15:01:48,527 - root - INFO -  El campo 'Centro Costo' si se encuentra visible.
2022-08-31 15:02:20,062 - root - INFO -  Se presiona el boton 'Aceptar', para guardar el registro.
2022-08-31 15:02:25,222 - root - INFO -  Se da clic en el boton Guardar; se debe crear un nuevo registro.
2022-08-31 15:02:30,353 - root - INFO -  Se presiona el boton 'Refrescar', para crear un nuevo registro igual al anterior.
2022-08-31 15:02:35,471 - root - INFO -  Se presiona el boton 'Nuevo', para crear un nuevo registro igual al anterior.
2022-08-31 15:02:40,562 - root - INFO -  Se abrio la pantalla para el ingreso de un registro nuevo.
2022-08-31 15:02:40,608 - root - INFO -  El campo 'Codigo' si se encuentra visible.
2022-08-31 15:02:40,653 - root - INFO -  El campo 'Descrición' si se encuentra visible.
2022-08-31 15:02:40,690 - root - INFO -  El campo 'Modo control vencimiento' si se encuentra visible.
2022-08-31 15:02:40,729 - root - INFO -  El campo 'Modo control cheques adeudados' si se encuentra visible.
2022-08-31 15:02:40,770 - root - INFO -  El campo 'Único medio de pago en el documento' si se encuentra visible.
2022-08-31 15:02:40,809 - root - INFO -  El campo 'Genera documento' si se encuentra visible.
2022-08-31 15:02:40,850 - root - INFO -  El campo 'Tipo documento cheque' si se encuentra visible.
2022-08-31 15:02:40,911 - root - INFO -  El campo 'Verificar vencimiento por límite de crédito' si se encuentra visible.
2022-08-31 15:02:40,950 - root - INFO -  El campo 'Liberar crédito' si se encuentra visible.
2022-08-31 15:02:41,010 - root - INFO -  Ingresa el codigo del nuevo registro 
2022-08-31 15:02:44,252 - root - INFO -  Ingresa la descripción del nuevo registro 
2022-08-31 15:03:34,931 - root - INFO -  Se da clic en el boton Guardar; se debe crear un nuevo registro.
2022-08-31 15:03:39,948 - root - INFO -  Captura: C:\xampp\htdocs\versiones\automatizaciones\AutoPWST\01TPCH\report\img  screen：20220831_15_03_39.png
2022-08-31 15:03:40,208 - root - INFO -  Se presiona el boton 'Cerrar', para cerrar el mensaje de duplicidad de llave primaria
2022-08-31 15:03:43,339 - root - INFO -  Se presiona el boton 'Cerrar', para cerrar la ventana
2022-08-31 15:03:47,457 - root - INFO -  Se presiona el boton 'Refrescar', para crear un nuevo registro igual al anterior.
2022-08-31 15:03:57,102 - root - INFO -  Se da clic en el registro creado, para proceder a modificarlo.
2022-08-31 15:04:00,368 - root - INFO -  Ingresa la descripción del nuevo registro 
2022-08-31 15:04:50,854 - root - INFO -  Captura: C:\xampp\htdocs\versiones\automatizaciones\AutoPWST\01TPCH\report\img  screen：20220831_15_04_50.png
2022-08-31 15:04:51,091 - root - INFO - Se hace el cambio de pestaña para continuar con el registro nuevo
2022-08-31 15:05:00,737 - root - INFO -  Se da clic en el registro creado, para proceder a modificarlo.
2022-08-31 15:05:37,596 - root - INFO -  Se presiona el boton 'Aceptar', para guardar el registro.
2022-08-31 15:05:42,720 - root - INFO -  Se da clic en el boton Guardar; se debe modificar la informacion del registro.
2022-08-31 15:05:47,839 - root - INFO -  Se presiona el boton 'Refrescar', para proceder a eliminar el registro.
2022-08-31 15:05:57,458 - root - INFO -  Se da clic en el registro creado, para proceder a eliminarlo.
2022-08-31 15:06:05,606 - root - INFO -  Se presiona el boton 'Eliminar', para eliminar el registro.
2022-08-31 15:06:05,607 - root - INFO -  Captura: C:\xampp\htdocs\versiones\automatizaciones\AutoPWST\01TPCH\report\img  screen：20220831_15_06_05.png
2022-08-31 15:06:05,831 - root - INFO -  Se confirma el eliminado del registro
2022-08-31 15:06:10,938 - root - INFO -  Se presiona el boton 'Refrescar', para crear un nuevo registro igual al anterior.
2022-08-31 15:06:16,049 - root - INFO -  Se presiona el boton 'Cerrar', para cerrar la pantalla de Categorias Fiscales.
2022-08-31 15:09:44,669 - root - INFO -  Se abre el chrome
2022-08-31 15:09:45,912 - root - INFO -  Entra a la URL
2022-08-31 15:09:46,050 - root - INFO -  Maximiza la pantalla
2022-08-31 15:09:49,103 - root - INFO -  Cambia al frame
2022-08-31 15:09:52,201 - root - INFO -  Escribe el usuario
2022-08-31 15:09:52,303 - root - INFO -  Escribe la contraseña
2022-08-31 15:09:52,441 - root - INFO -  Se dio clic en el boton ingresar
2022-08-31 15:09:53,203 - root - INFO -  Ejecutar Enterprise
2022-08-31 15:09:53,204 - root - INFO -  Captura: C:\xampp\htdocs\versiones\automatizaciones\AutoPWST\01TPCH\report\img  screen：20220831_15_09_53.png
2022-08-31 15:09:57,464 - root - INFO -  Cambia entre pestañas
2022-08-31 15:10:10,875 - root - INFO -  Se abre el chrome
2022-08-31 15:10:11,885 - root - INFO -  Entra a la URL
2022-08-31 15:10:12,011 - root - INFO -  Maximiza la pantalla
2022-08-31 15:10:15,060 - root - INFO -  Cambia al frame
2022-08-31 15:10:18,136 - root - INFO -  Escribe el usuario
2022-08-31 15:10:18,240 - root - INFO -  Escribe la contraseña
2022-08-31 15:10:18,390 - root - INFO -  Se dio clic en el boton ingresar
2022-08-31 15:10:19,139 - root - INFO -  Ejecutar Enterprise
2022-08-31 15:10:19,140 - root - INFO -  Captura: C:\xampp\htdocs\versiones\automatizaciones\AutoPWST\01TPCH\report\img  screen：20220831_15_10_19.png
2022-08-31 15:10:23,416 - root - INFO -  Cambia entre pestañas
2022-08-31 15:10:35,105 - root - ERROR - No se pudo encontrar el botón para desplegar el menu completo, revise si el xpath sigue siendo el mismo, para mas detalles del error consulte el reporte
2022-08-31 15:10:38,122 - root - INFO -  Captura: C:\xampp\htdocs\versiones\automatizaciones\AutoPWST\01TPCH\report\img  screen：20220831_15_10_38.png
2022-08-31 15:10:38,594 - root - ERROR - La pantalla ejecutada no es correcta, revise si el xpath sigue siendo el mismo, para mas detalles del error consulte el reporte
2022-08-31 15:10:41,645 - root - INFO -  Captura: C:\xampp\htdocs\versiones\automatizaciones\AutoPWST\01TPCH\report\img  screen：20220831_15_10_41.png
2022-08-31 15:10:41,652 - root - ERROR - No se encontró el botón Refrescar, revise si el xpath sigue siendo el mismo, para mas detalles del error consulte el reporte
2022-08-31 15:10:44,667 - root - INFO -  Captura: C:\xampp\htdocs\versiones\automatizaciones\AutoPWST\01TPCH\report\img  screen：20220831_15_10_44.png
2022-08-31 15:10:44,691 - root - ERROR - No se encontró el botón Refrescar, revise si el xpath sigue siendo el mismo, para mas detalles del error consulte el reporte
2022-08-31 15:10:47,703 - root - INFO -  Captura: C:\xampp\htdocs\versiones\automatizaciones\AutoPWST\01TPCH\report\img  screen：20220831_15_10_47.png
2022-08-31 15:10:47,716 - root - ERROR - No se encontró el botón Refrescar, revise si el xpath sigue siendo el mismo, para mas detalles del error consulte el reporte
2022-08-31 15:10:50,720 - root - INFO -  Captura: C:\xampp\htdocs\versiones\automatizaciones\AutoPWST\01TPCH\report\img  screen：20220831_15_10_50.png
2022-08-31 15:30:48,906 - root - INFO -  Se abre el chrome
2022-08-31 15:30:50,050 - root - INFO -  Entra a la URL
2022-08-31 15:30:50,185 - root - INFO -  Maximiza la pantalla
2022-08-31 15:30:53,245 - root - INFO -  Cambia al frame
2022-08-31 15:30:56,330 - root - INFO -  Escribe el usuario
2022-08-31 15:30:56,432 - root - INFO -  Escribe la contraseña
2022-08-31 15:30:56,576 - root - INFO -  Se dio clic en el boton ingresar
2022-08-31 15:30:57,363 - root - INFO -  Ejecutar Enterprise
2022-08-31 15:30:57,364 - root - INFO -  Captura: C:\xampp\htdocs\versiones\automatizaciones\AutoPWST\01TPCH\report\img  screen：20220831_15_30_57.png
2022-08-31 15:31:01,622 - root - INFO -  Cambia entre pestañas
2022-08-31 15:31:06,732 - root - INFO -  Abre el menu completo
2022-08-31 15:31:19,659 - root - INFO -  Abre la pantalla de Tipos de Cheques
2022-08-31 15:31:20,304 - root - INFO -  La pantalla ejecutada es Tipos de Cheques
2022-08-31 15:31:23,306 - root - INFO -  Captura: C:\xampp\htdocs\versiones\automatizaciones\AutoPWST\01TPCH\report\img  screen：20220831_15_31_23.png
2022-08-31 15:31:23,507 - root - INFO -  Se presiona el boton 'Nuevo', para crear un nuevo registro.
2022-08-31 15:31:28,591 - root - INFO -  Se abrio la pantalla para el ingreso de un registro nuevo.
2022-08-31 15:31:28,642 - root - INFO -  El campo 'Codigo' si se encuentra visible.
2022-08-31 15:31:28,685 - root - INFO -  El campo 'Descrición' si se encuentra visible.
2022-08-31 15:31:28,725 - root - INFO -  El campo 'Modo control vencimiento' si se encuentra visible.
2022-08-31 15:31:28,766 - root - INFO -  El campo 'Modo control cheques adeudados' si se encuentra visible.
2022-08-31 15:31:28,806 - root - INFO -  El campo 'Único medio de pago en el documento' si se encuentra visible.
2022-08-31 15:31:28,844 - root - INFO -  El campo 'Genera documento' si se encuentra visible.
2022-08-31 15:31:28,885 - root - INFO -  El campo 'Tipo documento cheque' si se encuentra visible.
2022-08-31 15:31:28,925 - root - INFO -  El campo 'Verificar vencimiento por límite de crédito' si se encuentra visible.
2022-08-31 15:31:28,963 - root - INFO -  El campo 'Liberar crédito' si se encuentra visible.
2022-08-31 15:31:29,030 - root - INFO -  Ingresa el codigo del nuevo registro 
2022-08-31 15:31:32,274 - root - INFO -  Ingresa la descripción del nuevo registro 
2022-08-31 15:31:35,365 - root - INFO -  Se da clic en el boton Guardar; se debe crear un nuevo registro.
2022-08-31 15:31:40,459 - root - INFO -  Se presiona el boton 'Refrescar', para crear un nuevo registro igual al anterior.
2022-08-31 15:31:45,563 - root - INFO -  Se presiona el boton 'Nuevo', para crear un nuevo registro igual al anterior.
2022-08-31 15:31:50,643 - root - INFO -  Se abrio la pantalla para el ingreso de un registro nuevo.
2022-08-31 15:31:50,684 - root - INFO -  El campo 'Codigo' si se encuentra visible.
2022-08-31 15:31:50,719 - root - INFO -  El campo 'Descrición' si se encuentra visible.
2022-08-31 15:31:50,756 - root - INFO -  El campo 'Modo control vencimiento' si se encuentra visible.
2022-08-31 15:31:50,790 - root - INFO -  El campo 'Modo control cheques adeudados' si se encuentra visible.
2022-08-31 15:31:50,826 - root - INFO -  El campo 'Único medio de pago en el documento' si se encuentra visible.
2022-08-31 15:31:50,861 - root - INFO -  El campo 'Genera documento' si se encuentra visible.
2022-08-31 15:31:50,896 - root - INFO -  El campo 'Tipo documento cheque' si se encuentra visible.
2022-08-31 15:31:50,930 - root - INFO -  El campo 'Verificar vencimiento por límite de crédito' si se encuentra visible.
2022-08-31 15:31:50,966 - root - INFO -  El campo 'Liberar crédito' si se encuentra visible.
2022-08-31 15:31:51,020 - root - INFO -  Ingresa el codigo del nuevo registro 
2022-08-31 15:31:54,297 - root - INFO -  Ingresa la descripción del nuevo registro 
2022-08-31 15:31:57,420 - root - INFO -  Se da clic en el boton Guardar; se debe crear un nuevo registro.
2022-08-31 15:32:02,424 - root - INFO -  Captura: C:\xampp\htdocs\versiones\automatizaciones\AutoPWST\01TPCH\report\img  screen：20220831_15_32_02.png
2022-08-31 15:32:02,687 - root - INFO -  Se presiona el boton 'Cerrar', para cerrar el mensaje de duplicidad de llave primaria
2022-08-31 15:32:05,830 - root - INFO -  Se presiona el boton 'Cerrar', para cerrar la ventana
2022-08-31 15:32:10,006 - root - INFO -  Se presiona el boton 'Refrescar', para crear un nuevo registro igual al anterior.
2022-08-31 15:32:19,658 - root - INFO -  Se da clic en el registro creado, para proceder a modificarlo.
2022-08-31 15:32:23,012 - root - INFO -  Ingresa la descripción del nuevo registro 
2022-08-31 15:32:26,162 - root - INFO -  Se da clic en el boton Guardar; se debe modificar la informacion del registro.
2022-08-31 15:32:31,293 - root - INFO -  Se presiona el boton 'Refrescar', para proceder a eliminar el registro.
2022-08-31 15:32:40,910 - root - INFO -  Se da clic en el registro creado, para proceder a eliminarlo.
2022-08-31 15:32:49,063 - root - INFO -  Se presiona el boton 'Eliminar', para eliminar el registro.
2022-08-31 15:32:49,066 - root - INFO -  Captura: C:\xampp\htdocs\versiones\automatizaciones\AutoPWST\01TPCH\report\img  screen：20220831_15_32_49.png
2022-08-31 15:32:49,292 - root - INFO -  Se confirma el eliminado del registro
2022-08-31 15:32:54,416 - root - INFO -  Se presiona el boton 'Refrescar', para crear un nuevo registro igual al anterior.
2022-08-31 15:32:59,544 - root - INFO -  Se presiona el boton 'Cerrar', para cerrar la pantalla de Categorias Fiscales.
2022-08-31 15:49:18,041 - root - INFO -  Se abre el chrome
2022-08-31 15:49:19,010 - root - INFO -  Entra a la URL
2022-08-31 15:49:19,144 - root - INFO -  Maximiza la pantalla
2022-08-31 15:49:22,206 - root - INFO -  Cambia al frame
2022-08-31 15:49:25,298 - root - INFO -  Escribe el usuario
2022-08-31 15:49:25,410 - root - INFO -  Escribe la contraseña
2022-08-31 15:49:25,549 - root - INFO -  Se dio clic en el boton ingresar
2022-08-31 15:49:26,309 - root - INFO -  Ejecutar Enterprise
2022-08-31 15:49:26,311 - root - INFO -  Captura: C:\xampp\htdocs\versiones\automatizaciones\AutoPWST\01TPCH\report\img  screen：20220831_15_49_26.png
2022-08-31 15:49:30,562 - root - INFO -  Cambia entre pestañas
2022-08-31 15:49:35,654 - root - INFO -  Abre el menu completo
2022-08-31 15:49:48,576 - root - INFO -  Abre la pantalla de Tipos de Cheques
2022-08-31 15:49:48,668 - root - INFO -  La pantalla ejecutada es Tipos de Cheques
2022-08-31 15:49:51,678 - root - INFO -  Captura: C:\xampp\htdocs\versiones\automatizaciones\AutoPWST\01TPCH\report\img  screen：20220831_15_49_51.png
2022-08-31 15:49:51,909 - root - INFO -  Se presiona el boton 'Nuevo', para crear un nuevo registro.
2022-08-31 15:49:56,984 - root - INFO -  Se abrio la pantalla para el ingreso de un registro nuevo.
2022-08-31 15:49:57,025 - root - INFO -  El campo 'Codigo' si se encuentra visible.
2022-08-31 15:49:57,064 - root - INFO -  El campo 'Descrición' si se encuentra visible.
2022-08-31 15:49:57,105 - root - INFO -  El campo 'Modo control vencimiento' si se encuentra visible.
2022-08-31 15:49:57,146 - root - INFO -  El campo 'Modo control cheques adeudados' si se encuentra visible.
2022-08-31 15:49:57,186 - root - INFO -  El campo 'Único medio de pago en el documento' si se encuentra visible.
2022-08-31 15:49:57,226 - root - INFO -  El campo 'Genera documento' si se encuentra visible.
2022-08-31 15:49:57,265 - root - INFO -  El campo 'Tipo documento cheque' si se encuentra visible.
2022-08-31 15:49:57,306 - root - INFO -  El campo 'Verificar vencimiento por límite de crédito' si se encuentra visible.
2022-08-31 15:49:57,344 - root - INFO -  El campo 'Liberar crédito' si se encuentra visible.
2022-08-31 15:49:57,406 - root - INFO -  Ingresa el codigo del nuevo registro 
2022-08-31 15:50:00,664 - root - INFO -  Ingresa la descripción del nuevo registro 
2022-08-31 15:50:03,810 - root - INFO -  Se da clic en el boton Guardar; se debe crear un nuevo registro.
2022-08-31 15:50:08,957 - root - INFO -  Se presiona el boton 'Refrescar', para crear un nuevo registro igual al anterior.
2022-08-31 15:50:14,071 - root - INFO -  Se presiona el boton 'Nuevo', para crear un nuevo registro igual al anterior.
2022-08-31 15:50:19,162 - root - INFO -  Se abrio la pantalla para el ingreso de un registro nuevo.
2022-08-31 15:50:19,221 - root - INFO -  El campo 'Codigo' si se encuentra visible.
2022-08-31 15:50:19,259 - root - INFO -  El campo 'Descrición' si se encuentra visible.
2022-08-31 15:50:19,294 - root - INFO -  El campo 'Modo control vencimiento' si se encuentra visible.
2022-08-31 15:50:19,331 - root - INFO -  El campo 'Modo control cheques adeudados' si se encuentra visible.
2022-08-31 15:50:19,366 - root - INFO -  El campo 'Único medio de pago en el documento' si se encuentra visible.
2022-08-31 15:50:19,402 - root - INFO -  El campo 'Genera documento' si se encuentra visible.
2022-08-31 15:50:19,439 - root - INFO -  El campo 'Tipo documento cheque' si se encuentra visible.
2022-08-31 15:50:19,486 - root - INFO -  El campo 'Verificar vencimiento por límite de crédito' si se encuentra visible.
2022-08-31 15:50:19,519 - root - INFO -  El campo 'Liberar crédito' si se encuentra visible.
2022-08-31 15:50:19,575 - root - INFO -  Ingresa el codigo del nuevo registro 
2022-08-31 15:50:22,787 - root - INFO -  Ingresa la descripción del nuevo registro 
2022-08-31 15:50:25,919 - root - INFO -  Se da clic en el boton Guardar; se debe crear un nuevo registro.
2022-08-31 15:50:30,932 - root - INFO -  Captura: C:\xampp\htdocs\versiones\automatizaciones\AutoPWST\01TPCH\report\img  screen：20220831_15_50_30.png
2022-08-31 15:50:31,167 - root - INFO -  Se presiona el boton 'Cerrar', para cerrar el mensaje de duplicidad de llave primaria
2022-08-31 15:50:34,291 - root - INFO -  Se presiona el boton 'Cerrar', para cerrar la ventana
2022-08-31 15:50:38,432 - root - INFO -  Se presiona el boton 'Refrescar', para crear un nuevo registro igual al anterior.
2022-08-31 15:50:48,103 - root - INFO -  Se da clic en el registro creado, para proceder a modificarlo.
2022-08-31 15:50:51,373 - root - INFO -  Ingresa la descripción del nuevo registro 
2022-08-31 15:50:54,474 - root - INFO -  Se da clic en el boton Guardar; se debe modificar la informacion del registro.
2022-08-31 15:50:59,589 - root - INFO -  Se presiona el boton 'Refrescar', para proceder a eliminar el registro.
2022-08-31 15:51:09,197 - root - INFO -  Se da clic en el registro creado, para proceder a eliminarlo.
2022-08-31 15:51:17,334 - root - INFO -  Se presiona el boton 'Eliminar', para eliminar el registro.
2022-08-31 15:51:17,336 - root - INFO -  Captura: C:\xampp\htdocs\versiones\automatizaciones\AutoPWST\01TPCH\report\img  screen：20220831_15_51_17.png
2022-08-31 15:51:17,569 - root - INFO -  Se confirma el eliminado del registro
2022-08-31 15:51:22,675 - root - INFO -  Se presiona el boton 'Refrescar', para crear un nuevo registro igual al anterior.
2022-08-31 15:51:27,759 - root - INFO -  Se presiona el boton 'Cerrar', para cerrar la pantalla de Categorias Fiscales.
2022-08-31 15:51:31,851 - root - ERROR - No se pudo cerrar sesion
2022-08-31 15:51:34,867 - root - INFO -  Captura: C:\xampp\htdocs\versiones\automatizaciones\AutoPWST\01TPCH\report\img  screen：20220831_15_51_34.png
