2023-02-24 09:11:33,982 - root - INFO -  Se abre el chrome
2023-02-24 09:11:37,429 - root - INFO -  Entra a la URL
2023-02-24 09:11:37,611 - root - INFO -  Maximiza la pantalla
2023-02-24 09:11:40,749 - root - INFO -  Escribe el usuario
2023-02-24 09:11:40,947 - root - INFO -  Captura: C:\xi2posw02\testCase\report\img  screen：20230224_09_11_40.png
2023-02-24 09:11:41,223 - root - INFO -  Escribe la contraseña
2023-02-24 09:11:41,332 - root - INFO -  Se dio clic en el boton ingresar
2023-02-24 09:11:52,169 - root - INFO -  Escribe el primer articulo
2023-02-24 09:11:55,226 - root - INFO - Selecciona el articulo
2023-02-24 09:11:55,227 - root - INFO -  Captura: C:\xi2posw02\testCase\report\img  screen：20230224_09_11_55.png
2023-02-24 09:11:58,451 - root - INFO -  Escribe el segundo articulo
2023-02-24 09:12:01,497 - root - INFO - Selecciona el articulo
2023-02-24 09:12:01,499 - root - INFO -  Captura: C:\xi2posw02\testCase\report\img  screen：20230224_09_12_01.png
2023-02-24 09:12:04,730 - root - INFO -  Escribe el tercer articulo
2023-02-24 09:12:07,765 - root - INFO - Selecciona el articulo
2023-02-24 09:12:07,765 - root - INFO -  Captura: C:\xi2posw02\testCase\report\img  screen：20230224_09_12_07.png
2023-02-24 09:12:10,996 - root - INFO -  Escribe el cuarto articulo
2023-02-24 09:12:14,027 - root - INFO - Selecciona el articulo
2023-02-24 09:12:14,029 - root - INFO -  Captura: C:\xi2posw02\testCase\report\img  screen：20230224_09_12_14.png
2023-02-24 09:12:20,279 - root - INFO -  Da click en el boton continuar
2023-02-24 09:12:24,420 - root - INFO -  Obtiene el total a pagar
2023-02-24 09:12:24,541 - root - INFO -  Da click en el boton cash
2023-02-24 09:12:25,160 - root - INFO -  Da click en el boton para seleccionar la caja
2023-02-24 09:12:26,191 - root - INFO - Selecciona la caja
2023-02-24 09:12:26,192 - root - INFO -  Captura: C:\xi2posw02\testCase\report\img  screen：20230224_09_12_26.png
2023-02-24 09:12:26,480 - root - INFO -  Escribe el total a pagar
2023-02-24 09:12:26,598 - root - INFO -  Da click en el boton para agregar el total a pagar
2023-02-24 09:12:27,772 - root - INFO -  Captura: C:\xi2posw02\testCase\report\img  screen：20230224_09_12_27.png
2023-02-24 09:12:27,924 - root - INFO -  Da click en el boton para finalizar la venta
2023-02-24 09:12:33,281 - root - INFO -  Captura: C:\xi2posw02\testCase\report\img  screen：20230224_09_12_33.png
2023-02-24 09:12:33,430 - root - INFO -  Da click en el boton para cerrar el ticket
2023-02-24 09:12:38,581 - root - INFO -  Escribe el primer articulo
2023-02-24 09:12:41,635 - root - INFO - Selecciona el articulo
2023-02-24 09:12:41,636 - root - INFO -  Captura: C:\xi2posw02\testCase\report\img  screen：20230224_09_12_41.png
2023-02-24 09:12:44,879 - root - INFO -  Escribe el segundo articulo
2023-02-24 09:12:47,928 - root - INFO - Selecciona el articulo
2023-02-24 09:12:47,928 - root - INFO -  Captura: C:\xi2posw02\testCase\report\img  screen：20230224_09_12_47.png
2023-02-24 09:12:51,151 - root - INFO -  Escribe el tercer articulo
2023-02-24 09:12:54,188 - root - INFO - Selecciona el articulo
2023-02-24 09:12:54,189 - root - INFO -  Captura: C:\xi2posw02\testCase\report\img  screen：20230224_09_12_54.png
2023-02-24 09:13:00,416 - root - INFO -  Da click en el boton continuar
2023-02-24 09:13:03,526 - root - INFO -  Obtiene el total a pagar
2023-02-24 09:13:03,633 - root - INFO -  Da click en el boton cash
2023-02-24 09:13:04,227 - root - INFO -  Da click en el boton para seleccionar la caja
2023-02-24 09:13:05,262 - root - INFO - Selecciona la caja
2023-02-24 09:13:05,263 - root - INFO -  Captura: C:\xi2posw02\testCase\report\img  screen：20230224_09_13_05.png
2023-02-24 09:13:05,611 - root - INFO -  Escribe el total a pagar
2023-02-24 09:13:05,738 - root - INFO -  Da click en el boton para agregar el total a pagar
2023-02-24 09:13:06,894 - root - INFO -  Captura: C:\xi2posw02\testCase\report\img  screen：20230224_09_13_06.png
2023-02-24 09:13:07,080 - root - INFO -  Da click en el boton para finalizar la venta
2023-02-24 09:13:11,938 - root - INFO -  Captura: C:\xi2posw02\testCase\report\img  screen：20230224_09_13_11.png
2023-02-24 09:13:12,109 - root - INFO -  Da click en el boton para cerrar el ticket
2023-02-24 09:13:17,241 - root - INFO -  Escribe el primer articulo
2023-02-24 09:13:20,291 - root - INFO - Selecciona el articulo
2023-02-24 09:13:20,293 - root - INFO -  Captura: C:\xi2posw02\testCase\report\img  screen：20230224_09_13_20.png
2023-02-24 09:13:23,692 - root - INFO -  Escribe el segundo articulo
2023-02-24 09:13:26,757 - root - INFO - Selecciona el articulo
2023-02-24 09:13:26,758 - root - INFO -  Captura: C:\xi2posw02\testCase\report\img  screen：20230224_09_13_26.png
2023-02-24 09:13:33,092 - root - INFO -  Da click en el boton continuar
2023-02-24 09:13:36,892 - root - INFO -  Obtiene el total a pagar
2023-02-24 09:13:38,247 - root - INFO -  Da click en el boton cash
2023-02-24 09:13:39,814 - root - INFO -  Da click en el boton para seleccionar la caja
2023-02-24 09:13:41,047 - root - INFO - Selecciona la caja
2023-02-24 09:13:41,055 - root - INFO -  Captura: C:\xi2posw02\testCase\report\img  screen：20230224_09_13_41.png
2023-02-24 09:13:43,462 - root - INFO -  Escribe el total a pagar
2023-02-24 09:13:46,139 - root - INFO -  Da click en el boton para agregar el total a pagar
2023-02-24 09:13:49,200 - root - INFO -  Captura: C:\xi2posw02\testCase\report\img  screen：20230224_09_13_49.png
2023-02-24 09:13:50,492 - root - INFO -  Da click en el boton para finalizar la venta
2023-02-24 09:13:57,093 - root - INFO -  Captura: C:\xi2posw02\testCase\report\img  screen：20230224_09_13_57.png
2023-02-24 09:13:58,075 - root - INFO -  Da click en el boton para cerrar el ticket
2023-02-24 09:14:04,932 - root - INFO -  Escribe el primer articulo
2023-02-24 09:14:08,303 - root - INFO - Selecciona el articulo
2023-02-24 09:14:08,309 - root - INFO -  Captura: C:\xi2posw02\testCase\report\img  screen：20230224_09_14_08.png
2023-02-24 09:14:16,153 - root - INFO -  Da click en el boton continuar
2023-02-24 09:14:18,894 - root - INFO -  Obtiene el total a pagar
2023-02-24 09:14:20,997 - root - INFO -  Da click en el boton cash
2023-02-24 09:14:22,091 - root - INFO -  Da click en el boton para seleccionar la caja
2023-02-24 09:14:23,749 - root - INFO - Selecciona la caja
2023-02-24 09:14:23,755 - root - INFO -  Captura: C:\xi2posw02\testCase\report\img  screen：20230224_09_14_23.png
2023-02-24 09:14:27,535 - root - INFO -  Escribe el total a pagar
2023-02-24 09:14:28,633 - root - INFO -  Da click en el boton para agregar el total a pagar
2023-02-24 09:14:32,599 - root - INFO -  Captura: C:\xi2posw02\testCase\report\img  screen：20230224_09_14_32.png
2023-02-24 09:14:33,462 - root - INFO -  Da click en el boton para finalizar la venta
2023-02-24 09:14:40,402 - root - INFO -  Captura: C:\xi2posw02\testCase\report\img  screen：20230224_09_14_40.png
2023-02-24 09:14:41,334 - root - INFO -  Da click en el boton para cerrar el ticket
2023-02-24 09:15:03,826 - root - INFO -  Se cierra chrome
