2022-09-19 12:16:02,681 - root - INFO -  Se abre el chrome
2022-09-19 12:16:03,853 - root - INFO -  Entra a la URL
2022-09-19 12:16:04,033 - root - INFO -  Maximiza la pantalla
2022-09-19 12:16:07,080 - root - INFO -  Cambia al frame
2022-09-19 12:16:10,150 - root - INFO -  Escribe el usuario
2022-09-19 12:16:10,259 - root - INFO -  Escribe la contraseña
2022-09-19 12:16:10,382 - root - INFO -  Se dio clic en el boton ingresar
2022-09-19 12:16:11,126 - root - INFO -  Ejecutar Enterprise
2022-09-19 12:16:15,194 - root - INFO -  Cambia entre pestañas
2022-09-19 12:16:37,616 - root - INFO -  Abre la pantalla de Paises
2022-09-19 12:16:37,636 - root - ERROR - La pantalla ejecutada no es correcta, validar que la acción anterior haya finalizado,que el xpath sea el correcto o que la página no presente lentitud
2022-09-19 12:16:37,637 - root - INFO -  Captura: C:\xampp\htdocs\Versiones\automatizaciones\AutoPWST\01UG\report\img  screen：20220919_12_16_37.png
2022-09-19 12:16:40,124 - root - ERROR - La pantalla ejecutada no es correcta, validar que la acción anterior haya finalizado,que el xpath sea el correcto o que la página no presente lentitud
2022-09-19 12:16:40,124 - root - INFO -  Captura: C:\xampp\htdocs\Versiones\automatizaciones\AutoPWST\01UG\report\img  screen：20220919_12_16_40.png
2022-09-19 12:16:40,124 - root - ERROR - No se dió click al botón Refrescar, validar que la acción anterior haya finalizado,que el xpath sea el correcto o que la página no presente lentitud
2022-09-19 12:16:40,124 - root - INFO -  Captura: C:\xampp\htdocs\Versiones\automatizaciones\AutoPWST\01UG\report\img  screen：20220919_12_16_40.png
2022-09-19 12:16:40,124 - root - ERROR - No se dió click al botón Refrescar, validar que la acción anterior haya finalizado,que el xpath sea el correcto o que la página no presente lentitud
2022-09-19 12:16:40,124 - root - INFO -  Captura: C:\xampp\htdocs\Versiones\automatizaciones\AutoPWST\01UG\report\img  screen：20220919_12_16_40.png
2022-09-19 12:16:40,140 - root - ERROR - No se dió click al botón Refrescar, validar que la acción anterior haya finalizado,que el xpath sea el correcto o que la página no presente lentitud
2022-09-19 12:16:40,140 - root - INFO -  Captura: C:\xampp\htdocs\Versiones\automatizaciones\AutoPWST\01UG\report\img  screen：20220919_12_16_40.png
