2022-12-26 10:25:04,921 - root - INFO -  Se abre el chrome
2022-12-26 10:25:05,864 - root - INFO -  Entra a la URL
2022-12-26 10:25:05,988 - root - INFO -  Maximiza la pantalla
2022-12-26 10:25:09,205 - root - INFO -  Escribe el usuario
2022-12-26 10:25:09,381 - root - INFO -  Escribe la contraseña
2022-12-26 10:25:09,551 - root - INFO -  Se dio clic en el boton ingresar
2022-12-26 10:25:10,326 - root - INFO -  Ejecutar Enterprise
2022-12-26 10:25:14,398 - root - INFO -  Cambia entre pestañas
2022-12-26 10:25:23,330 - root - INFO -  Abre la pantalla de Paises
2022-12-26 10:25:23,898 - root - INFO -  La pantalla ejecutada es Paises.
2022-12-26 10:25:23,902 - root - INFO -  Captura: C:\xampp\htdocs\versiones\automatizaciones\AutoPWST\01UG\report\img  screen：20221226_10_25_23.png
2022-12-26 10:25:24,639 - root - INFO -  Se da clic en el registro creado, para proceder a modificarlo.
2022-12-26 10:26:18,724 - root - INFO -  Se abre el chrome
2022-12-26 10:26:19,894 - root - INFO -  Entra a la URL
2022-12-26 10:26:20,028 - root - INFO -  Maximiza la pantalla
2022-12-26 10:26:23,249 - root - INFO -  Escribe el usuario
2022-12-26 10:26:23,435 - root - INFO -  Escribe la contraseña
2022-12-26 10:26:23,614 - root - INFO -  Se dio clic en el boton ingresar
2022-12-26 10:26:24,392 - root - INFO -  Ejecutar Enterprise
2022-12-26 10:26:28,476 - root - INFO -  Cambia entre pestañas
2022-12-26 10:26:39,602 - root - INFO -  Abre la pantalla de Paises
2022-12-26 10:26:40,179 - root - INFO -  La pantalla ejecutada es Paises.
2022-12-26 10:26:40,180 - root - INFO -  Captura: C:\xampp\htdocs\versiones\automatizaciones\AutoPWST\01UG\report\img  screen：20221226_10_26_40.png
2022-12-26 10:26:40,929 - root - INFO -  Se da clic en el registro creado, para proceder a modificarlo.
2022-12-26 10:26:41,518 - root - INFO - Se hace el cambio de pestaña para continuar con el registro nuevo
2022-12-26 10:26:41,519 - root - ERROR - No se encontró el registro deseado, validar que la acción anterior haya finalizado,que el xpath sea el correcto o que la página no presente lentitud
2022-12-26 10:26:41,521 - root - INFO -  Captura: C:\xampp\htdocs\versiones\automatizaciones\AutoPWST\01UG\report\img  screen：20221226_10_26_41.png
2022-12-26 10:26:45,950 - root - INFO -  Se cierra chrome
2022-12-26 10:26:45,951 - root - ERROR - La pantalla anterior fallo por lo que esta no funcionara, para mas detalles del error consulte el reporte
2022-12-26 10:26:45,953 - root - ERROR - La pantalla anterior fallo por lo que esta no funcionara, para mas detalles del error consulte el reporte
2022-12-26 10:26:45,954 - root - ERROR - La pantalla anterior fallo por lo que esta no funcionara, para mas detalles del error consulte el reporte
2022-12-26 10:26:45,956 - root - ERROR - La pantalla anterior fallo por lo que esta no funcionara, para mas detalles del error consulte el reporte
2022-12-26 10:28:32,297 - root - INFO -  Se abre el chrome
2022-12-26 10:28:33,084 - root - INFO -  Entra a la URL
2022-12-26 10:28:33,210 - root - INFO -  Maximiza la pantalla
2022-12-26 10:28:36,318 - root - INFO -  Escribe el usuario
2022-12-26 10:28:36,391 - root - INFO -  Escribe la contraseña
2022-12-26 10:28:36,452 - root - INFO -  Se dio clic en el boton ingresar
2022-12-26 10:28:37,123 - root - INFO -  Ejecutar Enterprise
2022-12-26 10:28:41,187 - root - INFO -  Cambia entre pestañas
2022-12-26 10:28:51,471 - root - INFO -  Abre la pantalla de Paises
2022-12-26 10:28:52,025 - root - INFO -  La pantalla ejecutada es Paises.
2022-12-26 10:28:52,025 - root - INFO -  Captura: C:\xampp\htdocs\versiones\automatizaciones\AutoPWST\01UG\report\img  screen：20221226_10_28_52.png
2022-12-26 10:28:52,766 - root - INFO -  Se da clic en el registro creado, para proceder a modificarlo.
2022-12-26 10:28:53,348 - root - INFO - Se hace el cambio de pestaña para continuar con el registro nuevo
2022-12-26 10:28:53,349 - root - ERROR - No se encontró el registro deseado, validar que la acción anterior haya finalizado,que el xpath sea el correcto o que la página no presente lentitud
2022-12-26 10:28:53,350 - root - INFO -  Captura: C:\xampp\htdocs\versiones\automatizaciones\AutoPWST\01UG\report\img  screen：20221226_10_28_53.png
2022-12-26 10:28:57,777 - root - INFO -  Se cierra chrome
2022-12-26 10:28:57,778 - root - ERROR - La pantalla anterior fallo por lo que esta no funcionara, para mas detalles del error consulte el reporte
2022-12-26 10:28:57,779 - root - ERROR - La pantalla anterior fallo por lo que esta no funcionara, para mas detalles del error consulte el reporte
2022-12-26 10:28:57,780 - root - ERROR - La pantalla anterior fallo por lo que esta no funcionara, para mas detalles del error consulte el reporte
2022-12-26 10:28:57,780 - root - ERROR - La pantalla anterior fallo por lo que esta no funcionara, para mas detalles del error consulte el reporte
2022-12-26 10:30:04,410 - root - INFO -  Se abre el chrome
2022-12-26 10:30:05,115 - root - INFO -  Entra a la URL
2022-12-26 10:30:05,233 - root - INFO -  Maximiza la pantalla
2022-12-26 10:30:08,338 - root - INFO -  Escribe el usuario
2022-12-26 10:30:08,407 - root - INFO -  Escribe la contraseña
2022-12-26 10:30:08,466 - root - INFO -  Se dio clic en el boton ingresar
2022-12-26 10:30:09,143 - root - INFO -  Ejecutar Enterprise
2022-12-26 10:30:13,199 - root - INFO -  Cambia entre pestañas
2022-12-26 10:30:23,465 - root - INFO -  Abre la pantalla de Paises
2022-12-26 10:30:24,027 - root - INFO -  La pantalla ejecutada es Paises.
2022-12-26 10:30:24,028 - root - INFO -  Captura: C:\xampp\htdocs\versiones\automatizaciones\AutoPWST\01UG\report\img  screen：20221226_10_30_24.png
2022-12-26 10:30:24,751 - root - INFO -  Se da clic en el registro creado, para proceder a modificarlo.
2022-12-26 10:30:25,380 - root - INFO - Se hace el cambio de pestaña para continuar con el registro nuevo
2022-12-26 10:30:25,381 - root - ERROR - No se encontró el registro deseado, validar que la acción anterior haya finalizado,que el xpath sea el correcto o que la página no presente lentitud
2022-12-26 10:30:25,382 - root - INFO -  Captura: C:\xampp\htdocs\versiones\automatizaciones\AutoPWST\01UG\report\img  screen：20221226_10_30_25.png
2022-12-26 10:30:29,943 - root - INFO -  Se cierra chrome
2022-12-26 10:30:29,945 - root - ERROR - La pantalla anterior fallo por lo que esta no funcionara, para mas detalles del error consulte el reporte
2022-12-26 10:30:29,945 - root - ERROR - La pantalla anterior fallo por lo que esta no funcionara, para mas detalles del error consulte el reporte
2022-12-26 10:30:29,946 - root - ERROR - La pantalla anterior fallo por lo que esta no funcionara, para mas detalles del error consulte el reporte
2022-12-26 10:30:29,947 - root - ERROR - La pantalla anterior fallo por lo que esta no funcionara, para mas detalles del error consulte el reporte
2022-12-26 10:30:44,562 - root - INFO -  Se abre el chrome
2022-12-26 10:30:45,986 - root - INFO -  Entra a la URL
2022-12-26 10:30:46,112 - root - INFO -  Maximiza la pantalla
2022-12-26 10:30:49,201 - root - INFO -  Escribe el usuario
2022-12-26 10:30:49,279 - root - INFO -  Escribe la contraseña
2022-12-26 10:30:49,355 - root - INFO -  Se dio clic en el boton ingresar
2022-12-26 10:30:50,034 - root - INFO -  Ejecutar Enterprise
2022-12-26 10:30:54,095 - root - INFO -  Cambia entre pestañas
2022-12-26 10:31:04,304 - root - INFO -  Abre la pantalla de Paises
2022-12-26 10:31:04,891 - root - INFO -  La pantalla ejecutada es Paises.
2022-12-26 10:31:04,892 - root - INFO -  Captura: C:\xampp\htdocs\versiones\automatizaciones\AutoPWST\01UG\report\img  screen：20221226_10_31_04.png
2022-12-26 10:31:05,677 - root - INFO -  Se da clic en el registro creado, para proceder a modificarlo.
2022-12-26 10:31:06,250 - root - INFO - Se hace el cambio de pestaña para continuar con el registro nuevo
2022-12-26 10:31:06,251 - root - ERROR - No se encontró el registro deseado, validar que la acción anterior haya finalizado,que el xpath sea el correcto o que la página no presente lentitud
2022-12-26 10:31:06,251 - root - INFO -  Captura: C:\xampp\htdocs\versiones\automatizaciones\AutoPWST\01UG\report\img  screen：20221226_10_31_06.png
2022-12-26 10:31:10,612 - root - INFO -  Se cierra chrome
2022-12-26 10:31:10,613 - root - ERROR - La pantalla anterior fallo por lo que esta no funcionara, para mas detalles del error consulte el reporte
2022-12-26 10:31:10,614 - root - ERROR - La pantalla anterior fallo por lo que esta no funcionara, para mas detalles del error consulte el reporte
2022-12-26 10:31:10,616 - root - ERROR - La pantalla anterior fallo por lo que esta no funcionara, para mas detalles del error consulte el reporte
2022-12-26 10:31:10,616 - root - ERROR - La pantalla anterior fallo por lo que esta no funcionara, para mas detalles del error consulte el reporte
2022-12-26 10:32:58,869 - root - INFO -  Se abre el chrome
2022-12-26 10:32:59,628 - root - INFO -  Entra a la URL
2022-12-26 10:32:59,745 - root - INFO -  Maximiza la pantalla
2022-12-26 10:33:02,837 - root - INFO -  Escribe el usuario
2022-12-26 10:33:02,906 - root - INFO -  Escribe la contraseña
2022-12-26 10:33:02,970 - root - INFO -  Se dio clic en el boton ingresar
2022-12-26 10:33:03,629 - root - INFO -  Ejecutar Enterprise
2022-12-26 10:33:07,683 - root - INFO -  Cambia entre pestañas
2022-12-26 10:33:18,190 - root - INFO -  Abre la pantalla de Paises
2022-12-26 10:33:18,753 - root - INFO -  La pantalla ejecutada es Paises.
2022-12-26 10:33:18,753 - root - INFO -  Captura: C:\xampp\htdocs\versiones\automatizaciones\AutoPWST\01UG\report\img  screen：20221226_10_33_18.png
2022-12-26 10:33:19,514 - root - INFO -  Se da clic en el registro creado, para proceder a modificarlo.
2022-12-26 10:33:20,094 - root - INFO - Se hace el cambio de pestaña para continuar con el registro nuevo
2022-12-26 10:33:21,239 - root - INFO -  Se da clic en el registro creado, para proceder a modificarlo.
2022-12-26 10:33:21,837 - root - INFO - Se hace el cambio de pestaña para continuar con el registro nuevo
2022-12-26 10:33:22,981 - root - INFO -  Se da clic en el registro creado, para proceder a modificarlo.
2022-12-26 10:33:23,590 - root - INFO - Se hace el cambio de pestaña para continuar con el registro nuevo
2022-12-26 10:33:24,704 - root - INFO -  Se da clic en el registro creado, para proceder a modificarlo.
2022-12-26 10:33:24,772 - root - INFO -  Se presiona el boton 'Eliminar', para eliminar el registro.
2022-12-26 10:33:24,926 - root - INFO -  Se da clic en el boton Guardar; se debe crear un nuevo registro.
2022-12-26 10:33:25,121 - root - INFO -  Se da clic en el boton Guardar; se debe crear un nuevo registro.
2022-12-26 10:33:25,300 - root - INFO -  Se da clic en el boton Guardar; se debe modificar la informacion del registro.
2022-12-26 10:33:25,891 - root - INFO -  Se da clic en el registro creado, para proceder a eliminarlo.
2022-12-26 10:33:26,493 - root - INFO - Se hace el cambio de pestaña para continuar con el registro nuevo
2022-12-26 10:33:27,610 - root - INFO -  Se da clic en el registro creado, para proceder a modificarlo.
2022-12-26 10:33:28,185 - root - INFO - Se hace el cambio de pestaña para continuar con el registro nuevo
2022-12-26 10:33:31,809 - root - INFO -  Se da clic en el registro creado, para proceder a modificarlo.
2022-12-26 10:33:31,872 - root - INFO -  Se presiona el boton 'Eliminar', para eliminar el registro.
2022-12-26 10:33:31,997 - root - INFO -  Se da clic en el boton Guardar; se debe crear un nuevo registro.
2022-12-26 10:33:32,156 - root - INFO -  Se da clic en el boton Guardar; se debe modificar la informacion del registro.
2022-12-26 10:33:32,792 - root - INFO -  Se da clic en el registro creado, para proceder a eliminarlo.
2022-12-26 10:33:33,371 - root - INFO - Se hace el cambio de pestaña para continuar con el registro nuevo
2022-12-26 10:33:34,462 - root - INFO -  Se da clic en el registro creado, para proceder a modificarlo.
2022-12-26 10:33:34,524 - root - INFO -  Se presiona el boton 'Eliminar', para eliminar el registro.
2022-12-26 10:33:34,655 - root - INFO -  Se da clic en el boton Guardar; se debe modificar la informacion del registro.
2022-12-26 10:33:35,234 - root - INFO -  Se da clic en el registro creado, para proceder a eliminarlo.
2022-12-26 10:33:36,310 - root - ERROR - No se dió click al botón Eliminar, validar que la acción anterior haya finalizado,que el xpath sea el correcto o que la página no presente lentitud
2022-12-26 10:33:36,313 - root - INFO -  Captura: C:\xampp\htdocs\versiones\automatizaciones\AutoPWST\01UG\report\img  screen：20221226_10_33_36.png
2022-12-26 10:33:40,739 - root - INFO -  Se cierra chrome
2022-12-26 10:33:40,740 - root - ERROR - La pantalla anterior fallo por lo que esta no funcionara, para mas detalles del error consulte el reporte
2022-12-26 10:33:40,741 - root - ERROR - La pantalla anterior fallo por lo que esta no funcionara, para mas detalles del error consulte el reporte
2022-12-26 10:33:40,742 - root - ERROR - La pantalla anterior fallo por lo que esta no funcionara, para mas detalles del error consulte el reporte
2022-12-26 10:33:40,742 - root - ERROR - La pantalla anterior fallo por lo que esta no funcionara, para mas detalles del error consulte el reporte
2022-12-26 10:54:19,962 - root - INFO -  Se abre el chrome
2022-12-26 10:54:21,097 - root - INFO -  Entra a la URL
2022-12-26 10:54:21,219 - root - INFO -  Maximiza la pantalla
2022-12-26 10:54:24,318 - root - INFO -  Escribe el usuario
2022-12-26 10:54:24,389 - root - INFO -  Escribe la contraseña
2022-12-26 10:54:24,457 - root - INFO -  Se dio clic en el boton ingresar
2022-12-26 10:54:25,116 - root - INFO -  Ejecutar Enterprise
2022-12-26 10:54:29,169 - root - INFO -  Cambia entre pestañas
2022-12-26 10:54:39,529 - root - INFO -  Abre la pantalla de Paises
2022-12-26 10:54:40,103 - root - INFO -  La pantalla ejecutada es Paises.
2022-12-26 10:54:40,105 - root - INFO -  Captura: C:\xampp\htdocs\versiones\automatizaciones\AutoPWST\01UG\report\img  screen：20221226_10_54_40.png
2022-12-26 10:54:40,955 - root - INFO -  Se da clic en el registro creado, para proceder a modificarlo.
2022-12-26 10:54:41,718 - root - INFO - Se hace el cambio de pestaña para continuar con el registro nuevo
2022-12-26 10:54:42,493 - root - INFO -  Se da clic en el registro creado, para proceder a modificarlo.
2022-12-26 10:54:43,200 - root - INFO - Se hace el cambio de pestaña para continuar con el registro nuevo
2022-12-26 10:54:53,923 - root - ERROR - No se dió click al botón Barrios, validar que la acción anterior haya finalizado,que el xpath sea el correcto o que la página no presente lentitud
2022-12-26 10:54:53,926 - root - INFO -  Captura: C:\xampp\htdocs\versiones\automatizaciones\AutoPWST\01UG\report\img  screen：20221226_10_54_53.png
2022-12-26 10:54:58,952 - root - INFO -  Se cierra chrome
2022-12-26 10:54:58,955 - root - ERROR - La pantalla anterior fallo por lo que esta no funcionara, para mas detalles del error consulte el reporte
2022-12-26 10:54:58,956 - root - ERROR - La pantalla anterior fallo por lo que esta no funcionara, para mas detalles del error consulte el reporte
2022-12-26 10:54:58,958 - root - ERROR - La pantalla anterior fallo por lo que esta no funcionara, para mas detalles del error consulte el reporte
2022-12-26 10:54:58,960 - root - ERROR - La pantalla anterior fallo por lo que esta no funcionara, para mas detalles del error consulte el reporte
2022-12-26 10:56:35,154 - root - INFO -  Se abre el chrome
2022-12-26 10:56:36,172 - root - INFO -  Entra a la URL
2022-12-26 10:56:36,322 - root - INFO -  Maximiza la pantalla
2022-12-26 10:56:39,606 - root - INFO -  Escribe el usuario
2022-12-26 10:56:39,801 - root - INFO -  Escribe la contraseña
2022-12-26 10:56:39,982 - root - INFO -  Se dio clic en el boton ingresar
2022-12-26 10:56:40,807 - root - INFO -  Ejecutar Enterprise
2022-12-26 10:56:44,897 - root - INFO -  Cambia entre pestañas
2022-12-26 10:56:56,123 - root - INFO -  Abre la pantalla de Paises
2022-12-26 10:56:57,348 - root - INFO -  La pantalla ejecutada es Paises.
2022-12-26 10:56:57,349 - root - INFO -  Captura: C:\xampp\htdocs\versiones\automatizaciones\AutoPWST\01UG\report\img  screen：20221226_10_56_57.png
2022-12-26 10:56:59,279 - root - INFO -  Se da clic en el registro creado, para proceder a modificarlo.
2022-12-26 10:56:59,580 - root - INFO - Se hace el cambio de pestaña para continuar con el registro nuevo
2022-12-26 10:57:01,465 - root - INFO -  Se da clic en el registro creado, para proceder a modificarlo.
2022-12-26 10:57:02,111 - root - INFO - Se hace el cambio de pestaña para continuar con el registro nuevo
2022-12-26 10:57:23,901 - root - ERROR - No se dió click al botón Eliminar, validar que la acción anterior haya finalizado,que el xpath sea el correcto o que la página no presente lentitud
2022-12-26 10:57:23,904 - root - INFO -  Captura: C:\xampp\htdocs\versiones\automatizaciones\AutoPWST\01UG\report\img  screen：20221226_10_57_23.png
2022-12-26 10:57:29,187 - root - INFO -  Se cierra chrome
2022-12-26 10:57:29,189 - root - ERROR - La pantalla anterior fallo por lo que esta no funcionara, para mas detalles del error consulte el reporte
2022-12-26 10:57:29,191 - root - ERROR - La pantalla anterior fallo por lo que esta no funcionara, para mas detalles del error consulte el reporte
2022-12-26 10:57:29,194 - root - ERROR - La pantalla anterior fallo por lo que esta no funcionara, para mas detalles del error consulte el reporte
2022-12-26 10:57:29,196 - root - ERROR - La pantalla anterior fallo por lo que esta no funcionara, para mas detalles del error consulte el reporte
