2022-11-28 10:00:18,557 - root - INFO -  Se abre el chrome
2022-11-28 10:00:19,310 - root - INFO -  Entra a la URL
2022-11-28 10:00:19,433 - root - INFO -  Maximiza la pantalla
2022-11-28 10:00:22,471 - root - INFO -  Cambia al frame
2022-11-28 10:00:25,539 - root - INFO -  Escribe el usuario
2022-11-28 10:00:25,611 - root - INFO -  Escribe la contraseña
2022-11-28 10:00:25,700 - root - INFO -  Se dio clic en el boton ingresar
2022-11-28 10:00:26,408 - root - INFO -  Ejecutar Enterprise
2022-11-28 10:00:30,462 - root - INFO -  Cambia entre pestañas
2022-11-28 10:00:40,466 - root - INFO - /html/body/div[3]/div[2]/ui-container/ui-window[2]/div[1]/span[2]
2022-11-28 10:00:52,337 - root - INFO -  Abre la pantalla de Clasificación Vendedor
2022-11-28 10:00:52,392 - root - INFO -  La pantalla ejecutada es Clasificación Vendedor.
2022-11-28 10:00:52,392 - root - INFO -  Captura: C:\xampp\htdocs\versiones\automatizaciones\AutoPWST\ScriptAmarillo\report\img  screen：20221128_10_00_52.png
2022-11-28 10:00:52,566 - root - INFO -  Se presiona el boton 'Nuevo', para crear un nuevo registro.
2022-11-28 10:00:53,110 - root - INFO -  Se abrio la pantalla para el ingreso de un registro nuevo.
2022-11-28 10:00:53,112 - root - ERROR - No se pudo encontrar el campo para ingresar el codigo, revise si el xpath sigue siendo el mismo, para mas detalles del error consulte el reporte
2022-11-28 10:00:56,123 - root - INFO -  Captura: C:\xampp\htdocs\versiones\automatizaciones\AutoPWST\ScriptAmarillo\report\img  screen：20221128_10_00_56.png
2022-11-28 10:01:12,604 - root - ERROR - No se encontró el botón Refrescar, revise si el xpath sigue siendo el mismo, para mas detalles del error consulte el reporte
2022-11-28 10:01:15,619 - root - INFO -  Captura: C:\xampp\htdocs\versiones\automatizaciones\AutoPWST\ScriptAmarillo\report\img  screen：20221128_10_01_15.png
2022-11-28 10:01:15,653 - root - ERROR - No se encontró el botón Refrescar, revise si el xpath sigue siendo el mismo, para mas detalles del error consulte el reporte
2022-11-28 10:01:18,657 - root - INFO -  Captura: C:\xampp\htdocs\versiones\automatizaciones\AutoPWST\ScriptAmarillo\report\img  screen：20221128_10_01_18.png
2022-11-28 10:01:18,683 - root - ERROR - La pantalla ejecutada no es correcta, revise si el xpath sigue siendo el mismo, para mas detalles del error consulte el reporte
2022-11-28 10:01:21,698 - root - INFO -  Captura: C:\xampp\htdocs\versiones\automatizaciones\AutoPWST\ScriptAmarillo\report\img  screen：20221128_10_01_21.png
2022-11-28 10:01:21,710 - root - ERROR - No se encontró el botón Refrescar, revise si el xpath sigue siendo el mismo, para mas detalles del error consulte el reporte
2022-11-28 10:01:24,723 - root - INFO -  Captura: C:\xampp\htdocs\versiones\automatizaciones\AutoPWST\ScriptAmarillo\report\img  screen：20221128_10_01_24.png
2022-11-28 10:04:19,204 - root - INFO -  Se abre el chrome
2022-11-28 10:04:20,149 - root - INFO -  Entra a la URL
2022-11-28 10:04:20,272 - root - INFO -  Maximiza la pantalla
2022-11-28 10:04:23,321 - root - INFO -  Cambia al frame
2022-11-28 10:04:26,390 - root - INFO -  Escribe el usuario
2022-11-28 10:04:26,457 - root - INFO -  Escribe la contraseña
2022-11-28 10:04:26,554 - root - INFO -  Se dio clic en el boton ingresar
2022-11-28 10:04:27,252 - root - INFO -  Ejecutar Enterprise
2022-11-28 10:04:31,312 - root - INFO -  Cambia entre pestañas
2022-11-28 10:05:01,474 - root - ERROR - La pantalla ejecutada no es correcta, revise si el xpath sigue siendo el mismo, para mas detalles del error consulte el reporte
2022-11-28 10:05:04,478 - root - INFO -  Captura: C:\xampp\htdocs\versiones\automatizaciones\AutoPWST\ScriptAmarillo\report\img  screen：20221128_10_05_04.png
2022-11-28 10:05:04,864 - root - ERROR - No se encontró el botón Refrescar, revise si el xpath sigue siendo el mismo, para mas detalles del error consulte el reporte
2022-11-28 10:05:07,870 - root - INFO -  Captura: C:\xampp\htdocs\versiones\automatizaciones\AutoPWST\ScriptAmarillo\report\img  screen：20221128_10_05_07.png
2022-11-28 10:05:07,898 - root - ERROR - No se encontró el botón Refrescar, revise si el xpath sigue siendo el mismo, para mas detalles del error consulte el reporte
2022-11-28 10:05:10,902 - root - INFO -  Captura: C:\xampp\htdocs\versiones\automatizaciones\AutoPWST\ScriptAmarillo\report\img  screen：20221128_10_05_10.png
2022-11-28 10:05:10,920 - root - ERROR - La pantalla ejecutada no es correcta, revise si el xpath sigue siendo el mismo, para mas detalles del error consulte el reporte
2022-11-28 10:05:13,934 - root - INFO -  Captura: C:\xampp\htdocs\versiones\automatizaciones\AutoPWST\ScriptAmarillo\report\img  screen：20221128_10_05_13.png
2022-11-28 10:05:13,939 - root - ERROR - No se encontró el botón Refrescar, revise si el xpath sigue siendo el mismo, para mas detalles del error consulte el reporte
2022-11-28 10:05:16,950 - root - INFO -  Captura: C:\xampp\htdocs\versiones\automatizaciones\AutoPWST\ScriptAmarillo\report\img  screen：20221128_10_05_16.png
2022-11-28 10:07:39,286 - root - INFO -  Se abre el chrome
2022-11-28 10:07:40,453 - root - INFO -  Entra a la URL
2022-11-28 10:07:40,579 - root - INFO -  Maximiza la pantalla
2022-11-28 10:07:43,626 - root - INFO -  Cambia al frame
2022-11-28 10:07:46,699 - root - INFO -  Escribe el usuario
2022-11-28 10:07:46,801 - root - INFO -  Escribe la contraseña
2022-11-28 10:07:46,932 - root - INFO -  Se dio clic en el boton ingresar
2022-11-28 10:07:47,675 - root - INFO -  Ejecutar Enterprise
2022-11-28 10:07:51,729 - root - INFO -  Cambia entre pestañas
2022-11-28 10:08:21,832 - root - ERROR - La pantalla ejecutada no es correcta, revise si el xpath sigue siendo el mismo, para mas detalles del error consulte el reporte
2022-11-28 10:08:24,839 - root - INFO -  Captura: C:\xampp\htdocs\versiones\automatizaciones\AutoPWST\ScriptAmarillo\report\img  screen：20221128_10_08_24.png
2022-11-28 10:08:25,230 - root - ERROR - No se encontró el botón Refrescar, revise si el xpath sigue siendo el mismo, para mas detalles del error consulte el reporte
2022-11-28 10:08:28,236 - root - INFO -  Captura: C:\xampp\htdocs\versiones\automatizaciones\AutoPWST\ScriptAmarillo\report\img  screen：20221128_10_08_28.png
2022-11-28 10:08:28,257 - root - ERROR - No se encontró el botón Refrescar, revise si el xpath sigue siendo el mismo, para mas detalles del error consulte el reporte
2022-11-28 10:08:31,268 - root - INFO -  Captura: C:\xampp\htdocs\versiones\automatizaciones\AutoPWST\ScriptAmarillo\report\img  screen：20221128_10_08_31.png
2022-11-28 10:08:31,281 - root - ERROR - La pantalla ejecutada no es correcta, revise si el xpath sigue siendo el mismo, para mas detalles del error consulte el reporte
2022-11-28 10:08:34,283 - root - INFO -  Captura: C:\xampp\htdocs\versiones\automatizaciones\AutoPWST\ScriptAmarillo\report\img  screen：20221128_10_08_34.png
2022-11-28 10:08:34,289 - root - ERROR - No se encontró el botón Refrescar, revise si el xpath sigue siendo el mismo, para mas detalles del error consulte el reporte
2022-11-28 10:08:37,293 - root - INFO -  Captura: C:\xampp\htdocs\versiones\automatizaciones\AutoPWST\ScriptAmarillo\report\img  screen：20221128_10_08_37.png
2022-11-28 10:10:58,862 - root - INFO -  Se abre el chrome
2022-11-28 10:10:59,594 - root - INFO -  Entra a la URL
2022-11-28 10:10:59,712 - root - INFO -  Maximiza la pantalla
2022-11-28 10:11:02,761 - root - INFO -  Cambia al frame
2022-11-28 10:11:05,839 - root - INFO -  Escribe el usuario
2022-11-28 10:11:05,908 - root - INFO -  Escribe la contraseña
2022-11-28 10:11:06,002 - root - INFO -  Se dio clic en el boton ingresar
2022-11-28 10:11:06,696 - root - INFO -  Ejecutar Enterprise
2022-11-28 10:11:10,782 - root - INFO -  Cambia entre pestañas
2022-11-28 10:11:41,104 - root - ERROR - La pantalla ejecutada no es correcta, revise si el xpath sigue siendo el mismo, para mas detalles del error consulte el reporte
2022-11-28 10:11:44,116 - root - INFO -  Captura: C:\xampp\htdocs\versiones\automatizaciones\AutoPWST\ScriptAmarillo\report\img  screen：20221128_10_11_44.png
2022-11-28 10:12:00,640 - root - ERROR - No se encontró el botón Refrescar, revise si el xpath sigue siendo el mismo, para mas detalles del error consulte el reporte
2022-11-28 10:12:03,655 - root - INFO -  Captura: C:\xampp\htdocs\versiones\automatizaciones\AutoPWST\ScriptAmarillo\report\img  screen：20221128_10_12_03.png
2022-11-28 10:12:03,679 - root - ERROR - No se encontró el botón Refrescar, revise si el xpath sigue siendo el mismo, para mas detalles del error consulte el reporte
2022-11-28 10:12:06,688 - root - INFO -  Captura: C:\xampp\htdocs\versiones\automatizaciones\AutoPWST\ScriptAmarillo\report\img  screen：20221128_10_12_06.png
2022-11-28 10:12:06,712 - root - ERROR - La pantalla ejecutada no es correcta, revise si el xpath sigue siendo el mismo, para mas detalles del error consulte el reporte
2022-11-28 10:12:09,715 - root - INFO -  Captura: C:\xampp\htdocs\versiones\automatizaciones\AutoPWST\ScriptAmarillo\report\img  screen：20221128_10_12_09.png
2022-11-28 10:12:09,720 - root - ERROR - No se encontró el botón Refrescar, revise si el xpath sigue siendo el mismo, para mas detalles del error consulte el reporte
2022-11-28 10:12:12,730 - root - INFO -  Captura: C:\xampp\htdocs\versiones\automatizaciones\AutoPWST\ScriptAmarillo\report\img  screen：20221128_10_12_12.png
2022-11-28 10:14:55,644 - root - INFO -  Se abre el chrome
2022-11-28 10:14:56,602 - root - INFO -  Entra a la URL
2022-11-28 10:14:56,721 - root - INFO -  Maximiza la pantalla
2022-11-28 10:14:59,767 - root - INFO -  Cambia al frame
2022-11-28 10:15:02,855 - root - INFO -  Escribe el usuario
2022-11-28 10:15:02,938 - root - INFO -  Escribe la contraseña
2022-11-28 10:15:03,029 - root - INFO -  Se dio clic en el boton ingresar
2022-11-28 10:15:03,719 - root - INFO -  Ejecutar Enterprise
2022-11-28 10:15:07,805 - root - INFO -  Cambia entre pestañas
2022-11-28 10:15:17,958 - root - INFO - /html/body/div[3]/div[2]/ui-container/ui-window[2]/div[1]/span[2]
2022-11-28 10:15:29,849 - root - INFO -  Abre la pantalla de Clasificación Vendedor
2022-11-28 10:15:29,880 - root - INFO -  La pantalla ejecutada es Clasificación Vendedor.
2022-11-28 10:15:29,880 - root - INFO -  Captura: C:\xampp\htdocs\versiones\automatizaciones\AutoPWST\ScriptAmarillo\report\img  screen：20221128_10_15_29.png
2022-11-28 10:15:30,051 - root - INFO -  Se presiona el boton 'Nuevo', para crear un nuevo registro.
2022-11-28 10:15:30,611 - root - INFO -  Se abrio la pantalla para el ingreso de un registro nuevo.
2022-11-28 10:15:30,612 - root - ERROR - No se pudo encontrar el campo para ingresar el codigo, revise si el xpath sigue siendo el mismo, para mas detalles del error consulte el reporte
2022-11-28 10:15:33,624 - root - INFO -  Captura: C:\xampp\htdocs\versiones\automatizaciones\AutoPWST\ScriptAmarillo\report\img  screen：20221128_10_15_33.png
2022-11-28 10:15:50,015 - root - ERROR - No se encontró el botón Refrescar, revise si el xpath sigue siendo el mismo, para mas detalles del error consulte el reporte
2022-11-28 10:15:53,027 - root - INFO -  Captura: C:\xampp\htdocs\versiones\automatizaciones\AutoPWST\ScriptAmarillo\report\img  screen：20221128_10_15_53.png
2022-11-28 10:15:53,044 - root - ERROR - No se encontró el botón Refrescar, revise si el xpath sigue siendo el mismo, para mas detalles del error consulte el reporte
2022-11-28 10:15:56,052 - root - INFO -  Captura: C:\xampp\htdocs\versiones\automatizaciones\AutoPWST\ScriptAmarillo\report\img  screen：20221128_10_15_56.png
2022-11-28 10:15:56,060 - root - ERROR - La pantalla ejecutada no es correcta, revise si el xpath sigue siendo el mismo, para mas detalles del error consulte el reporte
2022-11-28 10:15:59,069 - root - INFO -  Captura: C:\xampp\htdocs\versiones\automatizaciones\AutoPWST\ScriptAmarillo\report\img  screen：20221128_10_15_59.png
2022-11-28 10:15:59,088 - root - ERROR - No se encontró el botón Refrescar, revise si el xpath sigue siendo el mismo, para mas detalles del error consulte el reporte
2022-11-28 10:16:02,091 - root - INFO -  Captura: C:\xampp\htdocs\versiones\automatizaciones\AutoPWST\ScriptAmarillo\report\img  screen：20221128_10_16_02.png
2022-11-28 10:16:37,747 - root - INFO -  Se abre el chrome
2022-11-28 10:16:38,561 - root - INFO -  Entra a la URL
2022-11-28 10:16:38,684 - root - INFO -  Maximiza la pantalla
2022-11-28 10:16:41,731 - root - INFO -  Cambia al frame
2022-11-28 10:16:44,805 - root - INFO -  Escribe el usuario
2022-11-28 10:16:44,890 - root - INFO -  Escribe la contraseña
2022-11-28 10:16:44,979 - root - INFO -  Se dio clic en el boton ingresar
2022-11-28 10:16:45,707 - root - INFO -  Ejecutar Enterprise
2022-11-28 10:16:49,768 - root - INFO -  Cambia entre pestañas
2022-11-28 10:16:59,677 - root - INFO - /html/body/div[3]/div[2]/ui-container/ui-window[2]/div[1]/span[2]
2022-11-28 10:17:11,583 - root - INFO -  Abre la pantalla de Clasificación Vendedor
2022-11-28 10:17:11,622 - root - INFO -  La pantalla ejecutada es Clasificación Vendedor.
2022-11-28 10:17:11,623 - root - INFO -  Captura: C:\xampp\htdocs\versiones\automatizaciones\AutoPWST\ScriptAmarillo\report\img  screen：20221128_10_17_11.png
2022-11-28 10:17:11,787 - root - INFO -  Se presiona el boton 'Nuevo', para crear un nuevo registro.
2022-11-28 10:17:12,335 - root - INFO -  Se abrio la pantalla para el ingreso de un registro nuevo.
2022-11-28 10:17:12,335 - root - ERROR - No se pudo encontrar el campo para ingresar el codigo, revise si el xpath sigue siendo el mismo, para mas detalles del error consulte el reporte
2022-11-28 10:17:15,345 - root - INFO -  Captura: C:\xampp\htdocs\versiones\automatizaciones\AutoPWST\ScriptAmarillo\report\img  screen：20221128_10_17_15.png
2022-11-28 10:17:31,760 - root - ERROR - No se encontró el botón Refrescar, revise si el xpath sigue siendo el mismo, para mas detalles del error consulte el reporte
2022-11-28 10:17:34,775 - root - INFO -  Captura: C:\xampp\htdocs\versiones\automatizaciones\AutoPWST\ScriptAmarillo\report\img  screen：20221128_10_17_34.png
2022-11-28 10:17:34,787 - root - ERROR - No se encontró el botón Refrescar, revise si el xpath sigue siendo el mismo, para mas detalles del error consulte el reporte
2022-11-28 10:17:37,795 - root - INFO -  Captura: C:\xampp\htdocs\versiones\automatizaciones\AutoPWST\ScriptAmarillo\report\img  screen：20221128_10_17_37.png
2022-11-28 10:17:37,804 - root - ERROR - La pantalla ejecutada no es correcta, revise si el xpath sigue siendo el mismo, para mas detalles del error consulte el reporte
2022-11-28 10:17:40,815 - root - INFO -  Captura: C:\xampp\htdocs\versiones\automatizaciones\AutoPWST\ScriptAmarillo\report\img  screen：20221128_10_17_40.png
2022-11-28 10:17:40,824 - root - ERROR - No se encontró el botón Refrescar, revise si el xpath sigue siendo el mismo, para mas detalles del error consulte el reporte
2022-11-28 10:17:43,833 - root - INFO -  Captura: C:\xampp\htdocs\versiones\automatizaciones\AutoPWST\ScriptAmarillo\report\img  screen：20221128_10_17_43.png
2022-11-28 10:19:19,332 - root - INFO -  Se abre el chrome
2022-11-28 10:19:20,511 - root - INFO -  Entra a la URL
2022-11-28 10:19:20,640 - root - INFO -  Maximiza la pantalla
2022-11-28 10:19:23,675 - root - INFO -  Cambia al frame
2022-11-28 10:19:26,753 - root - INFO -  Escribe el usuario
2022-11-28 10:19:26,820 - root - INFO -  Escribe la contraseña
2022-11-28 10:19:26,905 - root - INFO -  Se dio clic en el boton ingresar
2022-11-28 10:19:28,166 - root - INFO -  Ejecutar Enterprise
2022-11-28 10:19:32,219 - root - INFO -  Cambia entre pestañas
2022-11-28 10:19:43,484 - root - INFO - /html/body/div[3]/div[2]/ui-container/ui-window[2]/div[1]/span[2]
2022-11-28 10:19:55,368 - root - INFO -  Abre la pantalla de Clasificación Vendedor
2022-11-28 10:19:55,411 - root - INFO -  La pantalla ejecutada es Clasificación Vendedor.
2022-11-28 10:19:55,411 - root - INFO -  Captura: C:\xampp\htdocs\versiones\automatizaciones\AutoPWST\ScriptAmarillo\report\img  screen：20221128_10_19_55.png
2022-11-28 10:19:55,589 - root - INFO -  Se presiona el boton 'Nuevo', para crear un nuevo registro.
2022-11-28 10:19:56,145 - root - INFO -  Se abrio la pantalla para el ingreso de un registro nuevo.
2022-11-28 10:19:56,145 - root - ERROR - No se pudo encontrar el campo para ingresar el codigo, revise si el xpath sigue siendo el mismo, para mas detalles del error consulte el reporte
2022-11-28 10:19:59,149 - root - INFO -  Captura: C:\xampp\htdocs\versiones\automatizaciones\AutoPWST\ScriptAmarillo\report\img  screen：20221128_10_19_59.png
2022-11-28 10:20:15,494 - root - ERROR - No se encontró el botón Refrescar, revise si el xpath sigue siendo el mismo, para mas detalles del error consulte el reporte
2022-11-28 10:20:18,505 - root - INFO -  Captura: C:\xampp\htdocs\versiones\automatizaciones\AutoPWST\ScriptAmarillo\report\img  screen：20221128_10_20_18.png
2022-11-28 10:20:18,550 - root - ERROR - No se encontró el botón Refrescar, revise si el xpath sigue siendo el mismo, para mas detalles del error consulte el reporte
2022-11-28 10:20:21,560 - root - INFO -  Captura: C:\xampp\htdocs\versiones\automatizaciones\AutoPWST\ScriptAmarillo\report\img  screen：20221128_10_20_21.png
2022-11-28 10:20:21,568 - root - ERROR - La pantalla ejecutada no es correcta, revise si el xpath sigue siendo el mismo, para mas detalles del error consulte el reporte
2022-11-28 10:20:24,569 - root - INFO -  Captura: C:\xampp\htdocs\versiones\automatizaciones\AutoPWST\ScriptAmarillo\report\img  screen：20221128_10_20_24.png
2022-11-28 10:20:24,574 - root - ERROR - No se encontró el botón Refrescar, revise si el xpath sigue siendo el mismo, para mas detalles del error consulte el reporte
2022-11-28 10:20:27,577 - root - INFO -  Captura: C:\xampp\htdocs\versiones\automatizaciones\AutoPWST\ScriptAmarillo\report\img  screen：20221128_10_20_27.png
2022-11-28 10:27:03,793 - root - INFO -  Se abre el chrome
2022-11-28 10:27:04,930 - root - INFO -  Entra a la URL
2022-11-28 10:27:05,056 - root - INFO -  Maximiza la pantalla
2022-11-28 10:27:08,102 - root - INFO -  Cambia al frame
2022-11-28 10:27:11,183 - root - INFO -  Escribe el usuario
2022-11-28 10:27:11,254 - root - INFO -  Escribe la contraseña
2022-11-28 10:27:11,343 - root - INFO -  Se dio clic en el boton ingresar
2022-11-28 10:27:12,047 - root - INFO -  Ejecutar Enterprise
2022-11-28 10:27:16,112 - root - INFO -  Cambia entre pestañas
2022-11-28 10:27:26,324 - root - INFO - /html/body/div[3]/div[2]/ui-container/ui-window[2]/div[1]/span[2]
2022-11-28 10:27:38,190 - root - INFO -  Abre la pantalla de Clasificación Vendedor
2022-11-28 10:27:48,407 - root - ERROR - La pantalla ejecutada no es correcta, revise si el xpath sigue siendo el mismo, para mas detalles del error consulte el reporte
2022-11-28 10:27:48,407 - root - INFO -  Captura: C:\xampp\htdocs\versiones\automatizaciones\AutoPWST\ScriptAmarillo\report\img  screen：20221128_10_27_48.png
2022-11-28 10:28:04,818 - root - ERROR - La pantalla ejecutada no es correcta, revise si el xpath sigue siendo el mismo, para mas detalles del error consulte el reporte
2022-11-28 10:28:07,827 - root - INFO -  Captura: C:\xampp\htdocs\versiones\automatizaciones\AutoPWST\ScriptAmarillo\report\img  screen：20221128_10_28_07.png
2022-11-28 10:28:07,857 - root - ERROR - No se encontró el botón Refrescar, revise si el xpath sigue siendo el mismo, para mas detalles del error consulte el reporte
2022-11-28 10:28:10,866 - root - INFO -  Captura: C:\xampp\htdocs\versiones\automatizaciones\AutoPWST\ScriptAmarillo\report\img  screen：20221128_10_28_10.png
2022-11-28 10:28:10,866 - root - ERROR - No se encontró el botón Refrescar, revise si el xpath sigue siendo el mismo, para mas detalles del error consulte el reporte
2022-11-28 10:28:13,870 - root - INFO -  Captura: C:\xampp\htdocs\versiones\automatizaciones\AutoPWST\ScriptAmarillo\report\img  screen：20221128_10_28_13.png
2022-11-28 10:28:13,870 - root - ERROR - La pantalla ejecutada no es correcta, revise si el xpath sigue siendo el mismo, para mas detalles del error consulte el reporte
2022-11-28 10:28:16,871 - root - INFO -  Captura: C:\xampp\htdocs\versiones\automatizaciones\AutoPWST\ScriptAmarillo\report\img  screen：20221128_10_28_16.png
2022-11-28 10:28:16,886 - root - ERROR - No se encontró el botón Refrescar, revise si el xpath sigue siendo el mismo, para mas detalles del error consulte el reporte
2022-11-28 10:28:19,889 - root - INFO -  Captura: C:\xampp\htdocs\versiones\automatizaciones\AutoPWST\ScriptAmarillo\report\img  screen：20221128_10_28_19.png
2022-11-28 10:30:58,630 - root - INFO -  Se abre el chrome
2022-11-28 10:30:59,702 - root - INFO -  Entra a la URL
2022-11-28 10:30:59,838 - root - INFO -  Maximiza la pantalla
2022-11-28 10:31:02,946 - root - INFO -  Cambia al frame
2022-11-28 10:31:06,066 - root - INFO -  Escribe el usuario
2022-11-28 10:31:06,153 - root - INFO -  Escribe la contraseña
2022-11-28 10:31:06,265 - root - INFO -  Se dio clic en el boton ingresar
2022-11-28 10:31:06,981 - root - INFO -  Ejecutar Enterprise
2022-11-28 10:31:11,044 - root - INFO -  Cambia entre pestañas
2022-11-28 10:31:21,363 - root - INFO - /html/body/div[3]/div[2]/ui-container/ui-window[2]/div[1]/span[2]
2022-11-28 10:31:33,366 - root - INFO -  Abre la pantalla de Clasificación Vendedor
2022-11-28 10:31:33,483 - root - INFO -  La pantalla ejecutada es Clasificación Vendedor.
2022-11-28 10:31:33,483 - root - INFO -  Captura: C:\xampp\htdocs\versiones\automatizaciones\AutoPWST\ScriptAmarillo\report\img  screen：20221128_10_31_33.png
2022-11-28 10:31:33,854 - root - INFO -  Se presiona el boton 'Nuevo', para crear un nuevo registro.
2022-11-28 10:31:34,496 - root - INFO -  Se abrio la pantalla para el ingreso de un registro nuevo.
2022-11-28 10:31:34,720 - root - INFO -  Ingresa el codigo del nuevo registro 
2022-11-28 10:31:37,989 - root - INFO -  Ingresa la descripción del nuevo registro 
2022-11-28 10:31:41,007 - root - INFO -  Captura: C:\xampp\htdocs\versiones\automatizaciones\AutoPWST\ScriptAmarillo\report\img  screen：20221128_10_31_41.png
2022-11-28 10:31:41,364 - root - INFO -  Se da clic en el boton Guardar; se debe crear un nuevo registro.
2022-11-28 10:31:46,493 - root - INFO -  Se presiona el boton 'Refrescar', para crear un nuevo registro igual al anterior.
2022-11-28 10:31:56,142 - root - INFO -  Se da clic en el registro creado, para proceder a modificarlo.
2022-11-28 10:31:59,558 - root - INFO -  Se modifica el contenido del campo Descripcion
2022-11-28 10:32:02,565 - root - INFO -  Captura: C:\xampp\htdocs\versiones\automatizaciones\AutoPWST\ScriptAmarillo\report\img  screen：20221128_10_32_02.png
2022-11-28 10:32:02,941 - root - INFO -  Se da clic en el boton Guardar; se debe modificar la informacion del registro.
2022-11-28 10:32:08,142 - root - INFO -  Se presiona el boton 'Refrescar', para proceder a eliminar el registro.
2022-11-28 10:32:17,746 - root - INFO -  Se da clic en el registro creado, para proceder a eliminarlo.
2022-11-28 10:32:20,936 - root - INFO -  Se presiona el boton 'Eliminar', para eliminar el registro.
2022-11-28 10:32:25,941 - root - INFO -  Captura: C:\xampp\htdocs\versiones\automatizaciones\AutoPWST\ScriptAmarillo\report\img  screen：20221128_10_32_25.png
2022-11-28 10:32:26,450 - root - INFO -  Se confirma el eliminado del registro
2022-11-28 10:32:31,662 - root - INFO -  Se presiona el boton 'Refrescar', para crear un nuevo registro igual al anterior.
2022-11-28 10:32:36,884 - root - INFO -  Se presiona el boton 'Cerrar', para cerrar la pantalla de Categorias Fiscales.
2022-11-28 10:32:41,339 - root - ERROR - No se pudo encontrar el menu indicado, revise si el xpath sigue siendo el mismo, para mas detalles del error consulte el reporte
2022-11-28 10:32:44,346 - root - INFO -  Captura: C:\xampp\htdocs\versiones\automatizaciones\AutoPWST\ScriptAmarillo\report\img  screen：20221128_10_32_44.png
2022-11-28 10:32:45,115 - root - ERROR - La pantalla ejecutada no es correcta, revise si el xpath sigue siendo el mismo, para mas detalles del error consulte el reporte
2022-11-28 10:32:51,448 - root - INFO -  Se abre el chrome
2022-11-28 10:32:52,442 - root - INFO -  Entra a la URL
2022-11-28 10:32:52,577 - root - INFO -  Maximiza la pantalla
2022-11-28 10:32:55,632 - root - INFO -  Cambia al frame
2022-11-28 10:32:58,777 - root - INFO -  Escribe el usuario
2022-11-28 10:32:58,879 - root - INFO -  Escribe la contraseña
2022-11-28 10:32:59,004 - root - INFO -  Se dio clic en el boton ingresar
2022-11-28 10:32:59,760 - root - INFO -  Ejecutar Enterprise
2022-11-28 10:33:03,864 - root - INFO -  Cambia entre pestañas
2022-11-28 10:33:14,229 - root - INFO - /html/body/div[3]/div[2]/ui-container/ui-window[2]/div[1]/span[2]
2022-11-28 10:33:26,287 - root - INFO -  Abre la pantalla de Clasificación Vendedor
2022-11-28 10:33:26,412 - root - INFO -  La pantalla ejecutada es Clasificación Vendedor.
2022-11-28 10:33:26,412 - root - INFO -  Captura: C:\xampp\htdocs\versiones\automatizaciones\AutoPWST\ScriptAmarillo\report\img  screen：20221128_10_33_26.png
2022-11-28 10:33:26,771 - root - INFO -  Se presiona el boton 'Nuevo', para crear un nuevo registro.
2022-11-28 10:33:27,427 - root - INFO -  Se abrio la pantalla para el ingreso de un registro nuevo.
2022-11-28 10:33:27,427 - root - ERROR - No se pudo encontrar el campo para ingresar el codigo, revise si el xpath sigue siendo el mismo, para mas detalles del error consulte el reporte
2022-11-28 10:33:30,433 - root - INFO -  Captura: C:\xampp\htdocs\versiones\automatizaciones\AutoPWST\ScriptAmarillo\report\img  screen：20221128_10_33_30.png
2022-11-28 10:33:31,029 - root - ERROR - No se encontró el botón Refrescar, revise si el xpath sigue siendo el mismo, para mas detalles del error consulte el reporte
2022-11-28 10:33:34,041 - root - INFO -  Captura: C:\xampp\htdocs\versiones\automatizaciones\AutoPWST\ScriptAmarillo\report\img  screen：20221128_10_33_34.png
2022-11-28 10:33:34,122 - root - ERROR - No se encontró el botón Refrescar, revise si el xpath sigue siendo el mismo, para mas detalles del error consulte el reporte
2022-11-28 10:33:37,128 - root - INFO -  Captura: C:\xampp\htdocs\versiones\automatizaciones\AutoPWST\ScriptAmarillo\report\img  screen：20221128_10_33_37.png
2022-11-28 10:33:37,174 - root - ERROR - La pantalla ejecutada no es correcta, revise si el xpath sigue siendo el mismo, para mas detalles del error consulte el reporte
2022-11-28 10:33:40,184 - root - INFO -  Captura: C:\xampp\htdocs\versiones\automatizaciones\AutoPWST\ScriptAmarillo\report\img  screen：20221128_10_33_40.png
2022-11-28 10:33:40,209 - root - ERROR - No se encontró el botón Refrescar, revise si el xpath sigue siendo el mismo, para mas detalles del error consulte el reporte
2022-11-28 10:33:43,213 - root - INFO -  Captura: C:\xampp\htdocs\versiones\automatizaciones\AutoPWST\ScriptAmarillo\report\img  screen：20221128_10_33_43.png
2022-11-28 10:34:44,493 - root - INFO -  Se abre el chrome
2022-11-28 10:34:45,498 - root - INFO -  Entra a la URL
2022-11-28 10:34:45,628 - root - INFO -  Maximiza la pantalla
2022-11-28 10:34:48,733 - root - INFO -  Cambia al frame
2022-11-28 10:34:51,816 - root - INFO -  Escribe el usuario
2022-11-28 10:34:51,901 - root - INFO -  Escribe la contraseña
2022-11-28 10:34:52,010 - root - INFO -  Se dio clic en el boton ingresar
2022-11-28 10:34:52,786 - root - INFO -  Ejecutar Enterprise
2022-11-28 10:34:56,875 - root - INFO -  Cambia entre pestañas
2022-11-28 10:35:07,204 - root - INFO - Prueba
2022-11-28 10:35:19,217 - root - INFO -  Abre la pantalla de Clasificación Vendedor
2022-11-28 10:35:19,334 - root - INFO -  La pantalla ejecutada es Clasificación Vendedor.
2022-11-28 10:35:19,334 - root - INFO -  Captura: C:\xampp\htdocs\versiones\automatizaciones\AutoPWST\ScriptAmarillo\report\img  screen：20221128_10_35_19.png
2022-11-28 10:35:19,682 - root - INFO -  Se presiona el boton 'Nuevo', para crear un nuevo registro.
2022-11-28 10:35:20,299 - root - INFO -  Se abrio la pantalla para el ingreso de un registro nuevo.
2022-11-28 10:35:20,545 - root - INFO -  Ingresa el codigo del nuevo registro 
2022-11-28 10:35:23,883 - root - INFO -  Ingresa la descripción del nuevo registro 
2022-11-28 10:35:26,895 - root - INFO -  Captura: C:\xampp\htdocs\versiones\automatizaciones\AutoPWST\ScriptAmarillo\report\img  screen：20221128_10_35_26.png
2022-11-28 10:35:27,296 - root - INFO -  Se da clic en el boton Guardar; se debe crear un nuevo registro.
2022-11-28 10:35:32,472 - root - INFO -  Se presiona el boton 'Refrescar', para crear un nuevo registro igual al anterior.
2022-11-28 10:35:42,154 - root - INFO -  Se da clic en el registro creado, para proceder a modificarlo.
2022-11-28 10:35:45,512 - root - INFO -  Se modifica el contenido del campo Descripcion
2022-11-28 10:35:48,517 - root - INFO -  Captura: C:\xampp\htdocs\versiones\automatizaciones\AutoPWST\ScriptAmarillo\report\img  screen：20221128_10_35_48.png
2022-11-28 10:35:48,916 - root - INFO -  Se da clic en el boton Guardar; se debe modificar la informacion del registro.
2022-11-28 10:35:54,027 - root - INFO -  Se presiona el boton 'Refrescar', para proceder a eliminar el registro.
2022-11-28 10:36:03,648 - root - INFO -  Se da clic en el registro creado, para proceder a eliminarlo.
2022-11-28 10:36:06,828 - root - INFO -  Se presiona el boton 'Eliminar', para eliminar el registro.
2022-11-28 10:36:11,841 - root - INFO -  Captura: C:\xampp\htdocs\versiones\automatizaciones\AutoPWST\ScriptAmarillo\report\img  screen：20221128_10_36_11.png
2022-11-28 10:36:12,548 - root - INFO -  Se confirma el eliminado del registro
2022-11-28 10:36:17,658 - root - INFO -  Se presiona el boton 'Refrescar', para crear un nuevo registro igual al anterior.
2022-11-28 10:36:22,788 - root - INFO -  Se presiona el boton 'Cerrar', para cerrar la pantalla de Categorias Fiscales.
2022-11-28 10:36:34,712 - root - INFO -  Abre la pantalla de Clasificaciones 2
2022-11-28 10:36:34,800 - root - INFO -  La pantalla ejecutada es Clasifiaciones 2
2022-11-28 10:36:37,804 - root - INFO -  Captura: C:\xampp\htdocs\versiones\automatizaciones\AutoPWST\ScriptAmarillo\report\img  screen：20221128_10_36_37.png
2022-11-28 10:36:38,325 - root - INFO -  Se presiona el boton 'Nuevo', para crear un nuevo registro.
2022-11-28 10:36:43,406 - root - INFO -  Se abrio la pantalla para el ingreso de un registro nuevo.
2022-11-28 10:36:43,507 - root - INFO -  Ingresa el codigo del nuevo registro 
2022-11-28 10:36:46,742 - root - INFO -  Ingresa el codigo usuario del nuevo registro 
2022-11-28 10:36:49,964 - root - INFO -  Ingresa el codigo alternativo del nuevo registro 
2022-11-28 10:36:53,202 - root - INFO -  Ingresa la descripción del nuevo registro 
2022-11-28 10:36:56,217 - root - INFO -  Captura: C:\xampp\htdocs\versiones\automatizaciones\AutoPWST\ScriptAmarillo\report\img  screen：20221128_10_36_56.png
2022-11-28 10:36:56,543 - root - INFO -  Se da clic en el boton Guardar; se debe crear un nuevo registro.
2022-11-28 10:37:01,646 - root - INFO -  Se presiona el boton 'Refrescar', para proceder a eliminar el registro.
2022-11-28 10:37:11,279 - root - INFO -  Se da clic en el registro creado, para proceder a eliminarlo.
2022-11-28 10:37:19,481 - root - INFO -  Se presiona el boton 'Eliminar', para eliminar el registro.
2022-11-28 10:37:19,481 - root - INFO -  Captura: C:\xampp\htdocs\versiones\automatizaciones\AutoPWST\ScriptAmarillo\report\img  screen：20221128_10_37_19.png
2022-11-28 10:37:19,921 - root - INFO -  Se confirma el eliminado del registro
2022-11-28 10:37:25,063 - root - INFO -  Se presiona el boton 'Refrescar', para crear un nuevo registro igual al anterior.
2022-11-28 10:37:30,214 - root - INFO -  Se presiona el boton 'Cerrar', para cerrar la pantalla de Categorias Fiscales.
2022-11-28 10:37:36,723 - root - INFO -  Se cierra chrome
2022-11-28 10:37:41,415 - root - INFO -  Se abre el chrome
2022-11-28 10:37:42,599 - root - INFO -  Entra a la URL
2022-11-28 10:37:42,727 - root - INFO -  Maximiza la pantalla
2022-11-28 10:37:45,835 - root - INFO -  Cambia al frame
2022-11-28 10:37:48,959 - root - INFO -  Escribe el usuario
2022-11-28 10:37:49,063 - root - INFO -  Escribe la contraseña
2022-11-28 10:37:49,243 - root - INFO -  Se dio clic en el boton ingresar
2022-11-28 10:37:49,993 - root - INFO -  Ejecutar Enterprise
2022-11-28 10:37:54,078 - root - INFO -  Cambia entre pestañas
2022-11-28 10:38:04,505 - root - INFO - Prueba
2022-11-28 10:38:15,856 - root - INFO -  Se abre el chrome
2022-11-28 10:38:17,174 - root - INFO -  Entra a la URL
2022-11-28 10:38:17,311 - root - INFO -  Maximiza la pantalla
2022-11-28 10:38:20,415 - root - INFO -  Cambia al frame
2022-11-28 10:38:23,508 - root - INFO -  Escribe el usuario
2022-11-28 10:38:23,625 - root - INFO -  Escribe la contraseña
2022-11-28 10:38:23,776 - root - INFO -  Se dio clic en el boton ingresar
2022-11-28 10:38:24,560 - root - INFO -  Ejecutar Enterprise
2022-11-28 10:38:28,641 - root - INFO -  Cambia entre pestañas
2022-11-28 10:38:40,283 - root - INFO - Prueba
2022-11-28 10:38:52,331 - root - INFO -  Abre la pantalla de Clasificación Vendedor
2022-11-28 10:38:52,447 - root - INFO -  La pantalla ejecutada es Clasificación Vendedor.
2022-11-28 10:38:52,447 - root - INFO -  Captura: C:\xampp\htdocs\versiones\automatizaciones\AutoPWST\ScriptAmarillo\report\img  screen：20221128_10_38_52.png
2022-11-28 10:38:52,766 - root - INFO -  Se presiona el boton 'Nuevo', para crear un nuevo registro.
2022-11-28 10:38:53,420 - root - INFO -  Se abrio la pantalla para el ingreso de un registro nuevo.
2022-11-28 10:38:53,671 - root - INFO -  Ingresa el codigo del nuevo registro 
2022-11-28 10:38:57,032 - root - INFO -  Ingresa la descripción del nuevo registro 
2022-11-28 10:39:00,045 - root - INFO -  Captura: C:\xampp\htdocs\versiones\automatizaciones\AutoPWST\ScriptAmarillo\report\img  screen：20221128_10_39_00.png
2022-11-28 10:39:00,412 - root - INFO -  Se da clic en el boton Guardar; se debe crear un nuevo registro.
2022-11-28 10:39:05,587 - root - INFO -  Se presiona el boton 'Refrescar', para crear un nuevo registro igual al anterior.
2022-11-28 10:39:15,271 - root - INFO -  Se da clic en el registro creado, para proceder a modificarlo.
2022-11-28 10:39:18,594 - root - INFO -  Se modifica el contenido del campo Descripcion
2022-11-28 10:39:21,602 - root - INFO -  Captura: C:\xampp\htdocs\versiones\automatizaciones\AutoPWST\ScriptAmarillo\report\img  screen：20221128_10_39_21.png
2022-11-28 10:39:21,964 - root - INFO -  Se da clic en el boton Guardar; se debe modificar la informacion del registro.
2022-11-28 10:39:27,106 - root - INFO -  Se presiona el boton 'Refrescar', para proceder a eliminar el registro.
2022-11-28 10:39:36,731 - root - INFO -  Se da clic en el registro creado, para proceder a eliminarlo.
2022-11-28 10:39:39,931 - root - INFO -  Se presiona el boton 'Eliminar', para eliminar el registro.
2022-11-28 10:39:44,932 - root - INFO -  Captura: C:\xampp\htdocs\versiones\automatizaciones\AutoPWST\ScriptAmarillo\report\img  screen：20221128_10_39_44.png
2022-11-28 10:39:45,266 - root - INFO -  Se confirma el eliminado del registro
2022-11-28 10:39:50,412 - root - INFO -  Se presiona el boton 'Refrescar', para crear un nuevo registro igual al anterior.
2022-11-28 10:39:55,625 - root - INFO -  Se presiona el boton 'Cerrar', para cerrar la pantalla de Categorias Fiscales.
2022-11-28 10:40:07,628 - root - INFO -  Abre la pantalla de Clasificaciones 2
2022-11-28 10:40:07,736 - root - INFO -  La pantalla ejecutada es Clasifiaciones 2
2022-11-28 10:40:10,749 - root - INFO -  Captura: C:\xampp\htdocs\versiones\automatizaciones\AutoPWST\ScriptAmarillo\report\img  screen：20221128_10_40_10.png
2022-11-28 10:40:11,152 - root - INFO -  Se presiona el boton 'Nuevo', para crear un nuevo registro.
2022-11-28 10:40:16,286 - root - INFO -  Se abrio la pantalla para el ingreso de un registro nuevo.
2022-11-28 10:40:16,475 - root - INFO -  Ingresa el codigo del nuevo registro 
2022-11-28 10:40:19,770 - root - INFO -  Ingresa el codigo usuario del nuevo registro 
2022-11-28 10:40:23,039 - root - INFO -  Ingresa el codigo alternativo del nuevo registro 
2022-11-28 10:40:26,359 - root - INFO -  Ingresa la descripción del nuevo registro 
2022-11-28 10:40:29,364 - root - INFO -  Captura: C:\xampp\htdocs\versiones\automatizaciones\AutoPWST\ScriptAmarillo\report\img  screen：20221128_10_40_29.png
2022-11-28 10:40:30,003 - root - INFO -  Se da clic en el boton Guardar; se debe crear un nuevo registro.
2022-11-28 10:40:35,193 - root - INFO -  Se presiona el boton 'Refrescar', para crear un nuevo registro igual al anterior.
2022-11-28 10:40:44,790 - root - INFO -  Se da clic en el registro creado, para proceder a modificarlo.
2022-11-28 10:40:48,022 - root - INFO -  Se modifica el contenido del campo Codigo Alternativo
2022-11-28 10:40:51,304 - root - INFO -  Ingresa el codigo usuario del nuevo registro 
2022-11-28 10:40:54,889 - root - INFO -  Se modifica el contenido del campo Descripcion
2022-11-28 10:40:57,904 - root - INFO -  Captura: C:\xampp\htdocs\versiones\automatizaciones\AutoPWST\ScriptAmarillo\report\img  screen：20221128_10_40_57.png
2022-11-28 10:40:58,341 - root - INFO -  Se da clic en el boton Guardar; se debe modificar la informacion del registro.
2022-11-28 10:41:03,498 - root - INFO -  Se presiona el boton 'Refrescar', para proceder a eliminar el registro.
2022-11-28 10:41:13,158 - root - INFO -  Se da clic en el registro creado, para proceder a eliminarlo.
2022-11-28 10:41:21,363 - root - INFO -  Se presiona el boton 'Eliminar', para eliminar el registro.
2022-11-28 10:41:21,366 - root - INFO -  Captura: C:\xampp\htdocs\versiones\automatizaciones\AutoPWST\ScriptAmarillo\report\img  screen：20221128_10_41_21.png
2022-11-28 10:41:21,735 - root - INFO -  Se confirma el eliminado del registro
2022-11-28 10:41:27,002 - root - INFO -  Se presiona el boton 'Refrescar', para crear un nuevo registro igual al anterior.
2022-11-28 10:41:32,087 - root - INFO -  Se presiona el boton 'Cerrar', para cerrar la pantalla de Categorias Fiscales.
2022-11-28 10:41:38,360 - root - INFO -  Se cierra chrome
