2023-01-09 13:47:46,401 - root - INFO -  Se abre el chrome
2023-01-09 13:47:47,262 - root - INFO -  Entra a la URL
2023-01-09 13:47:47,385 - root - INFO -  Maximiza la pantalla
2023-01-09 13:47:54,020 - root - INFO -  Escribe el usuario
2023-01-09 13:47:54,131 - root - INFO -  Escribe la contraseña
2023-01-09 13:47:54,215 - root - INFO -  Se dio clic en el boton ingresar
2023-01-09 13:47:54,939 - root - INFO -  Ejecutar Enterprise
2023-01-09 13:48:01,287 - root - INFO -  Se abre el chrome
2023-01-09 13:48:02,137 - root - INFO -  Entra a la URL
2023-01-09 13:48:02,259 - root - INFO -  Maximiza la pantalla
2023-01-09 13:48:08,811 - root - INFO -  Escribe el usuario
2023-01-09 13:48:08,953 - root - INFO -  Escribe la contraseña
2023-01-09 13:48:09,058 - root - INFO -  Se dio clic en el boton ingresar
2023-01-09 13:48:09,874 - root - INFO -  Ejecutar Enterprise
2023-01-09 13:48:10,635 - root - INFO -  Cambia entre pestañas
2023-01-09 13:48:13,927 - root - INFO -  Cambia entre pestañas
2023-01-09 13:48:14,617 - root - INFO -  Abre la pantalla de Paises
2023-01-09 13:48:15,164 - root - INFO -  La pantalla ejecutada es Paises.
2023-01-09 13:48:15,164 - root - INFO -  Captura: C:\xampp\htdocs\Versiones\automatizaciones\AutoPWST\ScriptMorado\report\img  screen：20230109_13_48_15.png
2023-01-09 13:48:24,668 - root - INFO -  Abre la pantalla de Paises
2023-01-09 13:48:25,249 - root - INFO -  La pantalla ejecutada es Paises.
2023-01-09 13:48:25,250 - root - INFO -  Captura: C:\xampp\htdocs\Versiones\automatizaciones\AutoPWST\ScriptMorado\report\img  screen：20230109_13_48_25.png
2023-01-09 13:48:26,247 - root - INFO -  Se presiona el boton 'Nuevo', para crear un nuevo registro.
2023-01-09 13:48:26,781 - root - ERROR - La pantalla ejecutada no es correcta, validar que la acción anterior haya finalizado,que el xpath sea el correcto o que la página no presente lentitud
2023-01-09 13:48:26,781 - root - INFO -  Captura: C:\xampp\htdocs\Versiones\automatizaciones\AutoPWST\ScriptMorado\report\img  screen：20230109_13_48_26.png
2023-01-09 13:48:29,834 - root - INFO -  Se abre el chrome
2023-01-09 13:48:30,697 - root - INFO -  Entra a la URL
2023-01-09 13:48:30,822 - root - INFO -  Maximiza la pantalla
2023-01-09 13:48:33,932 - root - INFO -  Escribe el usuario
2023-01-09 13:48:34,050 - root - INFO -  Escribe la contraseña
2023-01-09 13:48:34,132 - root - INFO -  Se dio clic en el boton ingresar
2023-01-09 13:48:34,874 - root - INFO -  Ejecutar Enterprise
2023-01-09 13:48:36,723 - root - INFO -  Se abre el chrome
2023-01-09 13:48:36,856 - root - INFO -  Se presiona el boton 'Nuevo', para crear un nuevo registro.
2023-01-09 13:48:37,440 - root - INFO -  Se abrio la pantalla para el ingreso de un registro nuevo.
2023-01-09 13:48:37,504 - root - INFO -  El campo 'Codigo' si se encuentra visible.
2023-01-09 13:48:37,550 - root - INFO -  El campo 'Alternativo' si se encuentra visible.
2023-01-09 13:48:37,607 - root - INFO -  El campo 'Descrición' si se encuentra visible.
2023-01-09 13:48:37,612 - root - INFO -  Entra a la URL
2023-01-09 13:48:37,709 - root - INFO -  El campo 'Viviendas' si se encuentra visible.
2023-01-09 13:48:37,739 - root - INFO -  Maximiza la pantalla
2023-01-09 13:48:37,778 - root - INFO -  El campo 'Hogares Particulares' si se encuentra visible.
2023-01-09 13:48:37,892 - root - INFO -  El campo 'Población Hombres' si se encuentra visible.
2023-01-09 13:48:37,982 - root - INFO -  El campo 'Población Mujeres' si se encuentra visible.
2023-01-09 13:48:38,022 - root - INFO -  El campo 'Población Total' si se encuentra visible.
2023-01-09 13:48:38,072 - root - INFO -  El campo 'Código ISO 3166' si se encuentra visible.
2023-01-09 13:48:38,142 - root - INFO -  Ingresa el codigo del nuevo registro 
2023-01-09 13:48:38,255 - root - INFO -  Ingresa el codigo alternativo del nuevo registro 
2023-01-09 13:48:38,363 - root - INFO -  Ingresa la descripción del nuevo registro 
2023-01-09 13:48:38,442 - root - INFO -  Ingresa el número de viviendas del nuevo registro 
2023-01-09 13:48:38,529 - root - INFO -  Ingresa el número de hogares particulares del nuevo registro 
2023-01-09 13:48:38,615 - root - INFO -  Ingresa el número de Población de hombres del nuevo registro 
2023-01-09 13:48:38,706 - root - INFO -  Ingresa el número de Población de mujeres del nuevo registro 
2023-01-09 13:48:38,791 - root - INFO -  Ingresa el número de Población Total del nuevo registro 
2023-01-09 13:48:38,877 - root - INFO -  Ingresa el Codigo ISO del nuevo registro 
2023-01-09 13:48:38,966 - root - INFO -  Cambia entre pestañas
2023-01-09 13:48:39,879 - root - INFO -  Captura: C:\xampp\htdocs\Versiones\automatizaciones\AutoPWST\ScriptMorado\report\img  screen：20230109_13_48_39.png
2023-01-09 13:48:40,852 - root - INFO -  Escribe el usuario
2023-01-09 13:48:40,953 - root - INFO -  Escribe la contraseña
2023-01-09 13:48:41,055 - root - INFO -  Se dio clic en el boton ingresar
2023-01-09 13:48:41,797 - root - INFO -  Ejecutar Enterprise
2023-01-09 13:48:41,809 - root - INFO - Se hace el cambio de pestaña para continuar con el registro nuevo
2023-01-09 13:48:42,473 - root - INFO -  Se presiona el boton 'Nuevo', para crear un nuevo registro.
2023-01-09 13:48:43,051 - root - ERROR - El campo 'Codigo' no se muestra visible, validar que la acción anterior haya finalizado,que el xpath sea el correcto o que la página no presente lentitud
2023-01-09 13:48:43,052 - root - INFO -  Captura: C:\xampp\htdocs\Versiones\automatizaciones\AutoPWST\ScriptMorado\report\img  screen：20230109_13_48_43.png
2023-01-09 13:48:45,940 - root - INFO -  Cambia entre pestañas
2023-01-09 13:48:48,847 - root - INFO -  Se presiona el boton 'Cerrar', para cerrar la pantalla.
2023-01-09 13:48:48,848 - root - ERROR - La pantalla anterior fallo por lo que esta no funcionara, para mas detalles del error consulte el reporte
2023-01-09 13:48:48,849 - root - ERROR - La pantalla anterior fallo por lo que esta no funcionara, para mas detalles del error consulte el reporte
2023-01-09 13:48:48,849 - root - ERROR - La pantalla anterior fallo por lo que esta no funcionara, para mas detalles del error consulte el reporte
2023-01-09 13:48:49,160 - root - ERROR - No se pudo encontrar el menu indicado, revise si el xpath sigue siendo el mismo, para mas detalles del error consulte el reporte
2023-01-09 13:48:49,161 - root - INFO -  Captura: C:\xampp\htdocs\Versiones\automatizaciones\AutoPWST\ScriptMorado\report\img  screen：20230109_13_48_49.png
2023-01-09 13:48:49,742 - root - INFO -  Abre la pantalla de Paises
2023-01-09 13:48:50,269 - root - ERROR - La pantalla ejecutada no es correcta, validar que la acción anterior haya finalizado,que el xpath sea el correcto o que la página no presente lentitud
2023-01-09 13:48:50,269 - root - INFO -  Captura: C:\xampp\htdocs\Versiones\automatizaciones\AutoPWST\ScriptMorado\report\img  screen：20230109_13_48_50.png
2023-01-09 13:48:56,775 - root - INFO -  Abre la pantalla de Paises
2023-01-09 13:48:57,409 - root - INFO -  La pantalla ejecutada es Paises.
2023-01-09 13:48:57,409 - root - INFO -  Captura: C:\xampp\htdocs\Versiones\automatizaciones\AutoPWST\ScriptMorado\report\img  screen：20230109_13_48_57.png
2023-01-09 13:49:00,135 - root - INFO -  Se presiona el boton 'Cerrar', para cerrar la ventana modal.
2023-01-09 13:49:00,198 - root - INFO -  Se presiona el boton 'Cerrar', para cerrar la pantalla.
2023-01-09 13:49:00,199 - root - ERROR - La pantalla anterior fallo por lo que esta no funcionara, para mas detalles del error consulte el reporte
2023-01-09 13:49:00,201 - root - ERROR - La pantalla anterior fallo por lo que esta no funcionara, para mas detalles del error consulte el reporte
2023-01-09 13:49:00,201 - root - ERROR - La pantalla anterior fallo por lo que esta no funcionara, para mas detalles del error consulte el reporte
2023-01-09 13:49:00,201 - root - ERROR - No se pudo encontrar el menu indicado, revise si el xpath sigue siendo el mismo, para mas detalles del error consulte el reporte
2023-01-09 13:49:00,201 - root - INFO -  Captura: C:\xampp\htdocs\Versiones\automatizaciones\AutoPWST\ScriptMorado\report\img  screen：20230109_13_49_00.png
2023-01-09 13:49:08,099 - root - INFO -  Se presiona el boton 'Nuevo', para crear un nuevo registro.
2023-01-09 13:49:08,689 - root - INFO -  Se abrio la pantalla para el ingreso de un registro nuevo.
2023-01-09 13:49:08,726 - root - INFO -  El campo 'Codigo' si se encuentra visible.
2023-01-09 13:49:08,759 - root - INFO -  El campo 'Alternativo' si se encuentra visible.
2023-01-09 13:49:08,799 - root - INFO -  El campo 'Descrición' si se encuentra visible.
2023-01-09 13:49:08,838 - root - INFO -  El campo 'Viviendas' si se encuentra visible.
2023-01-09 13:49:08,874 - root - INFO -  El campo 'Hogares Particulares' si se encuentra visible.
2023-01-09 13:49:08,914 - root - INFO -  El campo 'Población Hombres' si se encuentra visible.
2023-01-09 13:49:08,944 - root - INFO -  El campo 'Población Mujeres' si se encuentra visible.
2023-01-09 13:49:08,984 - root - INFO -  El campo 'Población Total' si se encuentra visible.
2023-01-09 13:49:09,034 - root - INFO -  El campo 'Código ISO 3166' si se encuentra visible.
2023-01-09 13:49:09,101 - root - INFO -  Ingresa el codigo del nuevo registro 
2023-01-09 13:49:09,200 - root - INFO -  Ingresa el codigo alternativo del nuevo registro 
2023-01-09 13:49:09,309 - root - INFO -  Ingresa la descripción del nuevo registro 
2023-01-09 13:49:09,389 - root - INFO -  Ingresa el número de viviendas del nuevo registro 
2023-01-09 13:49:09,475 - root - INFO -  Ingresa el número de hogares particulares del nuevo registro 
2023-01-09 13:49:09,550 - root - INFO -  Ingresa el número de Población de hombres del nuevo registro 
2023-01-09 13:49:09,625 - root - INFO -  Ingresa el número de Población de mujeres del nuevo registro 
2023-01-09 13:49:09,716 - root - INFO -  Ingresa el número de Población Total del nuevo registro 
2023-01-09 13:49:09,807 - root - INFO -  Ingresa el Codigo ISO del nuevo registro 
2023-01-09 13:49:10,812 - root - INFO -  Captura: C:\xampp\htdocs\Versiones\automatizaciones\AutoPWST\ScriptMorado\report\img  screen：20230109_13_49_10.png
2023-01-09 13:49:11,128 - root - ERROR - No se encontró el botón Cerrar, revise si el xpath sigue siendo el mismo, para mas detalles del error consulte el reporte
2023-01-09 13:49:12,558 - root - INFO - Se hace el cambio de pestaña para continuar con el registro nuevo
2023-01-09 13:49:13,217 - root - INFO -  Se presiona el boton 'Nuevo', para crear un nuevo registro.
2023-01-09 13:49:13,790 - root - INFO -  El campo 'Codigo' si se encuentra visible.
2023-01-09 13:49:13,821 - root - INFO -  El campo 'Alternativo' si se encuentra visible.
2023-01-09 13:49:13,861 - root - INFO -  El campo 'Descrición' si se encuentra visible.
2023-01-09 13:49:13,891 - root - INFO -  El campo 'Impuesto' si se encuentra visible.
2023-01-09 13:49:13,950 - root - INFO -  El campo 'Viviendas' si se encuentra visible.
2023-01-09 13:49:13,990 - root - INFO -  El campo 'Hogares Particulares' si se encuentra visible.
2023-01-09 13:49:14,030 - root - INFO -  El campo 'Población Hombres' si se encuentra visible.
2023-01-09 13:49:14,060 - root - INFO -  El campo 'Población Mujeres' si se encuentra visible.
2023-01-09 13:49:14,100 - root - INFO -  El campo 'Población Total' si se encuentra visible.
2023-01-09 13:49:14,130 - root - INFO -  Captura: C:\xampp\htdocs\Versiones\automatizaciones\AutoPWST\ScriptMorado\report\img  screen：20230109_13_49_14.png
2023-01-09 13:49:14,173 - root - INFO -  Ingresa el codigo del nuevo registro 
2023-01-09 13:49:14,338 - root - INFO -  Ingresa el codigo alternativo del nuevo registro 
2023-01-09 13:49:14,519 - root - INFO -  Ingresa la descripción del nuevo registro 
2023-01-09 13:49:14,936 - root - ERROR - La pantalla anterior fallo por lo que esta no funcionara, para mas detalles del error consulte el reporte
2023-01-09 13:49:14,951 - root - ERROR - La pantalla anterior fallo por lo que esta no funcionara, para mas detalles del error consulte el reporte
2023-01-09 13:49:14,958 - root - ERROR - La pantalla anterior fallo por lo que esta no funcionara, para mas detalles del error consulte el reporte
2023-01-09 13:49:14,960 - root - ERROR - La pantalla anterior fallo por lo que esta no funcionara, para mas detalles del error consulte el reporte
2023-01-09 13:49:15,925 - root - INFO -  Abre la pantalla de Zonas de Venta
2023-01-09 13:49:15,938 - root - INFO -  Ingresa el número de viviendas del nuevo registro 
2023-01-09 13:49:16,129 - root - INFO -  Ingresa el número de hogares particulares del nuevo registro 
2023-01-09 13:49:16,292 - root - INFO -  Ingresa el número de Población de hombres del nuevo registro 
2023-01-09 13:49:16,435 - root - INFO -  Ingresa el número de Población de mujeres del nuevo registro 
2023-01-09 13:49:16,455 - root - ERROR - La pantalla ejecutada no es correcta, revise si el xpath sigue siendo el mismo, para mas detalles del error consulte el reporte
2023-01-09 13:49:16,456 - root - INFO -  Captura: C:\xampp\htdocs\Versiones\automatizaciones\AutoPWST\ScriptMorado\report\img  screen：20230109_13_49_16.png
2023-01-09 13:49:16,548 - root - INFO -  Ingresa el número de Población Total del nuevo registro 
2023-01-09 13:49:16,701 - root - INFO - Se hace el cambio de pestaña para continuar con el registro nuevo
2023-01-09 13:49:16,839 - root - INFO -  Se presiona el boton 'Cerrar', para cerrar la pantalla.
2023-01-09 13:49:16,841 - root - ERROR - La pantalla anterior fallo por lo que esta no funcionara, para mas detalles del error consulte el reporte
2023-01-09 13:49:16,845 - root - ERROR - La pantalla anterior fallo por lo que esta no funcionara, para mas detalles del error consulte el reporte
2023-01-09 13:49:16,847 - root - ERROR - La pantalla anterior fallo por lo que esta no funcionara, para mas detalles del error consulte el reporte
2023-01-09 13:49:16,853 - root - ERROR - La pantalla anterior fallo por lo que esta no funcionara, para mas detalles del error consulte el reporte
2023-01-09 13:49:16,922 - root - ERROR - No se pudo encontrar el menu indicado, revise si el xpath sigue siendo el mismo, para mas detalles del error consulte el reporte
2023-01-09 13:49:16,926 - root - INFO -  Captura: C:\xampp\htdocs\Versiones\automatizaciones\AutoPWST\ScriptMorado\report\img  screen：20230109_13_49_16.png
2023-01-09 13:49:17,360 - root - INFO -  Se presiona el boton 'Nuevo', para crear un nuevo registro.
2023-01-09 13:49:17,763 - root - ERROR - No se encontró el botón Cerrar, revise si el xpath sigue siendo el mismo, para mas detalles del error consulte el reporte
2023-01-09 13:49:17,935 - root - INFO -  El campo 'Localidad' si se encuentra visible.
2023-01-09 13:49:17,973 - root - INFO -  El campo 'Alternativo' si se encuentra visible.
2023-01-09 13:49:18,003 - root - INFO -  El campo 'Descrición' si se encuentra visible.
2023-01-09 13:49:18,040 - root - INFO -  El campo 'Viviendas' si se encuentra visible.
2023-01-09 13:49:18,080 - root - INFO -  El campo 'Hogares Particulares' si se encuentra visible.
2023-01-09 13:49:18,139 - root - INFO -  El campo 'Población Hombres' si se encuentra visible.
2023-01-09 13:49:18,202 - root - INFO -  El campo 'Población Mujeres' si se encuentra visible.
2023-01-09 13:49:18,232 - root - INFO -  El campo 'Población Total' si se encuentra visible.
2023-01-09 13:49:18,292 - root - INFO -  Ingresa el codigo del nuevo registro 
2023-01-09 13:49:18,518 - root - INFO -  Ingresa el codigo alternativo del nuevo registro 
2023-01-09 13:49:18,701 - root - INFO -  Ingresa la descripción del nuevo registro 
2023-01-09 13:49:18,864 - root - INFO -  Ingresa el número de viviendas del nuevo registro 
2023-01-09 13:49:19,044 - root - INFO -  Ingresa el número de hogares particulares del nuevo registro 
2023-01-09 13:49:19,203 - root - INFO -  Ingresa el número de Población de hombres del nuevo registro 
2023-01-09 13:49:19,393 - root - INFO -  Ingresa el número de Población de mujeres del nuevo registro 
2023-01-09 13:49:19,571 - root - INFO -  Ingresa el número de Población Total del nuevo registro 
2023-01-09 13:49:19,719 - root - INFO - Se hace el cambio de pestaña para continuar con el registro nuevo
2023-01-09 13:49:20,399 - root - INFO -  Se presiona el boton 'Nuevo', para crear un nuevo registro.
2023-01-09 13:49:20,771 - root - INFO -  Captura: C:\xampp\htdocs\Versiones\automatizaciones\AutoPWST\ScriptMorado\report\img  screen：20230109_13_49_20.png
2023-01-09 13:49:21,060 - root - INFO -  El campo 'Código' si se encuentra visible.
2023-01-09 13:49:21,129 - root - INFO -  El campo 'Alternativo' si se encuentra visible.
2023-01-09 13:49:21,169 - root - INFO -  El campo 'Descrición' si se encuentra visible.
2023-01-09 13:49:21,214 - root - INFO -  El campo 'Viviendas' si se encuentra visible.
2023-01-09 13:49:21,283 - root - INFO -  El campo 'Hogares Particulares' si se encuentra visible.
2023-01-09 13:49:21,348 - root - INFO -  El campo 'Población Hombres' si se encuentra visible.
2023-01-09 13:49:21,388 - root - INFO -  El campo 'Población Mujeres' si se encuentra visible.
2023-01-09 13:49:21,428 - root - INFO -  El campo 'Población Total' si se encuentra visible.
2023-01-09 13:49:21,506 - root - INFO -  Ingresa el codigo del nuevo registro 
2023-01-09 13:49:21,531 - root - ERROR - La pantalla anterior fallo por lo que esta no funcionara, para mas detalles del error consulte el reporte
2023-01-09 13:49:21,531 - root - ERROR - La pantalla anterior fallo por lo que esta no funcionara, para mas detalles del error consulte el reporte
2023-01-09 13:49:21,531 - root - ERROR - La pantalla anterior fallo por lo que esta no funcionara, para mas detalles del error consulte el reporte
2023-01-09 13:49:21,531 - root - ERROR - La pantalla anterior fallo por lo que esta no funcionara, para mas detalles del error consulte el reporte
2023-01-09 13:49:21,678 - root - INFO -  Ingresa el codigo alternativo del nuevo registro 
2023-01-09 13:49:21,916 - root - INFO -  Ingresa la descripción del nuevo registro 
2023-01-09 13:49:22,071 - root - INFO -  Ingresa el número de viviendas del nuevo registro 
2023-01-09 13:49:22,276 - root - INFO -  Ingresa el número de hogares particulares del nuevo registro 
2023-01-09 13:49:22,479 - root - INFO -  Ingresa el número de Población de hombres del nuevo registro 
2023-01-09 13:49:22,601 - root - INFO -  Abre la pantalla de Zonas Geográficas
2023-01-09 13:49:22,719 - root - INFO -  Ingresa el número de Población de mujeres del nuevo registro 
2023-01-09 13:49:22,996 - root - INFO -  Ingresa el número de Población Total del nuevo registro 
2023-01-09 13:49:23,116 - root - ERROR - La pantalla ejecutada no es correcta, revise si el xpath sigue siendo el mismo, para mas detalles del error consulte el reporte
2023-01-09 13:49:23,116 - root - INFO -  Captura: C:\xampp\htdocs\Versiones\automatizaciones\AutoPWST\ScriptMorado\report\img  screen：20230109_13_49_23.png
2023-01-09 13:49:23,225 - root - INFO -  Se da clic en el boton Guardar; se debe crear un nuevo registro.
2023-01-09 13:49:23,549 - root - INFO -  Se da clic en el boton Guardar; se debe crear un nuevo registro.
2023-01-09 13:49:23,924 - root - INFO - Se hace el cambio de pestaña para continuar con el registro nuevo
2023-01-09 13:49:30,449 - root - INFO -  Se presiona el boton 'Nuevo', para crear un nuevo registro.
2023-01-09 13:49:31,526 - root - INFO -  El campo 'Artículo' si se encuentra visible.
2023-01-09 13:49:31,612 - root - INFO -  El campo 'Impuesto' si se encuentra visible.
2023-01-09 13:49:42,114 - root - ERROR - No se encontró el botón Cerrar, revise si el xpath sigue siendo el mismo, para mas detalles del error consulte el reporte
2023-01-09 13:49:42,568 - root - ERROR - No se encontró el botón Cerrar, revise si el xpath sigue siendo el mismo, para mas detalles del error consulte el reporte
2023-01-09 13:49:45,115 - root - INFO -  Captura: C:\xampp\htdocs\Versiones\automatizaciones\AutoPWST\ScriptMorado\report\img  screen：20230109_13_49_45.png
2023-01-09 13:49:45,571 - root - INFO -  Captura: C:\xampp\htdocs\Versiones\automatizaciones\AutoPWST\ScriptMorado\report\img  screen：20230109_13_49_45.png
2023-01-09 13:49:45,584 - root - ERROR - La pantalla ejecutada no es correcta, revise si el xpath sigue siendo el mismo, para mas detalles del error consulte el reporte
2023-01-09 13:49:45,585 - root - INFO -  Captura: C:\xampp\htdocs\Versiones\automatizaciones\AutoPWST\ScriptMorado\report\img  screen：20230109_13_49_45.png
2023-01-09 13:49:45,597 - root - ERROR - No se encontró el botón Refrescar, revise si el xpath sigue siendo el mismo, para mas detalles del error consulte el reporte
2023-01-09 13:49:45,598 - root - INFO -  Captura: C:\xampp\htdocs\Versiones\automatizaciones\AutoPWST\ScriptMorado\report\img  screen：20230109_13_49_45.png
2023-01-09 13:49:45,609 - root - ERROR - No se encontró el botón Refrescar, revise si el xpath sigue siendo el mismo, para mas detalles del error consulte el reporte
2023-01-09 13:49:45,611 - root - INFO -  Captura: C:\xampp\htdocs\Versiones\automatizaciones\AutoPWST\ScriptMorado\report\img  screen：20230109_13_49_45.png
2023-01-09 13:49:45,624 - root - ERROR - No se encontró el botón Refrescar, revise si el xpath sigue siendo el mismo, para mas detalles del error consulte el reporte
2023-01-09 13:49:45,624 - root - INFO -  Captura: C:\xampp\htdocs\Versiones\automatizaciones\AutoPWST\ScriptMorado\report\img  screen：20230109_13_49_45.png
2023-01-09 13:49:45,644 - root - ERROR - No se pudo encontrar el menu indicado, revise si el xpath sigue siendo el mismo, para mas detalles del error consulte el reporte
2023-01-09 13:49:45,645 - root - INFO -  Captura: C:\xampp\htdocs\Versiones\automatizaciones\AutoPWST\ScriptMorado\report\img  screen：20230109_13_49_45.png
2023-01-09 13:49:45,659 - root - ERROR - La pantalla ejecutada no es correcta, revise si el xpath sigue siendo el mismo, para mas detalles del error consulte el reporte
2023-01-09 13:49:45,660 - root - INFO -  Captura: C:\xampp\htdocs\Versiones\automatizaciones\AutoPWST\ScriptMorado\report\img  screen：20230109_13_49_45.png
2023-01-09 13:49:45,684 - root - ERROR - No se encontró el botón Refrescar, revise si el xpath sigue siendo el mismo, para mas detalles del error consulte el reporte
2023-01-09 13:49:45,685 - root - INFO -  Captura: C:\xampp\htdocs\Versiones\automatizaciones\AutoPWST\ScriptMorado\report\img  screen：20230109_13_49_45.png
2023-01-09 13:49:45,720 - root - ERROR - No se encontró el botón Refrescar, revise si el xpath sigue siendo el mismo, para mas detalles del error consulte el reporte
2023-01-09 13:49:45,721 - root - INFO -  Captura: C:\xampp\htdocs\Versiones\automatizaciones\AutoPWST\ScriptMorado\report\img  screen：20230109_13_49_45.png
2023-01-09 13:49:45,729 - root - ERROR - No se encontró el botón Refrescar, revise si el xpath sigue siendo el mismo, para mas detalles del error consulte el reporte
2023-01-09 13:49:45,730 - root - INFO -  Captura: C:\xampp\htdocs\Versiones\automatizaciones\AutoPWST\ScriptMorado\report\img  screen：20230109_13_49_45.png
2023-01-09 13:49:45,741 - root - ERROR - No se pudo encontrar el menu indicado, revise si el xpath sigue siendo el mismo, para mas detalles del error consulte el reporte
2023-01-09 13:49:45,742 - root - INFO -  Captura: C:\xampp\htdocs\Versiones\automatizaciones\AutoPWST\ScriptMorado\report\img  screen：20230109_13_49_45.png
2023-01-09 13:49:45,752 - root - ERROR - La pantalla ejecutada no es correcta, revise si el xpath sigue siendo el mismo, para mas detalles del error consulte el reporte
2023-01-09 13:49:45,753 - root - INFO -  Captura: C:\xampp\htdocs\Versiones\automatizaciones\AutoPWST\ScriptMorado\report\img  screen：20230109_13_49_45.png
2023-01-09 13:49:45,760 - root - ERROR - No se encontró el botón Refrescar, revise si el xpath sigue siendo el mismo, para mas detalles del error consulte el reporte
2023-01-09 13:49:45,761 - root - INFO -  Captura: C:\xampp\htdocs\Versiones\automatizaciones\AutoPWST\ScriptMorado\report\img  screen：20230109_13_49_45.png
2023-01-09 13:49:45,768 - root - ERROR - No se encontró el botón Refrescar, revise si el xpath sigue siendo el mismo, para mas detalles del error consulte el reporte
2023-01-09 13:49:45,769 - root - INFO -  Captura: C:\xampp\htdocs\Versiones\automatizaciones\AutoPWST\ScriptMorado\report\img  screen：20230109_13_49_45.png
2023-01-09 13:49:45,779 - root - ERROR - No se encontró el botón Refrescar, revise si el xpath sigue siendo el mismo, para mas detalles del error consulte el reporte
2023-01-09 13:49:45,780 - root - INFO -  Captura: C:\xampp\htdocs\Versiones\automatizaciones\AutoPWST\ScriptMorado\report\img  screen：20230109_13_49_45.png
2023-01-09 13:49:45,794 - root - ERROR - No se pudo encontrar el menu indicado, validar que la acción anterior haya finalizado, que el xpath sea el correcto o que la página no presente lentitud
2023-01-09 13:49:45,957 - root - ERROR - La pantalla anterior fallo por lo que esta no funcionara, para mas detalles del error consulte el reporte
2023-01-09 13:49:45,959 - root - ERROR - La pantalla anterior fallo por lo que esta no funcionara, para mas detalles del error consulte el reporte
2023-01-09 13:49:45,960 - root - ERROR - La pantalla anterior fallo por lo que esta no funcionara, para mas detalles del error consulte el reporte
2023-01-09 13:49:45,962 - root - ERROR - La pantalla anterior fallo por lo que esta no funcionara, para mas detalles del error consulte el reporte
2023-01-09 13:49:46,129 - root - ERROR - No se dió click al botón Guardar, validar que la acción anterior haya finalizado,que el xpath sea el correcto o que la página no presente lentitud
2023-01-09 13:49:46,130 - root - INFO -  Captura: C:\xampp\htdocs\Versiones\automatizaciones\AutoPWST\ScriptMorado\report\img  screen：20230109_13_49_46.png
2023-01-09 13:49:47,211 - root - INFO -  Abre la pantalla de unidades
2023-01-09 13:49:47,740 - root - ERROR - La pantalla ejecutada no es correcta, revise si el xpath sigue siendo el mismo, para mas detalles del error consulte el reporte
2023-01-09 13:49:47,740 - root - INFO -  Captura: C:\xampp\htdocs\Versiones\automatizaciones\AutoPWST\ScriptMorado\report\img  screen：20230109_13_49_47.png
2023-01-09 13:49:48,219 - root - ERROR - La pantalla ejecutada no es correcta, revise si el xpath sigue siendo el mismo, para mas detalles del error consulte el reporte
2023-01-09 13:49:48,220 - root - INFO -  Captura: C:\xampp\htdocs\Versiones\automatizaciones\AutoPWST\ScriptMorado\report\img  screen：20230109_13_49_48.png
2023-01-09 13:49:48,245 - root - ERROR - No se encontró el botón Refrescar, revise si el xpath sigue siendo el mismo, para mas detalles del error consulte el reporte
2023-01-09 13:49:48,246 - root - INFO -  Captura: C:\xampp\htdocs\Versiones\automatizaciones\AutoPWST\ScriptMorado\report\img  screen：20230109_13_49_48.png
2023-01-09 13:49:48,253 - root - ERROR - No se encontró el botón Refrescar, revise si el xpath sigue siendo el mismo, para mas detalles del error consulte el reporte
2023-01-09 13:49:48,253 - root - INFO -  Captura: C:\xampp\htdocs\Versiones\automatizaciones\AutoPWST\ScriptMorado\report\img  screen：20230109_13_49_48.png
2023-01-09 13:49:48,265 - root - ERROR - No se encontró el botón Refrescar, revise si el xpath sigue siendo el mismo, para mas detalles del error consulte el reporte
2023-01-09 13:49:48,266 - root - INFO -  Captura: C:\xampp\htdocs\Versiones\automatizaciones\AutoPWST\ScriptMorado\report\img  screen：20230109_13_49_48.png
2023-01-09 13:49:48,284 - root - ERROR - No se pudo encontrar el menu indicado, revise si el xpath sigue siendo el mismo, para mas detalles del error consulte el reporte
2023-01-09 13:49:48,285 - root - INFO -  Captura: C:\xampp\htdocs\Versiones\automatizaciones\AutoPWST\ScriptMorado\report\img  screen：20230109_13_49_48.png
2023-01-09 13:49:48,298 - root - ERROR - La pantalla ejecutada no es correcta, revise si el xpath sigue siendo el mismo, para mas detalles del error consulte el reporte
2023-01-09 13:49:48,299 - root - INFO -  Captura: C:\xampp\htdocs\Versiones\automatizaciones\AutoPWST\ScriptMorado\report\img  screen：20230109_13_49_48.png
2023-01-09 13:49:48,308 - root - ERROR - No se encontró el botón Refrescar, revise si el xpath sigue siendo el mismo, para mas detalles del error consulte el reporte
2023-01-09 13:49:48,309 - root - INFO -  Captura: C:\xampp\htdocs\Versiones\automatizaciones\AutoPWST\ScriptMorado\report\img  screen：20230109_13_49_48.png
2023-01-09 13:49:48,316 - root - ERROR - No se encontró el botón Refrescar, revise si el xpath sigue siendo el mismo, para mas detalles del error consulte el reporte
2023-01-09 13:49:48,317 - root - INFO -  Captura: C:\xampp\htdocs\Versiones\automatizaciones\AutoPWST\ScriptMorado\report\img  screen：20230109_13_49_48.png
2023-01-09 13:49:48,325 - root - ERROR - No se encontró el botón Refrescar, revise si el xpath sigue siendo el mismo, para mas detalles del error consulte el reporte
2023-01-09 13:49:48,325 - root - INFO -  Captura: C:\xampp\htdocs\Versiones\automatizaciones\AutoPWST\ScriptMorado\report\img  screen：20230109_13_49_48.png
2023-01-09 13:49:48,337 - root - ERROR - No se pudo encontrar el menu indicado, validar que la acción anterior haya finalizado, que el xpath sea el correcto o que la página no presente lentitud
2023-01-09 13:49:48,795 - root - INFO -  Captura: C:\xampp\htdocs\Versiones\automatizaciones\AutoPWST\ScriptMorado\report\img  screen：20230109_13_49_48.png
2023-01-09 13:49:48,802 - root - ERROR - La pantalla ejecutada no es correcta, validar que la acción anterior haya finalizado, que el nombre de la pantalla sea el correcto o que la página no presente lentitud
2023-01-09 13:49:51,029 - root - ERROR - La pantalla ejecutada no es correcta, revise si el xpath sigue siendo el mismo, para mas detalles del error consulte el reporte
2023-01-09 13:49:51,030 - root - INFO -  Captura: C:\xampp\htdocs\Versiones\automatizaciones\AutoPWST\ScriptMorado\report\img  screen：20230109_13_49_51.png
2023-01-09 13:49:51,073 - root - ERROR - No se encontró el botón Refrescar, revise si el xpath sigue siendo el mismo, para mas detalles del error consulte el reporte
2023-01-09 13:49:51,075 - root - INFO -  Captura: C:\xampp\htdocs\Versiones\automatizaciones\AutoPWST\ScriptMorado\report\img  screen：20230109_13_49_51.png
2023-01-09 13:49:51,106 - root - ERROR - No se encontró el botón Refrescar, revise si el xpath sigue siendo el mismo, para mas detalles del error consulte el reporte
2023-01-09 13:49:51,106 - root - INFO -  Captura: C:\xampp\htdocs\Versiones\automatizaciones\AutoPWST\ScriptMorado\report\img  screen：20230109_13_49_51.png
2023-01-09 13:49:51,122 - root - ERROR - No se encontró el botón Refrescar, revise si el xpath sigue siendo el mismo, para mas detalles del error consulte el reporte
2023-01-09 13:49:51,122 - root - INFO -  Captura: C:\xampp\htdocs\Versiones\automatizaciones\AutoPWST\ScriptMorado\report\img  screen：20230109_13_49_51.png
2023-01-09 13:49:51,131 - root - ERROR - No se pudo encontrar el menu indicado, validar que la acción anterior haya finalizado, que el xpath sea el correcto o que la página no presente lentitud
2023-01-09 13:49:51,342 - root - INFO -  Captura: C:\xampp\htdocs\Versiones\automatizaciones\AutoPWST\ScriptMorado\report\img  screen：20230109_13_49_51.png
2023-01-09 13:49:51,350 - root - ERROR - La pantalla ejecutada no es correcta, validar que la acción anterior haya finalizado, que el nombre de la pantalla sea el correcto o que la página no presente lentitud
2023-01-09 13:49:51,804 - root - INFO -  Captura: C:\xampp\htdocs\Versiones\automatizaciones\AutoPWST\ScriptMorado\report\img  screen：20230109_13_49_51.png
2023-01-09 13:49:51,823 - root - ERROR - No se dió click en el botón Refrescar, validar que la acción anterior haya finalizado, que el xpath sea el correcto o que la página no presente lentitud
2023-01-09 13:49:54,132 - root - INFO -  Captura: C:\xampp\htdocs\Versiones\automatizaciones\AutoPWST\ScriptMorado\report\img  screen：20230109_13_49_54.png
2023-01-09 13:49:54,142 - root - ERROR - La pantalla ejecutada no es correcta, validar que la acción anterior haya finalizado, que el nombre de la pantalla sea el correcto o que la página no presente lentitud
2023-01-09 13:49:54,351 - root - INFO -  Captura: C:\xampp\htdocs\Versiones\automatizaciones\AutoPWST\ScriptMorado\report\img  screen：20230109_13_49_54.png
2023-01-09 13:49:54,358 - root - ERROR - No se dió click en el botón Refrescar, validar que la acción anterior haya finalizado, que el xpath sea el correcto o que la página no presente lentitud
2023-01-09 13:49:54,826 - root - INFO -  Captura: C:\xampp\htdocs\Versiones\automatizaciones\AutoPWST\ScriptMorado\report\img  screen：20230109_13_49_54.png
2023-01-09 13:49:54,837 - root - ERROR - No se dió click en el botón Refrescar, validar que la acción anterior haya finalizado, que el xpath sea el correcto o que la página no presente lentitud
2023-01-09 13:49:57,145 - root - INFO -  Captura: C:\xampp\htdocs\Versiones\automatizaciones\AutoPWST\ScriptMorado\report\img  screen：20230109_13_49_57.png
2023-01-09 13:49:57,162 - root - ERROR - No se dió click en el botón Refrescar, validar que la acción anterior haya finalizado, que el xpath sea el correcto o que la página no presente lentitud
2023-01-09 13:49:57,361 - root - INFO -  Captura: C:\xampp\htdocs\Versiones\automatizaciones\AutoPWST\ScriptMorado\report\img  screen：20230109_13_49_57.png
2023-01-09 13:49:57,378 - root - ERROR - No se dió click en el botón Refrescar, validar que la acción anterior haya finalizado, que el xpath sea el correcto o que la página no presente lentitud
2023-01-09 13:49:57,839 - root - INFO -  Captura: C:\xampp\htdocs\Versiones\automatizaciones\AutoPWST\ScriptMorado\report\img  screen：20230109_13_49_57.png
2023-01-09 13:49:57,858 - root - ERROR - No se dió click en el botón Refrescar, validar que la acción anterior haya finalizado, que el xpath sea el correcto o que la página no presente lentitud
2023-01-09 13:50:00,164 - root - INFO -  Captura: C:\xampp\htdocs\Versiones\automatizaciones\AutoPWST\ScriptMorado\report\img  screen：20230109_13_50_00.png
2023-01-09 13:50:00,187 - root - ERROR - No se dió click en el botón Refrescar, validar que la acción anterior haya finalizado, que el xpath sea el correcto o que la página no presente lentitud
2023-01-09 13:50:00,379 - root - INFO -  Captura: C:\xampp\htdocs\Versiones\automatizaciones\AutoPWST\ScriptMorado\report\img  screen：20230109_13_50_00.png
2023-01-09 13:50:00,388 - root - ERROR - No se dió click en el botón Refrescar, validar que la acción anterior haya finalizado, que el xpath sea el correcto o que la página no presente lentitud
2023-01-09 13:50:00,862 - root - INFO -  Captura: C:\xampp\htdocs\Versiones\automatizaciones\AutoPWST\ScriptMorado\report\img  screen：20230109_13_50_00.png
2023-01-09 13:50:00,886 - root - ERROR - No se pudo encontrar el menu indicado, validar que la acción anterior haya finalizado,que el xpath sea el correcto o que la página no presente lentitud
2023-01-09 13:50:00,887 - root - INFO -  Captura: C:\xampp\htdocs\Versiones\automatizaciones\AutoPWST\ScriptMorado\report\img  screen：20230109_13_50_00.png
2023-01-09 13:50:00,896 - root - ERROR - La pantalla ejecutada no es correcta, validar que la acción anterior haya finalizado,que el xpath sea el correcto o que la página no presente lentitud
2023-01-09 13:50:00,897 - root - INFO -  Captura: C:\xampp\htdocs\Versiones\automatizaciones\AutoPWST\ScriptMorado\report\img  screen：20230109_13_50_00.png
2023-01-09 13:50:00,906 - root - ERROR - No se dió click al botón Refrescar, validar que la acción anterior haya finalizado,que el xpath sea el correcto o que la página no presente lentitud
2023-01-09 13:50:00,907 - root - INFO -  Captura: C:\xampp\htdocs\Versiones\automatizaciones\AutoPWST\ScriptMorado\report\img  screen：20230109_13_50_00.png
2023-01-09 13:50:00,912 - root - ERROR - No se dió click al botón Refrescar, validar que la acción anterior haya finalizado,que el xpath sea el correcto o que la página no presente lentitud
2023-01-09 13:50:00,913 - root - INFO -  Captura: C:\xampp\htdocs\Versiones\automatizaciones\AutoPWST\ScriptMorado\report\img  screen：20230109_13_50_00.png
2023-01-09 13:50:00,917 - root - ERROR - No se dió click al botón Refrescar, validar que la acción anterior haya finalizado,que el xpath sea el correcto o que la página no presente lentitud
2023-01-09 13:50:00,918 - root - INFO -  Captura: C:\xampp\htdocs\Versiones\automatizaciones\AutoPWST\ScriptMorado\report\img  screen：20230109_13_50_00.png
2023-01-09 13:50:00,923 - root - ERROR - No se pudo encontrar el menu indicado, revise si el xpath sigue siendo el mismo, para mas detalles del error consulte el reporte
2023-01-09 13:50:00,923 - root - INFO -  Captura: C:\xampp\htdocs\Versiones\automatizaciones\AutoPWST\ScriptMorado\report\img  screen：20230109_13_50_00.png
2023-01-09 13:50:00,928 - root - ERROR - La pantalla ejecutada no es correcta, revise si el xpath sigue siendo el mismo, revise la accion anterior si el xpath es el correcto o el tiempo de la accion
2023-01-09 13:50:00,929 - root - INFO -  Captura: C:\xampp\htdocs\Versiones\automatizaciones\AutoPWST\ScriptMorado\report\img  screen：20230109_13_50_00.png
2023-01-09 13:50:00,933 - root - ERROR - No se encontró el botón Refrescar, revise si el xpath sigue siendo el mismo, revise la accion anterior si el xpath es el correcto,el tiempo de la accion o si ya existe un registro igual
2023-01-09 13:50:00,934 - root - INFO -  Captura: C:\xampp\htdocs\Versiones\automatizaciones\AutoPWST\ScriptMorado\report\img  screen：20230109_13_50_00.png
2023-01-09 13:50:00,939 - root - ERROR - No se encontró el botón Refrescar, revise si el xpath sigue siendo el mismo, revise la accion anterior si el xpath es el correcto o el tiempo de la accion
2023-01-09 13:50:00,939 - root - INFO -  Captura: C:\xampp\htdocs\Versiones\automatizaciones\AutoPWST\ScriptMorado\report\img  screen：20230109_13_50_00.png
2023-01-09 13:50:00,944 - root - ERROR - No se encontró el botón Refrescar, revise si el xpath sigue siendo el mismo, revise la accion anterior si el xpath es el correcto o el tiempo de la accion
2023-01-09 13:50:00,945 - root - INFO -  Captura: C:\xampp\htdocs\Versiones\automatizaciones\AutoPWST\ScriptMorado\report\img  screen：20230109_13_50_00.png
2023-01-09 13:50:00,949 - root - ERROR - No se pudo encontrar el menu indicado, revise si el xpath sigue siendo el mismo, para mas detalles del error consulte el reporte
2023-01-09 13:50:00,950 - root - INFO -  Captura: C:\xampp\htdocs\Versiones\automatizaciones\AutoPWST\ScriptMorado\report\img  screen：20230109_13_50_00.png
2023-01-09 13:50:00,954 - root - ERROR - La pantalla ejecutada no es correcta, revise si el xpath sigue siendo el mismo, revise la accion anterior si el xpath es el correcto o el tiempo de la accion
2023-01-09 13:50:00,955 - root - INFO -  Captura: C:\xampp\htdocs\Versiones\automatizaciones\AutoPWST\ScriptMorado\report\img  screen：20230109_13_50_00.png
2023-01-09 13:50:00,960 - root - ERROR - No se dió click al botón Refrescar, revise si el xpath sigue siendo el mismo, revise la accion anterior si el xpath es el correcto,el tiempo de la accion o si ya existe un registro igual
2023-01-09 13:50:00,960 - root - INFO -  Captura: C:\xampp\htdocs\Versiones\automatizaciones\AutoPWST\ScriptMorado\report\img  screen：20230109_13_50_00.png
2023-01-09 13:50:00,964 - root - ERROR - No se dió click al botón Refrescar, revise si el xpath sigue siendo el mismo, revise la accion anterior si el xpath es el correcto o el tiempo de la accion
2023-01-09 13:50:00,964 - root - INFO -  Captura: C:\xampp\htdocs\Versiones\automatizaciones\AutoPWST\ScriptMorado\report\img  screen：20230109_13_50_00.png
2023-01-09 13:50:00,969 - root - ERROR - No se dió click al botón Refrescar, revise si el xpath sigue siendo el mismo, revise la accion anterior si el xpath es el correcto o el tiempo de la accion
2023-01-09 13:50:00,969 - root - INFO -  Captura: C:\xampp\htdocs\Versiones\automatizaciones\AutoPWST\ScriptMorado\report\img  screen：20230109_13_50_00.png
2023-01-09 13:50:03,196 - root - INFO -  Captura: C:\xampp\htdocs\Versiones\automatizaciones\AutoPWST\ScriptMorado\report\img  screen：20230109_13_50_03.png
2023-01-09 13:50:03,215 - root - ERROR - No se dió click en el botón Refrescar, validar que la acción anterior haya finalizado, que el xpath sea el correcto o que la página no presente lentitud
2023-01-09 13:50:03,389 - root - INFO -  Captura: C:\xampp\htdocs\Versiones\automatizaciones\AutoPWST\ScriptMorado\report\img  screen：20230109_13_50_03.png
2023-01-09 13:50:03,389 - root - ERROR - No se pudo encontrar el menu indicado, validar que la acción anterior haya finalizado,que el xpath sea el correcto o que la página no presente lentitud
2023-01-09 13:50:03,389 - root - INFO -  Captura: C:\xampp\htdocs\Versiones\automatizaciones\AutoPWST\ScriptMorado\report\img  screen：20230109_13_50_03.png
2023-01-09 13:50:03,399 - root - ERROR - La pantalla ejecutada no es correcta, validar que la acción anterior haya finalizado,que el xpath sea el correcto o que la página no presente lentitud
2023-01-09 13:50:03,399 - root - INFO -  Captura: C:\xampp\htdocs\Versiones\automatizaciones\AutoPWST\ScriptMorado\report\img  screen：20230109_13_50_03.png
2023-01-09 13:50:03,409 - root - ERROR - No se dió click al botón Refrescar, validar que la acción anterior haya finalizado,que el xpath sea el correcto o que la página no presente lentitud
2023-01-09 13:50:03,409 - root - INFO -  Captura: C:\xampp\htdocs\Versiones\automatizaciones\AutoPWST\ScriptMorado\report\img  screen：20230109_13_50_03.png
2023-01-09 13:50:03,419 - root - ERROR - No se dió click al botón Refrescar, validar que la acción anterior haya finalizado,que el xpath sea el correcto o que la página no presente lentitud
2023-01-09 13:50:03,419 - root - INFO -  Captura: C:\xampp\htdocs\Versiones\automatizaciones\AutoPWST\ScriptMorado\report\img  screen：20230109_13_50_03.png
2023-01-09 13:50:03,429 - root - ERROR - No se dió click al botón Refrescar, validar que la acción anterior haya finalizado,que el xpath sea el correcto o que la página no presente lentitud
2023-01-09 13:50:03,429 - root - INFO -  Captura: C:\xampp\htdocs\Versiones\automatizaciones\AutoPWST\ScriptMorado\report\img  screen：20230109_13_50_03.png
2023-01-09 13:50:03,429 - root - ERROR - No se pudo encontrar el menu indicado, revise si el xpath sigue siendo el mismo, para mas detalles del error consulte el reporte
2023-01-09 13:50:03,429 - root - INFO -  Captura: C:\xampp\htdocs\Versiones\automatizaciones\AutoPWST\ScriptMorado\report\img  screen：20230109_13_50_03.png
2023-01-09 13:50:03,439 - root - ERROR - La pantalla ejecutada no es correcta, revise si el xpath sigue siendo el mismo, revise la accion anterior si el xpath es el correcto o el tiempo de la accion
2023-01-09 13:50:03,439 - root - INFO -  Captura: C:\xampp\htdocs\Versiones\automatizaciones\AutoPWST\ScriptMorado\report\img  screen：20230109_13_50_03.png
2023-01-09 13:50:03,449 - root - ERROR - No se encontró el botón Refrescar, revise si el xpath sigue siendo el mismo, revise la accion anterior si el xpath es el correcto,el tiempo de la accion o si ya existe un registro igual
2023-01-09 13:50:03,449 - root - INFO -  Captura: C:\xampp\htdocs\Versiones\automatizaciones\AutoPWST\ScriptMorado\report\img  screen：20230109_13_50_03.png
2023-01-09 13:50:03,449 - root - ERROR - No se encontró el botón Refrescar, revise si el xpath sigue siendo el mismo, revise la accion anterior si el xpath es el correcto o el tiempo de la accion
2023-01-09 13:50:03,449 - root - INFO -  Captura: C:\xampp\htdocs\Versiones\automatizaciones\AutoPWST\ScriptMorado\report\img  screen：20230109_13_50_03.png
2023-01-09 13:50:03,459 - root - ERROR - No se encontró el botón Refrescar, revise si el xpath sigue siendo el mismo, revise la accion anterior si el xpath es el correcto o el tiempo de la accion
2023-01-09 13:50:03,459 - root - INFO -  Captura: C:\xampp\htdocs\Versiones\automatizaciones\AutoPWST\ScriptMorado\report\img  screen：20230109_13_50_03.png
2023-01-09 13:50:03,459 - root - ERROR - No se pudo encontrar el menu indicado, revise si el xpath sigue siendo el mismo, para mas detalles del error consulte el reporte
2023-01-09 13:50:03,469 - root - INFO -  Captura: C:\xampp\htdocs\Versiones\automatizaciones\AutoPWST\ScriptMorado\report\img  screen：20230109_13_50_03.png
2023-01-09 13:50:03,469 - root - ERROR - La pantalla ejecutada no es correcta, revise si el xpath sigue siendo el mismo, revise la accion anterior si el xpath es el correcto o el tiempo de la accion
2023-01-09 13:50:03,469 - root - INFO -  Captura: C:\xampp\htdocs\Versiones\automatizaciones\AutoPWST\ScriptMorado\report\img  screen：20230109_13_50_03.png
2023-01-09 13:50:03,479 - root - ERROR - No se dió click al botón Refrescar, revise si el xpath sigue siendo el mismo, revise la accion anterior si el xpath es el correcto,el tiempo de la accion o si ya existe un registro igual
2023-01-09 13:50:03,479 - root - INFO -  Captura: C:\xampp\htdocs\Versiones\automatizaciones\AutoPWST\ScriptMorado\report\img  screen：20230109_13_50_03.png
2023-01-09 13:50:03,479 - root - ERROR - No se dió click al botón Refrescar, revise si el xpath sigue siendo el mismo, revise la accion anterior si el xpath es el correcto o el tiempo de la accion
2023-01-09 13:50:03,479 - root - INFO -  Captura: C:\xampp\htdocs\Versiones\automatizaciones\AutoPWST\ScriptMorado\report\img  screen：20230109_13_50_03.png
2023-01-09 13:50:03,489 - root - ERROR - No se dió click al botón Refrescar, revise si el xpath sigue siendo el mismo, revise la accion anterior si el xpath es el correcto o el tiempo de la accion
2023-01-09 13:50:03,489 - root - INFO -  Captura: C:\xampp\htdocs\Versiones\automatizaciones\AutoPWST\ScriptMorado\report\img  screen：20230109_13_50_03.png
2023-01-09 13:50:06,227 - root - INFO -  Captura: C:\xampp\htdocs\Versiones\automatizaciones\AutoPWST\ScriptMorado\report\img  screen：20230109_13_50_06.png
2023-01-09 13:50:06,247 - root - ERROR - No se pudo encontrar el menu indicado, validar que la acción anterior haya finalizado,que el xpath sea el correcto o que la página no presente lentitud
2023-01-09 13:50:06,247 - root - INFO -  Captura: C:\xampp\htdocs\Versiones\automatizaciones\AutoPWST\ScriptMorado\report\img  screen：20230109_13_50_06.png
2023-01-09 13:50:06,267 - root - ERROR - La pantalla ejecutada no es correcta, validar que la acción anterior haya finalizado,que el xpath sea el correcto o que la página no presente lentitud
2023-01-09 13:50:06,267 - root - INFO -  Captura: C:\xampp\htdocs\Versiones\automatizaciones\AutoPWST\ScriptMorado\report\img  screen：20230109_13_50_06.png
2023-01-09 13:50:06,277 - root - ERROR - No se dió click al botón Refrescar, validar que la acción anterior haya finalizado,que el xpath sea el correcto o que la página no presente lentitud
2023-01-09 13:50:06,277 - root - INFO -  Captura: C:\xampp\htdocs\Versiones\automatizaciones\AutoPWST\ScriptMorado\report\img  screen：20230109_13_50_06.png
2023-01-09 13:50:06,287 - root - ERROR - No se dió click al botón Refrescar, validar que la acción anterior haya finalizado,que el xpath sea el correcto o que la página no presente lentitud
2023-01-09 13:50:06,287 - root - INFO -  Captura: C:\xampp\htdocs\Versiones\automatizaciones\AutoPWST\ScriptMorado\report\img  screen：20230109_13_50_06.png
2023-01-09 13:50:06,297 - root - ERROR - No se dió click al botón Refrescar, validar que la acción anterior haya finalizado,que el xpath sea el correcto o que la página no presente lentitud
2023-01-09 13:50:06,297 - root - INFO -  Captura: C:\xampp\htdocs\Versiones\automatizaciones\AutoPWST\ScriptMorado\report\img  screen：20230109_13_50_06.png
2023-01-09 13:50:06,307 - root - ERROR - No se pudo encontrar el menu indicado, revise si el xpath sigue siendo el mismo, para mas detalles del error consulte el reporte
2023-01-09 13:50:06,307 - root - INFO -  Captura: C:\xampp\htdocs\Versiones\automatizaciones\AutoPWST\ScriptMorado\report\img  screen：20230109_13_50_06.png
2023-01-09 13:50:06,307 - root - ERROR - La pantalla ejecutada no es correcta, revise si el xpath sigue siendo el mismo, revise la accion anterior si el xpath es el correcto o el tiempo de la accion
2023-01-09 13:50:06,307 - root - INFO -  Captura: C:\xampp\htdocs\Versiones\automatizaciones\AutoPWST\ScriptMorado\report\img  screen：20230109_13_50_06.png
2023-01-09 13:50:06,317 - root - ERROR - No se encontró el botón Refrescar, revise si el xpath sigue siendo el mismo, revise la accion anterior si el xpath es el correcto,el tiempo de la accion o si ya existe un registro igual
2023-01-09 13:50:06,317 - root - INFO -  Captura: C:\xampp\htdocs\Versiones\automatizaciones\AutoPWST\ScriptMorado\report\img  screen：20230109_13_50_06.png
2023-01-09 13:50:06,317 - root - ERROR - No se encontró el botón Refrescar, revise si el xpath sigue siendo el mismo, revise la accion anterior si el xpath es el correcto o el tiempo de la accion
2023-01-09 13:50:06,317 - root - INFO -  Captura: C:\xampp\htdocs\Versiones\automatizaciones\AutoPWST\ScriptMorado\report\img  screen：20230109_13_50_06.png
2023-01-09 13:50:06,327 - root - ERROR - No se encontró el botón Refrescar, revise si el xpath sigue siendo el mismo, revise la accion anterior si el xpath es el correcto o el tiempo de la accion
2023-01-09 13:50:06,327 - root - INFO -  Captura: C:\xampp\htdocs\Versiones\automatizaciones\AutoPWST\ScriptMorado\report\img  screen：20230109_13_50_06.png
2023-01-09 13:50:06,327 - root - ERROR - No se pudo encontrar el menu indicado, revise si el xpath sigue siendo el mismo, para mas detalles del error consulte el reporte
2023-01-09 13:50:06,327 - root - INFO -  Captura: C:\xampp\htdocs\Versiones\automatizaciones\AutoPWST\ScriptMorado\report\img  screen：20230109_13_50_06.png
2023-01-09 13:50:06,337 - root - ERROR - La pantalla ejecutada no es correcta, revise si el xpath sigue siendo el mismo, revise la accion anterior si el xpath es el correcto o el tiempo de la accion
2023-01-09 13:50:06,337 - root - INFO -  Captura: C:\xampp\htdocs\Versiones\automatizaciones\AutoPWST\ScriptMorado\report\img  screen：20230109_13_50_06.png
2023-01-09 13:50:06,337 - root - ERROR - No se dió click al botón Refrescar, revise si el xpath sigue siendo el mismo, revise la accion anterior si el xpath es el correcto,el tiempo de la accion o si ya existe un registro igual
2023-01-09 13:50:06,337 - root - INFO -  Captura: C:\xampp\htdocs\Versiones\automatizaciones\AutoPWST\ScriptMorado\report\img  screen：20230109_13_50_06.png
2023-01-09 13:50:06,347 - root - ERROR - No se dió click al botón Refrescar, revise si el xpath sigue siendo el mismo, revise la accion anterior si el xpath es el correcto o el tiempo de la accion
2023-01-09 13:50:06,347 - root - INFO -  Captura: C:\xampp\htdocs\Versiones\automatizaciones\AutoPWST\ScriptMorado\report\img  screen：20230109_13_50_06.png
2023-01-09 13:50:06,347 - root - ERROR - No se dió click al botón Refrescar, revise si el xpath sigue siendo el mismo, revise la accion anterior si el xpath es el correcto o el tiempo de la accion
2023-01-09 13:50:06,347 - root - INFO -  Captura: C:\xampp\htdocs\Versiones\automatizaciones\AutoPWST\ScriptMorado\report\img  screen：20230109_13_50_06.png
2023-01-09 13:50:19,662 - root - ERROR - No se dió click al botón Refrescar, validar que la acción anterior haya finalizado,que el xpath sea el correcto o que la página no presente lentitud
2023-01-09 13:50:19,662 - root - INFO -  Captura: C:\xampp\htdocs\Versiones\automatizaciones\AutoPWST\ScriptMorado\report\img  screen：20230109_13_50_19.png
2023-01-09 13:50:52,131 - root - ERROR - No se dió click al botón Refrescar, validar que la acción anterior haya finalizado,que el xpath sea el correcto o que la página no presente lentitud
2023-01-09 13:50:52,131 - root - INFO -  Captura: C:\xampp\htdocs\Versiones\automatizaciones\AutoPWST\ScriptMorado\report\img  screen：20230109_13_50_52.png
2023-01-09 13:51:24,575 - root - ERROR - No se dió click al botón Refrescar, validar que la acción anterior haya finalizado,que el xpath sea el correcto o que la página no presente lentitud
2023-01-09 13:51:24,575 - root - INFO -  Captura: C:\xampp\htdocs\Versiones\automatizaciones\AutoPWST\ScriptMorado\report\img  screen：20230109_13_51_24.png
2023-01-09 13:51:57,021 - root - ERROR - No se pudo encontrar el menu indicado, revise si el xpath sigue siendo el mismo, para mas detalles del error consulte el reporte
2023-01-09 13:51:57,021 - root - INFO -  Captura: C:\xampp\htdocs\Versiones\automatizaciones\AutoPWST\ScriptMorado\report\img  screen：20230109_13_51_57.png
2023-01-09 13:52:29,509 - root - ERROR - La pantalla ejecutada no es correcta, revise si el xpath sigue siendo el mismo, para mas detalles del error consulte el reporte
2023-01-09 13:52:29,509 - root - INFO -  Captura: C:\xampp\htdocs\Versiones\automatizaciones\AutoPWST\ScriptMorado\report\img  screen：20230109_13_52_29.png
2023-01-09 13:53:02,041 - root - ERROR - No se encontró el botón Refrescar, revise si el xpath sigue siendo el mismo, para mas detalles del error consulte el reporte
2023-01-09 13:53:02,041 - root - INFO -  Captura: C:\xampp\htdocs\Versiones\automatizaciones\AutoPWST\ScriptMorado\report\img  screen：20230109_13_53_02.png
2023-01-09 13:53:34,555 - root - ERROR - No se encontró el botón Refrescar, revise si el xpath sigue siendo el mismo, para mas detalles del error consulte el reporte
2023-01-09 13:53:34,555 - root - INFO -  Captura: C:\xampp\htdocs\Versiones\automatizaciones\AutoPWST\ScriptMorado\report\img  screen：20230109_13_53_34.png
2023-01-09 13:54:07,023 - root - ERROR - No se encontró el botón Refrescar, revise si el xpath sigue siendo el mismo, para mas detalles del error consulte el reporte
2023-01-09 13:54:07,023 - root - INFO -  Captura: C:\xampp\htdocs\Versiones\automatizaciones\AutoPWST\ScriptMorado\report\img  screen：20230109_13_54_07.png
2023-01-09 13:54:39,403 - root - ERROR - No se pudo encontrar el menu indicado, revise si el xpath sigue siendo el mismo, para mas detalles del error consulte el reporte
2023-01-09 13:54:39,403 - root - INFO -  Captura: C:\xampp\htdocs\Versiones\automatizaciones\AutoPWST\ScriptMorado\report\img  screen：20230109_13_54_39.png
2023-01-09 13:55:11,900 - root - ERROR - La pantalla ejecutada no es correcta, revise si el xpath sigue siendo el mismo, para mas detalles del error consulte el reporte
2023-01-09 13:55:11,900 - root - INFO -  Captura: C:\xampp\htdocs\Versiones\automatizaciones\AutoPWST\ScriptMorado\report\img  screen：20230109_13_55_11.png
2023-01-09 13:55:44,388 - root - ERROR - No se encontró el botón Refrescar, revise si el xpath sigue siendo el mismo, para mas detalles del error consulte el reporte
2023-01-09 13:55:44,388 - root - INFO -  Captura: C:\xampp\htdocs\Versiones\automatizaciones\AutoPWST\ScriptMorado\report\img  screen：20230109_13_55_44.png
2023-01-09 13:56:16,899 - root - ERROR - No se encontró el botón Refrescar, revise si el xpath sigue siendo el mismo, para mas detalles del error consulte el reporte
2023-01-09 13:56:16,899 - root - INFO -  Captura: C:\xampp\htdocs\Versiones\automatizaciones\AutoPWST\ScriptMorado\report\img  screen：20230109_13_56_16.png
2023-01-09 13:56:49,410 - root - ERROR - No se encontró el botón Refrescar, revise si el xpath sigue siendo el mismo, para mas detalles del error consulte el reporte
2023-01-09 13:56:49,410 - root - INFO -  Captura: C:\xampp\htdocs\Versiones\automatizaciones\AutoPWST\ScriptMorado\report\img  screen：20230109_13_56_49.png
2023-01-09 13:57:21,942 - root - ERROR - No se pudo encontrar el menu indicado, revise si el xpath sigue siendo el mismo, para mas detalles del error consulte el reporte
2023-01-09 13:57:21,942 - root - INFO -  Captura: C:\xampp\htdocs\Versiones\automatizaciones\AutoPWST\ScriptMorado\report\img  screen：20230109_13_57_21.png
2023-01-09 13:57:54,392 - root - ERROR - La pantalla ejecutada no es correcta, revise si el xpath sigue siendo el mismo, para mas detalles del error consulte el reporte
2023-01-09 13:57:54,392 - root - INFO -  Captura: C:\xampp\htdocs\Versiones\automatizaciones\AutoPWST\ScriptMorado\report\img  screen：20230109_13_57_54.png
2023-01-09 13:58:26,882 - root - ERROR - No se encontró el botón Refrescar, revise si el xpath sigue siendo el mismo, para mas detalles del error consulte el reporte
2023-01-09 13:58:26,882 - root - INFO -  Captura: C:\xampp\htdocs\Versiones\automatizaciones\AutoPWST\ScriptMorado\report\img  screen：20230109_13_58_26.png
2023-01-09 13:58:59,363 - root - ERROR - No se encontró el botón Refrescar, revise si el xpath sigue siendo el mismo, para mas detalles del error consulte el reporte
2023-01-09 13:58:59,363 - root - INFO -  Captura: C:\xampp\htdocs\Versiones\automatizaciones\AutoPWST\ScriptMorado\report\img  screen：20230109_13_58_59.png
2023-01-09 13:59:31,789 - root - ERROR - No se encontró el botón Refrescar, revise si el xpath sigue siendo el mismo, para mas detalles del error consulte el reporte
2023-01-09 13:59:31,789 - root - INFO -  Captura: C:\xampp\htdocs\Versiones\automatizaciones\AutoPWST\ScriptMorado\report\img  screen：20230109_13_59_31.png
