2022-09-20 16:47:25,863 - root - INFO -  Se abre el chrome
2022-09-20 16:47:27,155 - root - INFO -  Entra a la URL
2022-09-20 16:47:27,341 - root - INFO -  Maximiza la pantalla
2022-09-20 16:47:30,385 - root - INFO -  Cambia al frame
2022-09-20 16:47:33,471 - root - INFO -  Escribe el usuario
2022-09-20 16:47:33,568 - root - INFO -  Escribe la contraseña
2022-09-20 16:47:33,728 - root - INFO -  Se dio clic en el boton ingresar
2022-09-20 16:47:34,463 - root - INFO -  Ejecutar Enterprise
2022-09-20 16:47:38,561 - root - INFO -  Cambia entre pestañas
2022-09-20 16:48:09,132 - root - ERROR - La pantalla ejecutada no es correcta, revise si el xpath sigue siendo el mismo, para mas detalles del error consulte el reporte
2022-09-20 16:48:09,132 - root - INFO -  Captura: C:\xampp\htdocs\Versiones\automatizaciones\AutoPWST\01ZV\report\img  screen：20220920_16_48_09.png
2022-09-20 16:48:11,542 - root - ERROR - No se encontró el botón Refrescar, revise si el xpath sigue siendo el mismo, para mas detalles del error consulte el reporte
2022-09-20 16:48:11,542 - root - INFO -  Captura: C:\xampp\htdocs\Versiones\automatizaciones\AutoPWST\01ZV\report\img  screen：20220920_16_48_11.png
2022-09-20 16:49:42,120 - root - INFO -  Se abre el chrome
2022-09-20 16:49:43,357 - root - INFO -  Entra a la URL
2022-09-20 16:49:43,481 - root - INFO -  Maximiza la pantalla
2022-09-20 16:49:46,516 - root - INFO -  Cambia al frame
2022-09-20 16:49:49,584 - root - INFO -  Escribe el usuario
2022-09-20 16:49:49,692 - root - INFO -  Escribe la contraseña
2022-09-20 16:49:49,817 - root - INFO -  Se dio clic en el boton ingresar
2022-09-20 16:49:50,579 - root - INFO -  Ejecutar Enterprise
2022-09-20 16:49:54,668 - root - INFO -  Cambia entre pestañas
2022-09-20 16:50:25,293 - root - ERROR - La pantalla ejecutada no es correcta, revise si el xpath sigue siendo el mismo, para mas detalles del error consulte el reporte
2022-09-20 16:50:25,293 - root - INFO -  Captura: C:\xampp\htdocs\Versiones\automatizaciones\AutoPWST\01ZV\report\img  screen：20220920_16_50_25.png
2022-09-20 16:50:27,757 - root - ERROR - No se encontró el botón Refrescar, revise si el xpath sigue siendo el mismo, para mas detalles del error consulte el reporte
2022-09-20 16:50:27,757 - root - INFO -  Captura: C:\xampp\htdocs\Versiones\automatizaciones\AutoPWST\01ZV\report\img  screen：20220920_16_50_27.png
