2023-06-08 14:00:01,451 - root - INFO -  Se presiona el boton 'Nuevo', para crear un nuevo registro.
2023-06-08 14:00:01,989 - root - INFO -  Se abrio la pantalla para el ingreso de un registro nuevo.
2023-06-08 14:00:02,023 - root - INFO -  El campo 'Codigo' si se encuentra visible.
2023-06-08 14:00:02,050 - root - INFO -  El campo 'Codigo Alternativo' si se encuentra visible.
2023-06-08 14:00:02,082 - root - INFO -  El campo 'Descrición' si se encuentra visible.
2023-06-08 14:00:02,108 - root - INFO -  El campo 'Unidad Negocio' si se encuentra visible.
2023-06-08 14:00:02,156 - root - INFO -  Ingresa el codigo del nuevo registro 
2023-06-08 14:00:02,242 - root - INFO -  Ingresa el codigo alternativo del nuevo registro 
2023-06-08 14:00:02,466 - root - INFO -  Ingresa la descripción del nuevo registro 
2023-06-08 14:00:03,590 - root - INFO -  Captura: C:\xampp\htdocs\versiones\automatizaciones\AutoPWST\01ZV\report\img  screen：20230608_14_00_03.png
2023-06-08 14:00:03,840 - root - INFO - Se hace el cambio de pestaña para continuar con el registro nuevo
2023-06-08 14:00:04,416 - root - INFO -  Se presiona el boton 'Nuevo', para crear un nuevo registro.
2023-06-08 14:00:04,960 - root - INFO -  El campo 'Tipo Documento' si se encuentra visible.
2023-06-08 14:00:04,992 - root - INFO -  El campo 'Cuenta Contable' si se encuentra visible.
2023-06-08 14:00:05,018 - root - INFO -  El campo 'Centro Costo' si se encuentra visible.
2023-06-08 14:00:08,220 - root - INFO -  Se presiona el boton 'Aceptar', para guardar el registro.
2023-06-08 14:00:08,556 - root - INFO -  Se da clic en el boton Guardar; se debe crear un nuevo registro.
2023-06-08 14:00:08,798 - root - INFO -  Se presiona el boton 'Refrescar', para crear un nuevo registro igual al anterior.
2023-06-08 14:00:10,862 - root - INFO -  Se presiona el boton 'Nuevo', para crear un nuevo registro igual al anterior.
2023-06-08 14:00:11,406 - root - INFO -  Se abrio la pantalla para el ingreso de un registro nuevo.
2023-06-08 14:00:11,430 - root - INFO -  El campo 'Codigo' si se encuentra visible.
2023-06-08 14:00:11,454 - root - INFO -  El campo 'Codigo alternativo' si se encuentra visible.
2023-06-08 14:00:11,474 - root - INFO -  El campo 'Descrición' si se encuentra visible.
2023-06-08 14:00:11,491 - root - INFO -  El campo 'Unidad Negocio' si se encuentra visible.
2023-06-08 14:00:11,521 - root - INFO -  Ingresa el codigo del nuevo registro 
2023-06-08 14:00:11,597 - root - INFO -  Ingresa el codigo alternativo del nuevo registro 
2023-06-08 14:00:11,824 - root - INFO -  Ingresa la descripción del nuevo registro 
2023-06-08 14:00:13,220 - root - INFO -  Se da clic en el boton Guardar; NO se debe crear un nuevo registro.
2023-06-08 14:00:14,221 - root - INFO -  Captura: C:\xampp\htdocs\versiones\automatizaciones\AutoPWST\01ZV\report\img  screen：20230608_14_00_14.png
2023-06-08 14:00:19,642 - root - INFO -  Se presiona el boton 'Cerrar', para cerrar el mensaje de duplicidad de llave primaria
2023-06-08 14:00:20,642 - root - INFO -  Captura: C:\xampp\htdocs\versiones\automatizaciones\AutoPWST\01ZV\report\img  screen：20230608_14_00_20.png
2023-06-08 14:00:20,854 - root - INFO -  Se presiona el boton 'Cerrar', para cerrar el mensaje de duplicidad de llave primaria
2023-06-08 14:00:21,433 - root - INFO -  Se presiona el boton 'Cerrar', para cerrar la ventana
2023-06-08 14:00:21,543 - root - INFO -  Se presiona el boton 'Refrescar', para crear un nuevo registro igual al anterior.
2023-06-08 14:00:25,136 - root - INFO -  Se da clic en el registro creado, para proceder a modificarlo.
2023-06-08 14:00:25,771 - root - INFO -  Se modifica el contenido del campo Descripcion
2023-06-08 14:00:26,013 - root - INFO -  Se modifica el contenido del campo Descripcion
2023-06-08 14:00:27,136 - root - INFO -  Captura: C:\xampp\htdocs\versiones\automatizaciones\AutoPWST\01ZV\report\img  screen：20230608_14_00_27.png
2023-06-08 14:00:27,378 - root - INFO - Se hace el cambio de pestaña para continuar con el registro nuevo
2023-06-08 14:00:28,484 - root - INFO -  Se da clic en el registro creado, para proceder a modificarlo.
2023-06-08 14:00:32,210 - root - INFO -  Se presiona el boton 'Aceptar', para guardar el registro.
2023-06-08 14:00:32,562 - root - INFO -  Se da clic en el boton Guardar; se debe modificar la informacion del registro.
2023-06-08 14:00:32,823 - root - INFO -  Se presiona el boton 'Refrescar', para proceder a eliminar el registro.
2023-06-08 14:00:36,416 - root - INFO -  Se da clic en el registro creado, para proceder a eliminarlo.
2023-06-08 14:00:36,461 - root - INFO -  Se presiona el boton 'Eliminar', para eliminar el registro.
2023-06-08 14:00:38,463 - root - INFO -  Captura: C:\xampp\htdocs\versiones\automatizaciones\AutoPWST\01ZV\report\img  screen：20230608_14_00_38.png
2023-06-08 14:00:38,590 - root - INFO -  Se confirma el eliminado del registro
2023-06-08 14:00:39,231 - root - INFO -  Se presiona el boton 'Refrescar', para crear un nuevo registro igual al anterior.
2023-06-08 14:00:41,336 - root - INFO -  Se presiona el boton 'Cerrar', para cerrar la pantalla de Zonas de Venta.
2023-06-08 14:00:47,728 - root - INFO -  Se cierra chrome
