2023-04-24 10:16:09,123 - root - INFO -  Se abre el chrome
2023-04-24 10:16:10,960 - root - INFO -  Entra a la URL
2023-04-24 10:16:11,094 - root - INFO -  Maximiza la pantalla
2023-04-24 10:16:14,217 - root - INFO -  Escribe el usuario
2023-04-24 10:16:14,311 - root - INFO -  Escribe la contraseña
2023-04-24 10:16:14,392 - root - INFO -  Se dio clic en el boton ingresar
2023-04-24 10:16:16,172 - root - INFO -  Ejecutar Enterprise
2023-04-24 10:16:20,229 - root - INFO -  Cambia entre pestañas
2023-04-24 10:17:32,113 - root - INFO - Se ingreso a la pantalla mediante el buscador porque fallo el ingreso por menus
2023-04-24 10:17:32,114 - root - INFO -  La función buscador funciona de manera correcta.
2023-04-24 10:17:34,209 - root - INFO -  La pantalla ejecutada es Zonas de Ventas.
2023-04-24 10:17:34,210 - root - INFO -  Captura: C:\xampp\htdocs\versiones\automatizaciones\AutoPWST\01ZV\report\img  screen：20230424_10_17_34.png
2023-04-24 10:17:44,693 - root - INFO -  Se presiona el boton 'Nuevo', para crear un nuevo registro.
2023-04-24 10:17:45,255 - root - INFO -  Se abrio la pantalla para el ingreso de un registro nuevo.
2023-04-24 10:17:45,297 - root - INFO -  El campo 'Codigo' si se encuentra visible.
2023-04-24 10:17:45,343 - root - INFO -  El campo 'Codigo Alternativo' si se encuentra visible.
2023-04-24 10:17:45,387 - root - INFO -  El campo 'Descrición' si se encuentra visible.
2023-04-24 10:17:45,429 - root - INFO -  El campo 'Unidad Negocio' si se encuentra visible.
2023-04-24 10:17:45,487 - root - INFO -  Ingresa el codigo del nuevo registro 
2023-04-24 10:17:45,595 - root - INFO -  Ingresa el codigo alternativo del nuevo registro 
2023-04-24 10:17:45,871 - root - INFO -  Ingresa la descripción del nuevo registro 
2023-04-24 10:17:47,038 - root - INFO -  Captura: C:\xampp\htdocs\versiones\automatizaciones\AutoPWST\01ZV\report\img  screen：20230424_10_17_47.png
2023-04-24 10:17:47,291 - root - INFO - Se hace el cambio de pestaña para continuar con el registro nuevo
2023-04-24 10:17:47,875 - root - INFO -  Se presiona el boton 'Nuevo', para crear un nuevo registro.
2023-04-24 10:17:48,442 - root - INFO -  El campo 'Tipo Documento' si se encuentra visible.
2023-04-24 10:17:48,484 - root - INFO -  El campo 'Cuenta Contable' si se encuentra visible.
2023-04-24 10:17:48,526 - root - INFO -  El campo 'Centro Costo' si se encuentra visible.
2023-04-24 10:17:51,929 - root - INFO -  Se presiona el boton 'Aceptar', para guardar el registro.
2023-04-24 10:17:52,345 - root - INFO -  Se da clic en el boton Guardar; se debe crear un nuevo registro.
2023-04-24 10:17:52,809 - root - INFO -  Se presiona el boton 'Refrescar', para crear un nuevo registro igual al anterior.
2023-04-24 10:17:53,135 - root - INFO -  Se presiona el boton 'Nuevo', para crear un nuevo registro igual al anterior.
2023-04-24 10:17:53,699 - root - INFO -  Se abrio la pantalla para el ingreso de un registro nuevo.
2023-04-24 10:17:53,738 - root - INFO -  El campo 'Codigo' si se encuentra visible.
2023-04-24 10:17:53,775 - root - INFO -  El campo 'Codigo alternativo' si se encuentra visible.
2023-04-24 10:17:53,812 - root - INFO -  El campo 'Descrición' si se encuentra visible.
2023-04-24 10:17:53,849 - root - INFO -  El campo 'Unidad Negocio' si se encuentra visible.
2023-04-24 10:17:53,902 - root - INFO -  Ingresa el codigo del nuevo registro 
2023-04-24 10:17:54,037 - root - INFO -  Ingresa el codigo alternativo del nuevo registro 
2023-04-24 10:17:54,289 - root - INFO -  Ingresa la descripción del nuevo registro 
2023-04-24 10:17:55,733 - root - INFO -  Se da clic en el boton Guardar; NO se debe crear un nuevo registro.
2023-04-24 10:17:56,734 - root - INFO -  Captura: C:\xampp\htdocs\versiones\automatizaciones\AutoPWST\01ZV\report\img  screen：20230424_10_17_56.png
2023-04-24 10:18:02,137 - root - INFO -  Se presiona el boton 'Cerrar', para cerrar el mensaje de duplicidad de llave primaria
2023-04-24 10:18:03,138 - root - INFO -  Captura: C:\xampp\htdocs\versiones\automatizaciones\AutoPWST\01ZV\report\img  screen：20230424_10_18_03.png
2023-04-24 10:18:03,341 - root - INFO -  Se presiona el boton 'Cerrar', para cerrar el mensaje de duplicidad de llave primaria
2023-04-24 10:18:03,954 - root - INFO -  Se presiona el boton 'Cerrar', para cerrar la ventana
2023-04-24 10:18:04,208 - root - INFO -  Se presiona el boton 'Refrescar', para crear un nuevo registro igual al anterior.
2023-04-24 10:18:05,840 - root - INFO -  Se da clic en el registro creado, para proceder a modificarlo.
2023-04-24 10:18:06,512 - root - INFO -  Se modifica el contenido del campo Descripcion
2023-04-24 10:18:06,766 - root - INFO -  Se modifica el contenido del campo Descripcion
2023-04-24 10:18:07,949 - root - INFO -  Captura: C:\xampp\htdocs\versiones\automatizaciones\AutoPWST\01ZV\report\img  screen：20230424_10_18_07.png
2023-04-24 10:18:08,247 - root - INFO - Se hace el cambio de pestaña para continuar con el registro nuevo
2023-04-24 10:18:09,333 - root - INFO -  Se da clic en el registro creado, para proceder a modificarlo.
2023-04-24 10:18:13,285 - root - INFO -  Se presiona el boton 'Aceptar', para guardar el registro.
2023-04-24 10:18:13,803 - root - INFO -  Se da clic en el boton Guardar; se debe modificar la informacion del registro.
2023-04-24 10:18:14,270 - root - INFO -  Se presiona el boton 'Refrescar', para proceder a eliminar el registro.
2023-04-24 10:18:15,888 - root - INFO -  Se da clic en el registro creado, para proceder a eliminarlo.
2023-04-24 10:18:15,972 - root - INFO -  Se presiona el boton 'Eliminar', para eliminar el registro.
2023-04-24 10:18:17,974 - root - INFO -  Captura: C:\xampp\htdocs\versiones\automatizaciones\AutoPWST\01ZV\report\img  screen：20230424_10_18_17.png
2023-04-24 10:18:18,155 - root - INFO -  Se confirma el eliminado del registro
2023-04-24 10:18:18,578 - root - INFO -  Se presiona el boton 'Refrescar', para crear un nuevo registro igual al anterior.
2023-04-24 10:18:20,667 - root - INFO -  Se presiona el boton 'Cerrar', para cerrar la pantalla de Zonas de Venta.
2023-04-24 10:18:27,266 - root - INFO -  Se cierra chrome
