2022-09-07 17:35:51,254 - root - INFO -  Se abre el chrome
2022-09-07 17:35:52,599 - root - INFO -  Entra a la URL
2022-09-07 17:35:52,723 - root - INFO -  Maximiza la pantalla
2022-09-07 17:35:55,784 - root - INFO -  Cambia al frame
2022-09-07 17:35:58,879 - root - INFO -  Escribe el usuario
2022-09-07 17:35:58,995 - root - INFO -  Escribe la contraseña
2022-09-07 17:35:59,141 - root - INFO -  Se dio clic en el boton ingresar
2022-09-07 17:35:59,949 - root - INFO -  Ejecutar Enterprise
2022-09-07 17:35:59,950 - root - INFO -  Captura: C:\xampp\htdocs\versiones\automatizaciones\AutoPWST\03PSCH\report\img  screen：20220907_17_35_59.png
2022-09-07 17:36:04,211 - root - INFO -  Cambia entre pestañas
2022-09-07 17:36:09,324 - root - INFO -  Abre el menu completo
2022-09-07 17:36:33,786 - root - INFO -  Abre la pantalla de Programas
2022-09-07 17:36:33,843 - root - INFO -  La pantalla ejecutada es Programas.
2022-09-07 17:36:36,844 - root - INFO -  Captura: C:\xampp\htdocs\versiones\automatizaciones\AutoPWST\03PSCH\report\img  screen：20220907_17_36_36.png
2022-09-07 17:36:37,026 - root - INFO -  Se presiona el boton 'Nuevo', para crear un nuevo registro.
2022-09-07 17:36:42,076 - root - INFO -  Se abrio la pantalla para el ingreso de un registro nuevo.
2022-09-07 17:36:42,118 - root - INFO -  El campo 'Código' si se encuentra visible.
2022-09-07 17:36:42,160 - root - INFO -  El campo 'Descripción' si se encuentra visible.
2022-09-07 17:36:42,201 - root - INFO -  El campo 'Query Variables' si se encuentra visible.
2022-09-07 17:36:42,243 - root - INFO -  El campo 'Usuario' si se encuentra visible.
2022-09-07 17:36:42,283 - root - INFO -  El campo 'Password' si se encuentra visible.
2022-09-07 17:36:42,324 - root - INFO -  El campo 'Activa' si se encuentra visible.
2022-09-07 17:36:42,364 - root - INFO -  El campo 'Ejecutar' si se encuentra visible.
2022-09-07 17:36:42,442 - root - INFO -  Ingresa el Codigo del nuevo registro 
2022-09-07 17:36:45,598 - root - INFO -  Ingresa la Descripcion del nuevo registro 
2022-09-07 17:36:48,734 - root - INFO -  Ingresa los Query Variables del nuevo registro 
2022-09-07 17:36:56,826 - root - INFO -  Se dió click en el botón espacio para mover la pantalla hacía abajo 
2022-09-07 17:37:09,275 - root - INFO -  Se dió click en la opción Depurador.
2022-09-07 17:37:12,334 - root - INFO -  El campo 'Depurador' si se encuentra visible.
2022-09-07 17:37:12,458 - root - INFO -  Ingresa el Depurador del nuevo registro 
2022-09-07 17:37:22,922 - root - INFO -  Se dió doble click en el registro de Usuario.
2022-09-07 17:37:26,058 - root - INFO -  Ingresa el Password del nuevo registro 
2022-09-07 17:37:32,179 - root - INFO -  Se dió click en el checkbox Activa.
2022-09-07 17:37:32,181 - root - INFO -  Captura: C:\xampp\htdocs\versiones\automatizaciones\AutoPWST\03PSCH\report\img  screen：20220907_17_37_32.png
2022-09-07 17:37:32,427 - root - INFO -  Se cambia a la Pestaña Archivo de Conficuración para continuar con el registro nuevo 
2022-09-07 17:37:35,607 - root - INFO -  Ingresa la configuracion del nuevo registro 
2022-09-07 17:37:38,698 - root - INFO -  Se da clic en el boton Guardar; se debe crear un nuevo registro.
2022-09-07 17:37:43,790 - root - INFO -  Se presiona el boton 'Refrescar', para crear un nuevo registro igual al anterior.
2022-09-07 17:37:48,916 - root - INFO -  Se presiona el boton 'Nuevo', para crear un nuevo registro igual al anterior.
2022-09-07 17:37:54,006 - root - INFO -  Se abrio la pantalla para el ingreso de un registro nuevo.
2022-09-07 17:37:54,046 - root - INFO -  El campo 'Código' si se encuentra visible.
2022-09-07 17:37:54,087 - root - INFO -  El campo 'Descripción' si se encuentra visible.
2022-09-07 17:37:54,130 - root - INFO -  El campo 'Query Variables' si se encuentra visible.
2022-09-07 17:37:54,173 - root - INFO -  El campo 'Usuario' si se encuentra visible.
2022-09-07 17:37:54,215 - root - INFO -  El campo 'Password' si se encuentra visible.
2022-09-07 17:37:54,257 - root - INFO -  El campo 'Activa' si se encuentra visible.
2022-09-07 17:37:54,298 - root - INFO -  El campo 'Ejecutar' si se encuentra visible.
2022-09-07 17:37:54,376 - root - INFO -  Ingresa el Codigo del nuevo registro 
2022-09-07 17:37:57,530 - root - INFO -  Ingresa la Descripcion del nuevo registro 
2022-09-07 17:38:00,661 - root - INFO -  Ingresa los Query Variables del nuevo registro 
2022-09-07 17:38:08,780 - root - INFO -  Se dió click en el botón espacio para mover la pantalla hacía abajo 
2022-09-07 17:38:19,200 - root - INFO -  Se dió click en la opción Depurador.
2022-09-07 17:38:22,263 - root - INFO -  El campo 'Depurador' si se encuentra visible.
2022-09-07 17:38:22,393 - root - INFO -  Ingresa el Depurador del nuevo registro 
2022-09-07 17:38:32,825 - root - INFO -  Se dió doble click en el registro de Usuario.
2022-09-07 17:38:35,974 - root - INFO -  Ingresa el Password del nuevo registro 
2022-09-07 17:38:39,060 - root - INFO -  Se dió click en el checkbox Activa.
2022-09-07 17:38:42,139 - root - INFO -  Se da clic en el boton Guardar; No se debe crear un nuevo registro.
2022-09-07 17:38:47,142 - root - INFO -  Captura: C:\xampp\htdocs\versiones\automatizaciones\AutoPWST\03PSCH\report\img  screen：20220907_17_38_47.png
2022-09-07 17:38:47,380 - root - INFO -  Se presiona el boton 'Cerrar', para cerrar el mensaje de duplicidad de llave primaria
2022-09-07 17:38:50,458 - root - INFO -  Se presiona el boton 'Cerrar', para cerrar la ventana
2022-09-07 17:38:54,585 - root - INFO -  Se presiona el boton 'Refrescar', para proceder a modificar el registro.
2022-09-07 17:39:07,205 - root - INFO -  Se da clic en el registro creado, para proceder a modificarlo.
2022-09-07 17:39:07,429 - root - INFO -  Se modifica el contenido del campo Descripción 
2022-09-07 17:39:10,598 - root - INFO -  Se modifica el contenido del campo Query Variables 
2022-09-07 17:39:18,731 - root - INFO -  Se dió click en el botón espacio para mover la pantalla hacía abajo 
2022-09-07 17:39:29,119 - root - INFO -  Se dió click en la opción Depurador.
2022-09-07 17:39:32,297 - root - INFO -  Se modifica el contenido del campo Depurador 
2022-09-07 17:39:42,733 - root - INFO -  Se dió doble click en el registro de Usuario.
2022-09-07 17:39:45,910 - root - INFO -  Se modifica el contenido del campo Password 
2022-09-07 17:39:48,995 - root - INFO -  Se dió click en el checkbox Activa.
2022-09-07 17:39:51,997 - root - INFO -  Captura: C:\xampp\htdocs\versiones\automatizaciones\AutoPWST\03PSCH\report\img  screen：20220907_17_39_51.png
2022-09-07 17:39:52,222 - root - INFO -  Se cambia a la pestaña Archivo Configuración para continuar con la modificación del registro 
2022-09-07 17:39:55,423 - root - INFO -  Se modifica el contenido del campo Configuración 
2022-09-07 17:39:58,518 - root - INFO -  Se da clic en el boton Guardar; se debe modificar la informacion del registro.
2022-09-07 17:40:03,595 - root - INFO -  Se presiona el boton 'Refrescar', para proceder a eliminar el registro.
2022-09-07 17:40:16,178 - root - INFO -  Se da clic en el registro creado, para proceder a eliminarlo.
2022-09-07 17:40:16,261 - root - INFO -  Se presiona el boton 'Eliminar', para eliminar el registro.
2022-09-07 17:40:21,276 - root - INFO -  Captura: C:\xampp\htdocs\versiones\automatizaciones\AutoPWST\03PSCH\report\img  screen：20220907_17_40_21.png
2022-09-07 17:40:21,470 - root - INFO -  Se confirma el eliminado del registro
2022-09-07 17:40:26,537 - root - INFO -  Se presiona el boton 'Refrescar', para verificar si el registro ha sido eliminado.
2022-09-07 17:40:31,618 - root - INFO -  Se presiona el boton 'Cerrar', para cerrar la pantalla de Programas Scheduler.
2022-09-07 17:40:38,043 - root - INFO -  Se cierra chrome
2022-09-07 17:41:24,510 - root - INFO -  Se abre el chrome
2022-09-07 17:41:25,690 - root - INFO -  Entra a la URL
2022-09-07 17:41:25,814 - root - INFO -  Maximiza la pantalla
2022-09-07 17:41:28,881 - root - INFO -  Cambia al frame
2022-09-07 17:41:31,982 - root - INFO -  Escribe el usuario
2022-09-07 17:41:32,112 - root - INFO -  Escribe la contraseña
2022-09-07 17:41:32,279 - root - INFO -  Se dio clic en el boton ingresar
2022-09-07 17:41:34,157 - root - INFO -  Ejecutar Enterprise
2022-09-07 17:41:34,158 - root - INFO -  Captura: C:\xampp\htdocs\versiones\automatizaciones\AutoPWST\03PSCH\report\img  screen：20220907_17_41_34.png
2022-09-07 17:41:38,391 - root - INFO -  Cambia entre pestañas
2022-09-07 17:41:50,079 - root - INFO -  Abre el menu completo
2022-09-07 17:42:14,534 - root - INFO -  Abre la pantalla de Programas
2022-09-07 17:42:24,557 - root - ERROR - La pantalla ejecutada no es correcta, validar que la acción anterior haya finalizado, que el nombre de la pantalla sea el correcto o que la página no presente lentitud
2022-09-07 17:42:27,561 - root - INFO -  Captura: C:\xampp\htdocs\versiones\automatizaciones\AutoPWST\03PSCH\report\img  screen：20220907_17_42_27.png
2022-09-07 17:42:28,032 - root - ERROR - La pantalla ejecutada no es correcta, validar que la acción anterior haya finalizado, que el nombre de la pantalla sea el correcto o que la página no presente lentitud
2022-09-07 17:42:31,044 - root - INFO -  Captura: C:\xampp\htdocs\versiones\automatizaciones\AutoPWST\03PSCH\report\img  screen：20220907_17_42_31.png
2022-09-07 17:42:31,059 - root - ERROR - No se dió click en el botón Refrescar, validar que la acción anterior haya finalizado, que el xpath sea el correcto o que la página no presente lentitud
2022-09-07 17:42:34,062 - root - INFO -  Captura: C:\xampp\htdocs\versiones\automatizaciones\AutoPWST\03PSCH\report\img  screen：20220907_17_42_34.png
2022-09-07 17:42:34,067 - root - ERROR - No se dió click en el botón Refrescar, validar que la acción anterior haya finalizado, que el xpath sea el correcto o que la página no presente lentitud
2022-09-07 17:42:37,487 - root - INFO -  Se abre el chrome
2022-09-07 17:43:56,337 - root - INFO -  Se abre el chrome
2022-09-07 17:43:58,041 - root - INFO -  Entra a la URL
2022-09-07 17:43:58,343 - root - INFO -  Maximiza la pantalla
2022-09-07 17:44:01,435 - root - INFO -  Cambia al frame
2022-09-07 17:44:04,532 - root - INFO -  Escribe el usuario
2022-09-07 17:44:04,653 - root - INFO -  Escribe la contraseña
2022-09-07 17:44:04,803 - root - INFO -  Se dio clic en el boton ingresar
2022-09-07 17:44:05,608 - root - INFO -  Ejecutar Enterprise
2022-09-07 17:44:05,608 - root - INFO -  Captura: C:\xampp\htdocs\versiones\automatizaciones\AutoPWST\03PSCH\report\img  screen：20220907_17_44_05.png
2022-09-07 17:44:09,881 - root - INFO -  Cambia entre pestañas
2022-09-07 17:44:28,901 - root - INFO -  Abre el menu completo
2022-09-07 17:44:41,523 - root - INFO -  Se abre el chrome
2022-09-07 17:44:42,732 - root - INFO -  Entra a la URL
2022-09-07 17:44:42,855 - root - INFO -  Maximiza la pantalla
2022-09-07 17:44:45,918 - root - INFO -  Cambia al frame
2022-09-07 17:44:49,014 - root - INFO -  Escribe el usuario
2022-09-07 17:44:49,129 - root - INFO -  Escribe la contraseña
2022-09-07 17:44:49,280 - root - INFO -  Se dio clic en el boton ingresar
2022-09-07 17:44:50,090 - root - INFO -  Ejecutar Enterprise
2022-09-07 17:44:50,091 - root - INFO -  Captura: C:\xampp\htdocs\versiones\automatizaciones\AutoPWST\03PSCH\report\img  screen：20220907_17_44_50.png
2022-09-07 17:44:54,328 - root - INFO -  Cambia entre pestañas
2022-09-07 17:45:17,309 - root - INFO -  Se abre el chrome
2022-09-07 17:45:18,604 - root - INFO -  Entra a la URL
2022-09-07 17:45:18,746 - root - INFO -  Maximiza la pantalla
2022-09-07 17:45:21,803 - root - INFO -  Cambia al frame
2022-09-07 17:45:24,893 - root - INFO -  Escribe el usuario
2022-09-07 17:45:25,011 - root - INFO -  Escribe la contraseña
2022-09-07 17:45:25,163 - root - INFO -  Se dio clic en el boton ingresar
2022-09-07 17:45:25,944 - root - INFO -  Ejecutar Enterprise
2022-09-07 17:45:25,945 - root - INFO -  Captura: C:\xampp\htdocs\versiones\automatizaciones\AutoPWST\03PSCH\report\img  screen：20220907_17_45_25.png
2022-09-07 17:45:30,190 - root - INFO -  Cambia entre pestañas
2022-09-07 17:45:40,127 - root - INFO -  Abre el menu completo
2022-09-07 17:46:04,586 - root - INFO -  Abre la pantalla de Programas
2022-09-07 17:46:04,625 - root - INFO -  La pantalla ejecutada es Programas.
2022-09-07 17:46:07,639 - root - INFO -  Captura: C:\xampp\htdocs\versiones\automatizaciones\AutoPWST\03PSCH\report\img  screen：20220907_17_46_07.png
2022-09-07 17:46:07,909 - root - INFO -  Se presiona el boton 'Nuevo', para crear un nuevo registro.
