2022-08-25 15:15:43,135 - root - INFO -  Se abre el chrome
2022-08-25 15:15:44,515 - root - INFO -  Entra a la URL
2022-08-25 15:15:44,640 - root - INFO -  Maximiza la pantalla
2022-08-25 15:15:47,693 - root - INFO -  Cambia al frame
2022-08-25 15:15:50,789 - root - INFO -  Escribe el usuario
2022-08-25 15:15:50,891 - root - INFO -  Escribe la contraseña
2022-08-25 15:15:51,032 - root - INFO -  Se dio clic en el boton ingresar
2022-08-25 15:15:52,394 - root - INFO -  Ejecutar Enterprise
2022-08-25 15:15:52,395 - root - INFO -  Captura: C:\xampp\htdocs\versiones\automatizaciones\AutoPWST\03PSCH\report\img  screen：20220825_15_15_52.png
2022-08-25 15:15:56,605 - root - INFO -  Cambia entre pestañas
2022-08-25 15:16:01,700 - root - INFO -  Abre el menu completo
2022-08-25 15:16:26,218 - root - INFO -  Abre la pantalla de Programas
2022-08-25 15:16:26,292 - root - INFO -  La pantalla ejecutada es Programas.
2022-08-25 15:16:29,303 - root - INFO -  Captura: C:\xampp\htdocs\versiones\automatizaciones\AutoPWST\03PSCH\report\img  screen：20220825_15_16_29.png
2022-08-25 15:16:29,519 - root - INFO -  Se presiona el boton 'Nuevo', para crear un nuevo registro.
2022-08-25 15:16:34,611 - root - INFO -  Se abrio la pantalla para el ingreso de un registro nuevo.
2022-08-25 15:16:34,662 - root - INFO -  El campo 'Código' si se encuentra visible.
2022-08-25 15:16:34,699 - root - INFO -  El campo 'Descripción' si se encuentra visible.
2022-08-25 15:16:34,747 - root - INFO -  El campo 'Query Variables' si se encuentra visible.
2022-08-25 15:16:34,786 - root - INFO -  El campo 'Usuario' si se encuentra visible.
2022-08-25 15:16:34,825 - root - INFO -  El campo 'Password' si se encuentra visible.
2022-08-25 15:16:34,863 - root - INFO -  El campo 'Activa' si se encuentra visible.
2022-08-25 15:16:34,902 - root - INFO -  El campo 'Ejecutar' si se encuentra visible.
2022-08-25 15:16:34,979 - root - INFO -  Ingresa el Codigo del nuevo registro 
2022-08-25 15:16:38,128 - root - INFO -  Ingresa la Descripcion del nuevo registro 
2022-08-25 15:16:41,283 - root - INFO -  Ingresa los Query Variables del nuevo registro 
2022-08-25 15:17:04,989 - root - INFO -  El campo 'Depurador' si se encuentra visible.
2022-08-25 15:17:05,100 - root - INFO -  Ingresa el Depurador del nuevo registro 
2022-08-25 15:17:13,255 - root - ERROR - No se encontró el registro de Usuario, revise si el xpath sigue siendo el mismo, para mas detalles del error consulte el reporte
2022-08-25 15:17:16,264 - root - INFO -  Captura: C:\xampp\htdocs\versiones\automatizaciones\AutoPWST\03PSCH\report\img  screen：20220825_15_17_16.png
2022-08-25 15:17:16,704 - root - ERROR - No se encontró el botón Refrescar, revise si el xpath sigue siendo el mismo, para mas detalles del error consulte el reporte
2022-08-25 15:17:19,706 - root - INFO -  Captura: C:\xampp\htdocs\versiones\automatizaciones\AutoPWST\03PSCH\report\img  screen：20220825_15_17_19.png
2022-08-25 15:17:19,746 - root - ERROR - No se encontró el botón Refrescar, revise si el xpath sigue siendo el mismo, para mas detalles del error consulte el reporte
2022-08-25 15:17:22,757 - root - INFO -  Captura: C:\xampp\htdocs\versiones\automatizaciones\AutoPWST\03PSCH\report\img  screen：20220825_15_17_22.png
2022-08-25 15:17:22,798 - root - ERROR - No se encontró el botón Refrescar, revise si el xpath sigue siendo el mismo, para mas detalles del error consulte el reporte
2022-08-25 15:17:25,815 - root - INFO -  Captura: C:\xampp\htdocs\versiones\automatizaciones\AutoPWST\03PSCH\report\img  screen：20220825_15_17_25.png
2022-08-25 15:19:23,925 - root - INFO -  Se abre el chrome
2022-08-25 15:19:27,844 - root - INFO -  Entra a la URL
2022-08-25 15:19:27,979 - root - INFO -  Maximiza la pantalla
2022-08-25 15:19:31,031 - root - INFO -  Cambia al frame
2022-08-25 15:19:34,115 - root - INFO -  Escribe el usuario
2022-08-25 15:19:34,219 - root - INFO -  Escribe la contraseña
2022-08-25 15:19:34,352 - root - INFO -  Se dio clic en el boton ingresar
2022-08-25 15:19:35,657 - root - INFO -  Ejecutar Enterprise
2022-08-25 15:19:35,659 - root - INFO -  Captura: C:\xampp\htdocs\versiones\automatizaciones\AutoPWST\03PSCH\report\img  screen：20220825_15_19_35.png
2022-08-25 15:19:39,884 - root - INFO -  Cambia entre pestañas
2022-08-25 15:19:45,014 - root - INFO -  Abre el menu completo
2022-08-25 15:20:09,560 - root - INFO -  Abre la pantalla de Programas
2022-08-25 15:20:09,635 - root - INFO -  La pantalla ejecutada es Programas.
2022-08-25 15:20:12,646 - root - INFO -  Captura: C:\xampp\htdocs\versiones\automatizaciones\AutoPWST\03PSCH\report\img  screen：20220825_15_20_12.png
2022-08-25 15:20:12,870 - root - INFO -  Se presiona el boton 'Nuevo', para crear un nuevo registro.
2022-08-25 15:20:17,984 - root - INFO -  Se abrio la pantalla para el ingreso de un registro nuevo.
2022-08-25 15:20:18,025 - root - INFO -  El campo 'Código' si se encuentra visible.
2022-08-25 15:20:18,063 - root - INFO -  El campo 'Descripción' si se encuentra visible.
2022-08-25 15:20:18,103 - root - INFO -  El campo 'Query Variables' si se encuentra visible.
2022-08-25 15:20:18,142 - root - INFO -  El campo 'Usuario' si se encuentra visible.
2022-08-25 15:20:18,181 - root - INFO -  El campo 'Password' si se encuentra visible.
2022-08-25 15:20:18,218 - root - INFO -  El campo 'Activa' si se encuentra visible.
2022-08-25 15:20:18,257 - root - INFO -  El campo 'Ejecutar' si se encuentra visible.
2022-08-25 15:20:18,334 - root - INFO -  Ingresa el Codigo del nuevo registro 
2022-08-25 15:20:21,502 - root - INFO -  Ingresa la Descripcion del nuevo registro 
2022-08-25 15:20:24,641 - root - INFO -  Ingresa los Query Variables del nuevo registro 
2022-08-25 15:20:48,328 - root - INFO -  El campo 'Depurador' si se encuentra visible.
2022-08-25 15:20:48,442 - root - INFO -  Ingresa el Depurador del nuevo registro 
2022-08-25 15:21:02,136 - root - INFO -  Ingresa el Password del nuevo registro 
2022-08-25 15:21:08,253 - root - INFO -  Captura: C:\xampp\htdocs\versiones\automatizaciones\AutoPWST\03PSCH\report\img  screen：20220825_15_21_08.png
2022-08-25 15:21:11,658 - root - INFO -  Ingresa la configuracion del nuevo registro 
2022-08-25 15:21:14,775 - root - INFO -  Se da clic en el boton Guardar; se debe crear un nuevo registro.
2022-08-25 15:21:19,907 - root - INFO -  Se presiona el boton 'Refrescar', para crear un nuevo registro igual al anterior.
2022-08-25 15:21:25,009 - root - INFO -  Se presiona el boton 'Nuevo', para crear un nuevo registro igual al anterior.
2022-08-25 15:21:30,099 - root - INFO -  Se abrio la pantalla para el ingreso de un registro nuevo.
2022-08-25 15:21:30,131 - root - INFO -  El campo 'Código' si se encuentra visible.
2022-08-25 15:21:30,170 - root - INFO -  El campo 'Descripción' si se encuentra visible.
2022-08-25 15:21:30,208 - root - INFO -  El campo 'Query Variables' si se encuentra visible.
2022-08-25 15:21:30,245 - root - INFO -  El campo 'Usuario' si se encuentra visible.
2022-08-25 15:21:30,284 - root - INFO -  El campo 'Password' si se encuentra visible.
2022-08-25 15:21:30,324 - root - INFO -  El campo 'Activa' si se encuentra visible.
2022-08-25 15:21:30,361 - root - INFO -  El campo 'Ejecutar' si se encuentra visible.
2022-08-25 15:21:30,435 - root - INFO -  Ingresa el Codigo del nuevo registro 
2022-08-25 15:21:33,593 - root - INFO -  Ingresa la Descripcion del nuevo registro 
2022-08-25 15:21:36,749 - root - INFO -  Ingresa los Query Variables del nuevo registro 
2022-08-25 15:21:58,404 - root - INFO -  El campo 'Depurador' si se encuentra visible.
2022-08-25 15:21:58,523 - root - INFO -  Ingresa el Depurador del nuevo registro 
2022-08-25 15:22:12,166 - root - INFO -  Ingresa el Password del nuevo registro 
2022-08-25 15:22:18,462 - root - INFO -  Se da clic en el boton Guardar; se debe crear un nuevo registro.
2022-08-25 15:22:23,469 - root - INFO -  Captura: C:\xampp\htdocs\versiones\automatizaciones\AutoPWST\03PSCH\report\img  screen：20220825_15_22_23.png
2022-08-25 15:22:23,698 - root - INFO -  Se presiona el boton 'Cerrar', para cerrar el mensaje de duplicidad de llave primaria
2022-08-25 15:22:26,820 - root - INFO -  Se presiona el boton 'Cerrar', para cerrar la ventana
2022-08-25 15:22:30,947 - root - INFO -  Se presiona el boton 'Refrescar', para crear un nuevo registro igual al anterior.
2022-08-25 15:22:43,600 - root - INFO -  Se da clic en el registro creado, para proceder a modificarlo.
2022-08-25 15:22:43,769 - root - INFO -  Ingresa la Descripcion del nuevo registro 
2022-08-25 15:22:46,958 - root - INFO -  Ingresa los Query Variables del nuevo registro 
2022-08-25 15:23:08,786 - root - INFO -  Ingresa el Depurador del nuevo registro 
2022-08-25 15:23:22,460 - root - INFO -  Ingresa el Password del nuevo registro 
2022-08-25 15:23:28,543 - root - INFO -  Captura: C:\xampp\htdocs\versiones\automatizaciones\AutoPWST\03PSCH\report\img  screen：20220825_15_23_28.png
2022-08-25 15:23:31,964 - root - INFO -  Ingresa la configuracion del nuevo registro 
2022-08-25 15:23:35,117 - root - INFO -  Se da clic en el boton Guardar; se debe modificar la informacion del registro.
2022-08-25 15:23:40,205 - root - INFO -  Se presiona el boton 'Refrescar', para proceder a eliminar el registro.
2022-08-25 15:23:52,810 - root - INFO -  Se da clic en el registro creado, para proceder a eliminarlo.
2022-08-25 15:23:52,939 - root - INFO -  Se presiona el boton 'Eliminar', para eliminar el registro.
2022-08-25 15:23:57,943 - root - INFO -  Captura: C:\xampp\htdocs\versiones\automatizaciones\AutoPWST\03PSCH\report\img  screen：20220825_15_23_57.png
2022-08-25 15:23:58,141 - root - INFO -  Se confirma el eliminado del registro
2022-08-25 15:24:03,258 - root - INFO -  Se presiona el boton 'Refrescar', para crear un nuevo registro igual al anterior.
2022-08-25 15:24:08,356 - root - INFO -  Se presiona el boton 'Cerrar', para cerrar la pantalla de Categorias Fiscales.
2022-08-25 15:24:12,649 - root - INFO -  Se cierra chrome
