2022-10-18 10:35:17,298 - root - INFO -  Se abre el chrome
2022-10-18 10:35:28,740 - root - INFO -  Entra a la URL
2022-10-18 10:35:28,963 - root - INFO -  Maximiza la pantalla
2022-10-18 10:35:32,026 - root - INFO -  Cambia al frame
2022-10-18 10:35:35,154 - root - INFO -  Escribe el usuario
2022-10-18 10:35:35,303 - root - INFO -  Escribe la contraseña
2022-10-18 10:35:35,485 - root - INFO -  Se dio clic en el boton ingresar
2022-10-18 10:35:37,282 - root - INFO -  Ejecutar Enterprise
2022-10-18 10:35:41,358 - root - INFO -  Cambia entre pestañas
2022-10-18 10:36:14,438 - root - INFO -  Abre la pantalla de Programas
2022-10-18 10:36:14,511 - root - INFO -  La pantalla ejecutada es Programas.
2022-10-18 10:36:17,523 - root - INFO -  Captura: C:\xampp\htdocs\Versiones\automatizaciones\AutoPWST\03PSCH\report\img  screen：20221018_10_36_17.png
2022-10-18 10:36:17,749 - root - INFO -  Se presiona el boton 'Nuevo', para crear un nuevo registro.
2022-10-18 10:36:22,814 - root - INFO -  Se abrio la pantalla para el ingreso de un registro nuevo.
2022-10-18 10:36:22,851 - root - INFO -  El campo 'Código' si se encuentra visible.
2022-10-18 10:36:22,888 - root - INFO -  El campo 'Descripción' si se encuentra visible.
2022-10-18 10:36:22,928 - root - INFO -  El campo 'Query Variables' si se encuentra visible.
2022-10-18 10:36:22,963 - root - INFO -  El campo 'Usuario' si se encuentra visible.
2022-10-18 10:36:22,997 - root - INFO -  El campo 'Password' si se encuentra visible.
2022-10-18 10:36:23,033 - root - INFO -  El campo 'Activa' si se encuentra visible.
2022-10-18 10:36:23,070 - root - INFO -  El campo 'Ejecutar' si se encuentra visible.
2022-10-18 10:36:23,160 - root - INFO -  Ingresa el Codigo del nuevo registro 
2022-10-18 10:36:26,311 - root - INFO -  Ingresa la Descripcion del nuevo registro 
2022-10-18 10:36:29,523 - root - INFO -  Ingresa los Query Variables del nuevo registro 
2022-10-18 10:36:37,631 - root - INFO -  Se dió click en el botón espacio para mover la pantalla hacía abajo 
2022-10-18 10:36:50,040 - root - INFO -  Se dió click en la opción Depurador.
2022-10-18 10:36:53,104 - root - INFO -  El campo 'Depurador' si se encuentra visible.
2022-10-18 10:36:53,266 - root - INFO -  Ingresa el Depurador del nuevo registro 
2022-10-18 10:37:03,731 - root - INFO -  Se dió doble click en el registro de Usuario.
2022-10-18 10:37:06,878 - root - INFO -  Ingresa el Password del nuevo registro 
2022-10-18 10:37:13,018 - root - INFO -  Se dió click en el checkbox Activa.
2022-10-18 10:37:13,018 - root - INFO -  Captura: C:\xampp\htdocs\Versiones\automatizaciones\AutoPWST\03PSCH\report\img  screen：20221018_10_37_13.png
2022-10-18 10:37:13,204 - root - INFO -  Se cambia a la Pestaña Archivo de Conficuración para continuar con el registro nuevo 
2022-10-18 10:37:16,400 - root - INFO -  Ingresa la configuracion del nuevo registro 
2022-10-18 10:37:19,500 - root - INFO -  Se da clic en el boton Guardar; se debe crear un nuevo registro.
2022-10-18 10:37:24,593 - root - INFO -  Se presiona el boton 'Refrescar', para crear un nuevo registro igual al anterior.
2022-10-18 10:37:29,670 - root - INFO -  Se presiona el boton 'Nuevo', para crear un nuevo registro igual al anterior.
2022-10-18 10:37:34,712 - root - INFO -  Se abrio la pantalla para el ingreso de un registro nuevo.
2022-10-18 10:37:34,758 - root - INFO -  El campo 'Código' si se encuentra visible.
2022-10-18 10:37:34,790 - root - INFO -  El campo 'Descripción' si se encuentra visible.
2022-10-18 10:37:34,824 - root - INFO -  El campo 'Query Variables' si se encuentra visible.
2022-10-18 10:37:34,857 - root - INFO -  El campo 'Usuario' si se encuentra visible.
2022-10-18 10:37:34,891 - root - INFO -  El campo 'Password' si se encuentra visible.
2022-10-18 10:37:34,923 - root - INFO -  El campo 'Activa' si se encuentra visible.
2022-10-18 10:37:34,978 - root - INFO -  El campo 'Ejecutar' si se encuentra visible.
2022-10-18 10:37:35,056 - root - INFO -  Ingresa el Codigo del nuevo registro 
2022-10-18 10:37:38,203 - root - INFO -  Ingresa la Descripcion del nuevo registro 
2022-10-18 10:37:41,367 - root - INFO -  Ingresa los Query Variables del nuevo registro 
2022-10-18 10:37:49,464 - root - INFO -  Se dió click en el botón espacio para mover la pantalla hacía abajo 
2022-10-18 10:37:59,858 - root - INFO -  Se dió click en la opción Depurador.
2022-10-18 10:38:02,901 - root - INFO -  El campo 'Depurador' si se encuentra visible.
2022-10-18 10:38:03,027 - root - INFO -  Ingresa el Depurador del nuevo registro 
2022-10-18 10:38:13,496 - root - INFO -  Se dió doble click en el registro de Usuario.
2022-10-18 10:38:16,646 - root - INFO -  Ingresa el Password del nuevo registro 
2022-10-18 10:38:19,727 - root - INFO -  Se dió click en el checkbox Activa.
2022-10-18 10:38:22,809 - root - INFO -  Se da clic en el boton Guardar; No se debe crear un nuevo registro.
2022-10-18 10:38:27,811 - root - INFO -  Captura: C:\xampp\htdocs\Versiones\automatizaciones\AutoPWST\03PSCH\report\img  screen：20221018_10_38_27.png
2022-10-18 10:38:28,072 - root - INFO -  Se presiona el boton 'Cerrar', para cerrar el mensaje de duplicidad de llave primaria
2022-10-18 10:38:31,165 - root - INFO -  Se presiona el boton 'Cerrar', para cerrar la ventana
2022-10-18 10:38:35,234 - root - INFO -  Se presiona el boton 'Refrescar', para proceder a modificar el registro.
2022-10-18 10:38:47,830 - root - INFO -  Se da clic en el registro creado, para proceder a modificarlo.
2022-10-18 10:38:48,044 - root - INFO -  Se modifica el contenido del campo Descripción 
2022-10-18 10:38:51,237 - root - INFO -  Se modifica el contenido del campo Query Variables 
2022-10-18 10:38:59,330 - root - INFO -  Se dió click en el botón espacio para mover la pantalla hacía abajo 
2022-10-18 10:39:09,682 - root - INFO -  Se dió click en la opción Depurador.
2022-10-18 10:39:12,875 - root - INFO -  Se modifica el contenido del campo Depurador 
2022-10-18 10:39:20,996 - root - ERROR - No se encontró el registro de Usuario, validar que la acción anterior haya finalizado, que el xpath sea el correcto o que la página no presente lentitud
2022-10-18 10:39:24,006 - root - INFO -  Captura: C:\xampp\htdocs\Versiones\automatizaciones\AutoPWST\03PSCH\report\img  screen：20221018_10_39_24.png
2022-10-18 10:39:24,975 - root - ERROR - No se dió click en el botón Refrescar, validar que la acción anterior haya finalizado, que el xpath sea el correcto o que la página no presente lentitud
2022-10-18 10:39:27,981 - root - INFO -  Captura: C:\xampp\htdocs\Versiones\automatizaciones\AutoPWST\03PSCH\report\img  screen：20221018_10_39_27.png
2022-10-18 10:40:55,146 - root - INFO -  Se abre el chrome
2022-10-18 10:40:57,059 - root - INFO -  Entra a la URL
2022-10-18 10:40:57,238 - root - INFO -  Maximiza la pantalla
2022-10-18 10:41:00,306 - root - INFO -  Cambia al frame
2022-10-18 10:41:03,417 - root - INFO -  Escribe el usuario
2022-10-18 10:41:03,571 - root - INFO -  Escribe la contraseña
2022-10-18 10:41:03,768 - root - INFO -  Se dio clic en el boton ingresar
2022-10-18 10:41:04,549 - root - INFO -  Ejecutar Enterprise
2022-10-18 10:41:08,647 - root - INFO -  Cambia entre pestañas
2022-10-18 10:41:39,374 - root - INFO -  Abre la pantalla de Programas
2022-10-18 10:41:39,416 - root - INFO -  La pantalla ejecutada es Programas.
2022-10-18 10:41:42,420 - root - INFO -  Captura: C:\xampp\htdocs\Versiones\automatizaciones\AutoPWST\03PSCH\report\img  screen：20221018_10_41_42.png
2022-10-18 10:41:42,637 - root - INFO -  Se presiona el boton 'Nuevo', para crear un nuevo registro.
2022-10-18 10:41:47,674 - root - INFO -  Se abrio la pantalla para el ingreso de un registro nuevo.
2022-10-18 10:41:47,713 - root - INFO -  El campo 'Código' si se encuentra visible.
2022-10-18 10:41:47,751 - root - INFO -  El campo 'Descripción' si se encuentra visible.
2022-10-18 10:41:47,787 - root - INFO -  El campo 'Query Variables' si se encuentra visible.
2022-10-18 10:41:47,825 - root - INFO -  El campo 'Usuario' si se encuentra visible.
2022-10-18 10:41:47,862 - root - INFO -  El campo 'Password' si se encuentra visible.
2022-10-18 10:41:47,899 - root - INFO -  El campo 'Activa' si se encuentra visible.
2022-10-18 10:41:47,952 - root - INFO -  El campo 'Ejecutar' si se encuentra visible.
2022-10-18 10:41:48,037 - root - INFO -  Ingresa el Codigo del nuevo registro 
2022-10-18 10:41:51,163 - root - INFO -  Ingresa la Descripcion del nuevo registro 
2022-10-18 10:41:54,296 - root - INFO -  Ingresa los Query Variables del nuevo registro 
2022-10-18 10:42:02,396 - root - INFO -  Se dió click en el botón espacio para mover la pantalla hacía abajo 
2022-10-18 10:42:14,791 - root - INFO -  Se dió click en la opción Depurador.
2022-10-18 10:42:17,843 - root - INFO -  El campo 'Depurador' si se encuentra visible.
2022-10-18 10:42:17,981 - root - INFO -  Ingresa el Depurador del nuevo registro 
2022-10-18 10:42:28,467 - root - INFO -  Se dió doble click en el registro de Usuario.
2022-10-18 10:42:31,644 - root - INFO -  Ingresa el Password del nuevo registro 
2022-10-18 10:42:37,742 - root - INFO -  Se dió click en el checkbox Activa.
2022-10-18 10:42:37,743 - root - INFO -  Captura: C:\xampp\htdocs\Versiones\automatizaciones\AutoPWST\03PSCH\report\img  screen：20221018_10_42_37.png
2022-10-18 10:42:37,952 - root - INFO -  Se cambia a la Pestaña Archivo de Conficuración para continuar con el registro nuevo 
2022-10-18 10:42:41,153 - root - INFO -  Ingresa la configuracion del nuevo registro 
2022-10-18 10:42:44,239 - root - INFO -  Se da clic en el boton Guardar; se debe crear un nuevo registro.
2022-10-18 10:42:50,347 - root - ERROR - No se dió click en el botón Refrescar, validar que la acción anterior haya finalizado, que el xpath sea el correcto o que la página no presente lentitud
2022-10-18 10:42:53,359 - root - INFO -  Captura: C:\xampp\htdocs\Versiones\automatizaciones\AutoPWST\03PSCH\report\img  screen：20221018_10_42_53.png
2022-10-18 10:42:53,894 - root - ERROR - No se dió click en el botón Refrescar, validar que la acción anterior haya finalizado, que el xpath sea el correcto o que la página no presente lentitud
2022-10-18 10:42:56,906 - root - INFO -  Captura: C:\xampp\htdocs\Versiones\automatizaciones\AutoPWST\03PSCH\report\img  screen：20221018_10_42_56.png
2022-10-18 10:42:56,910 - root - ERROR - No se dió click en el botón Refrescar, validar que la acción anterior haya finalizado, que el xpath sea el correcto o que la página no presente lentitud
2022-10-18 10:42:59,925 - root - INFO -  Captura: C:\xampp\htdocs\Versiones\automatizaciones\AutoPWST\03PSCH\report\img  screen：20221018_10_42_59.png
2022-10-18 10:43:38,328 - root - INFO -  Se abre el chrome
2022-10-18 10:43:39,638 - root - INFO -  Entra a la URL
2022-10-18 10:43:39,820 - root - INFO -  Maximiza la pantalla
2022-10-18 10:43:42,875 - root - INFO -  Cambia al frame
2022-10-18 10:43:45,998 - root - INFO -  Escribe el usuario
2022-10-18 10:43:46,138 - root - INFO -  Escribe la contraseña
2022-10-18 10:43:46,305 - root - INFO -  Se dio clic en el boton ingresar
2022-10-18 10:43:47,286 - root - INFO -  Ejecutar Enterprise
2022-10-18 10:43:51,434 - root - INFO -  Cambia entre pestañas
2022-10-18 10:44:22,112 - root - INFO -  Abre la pantalla de Programas
2022-10-18 10:44:22,166 - root - INFO -  La pantalla ejecutada es Programas.
2022-10-18 10:44:25,181 - root - INFO -  Captura: C:\xampp\htdocs\Versiones\automatizaciones\AutoPWST\03PSCH\report\img  screen：20221018_10_44_25.png
2022-10-18 10:44:25,364 - root - INFO -  Se presiona el boton 'Nuevo', para crear un nuevo registro.
2022-10-18 10:44:30,408 - root - INFO -  Se abrio la pantalla para el ingreso de un registro nuevo.
2022-10-18 10:44:30,446 - root - INFO -  El campo 'Código' si se encuentra visible.
2022-10-18 10:44:30,485 - root - INFO -  El campo 'Descripción' si se encuentra visible.
2022-10-18 10:44:30,519 - root - INFO -  El campo 'Query Variables' si se encuentra visible.
2022-10-18 10:44:30,555 - root - INFO -  El campo 'Usuario' si se encuentra visible.
2022-10-18 10:44:30,592 - root - INFO -  El campo 'Password' si se encuentra visible.
2022-10-18 10:44:30,627 - root - INFO -  El campo 'Activa' si se encuentra visible.
2022-10-18 10:44:30,665 - root - INFO -  El campo 'Ejecutar' si se encuentra visible.
2022-10-18 10:44:30,757 - root - INFO -  Ingresa el Codigo del nuevo registro 
2022-10-18 10:44:33,911 - root - INFO -  Ingresa la Descripcion del nuevo registro 
2022-10-18 10:44:37,074 - root - INFO -  Ingresa los Query Variables del nuevo registro 
2022-10-18 10:44:45,182 - root - INFO -  Se dió click en el botón espacio para mover la pantalla hacía abajo 
2022-10-18 10:44:57,586 - root - INFO -  Se dió click en la opción Depurador.
2022-10-18 10:45:00,627 - root - INFO -  El campo 'Depurador' si se encuentra visible.
2022-10-18 10:45:00,791 - root - INFO -  Ingresa el Depurador del nuevo registro 
2022-10-18 10:45:11,293 - root - INFO -  Se dió doble click en el registro de Usuario.
2022-10-18 10:45:14,472 - root - INFO -  Ingresa el Password del nuevo registro 
2022-10-18 10:45:20,577 - root - INFO -  Se dió click en el checkbox Activa.
2022-10-18 10:45:20,578 - root - INFO -  Captura: C:\xampp\htdocs\Versiones\automatizaciones\AutoPWST\03PSCH\report\img  screen：20221018_10_45_20.png
2022-10-18 10:45:20,780 - root - INFO -  Se cambia a la Pestaña Archivo de Conficuración para continuar con el registro nuevo 
2022-10-18 10:45:23,963 - root - INFO -  Ingresa la configuracion del nuevo registro 
2022-10-18 10:45:27,042 - root - INFO -  Se da clic en el boton Guardar; se debe crear un nuevo registro.
2022-10-18 10:45:33,135 - root - ERROR - No se dió click en el botón Refrescar, validar que la acción anterior haya finalizado, que el xpath sea el correcto o que la página no presente lentitud
2022-10-18 10:45:36,146 - root - INFO -  Captura: C:\xampp\htdocs\Versiones\automatizaciones\AutoPWST\03PSCH\report\img  screen：20221018_10_45_36.png
2022-10-18 10:45:36,990 - root - ERROR - No se dió click en el botón Refrescar, validar que la acción anterior haya finalizado, que el xpath sea el correcto o que la página no presente lentitud
2022-10-18 10:45:40,001 - root - INFO -  Captura: C:\xampp\htdocs\Versiones\automatizaciones\AutoPWST\03PSCH\report\img  screen：20221018_10_45_40.png
2022-10-18 10:45:40,011 - root - ERROR - No se dió click en el botón Refrescar, validar que la acción anterior haya finalizado, que el xpath sea el correcto o que la página no presente lentitud
2022-10-18 10:45:43,020 - root - INFO -  Captura: C:\xampp\htdocs\Versiones\automatizaciones\AutoPWST\03PSCH\report\img  screen：20221018_10_45_43.png
