2022-07-26 16:00:06,838 - root - INFO -  Abre la pantalla de Programas
2022-07-26 16:00:10,111 - root - INFO -  La pantalla ejecutada es Programas.
2022-07-26 16:00:10,112 - root - INFO -  Captura: C:\xampp\htdocs\versiones\automatizaciones\AutoPWST\03PSCH\report\img  screen：20220726_16_00_10.png
2022-07-26 16:00:10,340 - root - INFO -  Se presiona el boton 'Nuevo', para crear un nuevo registro.
2022-07-26 16:00:13,057 - root - INFO -  Se abrio la pantalla para el ingreso de un registro nuevo.
2022-07-26 16:00:13,097 - root - INFO -  El campo 'Código' si se encuentra visible.
2022-07-26 16:00:13,135 - root - INFO -  El campo 'Descripción' si se encuentra visible.
2022-07-26 16:00:13,177 - root - INFO -  El campo 'Query Variables' si se encuentra visible.
2022-07-26 16:00:13,216 - root - INFO -  El campo 'Usuario' si se encuentra visible.
2022-07-26 16:00:13,256 - root - INFO -  El campo 'Password' si se encuentra visible.
2022-07-26 16:00:13,296 - root - INFO -  El campo 'Activa' si se encuentra visible.
2022-07-26 16:00:13,335 - root - INFO -  El campo 'Ejecutar' si se encuentra visible.
2022-07-26 16:00:13,413 - root - INFO -  Ingresa el Codigo del nuevo registro 
2022-07-26 16:00:16,587 - root - INFO -  Ingresa la Descripcion del nuevo registro 
2022-07-26 16:00:19,753 - root - INFO -  Ingresa los Query Variables del nuevo registro 
2022-07-26 16:00:45,487 - root - INFO -  El campo 'Depurador' si se encuentra visible.
2022-07-26 16:00:45,602 - root - INFO -  Ingresa el Depurador del nuevo registro 
2022-07-26 16:00:59,190 - root - INFO -  Ingresa el Password del nuevo registro 
2022-07-26 16:01:05,327 - root - INFO -  Captura: C:\xampp\htdocs\versiones\automatizaciones\AutoPWST\03PSCH\report\img  screen：20220726_16_01_05.png
2022-07-26 16:01:08,776 - root - INFO -  Ingresa la configuracion del nuevo registro 
2022-07-26 16:01:11,898 - root - INFO -  Se da clic en el boton Guardar; se debe crear un nuevo registro.
2022-07-26 16:01:15,052 - root - INFO -  Se presiona el boton 'Refrescar', para crear un nuevo registro igual al anterior.
2022-07-26 16:01:18,579 - root - INFO -  Se presiona el boton 'Nuevo', para crear un nuevo registro igual al anterior.
2022-07-26 16:01:20,787 - root - INFO -  Se abrio la pantalla para el ingreso de un registro nuevo.
2022-07-26 16:01:20,827 - root - INFO -  El campo 'Código' si se encuentra visible.
2022-07-26 16:01:20,869 - root - INFO -  El campo 'Descripción' si se encuentra visible.
2022-07-26 16:01:20,907 - root - INFO -  El campo 'Query Variables' si se encuentra visible.
2022-07-26 16:01:20,961 - root - INFO -  El campo 'Usuario' si se encuentra visible.
2022-07-26 16:01:21,002 - root - INFO -  El campo 'Password' si se encuentra visible.
2022-07-26 16:01:21,040 - root - INFO -  El campo 'Activa' si se encuentra visible.
2022-07-26 16:01:21,079 - root - INFO -  El campo 'Ejecutar' si se encuentra visible.
2022-07-26 16:01:21,155 - root - INFO -  Ingresa el Codigo del nuevo registro 
2022-07-26 16:01:24,362 - root - INFO -  Ingresa la Descripcion del nuevo registro 
2022-07-26 16:01:27,578 - root - INFO -  Ingresa los Query Variables del nuevo registro 
2022-07-26 16:01:50,361 - root - INFO -  El campo 'Depurador' si se encuentra visible.
2022-07-26 16:01:50,510 - root - INFO -  Ingresa el Depurador del nuevo registro 
2022-07-26 16:02:04,009 - root - INFO -  Ingresa el Password del nuevo registro 
2022-07-26 16:02:10,352 - root - INFO -  Se da clic en el boton Guardar; se debe crear un nuevo registro.
2022-07-26 16:02:13,365 - root - INFO -  Captura: C:\xampp\htdocs\versiones\automatizaciones\AutoPWST\03PSCH\report\img  screen：20220726_16_02_13.png
2022-07-26 16:02:13,676 - root - INFO -  Se presiona el boton 'Cerrar', para cerrar el mensaje de duplicidad de llave primaria
2022-07-26 16:02:15,796 - root - INFO -  Se presiona el boton 'Cerrar', para cerrar la ventana
2022-07-26 16:02:19,926 - root - INFO -  Se presiona el boton 'Refrescar', para crear un nuevo registro igual al anterior.
2022-07-26 16:02:32,654 - root - INFO -  Se da clic en el registro creado, para proceder a modificarlo.
2022-07-26 16:02:32,826 - root - INFO -  Ingresa la Descripcion del nuevo registro 
2022-07-26 16:02:36,064 - root - INFO -  Ingresa los Query Variables del nuevo registro 
2022-07-26 16:02:58,893 - root - INFO -  Ingresa el Depurador del nuevo registro 
2022-07-26 16:03:13,359 - root - INFO -  Ingresa el Password del nuevo registro 
2022-07-26 16:03:19,493 - root - INFO -  Captura: C:\xampp\htdocs\versiones\automatizaciones\AutoPWST\03PSCH\report\img  screen：20220726_16_03_19.png
2022-07-26 16:03:23,038 - root - INFO -  Ingresa la configuracion del nuevo registro 
2022-07-26 16:03:26,177 - root - INFO -  Se da clic en el boton Guardar; se debe modificar la informacion del registro.
2022-07-26 16:03:29,311 - root - INFO -  Se presiona el boton 'Refrescar', para proceder a eliminar el registro.
2022-07-26 16:03:42,001 - root - INFO -  Se da clic en el registro creado, para proceder a eliminarlo.
2022-07-26 16:03:42,143 - root - INFO -  Se presiona el boton 'Eliminar', para eliminar el registro.
2022-07-26 16:03:52,153 - root - INFO -  Captura: C:\xampp\htdocs\versiones\automatizaciones\AutoPWST\03PSCH\report\img  screen：20220726_16_03_52.png
2022-07-26 16:03:52,420 - root - INFO -  Se confirma el eliminado del registro
2022-07-26 16:04:02,539 - root - INFO -  Se presiona el boton 'Refrescar', para crear un nuevo registro igual al anterior.
2022-07-26 16:04:07,680 - root - INFO -  Se presiona el boton 'Cerrar', para cerrar la pantalla de Categorias Fiscales.
2022-07-26 16:04:11,985 - root - INFO -  Se cierra chrome
