2023-04-24 15:14:05,583 - root - INFO -  Se abre el chrome
2023-04-24 15:14:07,693 - root - INFO -  Entra a la URL
2023-04-24 15:14:07,827 - root - INFO -  Maximiza la pantalla
2023-04-24 15:14:10,977 - root - INFO -  Escribe el usuario
2023-04-24 15:14:11,163 - root - INFO -  Escribe la contraseña
2023-04-24 15:14:11,303 - root - INFO -  Se dio clic en el boton ingresar
2023-04-24 15:14:12,937 - root - INFO -  Ejecutar Enterprise
2023-04-24 15:14:17,085 - root - INFO -  Cambia entre pestañas
2023-04-24 15:15:30,851 - root - INFO - Se ingreso a la pantalla mediante el buscador porque fallo el ingreso por menus
2023-04-24 15:15:30,852 - root - INFO -  La función buscador funciona de manera correcta.
2023-04-24 15:15:32,022 - root - INFO -  La pantalla ejecutada es Programas.
2023-04-24 15:15:32,022 - root - INFO -  Captura: C:\xampp\htdocs\versiones\automatizaciones\AutoPWST\03PSCH\report\img  screen：20230424_15_15_32.png
2023-04-24 15:15:42,459 - root - INFO -  Se presiona el boton 'Nuevo', para crear un nuevo registro.
2023-04-24 15:15:43,047 - root - INFO -  Se abrio la pantalla para el ingreso de un registro nuevo.
2023-04-24 15:15:43,081 - root - INFO -  El campo 'Código' si se encuentra visible.
2023-04-24 15:15:43,122 - root - INFO -  El campo 'Descripción' si se encuentra visible.
2023-04-24 15:15:43,158 - root - INFO -  El campo 'Query Variables' si se encuentra visible.
2023-04-24 15:15:43,201 - root - INFO -  El campo 'Usuario' si se encuentra visible.
2023-04-24 15:15:43,238 - root - INFO -  El campo 'Password' si se encuentra visible.
2023-04-24 15:15:43,272 - root - INFO -  El campo 'Activa' si se encuentra visible.
2023-04-24 15:15:43,308 - root - INFO -  El campo 'Ejecutar' si se encuentra visible.
2023-04-24 15:15:43,373 - root - INFO -  Ingresa el Codigo del nuevo registro 
2023-04-24 15:15:43,472 - root - INFO -  Ingresa la Descripcion del nuevo registro 
2023-04-24 15:15:43,561 - root - INFO -  Ingresa los Query Variables del nuevo registro 
2023-04-24 15:16:07,724 - root - ERROR - No se encontró el registro de Usuario, validar que la acción anterior haya finalizado, que el xpath sea el correcto o que la página no presente lentitud
2023-04-24 15:16:07,725 - root - INFO -  Captura: C:\xampp\htdocs\versiones\automatizaciones\AutoPWST\03PSCH\report\img  screen：20230424_15_16_07.png
2023-04-24 15:16:07,735 - root - ERROR - No se dió click en el botón Refrescar, validar que la acción anterior haya finalizado, que el xpath sea el correcto o que la página no presente lentitud
2023-04-24 15:16:07,736 - root - INFO -  Captura: C:\xampp\htdocs\versiones\automatizaciones\AutoPWST\03PSCH\report\img  screen：20230424_15_16_07.png
2023-04-24 15:16:07,745 - root - ERROR - No se dió click en el botón Refrescar, validar que la acción anterior haya finalizado, que el xpath sea el correcto o que la página no presente lentitud
2023-04-24 15:16:07,746 - root - INFO -  Captura: C:\xampp\htdocs\versiones\automatizaciones\AutoPWST\03PSCH\report\img  screen：20230424_15_16_07.png
2023-04-24 15:16:07,753 - root - ERROR - No se dió click en el botón Refrescar, validar que la acción anterior haya finalizado, que el xpath sea el correcto o que la página no presente lentitud
2023-04-24 15:16:07,753 - root - INFO -  Captura: C:\xampp\htdocs\versiones\automatizaciones\AutoPWST\03PSCH\report\img  screen：20230424_15_16_07.png
2023-04-24 15:17:47,088 - root - INFO -  Se abre el chrome
2023-04-24 15:17:48,671 - root - INFO -  Entra a la URL
2023-04-24 15:17:48,802 - root - INFO -  Maximiza la pantalla
2023-04-24 15:17:51,948 - root - INFO -  Escribe el usuario
2023-04-24 15:17:52,062 - root - INFO -  Escribe la contraseña
2023-04-24 15:17:52,151 - root - INFO -  Se dio clic en el boton ingresar
2023-04-24 15:17:53,884 - root - INFO -  Ejecutar Enterprise
2023-04-24 15:17:57,927 - root - INFO -  Cambia entre pestañas
2023-04-24 15:19:10,545 - root - INFO - Se ingreso a la pantalla mediante el buscador porque fallo el ingreso por menus
2023-04-24 15:19:10,546 - root - INFO -  La función buscador funciona de manera correcta.
2023-04-24 15:19:11,732 - root - INFO -  La pantalla ejecutada es Programas.
2023-04-24 15:19:11,732 - root - INFO -  Captura: C:\xampp\htdocs\versiones\automatizaciones\AutoPWST\03PSCH\report\img  screen：20230424_15_19_11.png
2023-04-24 15:19:22,170 - root - INFO -  Se presiona el boton 'Nuevo', para crear un nuevo registro.
2023-04-24 15:19:22,729 - root - INFO -  Se abrio la pantalla para el ingreso de un registro nuevo.
2023-04-24 15:19:22,770 - root - INFO -  El campo 'Código' si se encuentra visible.
2023-04-24 15:19:22,811 - root - INFO -  El campo 'Descripción' si se encuentra visible.
2023-04-24 15:19:22,848 - root - INFO -  El campo 'Query Variables' si se encuentra visible.
2023-04-24 15:19:22,884 - root - INFO -  El campo 'Usuario' si se encuentra visible.
2023-04-24 15:19:22,923 - root - INFO -  El campo 'Password' si se encuentra visible.
2023-04-24 15:19:22,960 - root - INFO -  El campo 'Activa' si se encuentra visible.
2023-04-24 15:19:23,001 - root - INFO -  El campo 'Ejecutar' si se encuentra visible.
2023-04-24 15:19:23,074 - root - INFO -  Ingresa el Codigo del nuevo registro 
2023-04-24 15:19:23,199 - root - INFO -  Ingresa la Descripcion del nuevo registro 
2023-04-24 15:19:23,301 - root - INFO -  Ingresa los Query Variables del nuevo registro 
2023-04-24 15:19:24,214 - root - INFO -  Se dió doble click en el registro de Usuario.
2023-04-24 15:19:24,361 - root - INFO -  Ingresa el Password del nuevo registro 
2023-04-24 15:19:24,433 - root - INFO -  Se dió click en el checkbox Activa.
2023-04-24 15:19:24,434 - root - INFO -  Captura: C:\xampp\htdocs\versiones\automatizaciones\AutoPWST\03PSCH\report\img  screen：20230424_15_19_24.png
2023-04-24 15:19:24,928 - root - INFO -  Se dió click en la opción Depurador.
2023-04-24 15:19:25,066 - root - INFO -  Ingresa el Depurador del nuevo registro 
2023-04-24 15:19:25,138 - root - INFO -  Se cambia a la Pestaña Archivo de Conficuración para continuar con el registro nuevo 
2023-04-24 15:19:25,802 - root - INFO -  Ingresa la configuracion del nuevo registro 
2023-04-24 15:19:25,874 - root - INFO -  Se da clic en el boton Guardar; se debe crear un nuevo registro.
2023-04-24 15:19:26,271 - root - INFO -  Se presiona el boton 'Refrescar', para crear un nuevo registro igual al anterior.
2023-04-24 15:19:26,685 - root - INFO -  Se presiona el boton 'Nuevo', para crear un nuevo registro igual al anterior.
2023-04-24 15:19:27,236 - root - INFO -  Se abrio la pantalla para el ingreso de un registro nuevo.
2023-04-24 15:19:27,267 - root - INFO -  El campo 'Código' si se encuentra visible.
2023-04-24 15:19:27,299 - root - INFO -  El campo 'Descripción' si se encuentra visible.
2023-04-24 15:19:27,332 - root - INFO -  El campo 'Query Variables' si se encuentra visible.
2023-04-24 15:19:27,373 - root - INFO -  El campo 'Usuario' si se encuentra visible.
2023-04-24 15:19:27,407 - root - INFO -  El campo 'Password' si se encuentra visible.
2023-04-24 15:19:27,438 - root - INFO -  El campo 'Activa' si se encuentra visible.
2023-04-24 15:19:27,471 - root - INFO -  El campo 'Ejecutar' si se encuentra visible.
2023-04-24 15:19:27,537 - root - INFO -  Ingresa el Codigo del nuevo registro 
2023-04-24 15:19:27,675 - root - INFO -  Ingresa la Descripcion del nuevo registro 
2023-04-24 15:19:27,793 - root - INFO -  Ingresa los Query Variables del nuevo registro 
2023-04-24 15:19:28,738 - root - INFO -  Se dió doble click en el registro de Usuario.
2023-04-24 15:19:28,916 - root - INFO -  Ingresa el Password del nuevo registro 
2023-04-24 15:19:29,049 - root - INFO -  Se dió click en el checkbox Activa.
2023-04-24 15:19:29,389 - root - INFO -  Se dió click en la opción Depurador.
2023-04-24 15:19:29,518 - root - INFO -  Ingresa el Depurador del nuevo registro 
2023-04-24 15:19:29,589 - root - INFO -  Se da clic en el boton Guardar; No se debe crear un nuevo registro.
2023-04-24 15:19:30,593 - root - INFO -  Captura: C:\xampp\htdocs\versiones\automatizaciones\AutoPWST\03PSCH\report\img  screen：20230424_15_19_30.png
2023-04-24 15:19:35,942 - root - INFO -  Se presiona el boton 'Cerrar', para cerrar el mensaje de duplicidad de llave primaria
2023-04-24 15:19:36,944 - root - INFO -  Captura: C:\xampp\htdocs\versiones\automatizaciones\AutoPWST\03PSCH\report\img  screen：20230424_15_19_36.png
2023-04-24 15:19:37,144 - root - INFO -  Se presiona el boton 'Cerrar', para cerrar el mensaje de duplicidad de llave primaria
2023-04-24 15:19:37,292 - root - INFO -  Se presiona el boton 'Cerrar', para cerrar la ventana
2023-04-24 15:19:37,401 - root - INFO -  Se presiona el boton 'Refrescar', para proceder a modificar el registro.
2023-04-24 15:19:39,023 - root - INFO -  Se da clic en el registro creado, para proceder a modificarlo.
2023-04-24 15:19:40,222 - root - INFO -  Se modifica el contenido del campo Descripción 
2023-04-24 15:19:40,365 - root - INFO -  Se modifica el contenido del campo Query Variables 
2023-04-24 15:19:43,581 - root - INFO -  Se dió doble click en el registro de Usuario.
2023-04-24 15:19:43,755 - root - INFO -  Se modifica el contenido del campo Password 
2023-04-24 15:19:43,818 - root - INFO -  Se dió click en el checkbox Activa.
2023-04-24 15:19:44,820 - root - INFO -  Captura: C:\xampp\htdocs\versiones\automatizaciones\AutoPWST\03PSCH\report\img  screen：20230424_15_19_44.png
2023-04-24 15:19:45,290 - root - INFO -  Se dió click en la opción Depurador.
2023-04-24 15:19:45,455 - root - INFO -  Se modifica el contenido del campo Depurador 
2023-04-24 15:19:45,523 - root - INFO -  Se cambia a la pestaña Archivo Configuración para continuar con la modificación del registro 
2023-04-24 15:19:46,262 - root - INFO -  Se modifica el contenido del campo Configuración 
2023-04-24 15:19:46,336 - root - INFO -  Se da clic en el boton Guardar; se debe modificar la informacion del registro.
2023-04-24 15:19:46,626 - root - INFO -  Se presiona el boton 'Refrescar', para proceder a eliminar el registro.
2023-04-24 15:19:48,196 - root - INFO -  Se da clic en el registro creado, para proceder a eliminarlo.
2023-04-24 15:19:48,269 - root - INFO -  Se presiona el boton 'Eliminar', para eliminar el registro.
2023-04-24 15:19:50,270 - root - INFO -  Captura: C:\xampp\htdocs\versiones\automatizaciones\AutoPWST\03PSCH\report\img  screen：20230424_15_19_50.png
2023-04-24 15:19:50,431 - root - INFO -  Se confirma el eliminado del registro
2023-04-24 15:19:50,979 - root - INFO -  Se presiona el boton 'Refrescar', para verificar si el registro ha sido eliminado.
2023-04-24 15:19:53,055 - root - INFO -  Se presiona el boton 'Cerrar', para cerrar la pantalla de Programas Scheduler.
2023-04-24 15:19:59,516 - root - INFO -  Se cierra chrome
