2022-09-12 17:18:48,285 - root - INFO -  Se abre el chrome
2022-09-12 17:18:49,641 - root - INFO -  Entra a la URL
2022-09-12 17:18:49,777 - root - INFO -  Maximiza la pantalla
2022-09-12 17:18:52,840 - root - INFO -  Cambia al frame
2022-09-12 17:18:55,940 - root - INFO -  Escribe el usuario
2022-09-12 17:18:56,056 - root - INFO -  Escribe la contraseña
2022-09-12 17:18:56,208 - root - INFO -  Se dio clic en el boton ingresar
2022-09-12 17:18:57,013 - root - INFO -  Ejecutar Enterprise
2022-09-12 17:19:01,073 - root - INFO -  Cambia entre pestañas
2022-09-12 17:19:14,005 - root - INFO -  Abre la pantalla de Tipos de Politica
2022-09-12 17:19:14,055 - root - INFO -  La pantalla ejecutada es Tipos de Politica
2022-09-12 17:19:17,062 - root - INFO -  Captura: C:\xampp\htdocs\versiones\automatizaciones\AutoPWST\01TP\report\img  screen：20220912_17_19_17.png
2022-09-12 17:20:44,583 - root - INFO -  Se abre el chrome
2022-09-12 17:21:06,939 - root - INFO -  Entra a la URL
2022-09-12 17:21:07,080 - root - INFO -  Maximiza la pantalla
2022-09-12 17:21:10,136 - root - INFO -  Cambia al frame
2022-09-12 17:21:13,223 - root - INFO -  Escribe el usuario
2022-09-12 17:21:13,325 - root - INFO -  Escribe la contraseña
2022-09-12 17:21:13,460 - root - INFO -  Se dio clic en el boton ingresar
2022-09-12 17:21:14,275 - root - INFO -  Ejecutar Enterprise
2022-09-12 17:21:18,328 - root - INFO -  Cambia entre pestañas
2022-09-12 17:21:31,246 - root - INFO -  Abre la pantalla de Tipos de Politica
2022-09-12 17:21:31,310 - root - INFO -  La pantalla ejecutada es Tipos de Politica
2022-09-12 17:21:34,315 - root - INFO -  Captura: C:\xampp\htdocs\versiones\automatizaciones\AutoPWST\01TP\report\img  screen：20220912_17_21_34.png
2022-09-12 17:21:34,522 - root - INFO -  Se presiona el boton 'Nuevo', para crear un nuevo registro.
