2022-07-01 11:20:35,674 - root - INFO -  Se abre el chrome
2022-07-01 11:20:38,297 - root - INFO -  Entra a la URL
2022-07-01 11:20:38,451 - root - INFO -  Maximiza la pantalla
2022-07-01 11:20:41,547 - root - INFO -  Cambia al frame
2022-07-01 11:20:44,734 - root - INFO -  Escribe el usuario
2022-07-01 11:20:44,940 - root - INFO -  Escribe la contraseña
2022-07-01 11:20:45,257 - root - INFO -  Se dio clic en el boton ingresar
2022-07-01 11:20:48,611 - root - INFO -  Ejecutar Enterprise
2022-07-01 11:20:52,716 - root - INFO -  Cambia entre pestañas
2022-07-01 11:21:07,897 - root - INFO -  Se presiona el boton 'Cerrar Error', para crear un nuevo registro igual al anterior.
2022-07-01 11:21:11,008 - root - INFO -  Abre el menu completo
2022-07-01 11:21:23,978 - root - INFO -  Abre la pantalla de Tipos de Politica
2022-07-01 11:21:24,038 - root - INFO -  La pantalla ejecutada es Tipos de Politica
2022-07-01 11:21:24,153 - root - INFO -  Se presiona el boton 'Nuevo', para crear un nuevo registro.
2022-07-01 11:21:24,758 - root - INFO -  Se abrio la pantalla para el ingreso de un registro nuevo.
2022-07-01 11:21:24,818 - root - INFO -  El campo 'Codigo' si se encuentra visible.
2022-07-01 11:21:24,878 - root - INFO -  El campo 'Codigo Alternativo' si se encuentra visible.
2022-07-01 11:21:24,954 - root - INFO -  El campo 'Descrición' si se encuentra visible.
2022-07-01 11:21:27,048 - root - INFO -  El campo 'Observaciones' si se encuentra visible.
2022-07-01 11:21:27,365 - root - INFO -  Ingresa el codigo del nuevo registro 
2022-07-01 11:21:30,488 - root - INFO -  Ingresa el codigo alternativo del nuevo registro 
2022-07-01 11:21:33,690 - root - INFO -  Ingresa la descripción del nuevo registro 
2022-07-01 11:21:37,108 - root - INFO -  Ingresa la Observación del nuevo registro 
2022-07-01 11:21:40,218 - root - INFO - Se hace el cambio de pestaña para continuar con el registro nuevo
2022-07-01 11:21:43,283 - root - INFO -  Se presiona el boton 'Nuevo', para crear un nuevo registro.
2022-07-01 11:21:43,321 - root - INFO -  El campo 'Tipo Documento' si se encuentra visible.
2022-07-01 11:21:43,357 - root - INFO -  El campo 'Cuenta Contable' si se encuentra visible.
2022-07-01 11:21:43,396 - root - INFO -  El campo 'Centro Costo' si se encuentra visible.
2022-07-01 11:22:07,020 - root - INFO -  Se presiona el boton 'Aceptar', para guardar el registro.
2022-07-01 11:22:11,138 - root - INFO -  Se da clic en el boton Guardar; se debe crear un nuevo registro.
2022-07-01 11:22:15,272 - root - ERROR - No se encontró el botón Refrescar, revise si el xpath sigue siendo el mismo, para mas detalles del error consulte el reporte
2022-07-01 11:22:15,273 - root - INFO -  Captura: C:\xampp\htdocs\automatizaciones\AutoPWST\01TP\report\img  screen：20220701_11_22_15.png
2022-07-01 11:22:16,496 - root - ERROR - No se encontró el botón Refrescar, revise si el xpath sigue siendo el mismo, para mas detalles del error consulte el reporte
2022-07-01 11:22:16,497 - root - INFO -  Captura: C:\xampp\htdocs\automatizaciones\AutoPWST\01TP\report\img  screen：20220701_11_22_16.png
2022-07-01 11:22:17,719 - root - ERROR - No se encontró el botón Refrescar, revise si el xpath sigue siendo el mismo, para mas detalles del error consulte el reporte
2022-07-01 11:22:17,720 - root - INFO -  Captura: C:\xampp\htdocs\automatizaciones\AutoPWST\01TP\report\img  screen：20220701_11_22_17.png
2022-07-01 11:22:20,047 - root - INFO -  Se cierra chrome
2022-07-01 11:32:52,134 - root - INFO -  Se abre el chrome
2022-07-01 11:32:54,646 - root - INFO -  Entra a la URL
2022-07-01 11:32:54,814 - root - INFO -  Maximiza la pantalla
2022-07-01 11:32:57,923 - root - INFO -  Cambia al frame
2022-07-01 11:33:01,086 - root - INFO -  Escribe el usuario
2022-07-01 11:33:01,240 - root - INFO -  Escribe la contraseña
2022-07-01 11:33:01,468 - root - INFO -  Se dio clic en el boton ingresar
2022-07-01 11:33:04,188 - root - INFO -  Ejecutar Enterprise
2022-07-01 11:33:08,318 - root - INFO -  Cambia entre pestañas
2022-07-01 11:33:22,242 - root - INFO -  Se presiona el boton 'Cerrar Error', para crear un nuevo registro igual al anterior.
2022-07-01 11:33:25,382 - root - INFO -  Abre el menu completo
2022-07-01 11:33:38,272 - root - INFO -  Abre la pantalla de Tipos de Politica
2022-07-01 11:33:38,310 - root - INFO -  La pantalla ejecutada es Tipos de Politica
2022-07-01 11:33:38,368 - root - INFO -  Se presiona el boton 'Nuevo', para crear un nuevo registro.
2022-07-01 11:33:38,932 - root - INFO -  Se abrio la pantalla para el ingreso de un registro nuevo.
2022-07-01 11:33:38,970 - root - INFO -  El campo 'Codigo' si se encuentra visible.
2022-07-01 11:33:39,006 - root - INFO -  El campo 'Codigo Alternativo' si se encuentra visible.
2022-07-01 11:33:39,044 - root - INFO -  El campo 'Descrición' si se encuentra visible.
2022-07-01 11:33:41,112 - root - INFO -  El campo 'Observaciones' si se encuentra visible.
2022-07-01 11:33:41,174 - root - INFO -  Ingresa el codigo del nuevo registro 
2022-07-01 11:33:44,311 - root - INFO -  Ingresa el codigo alternativo del nuevo registro 
2022-07-01 11:33:47,786 - root - INFO -  Ingresa la descripción del nuevo registro 
2022-07-01 11:33:50,973 - root - INFO -  Ingresa la Observación del nuevo registro 
2022-07-01 11:33:54,049 - root - INFO - Se hace el cambio de pestaña para continuar con el registro nuevo
2022-07-01 11:33:57,130 - root - INFO -  Se presiona el boton 'Nuevo', para crear un nuevo registro.
2022-07-01 11:33:57,165 - root - INFO -  El campo 'Tipo Documento' si se encuentra visible.
2022-07-01 11:33:57,199 - root - INFO -  El campo 'Cuenta Contable' si se encuentra visible.
2022-07-01 11:33:57,233 - root - INFO -  El campo 'Centro Costo' si se encuentra visible.
2022-07-01 11:34:21,188 - root - INFO -  Se presiona el boton 'Aceptar', para guardar el registro.
2022-07-01 11:34:25,290 - root - INFO -  Se da clic en el boton Guardar; se debe crear un nuevo registro.
2022-07-01 11:34:29,515 - root - ERROR - No se encontró el botón Refrescar, revise si el xpath sigue siendo el mismo, para mas detalles del error consulte el reporte
2022-07-01 11:34:29,516 - root - INFO -  Captura: C:\xampp\htdocs\automatizaciones\AutoPWST\01TP\report\img  screen：20220701_11_34_29.png
2022-07-01 11:34:30,755 - root - ERROR - No se encontró el botón Refrescar, revise si el xpath sigue siendo el mismo, para mas detalles del error consulte el reporte
2022-07-01 11:34:30,756 - root - INFO -  Captura: C:\xampp\htdocs\automatizaciones\AutoPWST\01TP\report\img  screen：20220701_11_34_30.png
2022-07-01 11:34:32,050 - root - ERROR - No se encontró el botón Refrescar, revise si el xpath sigue siendo el mismo, para mas detalles del error consulte el reporte
2022-07-01 11:34:32,051 - root - INFO -  Captura: C:\xampp\htdocs\automatizaciones\AutoPWST\01TP\report\img  screen：20220701_11_34_32.png
2022-07-01 11:34:34,473 - root - INFO -  Se cierra chrome
