2022-08-24 18:08:01,653 - root - INFO -  Se abre el chrome
2022-08-24 18:08:02,978 - root - INFO -  Entra a la URL
2022-08-24 18:08:03,112 - root - INFO -  Maximiza la pantalla
2022-08-24 18:08:06,164 - root - INFO -  Cambia al frame
2022-08-24 18:08:09,251 - root - INFO -  Escribe el usuario
2022-08-24 18:08:09,351 - root - INFO -  Escribe la contraseña
2022-08-24 18:08:09,484 - root - INFO -  Se dio clic en el boton ingresar
2022-08-24 18:08:10,817 - root - INFO -  Ejecutar Enterprise
2022-08-24 18:08:10,818 - root - INFO -  Captura: C:\xampp\htdocs\versiones\automatizaciones\AutoPWST\01TP\report\img  screen：20220824_18_08_10.png
2022-08-24 18:08:15,051 - root - INFO -  Cambia entre pestañas
2022-08-24 18:08:20,153 - root - INFO -  Abre el menu completo
2022-08-24 18:08:33,068 - root - INFO -  Abre la pantalla de Tipos de Politica
2022-08-24 18:08:33,151 - root - INFO -  La pantalla ejecutada es Tipos de Politica
2022-08-24 18:08:36,156 - root - INFO -  Captura: C:\xampp\htdocs\versiones\automatizaciones\AutoPWST\01TP\report\img  screen：20220824_18_08_36.png
2022-08-24 18:08:36,373 - root - INFO -  Se presiona el boton 'Nuevo', para crear un nuevo registro.
2022-08-24 18:08:41,462 - root - INFO -  Se abrio la pantalla para el ingreso de un registro nuevo.
2022-08-24 18:08:41,502 - root - INFO -  El campo 'Codigo' si se encuentra visible.
2022-08-24 18:08:41,541 - root - INFO -  El campo 'Codigo Alternativo' si se encuentra visible.
2022-08-24 18:08:41,581 - root - INFO -  El campo 'Descrición' si se encuentra visible.
2022-08-24 18:08:41,620 - root - INFO -  El campo 'Observaciones' si se encuentra visible.
2022-08-24 18:08:41,695 - root - INFO -  Ingresa el codigo del nuevo registro 
2022-08-24 18:08:44,844 - root - INFO -  Ingresa el codigo alternativo del nuevo registro 
2022-08-24 18:08:48,059 - root - INFO -  Ingresa la descripción del nuevo registro 
2022-08-24 18:08:51,357 - root - INFO -  Ingresa la Observación del nuevo registro 
2022-08-24 18:08:54,359 - root - INFO -  Captura: C:\xampp\htdocs\versiones\automatizaciones\AutoPWST\01TP\report\img  screen：20220824_18_08_54.png
2022-08-24 18:08:54,637 - root - INFO - Se hace el cambio de pestaña para continuar con el registro nuevo
2022-08-24 18:08:57,716 - root - INFO -  Se presiona el boton 'Nuevo', para crear un nuevo registro.
2022-08-24 18:09:02,794 - root - INFO -  El campo 'Tipo Documento' si se encuentra visible.
2022-08-24 18:09:02,833 - root - INFO -  El campo 'Cuenta Contable' si se encuentra visible.
2022-08-24 18:09:02,872 - root - INFO -  El campo 'Centro Costo' si se encuentra visible.
2022-08-24 18:09:34,365 - root - INFO -  Se presiona el boton 'Aceptar', para guardar el registro.
2022-08-24 18:09:39,480 - root - INFO -  Se da clic en el boton Guardar; se debe crear un nuevo registro.
2022-08-24 18:09:44,604 - root - INFO -  Se presiona el boton 'Refrescar', para crear un nuevo registro igual al anterior.
2022-08-24 18:09:49,702 - root - INFO -  Se presiona el boton 'Nuevo', para crear un nuevo registro igual al anterior.
2022-08-24 18:09:54,789 - root - INFO -  Se abrio la pantalla para el ingreso de un registro nuevo.
2022-08-24 18:09:54,832 - root - INFO -  El campo 'Codigo' si se encuentra visible.
2022-08-24 18:09:54,874 - root - INFO -  El campo 'Codigo Alternativo' si se encuentra visible.
2022-08-24 18:09:54,915 - root - INFO -  El campo 'Descrición' si se encuentra visible.
2022-08-24 18:09:54,955 - root - INFO -  El campo 'Observaciones' si se encuentra visible.
2022-08-24 18:09:55,026 - root - INFO -  Ingresa el codigo del nuevo registro 
2022-08-24 18:09:58,183 - root - INFO -  Ingresa el codigo alternativo del nuevo registro 
2022-08-24 18:10:01,422 - root - INFO -  Ingresa la descripción del nuevo registro 
2022-08-24 18:10:04,697 - root - INFO -  Ingresa la Observación del nuevo registro 
2022-08-24 18:10:07,807 - root - INFO -  Se da clic en el boton Guardar; se debe crear un nuevo registro.
2022-08-24 18:10:12,812 - root - INFO -  Captura: C:\xampp\htdocs\versiones\automatizaciones\AutoPWST\01TP\report\img  screen：20220824_18_10_12.png
2022-08-24 18:10:13,043 - root - INFO -  Se presiona el boton 'Cerrar', para cerrar el mensaje de duplicidad de llave primaria
2022-08-24 18:10:16,140 - root - INFO -  Se presiona el boton 'Cerrar', para cerrar la ventana
2022-08-24 18:10:20,250 - root - INFO -  Se presiona el boton 'Refrescar', para crear un nuevo registro igual al anterior.
2022-08-24 18:10:29,886 - root - INFO -  Se da clic en el registro creado, para proceder a modificarlo.
2022-08-24 18:10:33,061 - root - INFO -  Se modifica el contenido del campo Codigo Alternativo
2022-08-24 18:10:36,276 - root - INFO -  Se modifica el contenido del campo Descripcion
2022-08-24 18:10:39,471 - root - INFO -  Ingresa la Observación del nuevo registro 
2022-08-24 18:10:42,479 - root - INFO -  Captura: C:\xampp\htdocs\versiones\automatizaciones\AutoPWST\01TP\report\img  screen：20220824_18_10_42.png
2022-08-24 18:10:42,720 - root - INFO - Se hace el cambio de pestaña para continuar con el registro nuevo
2022-08-24 18:10:52,371 - root - INFO -  Se da clic en el registro creado, para proceder a modificarlo.
2022-08-24 18:11:29,256 - root - INFO -  Se presiona el boton 'Aceptar', para guardar el registro.
2022-08-24 18:11:34,396 - root - INFO -  Se da clic en el boton Guardar; se debe modificar la informacion del registro.
2022-08-24 18:11:39,506 - root - INFO -  Se presiona el boton 'Refrescar', para proceder a eliminar el registro.
2022-08-24 18:11:49,124 - root - INFO -  Se da clic en el registro creado, para proceder a eliminarlo.
2022-08-24 18:11:52,221 - root - INFO -  Se presiona el boton 'Eliminar', para eliminar el registro.
2022-08-24 18:11:57,225 - root - INFO -  Captura: C:\xampp\htdocs\versiones\automatizaciones\AutoPWST\01TP\report\img  screen：20220824_18_11_57.png
2022-08-24 18:11:57,434 - root - INFO -  Se confirma el eliminado del registro
2022-08-24 18:12:02,495 - root - INFO -  Se presiona el boton 'Refrescar', para crear un nuevo registro igual al anterior.
2022-08-24 18:12:07,602 - root - INFO -  Se presiona el boton 'Cerrar', para cerrar la pantalla de Categorias Fiscales.
2022-08-24 18:12:11,898 - root - INFO -  Se cierra chrome
