2022-07-05 08:14:50,615 - root - INFO -  Se abre el chrome
2022-07-05 08:14:56,411 - root - INFO -  Entra a la URL
2022-07-05 08:14:56,536 - root - INFO -  Maximiza la pantalla
2022-07-05 08:14:59,582 - root - INFO -  Cambia al frame
2022-07-05 08:15:02,666 - root - INFO -  Escribe el usuario
2022-07-05 08:15:02,757 - root - INFO -  Escribe la contraseña
2022-07-05 08:15:02,880 - root - INFO -  Se dio clic en el boton ingresar
2022-07-05 08:15:05,281 - root - INFO -  Ejecutar Enterprise
2022-07-05 08:15:09,336 - root - INFO -  Cambia entre pestañas
2022-07-05 08:15:33,213 - root - INFO -  Se presiona el boton 'Cerrar Error', para crear un nuevo registro igual al anterior.
2022-07-05 08:15:36,296 - root - INFO -  Abre el menu completo
2022-07-05 08:15:49,170 - root - INFO -  Abre la pantalla de Tipos de Politica
2022-07-05 08:15:49,208 - root - INFO -  La pantalla ejecutada es Tipos de Politica
2022-07-05 08:15:49,274 - root - INFO -  Se presiona el boton 'Nuevo', para crear un nuevo registro.
2022-07-05 08:15:50,336 - root - INFO -  Se abrio la pantalla para el ingreso de un registro nuevo.
2022-07-05 08:15:50,381 - root - INFO -  El campo 'Codigo' si se encuentra visible.
2022-07-05 08:15:50,442 - root - INFO -  El campo 'Codigo Alternativo' si se encuentra visible.
2022-07-05 08:15:50,482 - root - INFO -  El campo 'Descrición' si se encuentra visible.
2022-07-05 08:15:52,563 - root - INFO -  El campo 'Observaciones' si se encuentra visible.
2022-07-05 08:15:52,736 - root - INFO -  Ingresa el codigo del nuevo registro 
2022-07-05 08:15:55,840 - root - INFO -  Ingresa el codigo alternativo del nuevo registro 
2022-07-05 08:15:59,134 - root - INFO -  Ingresa la descripción del nuevo registro 
2022-07-05 08:16:02,370 - root - INFO -  Ingresa la Observación del nuevo registro 
2022-07-05 08:16:05,448 - root - INFO - Se hace el cambio de pestaña para continuar con el registro nuevo
2022-07-05 08:16:08,522 - root - INFO -  Se presiona el boton 'Nuevo', para crear un nuevo registro.
2022-07-05 08:16:08,560 - root - INFO -  El campo 'Tipo Documento' si se encuentra visible.
2022-07-05 08:16:08,600 - root - INFO -  El campo 'Cuenta Contable' si se encuentra visible.
2022-07-05 08:16:08,638 - root - INFO -  El campo 'Centro Costo' si se encuentra visible.
2022-07-05 08:16:32,302 - root - INFO -  Se presiona el boton 'Aceptar', para guardar el registro.
2022-07-05 08:16:36,371 - root - INFO -  Se da clic en el boton Guardar; se debe crear un nuevo registro.
2022-07-05 08:16:39,436 - root - INFO -  Se presiona el boton 'Refrescar', para crear un nuevo registro igual al anterior.
2022-07-05 08:16:42,509 - root - INFO -  Se presiona el boton 'Nuevo', para crear un nuevo registro igual al anterior.
2022-07-05 08:16:43,567 - root - INFO -  Se abrio la pantalla para el ingreso de un registro nuevo.
2022-07-05 08:16:43,601 - root - INFO -  El campo 'Codigo' si se encuentra visible.
2022-07-05 08:16:43,637 - root - INFO -  El campo 'Codigo Alternativo' si se encuentra visible.
2022-07-05 08:16:43,672 - root - INFO -  El campo 'Descrición' si se encuentra visible.
2022-07-05 08:16:45,719 - root - INFO -  El campo 'Observaciones' si se encuentra visible.
2022-07-05 08:16:45,783 - root - INFO -  Ingresa el codigo del nuevo registro 
2022-07-05 08:16:48,887 - root - INFO -  Ingresa el codigo alternativo del nuevo registro 
2022-07-05 08:16:52,047 - root - INFO -  Ingresa la descripción del nuevo registro 
2022-07-05 08:16:55,246 - root - INFO -  Ingresa la Observación del nuevo registro 
2022-07-05 08:16:58,313 - root - INFO -  Se da clic en el boton Guardar; se debe crear un nuevo registro.
2022-07-05 08:17:01,392 - root - INFO -  Se presiona el boton 'Cerrar', para cerrar el mensaje de duplicidad de llave primaria
2022-07-05 08:17:03,472 - root - INFO -  Se presiona el boton 'Cerrar', para cerrar la ventana
2022-07-05 08:17:07,541 - root - INFO -  Se presiona el boton 'Refrescar', para crear un nuevo registro igual al anterior.
2022-07-05 08:17:15,108 - root - INFO -  Se da clic en el registro creado, para proceder a modificarlo.
2022-07-05 08:17:15,251 - root - INFO -  Se modifica el contenido del campo Codigo Alternativo
2022-07-05 08:17:18,459 - root - INFO -  Se modifica el contenido del campo Descripcion
2022-07-05 08:17:21,621 - root - INFO -  Ingresa la Observación del nuevo registro 
2022-07-05 08:17:24,695 - root - INFO - Se hace el cambio de pestaña para continuar con el registro nuevo
2022-07-05 08:17:34,263 - root - INFO -  Se da clic en el registro creado, para proceder a modificarlo.
2022-07-05 08:18:02,657 - root - INFO -  Se presiona el boton 'Aceptar', para guardar el registro.
2022-07-05 08:18:06,731 - root - INFO -  Se da clic en el boton Guardar; se debe modificar la informacion del registro.
2022-07-05 08:18:09,802 - root - INFO -  Se presiona el boton 'Refrescar', para proceder a eliminar el registro.
2022-07-05 08:18:17,361 - root - INFO -  Se da clic en el registro creado, para proceder a eliminarlo.
2022-07-05 08:18:17,420 - root - INFO -  Se presiona el boton 'Eliminar', para eliminar el registro.
2022-07-05 08:18:18,006 - root - INFO -  Se confirma el eliminado del registro
2022-07-05 08:18:23,065 - root - INFO -  Se presiona el boton 'Refrescar', para crear un nuevo registro igual al anterior.
2022-07-05 08:18:25,137 - root - INFO -  Se presiona el boton 'Cerrar', para cerrar la pantalla de Categorias Fiscales.
2022-07-05 08:18:29,278 - root - INFO -  Se cierra chrome
