2023-01-26 18:38:49,785 - root - INFO -  Se abre el chrome
2023-01-26 18:38:50,646 - root - INFO -  Entra a la URL
2023-01-26 18:38:50,767 - root - INFO -  Maximiza la pantalla
2023-01-26 18:38:53,880 - root - INFO -  Escribe el usuario
2023-01-26 18:38:53,963 - root - INFO -  Escribe la contraseña
2023-01-26 18:38:54,049 - root - INFO -  Se dio clic en el boton ingresar
2023-01-26 18:38:54,767 - root - INFO -  Ejecutar Enterprise
2023-01-26 18:38:58,833 - root - INFO -  Cambia entre pestañas
2023-01-26 18:39:09,524 - root - INFO -  Abre la pantalla de Tipos de Politica
2023-01-26 18:39:10,147 - root - INFO -  La pantalla ejecutada es Tipos de Politica
2023-01-26 18:39:13,149 - root - INFO -  Captura: C:\xampp\htdocs\Versiones\automatizaciones\AutoPWST\01TP\report\img  screen：20230126_18_39_13.png
2023-01-26 18:39:23,999 - root - INFO -  Se presiona el boton 'Nuevo', para crear un nuevo registro.
2023-01-26 18:39:24,626 - root - INFO -  Se abrio la pantalla para el ingreso de un registro nuevo.
2023-01-26 18:39:24,684 - root - INFO -  El campo 'Codigo' si se encuentra visible.
2023-01-26 18:39:24,723 - root - INFO -  El campo 'Codigo Alternativo' si se encuentra visible.
2023-01-26 18:39:24,763 - root - INFO -  El campo 'Descrición' si se encuentra visible.
2023-01-26 18:39:24,803 - root - INFO -  El campo 'Observaciones' si se encuentra visible.
2023-01-26 18:39:24,860 - root - INFO -  Ingresa el codigo del nuevo registro 
2023-01-26 18:39:24,971 - root - INFO -  Ingresa el codigo alternativo del nuevo registro 
2023-01-26 18:39:25,119 - root - INFO -  Ingresa la descripción del nuevo registro 
2023-01-26 18:39:25,311 - root - INFO -  Ingresa la Observación del nuevo registro 
2023-01-26 18:39:26,321 - root - INFO -  Captura: C:\xampp\htdocs\Versiones\automatizaciones\AutoPWST\01TP\report\img  screen：20230126_18_39_26.png
2023-01-26 18:39:26,895 - root - INFO - Se hace el cambio a la pestaña Cuentas Contables para continuar con el registro nuevo
2023-01-26 18:39:27,519 - root - INFO -  Se presiona el boton 'Nuevo', para crear un nuevo registro de Cuentas Contables.
2023-01-26 18:39:27,551 - root - INFO -  El campo 'Tipo Documento' si se encuentra visible.
2023-01-26 18:39:27,597 - root - INFO -  El campo 'Cuenta Contable' si se encuentra visible.
2023-01-26 18:39:27,648 - root - INFO -  El campo 'Centro Costo' si se encuentra visible.
2023-01-26 18:39:28,688 - root - INFO -  Se dió doble click en el regitro de Tipo Documento.
2023-01-26 18:39:29,834 - root - INFO -  Se dió doble click en el regitro de Cuentas Contables.
2023-01-26 18:39:31,006 - root - INFO -  Se dió doble click en el regitro de Centro Costo.
2023-01-26 18:39:31,218 - root - INFO -  Se presiona el boton 'Aceptar', para guardar el registro de cuentas contables.
2023-01-26 18:39:31,474 - root - INFO -  Se da clic en el boton Guardar; se debe crear un nuevo registro.
2023-01-26 18:39:31,728 - root - INFO -  Se presiona el boton 'Refrescar', para crear un nuevo registro igual al anterior.
2023-01-26 18:39:31,939 - root - INFO -  Se presiona el boton 'Nuevo', para crear un nuevo registro igual al anterior.
2023-01-26 18:39:32,529 - root - INFO -  Se abrio la pantalla para el ingreso de un registro nuevo.
2023-01-26 18:39:32,559 - root - INFO -  El campo 'Codigo' si se encuentra visible.
2023-01-26 18:39:32,595 - root - INFO -  El campo 'Codigo Alternativo' si se encuentra visible.
2023-01-26 18:39:32,633 - root - INFO -  El campo 'Descrición' si se encuentra visible.
2023-01-26 18:39:32,663 - root - INFO -  El campo 'Observaciones' si se encuentra visible.
2023-01-26 18:39:32,716 - root - INFO -  Ingresa el codigo del nuevo registro 
2023-01-26 18:39:32,820 - root - INFO -  Ingresa el codigo alternativo del nuevo registro 
2023-01-26 18:39:32,966 - root - INFO -  Ingresa la descripción del nuevo registro 
2023-01-26 18:39:33,172 - root - INFO -  Ingresa la Observación del nuevo registro 
2023-01-26 18:39:33,225 - root - INFO -  Se da clic en el boton Guardar; No se debe crear un nuevo registro.
2023-01-26 18:39:34,227 - root - INFO -  Captura: C:\xampp\htdocs\Versiones\automatizaciones\AutoPWST\01TP\report\img  screen：20230126_18_39_34.png
2023-01-26 18:39:40,241 - root - INFO -  Se presiona el boton 'Cerrar', para cerrar el mensaje de duplicidad de llave primaria
2023-01-26 18:39:41,242 - root - INFO -  Captura: C:\xampp\htdocs\Versiones\automatizaciones\AutoPWST\01TP\report\img  screen：20230126_18_39_41.png
2023-01-26 18:39:41,988 - root - INFO -  Se presiona el boton 'Cerrar', para cerrar el mensaje de duplicidad de llave primaria
2023-01-26 18:39:42,273 - root - INFO -  Se presiona el boton 'Cerrar', para cerrar la ventana
2023-01-26 18:39:42,465 - root - INFO -  Se presiona el boton 'Refrescar', para proceder a modificar el registro.
2023-01-26 18:39:44,181 - root - INFO -  Se da doble click en el registro creado, para proceder a modificarlo.
2023-01-26 18:39:44,834 - root - INFO -  Se modifica el contenido del campo Codigo Alternativo
2023-01-26 18:39:45,015 - root - INFO -  Se modifica el contenido del campo Descripcion
2023-01-26 18:39:45,129 - root - INFO -  Se modifica el contenido del campo Observaciones 
2023-01-26 18:39:46,137 - root - INFO -  Captura: C:\xampp\htdocs\Versiones\automatizaciones\AutoPWST\01TP\report\img  screen：20230126_18_39_46.png
2023-01-26 18:39:46,736 - root - INFO - Se hace el cambio a la pestaña Cuentas COntables para continuar con la Modificación del registro
2023-01-26 18:39:47,901 - root - INFO -  Se da clic en el registro de cuentas contables creado, para proceder a modificarlo.
2023-01-26 18:39:49,748 - root - INFO -  Se dió doble click en el regitro de Tipo Documento.
2023-01-26 18:39:50,912 - root - INFO -  Se dió doble click en el regitro de Cuentas Contables.
2023-01-26 18:39:52,100 - root - INFO -  Se dió doble click en el regitro de Centro Costo.
2023-01-26 18:39:52,355 - root - INFO -  Se presiona el boton 'Aceptar', para guardar la modiiación del registro de Cuentas Contables.
2023-01-26 18:39:52,633 - root - INFO -  Se da clic en el boton Guardar; se debe modificar la informacion del registro.
2023-01-26 18:39:52,909 - root - INFO -  Se presiona el boton 'Refrescar', para proceder a eliminar el registro.
2023-01-26 18:39:59,583 - root - INFO -  Se da clic en el registro creado, para proceder a eliminarlo.
2023-01-26 18:39:59,694 - root - INFO -  Se presiona el boton 'Eliminar', para eliminar el registro.
2023-01-26 18:40:00,696 - root - INFO -  Captura: C:\xampp\htdocs\Versiones\automatizaciones\AutoPWST\01TP\report\img  screen：20230126_18_40_00.png
2023-01-26 18:40:01,262 - root - INFO -  Se confirma el eliminado del registro
2023-01-26 18:40:01,489 - root - INFO -  Se presiona el boton 'Refrescar', para verificar si el registro se elimino.
2023-01-26 18:40:01,693 - root - INFO -  Se presiona el boton 'Cerrar', para cerrar la pantalla de Tipo Politicas.
2023-01-26 18:40:05,908 - root - INFO -  Se cierra chrome
2023-01-26 18:40:38,514 - root - INFO -  Se abre el chrome
2023-01-26 18:40:39,411 - root - INFO -  Entra a la URL
2023-01-26 18:40:39,528 - root - INFO -  Maximiza la pantalla
2023-01-26 18:40:42,628 - root - INFO -  Escribe el usuario
2023-01-26 18:40:42,720 - root - INFO -  Escribe la contraseña
2023-01-26 18:40:42,805 - root - INFO -  Se dio clic en el boton ingresar
2023-01-26 18:40:44,042 - root - INFO -  Ejecutar Enterprise
2023-01-26 18:40:48,103 - root - INFO -  Cambia entre pestañas
2023-01-26 18:40:59,394 - root - INFO -  Abre la pantalla de Tipos de Politica
2023-01-26 18:41:00,027 - root - INFO -  La pantalla ejecutada es Tipos de Politica
2023-01-26 18:41:03,036 - root - INFO -  Captura: C:\xampp\htdocs\Versiones\automatizaciones\AutoPWST\01TP\report\img  screen：20230126_18_41_03.png
2023-01-26 18:41:13,889 - root - INFO -  Se presiona el boton 'Nuevo', para crear un nuevo registro.
2023-01-26 18:41:14,466 - root - INFO -  Se abrio la pantalla para el ingreso de un registro nuevo.
2023-01-26 18:41:14,506 - root - INFO -  El campo 'Codigo' si se encuentra visible.
2023-01-26 18:41:14,536 - root - INFO -  El campo 'Codigo Alternativo' si se encuentra visible.
2023-01-26 18:41:14,576 - root - INFO -  El campo 'Descrición' si se encuentra visible.
2023-01-26 18:41:14,618 - root - INFO -  El campo 'Observaciones' si se encuentra visible.
2023-01-26 18:41:14,681 - root - INFO -  Ingresa el codigo del nuevo registro 
2023-01-26 18:41:14,786 - root - INFO -  Ingresa el codigo alternativo del nuevo registro 
2023-01-26 18:41:14,937 - root - INFO -  Ingresa la descripción del nuevo registro 
2023-01-26 18:41:15,130 - root - INFO -  Ingresa la Observación del nuevo registro 
2023-01-26 18:41:16,132 - root - INFO -  Captura: C:\xampp\htdocs\Versiones\automatizaciones\AutoPWST\01TP\report\img  screen：20230126_18_41_16.png
2023-01-26 18:41:16,725 - root - INFO - Se hace el cambio a la pestaña Cuentas Contables para continuar con el registro nuevo
2023-01-26 18:41:17,374 - root - INFO -  Se presiona el boton 'Nuevo', para crear un nuevo registro de Cuentas Contables.
2023-01-26 18:41:17,422 - root - INFO -  El campo 'Tipo Documento' si se encuentra visible.
2023-01-26 18:41:17,460 - root - INFO -  El campo 'Cuenta Contable' si se encuentra visible.
2023-01-26 18:41:17,500 - root - INFO -  El campo 'Centro Costo' si se encuentra visible.
2023-01-26 18:41:19,113 - root - INFO -  Se dió doble click en el regitro de Tipo Documento.
2023-01-26 18:41:20,284 - root - INFO -  Se dió doble click en el regitro de Cuentas Contables.
2023-01-26 18:41:21,465 - root - INFO -  Se dió doble click en el regitro de Centro Costo.
2023-01-26 18:41:21,783 - root - INFO -  Se presiona el boton 'Aceptar', para guardar el registro de cuentas contables.
2023-01-26 18:41:22,152 - root - INFO -  Se da clic en el boton Guardar; se debe crear un nuevo registro.
2023-01-26 18:41:22,633 - root - INFO -  Se presiona el boton 'Refrescar', para crear un nuevo registro igual al anterior.
2023-01-26 18:41:22,955 - root - INFO -  Se presiona el boton 'Nuevo', para crear un nuevo registro igual al anterior.
2023-01-26 18:41:23,569 - root - INFO -  Se abrio la pantalla para el ingreso de un registro nuevo.
2023-01-26 18:41:23,602 - root - INFO -  El campo 'Codigo' si se encuentra visible.
2023-01-26 18:41:23,645 - root - INFO -  El campo 'Codigo Alternativo' si se encuentra visible.
2023-01-26 18:41:23,674 - root - INFO -  El campo 'Descrición' si se encuentra visible.
2023-01-26 18:41:23,704 - root - INFO -  El campo 'Observaciones' si se encuentra visible.
2023-01-26 18:41:23,755 - root - INFO -  Ingresa el codigo del nuevo registro 
2023-01-26 18:41:23,849 - root - INFO -  Ingresa el codigo alternativo del nuevo registro 
2023-01-26 18:41:24,006 - root - INFO -  Ingresa la descripción del nuevo registro 
2023-01-26 18:41:24,194 - root - INFO -  Ingresa la Observación del nuevo registro 
2023-01-26 18:41:24,245 - root - INFO -  Se da clic en el boton Guardar; No se debe crear un nuevo registro.
2023-01-26 18:41:25,249 - root - INFO -  Captura: C:\xampp\htdocs\Versiones\automatizaciones\AutoPWST\01TP\report\img  screen：20230126_18_41_25.png
2023-01-26 18:41:31,311 - root - INFO -  Se presiona el boton 'Cerrar', para cerrar el mensaje de duplicidad de llave primaria
2023-01-26 18:41:32,312 - root - INFO -  Captura: C:\xampp\htdocs\Versiones\automatizaciones\AutoPWST\01TP\report\img  screen：20230126_18_41_32.png
2023-01-26 18:41:33,068 - root - INFO -  Se presiona el boton 'Cerrar', para cerrar el mensaje de duplicidad de llave primaria
2023-01-26 18:41:33,216 - root - INFO -  Se presiona el boton 'Cerrar', para cerrar la ventana
2023-01-26 18:41:33,380 - root - INFO -  Se presiona el boton 'Refrescar', para proceder a modificar el registro.
2023-01-26 18:41:35,103 - root - INFO -  Se da doble click en el registro creado, para proceder a modificarlo.
2023-01-26 18:41:35,814 - root - INFO -  Se modifica el contenido del campo Codigo Alternativo
2023-01-26 18:41:35,989 - root - INFO -  Se modifica el contenido del campo Descripcion
2023-01-26 18:41:36,115 - root - INFO -  Se modifica el contenido del campo Observaciones 
2023-01-26 18:41:37,116 - root - INFO -  Captura: C:\xampp\htdocs\Versiones\automatizaciones\AutoPWST\01TP\report\img  screen：20230126_18_41_37.png
2023-01-26 18:41:37,793 - root - INFO - Se hace el cambio a la pestaña Cuentas COntables para continuar con la Modificación del registro
2023-01-26 18:41:38,992 - root - INFO -  Se da clic en el registro de cuentas contables creado, para proceder a modificarlo.
2023-01-26 18:41:40,888 - root - INFO -  Se dió doble click en el regitro de Tipo Documento.
2023-01-26 18:41:42,128 - root - INFO -  Se dió doble click en el regitro de Cuentas Contables.
2023-01-26 18:41:43,299 - root - INFO -  Se dió doble click en el regitro de Centro Costo.
2023-01-26 18:41:43,605 - root - INFO -  Se presiona el boton 'Aceptar', para guardar la modiiación del registro de Cuentas Contables.
2023-01-26 18:41:43,879 - root - INFO -  Se da clic en el boton Guardar; se debe modificar la informacion del registro.
2023-01-26 18:41:44,162 - root - INFO -  Se presiona el boton 'Refrescar', para proceder a eliminar el registro.
2023-01-26 18:41:50,872 - root - INFO -  Se da clic en el registro creado, para proceder a eliminarlo.
2023-01-26 18:41:50,992 - root - INFO -  Se presiona el boton 'Eliminar', para eliminar el registro.
2023-01-26 18:41:51,993 - root - INFO -  Captura: C:\xampp\htdocs\Versiones\automatizaciones\AutoPWST\01TP\report\img  screen：20230126_18_41_51.png
2023-01-26 18:41:52,588 - root - INFO -  Se confirma el eliminado del registro
2023-01-26 18:41:52,841 - root - INFO -  Se presiona el boton 'Refrescar', para verificar si el registro se elimino.
2023-01-26 18:41:52,992 - root - INFO -  Se presiona el boton 'Cerrar', para cerrar la pantalla de Tipo Politicas.
2023-01-26 18:41:57,232 - root - INFO -  Se cierra chrome
