2022-09-28 14:34:48,868 - root - INFO -  Se abre el chrome
2022-09-28 14:34:50,358 - root - INFO -  Entra a la URL
2022-09-28 14:34:50,485 - root - INFO -  Maximiza la pantalla
2022-09-28 14:34:53,519 - root - INFO -  Cambia al frame
2022-09-28 14:34:56,609 - root - INFO -  Escribe el usuario
2022-09-28 14:34:56,710 - root - INFO -  Escribe la contraseña
2022-09-28 14:34:56,824 - root - INFO -  Se dio clic en el boton ingresar
2022-09-28 14:34:57,723 - root - INFO -  Ejecutar Enterprise
2022-09-28 14:35:01,832 - root - INFO -  Cambia entre pestañas
2022-09-28 14:35:25,142 - root - ERROR - La pantalla ejecutada no es correcta, validar que la acción anterior haya finalizado, que el xpath sea el correcto o que la página no presente lentitud
2022-09-28 14:35:28,142 - root - INFO -  Captura: C:\xampp\htdocs\Versiones\automatizaciones\AutoPWST\02PSCH\report\img  screen：20220928_14_35_28.png
2022-09-28 14:35:28,504 - root - ERROR - No se dió click en el botón Refrescar, validar que la acción anterior haya finalizado, que el xpath sea el correcto o que la página no presente lentitud
2022-09-28 14:35:31,504 - root - INFO -  Captura: C:\xampp\htdocs\Versiones\automatizaciones\AutoPWST\02PSCH\report\img  screen：20220928_14_35_31.png
2022-09-28 14:35:31,514 - root - ERROR - No se dió click en el botón Refrescar, validar que la acción anterior haya finalizado, que el xpath sea el correcto o que la página no presente lentitud
2022-09-28 14:35:34,514 - root - INFO -  Captura: C:\xampp\htdocs\Versiones\automatizaciones\AutoPWST\02PSCH\report\img  screen：20220928_14_35_34.png
2022-09-28 14:35:34,524 - root - ERROR - No se dió click en el botón Refrescar, validar que la acción anterior haya finalizado, que el xpath sea el correcto o que la página no presente lentitud
2022-09-28 14:35:37,524 - root - INFO -  Captura: C:\xampp\htdocs\Versiones\automatizaciones\AutoPWST\02PSCH\report\img  screen：20220928_14_35_37.png
2022-09-28 14:39:27,037 - root - INFO -  Se abre el chrome
2022-09-28 14:39:28,382 - root - INFO -  Entra a la URL
2022-09-28 14:39:28,525 - root - INFO -  Maximiza la pantalla
2022-09-28 14:39:31,569 - root - INFO -  Cambia al frame
2022-09-28 14:39:34,670 - root - INFO -  Escribe el usuario
2022-09-28 14:39:34,769 - root - INFO -  Escribe la contraseña
2022-09-28 14:39:34,928 - root - INFO -  Se dio clic en el boton ingresar
2022-09-28 14:39:35,704 - root - INFO -  Ejecutar Enterprise
2022-09-28 14:39:39,790 - root - INFO -  Cambia entre pestañas
2022-09-28 14:40:03,011 - root - ERROR - La pantalla ejecutada no es correcta, validar que la acción anterior haya finalizado, que el xpath sea el correcto o que la página no presente lentitud
2022-09-28 14:40:06,011 - root - INFO -  Captura: C:\xampp\htdocs\Versiones\automatizaciones\AutoPWST\02PSCH\report\img  screen：20220928_14_40_06.png
2022-09-28 14:40:06,440 - root - ERROR - No se dió click en el botón Refrescar, validar que la acción anterior haya finalizado, que el xpath sea el correcto o que la página no presente lentitud
2022-09-28 14:40:09,440 - root - INFO -  Captura: C:\xampp\htdocs\Versiones\automatizaciones\AutoPWST\02PSCH\report\img  screen：20220928_14_40_09.png
2022-09-28 14:40:09,450 - root - ERROR - No se dió click en el botón Refrescar, validar que la acción anterior haya finalizado, que el xpath sea el correcto o que la página no presente lentitud
2022-09-28 14:40:12,450 - root - INFO -  Captura: C:\xampp\htdocs\Versiones\automatizaciones\AutoPWST\02PSCH\report\img  screen：20220928_14_40_12.png
2022-09-28 14:40:12,460 - root - ERROR - No se dió click en el botón Refrescar, validar que la acción anterior haya finalizado, que el xpath sea el correcto o que la página no presente lentitud
2022-09-28 14:40:15,460 - root - INFO -  Captura: C:\xampp\htdocs\Versiones\automatizaciones\AutoPWST\02PSCH\report\img  screen：20220928_14_40_15.png
