2022-12-26 17:06:29,056 - root - INFO -  Se abre el chrome
2022-12-26 17:06:30,930 - root - INFO -  Entra a la URL
2022-12-26 17:06:31,124 - root - INFO -  Maximiza la pantalla
2022-12-26 17:06:34,339 - root - INFO -  Escribe el usuario
2022-12-26 17:06:34,528 - root - INFO -  Escribe la contraseña
2022-12-26 17:06:34,709 - root - INFO -  Se dio clic en el boton ingresar
2022-12-26 17:06:36,078 - root - INFO -  Ejecutar Enterprise
2022-12-26 17:06:40,197 - root - INFO -  Cambia entre pestañas
2022-12-26 17:06:44,844 - root - INFO -  Abre la pantalla de Programas
2022-12-26 17:06:45,747 - root - INFO -  La pantalla ejecutada es Programas.
2022-12-26 17:06:45,749 - root - INFO -  Captura: C:\xampp\htdocs\Versiones\automatizaciones\AutoPWST\02PSCH\report\img  screen：20221226_17_06_45.png
2022-12-26 17:06:46,162 - root - INFO -  Se presiona el boton 'Nuevo', para crear un nuevo registro.
2022-12-26 17:06:46,891 - root - INFO -  Se abrio la pantalla para el ingreso de un registro nuevo.
2022-12-26 17:06:47,003 - root - INFO -  El campo 'Código' si se encuentra visible.
2022-12-26 17:06:47,101 - root - INFO -  El campo 'Descripción' si se encuentra visible.
2022-12-26 17:06:47,174 - root - INFO -  El campo 'Query Variables' si se encuentra visible.
2022-12-26 17:06:47,280 - root - INFO -  El campo 'Comprimir' si se encuentra visible.
2022-12-26 17:06:47,419 - root - INFO -  El campo 'Usuario' si se encuentra visible.
2022-12-26 17:06:47,584 - root - INFO -  El campo 'Password' si se encuentra visible.
2022-12-26 17:06:47,657 - root - INFO -  El campo 'Activa' si se encuentra visible.
2022-12-26 17:06:47,741 - root - INFO -  El campo 'Ejecutar' si se encuentra visible.
2022-12-26 17:06:47,918 - root - INFO -  Ingresa el Codigo del nuevo registro 
2022-12-26 17:06:48,159 - root - INFO -  Ingresa la Descripcion del nuevo registro 
2022-12-26 17:06:48,429 - root - INFO -  Ingresa los Query Variables del nuevo registro 
2022-12-26 17:06:49,709 - root - INFO -  Se dió doble click en el registro de Usuario.
2022-12-26 17:06:50,044 - root - INFO -  Ingresa el Password del nuevo registro 
2022-12-26 17:06:50,230 - root - INFO -  Se dió click en el checkbox Activa.
2022-12-26 17:06:50,232 - root - INFO -  Captura: C:\xampp\htdocs\Versiones\automatizaciones\AutoPWST\02PSCH\report\img  screen：20221226_17_06_50.png
2022-12-26 17:06:50,990 - root - INFO -  Se dió click en la opción Interface.
2022-12-26 17:06:51,369 - root - INFO -  Ingresa el Nombre Salida del nuevo registro 
2022-12-26 17:06:51,591 - root - INFO -  Se cambia a la Pestaña Interfaces para continuar con el nuevo registro.
2022-12-26 17:06:52,202 - root - INFO -  El campo 'Sistema' si se encuentra visible.
2022-12-26 17:06:52,285 - root - INFO -  El campo 'Interface' si se encuentra visible.
2022-12-26 17:06:53,328 - root - INFO -  Se dió doble click en el registro de Sistema.
2022-12-26 17:06:54,526 - root - INFO -  Se dió doble click en el registro de Interface.
2022-12-26 17:06:54,903 - root - INFO -  Se da clic en el boton Guardar; se debe crear un nuevo registro.
2022-12-26 17:06:55,161 - root - INFO -  Se presiona el boton 'Refrescar', para crear un nuevo registro igual al anterior.
2022-12-26 17:06:57,236 - root - INFO -  Se presiona el boton 'Nuevo', para crear un nuevo registro igual al anterior.
2022-12-26 17:06:57,797 - root - INFO -  Se abrio la pantalla para el ingreso de un registro nuevo.
2022-12-26 17:06:57,844 - root - INFO -  El campo 'Código' si se encuentra visible.
2022-12-26 17:06:57,889 - root - INFO -  El campo 'Descripción' si se encuentra visible.
2022-12-26 17:06:57,936 - root - INFO -  El campo 'Query Variables' si se encuentra visible.
2022-12-26 17:06:57,981 - root - INFO -  El campo 'Comprimir' si se encuentra visible.
2022-12-26 17:06:58,027 - root - INFO -  El campo 'Usuario' si se encuentra visible.
2022-12-26 17:06:58,076 - root - INFO -  El campo 'Password' si se encuentra visible.
2022-12-26 17:06:58,120 - root - INFO -  El campo 'Activa' si se encuentra visible.
2022-12-26 17:06:58,168 - root - INFO -  El campo 'Ejecutar' si se encuentra visible.
2022-12-26 17:06:58,262 - root - INFO -  Ingresa el Codigo del nuevo registro 
2022-12-26 17:06:58,429 - root - INFO -  Ingresa la Descripcion del nuevo registro 
2022-12-26 17:06:58,609 - root - INFO -  Ingresa los Query Variables del nuevo registro 
2022-12-26 17:06:59,615 - root - INFO -  Se dió doble click en el registro de Usuario.
2022-12-26 17:06:59,842 - root - INFO -  Ingresa el Password del nuevo registro 
2022-12-26 17:06:59,982 - root - INFO -  Se dió click en el checkbox Activa.
2022-12-26 17:07:00,473 - root - INFO -  Se dió click en la opción Interface.
2022-12-26 17:07:00,730 - root - INFO -  Ingresa el Nombre Salida del nuevo registro 
2022-12-26 17:07:00,947 - root - INFO -  Se da clic en el boton Guardar; se debe crear un nuevo registro.
2022-12-26 17:07:00,948 - root - INFO -  Captura: C:\xampp\htdocs\Versiones\automatizaciones\AutoPWST\02PSCH\report\img  screen：20221226_17_07_00.png
2022-12-26 17:07:04,343 - root - INFO -  Se presiona el boton 'Cerrar', para cerrar el mensaje de duplicidad de llave primaria
2022-12-26 17:07:04,490 - root - INFO -  Se presiona el boton 'Cerrar', para cerrar la ventana
2022-12-26 17:07:04,654 - root - INFO -  Se presiona el boton 'Refrescar', para proceder a modificar el registro.
2022-12-26 17:07:07,256 - root - INFO -  Se da clic en el registro creado, para proceder a modificarlo.
2022-12-26 17:07:07,993 - root - INFO -  Se modifica el contenido del campo Descripción 
2022-12-26 17:07:08,202 - root - INFO -  Se modifica el contenido del campo Query Variables 
2022-12-26 17:07:08,307 - root - INFO -  Se dió click en el checkbox Comprimir.
2022-12-26 17:07:09,580 - root - INFO -  Se dió doble click en el registro de usuario.
2022-12-26 17:07:09,918 - root - INFO -  Se modifica el contenido del campo Password 
2022-12-26 17:07:10,024 - root - INFO -  Se dió click en el checkbox Activa.
2022-12-26 17:07:10,025 - root - INFO -  Captura: C:\xampp\htdocs\Versiones\automatizaciones\AutoPWST\02PSCH\report\img  screen：20221226_17_07_10.png
2022-12-26 17:07:10,590 - root - INFO -  Se dió click en la opción Interface.
2022-12-26 17:07:10,816 - root - INFO -  Se modifica el contenido del campo Nombre Salida 
2022-12-26 17:07:10,917 - root - INFO -  Se cambia a la pestaña Interfaces para continuar con la modificación del registro.
2022-12-26 17:07:12,416 - root - INFO -  Se dió doble click en el registro de Sistema.
2022-12-26 17:07:13,656 - root - INFO -  Se dió doble click en el registro de Interface.
2022-12-26 17:07:13,958 - root - INFO -  Se da clic en el boton Guardar; se debe modificar la informacion del registro.
2022-12-26 17:07:14,259 - root - INFO -  Se presiona el boton 'Refrescar', para proceder a eliminar el registro.
2022-12-26 17:07:16,840 - root - INFO -  Se da clic en el registro creado, para proceder a eliminarlo.
2022-12-26 17:07:16,985 - root - INFO -  Se presiona el boton 'Eliminar', para eliminar el registro.
2022-12-26 17:07:16,986 - root - INFO -  Captura: C:\xampp\htdocs\Versiones\automatizaciones\AutoPWST\02PSCH\report\img  screen：20221226_17_07_16.png
2022-12-26 17:07:20,175 - root - INFO -  Captura: C:\xampp\htdocs\Versiones\automatizaciones\AutoPWST\02PSCH\report\img  screen：20221226_17_07_20.png
2022-12-26 17:07:20,451 - root - INFO -  Se confirma el eliminado del registro
2022-12-26 17:07:20,807 - root - INFO -  Se presiona el boton 'Refrescar', para verificar si el registro ha sido eliminado
2022-12-26 17:07:22,900 - root - INFO -  Se presiona el boton 'Cerrar', para cerrar la pantalla de Programas Scheduler.
2022-12-26 17:07:27,515 - root - INFO -  Se cierra chrome
