2023-04-24 14:01:13,449 - root - INFO -  Se abre el chrome
2023-04-24 14:01:14,641 - root - INFO -  Entra a la URL
2023-04-24 14:01:14,774 - root - INFO -  Maximiza la pantalla
2023-04-24 14:01:17,900 - root - INFO -  Escribe el usuario
2023-04-24 14:01:18,012 - root - INFO -  Escribe la contraseña
2023-04-24 14:01:18,106 - root - INFO -  Se dio clic en el boton ingresar
2023-04-24 14:01:19,853 - root - INFO -  Ejecutar Enterprise
2023-04-24 14:01:23,968 - root - INFO -  Cambia entre pestañas
2023-04-24 14:02:36,792 - root - INFO - Se ingreso a la pantalla mediante el buscador porque fallo el ingreso por menus
2023-04-24 14:02:36,803 - root - INFO -  La función buscador funciona de manera correcta.
2023-04-24 14:02:37,368 - root - INFO -  La pantalla ejecutada es Programas.
2023-04-24 14:02:37,368 - root - INFO -  Captura: C:\xampp\htdocs\versiones\automatizaciones\AutoPWST\02PSCH\report\img  screen：20230424_14_02_37.png
2023-04-24 14:02:47,722 - root - INFO -  Se presiona el boton 'Nuevo', para crear un nuevo registro.
2023-04-24 14:02:48,296 - root - INFO -  Se abrio la pantalla para el ingreso de un registro nuevo.
2023-04-24 14:02:48,335 - root - INFO -  El campo 'Código' si se encuentra visible.
2023-04-24 14:02:48,396 - root - INFO -  El campo 'Descripción' si se encuentra visible.
2023-04-24 14:02:48,465 - root - INFO -  El campo 'Query Variables' si se encuentra visible.
2023-04-24 14:02:48,528 - root - INFO -  El campo 'Comprimir' si se encuentra visible.
2023-04-24 14:02:48,567 - root - INFO -  El campo 'Usuario' si se encuentra visible.
2023-04-24 14:02:48,599 - root - INFO -  El campo 'Password' si se encuentra visible.
2023-04-24 14:02:48,631 - root - INFO -  El campo 'Activa' si se encuentra visible.
2023-04-24 14:02:48,665 - root - INFO -  El campo 'Ejecutar' si se encuentra visible.
2023-04-24 14:02:48,730 - root - INFO -  Ingresa el Codigo del nuevo registro 
2023-04-24 14:02:48,839 - root - INFO -  Ingresa la Descripcion del nuevo registro 
2023-04-24 14:02:48,955 - root - INFO -  Ingresa los Query Variables del nuevo registro 
2023-04-24 14:02:49,875 - root - INFO -  Se dió doble click en el registro de Usuario.
2023-04-24 14:02:50,026 - root - INFO -  Ingresa el Password del nuevo registro 
2023-04-24 14:02:50,095 - root - INFO -  Se dió click en el checkbox Activa.
2023-04-24 14:02:50,096 - root - INFO -  Captura: C:\xampp\htdocs\versiones\automatizaciones\AutoPWST\02PSCH\report\img  screen：20230424_14_02_50.png
2023-04-24 14:02:50,572 - root - INFO -  Se dió click en la opción Interface.
2023-04-24 14:02:50,716 - root - INFO -  Ingresa el Nombre Salida del nuevo registro 
2023-04-24 14:02:50,795 - root - INFO -  Se cambia a la Pestaña Interfaces para continuar con el nuevo registro.
2023-04-24 14:02:51,344 - root - INFO -  El campo 'Sistema' si se encuentra visible.
2023-04-24 14:02:51,381 - root - INFO -  El campo 'Interface' si se encuentra visible.
2023-04-24 14:02:52,275 - root - INFO -  Se dió doble click en el registro de Sistema.
2023-04-24 14:02:53,296 - root - INFO -  Se dió doble click en el registro de Interface.
2023-04-24 14:02:53,461 - root - INFO -  Se da clic en el boton Guardar; se debe crear un nuevo registro.
2023-04-24 14:02:53,670 - root - INFO -  Se presiona el boton 'Refrescar', para crear un nuevo registro igual al anterior.
2023-04-24 14:02:53,854 - root - INFO -  Se presiona el boton 'Nuevo', para crear un nuevo registro igual al anterior.
2023-04-24 14:02:54,395 - root - INFO -  Se abrio la pantalla para el ingreso de un registro nuevo.
2023-04-24 14:02:54,429 - root - INFO -  El campo 'Código' si se encuentra visible.
2023-04-24 14:02:54,462 - root - INFO -  El campo 'Descripción' si se encuentra visible.
2023-04-24 14:02:54,504 - root - INFO -  El campo 'Query Variables' si se encuentra visible.
2023-04-24 14:02:54,538 - root - INFO -  El campo 'Comprimir' si se encuentra visible.
2023-04-24 14:02:54,573 - root - INFO -  El campo 'Usuario' si se encuentra visible.
2023-04-24 14:02:54,604 - root - INFO -  El campo 'Password' si se encuentra visible.
2023-04-24 14:02:54,636 - root - INFO -  El campo 'Activa' si se encuentra visible.
2023-04-24 14:02:54,668 - root - INFO -  El campo 'Ejecutar' si se encuentra visible.
2023-04-24 14:02:54,735 - root - INFO -  Ingresa el Codigo del nuevo registro 
2023-04-24 14:02:54,853 - root - INFO -  Ingresa la Descripcion del nuevo registro 
2023-04-24 14:02:54,961 - root - INFO -  Ingresa los Query Variables del nuevo registro 
2023-04-24 14:02:55,856 - root - INFO -  Se dió doble click en el registro de Usuario.
2023-04-24 14:02:56,030 - root - INFO -  Ingresa el Password del nuevo registro 
2023-04-24 14:02:56,093 - root - INFO -  Se dió click en el checkbox Activa.
2023-04-24 14:02:56,449 - root - INFO -  Se dió click en la opción Interface.
2023-04-24 14:02:56,590 - root - INFO -  Ingresa el Nombre Salida del nuevo registro 
2023-04-24 14:02:56,648 - root - INFO -  Se da clic en el boton Guardar; se debe crear un nuevo registro.
2023-04-24 14:02:57,650 - root - INFO -  Captura: C:\xampp\htdocs\versiones\automatizaciones\AutoPWST\02PSCH\report\img  screen：20230424_14_02_57.png
2023-04-24 14:03:02,978 - root - INFO -  Se presiona el boton 'Cerrar', para cerrar el mensaje de duplicidad de llave primaria
2023-04-24 14:03:03,979 - root - INFO -  Captura: C:\xampp\htdocs\versiones\automatizaciones\AutoPWST\02PSCH\report\img  screen：20230424_14_03_03.png
2023-04-24 14:03:04,186 - root - INFO -  Se presiona el boton 'Cerrar', para cerrar el mensaje de duplicidad de llave primaria
2023-04-24 14:03:04,259 - root - INFO -  Se presiona el boton 'Cerrar', para cerrar la ventana
2023-04-24 14:03:04,363 - root - INFO -  Se presiona el boton 'Refrescar', para proceder a modificar el registro.
2023-04-24 14:03:05,983 - root - INFO -  Se da clic en el registro creado, para proceder a modificarlo.
2023-04-24 14:03:06,707 - root - INFO -  Se modifica el contenido del campo Descripción 
2023-04-24 14:03:06,853 - root - INFO -  Se modifica el contenido del campo Query Variables 
2023-04-24 14:03:06,925 - root - INFO -  Se dió click en el checkbox Comprimir.
2023-04-24 14:03:08,074 - root - INFO -  Se dió doble click en el registro de usuario.
2023-04-24 14:03:08,272 - root - INFO -  Se modifica el contenido del campo Password 
2023-04-24 14:03:08,446 - root - INFO -  Se dió click en el checkbox Activa.
2023-04-24 14:03:08,803 - root - INFO -  Se dió click en la opción Interface.
2023-04-24 14:03:08,971 - root - INFO -  Se modifica el contenido del campo Nombre Salida 
2023-04-24 14:03:09,030 - root - INFO -  Se cambia a la pestaña Interfaces para continuar con la modificación del registro.
2023-04-24 14:03:10,450 - root - INFO -  Se dió doble click en el registro de Sistema.
2023-04-24 14:03:11,539 - root - INFO -  Se dió doble click en el registro de Interface.
2023-04-24 14:03:11,711 - root - INFO -  Se da clic en el boton Guardar; se debe modificar la informacion del registro.
2023-04-24 14:03:12,007 - root - INFO -  Se presiona el boton 'Refrescar', para proceder a eliminar el registro.
2023-04-24 14:03:13,588 - root - INFO -  Se da clic en el registro creado, para proceder a eliminarlo.
2023-04-24 14:03:13,665 - root - INFO -  Se presiona el boton 'Eliminar', para eliminar el registro.
2023-04-24 14:03:15,667 - root - INFO -  Captura: C:\xampp\htdocs\versiones\automatizaciones\AutoPWST\02PSCH\report\img  screen：20230424_14_03_15.png
2023-04-24 14:03:15,831 - root - INFO -  Se confirma el eliminado del registro
2023-04-24 14:03:16,034 - root - INFO -  Se presiona el boton 'Refrescar', para verificar si el registro ha sido eliminado
2023-04-24 14:03:18,099 - root - INFO -  Se presiona el boton 'Cerrar', para cerrar la pantalla de Programas Scheduler.
2023-04-24 14:03:24,639 - root - INFO -  Se cierra chrome
