2023-01-11 09:53:22,179 - root - INFO -  Se abre el chrome
2023-01-11 09:53:23,155 - root - INFO -  Entra a la URL
2023-01-11 09:53:23,453 - root - INFO -  Maximiza la pantalla
2023-01-11 09:53:26,601 - root - INFO -  Escribe el usuario
2023-01-11 09:53:26,803 - root - INFO -  Escribe la contraseña
2023-01-11 09:53:26,957 - root - INFO -  Se dio clic en el boton ingresar
2023-01-11 09:53:27,771 - root - INFO -  Ejecutar Enterprise
2023-01-11 09:53:31,905 - root - INFO -  Cambia entre pestañas
2023-01-11 09:53:44,773 - root - INFO -  Abre la pantalla de Programas
2023-01-11 09:53:45,356 - root - INFO -  La pantalla ejecutada es Programas.
2023-01-11 09:53:45,357 - root - INFO -  Captura: C:\xampp\htdocs\Versiones\automatizaciones\AutoPWST\02PSCH\report\img  screen：20230111_09_53_45.png
2023-01-11 09:53:56,505 - root - INFO -  Se presiona el boton 'Nuevo', para crear un nuevo registro.
2023-01-11 09:53:58,111 - root - INFO -  Se abrio la pantalla para el ingreso de un registro nuevo.
2023-01-11 09:53:58,164 - root - INFO -  El campo 'Código' si se encuentra visible.
2023-01-11 09:53:58,219 - root - INFO -  El campo 'Descripción' si se encuentra visible.
2023-01-11 09:53:58,272 - root - INFO -  El campo 'Query Variables' si se encuentra visible.
2023-01-11 09:53:58,323 - root - INFO -  El campo 'Comprimir' si se encuentra visible.
2023-01-11 09:53:58,369 - root - INFO -  El campo 'Usuario' si se encuentra visible.
2023-01-11 09:53:58,414 - root - INFO -  El campo 'Password' si se encuentra visible.
2023-01-11 09:53:58,457 - root - INFO -  El campo 'Activa' si se encuentra visible.
2023-01-11 09:53:58,498 - root - INFO -  El campo 'Ejecutar' si se encuentra visible.
2023-01-11 09:53:58,580 - root - INFO -  Ingresa el Codigo del nuevo registro 
2023-01-11 09:53:58,689 - root - INFO -  Ingresa la Descripcion del nuevo registro 
2023-01-11 09:53:58,802 - root - INFO -  Ingresa los Query Variables del nuevo registro 
2023-01-11 09:53:59,971 - root - INFO -  Se dió doble click en el registro de Usuario.
2023-01-11 09:54:00,298 - root - INFO -  Ingresa el Password del nuevo registro 
2023-01-11 09:54:00,385 - root - INFO -  Se dió click en el checkbox Activa.
2023-01-11 09:54:00,386 - root - INFO -  Captura: C:\xampp\htdocs\Versiones\automatizaciones\AutoPWST\02PSCH\report\img  screen：20230111_09_54_00.png
2023-01-11 09:54:01,750 - root - INFO -  Se dió click en la opción Interface.
2023-01-11 09:54:02,034 - root - INFO -  Ingresa el Nombre Salida del nuevo registro 
2023-01-11 09:54:02,191 - root - INFO -  Se cambia a la Pestaña Interfaces para continuar con el nuevo registro.
2023-01-11 09:54:02,773 - root - INFO -  El campo 'Sistema' si se encuentra visible.
2023-01-11 09:54:02,826 - root - INFO -  El campo 'Interface' si se encuentra visible.
2023-01-11 09:54:03,880 - root - INFO -  Se dió doble click en el registro de Sistema.
2023-01-11 09:54:05,139 - root - INFO -  Se dió doble click en el registro de Interface.
2023-01-11 09:54:05,502 - root - INFO -  Se da clic en el boton Guardar; se debe crear un nuevo registro.
2023-01-11 09:54:05,843 - root - INFO -  Se presiona el boton 'Refrescar', para crear un nuevo registro igual al anterior.
2023-01-11 09:54:06,200 - root - INFO -  Se presiona el boton 'Nuevo', para crear un nuevo registro igual al anterior.
2023-01-11 09:54:06,777 - root - INFO -  Se abrio la pantalla para el ingreso de un registro nuevo.
2023-01-11 09:54:06,818 - root - INFO -  El campo 'Código' si se encuentra visible.
2023-01-11 09:54:06,863 - root - INFO -  El campo 'Descripción' si se encuentra visible.
2023-01-11 09:54:06,904 - root - INFO -  El campo 'Query Variables' si se encuentra visible.
2023-01-11 09:54:06,952 - root - INFO -  El campo 'Comprimir' si se encuentra visible.
2023-01-11 09:54:06,990 - root - INFO -  El campo 'Usuario' si se encuentra visible.
2023-01-11 09:54:07,030 - root - INFO -  El campo 'Password' si se encuentra visible.
2023-01-11 09:54:07,080 - root - INFO -  El campo 'Activa' si se encuentra visible.
2023-01-11 09:54:07,124 - root - INFO -  El campo 'Ejecutar' si se encuentra visible.
2023-01-11 09:54:07,199 - root - INFO -  Ingresa el Codigo del nuevo registro 
2023-01-11 09:54:07,331 - root - INFO -  Ingresa la Descripcion del nuevo registro 
2023-01-11 09:54:07,474 - root - INFO -  Ingresa los Query Variables del nuevo registro 
2023-01-11 09:54:08,568 - root - INFO -  Se dió doble click en el registro de Usuario.
2023-01-11 09:54:08,845 - root - INFO -  Ingresa el Password del nuevo registro 
2023-01-11 09:54:08,986 - root - INFO -  Se dió click en el checkbox Activa.
2023-01-11 09:54:09,466 - root - INFO -  Se dió click en la opción Interface.
2023-01-11 09:54:09,679 - root - INFO -  Ingresa el Nombre Salida del nuevo registro 
2023-01-11 09:54:09,774 - root - INFO -  Se da clic en el boton Guardar; se debe crear un nuevo registro.
2023-01-11 09:54:10,776 - root - INFO -  Captura: C:\xampp\htdocs\Versiones\automatizaciones\AutoPWST\02PSCH\report\img  screen：20230111_09_54_10.png
2023-01-11 09:54:16,807 - root - INFO -  Se presiona el boton 'Cerrar', para cerrar el mensaje de duplicidad de llave primaria
2023-01-11 09:54:17,810 - root - INFO -  Captura: C:\xampp\htdocs\Versiones\automatizaciones\AutoPWST\02PSCH\report\img  screen：20230111_09_54_17.png
2023-01-11 09:54:18,984 - root - INFO -  Se presiona el boton 'Cerrar', para cerrar el mensaje de duplicidad de llave primaria
2023-01-11 09:54:19,164 - root - INFO -  Se presiona el boton 'Cerrar', para cerrar la ventana
2023-01-11 09:54:19,341 - root - INFO -  Se presiona el boton 'Refrescar', para proceder a modificar el registro.
2023-01-11 09:54:20,983 - root - INFO -  Se da clic en el registro creado, para proceder a modificarlo.
2023-01-11 09:54:21,700 - root - INFO -  Se modifica el contenido del campo Descripción 
2023-01-11 09:54:21,912 - root - INFO -  Se modifica el contenido del campo Query Variables 
2023-01-11 09:54:22,019 - root - INFO -  Se dió click en el checkbox Comprimir.
2023-01-11 09:54:23,288 - root - INFO -  Se dió doble click en el registro de usuario.
2023-01-11 09:54:23,664 - root - INFO -  Se modifica el contenido del campo Password 
2023-01-11 09:54:23,799 - root - INFO -  Se dió click en el checkbox Activa.
2023-01-11 09:54:24,261 - root - INFO -  Se dió click en la opción Interface.
2023-01-11 09:54:24,512 - root - INFO -  Se modifica el contenido del campo Nombre Salida 
2023-01-11 09:54:24,612 - root - INFO -  Se cambia a la pestaña Interfaces para continuar con la modificación del registro.
2023-01-11 09:54:26,101 - root - INFO -  Se dió doble click en el registro de Sistema.
2023-01-11 09:54:27,433 - root - INFO -  Se dió doble click en el registro de Interface.
2023-01-11 09:54:27,679 - root - INFO -  Se da clic en el boton Guardar; se debe modificar la informacion del registro.
2023-01-11 09:54:27,995 - root - INFO -  Se presiona el boton 'Refrescar', para proceder a eliminar el registro.
2023-01-11 09:54:29,588 - root - INFO -  Se da clic en el registro creado, para proceder a eliminarlo.
2023-01-11 09:54:29,669 - root - INFO -  Se presiona el boton 'Eliminar', para eliminar el registro.
2023-01-11 09:54:30,671 - root - INFO -  Captura: C:\xampp\htdocs\Versiones\automatizaciones\AutoPWST\02PSCH\report\img  screen：20230111_09_54_30.png
2023-01-11 09:54:31,283 - root - INFO -  Se confirma el eliminado del registro
2023-01-11 09:54:31,725 - root - INFO -  Se presiona el boton 'Refrescar', para verificar si el registro ha sido eliminado
2023-01-11 09:54:31,972 - root - INFO -  Se presiona el boton 'Cerrar', para cerrar la pantalla de Programas Scheduler.
2023-01-11 09:54:36,340 - root - INFO -  Se cierra chrome
