2022-08-18 12:55:41,154 - root - INFO -  Se abre el chrome
2022-08-18 12:55:45,281 - root - INFO -  Entra a la URL
2022-08-18 12:55:45,413 - root - INFO -  Maximiza la pantalla
2022-08-18 12:55:48,481 - root - INFO -  Cambia al frame
2022-08-18 12:55:51,585 - root - INFO -  Escribe el usuario
2022-08-18 12:55:51,699 - root - INFO -  Escribe la contraseña
2022-08-18 12:55:51,846 - root - INFO -  Se dio clic en el boton ingresar
2022-08-18 12:55:55,363 - root - INFO -  Ejecutar Enterprise
2022-08-18 12:55:55,365 - root - INFO -  Captura: C:\xampp\htdocs\versiones\automatizaciones\AutoPWST\03PV\report\img  screen：20220818_12_55_55.png
2022-08-18 12:55:59,609 - root - INFO -  Cambia entre pestañas
2022-08-18 12:56:21,851 - root - INFO -  Abre el menu completo
2022-08-18 12:56:36,796 - root - INFO -  Abre la pantalla de Politicas de Venta
2022-08-18 12:56:36,845 - root - INFO -  La pantalla ejecutada es Politicas de Venta
2022-08-18 12:56:39,857 - root - INFO -  Captura: C:\xampp\htdocs\versiones\automatizaciones\AutoPWST\03PV\report\img  screen：20220818_12_56_39.png
2022-08-18 12:56:40,050 - root - INFO -  Se presiona el boton 'Nuevo', para crear un nuevo registro.
2022-08-18 12:56:45,101 - root - INFO -  Se abrio la pantalla para el ingreso de un registro nuevo.
2022-08-18 12:56:45,140 - root - INFO -  El campo 'Codigo' si se encuentra visible.
2022-08-18 12:56:45,182 - root - INFO -  El campo 'Codigo Alternativo' si se encuentra visible.
2022-08-18 12:56:45,231 - root - INFO -  El campo 'Descrición' si se encuentra visible.
2022-08-18 12:56:45,283 - root - INFO -  El campo 'Fecha Desde' si se encuentra visible.
2022-08-18 12:56:45,334 - root - INFO -  El campo 'Fecha Hasta' si se encuentra visible.
2022-08-18 12:56:45,379 - root - INFO -  El campo 'Moneda' si se encuentra visible.
2022-08-18 12:56:45,424 - root - INFO -  El campo 'Aplicable en' si se encuentra visible.
2022-08-18 12:56:45,463 - root - INFO -  El campo 'Activa' si se encuentra visible.
2022-08-18 12:56:45,506 - root - INFO -  El campo 'Aplicación Global' si se encuentra visible.
2022-08-18 12:56:45,635 - root - INFO -  Ingresa el codigo del nuevo registro 
2022-08-18 12:56:48,812 - root - INFO -  Ingresa el codigo alternativo del nuevo registro 
2022-08-18 12:56:52,015 - root - INFO -  Ingresa la descripción del nuevo registro 
2022-08-18 12:57:03,582 - root - INFO -  Ingresa la Fecha hasta del nuevo registro 
2022-08-18 12:57:44,176 - root - INFO - Se hace el cambio de pestaña para continuar con el registro nuevo
2022-08-18 12:57:47,260 - root - INFO -  Se presiona el boton 'Nuevo', para crear un nuevo registro.
2022-08-18 12:57:52,317 - root - INFO -  El campo 'Grupo Política' si se encuentra visible.
2022-08-18 12:57:52,358 - root - INFO -  El campo 'Grupo Política a Bonificar' si se encuentra visible.
2022-08-18 12:57:52,399 - root - INFO -  El campo 'Cantidad a Bonificar(Packing)' si se encuentra visible.
2022-08-18 12:57:52,441 - root - INFO -  El campo 'Cantidad en Bonificación(Unidad)' si se encuentra visible.
2022-08-18 12:57:52,482 - root - INFO -  El campo 'Tope Descuento 1' si se encuentra visible.
2022-08-18 12:57:52,537 - root - INFO -  El campo 'Tope Descuento 2' si se encuentra visible.
2022-08-18 12:57:52,700 - root - INFO -  Ingresa el Grupo Politica del nuevo registro 
2022-08-18 12:58:02,838 - root - INFO -  Ingresa el Grupo a bonificar del nuevo registro 
2022-08-18 12:58:12,958 - root - INFO -  Ingresa la Cantidad a Bonificar del nuevo registro 
2022-08-18 12:58:16,069 - root - INFO -  Ingresa la Cantidad en Bonificación del nuevo registro 
2022-08-18 12:58:19,169 - root - INFO -  Ingresa el Tope Descuento 2 del nuevo registro 
2022-08-18 12:58:22,284 - root - INFO -  Ingresa el Tope Descuento 2 del nuevo registro 
2022-08-18 12:58:25,289 - root - INFO -  Captura: C:\xampp\htdocs\versiones\automatizaciones\AutoPWST\03PV\report\img  screen：20220818_12_58_25.png
2022-08-18 12:58:25,506 - root - INFO -  Se presiona el boton 'Guardar', para guardar el registro.
2022-08-18 12:58:30,622 - root - INFO -  Se da clic en el boton Guardar; se debe crear un nuevo registro.
2022-08-18 12:58:35,721 - root - INFO -  Se presiona el boton 'Refrescar', para crear un nuevo registro igual al anterior.
2022-08-18 12:58:40,809 - root - INFO -  Se presiona el boton 'Nuevo', para crear un nuevo registro igual al anterior.
2022-08-18 12:58:45,860 - root - INFO -  Se abrio la pantalla para el ingreso de un registro nuevo.
2022-08-18 12:58:45,901 - root - INFO -  El campo 'Codigo' si se encuentra visible.
2022-08-18 12:58:45,944 - root - INFO -  El campo 'Codigo Alternativo' si se encuentra visible.
2022-08-18 12:58:45,986 - root - INFO -  El campo 'Descrición' si se encuentra visible.
2022-08-18 12:58:46,027 - root - INFO -  El campo 'Fecha Desde' si se encuentra visible.
2022-08-18 12:58:46,067 - root - INFO -  El campo 'Fecha Hasta' si se encuentra visible.
2022-08-18 12:58:46,130 - root - INFO -  El campo 'Moneda' si se encuentra visible.
2022-08-18 12:58:46,171 - root - INFO -  El campo 'Aplicable en' si se encuentra visible.
2022-08-18 12:58:46,212 - root - INFO -  El campo 'Activa' si se encuentra visible.
2022-08-18 12:58:46,251 - root - INFO -  El campo 'Aplicación Global' si se encuentra visible.
2022-08-18 12:58:46,372 - root - INFO -  Ingresa el codigo del nuevo registro 
2022-08-18 12:58:49,494 - root - INFO -  Ingresa el codigo alternativo del nuevo registro 
2022-08-18 12:58:52,692 - root - INFO -  Ingresa la descripción del nuevo registro 
2022-08-18 12:59:04,325 - root - INFO -  Ingresa la Fecha hasta del nuevo registro 
2022-08-18 12:59:44,917 - root - INFO -  Se da clic en el boton Guardar; se debe crear un nuevo registro.
2022-08-18 12:59:49,933 - root - INFO -  Captura: C:\xampp\htdocs\versiones\automatizaciones\AutoPWST\03PV\report\img  screen：20220818_12_59_49.png
2022-08-18 12:59:50,178 - root - INFO -  Se presiona el boton 'Cerrar', para cerrar el mensaje de duplicidad de llave primaria
2022-08-18 12:59:53,261 - root - INFO -  Se presiona el boton 'Cerrar', para cerrar la ventana
2022-08-18 12:59:57,369 - root - INFO -  Se presiona el boton 'Refrescar', para crear un nuevo registro igual al anterior.
