2022-07-25 10:30:41,410 - root - INFO -  Se abre el chrome
2022-07-25 10:30:47,355 - root - INFO -  Entra a la URL
2022-07-25 10:30:47,484 - root - INFO -  Maximiza la pantalla
2022-07-25 10:30:50,538 - root - INFO -  Cambia al frame
2022-07-25 10:30:53,699 - root - INFO -  Escribe el usuario
2022-07-25 10:30:53,800 - root - INFO -  Escribe la contraseña
2022-07-25 10:30:53,933 - root - INFO -  Se dio clic en el boton ingresar
2022-07-25 10:30:58,573 - root - INFO -  Ejecutar Enterprise
2022-07-25 10:30:58,574 - root - INFO -  Captura: C:\xampp\htdocs\versiones\automatizaciones\AutoPWST\03OBD\report\img  screen：20220725_10_30_58.png
2022-07-25 10:31:02,801 - root - INFO -  Cambia entre pestañas
2022-07-25 10:31:58,545 - root - INFO -  Se abre el chrome
2022-07-25 10:32:02,891 - root - INFO -  Entra a la URL
2022-07-25 10:32:03,019 - root - INFO -  Maximiza la pantalla
2022-07-25 10:32:06,077 - root - INFO -  Cambia al frame
2022-07-25 10:32:09,165 - root - INFO -  Escribe el usuario
2022-07-25 10:32:09,273 - root - INFO -  Escribe la contraseña
2022-07-25 10:32:09,388 - root - INFO -  Se dio clic en el boton ingresar
2022-07-25 10:32:13,180 - root - INFO -  Ejecutar Enterprise
2022-07-25 10:32:13,181 - root - INFO -  Captura: C:\xampp\htdocs\versiones\automatizaciones\AutoPWST\03OBD\report\img  screen：20220725_10_32_13.png
2022-07-25 10:32:17,401 - root - INFO -  Cambia entre pestañas
2022-07-25 10:32:34,117 - root - INFO -  Abre el menu completo
2022-07-25 10:32:48,066 - root - INFO -  Abre la pantalla de Objetivos Diarios
2022-07-25 10:32:48,150 - root - INFO -  La pantalla ejecutada es Lista de precios.
2022-07-25 10:32:48,150 - root - INFO -  Captura: C:\xampp\htdocs\versiones\automatizaciones\AutoPWST\03OBD\report\img  screen：20220725_10_32_48.png
2022-07-25 10:32:48,332 - root - INFO -  Se presiona el boton 'Nuevo', para crear un nuevo registro.
2022-07-25 10:32:48,899 - root - INFO -  Se abrio la pantalla para el ingreso de un registro nuevo.
2022-07-25 10:32:48,946 - root - INFO -  El campo 'Vendedor' si se encuentra visible.
2022-07-25 10:32:48,990 - root - INFO -  El campo 'Fecha' si se encuentra visible.
2022-07-25 10:32:49,014 - root - INFO -  El campo 'Efectividad %' si se encuentra visible.
2022-07-25 10:33:08,421 - root - INFO -  Ingresa la efectividad del nuevo registro 
2022-07-25 10:33:11,434 - root - INFO -  Captura: C:\xampp\htdocs\versiones\automatizaciones\AutoPWST\03OBD\report\img  screen：20220725_10_33_11.png
2022-07-25 10:33:11,664 - root - INFO - Se hace el cambio de pestaña para continuar con el registro nuevo
2022-07-25 10:33:14,823 - root - INFO -  Se presiona el boton 'Nuevo', para crear un nuevo registro.
2022-07-25 10:33:15,945 - root - INFO -  El campo 'Grupo Política' si se encuentra visible.
2022-07-25 10:33:15,976 - root - INFO -  El campo 'Tipo Objetivo' si se encuentra visible.
2022-07-25 10:33:16,029 - root - INFO -  El campo 'Objetivo Distribución' si se encuentra visible.
2022-07-25 10:33:31,684 - root - INFO -  Ingresa el Objetivo Distribucion  del nuevo registro 
2022-07-25 10:33:34,804 - root - INFO -  Se da clic en el boton Guardar; se debe crear un nuevo registro.
2022-07-25 10:33:37,942 - root - INFO -  Se da clic en el boton Guardar; se debe crear un nuevo registro.
2022-07-25 10:33:41,036 - root - INFO -  Se presiona el boton 'Refrescar', para crear un nuevo registro igual al anterior.
2022-07-25 10:33:44,142 - root - INFO -  Se presiona el boton 'Nuevo', para crear un nuevo registro igual al anterior.
2022-07-25 10:33:45,301 - root - INFO -  Se abrio la pantalla para el ingreso de un registro nuevo.
2022-07-25 10:33:45,339 - root - INFO -  El campo 'Vendedor' si se encuentra visible.
2022-07-25 10:33:45,386 - root - INFO -  El campo 'Fecha' si se encuentra visible.
2022-07-25 10:33:45,427 - root - INFO -  El campo 'Efectividad %' si se encuentra visible.
2022-07-25 10:33:57,237 - root - INFO -  Captura: C:\xampp\htdocs\versiones\automatizaciones\AutoPWST\03OBD\report\img  screen：20220725_10_33_57.png
2022-07-25 10:34:04,938 - root - INFO -  Ingresa la efectividad del nuevo registro 
2022-07-25 10:34:08,065 - root - INFO -  Se da clic en el boton Guardar; se debe crear un nuevo registro.
2022-07-25 10:34:11,074 - root - INFO -  Captura: C:\xampp\htdocs\versiones\automatizaciones\AutoPWST\03OBD\report\img  screen：20220725_10_34_11.png
2022-07-25 10:34:11,311 - root - INFO -  Se presiona el boton 'Cerrar', para cerrar el mensaje de duplicidad de llave primaria
2022-07-25 10:34:13,427 - root - INFO -  Se presiona el boton 'Cerrar', para cerrar la ventana
2022-07-25 10:34:17,531 - root - INFO -  Se presiona el boton 'Refrescar', para crear un nuevo registro igual al anterior.
2022-07-25 10:34:25,194 - root - INFO -  Se da clic en el registro creado, para proceder a modificarlo.
2022-07-25 10:34:25,372 - root - INFO -  Ingresa la efectividad del nuevo registro 
2022-07-25 10:34:28,385 - root - INFO -  Captura: C:\xampp\htdocs\versiones\automatizaciones\AutoPWST\03OBD\report\img  screen：20220725_10_34_28.png
2022-07-25 10:34:28,601 - root - INFO - Se hace el cambio de pestaña para continuar con el registro nuevo
2022-07-25 10:34:36,241 - root - INFO -  Se da clic en el registro creado, para proceder a modificarlo.
2022-07-25 10:34:55,074 - root - INFO -  Ingresa el Objetivo Distribucion  del nuevo registro 
2022-07-25 10:34:58,211 - root - INFO -  Se da clic en el boton Guardar; se debe crear un nuevo registro.
2022-07-25 10:35:01,335 - root - INFO -  Se da clic en el boton Guardar; se debe modificar la informacion del registro.
2022-07-25 10:35:04,456 - root - INFO -  Se presiona el boton 'Refrescar', para proceder a eliminar el registro.
2022-07-25 10:35:12,070 - root - INFO -  Se da clic en el registro creado, para proceder a eliminarlo.
2022-07-25 10:35:12,173 - root - INFO -  Se presiona el boton 'Eliminar', para eliminar el registro.
2022-07-25 10:35:22,179 - root - INFO -  Captura: C:\xampp\htdocs\versiones\automatizaciones\AutoPWST\03OBD\report\img  screen：20220725_10_35_22.png
2022-07-25 10:35:22,397 - root - INFO -  Se confirma el eliminado del registro
2022-07-25 10:35:32,516 - root - INFO -  Se presiona el boton 'Refrescar', para crear un nuevo registro igual al anterior.
2022-07-25 10:35:34,619 - root - INFO -  Se presiona el boton 'Cerrar', para cerrar la pantalla de Categorias Fiscales.
2022-07-25 10:35:38,932 - root - INFO -  Se cierra chrome
2022-07-25 10:36:56,279 - root - INFO -  Se abre el chrome
2022-07-25 10:37:00,611 - root - INFO -  Entra a la URL
2022-07-25 10:37:00,748 - root - INFO -  Maximiza la pantalla
2022-07-25 10:37:03,796 - root - INFO -  Cambia al frame
2022-07-25 10:37:06,882 - root - INFO -  Escribe el usuario
2022-07-25 10:37:06,987 - root - INFO -  Escribe la contraseña
2022-07-25 10:37:07,118 - root - INFO -  Se dio clic en el boton ingresar
2022-07-25 10:37:11,321 - root - INFO -  Ejecutar Enterprise
2022-07-25 10:37:11,322 - root - INFO -  Captura: C:\xampp\htdocs\versiones\automatizaciones\AutoPWST\03OBD\report\img  screen：20220725_10_37_11.png
2022-07-25 10:37:15,545 - root - INFO -  Cambia entre pestañas
2022-07-25 10:37:41,549 - root - INFO -  Abre el menu completo
2022-07-25 10:37:55,518 - root - INFO -  Abre la pantalla de Objetivos Diarios
2022-07-25 10:37:55,603 - root - INFO -  La pantalla ejecutada es Lista de precios.
2022-07-25 10:37:55,603 - root - INFO -  Captura: C:\xampp\htdocs\versiones\automatizaciones\AutoPWST\03OBD\report\img  screen：20220725_10_37_55.png
2022-07-25 10:37:55,804 - root - INFO -  Se presiona el boton 'Nuevo', para crear un nuevo registro.
2022-07-25 10:37:56,905 - root - INFO -  Se abrio la pantalla para el ingreso de un registro nuevo.
2022-07-25 10:37:56,936 - root - INFO -  El campo 'Vendedor' si se encuentra visible.
2022-07-25 10:37:56,990 - root - INFO -  El campo 'Fecha' si se encuentra visible.
2022-07-25 10:37:57,027 - root - INFO -  El campo 'Efectividad %' si se encuentra visible.
2022-07-25 10:38:16,597 - root - INFO -  Ingresa la efectividad del nuevo registro 
2022-07-25 10:38:19,605 - root - INFO -  Captura: C:\xampp\htdocs\versiones\automatizaciones\AutoPWST\03OBD\report\img  screen：20220725_10_38_19.png
2022-07-25 10:38:19,833 - root - INFO - Se hace el cambio de pestaña para continuar con el registro nuevo
2022-07-25 10:38:22,989 - root - INFO -  Se presiona el boton 'Nuevo', para crear un nuevo registro.
2022-07-25 10:38:24,117 - root - INFO -  El campo 'Grupo Política' si se encuentra visible.
2022-07-25 10:38:24,148 - root - INFO -  El campo 'Tipo Objetivo' si se encuentra visible.
2022-07-25 10:38:24,186 - root - INFO -  El campo 'Objetivo Distribución' si se encuentra visible.
2022-07-25 10:38:39,890 - root - INFO -  Ingresa el Objetivo Distribucion  del nuevo registro 
2022-07-25 10:38:43,022 - root - INFO -  Se da clic en el boton Guardar; se debe crear un nuevo registro.
2022-07-25 10:38:46,146 - root - INFO -  Se da clic en el boton Guardar; se debe crear un nuevo registro.
2022-07-25 10:38:49,261 - root - INFO -  Se presiona el boton 'Refrescar', para crear un nuevo registro igual al anterior.
2022-07-25 10:38:52,412 - root - INFO -  Se presiona el boton 'Nuevo', para crear un nuevo registro igual al anterior.
2022-07-25 10:38:53,565 - root - INFO -  Se abrio la pantalla para el ingreso de un registro nuevo.
2022-07-25 10:38:53,622 - root - INFO -  El campo 'Vendedor' si se encuentra visible.
2022-07-25 10:38:53,668 - root - INFO -  El campo 'Fecha' si se encuentra visible.
2022-07-25 10:38:53,700 - root - INFO -  El campo 'Efectividad %' si se encuentra visible.
2022-07-25 10:39:05,552 - root - INFO -  Captura: C:\xampp\htdocs\versiones\automatizaciones\AutoPWST\03OBD\report\img  screen：20220725_10_39_05.png
2022-07-25 10:39:13,244 - root - INFO -  Ingresa la efectividad del nuevo registro 
2022-07-25 10:39:16,379 - root - INFO -  Se da clic en el boton Guardar; se debe crear un nuevo registro.
2022-07-25 10:39:19,395 - root - INFO -  Captura: C:\xampp\htdocs\versiones\automatizaciones\AutoPWST\03OBD\report\img  screen：20220725_10_39_19.png
2022-07-25 10:39:19,617 - root - INFO -  Se presiona el boton 'Cerrar', para cerrar el mensaje de duplicidad de llave primaria
2022-07-25 10:39:21,733 - root - INFO -  Se presiona el boton 'Cerrar', para cerrar la ventana
2022-07-25 10:39:25,857 - root - INFO -  Se presiona el boton 'Refrescar', para crear un nuevo registro igual al anterior.
2022-07-25 10:39:33,518 - root - INFO -  Se da clic en el registro creado, para proceder a modificarlo.
2022-07-25 10:39:33,672 - root - INFO -  Ingresa la efectividad del nuevo registro 
2022-07-25 10:39:36,674 - root - INFO -  Captura: C:\xampp\htdocs\versiones\automatizaciones\AutoPWST\03OBD\report\img  screen：20220725_10_39_36.png
2022-07-25 10:39:36,913 - root - INFO - Se hace el cambio de pestaña para continuar con el registro nuevo
2022-07-25 10:39:44,564 - root - INFO -  Se da clic en el registro creado, para proceder a modificarlo.
2022-07-25 10:40:03,386 - root - INFO -  Ingresa el Objetivo Distribucion  del nuevo registro 
2022-07-25 10:40:06,507 - root - INFO -  Se da clic en el boton Guardar; se debe crear un nuevo registro.
2022-07-25 10:40:09,599 - root - INFO -  Se da clic en el boton Guardar; se debe modificar la informacion del registro.
2022-07-25 10:41:12,995 - root - INFO -  Se abre el chrome
2022-07-25 10:41:18,882 - root - INFO -  Entra a la URL
2022-07-25 10:41:19,009 - root - INFO -  Maximiza la pantalla
2022-07-25 10:41:22,062 - root - INFO -  Cambia al frame
2022-07-25 10:41:25,146 - root - INFO -  Escribe el usuario
2022-07-25 10:41:25,237 - root - INFO -  Escribe la contraseña
2022-07-25 10:41:25,392 - root - INFO -  Se dio clic en el boton ingresar
2022-07-25 10:41:30,132 - root - INFO -  Ejecutar Enterprise
2022-07-25 10:41:30,133 - root - INFO -  Captura: C:\xampp\htdocs\versiones\automatizaciones\AutoPWST\03OBD\report\img  screen：20220725_10_41_30.png
2022-07-25 10:41:34,346 - root - INFO -  Cambia entre pestañas
2022-07-25 10:41:58,185 - root - INFO -  Abre el menu completo
2022-07-25 10:42:12,164 - root - INFO -  Abre la pantalla de Objetivos Diarios
2022-07-25 10:42:12,218 - root - INFO -  La pantalla ejecutada es Lista de precios.
2022-07-25 10:42:12,218 - root - INFO -  Captura: C:\xampp\htdocs\versiones\automatizaciones\AutoPWST\03OBD\report\img  screen：20220725_10_42_12.png
2022-07-25 10:42:12,394 - root - INFO -  Se presiona el boton 'Nuevo', para crear un nuevo registro.
2022-07-25 10:42:13,467 - root - INFO -  Se abrio la pantalla para el ingreso de un registro nuevo.
2022-07-25 10:42:13,505 - root - INFO -  El campo 'Vendedor' si se encuentra visible.
2022-07-25 10:42:13,552 - root - INFO -  El campo 'Fecha' si se encuentra visible.
2022-07-25 10:42:13,598 - root - INFO -  El campo 'Efectividad %' si se encuentra visible.
2022-07-25 10:42:33,003 - root - INFO -  Ingresa la efectividad del nuevo registro 
2022-07-25 10:42:36,004 - root - INFO -  Captura: C:\xampp\htdocs\versiones\automatizaciones\AutoPWST\03OBD\report\img  screen：20220725_10_42_36.png
2022-07-25 10:42:36,248 - root - INFO - Se hace el cambio de pestaña para continuar con el registro nuevo
2022-07-25 10:42:39,408 - root - INFO -  Se presiona el boton 'Nuevo', para crear un nuevo registro.
2022-07-25 10:42:40,549 - root - INFO -  El campo 'Grupo Política' si se encuentra visible.
2022-07-25 10:42:40,586 - root - INFO -  El campo 'Tipo Objetivo' si se encuentra visible.
2022-07-25 10:42:40,637 - root - INFO -  El campo 'Objetivo Distribución' si se encuentra visible.
2022-07-25 10:42:56,259 - root - INFO -  Ingresa el Objetivo Distribucion  del nuevo registro 
2022-07-25 10:42:59,402 - root - INFO -  Se da clic en el boton Guardar; se debe crear un nuevo registro.
2022-07-25 10:43:02,504 - root - INFO -  Se da clic en el boton Guardar; se debe crear un nuevo registro.
2022-07-25 10:43:05,621 - root - INFO -  Se presiona el boton 'Refrescar', para crear un nuevo registro igual al anterior.
2022-07-25 10:43:08,745 - root - INFO -  Se presiona el boton 'Nuevo', para crear un nuevo registro igual al anterior.
2022-07-25 10:43:09,837 - root - INFO -  Se abrio la pantalla para el ingreso de un registro nuevo.
2022-07-25 10:43:09,907 - root - INFO -  El campo 'Vendedor' si se encuentra visible.
2022-07-25 10:43:09,954 - root - INFO -  El campo 'Fecha' si se encuentra visible.
2022-07-25 10:43:10,003 - root - INFO -  El campo 'Efectividad %' si se encuentra visible.
2022-07-25 10:43:21,839 - root - INFO -  Captura: C:\xampp\htdocs\versiones\automatizaciones\AutoPWST\03OBD\report\img  screen：20220725_10_43_21.png
2022-07-25 10:43:29,576 - root - INFO -  Ingresa la efectividad del nuevo registro 
2022-07-25 10:43:32,702 - root - INFO -  Se da clic en el boton Guardar; se debe crear un nuevo registro.
2022-07-25 10:43:35,710 - root - INFO -  Captura: C:\xampp\htdocs\versiones\automatizaciones\AutoPWST\03OBD\report\img  screen：20220725_10_43_35.png
2022-07-25 10:43:35,979 - root - INFO -  Se presiona el boton 'Cerrar', para cerrar el mensaje de duplicidad de llave primaria
2022-07-25 10:43:38,085 - root - INFO -  Se presiona el boton 'Cerrar', para cerrar la ventana
2022-07-25 10:43:42,225 - root - INFO -  Se presiona el boton 'Refrescar', para crear un nuevo registro igual al anterior.
2022-07-25 10:43:49,847 - root - INFO -  Se da clic en el registro creado, para proceder a modificarlo.
2022-07-25 10:43:50,010 - root - INFO -  Ingresa la efectividad del nuevo registro 
2022-07-25 10:43:53,025 - root - INFO -  Captura: C:\xampp\htdocs\versiones\automatizaciones\AutoPWST\03OBD\report\img  screen：20220725_10_43_53.png
2022-07-25 10:43:53,224 - root - INFO - Se hace el cambio de pestaña para continuar con el registro nuevo
2022-07-25 10:44:00,877 - root - INFO -  Se da clic en el registro creado, para proceder a modificarlo.
2022-07-25 10:44:19,624 - root - INFO -  Ingresa el Objetivo Distribucion  del nuevo registro 
2022-07-25 10:44:22,761 - root - INFO -  Se da clic en el boton Guardar; se debe crear un nuevo registro.
2022-07-25 10:44:25,894 - root - INFO -  Se da clic en el boton Guardar; se debe modificar la informacion del registro.
2022-07-25 10:44:29,016 - root - INFO -  Se presiona el boton 'Refrescar', para proceder a eliminar el registro.
2022-07-25 10:44:36,638 - root - INFO -  Se da clic en el registro creado, para proceder a eliminarlo.
2022-07-25 10:44:36,808 - root - INFO -  Se presiona el boton 'Eliminar', para eliminar el registro.
2022-07-25 10:44:41,809 - root - INFO -  Captura: C:\xampp\htdocs\versiones\automatizaciones\AutoPWST\03OBD\report\img  screen：20220725_10_44_41.png
2022-07-25 10:44:42,011 - root - INFO -  Se confirma el eliminado del registro
2022-07-25 10:44:47,136 - root - INFO -  Se presiona el boton 'Refrescar', para crear un nuevo registro igual al anterior.
2022-07-25 10:44:49,266 - root - INFO -  Se presiona el boton 'Cerrar', para cerrar la pantalla de Categorias Fiscales.
2022-07-25 10:44:53,585 - root - INFO -  Se cierra chrome
