2023-06-20 13:33:50,949 - root - INFO -  Se abre el chrome
2023-06-20 13:33:52,080 - root - INFO -  Entra a la URL
2023-06-20 13:33:52,219 - root - INFO -  Maximiza la pantalla
2023-06-20 13:33:55,355 - root - INFO -  Escribe el usuario
2023-06-20 13:33:55,459 - root - INFO -  Escribe la contraseña
2023-06-20 13:33:55,555 - root - INFO -  Se dio clic en el boton ingresar
2023-06-20 13:33:57,387 - root - INFO -  Ejecutar Enterprise
2023-06-20 13:34:01,445 - root - INFO -  Cambia entre pestañas
2023-06-20 13:34:12,255 - root - INFO -  Abre la pantalla de Objetivos Diarios
2023-06-20 13:34:12,814 - root - INFO -  La pantalla ejecutada es Objetivos Diarios.
2023-06-20 13:34:12,814 - root - INFO -  Captura: C:\xampp\htdocs\versiones\automatizaciones\AutoPWST\03OBD\report\img  screen：20230620_13_34_12.png
2023-06-20 13:34:12,981 - root - INFO -  Se presiona el boton 'Refrescar', para proceder a modifcar el registro.
2023-06-20 13:34:23,265 - root - INFO -  Se presiona el boton 'Nuevo', para crear un nuevo registro.
2023-06-20 13:34:23,809 - root - INFO -  Se abrio la pantalla para el ingreso de un registro nuevo.
2023-06-20 13:34:23,841 - root - INFO -  El campo 'Vendedor' si se encuentra visible.
2023-06-20 13:34:23,869 - root - INFO -  El campo 'Fecha' si se encuentra visible.
2023-06-20 13:34:23,895 - root - INFO -  El campo 'Efectividad %' si se encuentra visible.
2023-06-20 13:34:24,819 - root - INFO -  Se dió doble click en el registro de Vendedor.
2023-06-20 13:34:24,972 - root - INFO -  Ingresa la efectividad del nuevo registro 
2023-06-20 13:34:25,973 - root - INFO -  Captura: C:\xampp\htdocs\versiones\automatizaciones\AutoPWST\03OBD\report\img  screen：20230620_13_34_25.png
2023-06-20 13:34:26,134 - root - INFO - Se hace el cambio a la pestaña Grupos para continuar con el registro nuevo
2023-06-20 13:34:26,743 - root - INFO -  Se presiona el boton 'Nuevo', para crear un nuevo registro de Grupos.
2023-06-20 13:34:27,293 - root - INFO -  El campo 'Grupo Política' si se encuentra visible.
2023-06-20 13:34:27,324 - root - INFO -  El campo 'Tipo Objetivo' si se encuentra visible.
2023-06-20 13:34:27,358 - root - INFO -  El campo 'Objetivo Distribución' si se encuentra visible.
2023-06-20 13:34:28,328 - root - INFO -  Se dió doble click en el registro de Grupo Politica.
2023-06-20 13:34:28,884 - root - INFO -  Se dió click en la opción Distribución Diaria.
2023-06-20 13:34:30,387 - root - INFO -  Ingresa el Objetivo Distribucion  del nuevo registro 
2023-06-20 13:34:30,476 - root - INFO -  Se da clic en el boton Guardar; se debe crear un nuevo registro de Grupos.
2023-06-20 13:34:30,716 - root - INFO -  Se da clic en el boton Guardar; se debe crear un nuevo registro.
2023-06-20 13:34:30,927 - root - INFO -  Se presiona el boton 'Refrescar', para crear un nuevo registro igual al anterior.
2023-06-20 13:34:32,981 - root - INFO -  Se presiona el boton 'Nuevo', para crear un nuevo registro igual al anterior.
2023-06-20 13:34:33,518 - root - INFO -  Se abrio la pantalla para el ingreso de un registro nuevo.
2023-06-20 13:34:33,546 - root - INFO -  El campo 'Vendedor' si se encuentra visible.
2023-06-20 13:34:33,568 - root - INFO -  El campo 'Fecha' si se encuentra visible.
2023-06-20 13:34:33,590 - root - INFO -  El campo 'Efectividad %' si se encuentra visible.
2023-06-20 13:34:34,471 - root - INFO -  Se dió doble click en el registro de Vendedor.
2023-06-20 13:34:34,588 - root - INFO -  Ingresa la efectividad del nuevo registro 
2023-06-20 13:34:34,649 - root - INFO -  Se da clic en el boton Guardar; No se debe crear un nuevo registro.
2023-06-20 13:34:35,650 - root - INFO -  Captura: C:\xampp\htdocs\versiones\automatizaciones\AutoPWST\03OBD\report\img  screen：20230620_13_34_35.png
2023-06-20 13:34:40,971 - root - INFO -  Se presiona el boton 'Cerrar', para cerrar el mensaje de duplicidad de llave primaria
2023-06-20 13:34:41,972 - root - INFO -  Captura: C:\xampp\htdocs\versiones\automatizaciones\AutoPWST\03OBD\report\img  screen：20230620_13_34_41.png
2023-06-20 13:34:42,149 - root - INFO -  Se presiona el boton 'Cerrar', para cerrar el mensaje de duplicidad de llave primaria
2023-06-20 13:34:42,273 - root - INFO -  Se presiona el boton 'Cerrar', para cerrar la ventana
2023-06-20 13:34:42,439 - root - INFO -  Se presiona el boton 'Refrescar', para proceder a modifcar el registro.
2023-06-20 13:34:46,026 - root - INFO -  Se da doble click en el registro creado, para proceder a modificarlo.
2023-06-20 13:34:46,660 - root - INFO -  Se Modifica el contenido del campo Efectividad 
2023-06-20 13:34:47,661 - root - INFO -  Captura: C:\xampp\htdocs\versiones\automatizaciones\AutoPWST\03OBD\report\img  screen：20230620_13_34_47.png
2023-06-20 13:34:47,818 - root - INFO - Se hace el cambio a la pestaña Grupos para continuar con modificación del registro
2023-06-20 13:34:48,907 - root - INFO -  Se da doble click en el registro de Grupos, para proceder a modificarlo.
2023-06-20 13:34:50,382 - root - INFO -  Se dió doble click en el registro de Grupos Politicas.
2023-06-20 13:34:50,893 - root - INFO -  Se dió click en la opción Distribucion Diaria.
2023-06-20 13:34:51,029 - root - INFO -  Se Modifica el contenido del campo Objetivo Distribucion 
2023-06-20 13:34:51,089 - root - INFO -  Se da clic en el boton Guardar; se debe modificar el registro de Grupos.
2023-06-20 13:34:51,281 - root - INFO -  Se da clic en el boton Guardar; se debe modificar la informacion del registro.
2023-06-20 13:34:51,479 - root - INFO -  Se presiona el boton 'Refrescar', para proceder a eliminar el registro.
2023-06-20 13:34:55,053 - root - INFO -  Se da clic en el registro creado, para proceder a eliminarlo.
2023-06-20 13:34:55,109 - root - INFO -  Se presiona el boton 'Eliminar', para eliminar el registro.
2023-06-20 13:34:57,110 - root - INFO -  Captura: C:\xampp\htdocs\versiones\automatizaciones\AutoPWST\03OBD\report\img  screen：20230620_13_34_57.png
2023-06-20 13:34:57,266 - root - INFO -  Se confirma el eliminado del registro
2023-06-20 13:34:57,623 - root - INFO -  Se presiona el boton 'Refrescar', para verificar si se ha eliminado el registro.
2023-06-20 13:34:59,689 - root - INFO -  Se presiona el boton 'Cerrar', para cerrar la pantalla de Objetivos Diarios.
2023-06-20 13:35:06,026 - root - INFO -  Se cierra chrome
