2022-07-04 08:52:10,340 - root - INFO -  Se abre el chrome
2022-07-04 08:52:13,528 - root - INFO -  Entra a la URL
2022-07-04 08:52:13,666 - root - INFO -  Maximiza la pantalla
2022-07-04 08:52:16,739 - root - INFO -  Cambia al frame
2022-07-04 08:52:19,832 - root - INFO -  Escribe el usuario
2022-07-04 08:52:19,942 - root - INFO -  Escribe la contraseña
2022-07-04 08:52:20,089 - root - INFO -  Se dio clic en el boton ingresar
2022-07-04 08:52:24,651 - root - INFO -  Ejecutar Enterprise
2022-07-04 08:52:28,712 - root - INFO -  Cambia entre pestañas
2022-07-04 08:53:21,000 - root - INFO -  Se presiona el boton 'Cerrar Error', para crear un nuevo registro igual al anterior.
2022-07-04 08:53:24,069 - root - INFO -  Abre el menu completo
2022-07-04 08:53:36,937 - root - INFO -  Abre la pantalla de Worksflow
2022-07-04 08:53:36,985 - root - INFO -  La pantalla ejecutada es Work Flows
2022-07-04 08:53:37,038 - root - INFO -  Se presiona el boton 'Nuevo', para crear un nuevo registro.
2022-07-04 08:53:37,581 - root - INFO -  Se abrio la pantalla para el ingreso de un registro nuevo.
2022-07-04 08:53:37,611 - root - INFO -  El campo 'Codigo' si se encuentra visible.
2022-07-04 08:53:37,658 - root - INFO -  El campo 'Descrición' si se encuentra visible.
2022-07-04 08:53:39,726 - root - INFO -  Ingresa el codigo del nuevo registro 
2022-07-04 08:53:42,860 - root - INFO -  Ingresa la descripción del nuevo registro 
2022-07-04 08:53:45,931 - root - INFO - Se hace el cambio de pestaña para continuar con el registro nuevo
2022-07-04 08:53:49,005 - root - INFO -  Se presiona el boton 'Nuevo', para crear un nuevo registro.
2022-07-04 08:53:49,561 - root - INFO -  El campo 'Orden' si se encuentra visible.
2022-07-04 08:53:49,619 - root - INFO -  El campo 'Tipo Documento' si se encuentra visible.
2022-07-04 08:53:49,649 - root - INFO -  El campo 'Modo Bloqueo' si se encuentra visible.
2022-07-04 08:53:49,678 - root - INFO -  El campo 'Obligatorio' si se encuentra visible.
2022-07-04 08:54:05,143 - root - INFO -  Hizo click en el checkbox 
2022-07-04 08:54:08,229 - root - INFO -  Se presiona el boton 'Guardar', para guardar el registro.
2022-07-04 08:54:12,359 - root - INFO -  Se da clic en el boton Guardar; se debe crear un nuevo registro.
2022-07-04 08:54:15,454 - root - INFO -  Se presiona el boton 'Refrescar', para crear un nuevo registro igual al anterior.
2022-07-04 08:54:18,614 - root - INFO -  Se presiona el boton 'Nuevo', para crear un nuevo registro igual al anterior.
2022-07-04 08:54:19,193 - root - INFO -  Se abrio la pantalla para el ingreso de un registro nuevo.
2022-07-04 08:54:19,232 - root - INFO -  El campo 'Codigo' si se encuentra visible.
2022-07-04 08:54:19,272 - root - INFO -  El campo 'Descrición' si se encuentra visible.
2022-07-04 08:54:21,350 - root - INFO -  Ingresa el codigo del nuevo registro 
2022-07-04 08:54:24,501 - root - INFO -  Ingresa la descripción del nuevo registro 
2022-07-04 08:54:27,569 - root - INFO -  Se da clic en el boton Guardar; se debe crear un nuevo registro.
2022-07-04 08:54:30,643 - root - INFO -  Se presiona el boton 'Cerrar', para cerrar el mensaje de duplicidad de llave primaria
2022-07-04 08:54:32,714 - root - INFO -  Se presiona el boton 'Cerrar', para cerrar la ventana
2022-07-04 08:54:36,777 - root - INFO -  Se presiona el boton 'Refrescar', para crear un nuevo registro igual al anterior.
2022-07-04 08:54:44,389 - root - INFO -  Se da clic en el registro creado, para proceder a modificarlo.
2022-07-04 08:54:44,530 - root - INFO -  Se modifica el contenido del campo Descripcion
2022-07-04 08:54:47,583 - root - INFO - Se hace el cambio de pestaña para continuar con el registro nuevo
2022-07-04 08:54:57,195 - root - INFO -  Se da clic en el registro creado, para proceder a modificarlo.
2022-07-04 08:55:17,786 - root - INFO -  Hizo click en el checkbox 
2022-07-04 08:55:20,877 - root - INFO -  Se presiona el boton 'Guardar', para guardar el registro.
2022-07-04 08:55:24,968 - root - INFO -  Se da clic en el boton Guardar; se debe modificar la informacion del registro.
2022-07-04 08:55:28,033 - root - INFO -  Se presiona el boton 'Refrescar', para proceder a eliminar el registro.
2022-07-04 08:55:35,632 - root - INFO -  Se da clic en el registro creado, para proceder a eliminarlo.
2022-07-04 08:55:35,704 - root - INFO - Se hace el cambio de pestaña para continuar con el registro nuevo
2022-07-04 08:55:43,269 - root - INFO -  Se da clic en el registro creado, para proceder a eliminarlo.
2022-07-04 08:55:46,350 - root - INFO -  Se presiona el boton 'Eliminar', para eliminar el registro.
2022-07-04 08:55:46,598 - root - INFO -  Se da clic en el boton Guardar; se debe modificar la informacion del registro.
2022-07-04 08:55:54,170 - root - INFO -  Se da clic en el registro creado, para proceder a eliminarlo.
2022-07-04 08:55:57,288 - root - INFO -  Se presiona el boton 'Eliminar', para eliminar el registro.
2022-07-04 08:55:57,884 - root - INFO -  Se confirma el eliminado del registro
2022-07-04 08:55:59,952 - root - INFO -  Se presiona el boton 'Refrescar', para crear un nuevo registro igual al anterior.
2022-07-04 08:56:02,022 - root - INFO -  Se presiona el boton 'Cerrar', para cerrar la pantalla de Categorias Fiscales.
2022-07-04 08:56:06,238 - root - INFO -  Se cierra chrome
