2022-08-02 14:03:09,448 - root - INFO -  Se abre el chrome
2022-08-02 14:03:13,451 - root - INFO -  Entra a la URL
2022-08-02 14:03:13,578 - root - INFO -  Maximiza la pantalla
2022-08-02 14:03:39,603 - root - INFO -  Se abre el chrome
2022-08-02 14:03:42,537 - root - INFO -  Entra a la URL
2022-08-02 14:03:42,661 - root - INFO -  Maximiza la pantalla
2022-08-02 14:03:45,718 - root - INFO -  Cambia al frame
2022-08-02 14:03:48,823 - root - INFO -  Escribe el usuario
2022-08-02 14:03:48,935 - root - INFO -  Escribe la contraseña
2022-08-02 14:03:49,082 - root - INFO -  Se dio clic en el boton ingresar
2022-08-02 14:03:52,126 - root - INFO -  Ejecutar Enterprise
2022-08-02 14:03:52,127 - root - INFO -  Captura: C:\xampp\htdocs\versiones\automatizaciones\AutoPWST\01WF\report\img  screen：20220802_14_03_52.png
2022-08-02 14:03:56,370 - root - INFO -  Cambia entre pestañas
2022-08-02 14:24:07,271 - root - INFO -  Se abre el chrome
2022-08-02 14:24:10,283 - root - INFO -  Entra a la URL
2022-08-02 14:24:10,406 - root - INFO -  Maximiza la pantalla
2022-08-02 14:24:13,469 - root - INFO -  Cambia al frame
2022-08-02 14:24:16,571 - root - INFO -  Escribe el usuario
2022-08-02 14:24:16,685 - root - INFO -  Escribe la contraseña
2022-08-02 14:24:16,832 - root - INFO -  Se dio clic en el boton ingresar
2022-08-02 14:24:19,778 - root - INFO -  Ejecutar Enterprise
2022-08-02 14:24:19,779 - root - INFO -  Captura: C:\xampp\htdocs\versiones\automatizaciones\AutoPWST\01WF\report\img  screen：20220802_14_24_19.png
2022-08-02 14:24:24,007 - root - INFO -  Cambia entre pestañas
2022-08-02 14:24:46,514 - root - INFO -  Abre el menu completo
2022-08-02 14:24:59,399 - root - INFO -  Abre la pantalla de Worksflow
2022-08-02 14:24:59,438 - root - INFO -  La pantalla ejecutada es Work Flows
2022-08-02 14:25:02,453 - root - INFO -  Captura: C:\xampp\htdocs\versiones\automatizaciones\AutoPWST\01WF\report\img  screen：20220802_14_25_02.png
2022-08-02 14:25:02,624 - root - INFO -  Se presiona el boton 'Nuevo', para crear un nuevo registro.
2022-08-02 14:25:07,676 - root - INFO -  Se abrio la pantalla para el ingreso de un registro nuevo.
2022-08-02 14:25:07,720 - root - INFO -  El campo 'Codigo' si se encuentra visible.
2022-08-02 14:25:07,759 - root - INFO -  El campo 'Descrición' si se encuentra visible.
2022-08-02 14:25:07,833 - root - INFO -  Ingresa el codigo del nuevo registro 
2022-08-02 14:25:11,046 - root - INFO -  Ingresa la descripción del nuevo registro 
2022-08-02 14:25:14,055 - root - INFO -  Captura: C:\xampp\htdocs\versiones\automatizaciones\AutoPWST\01WF\report\img  screen：20220802_14_25_14.png
2022-08-02 14:25:14,246 - root - INFO - Se hace el cambio de pestaña para continuar con el registro nuevo
2022-08-02 14:25:19,336 - root - INFO -  Se presiona el boton 'Nuevo', para crear un nuevo registro.
2022-08-02 14:25:22,391 - root - INFO -  El campo 'Orden' si se encuentra visible.
2022-08-02 14:25:22,431 - root - INFO -  El campo 'Tipo Documento' si se encuentra visible.
2022-08-02 14:25:22,470 - root - INFO -  El campo 'Modo Bloqueo' si se encuentra visible.
2022-08-02 14:25:22,509 - root - INFO -  El campo 'Obligatorio' si se encuentra visible.
2022-08-02 14:25:27,602 - root - ERROR - No se encontró el registro de tipo de documento, revise si el xpath sigue siendo el mismo, para mas detalles del error consulte el reporte
2022-08-02 14:25:30,613 - root - INFO -  Captura: C:\xampp\htdocs\versiones\automatizaciones\AutoPWST\01WF\report\img  screen：20220802_14_25_30.png
2022-08-02 14:25:31,102 - root - ERROR - No se encontró el botón Refrescar, revise si el xpath sigue siendo el mismo, para mas detalles del error consulte el reporte
2022-08-02 14:25:34,110 - root - INFO -  Captura: C:\xampp\htdocs\versiones\automatizaciones\AutoPWST\01WF\report\img  screen：20220802_14_25_34.png
2022-08-02 14:25:34,116 - root - ERROR - No se encontró el botón Refrescar, revise si el xpath sigue siendo el mismo, para mas detalles del error consulte el reporte
2022-08-02 14:25:37,118 - root - INFO -  Captura: C:\xampp\htdocs\versiones\automatizaciones\AutoPWST\01WF\report\img  screen：20220802_14_25_37.png
2022-08-02 14:25:37,123 - root - ERROR - No se encontró el botón Refrescar, revise si el xpath sigue siendo el mismo, para mas detalles del error consulte el reporte
2022-08-02 14:25:40,124 - root - INFO -  Captura: C:\xampp\htdocs\versiones\automatizaciones\AutoPWST\01WF\report\img  screen：20220802_14_25_40.png
2022-08-02 14:36:21,591 - root - INFO -  Se abre el chrome
2022-08-02 14:36:24,167 - root - INFO -  Entra a la URL
2022-08-02 14:36:24,305 - root - INFO -  Maximiza la pantalla
2022-08-02 14:36:27,363 - root - INFO -  Cambia al frame
2022-08-02 14:36:30,460 - root - INFO -  Escribe el usuario
2022-08-02 14:36:30,575 - root - INFO -  Escribe la contraseña
2022-08-02 14:36:30,716 - root - INFO -  Se dio clic en el boton ingresar
2022-08-02 14:36:33,659 - root - INFO -  Ejecutar Enterprise
2022-08-02 14:36:33,661 - root - INFO -  Captura: C:\xampp\htdocs\versiones\automatizaciones\AutoPWST\01WF\report\img  screen：20220802_14_36_33.png
2022-08-02 14:36:37,865 - root - INFO -  Cambia entre pestañas
2022-08-02 14:37:05,616 - root - INFO -  Abre el menu completo
2022-08-02 14:37:18,508 - root - INFO -  Abre la pantalla de Worksflow
2022-08-02 14:37:18,547 - root - INFO -  La pantalla ejecutada es Work Flows
2022-08-02 14:37:21,560 - root - INFO -  Captura: C:\xampp\htdocs\versiones\automatizaciones\AutoPWST\01WF\report\img  screen：20220802_14_37_21.png
2022-08-02 14:37:21,737 - root - INFO -  Se presiona el boton 'Nuevo', para crear un nuevo registro.
2022-08-02 14:37:26,779 - root - INFO -  Se abrio la pantalla para el ingreso de un registro nuevo.
2022-08-02 14:37:26,828 - root - INFO -  El campo 'Codigo' si se encuentra visible.
2022-08-02 14:37:26,867 - root - INFO -  El campo 'Descrición' si se encuentra visible.
2022-08-02 14:37:26,942 - root - INFO -  Ingresa el codigo del nuevo registro 
2022-08-02 14:37:30,159 - root - INFO -  Ingresa la descripción del nuevo registro 
2022-08-02 14:37:33,174 - root - INFO -  Captura: C:\xampp\htdocs\versiones\automatizaciones\AutoPWST\01WF\report\img  screen：20220802_14_37_33.png
2022-08-02 14:37:33,352 - root - INFO - Se hace el cambio de pestaña para continuar con el registro nuevo
2022-08-02 14:37:38,434 - root - INFO -  Se presiona el boton 'Nuevo', para crear un nuevo registro.
2022-08-02 14:37:41,493 - root - INFO -  El campo 'Orden' si se encuentra visible.
2022-08-02 14:37:41,531 - root - INFO -  El campo 'Tipo Documento' si se encuentra visible.
2022-08-02 14:37:41,571 - root - INFO -  El campo 'Modo Bloqueo' si se encuentra visible.
2022-08-02 14:37:41,611 - root - INFO -  El campo 'Obligatorio' si se encuentra visible.
2022-08-02 14:38:02,516 - root - INFO -  Hizo click en el checkbox 
2022-08-02 14:38:05,598 - root - INFO -  Se presiona el boton 'Guardar', para guardar el registro.
2022-08-02 14:38:10,688 - root - INFO -  Se da clic en el boton Guardar; se debe crear un nuevo registro.
2022-08-02 14:38:15,769 - root - INFO -  Se presiona el boton 'Refrescar', para crear un nuevo registro igual al anterior.
2022-08-02 14:38:18,877 - root - INFO -  Se presiona el boton 'Nuevo', para crear un nuevo registro igual al anterior.
2022-08-02 14:38:21,933 - root - INFO -  Se abrio la pantalla para el ingreso de un registro nuevo.
2022-08-02 14:38:21,971 - root - INFO -  El campo 'Codigo' si se encuentra visible.
2022-08-02 14:38:22,011 - root - INFO -  El campo 'Descrición' si se encuentra visible.
2022-08-02 14:38:22,083 - root - INFO -  Ingresa el codigo del nuevo registro 
2022-08-02 14:38:25,278 - root - INFO -  Ingresa la descripción del nuevo registro 
2022-08-02 14:38:28,347 - root - INFO -  Se da clic en el boton Guardar; se debe crear un nuevo registro.
2022-08-02 14:38:31,355 - root - INFO -  Captura: C:\xampp\htdocs\versiones\automatizaciones\AutoPWST\01WF\report\img  screen：20220802_14_38_31.png
2022-08-02 14:38:31,552 - root - INFO -  Se presiona el boton 'Cerrar', para cerrar el mensaje de duplicidad de llave primaria
2022-08-02 14:38:36,627 - root - INFO -  Se presiona el boton 'Cerrar', para cerrar la ventana
2022-08-02 14:38:40,691 - root - INFO -  Se presiona el boton 'Refrescar', para crear un nuevo registro igual al anterior.
2022-08-02 14:38:43,777 - root - INFO -  Se presiona el boton 'Refrescar', para proceder a eliminar el registro.
2022-08-02 14:38:49,084 - root - INFO -  Se cierra chrome
2022-08-02 14:46:42,985 - root - INFO -  Se abre el chrome
2022-08-02 14:46:46,112 - root - INFO -  Entra a la URL
2022-08-02 14:46:46,246 - root - INFO -  Maximiza la pantalla
2022-08-02 14:46:49,305 - root - INFO -  Cambia al frame
2022-08-02 14:46:52,409 - root - INFO -  Escribe el usuario
2022-08-02 14:46:52,544 - root - INFO -  Escribe la contraseña
2022-08-02 14:46:52,696 - root - INFO -  Se dio clic en el boton ingresar
2022-08-02 14:46:55,649 - root - INFO -  Ejecutar Enterprise
2022-08-02 14:46:55,650 - root - INFO -  Captura: C:\xampp\htdocs\versiones\automatizaciones\AutoPWST\01WF\report\img  screen：20220802_14_46_55.png
2022-08-02 14:48:18,365 - root - INFO -  Se abre el chrome
2022-08-02 14:48:20,616 - root - INFO -  Entra a la URL
2022-08-02 14:49:22,939 - root - INFO -  Se abre el chrome
2022-08-02 14:49:24,166 - root - INFO -  Entra a la URL
2022-08-02 14:49:24,203 - root - ERROR - No se pudo encontrar el campo para ingresar el usuario, revise si el xpath sigue siendo el mismo, para mas detalles del error consulte el reporte
2022-08-02 14:49:24,205 - root - INFO -  Captura: C:\xampp\htdocs\versiones\automatizaciones\AutoPWST\01WF\report\img  screen：20220802_14_49_24.png
2022-08-02 14:49:24,226 - root - ERROR - No se pudo encontrar el botón para desplegar el menu completo, revise si el xpath sigue siendo el mismo, para mas detalles del error consulte el reporte
