2022-11-28 08:44:11,625 - root - INFO -  Se abre el chrome
2022-11-28 08:44:12,628 - root - INFO -  Entra a la URL
2022-11-28 08:44:12,768 - root - INFO -  Maximiza la pantalla
2022-11-28 08:44:15,847 - root - INFO -  Cambia al frame
2022-11-28 08:44:18,915 - root - INFO -  Escribe el usuario
2022-11-28 08:44:19,038 - root - INFO -  Escribe la contraseña
2022-11-28 08:44:19,176 - root - INFO -  Se dio clic en el boton ingresar
2022-11-28 08:44:19,888 - root - INFO -  Ejecutar Enterprise
2022-11-28 08:44:23,974 - root - INFO -  Cambia entre pestañas
2022-11-28 08:44:43,918 - root - INFO -  Abre la pantalla de Clasificación Vendedor
2022-11-28 08:44:43,924 - root - ERROR - La pantalla ejecutada no es correcta, revise si el xpath sigue siendo el mismo, para mas detalles del error consulte el reporte
2022-11-28 08:44:43,927 - root - INFO -  Captura: C:\xampp\htdocs\versiones\automatizaciones\AutoPWST\ScriptAmarillo\report\img  screen：20221128_08_44_43.png
2022-11-28 08:45:00,310 - root - ERROR - La pantalla ejecutada no es correcta, revise si el xpath sigue siendo el mismo, para mas detalles del error consulte el reporte
2022-11-28 08:45:03,322 - root - INFO -  Captura: C:\xampp\htdocs\versiones\automatizaciones\AutoPWST\ScriptAmarillo\report\img  screen：20221128_08_45_03.png
2022-11-28 08:45:03,333 - root - ERROR - No se encontró el botón Refrescar, revise si el xpath sigue siendo el mismo, para mas detalles del error consulte el reporte
2022-11-28 08:45:06,339 - root - INFO -  Captura: C:\xampp\htdocs\versiones\automatizaciones\AutoPWST\ScriptAmarillo\report\img  screen：20221128_08_45_06.png
2022-11-28 08:45:06,360 - root - ERROR - No se encontró el botón Refrescar, revise si el xpath sigue siendo el mismo, para mas detalles del error consulte el reporte
2022-11-28 08:45:09,376 - root - INFO -  Captura: C:\xampp\htdocs\versiones\automatizaciones\AutoPWST\ScriptAmarillo\report\img  screen：20221128_08_45_09.png
2022-11-28 08:47:17,978 - root - INFO -  Se abre el chrome
2022-11-28 08:47:18,686 - root - INFO -  Entra a la URL
2022-11-28 08:47:18,799 - root - INFO -  Maximiza la pantalla
2022-11-28 08:47:21,847 - root - INFO -  Cambia al frame
2022-11-28 08:47:24,925 - root - INFO -  Escribe el usuario
2022-11-28 08:47:24,994 - root - INFO -  Escribe la contraseña
2022-11-28 08:47:25,080 - root - INFO -  Se dio clic en el boton ingresar
2022-11-28 08:47:25,807 - root - INFO -  Ejecutar Enterprise
2022-11-28 08:47:29,865 - root - INFO -  Cambia entre pestañas
2022-11-28 08:47:51,356 - root - INFO -  Abre la pantalla de Clasificación Vendedor
2022-11-28 08:47:51,358 - root - ERROR - La pantalla ejecutada no es correcta, revise si el xpath sigue siendo el mismo, para mas detalles del error consulte el reporte
2022-11-28 08:47:51,359 - root - INFO -  Captura: C:\xampp\htdocs\versiones\automatizaciones\AutoPWST\ScriptAmarillo\report\img  screen：20221128_08_47_51.png
2022-11-28 08:48:07,735 - root - ERROR - La pantalla ejecutada no es correcta, revise si el xpath sigue siendo el mismo, para mas detalles del error consulte el reporte
2022-11-28 08:48:10,746 - root - INFO -  Captura: C:\xampp\htdocs\versiones\automatizaciones\AutoPWST\ScriptAmarillo\report\img  screen：20221128_08_48_10.png
2022-11-28 08:48:10,778 - root - ERROR - No se encontró el botón Refrescar, revise si el xpath sigue siendo el mismo, para mas detalles del error consulte el reporte
2022-11-28 08:48:13,782 - root - INFO -  Captura: C:\xampp\htdocs\versiones\automatizaciones\AutoPWST\ScriptAmarillo\report\img  screen：20221128_08_48_13.png
2022-11-28 08:48:13,786 - root - ERROR - No se encontró el botón Refrescar, revise si el xpath sigue siendo el mismo, para mas detalles del error consulte el reporte
2022-11-28 08:48:16,802 - root - INFO -  Captura: C:\xampp\htdocs\versiones\automatizaciones\AutoPWST\ScriptAmarillo\report\img  screen：20221128_08_48_16.png
2022-11-28 08:53:02,279 - root - INFO -  Se abre el chrome
2022-11-28 08:53:03,095 - root - INFO -  Entra a la URL
2022-11-28 08:53:03,217 - root - INFO -  Maximiza la pantalla
2022-11-28 08:53:06,268 - root - INFO -  Cambia al frame
2022-11-28 08:53:09,359 - root - INFO -  Escribe el usuario
2022-11-28 08:53:09,444 - root - INFO -  Escribe la contraseña
2022-11-28 08:53:09,551 - root - INFO -  Se dio clic en el boton ingresar
2022-11-28 08:53:10,272 - root - INFO -  Ejecutar Enterprise
2022-11-28 08:53:14,319 - root - INFO -  Cambia entre pestañas
2022-11-28 08:53:35,861 - root - INFO -  Abre la pantalla de Clasificación Vendedor
2022-11-28 08:53:35,863 - root - ERROR - La pantalla ejecutada no es correcta, revise si el xpath sigue siendo el mismo, para mas detalles del error consulte el reporte
2022-11-28 08:53:35,865 - root - INFO -  Captura: C:\xampp\htdocs\versiones\automatizaciones\AutoPWST\ScriptAmarillo\report\img  screen：20221128_08_53_35.png
2022-11-28 08:53:52,229 - root - ERROR - La pantalla ejecutada no es correcta, revise si el xpath sigue siendo el mismo, para mas detalles del error consulte el reporte
2022-11-28 08:53:55,246 - root - INFO -  Captura: C:\xampp\htdocs\versiones\automatizaciones\AutoPWST\ScriptAmarillo\report\img  screen：20221128_08_53_55.png
2022-11-28 08:53:55,255 - root - ERROR - No se encontró el botón Refrescar, revise si el xpath sigue siendo el mismo, para mas detalles del error consulte el reporte
2022-11-28 08:53:58,256 - root - INFO -  Captura: C:\xampp\htdocs\versiones\automatizaciones\AutoPWST\ScriptAmarillo\report\img  screen：20221128_08_53_58.png
2022-11-28 08:53:58,263 - root - ERROR - No se encontró el botón Refrescar, revise si el xpath sigue siendo el mismo, para mas detalles del error consulte el reporte
2022-11-28 08:54:01,277 - root - INFO -  Captura: C:\xampp\htdocs\versiones\automatizaciones\AutoPWST\ScriptAmarillo\report\img  screen：20221128_08_54_01.png
2022-11-28 08:55:38,868 - root - INFO -  Se abre el chrome
2022-11-28 08:55:40,094 - root - INFO -  Entra a la URL
2022-11-28 08:55:40,212 - root - INFO -  Maximiza la pantalla
2022-11-28 08:55:43,255 - root - INFO -  Cambia al frame
2022-11-28 08:55:46,310 - root - INFO -  Escribe el usuario
2022-11-28 08:55:46,376 - root - INFO -  Escribe la contraseña
2022-11-28 08:55:46,464 - root - INFO -  Se dio clic en el boton ingresar
2022-11-28 08:55:47,192 - root - INFO -  Ejecutar Enterprise
2022-11-28 08:55:51,288 - root - INFO -  Cambia entre pestañas
2022-11-28 08:56:27,170 - root - INFO -  Abre la pantalla de Clasificación Vendedor
2022-11-28 08:56:27,171 - root - ERROR - La pantalla ejecutada no es correcta, revise si el xpath sigue siendo el mismo, para mas detalles del error consulte el reporte
2022-11-28 08:56:27,173 - root - INFO -  Captura: C:\xampp\htdocs\versiones\automatizaciones\AutoPWST\ScriptAmarillo\report\img  screen：20221128_08_56_27.png
2022-11-28 08:56:43,566 - root - ERROR - La pantalla ejecutada no es correcta, revise si el xpath sigue siendo el mismo, para mas detalles del error consulte el reporte
2022-11-28 08:56:46,581 - root - INFO -  Captura: C:\xampp\htdocs\versiones\automatizaciones\AutoPWST\ScriptAmarillo\report\img  screen：20221128_08_56_46.png
2022-11-28 08:56:46,591 - root - ERROR - No se encontró el botón Refrescar, revise si el xpath sigue siendo el mismo, para mas detalles del error consulte el reporte
2022-11-28 08:56:49,594 - root - INFO -  Captura: C:\xampp\htdocs\versiones\automatizaciones\AutoPWST\ScriptAmarillo\report\img  screen：20221128_08_56_49.png
2022-11-28 08:56:49,599 - root - ERROR - No se encontró el botón Refrescar, revise si el xpath sigue siendo el mismo, para mas detalles del error consulte el reporte
2022-11-28 08:56:52,609 - root - INFO -  Captura: C:\xampp\htdocs\versiones\automatizaciones\AutoPWST\ScriptAmarillo\report\img  screen：20221128_08_56_52.png
2022-11-28 08:58:25,594 - root - INFO -  Se abre el chrome
2022-11-28 08:58:26,330 - root - INFO -  Entra a la URL
2022-11-28 08:58:26,457 - root - INFO -  Maximiza la pantalla
2022-11-28 08:58:29,503 - root - INFO -  Cambia al frame
2022-11-28 08:58:32,629 - root - INFO -  Escribe el usuario
2022-11-28 08:58:32,704 - root - INFO -  Escribe la contraseña
2022-11-28 08:58:32,788 - root - INFO -  Se dio clic en el boton ingresar
2022-11-28 08:58:33,486 - root - INFO -  Ejecutar Enterprise
2022-11-28 08:58:37,560 - root - INFO -  Cambia entre pestañas
2022-11-28 08:58:51,439 - root - ERROR - No se pudo encontrar el menu indicado, revise si el xpath sigue siendo el mismo, para mas detalles del error consulte el reporte
2022-11-28 08:58:54,444 - root - INFO -  Captura: C:\xampp\htdocs\versiones\automatizaciones\AutoPWST\ScriptAmarillo\report\img  screen：20221128_08_58_54.png
2022-11-28 08:59:10,857 - root - ERROR - La pantalla ejecutada no es correcta, revise si el xpath sigue siendo el mismo, para mas detalles del error consulte el reporte
2022-11-28 08:59:13,868 - root - INFO -  Captura: C:\xampp\htdocs\versiones\automatizaciones\AutoPWST\ScriptAmarillo\report\img  screen：20221128_08_59_13.png
2022-11-28 08:59:13,872 - root - ERROR - No se encontró el botón Refrescar, revise si el xpath sigue siendo el mismo, para mas detalles del error consulte el reporte
2022-11-28 08:59:16,886 - root - INFO -  Captura: C:\xampp\htdocs\versiones\automatizaciones\AutoPWST\ScriptAmarillo\report\img  screen：20221128_08_59_16.png
2022-11-28 08:59:16,900 - root - ERROR - No se encontró el botón Refrescar, revise si el xpath sigue siendo el mismo, para mas detalles del error consulte el reporte
2022-11-28 08:59:19,914 - root - INFO -  Captura: C:\xampp\htdocs\versiones\automatizaciones\AutoPWST\ScriptAmarillo\report\img  screen：20221128_08_59_19.png
