2022-12-21 09:30:19,533 - root - INFO -  Se abre el chrome
2022-12-21 09:30:20,356 - root - INFO -  Entra a la URL
2022-12-21 09:30:20,497 - root - INFO -  Maximiza la pantalla
2022-12-21 09:30:23,694 - root - INFO -  Escribe el usuario
2022-12-21 09:30:23,847 - root - INFO -  Escribe la contraseña
2022-12-21 09:30:23,994 - root - INFO -  Se dio clic en el boton ingresar
2022-12-21 09:30:24,744 - root - INFO -  Ejecutar Enterprise
2022-12-21 09:30:28,815 - root - INFO -  Cambia entre pestañas
2022-12-21 09:30:37,797 - root - INFO -  Abre la pantalla de Objetivos Diarios
2022-12-21 09:30:38,414 - root - INFO -  La pantalla ejecutada es Lista de precios.
2022-12-21 09:30:38,415 - root - INFO -  Captura: C:\xampp\htdocs\versiones\automatizaciones\AutoPWST\ScriptAmarillo\report\img  screen：20221221_09_30_38.png
2022-12-21 09:30:38,592 - root - INFO -  Se presiona el boton 'Refrescar', para crear un nuevo registro igual al anterior.
2022-12-21 09:30:49,091 - root - INFO -  Se presiona el boton 'Nuevo', para crear un nuevo registro.
2022-12-21 09:30:49,670 - root - INFO -  Se abrio la pantalla para el ingreso de un registro nuevo.
2022-12-21 09:30:49,700 - root - INFO -  El campo 'Vendedor' si se encuentra visible.
2022-12-21 09:30:49,752 - root - INFO -  El campo 'Fecha' si se encuentra visible.
2022-12-21 09:30:49,782 - root - INFO -  El campo 'Efectividad %' si se encuentra visible.
2022-12-21 09:30:51,329 - root - INFO -  Ingresa la efectividad del nuevo registro 
2022-12-21 09:30:53,344 - root - INFO -  Captura: C:\xampp\htdocs\versiones\automatizaciones\AutoPWST\ScriptAmarillo\report\img  screen：20221221_09_30_53.png
2022-12-21 09:30:53,524 - root - INFO - Se hace el cambio de pestaña para continuar con el registro nuevo
2022-12-21 09:30:54,118 - root - INFO -  Se presiona el boton 'Nuevo', para crear un nuevo registro.
2022-12-21 09:30:54,679 - root - INFO -  El campo 'Grupo Política' si se encuentra visible.
2022-12-21 09:30:54,718 - root - INFO -  El campo 'Tipo Objetivo' si se encuentra visible.
2022-12-21 09:30:54,745 - root - INFO -  El campo 'Tipo Unidad' si se encuentra visible.
2022-12-21 09:30:54,773 - root - INFO -  El campo 'Objetivo Cantidad' si se encuentra visible.
2022-12-21 09:30:54,803 - root - INFO -  El campo 'Objetivo Cobertura' si se encuentra visible.
2022-12-21 09:30:56,656 - root - INFO -  Ingresa el Objetivo Cantidad del nuevo registro 
2022-12-21 09:30:56,719 - root - INFO -  Ingresa el Objetivo Cobertura del nuevo registro 
2022-12-21 09:30:56,779 - root - INFO -  Se da clic en el boton Guardar; se debe crear un nuevo registro.
2022-12-21 09:30:56,963 - root - INFO -  Se da clic en el boton Guardar; se debe crear un nuevo registro.
2022-12-21 09:30:57,166 - root - INFO -  Se presiona el boton 'Refrescar', para crear un nuevo registro igual al anterior.
2022-12-21 09:31:02,243 - root - INFO -  Se presiona el boton 'Nuevo', para crear un nuevo registro igual al anterior.
2022-12-21 09:31:02,792 - root - INFO -  Se abrio la pantalla para el ingreso de un registro nuevo.
2022-12-21 09:31:02,820 - root - INFO -  El campo 'Vendedor' si se encuentra visible.
2022-12-21 09:31:02,846 - root - INFO -  El campo 'Fecha' si se encuentra visible.
2022-12-21 09:31:02,872 - root - INFO -  El campo 'Efectividad %' si se encuentra visible.
2022-12-21 09:31:04,327 - root - INFO -  Ingresa la efectividad del nuevo registro 
2022-12-21 09:31:04,378 - root - INFO -  Se da clic en el boton Guardar; se debe crear un nuevo registro.
2022-12-21 09:31:06,386 - root - INFO -  Captura: C:\xampp\htdocs\versiones\automatizaciones\AutoPWST\ScriptAmarillo\report\img  screen：20221221_09_31_06.png
2022-12-21 09:31:06,603 - root - INFO -  Se presiona el boton 'Cerrar', para cerrar el mensaje de duplicidad de llave primaria
2022-12-21 09:31:06,731 - root - INFO -  Se presiona el boton 'Cerrar', para cerrar la ventana
2022-12-21 09:31:06,836 - root - INFO -  Se presiona el boton 'Refrescar', para crear un nuevo registro igual al anterior.
2022-12-21 09:31:08,450 - root - INFO -  Se da clic en el registro creado, para proceder a modificarlo.
2022-12-21 09:31:09,060 - root - INFO -  Ingresa la efectividad del nuevo registro 
2022-12-21 09:31:11,063 - root - INFO -  Captura: C:\xampp\htdocs\versiones\automatizaciones\AutoPWST\ScriptAmarillo\report\img  screen：20221221_09_31_11.png
2022-12-21 09:31:11,279 - root - INFO - Se hace el cambio de pestaña para continuar con el registro nuevo
2022-12-21 09:31:12,447 - root - INFO -  Se da clic en el registro creado, para proceder a modificarlo.
2022-12-21 09:31:14,654 - root - INFO -  Ingresa el Objetivo Cantidad del nuevo registro 
2022-12-21 09:31:14,757 - root - INFO -  Ingresa el Objetivo Cobertura del nuevo registro 
2022-12-21 09:31:14,871 - root - INFO -  Se da clic en el boton Guardar; se debe crear un nuevo registro.
2022-12-21 09:31:15,063 - root - INFO -  Se da clic en el boton Guardar; se debe modificar la informacion del registro.
2022-12-21 09:31:15,308 - root - INFO -  Se presiona el boton 'Refrescar', para proceder a eliminar el registro.
2022-12-21 09:31:16,936 - root - INFO -  Se da clic en el registro creado, para proceder a eliminarlo.
2022-12-21 09:31:17,007 - root - INFO -  Se presiona el boton 'Eliminar', para eliminar el registro.
2022-12-21 09:31:19,010 - root - INFO -  Captura: C:\xampp\htdocs\versiones\automatizaciones\AutoPWST\ScriptAmarillo\report\img  screen：20221221_09_31_19.png
2022-12-21 09:31:19,172 - root - INFO -  Se confirma el eliminado del registro
2022-12-21 09:31:19,295 - root - INFO -  Se presiona el boton 'Refrescar', para crear un nuevo registro igual al anterior.
2022-12-21 09:31:19,428 - root - INFO -  Se presiona el boton 'Cerrar', para cerrar la pantalla de Categorias Fiscales.
2022-12-21 09:31:20,363 - root - INFO -  Abre la pantalla de PopUps
2022-12-21 09:31:21,607 - root - INFO -  La pantalla ejecutada es PopUps.
2022-12-21 09:31:22,613 - root - INFO -  Captura: C:\xampp\htdocs\versiones\automatizaciones\AutoPWST\ScriptAmarillo\report\img  screen：20221221_09_31_22.png
2022-12-21 09:31:23,947 - root - INFO -  Se ordenó por codigo.
2022-12-21 09:31:34,393 - root - ERROR - No se dió click en el botón Nuevo, validar que la acción anterior haya finalizado, que el xpath sea el correcto o que la página no presente lentitud
2022-12-21 09:31:35,404 - root - INFO -  Captura: C:\xampp\htdocs\versiones\automatizaciones\AutoPWST\ScriptAmarillo\report\img  screen：20221221_09_31_35.png
2022-12-21 09:31:46,007 - root - INFO -  Se presiona el boton 'Cerrar', para cerrar la pantalla.
2022-12-21 09:31:46,008 - root - ERROR - La pantalla anterior fallo por lo que esta no funcionara, para mas detalles del error consulte el reporte
2022-12-21 09:31:46,009 - root - ERROR - La pantalla anterior fallo por lo que esta no funcionara, para mas detalles del error consulte el reporte
2022-12-21 09:31:46,010 - root - ERROR - La pantalla anterior fallo por lo que esta no funcionara, para mas detalles del error consulte el reporte
2022-12-21 09:31:46,010 - root - ERROR - La pantalla anterior fallo por lo que esta no funcionara, para mas detalles del error consulte el reporte
2022-12-21 09:31:46,908 - root - INFO -  Abre la pantalla de Paquetes de Formularios
2022-12-21 09:31:47,465 - root - INFO -  Captura: C:\xampp\htdocs\versiones\automatizaciones\AutoPWST\ScriptAmarillo\report\img  screen：20221221_09_31_47.png
2022-12-21 09:31:47,603 - root - INFO -  La pantalla ejecutada es Zonas de Ventas.
2022-12-21 09:31:58,092 - root - INFO -  Se presiona el boton 'Nuevo', para crear un nuevo registro.
2022-12-21 09:31:58,644 - root - INFO -  Se abrio la pantalla para el ingreso de un registro nuevo.
2022-12-21 09:31:58,704 - root - INFO -  El campo 'Número Paquete' si se encuentra visible.
2022-12-21 09:31:58,734 - root - INFO -  El campo 'Formulario Inicial' si se encuentra visible.
2022-12-21 09:31:58,763 - root - INFO -  El campo 'Cantidad Formularios' si se encuentra visible.
2022-12-21 09:31:59,812 - root - INFO -  Captura: C:\xampp\htdocs\versiones\automatizaciones\AutoPWST\ScriptAmarillo\report\img  screen：20221221_09_31_59.png
2022-12-21 09:31:59,941 - root - INFO -  Ingresa la cantidad de formularios del nuevo registro 
2022-12-21 09:31:59,990 - root - INFO -  Se da clic en el boton Guardar; se debe crear un nuevo registro.
2022-12-21 09:32:00,164 - root - INFO -  Se presiona el boton 'Refrescar', para crear un nuevo registro igual al anterior.
2022-12-21 09:32:02,278 - root - INFO -  Se da clic en el registro creado, para proceder a modificarlo.
2022-12-21 09:32:03,286 - root - INFO -  Captura: C:\xampp\htdocs\versiones\automatizaciones\AutoPWST\ScriptAmarillo\report\img  screen：20221221_09_32_03.png
2022-12-21 09:32:03,505 - root - INFO -  Se presiona el boton 'Cerrar', para cerrar la ventana
2022-12-21 09:32:03,618 - root - INFO -  Se presiona el boton 'Refrescar', para proceder a eliminar el registro.
2022-12-21 09:32:05,229 - root - INFO -  Se da clic en el registro creado, para proceder a eliminarlo.
2022-12-21 09:32:05,288 - root - INFO -  Se presiona el boton 'Eliminar', para eliminar el registro.
2022-12-21 09:32:06,289 - root - INFO -  Captura: C:\xampp\htdocs\versiones\automatizaciones\AutoPWST\ScriptAmarillo\report\img  screen：20221221_09_32_06.png
2022-12-21 09:32:06,467 - root - INFO -  Se confirma el eliminado del registro
2022-12-21 09:32:06,634 - root - INFO -  Se presiona el boton 'Refrescar', para crear un nuevo registro igual al anterior.
2022-12-21 09:32:06,767 - root - INFO -  Se presiona el boton 'Cerrar', para cerrar la pantalla de Categorias Fiscales.
2022-12-21 09:32:11,035 - root - INFO -  Se cierra chrome
2022-12-21 09:42:08,708 - root - INFO -  Se abre el chrome
2022-12-21 09:42:09,483 - root - INFO -  Entra a la URL
2022-12-21 09:42:09,601 - root - INFO -  Maximiza la pantalla
2022-12-21 09:42:12,750 - root - INFO -  Escribe el usuario
2022-12-21 09:42:12,863 - root - INFO -  Escribe la contraseña
2022-12-21 09:42:12,961 - root - INFO -  Se dio clic en el boton ingresar
2022-12-21 09:42:13,661 - root - INFO -  Ejecutar Enterprise
2022-12-21 09:42:17,717 - root - INFO -  Cambia entre pestañas
2022-12-21 09:42:26,687 - root - INFO -  Abre la pantalla de Objetivos Diarios
2022-12-21 09:42:27,273 - root - INFO -  La pantalla ejecutada es Lista de precios.
2022-12-21 09:42:27,274 - root - INFO -  Captura: C:\xampp\htdocs\versiones\automatizaciones\AutoPWST\ScriptAmarillo\report\img  screen：20221221_09_42_27.png
2022-12-21 09:42:27,462 - root - INFO -  Se presiona el boton 'Refrescar', para crear un nuevo registro igual al anterior.
2022-12-21 09:42:38,023 - root - INFO -  Se presiona el boton 'Nuevo', para crear un nuevo registro.
2022-12-21 09:42:38,605 - root - INFO -  Se abrio la pantalla para el ingreso de un registro nuevo.
2022-12-21 09:42:38,635 - root - INFO -  El campo 'Vendedor' si se encuentra visible.
2022-12-21 09:42:38,663 - root - INFO -  El campo 'Fecha' si se encuentra visible.
2022-12-21 09:42:38,693 - root - INFO -  El campo 'Efectividad %' si se encuentra visible.
2022-12-21 09:42:40,145 - root - INFO -  Ingresa la efectividad del nuevo registro 
2022-12-21 09:42:42,156 - root - INFO -  Captura: C:\xampp\htdocs\versiones\automatizaciones\AutoPWST\ScriptAmarillo\report\img  screen：20221221_09_42_42.png
2022-12-21 09:42:42,355 - root - INFO - Se hace el cambio de pestaña para continuar con el registro nuevo
2022-12-21 09:42:42,964 - root - INFO -  Se presiona el boton 'Nuevo', para crear un nuevo registro.
2022-12-21 09:42:43,549 - root - INFO -  El campo 'Grupo Política' si se encuentra visible.
2022-12-21 09:42:43,577 - root - INFO -  El campo 'Tipo Objetivo' si se encuentra visible.
2022-12-21 09:42:43,605 - root - INFO -  El campo 'Tipo Unidad' si se encuentra visible.
2022-12-21 09:42:43,634 - root - INFO -  El campo 'Objetivo Cantidad' si se encuentra visible.
2022-12-21 09:42:43,664 - root - INFO -  El campo 'Objetivo Cobertura' si se encuentra visible.
2022-12-21 09:42:45,842 - root - INFO -  Ingresa el Objetivo Cantidad del nuevo registro 
2022-12-21 09:42:45,904 - root - INFO -  Ingresa el Objetivo Cobertura del nuevo registro 
2022-12-21 09:42:45,956 - root - INFO -  Se da clic en el boton Guardar; se debe crear un nuevo registro.
2022-12-21 09:42:46,159 - root - INFO -  Se da clic en el boton Guardar; se debe crear un nuevo registro.
2022-12-21 09:42:46,380 - root - INFO -  Se presiona el boton 'Refrescar', para crear un nuevo registro igual al anterior.
2022-12-21 09:42:51,473 - root - INFO -  Se presiona el boton 'Nuevo', para crear un nuevo registro igual al anterior.
2022-12-21 09:42:52,013 - root - INFO -  Se abrio la pantalla para el ingreso de un registro nuevo.
2022-12-21 09:42:52,039 - root - INFO -  El campo 'Vendedor' si se encuentra visible.
2022-12-21 09:42:52,064 - root - INFO -  El campo 'Fecha' si se encuentra visible.
2022-12-21 09:42:52,089 - root - INFO -  El campo 'Efectividad %' si se encuentra visible.
2022-12-21 09:42:53,537 - root - INFO -  Ingresa la efectividad del nuevo registro 
2022-12-21 09:42:53,589 - root - INFO -  Se da clic en el boton Guardar; se debe crear un nuevo registro.
2022-12-21 09:42:55,598 - root - INFO -  Captura: C:\xampp\htdocs\versiones\automatizaciones\AutoPWST\ScriptAmarillo\report\img  screen：20221221_09_42_55.png
2022-12-21 09:42:55,846 - root - INFO -  Se presiona el boton 'Cerrar', para cerrar el mensaje de duplicidad de llave primaria
2022-12-21 09:42:55,971 - root - INFO -  Se presiona el boton 'Cerrar', para cerrar la ventana
2022-12-21 09:42:56,087 - root - INFO -  Se presiona el boton 'Refrescar', para crear un nuevo registro igual al anterior.
2022-12-21 09:42:57,726 - root - INFO -  Se da clic en el registro creado, para proceder a modificarlo.
2022-12-21 09:42:58,338 - root - INFO -  Ingresa la efectividad del nuevo registro 
2022-12-21 09:43:00,351 - root - INFO -  Captura: C:\xampp\htdocs\versiones\automatizaciones\AutoPWST\ScriptAmarillo\report\img  screen：20221221_09_43_00.png
2022-12-21 09:43:00,542 - root - INFO - Se hace el cambio de pestaña para continuar con el registro nuevo
2022-12-21 09:43:01,639 - root - INFO -  Se da clic en el registro creado, para proceder a modificarlo.
2022-12-21 09:43:03,560 - root - INFO -  Ingresa el Objetivo Cantidad del nuevo registro 
2022-12-21 09:43:03,653 - root - INFO -  Ingresa el Objetivo Cobertura del nuevo registro 
2022-12-21 09:43:03,704 - root - INFO -  Se da clic en el boton Guardar; se debe crear un nuevo registro.
2022-12-21 09:43:03,894 - root - INFO -  Se da clic en el boton Guardar; se debe modificar la informacion del registro.
2022-12-21 09:43:04,150 - root - INFO -  Se presiona el boton 'Refrescar', para proceder a eliminar el registro.
2022-12-21 09:43:05,794 - root - INFO -  Se da clic en el registro creado, para proceder a eliminarlo.
2022-12-21 09:43:05,878 - root - INFO -  Se presiona el boton 'Eliminar', para eliminar el registro.
2022-12-21 09:43:07,893 - root - INFO -  Captura: C:\xampp\htdocs\versiones\automatizaciones\AutoPWST\ScriptAmarillo\report\img  screen：20221221_09_43_07.png
2022-12-21 09:43:08,095 - root - INFO -  Se confirma el eliminado del registro
2022-12-21 09:43:08,270 - root - INFO -  Se presiona el boton 'Refrescar', para crear un nuevo registro igual al anterior.
2022-12-21 09:43:08,386 - root - INFO -  Se presiona el boton 'Cerrar', para cerrar la pantalla de Categorias Fiscales.
2022-12-21 09:43:09,301 - root - INFO -  Abre la pantalla de PopUps
2022-12-21 09:43:09,972 - root - INFO -  La pantalla ejecutada es PopUps.
2022-12-21 09:43:10,984 - root - INFO -  Captura: C:\xampp\htdocs\versiones\automatizaciones\AutoPWST\ScriptAmarillo\report\img  screen：20221221_09_43_10.png
2022-12-21 09:43:12,289 - root - INFO -  Se ordenó por codigo.
2022-12-21 09:43:22,859 - root - INFO -  Se presiona el boton 'Nuevo', para crear un nuevo registro.
2022-12-21 09:43:23,404 - root - INFO -  Se abrio la pantalla para el ingreso de un registro nuevo.
2022-12-21 09:43:23,433 - root - INFO -  El campo 'Codigo' si se encuentra visible.
2022-12-21 09:43:23,461 - root - INFO -  El campo 'Orden' si se encuentra visible.
2022-12-21 09:43:23,512 - root - INFO -  El campo 'Activo' si se encuentra visible.
2022-12-21 09:43:23,541 - root - INFO -  El campo 'Descrición' si se encuentra visible.
2022-12-21 09:43:23,570 - root - INFO -  El campo 'Modo Visualización' si se encuentra visible.
2022-12-21 09:43:23,597 - root - INFO -  El campo 'Tipo Popup' si se encuentra visible.
2022-12-21 09:43:23,625 - root - INFO -  El campo 'Fecha Desde' si se encuentra visible.
2022-12-21 09:43:23,653 - root - INFO -  El campo 'Fecha Hasta' si se encuentra visible.
2022-12-21 09:43:23,681 - root - INFO -  El campo 'Texto' si se encuentra visible.
2022-12-21 09:43:23,709 - root - INFO -  El campo 'Seleccione Imagen' si se encuentra visible.
2022-12-21 09:43:23,784 - root - INFO -  Ingresa el codigo del nuevo registro 
2022-12-21 09:43:23,909 - root - INFO - Ingresa la orden del nuevo registro 
2022-12-21 09:43:25,008 - root - INFO -  Hizo click en el checkbox Activo
2022-12-21 09:43:25,183 - root - INFO -  Ingresa la descripción del nuevo registro 
2022-12-21 09:43:25,552 - root - INFO -  Se dió click en la opción Pantalla Held.
2022-12-21 09:43:26,478 - root - INFO -  Se dió doble click en el registro de Tipo Pop Up.
2022-12-21 09:43:26,663 - root - INFO -  Ingresa el texto del nuevo registro 
2022-12-21 09:43:27,670 - root - INFO -  Captura: C:\xampp\htdocs\versiones\automatizaciones\AutoPWST\ScriptAmarillo\report\img  screen：20221221_09_43_27.png
2022-12-21 09:43:27,881 - root - INFO -  Se da clic en el boton Guardar; se debe crear un nuevo registro.
2022-12-21 09:43:28,271 - root - INFO -  Se presiona el boton 'Refrescar', para crear un nuevo registro igual al anterior.
2022-12-21 09:43:29,095 - root - INFO -  Se presiona el boton 'Nuevo', para crear un nuevo registro igual al anterior.
2022-12-21 09:43:29,736 - root - INFO -  Se abrio la pantalla para el ingreso de un registro nuevo.
2022-12-21 09:43:29,767 - root - INFO -  El campo 'Codigo' si se encuentra visible.
2022-12-21 09:43:29,795 - root - INFO -  El campo 'Orden' si se encuentra visible.
2022-12-21 09:43:29,820 - root - INFO -  El campo 'Activo' si se encuentra visible.
2022-12-21 09:43:29,846 - root - INFO -  El campo 'Descrición' si se encuentra visible.
2022-12-21 09:43:29,896 - root - INFO -  El campo 'Modo Visualización' si se encuentra visible.
2022-12-21 09:43:29,929 - root - INFO -  El campo 'Tipo Popup' si se encuentra visible.
2022-12-21 09:43:29,954 - root - INFO -  El campo 'Fecha Desde' si se encuentra visible.
2022-12-21 09:43:29,983 - root - INFO -  El campo 'Fecha Hasta' si se encuentra visible.
2022-12-21 09:43:30,009 - root - INFO -  El campo 'Texto' si se encuentra visible.
2022-12-21 09:43:30,035 - root - INFO -  El campo 'Seleccione Imagen' si se encuentra visible.
2022-12-21 09:43:30,077 - root - INFO -  Ingresa el codigo del nuevo registro 
2022-12-21 09:43:30,137 - root - INFO -  Ingresa la orden del nuevo registro 
2022-12-21 09:43:31,255 - root - INFO -  Hizo click en el checkbox Activo
2022-12-21 09:43:31,436 - root - INFO -  Ingresa la descripción del nuevo registro 
2022-12-21 09:43:31,796 - root - INFO -  Se dió click en la opción Pantalla Hand Held.
2022-12-21 09:43:32,728 - root - INFO -  Se dió doble click en el registro de Tipo PopUp.
2022-12-21 09:43:32,934 - root - INFO -  Ingresa el texto del nuevo registro 
2022-12-21 09:43:32,996 - root - INFO -  Se da clic en el boton Guardar; NO se debe crear un nuevo registro.
2022-12-21 09:43:34,005 - root - INFO -  Captura: C:\xampp\htdocs\versiones\automatizaciones\AutoPWST\ScriptAmarillo\report\img  screen：20221221_09_43_34.png
2022-12-21 09:43:34,288 - root - INFO -  Se presiona el boton 'Cerrar', para cerrar el mensaje de duplicidad de llave primaria
2022-12-21 09:43:34,436 - root - INFO -  Se presiona el boton 'Cerrar', para cerrar la ventana
2022-12-21 09:43:34,552 - root - INFO -  Se presiona el boton 'Refrescar', para proceder a modificar el registro.
2022-12-21 09:43:36,257 - root - INFO -  Se dió dos veces click en el encabezado para modificar el orden de los registros.
2022-12-21 09:43:38,452 - root - INFO -  Se da clic en el registro creado, para proceder a modificarlo.
2022-12-21 09:43:39,110 - root - INFO -  Se modifica el contenido del campo Orden 
2022-12-21 09:43:40,215 - root - INFO -  Hizo click en el checkbox activo
2022-12-21 09:43:40,490 - root - INFO -  Se modifica el contenido del campo Descripción 
2022-12-21 09:43:40,834 - root - INFO -  Se dió click en la opción Ambos.
2022-12-21 09:43:42,052 - root - INFO -  Se dió doble click en el registro de Tipo PopUp.
2022-12-21 09:43:42,297 - root - INFO -  Se modifica el contenido del campo Texto 
2022-12-21 09:43:43,300 - root - INFO -  Captura: C:\xampp\htdocs\versiones\automatizaciones\AutoPWST\ScriptAmarillo\report\img  screen：20221221_09_43_43.png
2022-12-21 09:43:43,547 - root - INFO -  Se da clic en el boton Guardar; se debe modificar la informacion del registro.
2022-12-21 09:43:43,780 - root - INFO -  Se presiona el boton 'Refrescar', para proceder a eliminar el registro.
2022-12-21 09:43:45,417 - root - INFO -  Se da clic en el registro creado, para proceder a eliminarlo.
2022-12-21 09:43:46,517 - root - INFO -  Se presiona el boton 'Eliminar', para eliminar el registro.
2022-12-21 09:43:46,521 - root - INFO -  Captura: C:\xampp\htdocs\versiones\automatizaciones\AutoPWST\ScriptAmarillo\report\img  screen：20221221_09_43_46.png
2022-12-21 09:43:46,767 - root - INFO -  Se confirma el eliminado del registro
2022-12-21 09:43:47,347 - root - INFO -  Se presiona el boton 'Refrescar', para veriicar si el registro ha sido eliminado.
2022-12-21 09:43:47,990 - root - INFO -  Se presiona el boton 'Cerrar', para cerrar la pantalla de Pop Ups.
2022-12-21 09:43:48,924 - root - INFO -  Abre la pantalla de Paquetes de Formularios
2022-12-21 09:43:49,506 - root - INFO -  Captura: C:\xampp\htdocs\versiones\automatizaciones\AutoPWST\ScriptAmarillo\report\img  screen：20221221_09_43_49.png
2022-12-21 09:43:49,624 - root - INFO -  La pantalla ejecutada es Zonas de Ventas.
2022-12-21 09:44:00,194 - root - INFO -  Se presiona el boton 'Nuevo', para crear un nuevo registro.
2022-12-21 09:44:01,272 - root - INFO -  Se abrio la pantalla para el ingreso de un registro nuevo.
2022-12-21 09:44:01,324 - root - INFO -  El campo 'Número Paquete' si se encuentra visible.
2022-12-21 09:44:01,356 - root - INFO -  El campo 'Formulario Inicial' si se encuentra visible.
2022-12-21 09:44:01,384 - root - INFO -  El campo 'Cantidad Formularios' si se encuentra visible.
2022-12-21 09:44:02,442 - root - INFO -  Captura: C:\xampp\htdocs\versiones\automatizaciones\AutoPWST\ScriptAmarillo\report\img  screen：20221221_09_44_02.png
2022-12-21 09:44:02,594 - root - INFO -  Ingresa la cantidad de formularios del nuevo registro 
2022-12-21 09:44:02,643 - root - INFO -  Se da clic en el boton Guardar; se debe crear un nuevo registro.
2022-12-21 09:44:02,840 - root - INFO -  Se presiona el boton 'Refrescar', para crear un nuevo registro igual al anterior.
2022-12-21 09:44:05,036 - root - INFO -  Se da clic en el registro creado, para proceder a modificarlo.
2022-12-21 09:44:06,037 - root - INFO -  Captura: C:\xampp\htdocs\versiones\automatizaciones\AutoPWST\ScriptAmarillo\report\img  screen：20221221_09_44_06.png
2022-12-21 09:44:06,220 - root - INFO -  Se presiona el boton 'Cerrar', para cerrar la ventana
2022-12-21 09:44:06,324 - root - INFO -  Se presiona el boton 'Refrescar', para proceder a eliminar el registro.
2022-12-21 09:44:07,953 - root - INFO -  Se da clic en el registro creado, para proceder a eliminarlo.
2022-12-21 09:44:08,022 - root - INFO -  Se presiona el boton 'Eliminar', para eliminar el registro.
2022-12-21 09:44:09,038 - root - INFO -  Captura: C:\xampp\htdocs\versiones\automatizaciones\AutoPWST\ScriptAmarillo\report\img  screen：20221221_09_44_09.png
2022-12-21 09:44:09,222 - root - INFO -  Se confirma el eliminado del registro
2022-12-21 09:44:09,345 - root - INFO -  Se presiona el boton 'Refrescar', para crear un nuevo registro igual al anterior.
2022-12-21 09:44:09,452 - root - INFO -  Se presiona el boton 'Cerrar', para cerrar la pantalla de Categorias Fiscales.
2022-12-21 09:44:10,358 - root - INFO -  Abre la pantalla de Perfiles de Comisión
2022-12-21 09:44:10,937 - root - INFO -  La pantalla ejecutada es Perfiles de Comisión.
2022-12-21 09:44:10,938 - root - INFO -  Captura: C:\xampp\htdocs\versiones\automatizaciones\AutoPWST\ScriptAmarillo\report\img  screen：20221221_09_44_10.png
2022-12-21 09:44:21,602 - root - INFO -  Se presiona el boton 'Nuevo', para crear un nuevo registro.
2022-12-21 09:44:22,140 - root - INFO -  Se abrio la pantalla para el ingreso de un registro nuevo.
2022-12-21 09:44:22,169 - root - INFO -  El campo 'Codigo' si se encuentra visible.
2022-12-21 09:44:22,198 - root - INFO -  El campo 'Descrición' si se encuentra visible.
2022-12-21 09:44:22,232 - root - INFO -  El campo 'Porcentaje Global' si se encuentra visible.
2022-12-21 09:44:22,265 - root - INFO -  El campo 'Con impuesto' si se encuentra visible.
2022-12-21 09:44:22,294 - root - INFO -  El campo 'Comisión Repartidor' si se encuentra visible.
2022-12-21 09:44:22,354 - root - INFO -  Ingresa el codigo del nuevo registro 
2022-12-21 09:44:22,439 - root - INFO -  Ingresa la descripción del nuevo registro 
2022-12-21 09:44:22,500 - root - INFO -  Ingresa el Porcentaje Global del nuevo registro 
2022-12-21 09:44:22,572 - root - INFO -  Se hizó click en el Checkbox Con impuesto 
2022-12-21 09:44:22,637 - root - INFO -  Se hizó click en el checkbox Comisión Repartidor 
2022-12-21 09:44:23,644 - root - INFO -  Captura: C:\xampp\htdocs\versiones\automatizaciones\AutoPWST\ScriptAmarillo\report\img  screen：20221221_09_44_23.png
2022-12-21 09:44:23,833 - root - INFO - Se hace el cambio a la pestaña Topes para continuar con el registro nuevo
2022-12-21 09:44:24,409 - root - INFO -  Se presiona el boton 'Nuevo', para crear un nuevo registro de Topes.
2022-12-21 09:44:24,963 - root - INFO -  El campo 'Moneda' si se encuentra visible.
2022-12-21 09:44:24,992 - root - INFO -  El campo 'Tope' si se encuentra visible.
2022-12-21 09:44:25,026 - root - INFO -  El campo 'Porcentaje' si se encuentra visible.
2022-12-21 09:44:25,947 - root - INFO -  Se dió doble click en el registro de Moneda.
2022-12-21 09:44:26,047 - root - INFO -  Ingresa el tope del nuevo registro 
2022-12-21 09:44:26,133 - root - INFO -  Ingresa el Porcentaje del nuevo registro 
2022-12-21 09:44:26,207 - root - INFO -  Se da clic en el boton Guardar; se debe crear un nuevo registro de Topes.
2022-12-21 09:44:26,395 - root - INFO - Se hace el cambio a la pestaña Cuenta Articulo para continuar con el registro nuevo
2022-12-21 09:44:26,971 - root - INFO -  Se presiona el boton 'Nuevo', para crear un nuevo registro de Cuenta Articulo.
2022-12-21 09:44:27,524 - root - INFO -  El campo 'Cuenta' si se encuentra visible.
2022-12-21 09:44:27,553 - root - INFO -  El campo 'Artículo' si se encuentra visible.
2022-12-21 09:44:27,580 - root - INFO -  El campo 'Porcentaje' si se encuentra visible.
2022-12-21 09:44:29,017 - root - INFO -  Se dió doble click en el registro de Cuenta.
2022-12-21 09:44:30,524 - root - INFO -  Se dió doble click en el registro de Articulo.
2022-12-21 09:44:30,616 - root - INFO -  Ingresa el Porcentaje del nuevo registro 
2022-12-21 09:44:30,699 - root - INFO -  Se da clic en el boton Guardar; se debe crear un nuevo registro de Cuenta Articulo.
2022-12-21 09:44:30,928 - root - INFO - Se hace el cambio a la pestaña Cuentas para continuar con el registro nuevo
2022-12-21 09:44:31,490 - root - INFO -  Se presiona el boton 'Nuevo', para crear un nuevo registro de Cuentas.
2022-12-21 09:44:32,028 - root - INFO -  El campo 'Cuenta' si se encuentra visible.
2022-12-21 09:44:32,071 - root - INFO -  El campo 'Porcentaje' si se encuentra visible.
2022-12-21 09:44:33,482 - root - INFO -  Se dió doble click en el registro de Cuenta.
2022-12-21 09:44:33,603 - root - INFO -  Ingresa el Porcentaje del nuevo registro 
2022-12-21 09:44:33,678 - root - INFO -  Se da clic en el boton Guardar; se debe crear un nuevo registro de Cuentas.
2022-12-21 09:44:33,893 - root - INFO - Se hace el cambio a la pestaña Articulos para continuar con el registro nuevo
2022-12-21 09:44:34,484 - root - INFO -  Se presiona el boton 'Nuevo', para crear un nuevo registro de Articulos.
2022-12-21 09:44:35,037 - root - INFO -  El campo 'Artículo' si se encuentra visible.
2022-12-21 09:44:35,080 - root - INFO -  El campo 'Porcentaje' si se encuentra visible.
2022-12-21 09:44:36,513 - root - INFO -  Se dió doble click en el registro de Articulo.
2022-12-21 09:44:36,633 - root - INFO -  Ingresa el Porcentaje del nuevo registro 
2022-12-21 09:44:36,725 - root - INFO -  Se da clic en el boton Guardar; se debe crear un nuevo registro de Articulos.
2022-12-21 09:44:36,891 - root - INFO - Se hace el cambio a la pestaña Tipos de Documento para continuar con el registro nuevo
2022-12-21 09:44:37,480 - root - INFO -  Se presiona el boton 'Nuevo', para crear un nuevo registro de Tipo Documento.
2022-12-21 09:44:38,024 - root - INFO -  El campo 'Tipo Documento' si se encuentra visible.
2022-12-21 09:44:38,059 - root - INFO -  El campo 'Origen' si se encuentra visible.
2022-12-21 09:44:38,093 - root - INFO -  El campo 'Signo' si se encuentra visible.
2022-12-21 09:44:38,129 - root - INFO -  El campo 'Cancelado' si se encuentra visible.
2022-12-21 09:44:39,025 - root - INFO -  Se dió doble click en el registro de Tipo Documento.
2022-12-21 09:44:41,391 - root - INFO -  Se dió click en la opción Backoffice.
2022-12-21 09:44:41,732 - root - INFO -  Se dió click en la opción Suma.
2022-12-21 09:44:41,799 - root - INFO -  Se dió click en el checkbox Cancelado.
2022-12-21 09:44:41,856 - root - INFO -  Se da clic en el boton Guardar; se debe crear un nuevo registro de Tipos Documento.
2022-12-21 09:44:42,069 - root - INFO -  Se da clic en el boton Guardar; se debe crear un nuevo registro.
2022-12-21 09:44:42,329 - root - INFO -  Se presiona el boton 'Refrescar', para crear un nuevo registro igual al anterior.
2022-12-21 09:44:42,454 - root - INFO -  Se presiona el boton 'Nuevo', para crear un nuevo registro igual al anterior.
2022-12-21 09:44:43,001 - root - INFO -  Se abrio la pantalla para el ingreso de un registro nuevo.
2022-12-21 09:44:43,034 - root - INFO -  El campo 'Codigo' si se encuentra visible.
2022-12-21 09:44:43,086 - root - INFO -  El campo 'Descrición' si se encuentra visible.
2022-12-21 09:44:43,123 - root - INFO -  El campo 'Porcentaje Global' si se encuentra visible.
2022-12-21 09:44:43,159 - root - INFO -  El campo 'Con impuesto' si se encuentra visible.
2022-12-21 09:44:43,193 - root - INFO -  El campo 'Comisión Repartidor' si se encuentra visible.
2022-12-21 09:44:43,263 - root - INFO -  Ingresa el codigo del nuevo registro 
2022-12-21 09:44:43,369 - root - INFO -  Ingresa la descripción del nuevo registro 
2022-12-21 09:44:43,443 - root - INFO -  Ingresa el Porcentaje Global del nuevo registro 
2022-12-21 09:44:43,512 - root - INFO -  Se hizó click en el Checkbox Con impuesto 
2022-12-21 09:44:43,577 - root - INFO -  Se hizó click en el checkbox Comisión Repartidor 
2022-12-21 09:44:43,641 - root - INFO -  Se da clic en el boton Guardar; No se debe crear un nuevo registro.
2022-12-21 09:44:44,644 - root - INFO -  Captura: C:\xampp\htdocs\versiones\automatizaciones\AutoPWST\ScriptAmarillo\report\img  screen：20221221_09_44_44.png
2022-12-21 09:44:44,858 - root - INFO -  Se presiona el boton 'Cerrar', para cerrar el mensaje de duplicidad de llave primaria
2022-12-21 09:44:44,978 - root - INFO -  Se presiona el boton 'Cerrar', para cerrar la ventana
2022-12-21 09:44:45,088 - root - INFO -  Se presiona el boton 'Refrescar', para proceder a modificar el registro.
2022-12-21 09:44:46,701 - root - INFO -  Se da doble click en el registro creado, para proceder a modificarlo.
2022-12-21 09:44:47,350 - root - INFO -  Se modifica el contenido del campo Descripción 
2022-12-21 09:44:47,442 - root - INFO -  Se modifica el contenido del campo Porcentaje Global 
2022-12-21 09:44:47,504 - root - INFO -  Se hizó click en el checkbox Con impuesto 
2022-12-21 09:44:47,563 - root - INFO -  Se hizó click en el checkbox Comisión Repartidor 
2022-12-21 09:44:49,566 - root - INFO -  Captura: C:\xampp\htdocs\versiones\automatizaciones\AutoPWST\ScriptAmarillo\report\img  screen：20221221_09_44_49.png
2022-12-21 09:44:49,742 - root - INFO -  Se da clic en el boton Guardar; se debe modificar la informacion del registro.
2022-12-21 09:44:50,052 - root - INFO -  Se presiona el boton 'Refrescar', para proceder a eliminar el registro.
2022-12-21 09:44:51,677 - root - INFO -  Se da clic en el registro creado, para proceder a eliminarlo.
2022-12-21 09:44:52,748 - root - INFO -  Se da clic en la ventana de tope, para proceder a eliminarlo.
2022-12-21 09:44:53,839 - root - INFO -  Se da clic en el tope creado, para proceder a eliminarlo.
2022-12-21 09:44:54,473 - root - INFO -  Se da clic en la ventana cuenta/articulo, para proceder a eliminarlo.
2022-12-21 09:44:55,555 - root - INFO -  Se da clic en la cuenta/articulo creado, para proceder a eliminarlo.
2022-12-21 09:44:56,186 - root - INFO -  Se da clic en la ventana cuentas, para proceder a eliminarlo.
2022-12-21 09:44:57,252 - root - INFO -  Se da clic en la cuenta creado, para proceder a eliminarlo.
2022-12-21 09:44:57,861 - root - INFO -  Se da clic en la cuenta/articulo creado, para proceder a eliminarlo.
2022-12-21 09:44:58,943 - root - INFO -  Se da clic en el articulo creado, para proceder a eliminarlo.
2022-12-21 09:44:59,594 - root - INFO -  Se da clic en la ventana tipo documento, para proceder a eliminarlo.
2022-12-21 09:45:00,670 - root - INFO -  Se da clic en el tipo de documento creado, para proceder a eliminarlo.
2022-12-21 09:45:00,893 - root - INFO -  Se da clic en el boton Guardar; se debe crear un nuevo registro.
2022-12-21 09:45:01,442 - root - INFO -  Se da clic en el registro creado, para proceder a eliminarlo.
2022-12-21 09:45:01,492 - root - INFO -  Se presiona el boton 'Eliminar', para eliminar el registro.
2022-12-21 09:45:01,493 - root - INFO -  Captura: C:\xampp\htdocs\versiones\automatizaciones\AutoPWST\ScriptAmarillo\report\img  screen：20221221_09_45_01.png
2022-12-21 09:45:01,671 - root - INFO -  Se confirma el eliminado del registro
2022-12-21 09:45:01,835 - root - INFO -  Se presiona el boton 'Refrescar', para verificar que el registro se ha eliminado.
2022-12-21 09:45:01,989 - root - INFO -  Se presiona el boton 'Cerrar', para cerrar la pantalla de Perfiles de Comisión.
2022-12-21 09:45:06,311 - root - INFO -  Se cierra chrome
2022-12-21 09:57:21,320 - root - INFO -  Se abre el chrome
2022-12-21 09:57:22,537 - root - INFO -  Entra a la URL
2022-12-21 09:57:22,668 - root - INFO -  Maximiza la pantalla
2022-12-21 09:57:25,894 - root - INFO -  Escribe el usuario
2022-12-21 09:57:26,065 - root - INFO -  Escribe la contraseña
2022-12-21 09:57:26,242 - root - INFO -  Se dio clic en el boton ingresar
2022-12-21 09:57:27,047 - root - INFO -  Ejecutar Enterprise
2022-12-21 09:57:31,141 - root - INFO -  Cambia entre pestañas
2022-12-21 09:57:42,413 - root - INFO -  Abre la pantalla de Objetivos Diarios
2022-12-21 09:57:42,982 - root - INFO -  La pantalla ejecutada es Lista de precios.
2022-12-21 09:57:42,982 - root - INFO -  Captura: C:\xampp\htdocs\versiones\automatizaciones\AutoPWST\ScriptAmarillo\report\img  screen：20221221_09_57_42.png
2022-12-21 09:57:43,343 - root - INFO -  Se presiona el boton 'Refrescar', para crear un nuevo registro igual al anterior.
2022-12-21 09:57:53,851 - root - INFO -  Se presiona el boton 'Nuevo', para crear un nuevo registro.
2022-12-21 09:57:54,411 - root - INFO -  Se abrio la pantalla para el ingreso de un registro nuevo.
2022-12-21 09:57:54,452 - root - INFO -  El campo 'Vendedor' si se encuentra visible.
2022-12-21 09:57:54,490 - root - INFO -  El campo 'Fecha' si se encuentra visible.
2022-12-21 09:57:54,530 - root - INFO -  El campo 'Efectividad %' si se encuentra visible.
2022-12-21 09:57:56,018 - root - INFO -  Ingresa la efectividad del nuevo registro 
2022-12-21 09:57:58,024 - root - INFO -  Captura: C:\xampp\htdocs\versiones\automatizaciones\AutoPWST\ScriptAmarillo\report\img  screen：20221221_09_57_58.png
2022-12-21 09:57:58,250 - root - INFO - Se hace el cambio de pestaña para continuar con el registro nuevo
2022-12-21 09:57:58,840 - root - INFO -  Se presiona el boton 'Nuevo', para crear un nuevo registro.
2022-12-21 09:57:59,391 - root - INFO -  El campo 'Grupo Política' si se encuentra visible.
2022-12-21 09:57:59,437 - root - INFO -  El campo 'Tipo Objetivo' si se encuentra visible.
2022-12-21 09:57:59,477 - root - INFO -  El campo 'Tipo Unidad' si se encuentra visible.
2022-12-21 09:57:59,516 - root - INFO -  El campo 'Objetivo Cantidad' si se encuentra visible.
2022-12-21 09:57:59,559 - root - INFO -  El campo 'Objetivo Cobertura' si se encuentra visible.
2022-12-21 09:58:01,570 - root - INFO -  Ingresa el Objetivo Cantidad del nuevo registro 
2022-12-21 09:58:01,672 - root - INFO -  Ingresa el Objetivo Cobertura del nuevo registro 
2022-12-21 09:58:01,761 - root - INFO -  Se da clic en el boton Guardar; se debe crear un nuevo registro.
2022-12-21 09:58:01,948 - root - INFO -  Se da clic en el boton Guardar; se debe crear un nuevo registro.
2022-12-21 09:58:02,217 - root - INFO -  Se presiona el boton 'Refrescar', para crear un nuevo registro igual al anterior.
2022-12-21 09:58:07,277 - root - INFO -  Se presiona el boton 'Nuevo', para crear un nuevo registro igual al anterior.
2022-12-21 09:58:07,828 - root - INFO -  Se abrio la pantalla para el ingreso de un registro nuevo.
2022-12-21 09:58:07,862 - root - INFO -  El campo 'Vendedor' si se encuentra visible.
2022-12-21 09:58:07,896 - root - INFO -  El campo 'Fecha' si se encuentra visible.
2022-12-21 09:58:07,931 - root - INFO -  El campo 'Efectividad %' si se encuentra visible.
2022-12-21 09:58:09,386 - root - INFO -  Ingresa la efectividad del nuevo registro 
2022-12-21 09:58:09,461 - root - INFO -  Se da clic en el boton Guardar; se debe crear un nuevo registro.
2022-12-21 09:58:11,478 - root - INFO -  Captura: C:\xampp\htdocs\versiones\automatizaciones\AutoPWST\ScriptAmarillo\report\img  screen：20221221_09_58_11.png
2022-12-21 09:58:11,752 - root - INFO -  Se presiona el boton 'Cerrar', para cerrar el mensaje de duplicidad de llave primaria
2022-12-21 09:58:11,884 - root - INFO -  Se presiona el boton 'Cerrar', para cerrar la ventana
2022-12-21 09:58:11,999 - root - INFO -  Se presiona el boton 'Refrescar', para crear un nuevo registro igual al anterior.
2022-12-21 09:58:13,594 - root - INFO -  Se da clic en el registro creado, para proceder a modificarlo.
2022-12-21 09:58:14,210 - root - INFO -  Ingresa la efectividad del nuevo registro 
2022-12-21 09:58:16,217 - root - INFO -  Captura: C:\xampp\htdocs\versiones\automatizaciones\AutoPWST\ScriptAmarillo\report\img  screen：20221221_09_58_16.png
2022-12-21 09:58:16,435 - root - INFO - Se hace el cambio de pestaña para continuar con el registro nuevo
2022-12-21 09:58:17,535 - root - INFO -  Se da clic en el registro creado, para proceder a modificarlo.
2022-12-21 09:58:19,576 - root - INFO -  Ingresa el Objetivo Cantidad del nuevo registro 
2022-12-21 09:58:19,707 - root - INFO -  Ingresa el Objetivo Cobertura del nuevo registro 
2022-12-21 09:58:19,806 - root - INFO -  Se da clic en el boton Guardar; se debe crear un nuevo registro.
2022-12-21 09:58:20,002 - root - INFO -  Se da clic en el boton Guardar; se debe modificar la informacion del registro.
2022-12-21 09:58:20,222 - root - INFO -  Se presiona el boton 'Refrescar', para proceder a eliminar el registro.
2022-12-21 09:58:21,832 - root - INFO -  Se da clic en el registro creado, para proceder a eliminarlo.
2022-12-21 09:58:21,914 - root - INFO -  Se presiona el boton 'Eliminar', para eliminar el registro.
2022-12-21 09:58:23,922 - root - INFO -  Captura: C:\xampp\htdocs\versiones\automatizaciones\AutoPWST\ScriptAmarillo\report\img  screen：20221221_09_58_23.png
2022-12-21 09:58:24,129 - root - INFO -  Se confirma el eliminado del registro
2022-12-21 09:58:24,258 - root - INFO -  Se presiona el boton 'Refrescar', para crear un nuevo registro igual al anterior.
2022-12-21 09:58:24,391 - root - INFO -  Se presiona el boton 'Cerrar', para cerrar la pantalla de Categorias Fiscales.
2022-12-21 09:58:25,283 - root - INFO -  Abre la pantalla de PopUps
2022-12-21 09:58:25,970 - root - INFO -  La pantalla ejecutada es PopUps.
2022-12-21 09:58:26,979 - root - INFO -  Captura: C:\xampp\htdocs\versiones\automatizaciones\AutoPWST\ScriptAmarillo\report\img  screen：20221221_09_58_26.png
2022-12-21 09:58:28,293 - root - INFO -  Se ordenó por codigo.
2022-12-21 09:58:38,751 - root - INFO -  Se presiona el boton 'Nuevo', para crear un nuevo registro.
2022-12-21 09:58:39,309 - root - INFO -  Se abrio la pantalla para el ingreso de un registro nuevo.
2022-12-21 09:58:39,349 - root - INFO -  El campo 'Codigo' si se encuentra visible.
2022-12-21 09:58:39,388 - root - INFO -  El campo 'Orden' si se encuentra visible.
2022-12-21 09:58:39,428 - root - INFO -  El campo 'Activo' si se encuentra visible.
2022-12-21 09:58:39,467 - root - INFO -  El campo 'Descrición' si se encuentra visible.
2022-12-21 09:58:39,507 - root - INFO -  El campo 'Modo Visualización' si se encuentra visible.
2022-12-21 09:58:39,548 - root - INFO -  El campo 'Tipo Popup' si se encuentra visible.
2022-12-21 09:58:39,593 - root - INFO -  El campo 'Fecha Desde' si se encuentra visible.
2022-12-21 09:58:39,633 - root - INFO -  El campo 'Fecha Hasta' si se encuentra visible.
2022-12-21 09:58:39,675 - root - INFO -  El campo 'Texto' si se encuentra visible.
2022-12-21 09:58:39,716 - root - INFO -  El campo 'Seleccione Imagen' si se encuentra visible.
2022-12-21 09:58:39,793 - root - INFO -  Ingresa el codigo del nuevo registro 
2022-12-21 09:58:39,893 - root - INFO - Ingresa la orden del nuevo registro 
2022-12-21 09:58:41,008 - root - INFO -  Hizo click en el checkbox Activo
2022-12-21 09:58:41,242 - root - INFO -  Ingresa la descripción del nuevo registro 
2022-12-21 09:58:41,631 - root - INFO -  Se dió click en la opción Pantalla Held.
2022-12-21 09:58:42,577 - root - INFO -  Se dió doble click en el registro de Tipo Pop Up.
2022-12-21 09:58:42,833 - root - INFO -  Ingresa el texto del nuevo registro 
2022-12-21 09:58:43,835 - root - INFO -  Captura: C:\xampp\htdocs\versiones\automatizaciones\AutoPWST\ScriptAmarillo\report\img  screen：20221221_09_58_43.png
2022-12-21 09:58:44,099 - root - INFO -  Se da clic en el boton Guardar; se debe crear un nuevo registro.
2022-12-21 09:58:44,384 - root - INFO -  Se presiona el boton 'Refrescar', para crear un nuevo registro igual al anterior.
2022-12-21 09:58:44,984 - root - INFO -  Se presiona el boton 'Nuevo', para crear un nuevo registro igual al anterior.
2022-12-21 09:58:45,553 - root - INFO -  Se abrio la pantalla para el ingreso de un registro nuevo.
2022-12-21 09:58:45,591 - root - INFO -  El campo 'Codigo' si se encuentra visible.
2022-12-21 09:58:45,629 - root - INFO -  El campo 'Orden' si se encuentra visible.
2022-12-21 09:58:45,666 - root - INFO -  El campo 'Activo' si se encuentra visible.
2022-12-21 09:58:45,701 - root - INFO -  El campo 'Descrición' si se encuentra visible.
2022-12-21 09:58:45,739 - root - INFO -  El campo 'Modo Visualización' si se encuentra visible.
2022-12-21 09:58:45,777 - root - INFO -  El campo 'Tipo Popup' si se encuentra visible.
2022-12-21 09:58:45,816 - root - INFO -  El campo 'Fecha Desde' si se encuentra visible.
2022-12-21 09:58:45,855 - root - INFO -  El campo 'Fecha Hasta' si se encuentra visible.
2022-12-21 09:58:45,893 - root - INFO -  El campo 'Texto' si se encuentra visible.
2022-12-21 09:58:45,932 - root - INFO -  El campo 'Seleccione Imagen' si se encuentra visible.
2022-12-21 09:58:45,994 - root - INFO -  Ingresa el codigo del nuevo registro 
2022-12-21 09:58:46,088 - root - INFO -  Ingresa la orden del nuevo registro 
2022-12-21 09:58:47,201 - root - INFO -  Hizo click en el checkbox Activo
2022-12-21 09:58:47,420 - root - INFO -  Ingresa la descripción del nuevo registro 
2022-12-21 09:58:47,814 - root - INFO -  Se dió click en la opción Pantalla Hand Held.
2022-12-21 09:58:48,857 - root - INFO -  Se dió doble click en el registro de Tipo PopUp.
2022-12-21 09:58:49,143 - root - INFO -  Ingresa el texto del nuevo registro 
2022-12-21 09:58:49,253 - root - INFO -  Se da clic en el boton Guardar; NO se debe crear un nuevo registro.
2022-12-21 09:58:50,269 - root - INFO -  Captura: C:\xampp\htdocs\versiones\automatizaciones\AutoPWST\ScriptAmarillo\report\img  screen：20221221_09_58_50.png
2022-12-21 09:58:50,633 - root - INFO -  Se presiona el boton 'Cerrar', para cerrar el mensaje de duplicidad de llave primaria
2022-12-21 09:58:50,752 - root - INFO -  Se presiona el boton 'Cerrar', para cerrar la ventana
2022-12-21 09:58:50,876 - root - INFO -  Se presiona el boton 'Refrescar', para proceder a modificar el registro.
2022-12-21 09:58:52,695 - root - INFO -  Se dió dos veces click en el encabezado para modificar el orden de los registros.
2022-12-21 09:58:54,835 - root - INFO -  Se da clic en el registro creado, para proceder a modificarlo.
2022-12-21 09:58:55,486 - root - INFO -  Se modifica el contenido del campo Orden 
2022-12-21 09:58:56,609 - root - INFO -  Hizo click en el checkbox activo
2022-12-21 09:58:56,898 - root - INFO -  Se modifica el contenido del campo Descripción 
2022-12-21 09:58:57,282 - root - INFO -  Se dió click en la opción Ambos.
2022-12-21 09:58:58,228 - root - INFO -  Se dió doble click en el registro de Tipo PopUp.
2022-12-21 09:58:58,556 - root - INFO -  Se modifica el contenido del campo Texto 
2022-12-21 09:58:59,571 - root - INFO -  Captura: C:\xampp\htdocs\versiones\automatizaciones\AutoPWST\ScriptAmarillo\report\img  screen：20221221_09_58_59.png
2022-12-21 09:58:59,834 - root - INFO -  Se da clic en el boton Guardar; se debe modificar la informacion del registro.
2022-12-21 09:59:00,102 - root - INFO -  Se presiona el boton 'Refrescar', para proceder a eliminar el registro.
2022-12-21 09:59:01,703 - root - INFO -  Se da clic en el registro creado, para proceder a eliminarlo.
2022-12-21 09:59:02,793 - root - INFO -  Se presiona el boton 'Eliminar', para eliminar el registro.
2022-12-21 09:59:02,794 - root - INFO -  Captura: C:\xampp\htdocs\versiones\automatizaciones\AutoPWST\ScriptAmarillo\report\img  screen：20221221_09_59_02.png
2022-12-21 09:59:03,047 - root - INFO -  Se confirma el eliminado del registro
2022-12-21 09:59:03,668 - root - INFO -  Se presiona el boton 'Refrescar', para veriicar si el registro ha sido eliminado.
2022-12-21 09:59:04,350 - root - INFO -  Se presiona el boton 'Cerrar', para cerrar la pantalla de Pop Ups.
2022-12-21 09:59:05,276 - root - INFO -  Abre la pantalla de Paquetes de Formularios
2022-12-21 09:59:05,836 - root - INFO -  Captura: C:\xampp\htdocs\versiones\automatizaciones\AutoPWST\ScriptAmarillo\report\img  screen：20221221_09_59_05.png
2022-12-21 09:59:05,977 - root - INFO -  La pantalla ejecutada es Zonas de Ventas.
2022-12-21 09:59:16,480 - root - INFO -  Se presiona el boton 'Nuevo', para crear un nuevo registro.
2022-12-21 09:59:17,027 - root - INFO -  Se abrio la pantalla para el ingreso de un registro nuevo.
2022-12-21 09:59:17,066 - root - INFO -  El campo 'Número Paquete' si se encuentra visible.
2022-12-21 09:59:17,105 - root - INFO -  El campo 'Formulario Inicial' si se encuentra visible.
2022-12-21 09:59:17,147 - root - INFO -  El campo 'Cantidad Formularios' si se encuentra visible.
2022-12-21 09:59:18,213 - root - INFO -  Captura: C:\xampp\htdocs\versiones\automatizaciones\AutoPWST\ScriptAmarillo\report\img  screen：20221221_09_59_18.png
2022-12-21 09:59:18,372 - root - INFO -  Ingresa la cantidad de formularios del nuevo registro 
2022-12-21 09:59:18,441 - root - INFO -  Se da clic en el boton Guardar; se debe crear un nuevo registro.
2022-12-21 09:59:18,639 - root - INFO -  Se presiona el boton 'Refrescar', para crear un nuevo registro igual al anterior.
2022-12-21 09:59:20,763 - root - INFO -  Se da clic en el registro creado, para proceder a modificarlo.
2022-12-21 09:59:21,770 - root - INFO -  Captura: C:\xampp\htdocs\versiones\automatizaciones\AutoPWST\ScriptAmarillo\report\img  screen：20221221_09_59_21.png
2022-12-21 09:59:22,011 - root - INFO -  Se presiona el boton 'Cerrar', para cerrar la ventana
2022-12-21 09:59:22,136 - root - INFO -  Se presiona el boton 'Refrescar', para proceder a eliminar el registro.
2022-12-21 09:59:23,717 - root - INFO -  Se da clic en el registro creado, para proceder a eliminarlo.
2022-12-21 09:59:23,785 - root - INFO -  Se presiona el boton 'Eliminar', para eliminar el registro.
2022-12-21 09:59:24,790 - root - INFO -  Captura: C:\xampp\htdocs\versiones\automatizaciones\AutoPWST\ScriptAmarillo\report\img  screen：20221221_09_59_24.png
2022-12-21 09:59:25,004 - root - INFO -  Se confirma el eliminado del registro
2022-12-21 09:59:25,122 - root - INFO -  Se presiona el boton 'Refrescar', para crear un nuevo registro igual al anterior.
2022-12-21 09:59:25,263 - root - INFO -  Se presiona el boton 'Cerrar', para cerrar la pantalla de Categorias Fiscales.
2022-12-21 09:59:26,166 - root - INFO -  Abre la pantalla de Perfiles de Comisión
2022-12-21 09:59:26,720 - root - INFO -  La pantalla ejecutada es Perfiles de Comisión.
2022-12-21 09:59:26,720 - root - INFO -  Captura: C:\xampp\htdocs\versiones\automatizaciones\AutoPWST\ScriptAmarillo\report\img  screen：20221221_09_59_26.png
2022-12-21 09:59:37,400 - root - INFO -  Se presiona el boton 'Nuevo', para crear un nuevo registro.
