2023-01-13 10:00:04,634 - root - ERROR - No se pudo encontrar el menu indicado, validar que la acción anterior haya finalizado, que el xpath sea el correcto o que la página no presente lentitud
2023-01-13 10:00:07,636 - root - INFO -  Captura: C:\xampp\htdocs\Versiones\automatizaciones\AutoPWST\ScriptAmarillo\report\img  screen：20230113_10_00_07.png
2023-01-13 10:00:23,907 - root - ERROR - No se encontró el botón Cerrar, revise si el xpath sigue siendo el mismo, para mas detalles del error consulte el reporte
2023-01-13 10:00:26,909 - root - INFO -  Captura: C:\xampp\htdocs\Versiones\automatizaciones\AutoPWST\ScriptAmarillo\report\img  screen：20230113_10_00_26.png
2023-01-13 10:00:27,364 - root - ERROR - La pantalla anterior fallo por lo que esta no funcionara, para mas detalles del error consulte el reporte
2023-01-13 10:00:27,365 - root - ERROR - La pantalla anterior fallo por lo que esta no funcionara, para mas detalles del error consulte el reporte
2023-01-13 10:00:27,365 - root - ERROR - La pantalla anterior fallo por lo que esta no funcionara, para mas detalles del error consulte el reporte
2023-01-13 10:00:27,366 - root - ERROR - La pantalla anterior fallo por lo que esta no funcionara, para mas detalles del error consulte el reporte
2023-01-13 10:00:27,552 - root - INFO - El nombre de la pantalla para la automatización
2023-01-13 10:00:29,560 - root - INFO -  La pantalla ejecutada es GRUPO DE POLÍTICAS AD HOC.
2023-01-13 10:00:29,560 - root - INFO -  Captura: C:\xampp\htdocs\Versiones\automatizaciones\AutoPWST\ScriptAmarillo\report\img  screen：20230113_10_00_29.png
2023-01-13 10:00:30,082 - root - INFO -  Se presiona el boton 'Nuevo', para crear un nuevo registro.
2023-01-13 10:00:32,229 - root - INFO -  Se abrio la pantalla para el ingreso de un registro nuevo.
2023-01-13 10:00:32,289 - root - INFO -  El campo 'Codigo' si se encuentra visible.
2023-01-13 10:00:32,338 - root - INFO -  El campo 'Código Alternativo' si se encuentra visible.
2023-01-13 10:00:32,376 - root - INFO -  El campo 'Descrición' si se encuentra visible.
2023-01-13 10:00:32,439 - root - INFO -  Ingresa el codigo del nuevo registro 
2023-01-13 10:00:32,549 - root - INFO -  Ingresa el codigo alternativo del nuevo registro 
2023-01-13 10:00:32,658 - root - INFO -  Ingresa la descripción del nuevo registro 
2023-01-13 10:00:34,661 - root - INFO -  Captura: C:\xampp\htdocs\Versiones\automatizaciones\AutoPWST\ScriptAmarillo\report\img  screen：20230113_10_00_34.png
2023-01-13 10:00:35,225 - root - INFO -  Se da clic en el boton Guardar; se debe crear un nuevo registro.
2023-01-13 10:00:36,310 - root - ERROR - No se encontró el botón Refrescar, revise si el xpath sigue siendo el mismo, para mas detalles del error consulte el reporte
2023-01-13 10:00:36,311 - root - INFO -  Captura: C:\xampp\htdocs\Versiones\automatizaciones\AutoPWST\ScriptAmarillo\report\img  screen：20230113_10_00_36.png
2023-01-13 10:00:42,373 - root - INFO -  Se presiona el boton 'Cerrar', para cerrar la pantalla.
2023-01-13 10:00:42,375 - root - ERROR - La pantalla anterior fallo por lo que esta no funcionara, para mas detalles del error consulte el reporte
2023-01-13 10:00:42,376 - root - ERROR - La pantalla anterior fallo por lo que esta no funcionara, para mas detalles del error consulte el reporte
2023-01-13 10:00:44,460 - root - INFO -  Abre la pantalla de Programación de Politicas de Venta
2023-01-13 10:00:47,660 - root - INFO -  La pantalla ejecutada es Programación de Politicas de Venta.
2023-01-13 10:00:47,661 - root - INFO -  Captura: C:\xampp\htdocs\Versiones\automatizaciones\AutoPWST\ScriptAmarillo\report\img  screen：20230113_10_00_47.png
2023-01-13 10:00:58,288 - root - INFO -  Se presiona el boton 'Nuevo', para crear un nuevo registro.
2023-01-13 10:01:00,441 - root - INFO -  Se abrio la pantalla para el ingreso de un registro nuevo.
2023-01-13 10:01:00,484 - root - INFO -  El campo 'Codigo' si se encuentra visible.
2023-01-13 10:01:00,522 - root - INFO -  El campo 'Descrición' si se encuentra visible.
2023-01-13 10:01:00,566 - root - INFO -  El campo 'Ejecutar Cuando' si se encuentra visible.
2023-01-13 10:01:00,603 - root - INFO -  El campo 'Asignar a' si se encuentra visible.
2023-01-13 10:01:00,637 - root - INFO -  El campo 'Aplicar filtros por' si se encuentra visible.
2023-01-13 10:01:00,678 - root - INFO -  El campo 'Política de venta' si se encuentra visible.
2023-01-13 10:01:00,727 - root - INFO -  El campo 'Observaciones' si se encuentra visible.
2023-01-13 10:01:00,763 - root - INFO -  El campo 'Ejecutar generar' si se encuentra visible.
2023-01-13 10:01:00,798 - root - INFO -  El campo 'Ejecutar eliminar' si se encuentra visible.
2023-01-13 10:01:00,833 - root - INFO -  El campo 'Activa' si se encuentra visible.
2023-01-13 10:01:00,901 - root - INFO -  Ingresa el codigo del nuevo registro 
2023-01-13 10:01:01,018 - root - INFO -  Ingresa la descripción del nuevo registro 
2023-01-13 10:01:09,750 - root - INFO -  Ingresa la observacion del nuevo registro 
2023-01-13 10:01:10,550 - root - INFO -  Hizo click en el checkbox 
2023-01-13 10:01:10,631 - root - INFO -  Hizo click en el checkbox 
2023-01-13 10:01:10,709 - root - INFO -  Hizo click en el checkbox 
2023-01-13 10:01:11,711 - root - INFO -  Captura: C:\xampp\htdocs\Versiones\automatizaciones\AutoPWST\ScriptAmarillo\report\img  screen：20230113_10_01_11.png
2023-01-13 10:01:12,290 - root - INFO -  Se da clic en el boton Guardar; se debe crear un nuevo registro.
2023-01-13 10:01:13,416 - root - ERROR - No se encontró el botón Refrescar, revise si el xpath sigue siendo el mismo, para mas detalles del error consulte el reporte
2023-01-13 10:01:13,417 - root - INFO -  Captura: C:\xampp\htdocs\Versiones\automatizaciones\AutoPWST\ScriptAmarillo\report\img  screen：20230113_10_01_13.png
2023-01-13 10:01:24,717 - root - INFO -  Se presiona el boton 'Cerrar', para cerrar la pantalla.
2023-01-13 10:01:24,719 - root - ERROR - La pantalla anterior fallo por lo que esta no funcionara, para mas detalles del error consulte el reporte
2023-01-13 10:01:24,722 - root - ERROR - La pantalla anterior fallo por lo que esta no funcionara, para mas detalles del error consulte el reporte
2023-01-13 10:02:25,106 - root - ERROR - No se pudo encontrar el menu indicado, revise si el xpath sigue siendo el mismo, para mas detalles del error consulte el reporte
2023-01-13 10:02:25,109 - root - INFO -  Captura: C:\xampp\htdocs\Versiones\automatizaciones\AutoPWST\ScriptAmarillo\report\img  screen：20230113_10_02_25.png
2023-01-13 10:02:46,666 - root - ERROR - No se encontró el botón Cerrar, revise si el xpath sigue siendo el mismo, para mas detalles del error consulte el reporte
2023-01-13 10:02:49,669 - root - INFO -  Captura: C:\xampp\htdocs\Versiones\automatizaciones\AutoPWST\ScriptAmarillo\report\img  screen：20230113_10_02_49.png
2023-01-13 10:02:50,149 - root - ERROR - La pantalla anterior fallo por lo que esta no funcionara, para mas detalles del error consulte el reporte
2023-01-13 10:02:50,150 - root - ERROR - La pantalla anterior fallo por lo que esta no funcionara, para mas detalles del error consulte el reporte
2023-01-13 10:02:50,151 - root - ERROR - La pantalla anterior fallo por lo que esta no funcionara, para mas detalles del error consulte el reporte
2023-01-13 10:02:50,152 - root - ERROR - La pantalla anterior fallo por lo que esta no funcionara, para mas detalles del error consulte el reporte
2023-01-13 10:02:51,076 - root - INFO -  Abre la pantalla de Clasificación Vendedor
2023-01-13 10:02:59,868 - root - INFO -  La pantalla ejecutada es Clasificación Vendedor.
2023-01-13 10:02:59,869 - root - INFO -  Captura: C:\xampp\htdocs\Versiones\automatizaciones\AutoPWST\ScriptAmarillo\report\img  screen：20230113_10_02_59.png
2023-01-13 10:03:00,479 - root - INFO -  Se presiona el boton 'Nuevo', para crear un nuevo registro.
2023-01-13 10:03:02,113 - root - INFO -  Se abrio la pantalla para el ingreso de un registro nuevo.
2023-01-13 10:03:02,183 - root - INFO -  Ingresa el codigo del nuevo registro 
2023-01-13 10:03:02,295 - root - INFO -  Ingresa la descripción del nuevo registro 
2023-01-13 10:03:02,296 - root - INFO -  Captura: C:\xampp\htdocs\Versiones\automatizaciones\AutoPWST\ScriptAmarillo\report\img  screen：20230113_10_03_02.png
2023-01-13 10:03:02,852 - root - INFO -  Se da clic en el boton Guardar; se debe crear un nuevo registro.
2023-01-13 10:03:03,976 - root - ERROR - No se encontró el botón Refrescar, revise si el xpath sigue siendo el mismo, para mas detalles del error consulte el reporte
2023-01-13 10:03:06,977 - root - INFO -  Captura: C:\xampp\htdocs\Versiones\automatizaciones\AutoPWST\ScriptAmarillo\report\img  screen：20230113_10_03_06.png
2023-01-13 10:03:07,504 - root - INFO -  Se presiona el boton 'Refrescar', para crear un nuevo registro igual al anterior.
2023-01-13 10:03:10,217 - root - INFO -  Se da clic en el registro creado, para proceder a modificarlo.
2023-01-13 10:03:12,475 - root - INFO -  Se modifica el contenido del campo Descripcion
2023-01-13 10:03:12,476 - root - INFO -  Captura: C:\xampp\htdocs\Versiones\automatizaciones\AutoPWST\ScriptAmarillo\report\img  screen：20230113_10_03_12.png
2023-01-13 10:03:13,040 - root - INFO -  Se da clic en el boton Guardar; se debe modificar la informacion del registro.
2023-01-13 10:03:14,131 - root - ERROR - No se encontró el botón Refrescar, revise si el xpath sigue siendo el mismo, para mas detalles del error consulte el reporte
2023-01-13 10:03:17,134 - root - INFO -  Captura: C:\xampp\htdocs\Versiones\automatizaciones\AutoPWST\ScriptAmarillo\report\img  screen：20230113_10_03_17.png
2023-01-13 10:03:18,697 - root - INFO -  Abre la pantalla de Clasificaciones 2
2023-01-13 10:03:18,752 - root - ERROR - La pantalla ejecutada no es correcta, revise si el xpath sigue siendo el mismo, para mas detalles del error consulte el reporte
2023-01-13 10:03:21,753 - root - INFO -  Captura: C:\xampp\htdocs\Versiones\automatizaciones\AutoPWST\ScriptAmarillo\report\img  screen：20230113_10_03_21.png
2023-01-13 10:03:23,419 - root - ERROR - La pantalla ejecutada no es correcta, revise si el xpath sigue siendo el mismo, para mas detalles del error consulte el reporte
2023-01-13 10:03:26,421 - root - INFO -  Captura: C:\xampp\htdocs\Versiones\automatizaciones\AutoPWST\ScriptAmarillo\report\img  screen：20230113_10_03_26.png
2023-01-13 10:03:27,992 - root - ERROR - No se encontró el botón Refrescar, revise si el xpath sigue siendo el mismo, para mas detalles del error consulte el reporte
2023-01-13 10:03:30,995 - root - INFO -  Captura: C:\xampp\htdocs\Versiones\automatizaciones\AutoPWST\ScriptAmarillo\report\img  screen：20230113_10_03_30.png
2023-01-13 10:03:32,601 - root - ERROR - No se encontró el botón Refrescar, revise si el xpath sigue siendo el mismo, para mas detalles del error consulte el reporte
2023-01-13 10:03:35,602 - root - INFO -  Captura: C:\xampp\htdocs\Versiones\automatizaciones\AutoPWST\ScriptAmarillo\report\img  screen：20230113_10_03_35.png
2023-01-13 10:03:37,152 - root - ERROR - No se encontró el botón Refrescar, revise si el xpath sigue siendo el mismo, para mas detalles del error consulte el reporte
2023-01-13 10:03:40,155 - root - INFO -  Captura: C:\xampp\htdocs\Versiones\automatizaciones\AutoPWST\ScriptAmarillo\report\img  screen：20230113_10_03_40.png
2023-01-13 10:03:41,652 - root - INFO -  Abre la pantalla de Planometrias
2023-01-13 10:03:41,696 - root - ERROR - La pantalla ejecutada no es correcta, revise si el xpath sigue siendo el mismo, para mas detalles del error consulte el reporte
2023-01-13 10:03:41,697 - root - INFO -  Captura: C:\xampp\htdocs\Versiones\automatizaciones\AutoPWST\ScriptAmarillo\report\img  screen：20230113_10_03_41.png
2023-01-13 10:03:42,381 - root - ERROR - La pantalla ejecutada no es correcta, revise si el xpath sigue siendo el mismo, para mas detalles del error consulte el reporte
2023-01-13 10:03:42,382 - root - INFO -  Captura: C:\xampp\htdocs\Versiones\automatizaciones\AutoPWST\ScriptAmarillo\report\img  screen：20230113_10_03_42.png
2023-01-13 10:03:44,182 - root - ERROR - No se encontró el botón Refrescar, revise si el xpath sigue siendo el mismo, para mas detalles del error consulte el reporte
2023-01-13 10:03:44,184 - root - INFO -  Captura: C:\xampp\htdocs\Versiones\automatizaciones\AutoPWST\ScriptAmarillo\report\img  screen：20230113_10_03_44.png
2023-01-13 10:03:45,972 - root - ERROR - No se encontró el botón Refrescar, revise si el xpath sigue siendo el mismo, para mas detalles del error consulte el reporte
2023-01-13 10:03:45,972 - root - INFO -  Captura: C:\xampp\htdocs\Versiones\automatizaciones\AutoPWST\ScriptAmarillo\report\img  screen：20230113_10_03_45.png
2023-01-13 10:03:47,789 - root - ERROR - No se encontró el botón Refrescar, revise si el xpath sigue siendo el mismo, para mas detalles del error consulte el reporte
2023-01-13 10:03:47,791 - root - INFO -  Captura: C:\xampp\htdocs\Versiones\automatizaciones\AutoPWST\ScriptAmarillo\report\img  screen：20230113_10_03_47.png
2023-01-13 10:04:48,890 - root - ERROR - No se pudo encontrar el menu indicado, revise si el xpath sigue siendo el mismo, para mas detalles del error consulte el reporte
2023-01-13 10:04:51,891 - root - INFO -  Captura: C:\xampp\htdocs\Versiones\automatizaciones\AutoPWST\ScriptAmarillo\report\img  screen：20230113_10_04_51.png
2023-01-13 10:04:52,439 - root - ERROR - La pantalla ejecutada no es correcta, revise si el xpath sigue siendo el mismo, para mas detalles del error consulte el reporte
2023-01-13 10:04:55,439 - root - INFO -  Captura: C:\xampp\htdocs\Versiones\automatizaciones\AutoPWST\ScriptAmarillo\report\img  screen：20230113_10_04_55.png
2023-01-13 10:04:57,046 - root - ERROR - No se encontró el botón Refrescar, revise si el xpath sigue siendo el mismo, para mas detalles del error consulte el reporte
2023-01-13 10:05:00,050 - root - INFO -  Captura: C:\xampp\htdocs\Versiones\automatizaciones\AutoPWST\ScriptAmarillo\report\img  screen：20230113_10_05_00.png
2023-01-13 10:05:01,635 - root - ERROR - No se encontró el botón Refrescar, revise si el xpath sigue siendo el mismo, para mas detalles del error consulte el reporte
2023-01-13 10:05:04,636 - root - INFO -  Captura: C:\xampp\htdocs\Versiones\automatizaciones\AutoPWST\ScriptAmarillo\report\img  screen：20230113_10_05_04.png
2023-01-13 10:05:06,173 - root - ERROR - No se encontró el botón Refrescar, revise si el xpath sigue siendo el mismo, para mas detalles del error consulte el reporte
2023-01-13 10:05:09,177 - root - INFO -  Captura: C:\xampp\htdocs\Versiones\automatizaciones\AutoPWST\ScriptAmarillo\report\img  screen：20230113_10_05_09.png
2023-01-13 10:05:10,659 - root - INFO -  Abre la pantalla de Grupo de Políticas de Venta
2023-01-13 10:05:10,702 - root - ERROR - La pantalla ejecutada no es correcta, validar que la acción anterior haya finalizado,que el xpath sea el correcto o que la página no presente lentitud
2023-01-13 10:05:10,703 - root - INFO -  Captura: C:\xampp\htdocs\Versiones\automatizaciones\AutoPWST\ScriptAmarillo\report\img  screen：20230113_10_05_10.png
2023-01-13 10:05:32,435 - root - ERROR - No se encontró el botón Cerrar, revise si el xpath sigue siendo el mismo, para mas detalles del error consulte el reporte
2023-01-13 10:05:35,439 - root - INFO -  Captura: C:\xampp\htdocs\Versiones\automatizaciones\AutoPWST\ScriptAmarillo\report\img  screen：20230113_10_05_35.png
2023-01-13 10:05:35,906 - root - ERROR - La pantalla anterior fallo por lo que esta no funcionara, para mas detalles del error consulte el reporte
2023-01-13 10:05:35,907 - root - ERROR - La pantalla anterior fallo por lo que esta no funcionara, para mas detalles del error consulte el reporte
2023-01-13 10:05:35,908 - root - ERROR - La pantalla anterior fallo por lo que esta no funcionara, para mas detalles del error consulte el reporte
2023-01-13 10:05:35,909 - root - ERROR - La pantalla anterior fallo por lo que esta no funcionara, para mas detalles del error consulte el reporte
2023-01-13 10:05:37,315 - root - INFO -  Abre la pantalla de Tareas Relevamiento Fotográfico
2023-01-13 10:05:37,357 - root - ERROR - La pantalla ejecutada no es correcta, revise si el xpath sigue siendo el mismo, para mas detalles del error consulte el reporte
2023-01-13 10:05:37,358 - root - INFO -  Captura: C:\xampp\htdocs\Versiones\automatizaciones\AutoPWST\ScriptAmarillo\report\img  screen：20230113_10_05_37.png
2023-01-13 10:05:38,051 - root - ERROR - La pantalla ejecutada no es correcta, revise si el xpath sigue siendo el mismo, revise la accion anterior si el xpath es el correcto o el tiempo de la accion
2023-01-13 10:05:38,052 - root - INFO -  Captura: C:\xampp\htdocs\Versiones\automatizaciones\AutoPWST\ScriptAmarillo\report\img  screen：20230113_10_05_38.png
2023-01-13 10:05:40,946 - root - ERROR - No se encontró el botón Refrescar, revise si el xpath sigue siendo el mismo, revise la accion anterior si el xpath es el correcto,el tiempo de la accion o si ya existe un registro igual al creado
2023-01-13 10:05:40,947 - root - INFO -  Captura: C:\xampp\htdocs\Versiones\automatizaciones\AutoPWST\ScriptAmarillo\report\img  screen：20230113_10_05_40.png
2023-01-13 10:05:42,775 - root - ERROR - No se encontró el botón Refrescar, revise si el xpath sigue siendo el mismo, revise la accion anterior si el xpath es el correcto o el tiempo de la accion
2023-01-13 10:05:42,778 - root - INFO -  Captura: C:\xampp\htdocs\Versiones\automatizaciones\AutoPWST\ScriptAmarillo\report\img  screen：20230113_10_05_42.png
2023-01-13 10:05:45,413 - root - ERROR - No se encontró el botón Refrescar, revise si el xpath sigue siendo el mismo, revise la accion anterior si el xpath es el correcto o el tiempo de la accion
2023-01-13 10:05:45,416 - root - INFO -  Captura: C:\xampp\htdocs\Versiones\automatizaciones\AutoPWST\ScriptAmarillo\report\img  screen：20230113_10_05_45.png
2023-01-13 10:05:47,319 - root - INFO -  Abre la pantalla de Tareas Relevamiento Fotográfico
2023-01-13 10:05:47,360 - root - ERROR - La pantalla ejecutada no es correcta, revise si el xpath sigue siendo el mismo, revise la accion anterior si el xpath es el correcto o el tiempo de la accion
2023-01-13 10:05:47,361 - root - INFO -  Captura: C:\xampp\htdocs\Versiones\automatizaciones\AutoPWST\ScriptAmarillo\report\img  screen：20230113_10_05_47.png
2023-01-13 10:05:47,995 - root - ERROR - La pantalla ejecutada no es correcta, revise si el xpath sigue siendo el mismo, revise la accion anterior si el xpath es el correcto o el tiempo de la accion
2023-01-13 10:05:47,996 - root - INFO -  Captura: C:\xampp\htdocs\Versiones\automatizaciones\AutoPWST\ScriptAmarillo\report\img  screen：20230113_10_05_47.png
2023-01-13 10:05:49,824 - root - ERROR - No se encontró el botón Refrescar, revise si el xpath sigue siendo el mismo, revise la accion anterior si el xpath es el correcto,el tiempo de la accion o si ya existe un registro ya creado igual
2023-01-13 10:05:49,825 - root - INFO -  Captura: C:\xampp\htdocs\Versiones\automatizaciones\AutoPWST\ScriptAmarillo\report\img  screen：20230113_10_05_49.png
2023-01-13 10:05:51,476 - root - ERROR - No se encontró el botón Refrescar, revise si el xpath sigue siendo el mismo, revise la accion anterior si el xpath es el correcto o el tiempo de la accion
2023-01-13 10:05:51,479 - root - INFO -  Captura: C:\xampp\htdocs\Versiones\automatizaciones\AutoPWST\ScriptAmarillo\report\img  screen：20230113_10_05_51.png
2023-01-13 10:05:53,087 - root - ERROR - No se encontró el botón Refrescar, revise si el xpath sigue siendo el mismo, revise la accion anterior si el xpath es el correcto o el tiempo de la accion
2023-01-13 10:05:53,089 - root - INFO -  Captura: C:\xampp\htdocs\Versiones\automatizaciones\AutoPWST\ScriptAmarillo\report\img  screen：20230113_10_05_53.png
2023-01-13 10:05:54,679 - root - INFO - Abre la pantalla de Tipos de PopUp
2023-01-13 10:05:54,720 - root - ERROR - La pantalla ejecutada no es correcta, validar que la acción anterior haya finalizado, que el nombre de la pantalla sea el correcto o que la página no presente lentitud
2023-01-13 10:05:54,721 - root - INFO -  Captura: C:\xampp\htdocs\Versiones\automatizaciones\AutoPWST\ScriptAmarillo\report\img  screen：20230113_10_05_54.png
2023-01-13 10:05:55,442 - root - ERROR - La pantalla ejecutada no es correcta, validar que la acción anterior haya finalizado, que el nombre de la pantalla sea el correcto o que la página no presente lentitud
2023-01-13 10:05:55,442 - root - INFO -  Captura: C:\xampp\htdocs\Versiones\automatizaciones\AutoPWST\ScriptAmarillo\report\img  screen：20230113_10_05_55.png
2023-01-13 10:05:57,245 - root - ERROR - No se dió click en el botón Refrescar, validar que la acción anterior haya finalizado, que el xpath sea el correcto o que la página no presente lentitud
2023-01-13 10:05:57,246 - root - INFO -  Captura: C:\xampp\htdocs\Versiones\automatizaciones\AutoPWST\ScriptAmarillo\report\img  screen：20230113_10_05_57.png
2023-01-13 10:05:59,111 - root - ERROR -  No se dió click en el botón Refrescar, validar que la acción anterior haya finalizado, que el xpath sea el correcto o que la página no presente lentitud
2023-01-13 10:06:02,115 - root - INFO -  Captura: C:\xampp\htdocs\Versiones\automatizaciones\AutoPWST\ScriptAmarillo\report\img  screen：20230113_10_06_02.png
2023-01-13 10:06:03,951 - root - ERROR - No se dió click en el botón Refrescar, validar que la acción anterior haya finalizado, que el xpath sea el correcto o que la página no presente lentitud
2023-01-13 10:06:06,953 - root - INFO -  Captura: C:\xampp\htdocs\Versiones\automatizaciones\AutoPWST\ScriptAmarillo\report\img  screen：20230113_10_06_06.png
2023-01-13 10:06:08,482 - root - INFO -  Abre la pantalla de Vehiculos
2023-01-13 10:06:08,517 - root - ERROR - La pantalla ejecutada no es correcta, revise si el xpath sigue siendo el mismo, para mas detalles del error consulte el reporte
2023-01-13 10:06:08,518 - root - INFO -  Captura: C:\xampp\htdocs\Versiones\automatizaciones\AutoPWST\ScriptAmarillo\report\img  screen：20230113_10_06_08.png
2023-01-13 10:06:09,186 - root - ERROR - La pantalla ejecutada no es correcta, revise si el xpath sigue siendo el mismo, para mas detalles del error consulte el reporte
2023-01-13 10:06:09,186 - root - INFO -  Captura: C:\xampp\htdocs\Versiones\automatizaciones\AutoPWST\ScriptAmarillo\report\img  screen：20230113_10_06_09.png
2023-01-13 10:06:11,052 - root - ERROR - No se encontró el botón Refrescar, revise si el xpath sigue siendo el mismo, para mas detalles del error consulte el reporte
2023-01-13 10:06:11,055 - root - INFO -  Captura: C:\xampp\htdocs\Versiones\automatizaciones\AutoPWST\ScriptAmarillo\report\img  screen：20230113_10_06_11.png
2023-01-13 10:06:12,691 - root - ERROR - No se encontró el botón Refrescar, revise si el xpath sigue siendo el mismo, para mas detalles del error consulte el reporte
2023-01-13 10:06:12,692 - root - INFO -  Captura: C:\xampp\htdocs\Versiones\automatizaciones\AutoPWST\ScriptAmarillo\report\img  screen：20230113_10_06_12.png
2023-01-13 10:06:14,291 - root - ERROR - No se encontró el botón Refrescar, revise si el xpath sigue siendo el mismo, para mas detalles del error consulte el reporte
2023-01-13 10:06:14,293 - root - INFO -  Captura: C:\xampp\htdocs\Versiones\automatizaciones\AutoPWST\ScriptAmarillo\report\img  screen：20230113_10_06_14.png
2023-01-13 10:06:15,908 - root - INFO -  Abre la pantalla de Worksflow
2023-01-13 10:06:15,957 - root - ERROR - La pantalla ejecutada no es correcta, validar que la acción anterior haya finalizado, que el nombre de la  sea el correcto o que la página no presente lentitud
2023-01-13 10:06:18,959 - root - INFO -  Captura: C:\xampp\htdocs\Versiones\automatizaciones\AutoPWST\ScriptAmarillo\report\img  screen：20230113_10_06_18.png
2023-01-13 10:06:19,468 - root - ERROR - La pantalla ejecutada no es correcta, validar que la acción anterior haya finalizado, que el nombre de la pantalla sea el correcto o que la página no presente lentitud
2023-01-13 10:06:22,471 - root - INFO -  Captura: C:\xampp\htdocs\Versiones\automatizaciones\AutoPWST\ScriptAmarillo\report\img  screen：20230113_10_06_22.png
2023-01-13 10:06:24,064 - root - ERROR - No se dió click en el botón Refrescar, validar que la acción anterior haya finalizado, que el xpath sea el correcto o que la página no presente lentitud
2023-01-13 10:06:24,068 - root - INFO -  Captura: C:\xampp\htdocs\Versiones\automatizaciones\AutoPWST\ScriptAmarillo\report\img  screen：20230113_10_06_24.png
2023-01-13 10:06:25,655 - root - ERROR - No se dió click el botón Refrescar, validar que la acción anterior haya finalizado, que el xpath sea el correcto o que la página no presente lentitud
2023-01-13 10:06:25,657 - root - INFO -  Captura: C:\xampp\htdocs\Versiones\automatizaciones\AutoPWST\ScriptAmarillo\report\img  screen：20230113_10_06_25.png
2023-01-13 10:06:27,208 - root - ERROR - No se dió click el botón Refrescar, validar que la acción anterior haya finalizado, que el xpath sea el correcto o que la página no presente lentitud
2023-01-13 10:06:27,209 - root - INFO -  Captura: C:\xampp\htdocs\Versiones\automatizaciones\AutoPWST\ScriptAmarillo\report\img  screen：20230113_10_06_27.png
2023-01-13 10:06:28,804 - root - INFO -  Abre la pantalla de Objetivos Diarios
2023-01-13 10:06:28,850 - root - ERROR - La pantalla ejecutada no es correcta, validar que la acción anterior haya finalizado, que el nombre de la pantalla sea el correcto o que la página no presente lentitud
2023-01-13 10:06:28,851 - root - INFO -  Captura: C:\xampp\htdocs\Versiones\automatizaciones\AutoPWST\ScriptAmarillo\report\img  screen：20230113_10_06_28.png
2023-01-13 10:06:56,506 - root - ERROR - No se encontró el botón Cerrar, revise si el xpath sigue siendo el mismo, para mas detalles del error consulte el reporte
2023-01-13 10:06:59,508 - root - INFO -  Captura: C:\xampp\htdocs\Versiones\automatizaciones\AutoPWST\ScriptAmarillo\report\img  screen：20230113_10_06_59.png
2023-01-13 10:07:00,039 - root - ERROR - La pantalla anterior fallo por lo que esta no funcionara, para mas detalles del error consulte el reporte
2023-01-13 10:07:00,040 - root - ERROR - La pantalla anterior fallo por lo que esta no funcionara, para mas detalles del error consulte el reporte
2023-01-13 10:07:00,041 - root - ERROR - La pantalla anterior fallo por lo que esta no funcionara, para mas detalles del error consulte el reporte
2023-01-13 10:07:00,042 - root - ERROR - La pantalla anterior fallo por lo que esta no funcionara, para mas detalles del error consulte el reporte
2023-01-13 10:07:00,043 - root - ERROR - La pantalla anterior fallo por lo que esta no funcionara, para mas detalles del error consulte el reporte
2023-01-13 10:07:00,043 - root - ERROR - La pantalla anterior fallo por lo que esta no funcionara, para mas detalles del error consulte el reporte
2023-01-13 10:07:00,044 - root - ERROR - La pantalla anterior fallo por lo que esta no funcionara, para mas detalles del error consulte el reporte
2023-01-13 10:07:00,045 - root - ERROR - La pantalla anterior fallo por lo que esta no funcionara, para mas detalles del error consulte el reporte
2023-01-13 10:07:00,046 - root - ERROR - La pantalla anterior fallo por lo que esta no funcionara, para mas detalles del error consulte el reporte
2023-01-13 10:07:00,046 - root - ERROR - La pantalla anterior fallo por lo que esta no funcionara, para mas detalles del error consulte el reporte
2023-01-13 10:07:00,047 - root - ERROR - La pantalla anterior fallo por lo que esta no funcionara, para mas detalles del error consulte el reporte
2023-01-13 10:07:00,048 - root - ERROR - La pantalla anterior fallo por lo que esta no funcionara, para mas detalles del error consulte el reporte
2023-01-13 10:07:00,049 - root - ERROR - La pantalla anterior fallo por lo que esta no funcionara, para mas detalles del error consulte el reporte
2023-01-13 10:07:01,154 - root - INFO -  Abre la pantalla de Grupo de Políticas de Venta
2023-01-13 10:07:01,194 - root - ERROR - La pantalla ejecutada no es correcta, validar que la acción anterior haya finalizado,que el xpath sea el correcto o que la página no presente lentitud
2023-01-13 10:07:01,195 - root - INFO -  Captura: C:\xampp\htdocs\Versiones\automatizaciones\AutoPWST\ScriptAmarillo\report\img  screen：20230113_10_07_01.png
2023-01-13 10:07:23,106 - root - ERROR - No se encontró el botón Cerrar, revise si el xpath sigue siendo el mismo, para mas detalles del error consulte el reporte
2023-01-13 10:07:26,111 - root - INFO -  Captura: C:\xampp\htdocs\Versiones\automatizaciones\AutoPWST\ScriptAmarillo\report\img  screen：20230113_10_07_26.png
2023-01-13 10:07:26,628 - root - ERROR - La pantalla anterior fallo por lo que esta no funcionara, para mas detalles del error consulte el reporte
2023-01-13 10:07:26,629 - root - ERROR - La pantalla anterior fallo por lo que esta no funcionara, para mas detalles del error consulte el reporte
2023-01-13 10:07:26,631 - root - ERROR - La pantalla anterior fallo por lo que esta no funcionara, para mas detalles del error consulte el reporte
2023-01-13 10:07:26,632 - root - ERROR - La pantalla anterior fallo por lo que esta no funcionara, para mas detalles del error consulte el reporte
2023-01-13 10:07:26,633 - root - ERROR - La pantalla anterior fallo por lo que esta no funcionara, para mas detalles del error consulte el reporte
2023-01-13 10:07:26,633 - root - ERROR - La pantalla anterior fallo por lo que esta no funcionara, para mas detalles del error consulte el reporte
2023-01-13 10:07:26,634 - root - ERROR - La pantalla anterior fallo por lo que esta no funcionara, para mas detalles del error consulte el reporte
2023-01-13 10:07:26,635 - root - ERROR - La pantalla anterior fallo por lo que esta no funcionara, para mas detalles del error consulte el reporte
2023-01-13 10:07:26,636 - root - ERROR - La pantalla anterior fallo por lo que esta no funcionara, para mas detalles del error consulte el reporte
2023-01-13 10:07:26,636 - root - ERROR - La pantalla anterior fallo por lo que esta no funcionara, para mas detalles del error consulte el reporte
2023-01-13 10:07:26,637 - root - ERROR - La pantalla anterior fallo por lo que esta no funcionara, para mas detalles del error consulte el reporte
2023-01-13 10:07:26,639 - root - ERROR - La pantalla anterior fallo por lo que esta no funcionara, para mas detalles del error consulte el reporte
2023-01-13 10:07:26,640 - root - ERROR - La pantalla anterior fallo por lo que esta no funcionara, para mas detalles del error consulte el reporte
2023-01-13 10:07:26,641 - root - ERROR - La pantalla anterior fallo por lo que esta no funcionara, para mas detalles del error consulte el reporte
2023-01-13 10:07:31,047 - root - INFO -  Se cierra chrome
