2023-01-13 09:10:25,190 - root - INFO -  Se abre el chrome
2023-01-13 09:10:31,596 - root - INFO -  Entra a la URL
2023-01-13 09:10:31,810 - root - INFO -  Maximiza la pantalla
2023-01-13 09:10:35,009 - root - INFO -  Escribe el usuario
2023-01-13 09:10:35,130 - root - INFO -  Escribe la contraseña
2023-01-13 09:10:35,232 - root - INFO -  Se dio clic en el boton ingresar
2023-01-13 09:53:24,949 - root - INFO -  Se abre el chrome
2023-01-13 09:53:40,290 - root - INFO -  Entra a la URL
2023-01-13 09:53:40,428 - root - INFO -  Maximiza la pantalla
2023-01-13 09:53:43,668 - root - INFO -  Escribe el usuario
2023-01-13 09:53:43,762 - root - INFO -  Escribe la contraseña
2023-01-13 09:53:43,851 - root - INFO -  Se dio clic en el boton ingresar
2023-01-13 09:53:50,840 - root - INFO -  Ejecutar Enterprise
2023-01-13 09:53:54,897 - root - INFO -  Cambia entre pestañas
2023-01-13 09:55:33,754 - root - INFO -  Abre la pantalla de Objetivos Diarios
2023-01-13 09:55:34,851 - root - INFO -  La pantalla ejecutada es Lista de precios.
2023-01-13 09:55:34,852 - root - INFO -  Captura: C:\xampp\htdocs\Versiones\automatizaciones\AutoPWST\ScriptAmarillo\report\img  screen：20230113_09_55_34.png
2023-01-13 09:55:35,416 - root - INFO -  Se presiona el boton 'Refrescar', para crear un nuevo registro igual al anterior.
2023-01-13 09:55:37,569 - root - INFO -  Se da clic en el registro creado, para proceder a modificarlo.
2023-01-13 09:55:37,735 - root - INFO -  Se presiona el boton 'Eliminar', para eliminar el registro.
2023-01-13 09:55:38,868 - root - INFO -  Se confirma el eliminado del registro
2023-01-13 09:55:39,984 - root - ERROR - No se dio click el botón Refrescar, validar que la acción anterior haya finalizado,que el xpath sea el correcto o que la página no presente lentitud
2023-01-13 09:55:41,988 - root - INFO -  Captura: C:\xampp\htdocs\Versiones\automatizaciones\AutoPWST\ScriptAmarillo\report\img  screen：20230113_09_55_41.png
2023-01-13 09:56:03,936 - root - INFO -  Se presiona el boton 'Cerrar', para cerrar la pantalla.
2023-01-13 09:56:03,937 - root - ERROR - La pantalla anterior fallo por lo que esta no funcionara, para mas detalles del error consulte el reporte
2023-01-13 09:56:03,939 - root - ERROR - La pantalla anterior fallo por lo que esta no funcionara, para mas detalles del error consulte el reporte
2023-01-13 09:56:03,941 - root - ERROR - La pantalla anterior fallo por lo que esta no funcionara, para mas detalles del error consulte el reporte
2023-01-13 09:56:03,942 - root - ERROR - La pantalla anterior fallo por lo que esta no funcionara, para mas detalles del error consulte el reporte
2023-01-13 09:56:42,590 - root - INFO -  Abre la pantalla de PopUps
2023-01-13 09:56:44,775 - root - INFO -  La pantalla ejecutada es PopUps.
2023-01-13 09:56:45,778 - root - INFO -  Captura: C:\xampp\htdocs\Versiones\automatizaciones\AutoPWST\ScriptAmarillo\report\img  screen：20230113_09_56_45.png
2023-01-13 09:56:48,457 - root - ERROR - La pantalla ejecutada no es correcta, validar que la acción anterior haya finalizado, que el nombre de la pantalla sea el correcto o que la página no presente lentitud
2023-01-13 09:56:49,460 - root - INFO -  Captura: C:\xampp\htdocs\Versiones\automatizaciones\AutoPWST\ScriptAmarillo\report\img  screen：20230113_09_56_49.png
2023-01-13 09:57:00,630 - root - INFO -  Se presiona el boton 'Cerrar', para cerrar la pantalla.
2023-01-13 09:57:00,631 - root - ERROR - La pantalla anterior fallo por lo que esta no funcionara, para mas detalles del error consulte el reporte
2023-01-13 09:57:00,633 - root - ERROR - La pantalla anterior fallo por lo que esta no funcionara, para mas detalles del error consulte el reporte
2023-01-13 09:57:00,635 - root - ERROR - La pantalla anterior fallo por lo que esta no funcionara, para mas detalles del error consulte el reporte
2023-01-13 09:57:00,637 - root - ERROR - La pantalla anterior fallo por lo que esta no funcionara, para mas detalles del error consulte el reporte
2023-01-13 09:58:01,318 - root - ERROR - No se pudo encontrar el menu indicado, revise si el xpath sigue siendo el mismo, para mas detalles del error consulte el reporte
2023-01-13 09:58:01,321 - root - INFO -  Captura: C:\xampp\htdocs\Versiones\automatizaciones\AutoPWST\ScriptAmarillo\report\img  screen：20230113_09_58_01.png
2023-01-13 09:58:12,358 - root - ERROR - No se encontró el botón Cerrar, revise si el xpath sigue siendo el mismo, para mas detalles del error consulte el reporte
2023-01-13 09:58:15,361 - root - INFO -  Captura: C:\xampp\htdocs\Versiones\automatizaciones\AutoPWST\ScriptAmarillo\report\img  screen：20230113_09_58_15.png
2023-01-13 09:58:15,848 - root - ERROR - La pantalla anterior fallo por lo que esta no funcionara, para mas detalles del error consulte el reporte
2023-01-13 09:58:15,849 - root - ERROR - La pantalla anterior fallo por lo que esta no funcionara, para mas detalles del error consulte el reporte
2023-01-13 09:58:15,850 - root - ERROR - La pantalla anterior fallo por lo que esta no funcionara, para mas detalles del error consulte el reporte
2023-01-13 09:58:16,842 - root - INFO -  Abre la pantalla de Perfiles de Comisión
2023-01-13 09:58:18,470 - root - INFO -  La pantalla ejecutada es Perfiles de Comisión.
2023-01-13 09:58:18,470 - root - INFO -  Captura: C:\xampp\htdocs\Versiones\automatizaciones\AutoPWST\ScriptAmarillo\report\img  screen：20230113_09_58_18.png
2023-01-13 09:58:29,107 - root - INFO -  Se presiona el boton 'Nuevo', para crear un nuevo registro.
2023-01-13 09:58:31,215 - root - INFO -  Se abrio la pantalla para el ingreso de un registro nuevo.
2023-01-13 09:58:31,263 - root - INFO -  El campo 'Codigo' si se encuentra visible.
2023-01-13 09:58:31,304 - root - INFO -  El campo 'Descrición' si se encuentra visible.
2023-01-13 09:58:31,350 - root - INFO -  El campo 'Porcentaje Global' si se encuentra visible.
2023-01-13 09:58:31,387 - root - INFO -  El campo 'Con impuesto' si se encuentra visible.
2023-01-13 09:58:31,429 - root - INFO -  El campo 'Comisión Repartidor' si se encuentra visible.
2023-01-13 09:58:31,489 - root - INFO -  Ingresa el codigo del nuevo registro 
2023-01-13 09:58:31,612 - root - INFO -  Ingresa la descripción del nuevo registro 
2023-01-13 09:58:31,689 - root - INFO -  Ingresa el Porcentaje Global del nuevo registro 
2023-01-13 09:58:31,771 - root - INFO -  Se hizó click en el Checkbox Con impuesto 
2023-01-13 09:58:31,842 - root - INFO -  Se hizó click en el checkbox Comisión Repartidor 
2023-01-13 09:58:32,843 - root - INFO -  Captura: C:\xampp\htdocs\Versiones\automatizaciones\AutoPWST\ScriptAmarillo\report\img  screen：20230113_09_58_32.png
2023-01-13 09:58:33,439 - root - INFO - Se hace el cambio a la pestaña Topes para continuar con el registro nuevo
2023-01-13 09:58:34,071 - root - INFO -  Se presiona el boton 'Nuevo', para crear un nuevo registro de Topes.
2023-01-13 09:58:35,664 - root - INFO -  El campo 'Moneda' si se encuentra visible.
2023-01-13 09:58:35,702 - root - INFO -  El campo 'Tope' si se encuentra visible.
2023-01-13 09:58:35,740 - root - INFO -  El campo 'Porcentaje' si se encuentra visible.
2023-01-13 09:58:40,894 - root - INFO -  Se dió doble click en el registro de Moneda.
2023-01-13 09:58:41,024 - root - INFO -  Ingresa el tope del nuevo registro 
2023-01-13 09:58:41,203 - root - INFO -  Ingresa el Porcentaje del nuevo registro 
2023-01-13 09:58:42,353 - root - ERROR - No se dió click en el botón Guardar, validar que la acción anterior haya finalizado, que el xpath sea el correcto o que la página no presente lentitud
2023-01-13 09:58:43,355 - root - INFO -  Captura: C:\xampp\htdocs\Versiones\automatizaciones\AutoPWST\ScriptAmarillo\report\img  screen：20230113_09_58_43.png
2023-01-13 09:58:44,441 - root - INFO -  Se presiona el boton 'Cerrar', para cerrar la ventana modal.
2023-01-13 09:58:45,234 - root - INFO -  Se presiona el boton 'Cerrar', para cerrar la ventana modal.
2023-01-13 09:58:46,382 - root - ERROR - No se encontró el botón Cerrar, revise si el xpath sigue siendo el mismo, para mas detalles del error consulte el reporte
2023-01-13 09:58:49,384 - root - INFO -  Captura: C:\xampp\htdocs\Versiones\automatizaciones\AutoPWST\ScriptAmarillo\report\img  screen：20230113_09_58_49.png
2023-01-13 09:58:49,844 - root - ERROR - La pantalla anterior fallo por lo que esta no funcionara, para mas detalles del error consulte el reporte
2023-01-13 09:58:49,845 - root - ERROR - La pantalla anterior fallo por lo que esta no funcionara, para mas detalles del error consulte el reporte
2023-01-13 09:58:49,846 - root - ERROR - La pantalla anterior fallo por lo que esta no funcionara, para mas detalles del error consulte el reporte
2023-01-13 09:58:50,826 - root - INFO -  Abre la pantalla de Politicas de Venta
2023-01-13 09:58:50,877 - root - ERROR - La pantalla ejecutada no es correcta, validar que la acción anterior haya finalizado, que el nombre de la pantalla sea el correcto o que la página no presente lentitude
2023-01-13 09:58:51,878 - root - INFO -  Captura: C:\xampp\htdocs\Versiones\automatizaciones\AutoPWST\ScriptAmarillo\report\img  screen：20230113_09_58_51.png
2023-01-13 09:59:03,123 - root - INFO -  Se presiona el boton 'Cerrar', para cerrar la ventana modal.
2023-01-13 09:59:03,974 - root - INFO -  Se presiona el boton 'Cerrar', para cerrar la pantalla.
2023-01-13 09:59:03,978 - root - ERROR - La pantalla anterior fallo por lo que esta no funcionara, para mas detalles del error consulte el reporte
2023-01-13 09:59:03,979 - root - ERROR - La pantalla anterior fallo por lo que esta no funcionara, para mas detalles del error consulte el reporte
2023-01-13 09:59:03,981 - root - ERROR - La pantalla anterior fallo por lo que esta no funcionara, para mas detalles del error consulte el reporte
2023-01-13 09:59:03,983 - root - ERROR - La pantalla anterior fallo por lo que esta no funcionara, para mas detalles del error consulte el reporte
