2022-12-05 12:00:05,457 - root - INFO -  Ingresa la cantidad del nuevo registro 
2022-12-05 12:00:05,559 - root - INFO -  Ingresa la contraseña del nuevo registro 
2022-12-05 12:00:05,559 - root - INFO -  Captura: C:\xampp\htdocs\versiones\automatizaciones\AutoPWST\01AC\report\img  screen：20221205_12_00_05.png
2022-12-05 12:00:05,721 - root - INFO -  Se da clic en el boton Guardar; se debe crear un nuevo registro.
2022-12-05 12:00:06,210 - root - INFO -  Se presiona el boton 'Refrescar', para crear un nuevo registro igual al anterior.
2022-12-05 12:00:08,269 - root - INFO -  Se presiona el boton 'Nuevo', para crear un nuevo registro igual al anterior.
2022-12-05 12:00:08,781 - root - ERROR - No se encontró el registro de Empresa, validar que la acción anterior haya finalizado,que el xpath sea el correcto o que la página no presente lentitud
2022-12-05 12:00:10,782 - root - INFO -  Captura: C:\xampp\htdocs\versiones\automatizaciones\AutoPWST\01AC\report\img  screen：20221205_12_00_10.png
2022-12-05 12:00:10,813 - root - ERROR - No se dio click al botón Refrescar, validar que la acción anterior haya finalizado,que el xpath sea el correcto o que la página no presente lentitud
2022-12-05 12:00:30,523 - root - INFO -  Se abre el chrome
2022-12-05 12:00:31,444 - root - INFO -  Entra a la URL
2022-12-05 12:00:31,577 - root - INFO -  Maximiza la pantalla
2022-12-05 12:00:34,653 - root - INFO -  Escribe el usuario
2022-12-05 12:00:34,724 - root - INFO -  Escribe la contraseña
2022-12-05 12:00:34,777 - root - INFO -  Se dio clic en el boton ingresar
2022-12-05 12:00:35,458 - root - INFO -  Ejecutar Enterprise
2022-12-05 12:00:39,495 - root - INFO -  Cambia entre pestañas
2022-12-05 12:00:43,131 - root - INFO -  Abre la pantalla de Autorizaciones de Credito
2022-12-05 12:00:43,674 - root - INFO -  La pantalla ejecutada es Autorizaciones de crédito.
2022-12-05 12:00:43,675 - root - INFO -  Captura: C:\xampp\htdocs\versiones\automatizaciones\AutoPWST\01AC\report\img  screen：20221205_12_00_43.png
2022-12-05 12:00:44,325 - root - INFO -  Se da clic en el registro creado, para proceder a modificarlo.
2022-12-05 12:00:44,375 - root - INFO -  Se presiona el boton 'Eliminar', para eliminar el registro.
2022-12-05 12:00:44,934 - root - INFO -  Se confirma el eliminado del registro
2022-12-05 12:00:45,169 - root - INFO -  Se presiona el boton 'Refrescar', para crear un nuevo registro igual al anterior.
2022-12-05 12:00:47,230 - root - INFO -  Se presiona el boton 'Nuevo', para crear un nuevo registro.
2022-12-05 12:00:47,775 - root - INFO -  Se abrio la pantalla para el ingreso de un registro nuevo.
2022-12-05 12:00:51,627 - root - INFO -  Ingresa la cantidad del nuevo registro 
2022-12-05 12:00:51,687 - root - INFO -  Ingresa la contraseña del nuevo registro 
2022-12-05 12:00:51,688 - root - INFO -  Captura: C:\xampp\htdocs\versiones\automatizaciones\AutoPWST\01AC\report\img  screen：20221205_12_00_51.png
2022-12-05 12:00:51,833 - root - INFO -  Se da clic en el boton Guardar; se debe crear un nuevo registro.
2022-12-05 12:00:52,072 - root - INFO -  Se presiona el boton 'Refrescar', para crear un nuevo registro igual al anterior.
2022-12-05 12:00:54,124 - root - INFO -  Se presiona el boton 'Nuevo', para crear un nuevo registro igual al anterior.
2022-12-05 12:00:58,919 - root - INFO -  Ingresa la cantidad del nuevo registro 
2022-12-05 12:00:58,978 - root - INFO -  Ingresa la contraseña del nuevo registro 
2022-12-05 12:00:59,021 - root - INFO -  Se da clic en el boton Guardar; se debe crear un nuevo registro.
2022-12-05 12:01:02,023 - root - INFO -  Captura: C:\xampp\htdocs\versiones\automatizaciones\AutoPWST\01AC\report\img  screen：20221205_12_01_02.png
2022-12-05 12:01:02,201 - root - INFO -  Se presiona el boton 'Cerrar', para cerrar el mensaje de duplicidad de llave primaria
2022-12-05 12:01:02,307 - root - INFO -  Se presiona el boton 'Cerrar', para cerrar la ventana
2022-12-05 12:01:02,418 - root - INFO -  Se presiona el boton 'Refrescar', para crear un nuevo registro igual al anterior.
2022-12-05 12:01:04,429 - root - ERROR - No se dio click al botón Refrescar, validar que la acción anterior haya finalizado,que el xpath sea el correcto o que la página no presente lentitud
2022-12-05 12:02:03,822 - root - INFO -  Se abre el chrome
2022-12-05 12:02:04,869 - root - INFO -  Entra a la URL
2022-12-05 12:02:04,989 - root - INFO -  Maximiza la pantalla
2022-12-05 12:02:08,061 - root - INFO -  Escribe el usuario
2022-12-05 12:02:08,120 - root - INFO -  Escribe la contraseña
2022-12-05 12:02:08,175 - root - INFO -  Se dio clic en el boton ingresar
2022-12-05 12:02:09,358 - root - INFO -  Ejecutar Enterprise
2022-12-05 12:02:13,390 - root - INFO -  Cambia entre pestañas
2022-12-05 12:02:22,152 - root - INFO -  Abre la pantalla de Autorizaciones de Credito
2022-12-05 12:02:23,201 - root - INFO -  La pantalla ejecutada es Autorizaciones de crédito.
2022-12-05 12:02:23,202 - root - INFO -  Captura: C:\xampp\htdocs\versiones\automatizaciones\AutoPWST\01AC\report\img  screen：20221205_12_02_23.png
2022-12-05 12:02:23,826 - root - INFO -  Se da clic en el registro creado, para proceder a modificarlo.
2022-12-05 12:02:23,870 - root - INFO -  Se presiona el boton 'Eliminar', para eliminar el registro.
2022-12-05 12:02:24,436 - root - INFO -  Se confirma el eliminado del registro
2022-12-05 12:02:24,936 - root - INFO -  Se presiona el boton 'Refrescar', para crear un nuevo registro igual al anterior.
2022-12-05 12:02:26,997 - root - INFO -  Se presiona el boton 'Nuevo', para crear un nuevo registro.
2022-12-05 12:02:27,536 - root - INFO -  Se abrio la pantalla para el ingreso de un registro nuevo.
2022-12-05 12:02:33,695 - root - INFO -  Ingresa la cantidad del nuevo registro 
2022-12-05 12:02:33,799 - root - INFO -  Ingresa la contraseña del nuevo registro 
2022-12-05 12:02:33,799 - root - INFO -  Captura: C:\xampp\htdocs\versiones\automatizaciones\AutoPWST\01AC\report\img  screen：20221205_12_02_33.png
2022-12-05 12:02:33,988 - root - INFO -  Se da clic en el boton Guardar; se debe crear un nuevo registro.
2022-12-05 12:02:34,401 - root - INFO -  Se presiona el boton 'Refrescar', para crear un nuevo registro igual al anterior.
2022-12-05 12:02:36,453 - root - INFO -  Se presiona el boton 'Nuevo', para crear un nuevo registro igual al anterior.
2022-12-05 12:02:42,342 - root - INFO -  Ingresa la cantidad del nuevo registro 
2022-12-05 12:02:42,428 - root - INFO -  Ingresa la contraseña del nuevo registro 
2022-12-05 12:02:42,532 - root - INFO -  Se da clic en el boton Guardar; se debe crear un nuevo registro.
2022-12-05 12:02:45,533 - root - INFO -  Captura: C:\xampp\htdocs\versiones\automatizaciones\AutoPWST\01AC\report\img  screen：20221205_12_02_45.png
2022-12-05 12:02:45,681 - root - INFO -  Se presiona el boton 'Cerrar', para cerrar el mensaje de duplicidad de llave primaria
2022-12-05 12:02:45,800 - root - INFO -  Se presiona el boton 'Cerrar', para cerrar la ventana
2022-12-05 12:02:45,976 - root - INFO -  Se presiona el boton 'Refrescar', para crear un nuevo registro igual al anterior.
2022-12-05 12:02:52,558 - root - INFO - Se da clic en el registro creado, para proceder a modificarlo.
2022-12-05 12:02:52,664 - root - INFO -  Ingresa la cantidad del nuevo registro 
2022-12-05 12:02:52,665 - root - INFO -  Captura: C:\xampp\htdocs\versiones\automatizaciones\AutoPWST\01AC\report\img  screen：20221205_12_02_52.png
2022-12-05 12:02:52,815 - root - INFO -  Se da clic en el boton Guardar; se debe modificar la informacion del registro.
2022-12-05 12:02:53,165 - root - INFO -  Se presiona el boton 'Refrescar', para proceder a eliminar el registro.
2022-12-05 12:02:55,727 - root - INFO -  Se da clic en el registro creado, para proceder a modificarlo.
2022-12-05 12:02:57,781 - root - INFO -  Se presiona el boton 'Eliminar', para eliminar el registro.
2022-12-05 12:02:57,783 - root - INFO -  Captura: C:\xampp\htdocs\versiones\automatizaciones\AutoPWST\01AC\report\img  screen：20221205_12_02_57.png
2022-12-05 12:02:57,907 - root - INFO -  Se confirma el eliminado del registro
2022-12-05 12:02:58,752 - root - INFO -  Se presiona el boton 'Refrescar', para crear un nuevo registro igual al anterior.
2022-12-05 12:02:59,370 - root - INFO -  Se presiona el boton 'Cerrar', para cerrar la pantalla de Categorias Fiscales.
2022-12-05 12:03:03,755 - root - INFO -  Se cierra chrome
