2022-09-29 14:10:18,120 - root - INFO -  Se abre el chrome
2022-09-29 14:10:19,526 - root - INFO -  Entra a la URL
2022-09-29 14:10:19,653 - root - INFO -  Maximiza la pantalla
2022-09-29 14:10:22,689 - root - INFO -  Cambia al frame
2022-09-29 14:10:25,764 - root - INFO -  Escribe el usuario
2022-09-29 14:10:25,862 - root - INFO -  Escribe la contraseña
2022-09-29 14:10:26,001 - root - INFO -  Se dio clic en el boton ingresar
2022-09-29 14:10:26,750 - root - INFO -  Ejecutar Enterprise
2022-09-29 14:10:30,865 - root - INFO -  Cambia entre pestañas
2022-09-29 14:10:48,301 - root - INFO -  Abre la pantalla de Autorizaciones de Credito
2022-09-29 14:10:48,381 - root - INFO -  La pantalla ejecutada es Autorizaciones de crédito.
2022-09-29 14:10:48,381 - root - INFO -  Captura: C:\xampp\htdocs\Versiones\automatizaciones\AutoPWST\01AC\report\img  screen：20220929_14_10_48.png
2022-09-29 14:10:50,552 - root - INFO -  Se presiona el boton 'Nuevo', para crear un nuevo registro.
2022-09-29 14:10:50,622 - root - INFO -  Se abrio la pantalla para el ingreso de un registro nuevo.
2022-09-29 14:10:50,662 - root - INFO -  El campo 'Empresa' si se encuentra visible.
2022-09-29 14:10:50,692 - root - INFO -  El campo 'Moneda' si se encuentra visible.
2022-09-29 14:10:50,722 - root - INFO -  El campo 'Modo' si se encuentra visible.
2022-09-29 14:10:50,762 - root - INFO -  El campo 'Usuario' si se encuentra visible.
2022-09-29 14:10:50,802 - root - INFO -  El campo 'Cantidad' si se encuentra visible.
2022-09-29 14:10:50,841 - root - INFO -  El campo 'Contraseña' si se encuentra visible.
2022-09-29 14:11:26,978 - root - INFO -  Ingresa la cantidad del nuevo registro 
2022-09-29 14:11:30,117 - root - INFO -  Ingresa la contraseña del nuevo registro 
2022-09-29 14:11:30,117 - root - INFO -  Captura: C:\xampp\htdocs\Versiones\automatizaciones\AutoPWST\01AC\report\img  screen：20220929_14_11_30.png
2022-09-29 14:11:34,379 - root - ERROR - No se dio click al botón Guardar, validar que la acción anterior haya finalizado,que el xpath sea el correcto o que la página no presente lentitud
2022-09-29 14:11:34,380 - root - INFO -  Captura: C:\xampp\htdocs\Versiones\automatizaciones\AutoPWST\01AC\report\img  screen：20220929_14_11_34.png
2022-09-29 14:11:36,837 - root - ERROR - No se dio click al botón Refrescar, validar que la acción anterior haya finalizado,que el xpath sea el correcto o que la página no presente lentitud
2022-09-29 14:11:36,837 - root - INFO -  Captura: C:\xampp\htdocs\Versiones\automatizaciones\AutoPWST\01AC\report\img  screen：20220929_14_11_36.png
2022-09-29 14:11:36,857 - root - ERROR - No se dio click al botón Refrescar, validar que la acción anterior haya finalizado,que el xpath sea el correcto o que la página no presente lentitud
2022-09-29 14:11:36,857 - root - INFO -  Captura: C:\xampp\htdocs\Versiones\automatizaciones\AutoPWST\01AC\report\img  screen：20220929_14_11_36.png
2022-09-29 14:11:36,877 - root - ERROR - No se dio click al botón Refrescar, validar que la acción anterior haya finalizado,que el xpath sea el correcto o que la página no presente lentitud
2022-09-29 14:11:36,877 - root - INFO -  Captura: C:\xampp\htdocs\Versiones\automatizaciones\AutoPWST\01AC\report\img  screen：20220929_14_11_36.png
