2022-11-30 17:08:44,883 - root - INFO -  Se abre el chrome
2022-11-30 17:08:46,471 - root - INFO -  Entra a la URL
2022-11-30 17:08:46,605 - root - INFO -  Maximiza la pantalla
2022-11-30 17:08:49,848 - root - INFO -  Escribe el usuario
2022-11-30 17:08:49,991 - root - INFO -  Escribe la contraseña
2022-11-30 17:08:50,092 - root - INFO -  Se dio clic en el boton ingresar
2022-11-30 17:08:51,385 - root - INFO -  Ejecutar Enterprise
2022-11-30 17:08:55,469 - root - INFO -  Cambia entre pestañas
2022-11-30 17:09:08,303 - root - INFO -  Abre la pantalla de Autorizaciones de Credito
2022-11-30 17:09:08,890 - root - INFO -  La pantalla ejecutada es Autorizaciones de crédito.
2022-11-30 17:09:08,891 - root - INFO -  Captura: C:\xampp\htdocs\versiones\automatizaciones\AutoPWST\01AC\report\img  screen：20221130_17_09_08.png
2022-11-30 17:09:09,573 - root - INFO -  Se da clic en el registro creado, para proceder a modificarlo.
2022-11-30 17:09:11,647 - root - INFO -  Se presiona el boton 'Eliminar', para eliminar el registro.
2022-11-30 17:09:11,649 - root - INFO -  Captura: C:\xampp\htdocs\versiones\automatizaciones\AutoPWST\01AC\report\img  screen：20221130_17_09_11.png
2022-11-30 17:09:12,919 - root - ERROR - No se dio click al botón Nuevo, validar que la acción anterior haya finalizado,que el xpath sea el correcto o que la página no presente lentitud
2022-11-30 17:09:14,930 - root - INFO -  Captura: C:\xampp\htdocs\versiones\automatizaciones\AutoPWST\01AC\report\img  screen：20221130_17_09_14.png
2022-11-30 17:09:19,434 - root - INFO -  Se cierra chrome
2022-11-30 17:09:19,436 - root - ERROR - La pantalla anterior fallo por lo que esta no funcionara, para mas detalles del error consulte el reporte
2022-11-30 17:09:19,437 - root - ERROR - La pantalla anterior fallo por lo que esta no funcionara, para mas detalles del error consulte el reporte
2022-11-30 17:09:19,438 - root - ERROR - La pantalla anterior fallo por lo que esta no funcionara, para mas detalles del error consulte el reporte
2022-11-30 17:09:19,439 - root - ERROR - La pantalla anterior fallo por lo que esta no funcionara, para mas detalles del error consulte el reporte
2022-11-30 17:15:36,746 - root - INFO -  Se abre el chrome
2022-11-30 17:15:38,321 - root - INFO -  Entra a la URL
2022-11-30 17:15:38,518 - root - INFO -  Maximiza la pantalla
2022-11-30 17:15:41,637 - root - INFO -  Escribe el usuario
2022-11-30 17:15:41,755 - root - INFO -  Escribe la contraseña
2022-11-30 17:15:41,854 - root - INFO -  Se dio clic en el boton ingresar
2022-11-30 17:15:43,336 - root - INFO -  Ejecutar Enterprise
2022-11-30 17:15:47,422 - root - INFO -  Cambia entre pestañas
2022-11-30 17:16:00,677 - root - INFO -  Abre la pantalla de Autorizaciones de Credito
2022-11-30 17:16:01,239 - root - INFO -  La pantalla ejecutada es Autorizaciones de crédito.
2022-11-30 17:16:01,239 - root - INFO -  Captura: C:\xampp\htdocs\versiones\automatizaciones\AutoPWST\01AC\report\img  screen：20221130_17_16_01.png
2022-11-30 17:16:01,928 - root - INFO -  Se da clic en el registro creado, para proceder a modificarlo.
2022-11-30 17:16:04,025 - root - INFO -  Se presiona el boton 'Eliminar', para eliminar el registro.
2022-11-30 17:16:04,027 - root - INFO -  Captura: C:\xampp\htdocs\versiones\automatizaciones\AutoPWST\01AC\report\img  screen：20221130_17_16_04.png
2022-11-30 17:16:05,270 - root - ERROR - No se dio click al botón Nuevo, validar que la acción anterior haya finalizado,que el xpath sea el correcto o que la página no presente lentitud
2022-11-30 17:16:07,275 - root - INFO -  Captura: C:\xampp\htdocs\versiones\automatizaciones\AutoPWST\01AC\report\img  screen：20221130_17_16_07.png
2022-11-30 17:16:11,811 - root - INFO -  Se cierra chrome
2022-11-30 17:16:11,813 - root - ERROR - La pantalla anterior fallo por lo que esta no funcionara, para mas detalles del error consulte el reporte
2022-11-30 17:16:11,816 - root - ERROR - La pantalla anterior fallo por lo que esta no funcionara, para mas detalles del error consulte el reporte
2022-11-30 17:16:11,819 - root - ERROR - La pantalla anterior fallo por lo que esta no funcionara, para mas detalles del error consulte el reporte
2022-11-30 17:16:11,821 - root - ERROR - La pantalla anterior fallo por lo que esta no funcionara, para mas detalles del error consulte el reporte
2022-11-30 17:17:06,680 - root - INFO -  Se abre el chrome
2022-11-30 17:17:07,952 - root - INFO -  Entra a la URL
2022-11-30 17:17:08,106 - root - INFO -  Maximiza la pantalla
2022-11-30 17:17:11,219 - root - INFO -  Escribe el usuario
2022-11-30 17:17:11,337 - root - INFO -  Escribe la contraseña
2022-11-30 17:17:11,435 - root - INFO -  Se dio clic en el boton ingresar
2022-11-30 17:17:12,738 - root - INFO -  Ejecutar Enterprise
2022-11-30 17:17:16,831 - root - INFO -  Cambia entre pestañas
2022-11-30 17:17:30,083 - root - INFO -  Abre la pantalla de Autorizaciones de Credito
2022-11-30 17:17:30,693 - root - INFO -  La pantalla ejecutada es Autorizaciones de crédito.
2022-11-30 17:17:30,694 - root - INFO -  Captura: C:\xampp\htdocs\versiones\automatizaciones\AutoPWST\01AC\report\img  screen：20221130_17_17_30.png
2022-11-30 17:17:31,374 - root - INFO -  Se da clic en el registro creado, para proceder a modificarlo.
2022-11-30 17:17:33,450 - root - INFO -  Se presiona el boton 'Eliminar', para eliminar el registro.
2022-11-30 17:17:33,452 - root - INFO -  Captura: C:\xampp\htdocs\versiones\automatizaciones\AutoPWST\01AC\report\img  screen：20221130_17_17_33.png
2022-11-30 17:17:33,633 - root - INFO -  Se confirma el eliminado del registro
2022-11-30 17:17:33,842 - root - INFO -  Se presiona el boton 'Refrescar', para crear un nuevo registro igual al anterior.
2022-11-30 17:17:35,915 - root - INFO -  Se presiona el boton 'Nuevo', para crear un nuevo registro.
2022-11-30 17:17:36,506 - root - INFO -  Se abrio la pantalla para el ingreso de un registro nuevo.
2022-11-30 17:17:40,680 - root - INFO -  Ingresa la cantidad del nuevo registro 
2022-11-30 17:17:40,817 - root - INFO -  Ingresa la contraseña del nuevo registro 
2022-11-30 17:17:40,818 - root - INFO -  Captura: C:\xampp\htdocs\versiones\automatizaciones\AutoPWST\01AC\report\img  screen：20221130_17_17_40.png
2022-11-30 17:17:41,409 - root - INFO -  Se da clic en el boton Guardar; se debe crear un nuevo registro.
2022-11-30 17:17:41,777 - root - INFO -  Se presiona el boton 'Refrescar', para crear un nuevo registro igual al anterior.
2022-11-30 17:17:43,834 - root - INFO -  Se presiona el boton 'Nuevo', para crear un nuevo registro igual al anterior.
2022-11-30 17:17:48,637 - root - INFO -  Ingresa la cantidad del nuevo registro 
2022-11-30 17:17:48,735 - root - INFO -  Ingresa la contraseña del nuevo registro 
2022-11-30 17:17:48,873 - root - INFO -  Se da clic en el boton Guardar; se debe crear un nuevo registro.
2022-11-30 17:17:51,889 - root - INFO -  Captura: C:\xampp\htdocs\versiones\automatizaciones\AutoPWST\01AC\report\img  screen：20221130_17_17_51.png
2022-11-30 17:17:52,123 - root - INFO -  Se presiona el boton 'Cerrar', para cerrar el mensaje de duplicidad de llave primaria
2022-11-30 17:17:52,487 - root - INFO -  Se presiona el boton 'Cerrar', para cerrar la ventana
2022-11-30 17:17:52,621 - root - INFO -  Se presiona el boton 'Refrescar', para crear un nuevo registro igual al anterior.
2022-11-30 17:17:59,259 - root - INFO - Se da clic en el registro creado, para proceder a modificarlo.
2022-11-30 17:17:59,390 - root - INFO -  Ingresa la cantidad del nuevo registro 
2022-11-30 17:17:59,391 - root - INFO -  Captura: C:\xampp\htdocs\versiones\automatizaciones\AutoPWST\01AC\report\img  screen：20221130_17_17_59.png
2022-11-30 17:17:59,586 - root - INFO -  Se da clic en el boton Guardar; se debe modificar la informacion del registro.
2022-11-30 17:17:59,898 - root - INFO -  Se presiona el boton 'Refrescar', para proceder a eliminar el registro.
2022-11-30 17:18:02,490 - root - INFO -  Se da clic en el registro creado, para proceder a modificarlo.
2022-11-30 17:18:04,566 - root - INFO -  Se presiona el boton 'Eliminar', para eliminar el registro.
2022-11-30 17:18:04,569 - root - INFO -  Captura: C:\xampp\htdocs\versiones\automatizaciones\AutoPWST\01AC\report\img  screen：20221130_17_18_04.png
2022-11-30 17:18:04,776 - root - INFO -  Se confirma el eliminado del registro
2022-11-30 17:18:05,042 - root - INFO -  Se presiona el boton 'Refrescar', para crear un nuevo registro igual al anterior.
2022-11-30 17:18:05,233 - root - INFO -  Se presiona el boton 'Cerrar', para cerrar la pantalla de Categorias Fiscales.
2022-11-30 17:18:09,631 - root - INFO -  Se cierra chrome
2022-11-30 17:19:52,803 - root - INFO -  Se abre el chrome
2022-11-30 17:19:54,321 - root - INFO -  Entra a la URL
2022-11-30 17:19:54,453 - root - INFO -  Maximiza la pantalla
2022-11-30 17:19:57,567 - root - INFO -  Escribe el usuario
2022-11-30 17:19:57,685 - root - INFO -  Escribe la contraseña
2022-11-30 17:19:57,799 - root - INFO -  Se dio clic en el boton ingresar
2022-11-30 17:19:59,126 - root - INFO -  Ejecutar Enterprise
2022-11-30 17:20:03,197 - root - INFO -  Cambia entre pestañas
2022-11-30 17:20:15,132 - root - INFO -  Abre la pantalla de Autorizaciones de Credito
2022-11-30 17:20:15,692 - root - INFO -  La pantalla ejecutada es Autorizaciones de crédito.
2022-11-30 17:20:15,692 - root - INFO -  Captura: C:\xampp\htdocs\versiones\automatizaciones\AutoPWST\01AC\report\img  screen：20221130_17_20_15.png
2022-11-30 17:21:42,246 - root - ERROR - La pantalla ejecutada no es correcta, validar que la acción anterior haya finalizado,que el xpath sea el correcto o que la página no presente lentitud
2022-11-30 17:21:44,259 - root - INFO -  Captura: C:\xampp\htdocs\versiones\automatizaciones\AutoPWST\01AC\report\img  screen：20221130_17_21_44.png
2022-11-30 17:21:44,281 - root - ERROR - No se dio click al botón Refrescar, validar que la acción anterior haya finalizado,que el xpath sea el correcto o que la página no presente lentitud
2022-11-30 17:21:46,288 - root - INFO -  Captura: C:\xampp\htdocs\versiones\automatizaciones\AutoPWST\01AC\report\img  screen：20221130_17_21_46.png
2022-11-30 17:21:46,308 - root - ERROR - No se dio click al botón Refrescar, validar que la acción anterior haya finalizado,que el xpath sea el correcto o que la página no presente lentitud
2022-11-30 17:21:48,321 - root - INFO -  Captura: C:\xampp\htdocs\versiones\automatizaciones\AutoPWST\01AC\report\img  screen：20221130_17_21_48.png
2022-11-30 17:21:48,336 - root - ERROR - No se dio click al botón Refrescar, validar que la acción anterior haya finalizado,que el xpath sea el correcto o que la página no presente lentitud
2022-11-30 17:21:50,340 - root - INFO -  Captura: C:\xampp\htdocs\versiones\automatizaciones\AutoPWST\01AC\report\img  screen：20221130_17_21_50.png
2022-11-30 17:25:09,799 - root - INFO -  Se abre el chrome
2022-11-30 17:25:11,151 - root - INFO -  Entra a la URL
2022-11-30 17:25:11,285 - root - INFO -  Maximiza la pantalla
2022-11-30 17:25:14,405 - root - INFO -  Escribe el usuario
2022-11-30 17:25:14,528 - root - INFO -  Escribe la contraseña
2022-11-30 17:25:14,639 - root - INFO -  Se dio clic en el boton ingresar
2022-11-30 17:25:16,090 - root - INFO -  Ejecutar Enterprise
2022-11-30 17:25:20,179 - root - INFO -  Cambia entre pestañas
2022-11-30 17:25:32,781 - root - INFO -  Abre la pantalla de Autorizaciones de Credito
2022-11-30 17:25:33,378 - root - INFO -  La pantalla ejecutada es Autorizaciones de crédito.
2022-11-30 17:25:33,379 - root - INFO -  Captura: C:\xampp\htdocs\versiones\automatizaciones\AutoPWST\01AC\report\img  screen：20221130_17_25_33.png
2022-11-30 17:26:01,333 - root - ERROR - La pantalla ejecutada no es correcta, validar que la acción anterior haya finalizado,que el xpath sea el correcto o que la página no presente lentitud
2022-11-30 17:26:03,338 - root - INFO -  Captura: C:\xampp\htdocs\versiones\automatizaciones\AutoPWST\01AC\report\img  screen：20221130_17_26_03.png
2022-11-30 17:26:03,351 - root - ERROR - No se dio click al botón Refrescar, validar que la acción anterior haya finalizado,que el xpath sea el correcto o que la página no presente lentitud
2022-11-30 17:26:05,363 - root - INFO -  Captura: C:\xampp\htdocs\versiones\automatizaciones\AutoPWST\01AC\report\img  screen：20221130_17_26_05.png
2022-11-30 17:26:05,375 - root - ERROR - No se dio click al botón Refrescar, validar que la acción anterior haya finalizado,que el xpath sea el correcto o que la página no presente lentitud
2022-11-30 17:27:28,359 - root - INFO -  Se abre el chrome
2022-11-30 17:27:29,706 - root - INFO -  Entra a la URL
2022-11-30 17:27:29,831 - root - INFO -  Maximiza la pantalla
2022-11-30 17:27:32,950 - root - INFO -  Escribe el usuario
2022-11-30 17:27:33,059 - root - INFO -  Escribe la contraseña
2022-11-30 17:27:33,161 - root - INFO -  Se dio clic en el boton ingresar
2022-11-30 17:27:34,506 - root - INFO -  Ejecutar Enterprise
2022-11-30 17:27:38,581 - root - INFO -  Cambia entre pestañas
2022-11-30 17:27:50,883 - root - INFO -  Abre la pantalla de Autorizaciones de Credito
2022-11-30 17:27:51,451 - root - INFO -  La pantalla ejecutada es Autorizaciones de crédito.
2022-11-30 17:27:51,452 - root - INFO -  Captura: C:\xampp\htdocs\versiones\automatizaciones\AutoPWST\01AC\report\img  screen：20221130_17_27_51.png
2022-11-30 17:28:14,703 - root - ERROR - La pantalla ejecutada no es correcta, validar que la acción anterior haya finalizado,que el xpath sea el correcto o que la página no presente lentitud
2022-11-30 17:28:16,713 - root - INFO -  Captura: C:\xampp\htdocs\versiones\automatizaciones\AutoPWST\01AC\report\img  screen：20221130_17_28_16.png
2022-11-30 17:28:16,718 - root - ERROR - No se dio click al botón Refrescar, validar que la acción anterior haya finalizado,que el xpath sea el correcto o que la página no presente lentitud
2022-11-30 17:31:57,377 - root - INFO -  Se abre el chrome
2022-11-30 17:31:59,170 - root - INFO -  Entra a la URL
2022-11-30 17:31:59,316 - root - INFO -  Maximiza la pantalla
2022-11-30 17:32:02,446 - root - INFO -  Escribe el usuario
2022-11-30 17:32:02,575 - root - INFO -  Escribe la contraseña
2022-11-30 17:32:02,675 - root - INFO -  Se dio clic en el boton ingresar
2022-11-30 17:32:04,026 - root - INFO -  Ejecutar Enterprise
2022-11-30 17:32:08,107 - root - INFO -  Cambia entre pestañas
2022-11-30 17:32:20,460 - root - INFO -  Abre la pantalla de Autorizaciones de Credito
2022-11-30 17:32:21,013 - root - INFO -  La pantalla ejecutada es Autorizaciones de crédito.
2022-11-30 17:32:21,014 - root - INFO -  Captura: C:\xampp\htdocs\versiones\automatizaciones\AutoPWST\01AC\report\img  screen：20221130_17_32_21.png
2022-11-30 17:33:02,110 - root - ERROR - La pantalla ejecutada no es correcta, validar que la acción anterior haya finalizado,que el xpath sea el correcto o que la página no presente lentitud
2022-11-30 17:33:04,123 - root - INFO -  Captura: C:\xampp\htdocs\versiones\automatizaciones\AutoPWST\01AC\report\img  screen：20221130_17_33_04.png
2022-11-30 17:33:04,128 - root - ERROR - No se dio click al botón Refrescar, validar que la acción anterior haya finalizado,que el xpath sea el correcto o que la página no presente lentitud
2022-11-30 17:33:06,136 - root - INFO -  Captura: C:\xampp\htdocs\versiones\automatizaciones\AutoPWST\01AC\report\img  screen：20221130_17_33_06.png
2022-11-30 17:33:06,143 - root - ERROR - No se dio click al botón Refrescar, validar que la acción anterior haya finalizado,que el xpath sea el correcto o que la página no presente lentitud
2022-11-30 17:35:06,236 - root - INFO -  Se abre el chrome
2022-11-30 17:35:08,019 - root - INFO -  Entra a la URL
2022-11-30 17:35:08,169 - root - INFO -  Maximiza la pantalla
2022-11-30 17:35:11,292 - root - INFO -  Escribe el usuario
2022-11-30 17:35:11,411 - root - INFO -  Escribe la contraseña
2022-11-30 17:35:11,521 - root - INFO -  Se dio clic en el boton ingresar
2022-11-30 17:35:12,846 - root - INFO -  Ejecutar Enterprise
2022-11-30 17:35:16,925 - root - INFO -  Cambia entre pestañas
2022-11-30 17:35:28,919 - root - INFO -  Abre la pantalla de Autorizaciones de Credito
2022-11-30 17:35:29,501 - root - INFO -  La pantalla ejecutada es Autorizaciones de crédito.
2022-11-30 17:35:29,502 - root - INFO -  Captura: C:\xampp\htdocs\versiones\automatizaciones\AutoPWST\01AC\report\img  screen：20221130_17_35_29.png
2022-11-30 17:35:54,800 - root - ERROR - La pantalla ejecutada no es correcta, validar que la acción anterior haya finalizado,que el xpath sea el correcto o que la página no presente lentitud
2022-11-30 17:35:56,811 - root - INFO -  Captura: C:\xampp\htdocs\versiones\automatizaciones\AutoPWST\01AC\report\img  screen：20221130_17_35_56.png
2022-11-30 17:35:56,819 - root - ERROR - No se dio click al botón Refrescar, validar que la acción anterior haya finalizado,que el xpath sea el correcto o que la página no presente lentitud
2022-11-30 17:35:58,826 - root - INFO -  Captura: C:\xampp\htdocs\versiones\automatizaciones\AutoPWST\01AC\report\img  screen：20221130_17_35_58.png
2022-11-30 17:35:58,835 - root - ERROR - No se dio click al botón Refrescar, validar que la acción anterior haya finalizado,que el xpath sea el correcto o que la página no presente lentitud
2022-11-30 17:36:28,509 - root - INFO -  Se abre el chrome
2022-11-30 17:36:30,196 - root - INFO -  Entra a la URL
2022-11-30 17:36:30,359 - root - INFO -  Maximiza la pantalla
2022-11-30 17:36:33,482 - root - INFO -  Escribe el usuario
2022-11-30 17:36:33,614 - root - INFO -  Escribe la contraseña
2022-11-30 17:36:33,719 - root - INFO -  Se dio clic en el boton ingresar
2022-11-30 17:36:35,089 - root - INFO -  Ejecutar Enterprise
2022-11-30 17:36:39,164 - root - INFO -  Cambia entre pestañas
2022-11-30 17:36:51,995 - root - INFO -  Abre la pantalla de Autorizaciones de Credito
2022-11-30 17:36:52,553 - root - INFO -  La pantalla ejecutada es Autorizaciones de crédito.
2022-11-30 17:36:52,553 - root - INFO -  Captura: C:\xampp\htdocs\versiones\automatizaciones\AutoPWST\01AC\report\img  screen：20221130_17_36_52.png
2022-11-30 17:37:07,845 - root - ERROR - La pantalla ejecutada no es correcta, validar que la acción anterior haya finalizado,que el xpath sea el correcto o que la página no presente lentitud
2022-11-30 17:37:09,856 - root - INFO -  Captura: C:\xampp\htdocs\versiones\automatizaciones\AutoPWST\01AC\report\img  screen：20221130_17_37_09.png
2022-11-30 17:37:09,868 - root - ERROR - No se dio click al botón Refrescar, validar que la acción anterior haya finalizado,que el xpath sea el correcto o que la página no presente lentitud
2022-11-30 17:37:11,869 - root - INFO -  Captura: C:\xampp\htdocs\versiones\automatizaciones\AutoPWST\01AC\report\img  screen：20221130_17_37_11.png
2022-11-30 17:37:11,884 - root - ERROR - No se dio click al botón Refrescar, validar que la acción anterior haya finalizado,que el xpath sea el correcto o que la página no presente lentitud
2022-11-30 17:37:13,900 - root - INFO -  Captura: C:\xampp\htdocs\versiones\automatizaciones\AutoPWST\01AC\report\img  screen：20221130_17_37_13.png
2022-11-30 17:37:13,910 - root - ERROR - No se dio click al botón Refrescar, validar que la acción anterior haya finalizado,que el xpath sea el correcto o que la página no presente lentitud
2022-11-30 17:37:15,924 - root - INFO -  Captura: C:\xampp\htdocs\versiones\automatizaciones\AutoPWST\01AC\report\img  screen：20221130_17_37_15.png
2022-11-30 17:38:14,964 - root - INFO -  Se abre el chrome
2022-11-30 17:38:16,908 - root - INFO -  Entra a la URL
2022-11-30 17:38:17,058 - root - INFO -  Maximiza la pantalla
2022-11-30 17:38:20,177 - root - INFO -  Escribe el usuario
2022-11-30 17:38:20,296 - root - INFO -  Escribe la contraseña
2022-11-30 17:38:20,403 - root - INFO -  Se dio clic en el boton ingresar
2022-11-30 17:38:21,783 - root - INFO -  Ejecutar Enterprise
2022-11-30 17:38:25,862 - root - INFO -  Cambia entre pestañas
2022-11-30 17:38:37,639 - root - INFO -  Abre la pantalla de Autorizaciones de Credito
2022-11-30 17:38:38,211 - root - INFO -  La pantalla ejecutada es Autorizaciones de crédito.
2022-11-30 17:38:38,212 - root - INFO -  Captura: C:\xampp\htdocs\versiones\automatizaciones\AutoPWST\01AC\report\img  screen：20221130_17_38_38.png
2022-11-30 17:39:00,286 - root - ERROR - La pantalla ejecutada no es correcta, validar que la acción anterior haya finalizado,que el xpath sea el correcto o que la página no presente lentitud
2022-11-30 17:39:02,289 - root - INFO -  Captura: C:\xampp\htdocs\versiones\automatizaciones\AutoPWST\01AC\report\img  screen：20221130_17_39_02.png
2022-11-30 17:39:02,294 - root - ERROR - No se dio click al botón Refrescar, validar que la acción anterior haya finalizado,que el xpath sea el correcto o que la página no presente lentitud
2022-11-30 17:43:38,628 - root - INFO -  Se abre el chrome
2022-11-30 17:43:39,949 - root - INFO -  Entra a la URL
2022-11-30 17:43:40,071 - root - INFO -  Maximiza la pantalla
2022-11-30 17:43:43,186 - root - INFO -  Escribe el usuario
2022-11-30 17:43:43,306 - root - INFO -  Escribe la contraseña
2022-11-30 17:43:43,406 - root - INFO -  Se dio clic en el boton ingresar
2022-11-30 17:43:44,234 - root - INFO -  Ejecutar Enterprise
2022-11-30 17:43:48,302 - root - INFO -  Cambia entre pestañas
2022-11-30 17:44:00,296 - root - INFO -  Abre la pantalla de Autorizaciones de Credito
2022-11-30 17:44:00,856 - root - INFO -  La pantalla ejecutada es Autorizaciones de crédito.
2022-11-30 17:44:00,856 - root - INFO -  Captura: C:\xampp\htdocs\versiones\automatizaciones\AutoPWST\01AC\report\img  screen：20221130_17_44_00.png
2022-11-30 17:44:01,088 - root - INFO -  Se presiona el boton 'Refrescar', para crear un nuevo registro igual al anterior.
2022-11-30 17:44:03,192 - root - INFO -  Se presiona el boton 'Nuevo', para crear un nuevo registro.
2022-11-30 17:44:03,757 - root - INFO -  Se abrio la pantalla para el ingreso de un registro nuevo.
2022-11-30 17:44:08,123 - root - INFO -  Ingresa la cantidad del nuevo registro 
2022-11-30 17:44:08,245 - root - INFO -  Ingresa la contraseña del nuevo registro 
2022-11-30 17:44:08,246 - root - INFO -  Captura: C:\xampp\htdocs\versiones\automatizaciones\AutoPWST\01AC\report\img  screen：20221130_17_44_08.png
2022-11-30 17:44:08,464 - root - INFO -  Se da clic en el boton Guardar; se debe crear un nuevo registro.
2022-11-30 17:44:08,915 - root - INFO -  Se presiona el boton 'Refrescar', para crear un nuevo registro igual al anterior.
2022-11-30 17:44:10,988 - root - INFO -  Se presiona el boton 'Nuevo', para crear un nuevo registro igual al anterior.
2022-11-30 17:44:16,359 - root - INFO -  Ingresa la cantidad del nuevo registro 
2022-11-30 17:44:16,485 - root - INFO -  Ingresa la contraseña del nuevo registro 
2022-11-30 17:44:16,570 - root - INFO -  Se da clic en el boton Guardar; se debe crear un nuevo registro.
2022-11-30 17:44:19,574 - root - INFO -  Captura: C:\xampp\htdocs\versiones\automatizaciones\AutoPWST\01AC\report\img  screen：20221130_17_44_19.png
2022-11-30 17:44:19,577 - root - ERROR - No se dio click al botón Cerrar, validar que la acción anterior haya finalizado,que el xpath sea el correcto o que la página no presente lentitud
2022-11-30 17:45:47,912 - root - INFO -  Se abre el chrome
2022-11-30 17:45:49,666 - root - INFO -  Entra a la URL
2022-11-30 17:45:49,813 - root - INFO -  Maximiza la pantalla
2022-11-30 17:45:52,928 - root - INFO -  Escribe el usuario
2022-11-30 17:45:53,050 - root - INFO -  Escribe la contraseña
2022-11-30 17:45:53,148 - root - INFO -  Se dio clic en el boton ingresar
2022-11-30 17:45:54,602 - root - INFO -  Ejecutar Enterprise
2022-11-30 17:45:58,671 - root - INFO -  Cambia entre pestañas
2022-11-30 17:46:10,944 - root - INFO -  Abre la pantalla de Autorizaciones de Credito
2022-11-30 17:46:11,504 - root - INFO -  La pantalla ejecutada es Autorizaciones de crédito.
2022-11-30 17:46:11,505 - root - INFO -  Captura: C:\xampp\htdocs\versiones\automatizaciones\AutoPWST\01AC\report\img  screen：20221130_17_46_11.png
2022-11-30 17:46:12,194 - root - INFO -  Se da clic en el registro creado, para proceder a modificarlo.
2022-11-30 17:46:14,275 - root - INFO -  Se presiona el boton 'Eliminar', para eliminar el registro.
2022-11-30 17:46:14,348 - root - INFO -  Se confirma el eliminado del registro
2022-11-30 17:46:14,549 - root - INFO -  Se presiona el boton 'Refrescar', para crear un nuevo registro igual al anterior.
2022-11-30 17:46:16,618 - root - INFO -  Se presiona el boton 'Nuevo', para crear un nuevo registro.
2022-11-30 17:46:17,177 - root - INFO -  Se abrio la pantalla para el ingreso de un registro nuevo.
2022-11-30 17:46:21,784 - root - INFO -  Ingresa la cantidad del nuevo registro 
2022-11-30 17:46:21,887 - root - INFO -  Ingresa la contraseña del nuevo registro 
2022-11-30 17:46:21,888 - root - INFO -  Captura: C:\xampp\htdocs\versiones\automatizaciones\AutoPWST\01AC\report\img  screen：20221130_17_46_21.png
2022-11-30 17:46:22,096 - root - INFO -  Se da clic en el boton Guardar; se debe crear un nuevo registro.
2022-11-30 17:46:22,396 - root - INFO -  Se presiona el boton 'Refrescar', para crear un nuevo registro igual al anterior.
2022-11-30 17:46:24,488 - root - INFO -  Se presiona el boton 'Nuevo', para crear un nuevo registro igual al anterior.
2022-11-30 17:46:29,168 - root - INFO -  Ingresa la cantidad del nuevo registro 
2022-11-30 17:46:29,262 - root - INFO -  Ingresa la contraseña del nuevo registro 
2022-11-30 17:46:29,329 - root - INFO -  Se da clic en el boton Guardar; se debe crear un nuevo registro.
2022-11-30 17:46:32,344 - root - INFO -  Captura: C:\xampp\htdocs\versiones\automatizaciones\AutoPWST\01AC\report\img  screen：20221130_17_46_32.png
2022-11-30 17:46:32,593 - root - INFO -  Se presiona el boton 'Cerrar', para cerrar el mensaje de duplicidad de llave primaria
2022-11-30 17:46:32,792 - root - INFO -  Se presiona el boton 'Cerrar', para cerrar la ventana
2022-11-30 17:46:32,995 - root - INFO -  Se presiona el boton 'Refrescar', para crear un nuevo registro igual al anterior.
2022-11-30 17:46:39,623 - root - INFO - Se da clic en el registro creado, para proceder a modificarlo.
2022-11-30 17:46:39,802 - root - INFO -  Ingresa la cantidad del nuevo registro 
2022-11-30 17:46:39,803 - root - INFO -  Captura: C:\xampp\htdocs\versiones\automatizaciones\AutoPWST\01AC\report\img  screen：20221130_17_46_39.png
2022-11-30 17:46:40,000 - root - INFO -  Se da clic en el boton Guardar; se debe modificar la informacion del registro.
2022-11-30 17:46:40,319 - root - INFO -  Se presiona el boton 'Refrescar', para proceder a eliminar el registro.
2022-11-30 17:46:42,912 - root - INFO -  Se da clic en el registro creado, para proceder a modificarlo.
2022-11-30 17:46:45,009 - root - INFO -  Se presiona el boton 'Eliminar', para eliminar el registro.
2022-11-30 17:46:45,012 - root - INFO -  Captura: C:\xampp\htdocs\versiones\automatizaciones\AutoPWST\01AC\report\img  screen：20221130_17_46_45.png
2022-11-30 17:46:45,207 - root - INFO -  Se confirma el eliminado del registro
2022-11-30 17:46:45,465 - root - INFO -  Se presiona el boton 'Refrescar', para crear un nuevo registro igual al anterior.
2022-11-30 17:46:45,660 - root - INFO -  Se presiona el boton 'Cerrar', para cerrar la pantalla de Categorias Fiscales.
2022-11-30 17:46:50,175 - root - INFO -  Se cierra chrome
2022-11-30 17:49:38,285 - root - INFO -  Se abre el chrome
2022-11-30 17:49:39,894 - root - INFO -  Entra a la URL
2022-11-30 17:49:40,050 - root - INFO -  Maximiza la pantalla
2022-11-30 17:49:43,168 - root - INFO -  Escribe el usuario
2022-11-30 17:49:43,281 - root - INFO -  Escribe la contraseña
2022-11-30 17:49:43,401 - root - INFO -  Se dio clic en el boton ingresar
2022-11-30 17:49:44,799 - root - INFO -  Ejecutar Enterprise
2022-11-30 17:49:48,866 - root - INFO -  Cambia entre pestañas
2022-11-30 17:50:03,763 - root - INFO -  Abre la pantalla de Autorizaciones de Credito
2022-11-30 17:50:04,343 - root - INFO -  La pantalla ejecutada es Autorizaciones de crédito.
2022-11-30 17:50:04,344 - root - INFO -  Captura: C:\xampp\htdocs\versiones\automatizaciones\AutoPWST\01AC\report\img  screen：20221130_17_50_04.png
2022-11-30 17:50:04,541 - root - INFO -  Se presiona el boton 'Nuevo', para crear un nuevo registro.
2022-11-30 17:50:05,138 - root - INFO -  Se abrio la pantalla para el ingreso de un registro nuevo.
2022-11-30 17:50:05,138 - root - ERROR - No se encontró el registro de Empresa, validar que la acción anterior haya finalizado,que el xpath sea el correcto o que la página no presente lentitud
2022-11-30 17:50:07,144 - root - INFO -  Captura: C:\xampp\htdocs\versiones\automatizaciones\AutoPWST\01AC\report\img  screen：20221130_17_50_07.png
2022-11-30 17:50:11,624 - root - INFO -  Se cierra chrome
2022-11-30 17:50:11,627 - root - ERROR - La pantalla anterior fallo por lo que esta no funcionara, para mas detalles del error consulte el reporte
2022-11-30 17:50:11,630 - root - ERROR - La pantalla anterior fallo por lo que esta no funcionara, para mas detalles del error consulte el reporte
2022-11-30 17:50:11,633 - root - ERROR - La pantalla anterior fallo por lo que esta no funcionara, para mas detalles del error consulte el reporte
2022-11-30 17:50:40,883 - root - INFO -  Se abre el chrome
2022-11-30 17:50:42,259 - root - INFO -  Entra a la URL
2022-11-30 17:50:42,388 - root - INFO -  Maximiza la pantalla
2022-11-30 17:50:45,508 - root - INFO -  Escribe el usuario
2022-11-30 17:50:45,627 - root - INFO -  Escribe la contraseña
2022-11-30 17:50:45,726 - root - INFO -  Se dio clic en el boton ingresar
2022-11-30 17:50:47,047 - root - INFO -  Ejecutar Enterprise
2022-11-30 17:50:51,111 - root - INFO -  Cambia entre pestañas
2022-11-30 17:51:05,988 - root - INFO -  Abre la pantalla de Autorizaciones de Credito
2022-11-30 17:51:06,564 - root - INFO -  La pantalla ejecutada es Autorizaciones de crédito.
2022-11-30 17:51:06,565 - root - INFO -  Captura: C:\xampp\htdocs\versiones\automatizaciones\AutoPWST\01AC\report\img  screen：20221130_17_51_06.png
2022-11-30 17:51:06,746 - root - INFO -  Se presiona el boton 'Nuevo', para crear un nuevo registro.
2022-11-30 17:51:07,330 - root - INFO -  Se abrio la pantalla para el ingreso de un registro nuevo.
2022-11-30 17:51:11,570 - root - INFO -  Ingresa la cantidad del nuevo registro 
2022-11-30 17:51:11,676 - root - INFO -  Ingresa la contraseña del nuevo registro 
2022-11-30 17:51:11,677 - root - INFO -  Captura: C:\xampp\htdocs\versiones\automatizaciones\AutoPWST\01AC\report\img  screen：20221130_17_51_11.png
2022-11-30 17:51:11,872 - root - INFO -  Se da clic en el boton Guardar; se debe crear un nuevo registro.
2022-11-30 17:51:12,188 - root - INFO -  Se presiona el boton 'Refrescar', para crear un nuevo registro igual al anterior.
2022-11-30 17:51:14,262 - root - INFO -  Se presiona el boton 'Nuevo', para crear un nuevo registro igual al anterior.
2022-11-30 17:51:14,263 - root - ERROR - No se encontró el registro de Empresa, validar que la acción anterior haya finalizado,que el xpath sea el correcto o que la página no presente lentitud
2022-11-30 17:51:16,275 - root - INFO -  Captura: C:\xampp\htdocs\versiones\automatizaciones\AutoPWST\01AC\report\img  screen：20221130_17_51_16.png
2022-11-30 17:51:16,406 - root - ERROR - No se encontró el botón Cerrar, revise si el xpath sigue siendo el mismo, para mas detalles del error consulte el reporte
2022-11-30 17:51:19,417 - root - INFO -  Captura: C:\xampp\htdocs\versiones\automatizaciones\AutoPWST\01AC\report\img  screen：20221130_17_51_19.png
2022-11-30 17:51:19,911 - root - ERROR - No se dio click al botón Refrescar, validar que la acción anterior haya finalizado,que el xpath sea el correcto o que la página no presente lentitud
2022-11-30 17:51:21,913 - root - INFO -  Captura: C:\xampp\htdocs\versiones\automatizaciones\AutoPWST\01AC\report\img  screen：20221130_17_51_21.png
2022-11-30 17:51:21,918 - root - ERROR - No se dio click al botón Refrescar, validar que la acción anterior haya finalizado,que el xpath sea el correcto o que la página no presente lentitud
2022-11-30 17:51:23,935 - root - INFO -  Captura: C:\xampp\htdocs\versiones\automatizaciones\AutoPWST\01AC\report\img  screen：20221130_17_51_23.png
2022-11-30 17:58:46,110 - root - INFO -  Se abre el chrome
2022-11-30 17:58:47,542 - root - INFO -  Entra a la URL
2022-11-30 17:58:47,682 - root - INFO -  Maximiza la pantalla
2022-11-30 17:58:50,806 - root - INFO -  Escribe el usuario
2022-11-30 17:58:50,924 - root - INFO -  Escribe la contraseña
2022-11-30 17:58:51,027 - root - INFO -  Se dio clic en el boton ingresar
2022-11-30 17:58:52,336 - root - INFO -  Ejecutar Enterprise
2022-11-30 17:58:56,416 - root - INFO -  Cambia entre pestañas
2022-11-30 17:59:08,664 - root - INFO -  Abre la pantalla de Autorizaciones de Credito
2022-11-30 17:59:09,240 - root - INFO -  La pantalla ejecutada es Autorizaciones de crédito.
2022-11-30 17:59:09,241 - root - INFO -  Captura: C:\xampp\htdocs\versiones\automatizaciones\AutoPWST\01AC\report\img  screen：20221130_17_59_09.png
2022-11-30 17:59:09,937 - root - INFO -  Se da clic en el registro creado, para proceder a modificarlo.
2022-11-30 17:59:10,021 - root - INFO -  Se presiona el boton 'Eliminar', para eliminar el registro.
2022-11-30 17:59:10,633 - root - INFO -  Se confirma el eliminado del registro
2022-11-30 17:59:10,953 - root - INFO -  Se presiona el boton 'Refrescar', para crear un nuevo registro igual al anterior.
2022-11-30 17:59:13,043 - root - INFO -  Se presiona el boton 'Nuevo', para crear un nuevo registro.
2022-11-30 17:59:13,632 - root - INFO -  Se abrio la pantalla para el ingreso de un registro nuevo.
2022-11-30 17:59:17,994 - root - INFO -  Ingresa la cantidad del nuevo registro 
2022-11-30 17:59:18,120 - root - INFO -  Ingresa la contraseña del nuevo registro 
2022-11-30 17:59:18,122 - root - INFO -  Captura: C:\xampp\htdocs\versiones\automatizaciones\AutoPWST\01AC\report\img  screen：20221130_17_59_18.png
2022-11-30 17:59:18,635 - root - INFO -  Se da clic en el boton Guardar; se debe crear un nuevo registro.
2022-11-30 17:59:19,072 - root - INFO -  Se presiona el boton 'Refrescar', para crear un nuevo registro igual al anterior.
2022-11-30 17:59:21,149 - root - INFO -  Se presiona el boton 'Nuevo', para crear un nuevo registro igual al anterior.
2022-11-30 17:59:21,150 - root - ERROR - No se encontró el registro de Empresa, validar que la acción anterior haya finalizado,que el xpath sea el correcto o que la página no presente lentitud
2022-11-30 17:59:23,167 - root - INFO -  Captura: C:\xampp\htdocs\versiones\automatizaciones\AutoPWST\01AC\report\img  screen：20221130_17_59_23.png
2022-11-30 17:59:23,369 - root - INFO -  Se presiona el boton 'Cerrar', para cerrar la pantalla.
2022-11-30 17:59:23,552 - root - INFO -  Se presiona el boton 'Refrescar', para crear un nuevo registro igual al anterior.
2022-11-30 17:59:30,179 - root - INFO - Se da clic en el registro creado, para proceder a modificarlo.
2022-11-30 17:59:30,304 - root - INFO -  Ingresa la cantidad del nuevo registro 
2022-11-30 17:59:30,304 - root - INFO -  Captura: C:\xampp\htdocs\versiones\automatizaciones\AutoPWST\01AC\report\img  screen：20221130_17_59_30.png
2022-11-30 17:59:30,520 - root - INFO -  Se da clic en el boton Guardar; se debe modificar la informacion del registro.
2022-11-30 17:59:30,852 - root - INFO -  Se presiona el boton 'Refrescar', para proceder a eliminar el registro.
2022-11-30 17:59:33,447 - root - INFO -  Se da clic en el registro creado, para proceder a modificarlo.
2022-11-30 17:59:35,523 - root - INFO -  Se presiona el boton 'Eliminar', para eliminar el registro.
2022-11-30 17:59:35,525 - root - INFO -  Captura: C:\xampp\htdocs\versiones\automatizaciones\AutoPWST\01AC\report\img  screen：20221130_17_59_35.png
2022-11-30 17:59:35,719 - root - INFO -  Se confirma el eliminado del registro
2022-11-30 17:59:35,960 - root - INFO -  Se presiona el boton 'Refrescar', para crear un nuevo registro igual al anterior.
2022-11-30 17:59:36,156 - root - INFO -  Se presiona el boton 'Cerrar', para cerrar la pantalla de Categorias Fiscales.
2022-11-30 17:59:40,548 - root - INFO -  Se cierra chrome
