2022-09-27 18:17:15,408 - root - INFO -  Se abre el chrome
2022-09-27 18:17:17,002 - root - INFO -  Entra a la URL
2022-09-27 18:17:17,129 - root - INFO -  Maximiza la pantalla
2022-09-27 18:17:20,178 - root - INFO -  Cambia al frame
2022-09-27 18:17:23,254 - root - INFO -  Escribe el usuario
2022-09-27 18:17:23,353 - root - INFO -  Escribe la contraseña
2022-09-27 18:17:23,469 - root - INFO -  Se dio clic en el boton ingresar
2022-09-27 18:17:24,247 - root - INFO -  Ejecutar Enterprise
2022-09-27 18:17:28,349 - root - INFO -  Cambia entre pestañas
2022-09-27 18:17:45,189 - root - INFO -  Abre la pantalla de Autorizaciones de Credito
2022-09-27 18:17:45,259 - root - INFO -  La pantalla ejecutada es Autorizaciones de crédito.
2022-09-27 18:17:45,259 - root - INFO -  Captura: C:\xampp\htdocs\Versiones\automatizaciones\AutoPWST\01AC\report\img  screen：20220927_18_17_45.png
2022-09-27 18:17:47,451 - root - INFO -  Se presiona el boton 'Nuevo', para crear un nuevo registro.
2022-09-27 18:17:47,521 - root - INFO -  Se abrio la pantalla para el ingreso de un registro nuevo.
2022-09-27 18:17:47,551 - root - INFO -  El campo 'Empresa' si se encuentra visible.
2022-09-27 18:17:47,581 - root - INFO -  El campo 'Moneda' si se encuentra visible.
2022-09-27 18:17:47,621 - root - INFO -  El campo 'Modo' si se encuentra visible.
2022-09-27 18:17:47,651 - root - INFO -  El campo 'Usuario' si se encuentra visible.
2022-09-27 18:17:47,681 - root - INFO -  El campo 'Cantidad' si se encuentra visible.
2022-09-27 18:17:47,731 - root - INFO -  El campo 'Contraseña' si se encuentra visible.
2022-09-27 18:18:24,020 - root - INFO -  Ingresa la cantidad del nuevo registro 
2022-09-27 18:18:27,158 - root - INFO -  Ingresa la contraseña del nuevo registro 
2022-09-27 18:18:27,159 - root - INFO -  Captura: C:\xampp\htdocs\Versiones\automatizaciones\AutoPWST\01AC\report\img  screen：20220927_18_18_27.png
2022-09-27 18:18:30,381 - root - INFO -  Se da clic en el boton Guardar; se debe crear un nuevo registro.
2022-09-27 18:18:33,485 - root - INFO -  Se presiona el boton 'Refrescar', para crear un nuevo registro igual al anterior.
2022-09-27 18:18:38,570 - root - INFO -  Se presiona el boton 'Nuevo', para crear un nuevo registro igual al anterior.
2022-09-27 18:19:14,874 - root - INFO -  Ingresa la cantidad del nuevo registro 
2022-09-27 18:19:17,986 - root - INFO -  Ingresa la contraseña del nuevo registro 
2022-09-27 18:19:22,106 - root - ERROR - No se dio click al botón Guardar, validar que la acción anterior haya finalizado,que el xpath sea el correcto o que la página no presente lentitud
2022-09-27 18:19:22,106 - root - INFO -  Captura: C:\xampp\htdocs\Versiones\automatizaciones\AutoPWST\01AC\report\img  screen：20220927_18_19_22.png
2022-09-27 18:19:24,628 - root - ERROR - No se dio click al botón Refrescar, validar que la acción anterior haya finalizado,que el xpath sea el correcto o que la página no presente lentitud
2022-09-27 18:19:24,628 - root - INFO -  Captura: C:\xampp\htdocs\Versiones\automatizaciones\AutoPWST\01AC\report\img  screen：20220927_18_19_24.png
2022-09-27 18:19:24,628 - root - ERROR - No se dio click al botón Refrescar, validar que la acción anterior haya finalizado,que el xpath sea el correcto o que la página no presente lentitud
2022-09-27 18:19:24,628 - root - INFO -  Captura: C:\xampp\htdocs\Versiones\automatizaciones\AutoPWST\01AC\report\img  screen：20220927_18_19_24.png
2022-09-27 18:22:25,671 - root - INFO -  Se abre el chrome
2022-09-27 18:22:27,035 - root - INFO -  Entra a la URL
2022-09-27 18:22:27,177 - root - INFO -  Maximiza la pantalla
2022-09-27 18:22:30,217 - root - INFO -  Cambia al frame
2022-09-27 18:22:33,294 - root - INFO -  Escribe el usuario
2022-09-27 18:22:33,397 - root - INFO -  Escribe la contraseña
2022-09-27 18:22:33,572 - root - INFO -  Se dio clic en el boton ingresar
2022-09-27 18:22:34,332 - root - INFO -  Ejecutar Enterprise
2022-09-27 18:22:38,414 - root - INFO -  Cambia entre pestañas
2022-09-27 18:22:54,840 - root - INFO -  Abre la pantalla de Autorizaciones de Credito
2022-09-27 18:22:54,870 - root - INFO -  La pantalla ejecutada es Autorizaciones de crédito.
2022-09-27 18:22:54,870 - root - INFO -  Captura: C:\xampp\htdocs\Versiones\automatizaciones\AutoPWST\01AC\report\img  screen：20220927_18_22_54.png
2022-09-27 18:22:57,038 - root - INFO -  Se presiona el boton 'Nuevo', para crear un nuevo registro.
2022-09-27 18:22:57,108 - root - INFO -  Se abrio la pantalla para el ingreso de un registro nuevo.
2022-09-27 18:22:57,138 - root - INFO -  El campo 'Empresa' si se encuentra visible.
2022-09-27 18:22:57,168 - root - INFO -  El campo 'Moneda' si se encuentra visible.
2022-09-27 18:22:57,208 - root - INFO -  El campo 'Modo' si se encuentra visible.
2022-09-27 18:22:57,248 - root - INFO -  El campo 'Usuario' si se encuentra visible.
2022-09-27 18:22:57,288 - root - INFO -  El campo 'Cantidad' si se encuentra visible.
2022-09-27 18:22:57,318 - root - INFO -  El campo 'Contraseña' si se encuentra visible.
2022-09-27 18:23:33,534 - root - INFO -  Ingresa la cantidad del nuevo registro 
2022-09-27 18:23:36,668 - root - INFO -  Ingresa la contraseña del nuevo registro 
2022-09-27 18:23:36,668 - root - INFO -  Captura: C:\xampp\htdocs\Versiones\automatizaciones\AutoPWST\01AC\report\img  screen：20220927_18_23_36.png
2022-09-27 18:23:40,863 - root - ERROR - No se dio click al botón Guardar, validar que la acción anterior haya finalizado,que el xpath sea el correcto o que la página no presente lentitud
2022-09-27 18:23:40,863 - root - INFO -  Captura: C:\xampp\htdocs\Versiones\automatizaciones\AutoPWST\01AC\report\img  screen：20220927_18_23_40.png
2022-09-27 18:23:43,333 - root - ERROR - No se dio click al botón Refrescar, validar que la acción anterior haya finalizado,que el xpath sea el correcto o que la página no presente lentitud
2022-09-27 18:23:43,333 - root - INFO -  Captura: C:\xampp\htdocs\Versiones\automatizaciones\AutoPWST\01AC\report\img  screen：20220927_18_23_43.png
2022-09-27 18:23:43,333 - root - ERROR - No se dio click al botón Refrescar, validar que la acción anterior haya finalizado,que el xpath sea el correcto o que la página no presente lentitud
2022-09-27 18:23:43,333 - root - INFO -  Captura: C:\xampp\htdocs\Versiones\automatizaciones\AutoPWST\01AC\report\img  screen：20220927_18_23_43.png
2022-09-27 18:23:43,343 - root - ERROR - No se dio click al botón Refrescar, validar que la acción anterior haya finalizado,que el xpath sea el correcto o que la página no presente lentitud
2022-09-27 18:23:43,343 - root - INFO -  Captura: C:\xampp\htdocs\Versiones\automatizaciones\AutoPWST\01AC\report\img  screen：20220927_18_23_43.png
