2022-07-05 18:06:30,772 - root - INFO -  Se abre el chrome
2022-07-05 18:06:34,809 - root - INFO -  Entra a la URL
2022-07-05 18:06:34,943 - root - INFO -  Maximiza la pantalla
2022-07-05 18:06:38,004 - root - INFO -  Cambia al frame
2022-07-05 18:06:41,100 - root - INFO -  Escribe el usuario
2022-07-05 18:06:41,206 - root - INFO -  Escribe la contraseña
2022-07-05 18:06:41,341 - root - INFO -  Se dio clic en el boton ingresar
2022-07-05 18:06:45,015 - root - INFO -  Ejecutar Enterprise
2022-07-05 18:06:45,017 - root - INFO -  Captura: C:\xampp\htdocs\versiones\automatizaciones\AutoPWST\01AC\report\img  screen：20220705_18_06_45.png
2022-07-05 18:06:49,248 - root - INFO -  Cambia entre pestañas
2022-07-05 18:07:45,779 - root - INFO -  Se presiona el boton 'Cerrar Error', para crear un nuevo registro igual al anterior.
2022-07-05 18:07:48,917 - root - INFO -  Abre el menu completo
2022-07-05 18:07:59,592 - root - INFO -  Abre la pantalla de Autorizaciones de Credito
2022-07-05 18:08:00,185 - root - INFO -  La pantalla ejecutada es Autorizaciones de crédito.
2022-07-05 18:08:00,186 - root - INFO -  Captura: C:\xampp\htdocs\versiones\automatizaciones\AutoPWST\01AC\report\img  screen：20220705_18_08_00.png
2022-07-05 18:08:00,377 - root - INFO -  Se presiona el boton 'Nuevo', para crear un nuevo registro.
2022-07-05 18:08:03,121 - root - INFO -  Se abrio la pantalla para el ingreso de un registro nuevo.
2022-07-05 18:08:03,164 - root - INFO -  El campo 'Empresa' si se encuentra visible.
2022-07-05 18:08:03,204 - root - INFO -  El campo 'Moneda' si se encuentra visible.
2022-07-05 18:08:03,247 - root - INFO -  El campo 'Modo' si se encuentra visible.
2022-07-05 18:08:03,293 - root - INFO -  El campo 'Usuario' si se encuentra visible.
2022-07-05 18:08:03,343 - root - INFO -  El campo 'Cantidad' si se encuentra visible.
2022-07-05 18:08:03,381 - root - INFO -  El campo 'Contraseña' si se encuentra visible.
2022-07-05 18:08:41,123 - root - INFO -  Ingresa la cantidad del nuevo registro 
2022-07-05 18:08:44,263 - root - INFO -  Ingresa la contraseña del nuevo registro 
2022-07-05 18:08:44,264 - root - INFO -  Captura: C:\xampp\htdocs\versiones\automatizaciones\AutoPWST\01AC\report\img  screen：20220705_18_08_44.png
2022-07-05 18:08:47,509 - root - INFO -  Se da clic en el boton Guardar; se debe crear un nuevo registro.
2022-07-05 18:08:50,629 - root - INFO -  Se presiona el boton 'Refrescar', para crear un nuevo registro igual al anterior.
2022-07-05 18:08:53,773 - root - INFO -  Se presiona el boton 'Nuevo', para crear un nuevo registro igual al anterior.
2022-07-05 18:08:55,985 - root - INFO -  Se abrio la pantalla para el ingreso de un registro nuevo.
2022-07-05 18:08:56,041 - root - INFO -  El campo 'Empresa' si se encuentra visible.
2022-07-05 18:08:56,079 - root - INFO -  El campo 'Moneda' si se encuentra visible.
2022-07-05 18:08:58,172 - root - INFO -  El campo 'Modo' si se encuentra visible.
2022-07-05 18:09:00,269 - root - INFO -  El campo 'Usuario' si se encuentra visible.
2022-07-05 18:09:02,370 - root - INFO -  El campo 'Cantidad' si se encuentra visible.
2022-07-05 18:09:04,472 - root - INFO -  El campo 'Contraseña' si se encuentra visible.
2022-07-05 18:09:42,353 - root - INFO -  Ingresa la cantidad del nuevo registro 
2022-07-05 18:09:45,486 - root - INFO -  Ingresa la contraseña del nuevo registro 
2022-07-05 18:09:48,620 - root - INFO -  Se da clic en el boton Guardar; NO se debe crear un nuevo registro.
2022-07-05 18:09:50,630 - root - INFO -  Captura: C:\xampp\htdocs\versiones\automatizaciones\AutoPWST\01AC\report\img  screen：20220705_18_09_50.png
2022-07-05 18:09:50,899 - root - INFO -  Se presiona el boton 'Cerrar', para cerrar el mensaje de duplicidad de llave primaria
2022-07-05 18:09:53,012 - root - INFO -  Se presiona el boton 'Cerrar', para cerrar la ventana
2022-07-05 18:09:57,133 - root - INFO -  Se presiona el boton 'Refrescar', para crear un nuevo registro igual al anterior.
2022-07-05 18:10:04,775 - root - INFO -  Se da clic en el registro creado, para proceder a modificarlo.
2022-07-05 18:10:04,963 - root - INFO -  Ingresa la cantidad del nuevo registro 
2022-07-05 18:10:04,964 - root - INFO -  Captura: C:\xampp\htdocs\versiones\automatizaciones\AutoPWST\01AC\report\img  screen：20220705_18_10_04.png
2022-07-05 18:10:08,316 - root - INFO -  Se da clic en el boton Guardar; se debe modificar la informacion del registro.
2022-07-05 18:10:11,401 - root - INFO -  Se presiona el boton 'Refrescar', para proceder a eliminar el registro.
2022-07-05 18:10:19,063 - root - INFO -  Se da clic en el registro creado, para proceder a modificarlo.
2022-07-05 18:10:21,202 - root - INFO -  Se presiona el boton 'Eliminar', para eliminar el registro.
2022-07-05 18:10:21,207 - root - INFO -  Captura: C:\xampp\htdocs\versiones\automatizaciones\AutoPWST\01AC\report\img  screen：20220705_18_10_21.png
2022-07-05 18:10:21,466 - root - INFO -  Se confirma el eliminado del registro
2022-07-05 18:10:23,601 - root - INFO -  Se presiona el boton 'Refrescar', para crear un nuevo registro igual al anterior.
2022-07-05 18:10:25,737 - root - INFO -  Se presiona el boton 'Cerrar', para cerrar la pantalla de Categorias Fiscales.
2022-07-05 18:10:30,083 - root - INFO -  Se cierra chrome
