2022-11-29 11:02:10,142 - root - INFO -  Se abre el chrome
2022-11-29 11:02:12,255 - root - INFO -  Entra a la URL
2022-11-29 11:02:12,532 - root - INFO -  Maximiza la pantalla
2022-11-29 11:02:15,675 - root - INFO -  Cambia al frame
2022-11-29 11:02:18,869 - root - INFO -  Escribe el usuario
2022-11-29 11:02:19,208 - root - INFO -  Escribe la contraseña
2022-11-29 11:02:19,398 - root - INFO -  Se dio clic en el boton ingresar
2022-11-29 11:02:20,706 - root - INFO -  Ejecutar Enterprise
2022-11-29 11:02:24,827 - root - INFO -  Cambia entre pestañas
2022-11-29 11:02:28,453 - root - INFO -  Abre la pantalla de Autorizaciones de Credito
2022-11-29 11:02:29,062 - root - INFO -  La pantalla ejecutada es Autorizaciones de crédito.
2022-11-29 11:02:29,063 - root - INFO -  Captura: C:\xampp\htdocs\Versiones\automatizaciones\AutoPWST\01AC\report\img  screen：20221129_11_02_29.png
2022-11-29 11:02:32,009 - root - INFO -  Se presiona el boton 'Nuevo', para crear un nuevo registro.
2022-11-29 11:02:32,057 - root - INFO -  Se abrio la pantalla para el ingreso de un registro nuevo.
2022-11-29 11:02:32,103 - root - INFO -  El campo 'Empresa' si se encuentra visible.
2022-11-29 11:02:32,141 - root - INFO -  El campo 'Moneda' si se encuentra visible.
2022-11-29 11:02:32,180 - root - INFO -  El campo 'Modo' si se encuentra visible.
2022-11-29 11:02:32,221 - root - INFO -  El campo 'Usuario' si se encuentra visible.
2022-11-29 11:02:32,261 - root - INFO -  El campo 'Cantidad' si se encuentra visible.
2022-11-29 11:02:32,299 - root - INFO -  El campo 'Contraseña' si se encuentra visible.
2022-11-29 11:03:08,458 - root - INFO -  Ingresa la cantidad del nuevo registro 
2022-11-29 11:03:11,609 - root - INFO -  Ingresa la contraseña del nuevo registro 
2022-11-29 11:03:11,610 - root - INFO -  Captura: C:\xampp\htdocs\Versiones\automatizaciones\AutoPWST\01AC\report\img  screen：20221129_11_03_11.png
2022-11-29 11:03:15,230 - root - INFO -  Se da clic en el boton Guardar; se debe crear un nuevo registro.
2022-11-29 11:03:18,308 - root - INFO -  Se presiona el boton 'Refrescar', para crear un nuevo registro igual al anterior.
2022-11-29 11:03:23,372 - root - INFO -  Se presiona el boton 'Nuevo', para crear un nuevo registro igual al anterior.
2022-11-29 11:03:59,533 - root - INFO -  Ingresa la cantidad del nuevo registro 
2022-11-29 11:04:02,680 - root - INFO -  Ingresa la contraseña del nuevo registro 
2022-11-29 11:04:05,796 - root - INFO -  Se da clic en el boton Guardar; se debe crear un nuevo registro.
2022-11-29 11:04:08,797 - root - INFO -  Captura: C:\xampp\htdocs\Versiones\automatizaciones\AutoPWST\01AC\report\img  screen：20221129_11_04_08.png
2022-11-29 11:04:09,520 - root - INFO -  Se presiona el boton 'Cerrar', para cerrar el mensaje de duplicidad de llave primaria
2022-11-29 11:04:11,617 - root - INFO -  Se presiona el boton 'Cerrar', para cerrar la ventana
2022-11-29 11:04:15,692 - root - INFO -  Se presiona el boton 'Refrescar', para crear un nuevo registro igual al anterior.
2022-11-29 11:04:23,286 - root - INFO - Se da clic en el registro creado, para proceder a modificarlo.
2022-11-29 11:04:23,465 - root - INFO -  Ingresa la cantidad del nuevo registro 
2022-11-29 11:04:23,466 - root - INFO -  Captura: C:\xampp\htdocs\Versiones\automatizaciones\AutoPWST\01AC\report\img  screen：20221129_11_04_23.png
2022-11-29 11:04:27,078 - root - INFO -  Se da clic en el boton Guardar; se debe modificar la informacion del registro.
2022-11-29 11:04:30,185 - root - INFO -  Se presiona el boton 'Refrescar', para proceder a eliminar el registro.
2022-11-29 11:04:37,787 - root - INFO -  Se da clic en el registro creado, para proceder a modificarlo.
2022-11-29 11:04:39,907 - root - INFO -  Se presiona el boton 'Eliminar', para eliminar el registro.
2022-11-29 11:04:39,909 - root - INFO -  Captura: C:\xampp\htdocs\Versiones\automatizaciones\AutoPWST\01AC\report\img  screen：20221129_11_04_39.png
2022-11-29 11:04:40,520 - root - INFO -  Se confirma el eliminado del registro
2022-11-29 11:04:42,605 - root - INFO -  Se presiona el boton 'Refrescar', para crear un nuevo registro igual al anterior.
2022-11-29 11:04:44,696 - root - INFO -  Se presiona el boton 'Cerrar', para cerrar la pantalla de Categorias Fiscales.
2022-11-29 11:04:51,368 - root - INFO -  Se cierra chrome
2022-11-29 11:20:21,614 - root - INFO -  Se abre el chrome
2022-11-29 11:20:23,733 - root - INFO -  Entra a la URL
2022-11-29 11:20:24,022 - root - INFO -  Maximiza la pantalla
2022-11-29 11:20:27,073 - root - INFO -  Cambia al frame
2022-11-29 11:20:30,149 - root - INFO -  Escribe el usuario
2022-11-29 11:20:30,275 - root - INFO -  Escribe la contraseña
2022-11-29 11:20:30,419 - root - INFO -  Se dio clic en el boton ingresar
2022-11-29 11:20:31,756 - root - INFO -  Ejecutar Enterprise
2022-11-29 11:20:35,817 - root - INFO -  Cambia entre pestañas
2022-11-29 11:20:39,436 - root - INFO -  Abre la pantalla de Autorizaciones de Credito
2022-11-29 11:20:40,037 - root - INFO -  La pantalla ejecutada es Autorizaciones de crédito.
2022-11-29 11:20:40,037 - root - INFO -  Captura: C:\xampp\htdocs\Versiones\automatizaciones\AutoPWST\01AC\report\img  screen：20221129_11_20_40.png
2022-11-29 11:20:40,840 - root - INFO -  Se presiona el boton 'Nuevo', para crear un nuevo registro.
2022-11-29 11:20:41,399 - root - INFO -  Se abrio la pantalla para el ingreso de un registro nuevo.
2022-11-29 11:20:41,444 - root - INFO -  El campo 'Empresa' si se encuentra visible.
2022-11-29 11:20:41,488 - root - INFO -  El campo 'Moneda' si se encuentra visible.
2022-11-29 11:20:41,530 - root - INFO -  El campo 'Modo' si se encuentra visible.
2022-11-29 11:20:41,571 - root - INFO -  El campo 'Usuario' si se encuentra visible.
2022-11-29 11:20:41,612 - root - INFO -  El campo 'Cantidad' si se encuentra visible.
2022-11-29 11:20:41,661 - root - INFO -  El campo 'Contraseña' si se encuentra visible.
2022-11-29 11:20:48,755 - root - ERROR - No se encontró el registro de Empresa, validar que la acción anterior haya finalizado,que el xpath sea el correcto o que la página no presente lentitud
2022-11-29 11:20:48,757 - root - INFO -  Captura: C:\xampp\htdocs\Versiones\automatizaciones\AutoPWST\01AC\report\img  screen：20221129_11_20_48.png
2022-11-29 11:20:52,177 - root - ERROR - No se dio click al botón Refrescar, validar que la acción anterior haya finalizado,que el xpath sea el correcto o que la página no presente lentitud
2022-11-29 11:20:52,178 - root - INFO -  Captura: C:\xampp\htdocs\Versiones\automatizaciones\AutoPWST\01AC\report\img  screen：20221129_11_20_52.png
2022-11-29 11:20:52,185 - root - ERROR - No se dio click al botón Refrescar, validar que la acción anterior haya finalizado,que el xpath sea el correcto o que la página no presente lentitud
2022-11-29 11:20:52,186 - root - INFO -  Captura: C:\xampp\htdocs\Versiones\automatizaciones\AutoPWST\01AC\report\img  screen：20221129_11_20_52.png
2022-11-29 11:20:52,192 - root - ERROR - No se dio click al botón Refrescar, validar que la acción anterior haya finalizado,que el xpath sea el correcto o que la página no presente lentitud
2022-11-29 11:20:52,193 - root - INFO -  Captura: C:\xampp\htdocs\Versiones\automatizaciones\AutoPWST\01AC\report\img  screen：20221129_11_20_52.png
2022-11-29 11:22:31,818 - root - INFO -  Se abre el chrome
2022-11-29 11:22:34,150 - root - INFO -  Entra a la URL
2022-11-29 11:22:34,423 - root - INFO -  Maximiza la pantalla
2022-11-29 11:22:37,475 - root - INFO -  Cambia al frame
2022-11-29 11:22:40,573 - root - INFO -  Escribe el usuario
2022-11-29 11:22:40,693 - root - INFO -  Escribe la contraseña
2022-11-29 11:22:40,847 - root - INFO -  Se dio clic en el boton ingresar
2022-11-29 11:22:42,167 - root - INFO -  Ejecutar Enterprise
2022-11-29 11:22:46,267 - root - INFO -  Cambia entre pestañas
2022-11-29 11:22:59,721 - root - INFO -  Abre la pantalla de Autorizaciones de Credito
2022-11-29 11:23:00,289 - root - INFO -  La pantalla ejecutada es Autorizaciones de crédito.
2022-11-29 11:23:00,290 - root - INFO -  Captura: C:\xampp\htdocs\Versiones\automatizaciones\AutoPWST\01AC\report\img  screen：20221129_11_23_00.png
2022-11-29 11:23:00,871 - root - INFO -  Se presiona el boton 'Nuevo', para crear un nuevo registro.
2022-11-29 11:23:01,430 - root - INFO -  Se abrio la pantalla para el ingreso de un registro nuevo.
2022-11-29 11:23:01,479 - root - INFO -  El campo 'Empresa' si se encuentra visible.
2022-11-29 11:23:01,533 - root - INFO -  El campo 'Moneda' si se encuentra visible.
2022-11-29 11:23:01,584 - root - INFO -  El campo 'Modo' si se encuentra visible.
2022-11-29 11:23:01,629 - root - INFO -  El campo 'Usuario' si se encuentra visible.
2022-11-29 11:23:01,688 - root - INFO -  El campo 'Cantidad' si se encuentra visible.
2022-11-29 11:23:01,746 - root - INFO -  El campo 'Contraseña' si se encuentra visible.
2022-11-29 11:23:06,384 - root - INFO -  Ingresa la cantidad del nuevo registro 
2022-11-29 11:23:06,566 - root - INFO -  Ingresa la contraseña del nuevo registro 
2022-11-29 11:23:06,567 - root - INFO -  Captura: C:\xampp\htdocs\Versiones\automatizaciones\AutoPWST\01AC\report\img  screen：20221129_11_23_06.png
2022-11-29 11:23:07,301 - root - INFO -  Se da clic en el boton Guardar; se debe crear un nuevo registro.
2022-11-29 11:23:07,567 - root - INFO -  Se presiona el boton 'Refrescar', para crear un nuevo registro igual al anterior.
2022-11-29 11:23:07,812 - root - INFO -  Se presiona el boton 'Nuevo', para crear un nuevo registro igual al anterior.
2022-11-29 11:23:13,009 - root - INFO -  Ingresa la cantidad del nuevo registro 
2022-11-29 11:23:13,163 - root - INFO -  Ingresa la contraseña del nuevo registro 
2022-11-29 11:23:13,252 - root - INFO -  Se da clic en el boton Guardar; se debe crear un nuevo registro.
2022-11-29 11:23:13,253 - root - INFO -  Captura: C:\xampp\htdocs\Versiones\automatizaciones\AutoPWST\01AC\report\img  screen：20221129_11_23_13.png
2022-11-29 11:23:14,305 - root - INFO -  Se presiona el boton 'Cerrar', para cerrar el mensaje de duplicidad de llave primaria
2022-11-29 11:23:14,525 - root - INFO -  Se presiona el boton 'Cerrar', para cerrar la ventana
2022-11-29 11:23:14,639 - root - INFO -  Se presiona el boton 'Refrescar', para crear un nuevo registro igual al anterior.
2022-11-29 11:23:14,975 - root - ERROR - No se encontró el registro, validar que la acción anterior haya finalizado,que el xpath sea el correcto o que la página no presente lentitud
2022-11-29 11:23:14,976 - root - INFO -  Captura: C:\xampp\htdocs\Versiones\automatizaciones\AutoPWST\01AC\report\img  screen：20221129_11_23_14.png
2022-11-29 11:23:18,062 - root - ERROR - No se dio click al botón Refrescar, validar que la acción anterior haya finalizado,que el xpath sea el correcto o que la página no presente lentitud
2022-11-29 11:23:18,063 - root - INFO -  Captura: C:\xampp\htdocs\Versiones\automatizaciones\AutoPWST\01AC\report\img  screen：20221129_11_23_18.png
2022-11-29 11:25:17,708 - root - INFO -  Se abre el chrome
2022-11-29 11:25:18,903 - root - INFO -  Entra a la URL
2022-11-29 11:25:19,109 - root - INFO -  Maximiza la pantalla
2022-11-29 11:25:22,163 - root - INFO -  Cambia al frame
2022-11-29 11:25:25,245 - root - INFO -  Escribe el usuario
2022-11-29 11:25:25,367 - root - INFO -  Escribe la contraseña
2022-11-29 11:25:25,523 - root - INFO -  Se dio clic en el boton ingresar
2022-11-29 11:25:26,321 - root - INFO -  Ejecutar Enterprise
2022-11-29 11:25:30,381 - root - INFO -  Cambia entre pestañas
2022-11-29 11:25:43,777 - root - INFO -  Abre la pantalla de Autorizaciones de Credito
2022-11-29 11:25:44,346 - root - INFO -  La pantalla ejecutada es Autorizaciones de crédito.
2022-11-29 11:25:44,347 - root - INFO -  Captura: C:\xampp\htdocs\Versiones\automatizaciones\AutoPWST\01AC\report\img  screen：20221129_11_25_44.png
2022-11-29 11:25:44,932 - root - INFO -  Se presiona el boton 'Nuevo', para crear un nuevo registro.
2022-11-29 11:25:45,504 - root - INFO -  Se abrio la pantalla para el ingreso de un registro nuevo.
2022-11-29 11:25:45,551 - root - INFO -  El campo 'Empresa' si se encuentra visible.
2022-11-29 11:25:45,593 - root - INFO -  El campo 'Moneda' si se encuentra visible.
2022-11-29 11:25:45,632 - root - INFO -  El campo 'Modo' si se encuentra visible.
2022-11-29 11:25:45,668 - root - INFO -  El campo 'Usuario' si se encuentra visible.
2022-11-29 11:25:45,712 - root - INFO -  El campo 'Cantidad' si se encuentra visible.
2022-11-29 11:25:45,755 - root - INFO -  El campo 'Contraseña' si se encuentra visible.
2022-11-29 11:25:49,730 - root - INFO -  Ingresa la cantidad del nuevo registro 
2022-11-29 11:25:49,900 - root - INFO -  Ingresa la contraseña del nuevo registro 
2022-11-29 11:25:49,901 - root - INFO -  Captura: C:\xampp\htdocs\Versiones\automatizaciones\AutoPWST\01AC\report\img  screen：20221129_11_25_49.png
2022-11-29 11:25:51,758 - root - ERROR - No se dio click al botón Guardar, validar que la acción anterior haya finalizado,que el xpath sea el correcto o que la página no presente lentitud
2022-11-29 11:25:51,760 - root - INFO -  Captura: C:\xampp\htdocs\Versiones\automatizaciones\AutoPWST\01AC\report\img  screen：20221129_11_25_51.png
2022-11-29 11:25:55,051 - root - ERROR - No se dio click al botón Refrescar, validar que la acción anterior haya finalizado,que el xpath sea el correcto o que la página no presente lentitud
2022-11-29 11:25:55,051 - root - INFO -  Captura: C:\xampp\htdocs\Versiones\automatizaciones\AutoPWST\01AC\report\img  screen：20221129_11_25_55.png
2022-11-29 11:25:55,057 - root - ERROR - No se dio click al botón Refrescar, validar que la acción anterior haya finalizado,que el xpath sea el correcto o que la página no presente lentitud
2022-11-29 11:25:55,058 - root - INFO -  Captura: C:\xampp\htdocs\Versiones\automatizaciones\AutoPWST\01AC\report\img  screen：20221129_11_25_55.png
2022-11-29 11:25:55,063 - root - ERROR - No se dio click al botón Refrescar, validar que la acción anterior haya finalizado,que el xpath sea el correcto o que la página no presente lentitud
2022-11-29 11:25:55,064 - root - INFO -  Captura: C:\xampp\htdocs\Versiones\automatizaciones\AutoPWST\01AC\report\img  screen：20221129_11_25_55.png
2022-11-29 11:27:30,382 - root - INFO -  Se abre el chrome
2022-11-29 11:27:31,486 - root - INFO -  Entra a la URL
2022-11-29 11:27:31,650 - root - INFO -  Maximiza la pantalla
2022-11-29 11:27:34,700 - root - INFO -  Cambia al frame
2022-11-29 11:27:37,783 - root - INFO -  Escribe el usuario
2022-11-29 11:27:37,914 - root - INFO -  Escribe la contraseña
2022-11-29 11:27:38,056 - root - INFO -  Se dio clic en el boton ingresar
2022-11-29 11:27:38,851 - root - INFO -  Ejecutar Enterprise
2022-11-29 11:27:42,947 - root - INFO -  Cambia entre pestañas
2022-11-29 11:27:54,122 - root - INFO -  Abre la pantalla de Autorizaciones de Credito
2022-11-29 11:27:54,719 - root - INFO -  La pantalla ejecutada es Autorizaciones de crédito.
2022-11-29 11:27:54,719 - root - INFO -  Captura: C:\xampp\htdocs\Versiones\automatizaciones\AutoPWST\01AC\report\img  screen：20221129_11_27_54.png
2022-11-29 11:27:55,282 - root - INFO -  Se presiona el boton 'Nuevo', para crear un nuevo registro.
2022-11-29 11:27:55,850 - root - INFO -  Se abrio la pantalla para el ingreso de un registro nuevo.
2022-11-29 11:27:55,890 - root - INFO -  El campo 'Empresa' si se encuentra visible.
2022-11-29 11:27:55,928 - root - INFO -  El campo 'Moneda' si se encuentra visible.
2022-11-29 11:27:55,967 - root - INFO -  El campo 'Modo' si se encuentra visible.
2022-11-29 11:27:56,003 - root - INFO -  El campo 'Usuario' si se encuentra visible.
2022-11-29 11:27:56,038 - root - INFO -  El campo 'Cantidad' si se encuentra visible.
2022-11-29 11:27:56,087 - root - INFO -  El campo 'Contraseña' si se encuentra visible.
2022-11-29 11:27:59,895 - root - INFO -  Ingresa la cantidad del nuevo registro 
2022-11-29 11:28:00,238 - root - INFO -  Ingresa la contraseña del nuevo registro 
2022-11-29 11:28:00,240 - root - INFO -  Captura: C:\xampp\htdocs\Versiones\automatizaciones\AutoPWST\01AC\report\img  screen：20221129_11_28_00.png
2022-11-29 11:28:02,208 - root - ERROR - No se dio click al botón Guardar, validar que la acción anterior haya finalizado,que el xpath sea el correcto o que la página no presente lentitud
2022-11-29 11:28:02,210 - root - INFO -  Captura: C:\xampp\htdocs\Versiones\automatizaciones\AutoPWST\01AC\report\img  screen：20221129_11_28_02.png
2022-11-29 11:28:05,605 - root - ERROR - No se dio click al botón Refrescar, validar que la acción anterior haya finalizado,que el xpath sea el correcto o que la página no presente lentitud
2022-11-29 11:28:05,605 - root - INFO -  Captura: C:\xampp\htdocs\Versiones\automatizaciones\AutoPWST\01AC\report\img  screen：20221129_11_28_05.png
2022-11-29 11:28:05,617 - root - ERROR - No se dio click al botón Refrescar, validar que la acción anterior haya finalizado,que el xpath sea el correcto o que la página no presente lentitud
2022-11-29 11:28:05,618 - root - INFO -  Captura: C:\xampp\htdocs\Versiones\automatizaciones\AutoPWST\01AC\report\img  screen：20221129_11_28_05.png
2022-11-29 11:28:05,625 - root - ERROR - No se dio click al botón Refrescar, validar que la acción anterior haya finalizado,que el xpath sea el correcto o que la página no presente lentitud
2022-11-29 11:28:05,628 - root - INFO -  Captura: C:\xampp\htdocs\Versiones\automatizaciones\AutoPWST\01AC\report\img  screen：20221129_11_28_05.png
2022-11-29 11:30:33,438 - root - INFO -  Se abre el chrome
2022-11-29 11:30:34,655 - root - INFO -  Entra a la URL
2022-11-29 11:30:34,836 - root - INFO -  Maximiza la pantalla
2022-11-29 11:30:37,891 - root - INFO -  Cambia al frame
2022-11-29 11:30:40,980 - root - INFO -  Escribe el usuario
2022-11-29 11:30:41,126 - root - INFO -  Escribe la contraseña
2022-11-29 11:30:41,268 - root - INFO -  Se dio clic en el boton ingresar
2022-11-29 11:30:42,081 - root - INFO -  Ejecutar Enterprise
2022-11-29 11:30:46,168 - root - INFO -  Cambia entre pestañas
2022-11-29 11:30:57,429 - root - INFO -  Abre la pantalla de Autorizaciones de Credito
2022-11-29 11:30:58,006 - root - INFO -  La pantalla ejecutada es Autorizaciones de crédito.
2022-11-29 11:30:58,007 - root - INFO -  Captura: C:\xampp\htdocs\Versiones\automatizaciones\AutoPWST\01AC\report\img  screen：20221129_11_30_58.png
2022-11-29 11:30:58,568 - root - INFO -  Se presiona el boton 'Nuevo', para crear un nuevo registro.
2022-11-29 11:30:59,125 - root - INFO -  Se abrio la pantalla para el ingreso de un registro nuevo.
2022-11-29 11:30:59,165 - root - INFO -  El campo 'Empresa' si se encuentra visible.
2022-11-29 11:30:59,202 - root - INFO -  El campo 'Moneda' si se encuentra visible.
2022-11-29 11:30:59,241 - root - INFO -  El campo 'Modo' si se encuentra visible.
2022-11-29 11:30:59,282 - root - INFO -  El campo 'Usuario' si se encuentra visible.
2022-11-29 11:30:59,321 - root - INFO -  El campo 'Cantidad' si se encuentra visible.
2022-11-29 11:30:59,366 - root - INFO -  El campo 'Contraseña' si se encuentra visible.
2022-11-29 11:31:03,308 - root - INFO -  Ingresa la cantidad del nuevo registro 
2022-11-29 11:31:03,494 - root - INFO -  Ingresa la contraseña del nuevo registro 
2022-11-29 11:31:03,502 - root - INFO -  Captura: C:\xampp\htdocs\Versiones\automatizaciones\AutoPWST\01AC\report\img  screen：20221129_11_31_03.png
2022-11-29 11:31:05,347 - root - ERROR - No se dio click al botón Guardar, validar que la acción anterior haya finalizado,que el xpath sea el correcto o que la página no presente lentitud
2022-11-29 11:31:05,348 - root - INFO -  Captura: C:\xampp\htdocs\Versiones\automatizaciones\AutoPWST\01AC\report\img  screen：20221129_11_31_05.png
2022-11-29 11:31:08,733 - root - ERROR - No se dio click al botón Refrescar, validar que la acción anterior haya finalizado,que el xpath sea el correcto o que la página no presente lentitud
2022-11-29 11:31:08,733 - root - INFO -  Captura: C:\xampp\htdocs\Versiones\automatizaciones\AutoPWST\01AC\report\img  screen：20221129_11_31_08.png
2022-11-29 11:31:08,739 - root - ERROR - No se dio click al botón Refrescar, validar que la acción anterior haya finalizado,que el xpath sea el correcto o que la página no presente lentitud
2022-11-29 11:31:08,740 - root - INFO -  Captura: C:\xampp\htdocs\Versiones\automatizaciones\AutoPWST\01AC\report\img  screen：20221129_11_31_08.png
2022-11-29 11:31:08,744 - root - ERROR - No se dio click al botón Refrescar, validar que la acción anterior haya finalizado,que el xpath sea el correcto o que la página no presente lentitud
2022-11-29 11:31:08,745 - root - INFO -  Captura: C:\xampp\htdocs\Versiones\automatizaciones\AutoPWST\01AC\report\img  screen：20221129_11_31_08.png
2022-11-29 11:33:19,284 - root - INFO -  Se abre el chrome
2022-11-29 11:33:20,292 - root - INFO -  Entra a la URL
2022-11-29 11:33:20,478 - root - INFO -  Maximiza la pantalla
2022-11-29 11:33:23,522 - root - INFO -  Cambia al frame
2022-11-29 11:33:26,597 - root - INFO -  Escribe el usuario
2022-11-29 11:33:26,707 - root - INFO -  Escribe la contraseña
2022-11-29 11:33:26,836 - root - INFO -  Se dio clic en el boton ingresar
2022-11-29 11:33:27,619 - root - INFO -  Ejecutar Enterprise
2022-11-29 11:33:31,688 - root - INFO -  Cambia entre pestañas
2022-11-29 11:33:44,675 - root - INFO -  Abre la pantalla de Autorizaciones de Credito
2022-11-29 11:33:45,279 - root - INFO -  La pantalla ejecutada es Autorizaciones de crédito.
2022-11-29 11:33:45,280 - root - INFO -  Captura: C:\xampp\htdocs\Versiones\automatizaciones\AutoPWST\01AC\report\img  screen：20221129_11_33_45.png
2022-11-29 11:33:45,809 - root - INFO -  Se presiona el boton 'Nuevo', para crear un nuevo registro.
2022-11-29 11:33:46,388 - root - INFO -  Se abrio la pantalla para el ingreso de un registro nuevo.
2022-11-29 11:33:46,425 - root - INFO -  El campo 'Empresa' si se encuentra visible.
2022-11-29 11:33:46,462 - root - INFO -  El campo 'Moneda' si se encuentra visible.
2022-11-29 11:33:46,498 - root - INFO -  El campo 'Modo' si se encuentra visible.
2022-11-29 11:33:46,534 - root - INFO -  El campo 'Usuario' si se encuentra visible.
2022-11-29 11:33:46,574 - root - INFO -  El campo 'Cantidad' si se encuentra visible.
2022-11-29 11:33:46,625 - root - INFO -  El campo 'Contraseña' si se encuentra visible.
2022-11-29 11:33:50,907 - root - INFO -  Ingresa la cantidad del nuevo registro 
2022-11-29 11:33:51,163 - root - INFO -  Ingresa la contraseña del nuevo registro 
2022-11-29 11:33:51,166 - root - INFO -  Captura: C:\xampp\htdocs\Versiones\automatizaciones\AutoPWST\01AC\report\img  screen：20221129_11_33_51.png
2022-11-29 11:33:51,845 - root - INFO -  Se da clic en el boton Guardar; se debe crear un nuevo registro.
2022-11-29 11:33:52,069 - root - INFO -  Se presiona el boton 'Refrescar', para crear un nuevo registro igual al anterior.
2022-11-29 11:33:52,290 - root - INFO -  Se presiona el boton 'Nuevo', para crear un nuevo registro igual al anterior.
2022-11-29 11:33:57,146 - root - INFO -  Ingresa la cantidad del nuevo registro 
2022-11-29 11:33:57,334 - root - INFO -  Ingresa la contraseña del nuevo registro 
2022-11-29 11:33:57,424 - root - INFO -  Se da clic en el boton Guardar; se debe crear un nuevo registro.
2022-11-29 11:33:57,425 - root - INFO -  Captura: C:\xampp\htdocs\Versiones\automatizaciones\AutoPWST\01AC\report\img  screen：20221129_11_33_57.png
2022-11-29 11:33:58,149 - root - INFO -  Se presiona el boton 'Cerrar', para cerrar el mensaje de duplicidad de llave primaria
2022-11-29 11:33:58,272 - root - INFO -  Se presiona el boton 'Cerrar', para cerrar la ventana
2022-11-29 11:33:58,400 - root - INFO -  Se presiona el boton 'Refrescar', para crear un nuevo registro igual al anterior.
2022-11-29 11:33:59,729 - root - ERROR - No se encontró el registro, validar que la acción anterior haya finalizado,que el xpath sea el correcto o que la página no presente lentitud
2022-11-29 11:33:59,730 - root - INFO -  Captura: C:\xampp\htdocs\Versiones\automatizaciones\AutoPWST\01AC\report\img  screen：20221129_11_33_59.png
2022-11-29 11:34:02,848 - root - ERROR - No se dio click al botón Refrescar, validar que la acción anterior haya finalizado,que el xpath sea el correcto o que la página no presente lentitud
2022-11-29 11:34:02,849 - root - INFO -  Captura: C:\xampp\htdocs\Versiones\automatizaciones\AutoPWST\01AC\report\img  screen：20221129_11_34_02.png
2022-11-29 11:35:37,641 - root - INFO -  Se abre el chrome
2022-11-29 11:35:40,295 - root - INFO -  Entra a la URL
2022-11-29 11:35:40,456 - root - INFO -  Maximiza la pantalla
2022-11-29 11:35:43,505 - root - INFO -  Cambia al frame
2022-11-29 11:35:46,582 - root - INFO -  Escribe el usuario
2022-11-29 11:35:46,698 - root - INFO -  Escribe la contraseña
2022-11-29 11:35:46,850 - root - INFO -  Se dio clic en el boton ingresar
2022-11-29 11:35:48,189 - root - INFO -  Ejecutar Enterprise
2022-11-29 11:35:52,273 - root - INFO -  Cambia entre pestañas
2022-11-29 11:36:07,419 - root - INFO -  Abre la pantalla de Autorizaciones de Credito
2022-11-29 11:36:08,033 - root - INFO -  La pantalla ejecutada es Autorizaciones de crédito.
2022-11-29 11:36:08,033 - root - INFO -  Captura: C:\xampp\htdocs\Versiones\automatizaciones\AutoPWST\01AC\report\img  screen：20221129_11_36_08.png
2022-11-29 11:36:08,566 - root - INFO -  Se presiona el boton 'Nuevo', para crear un nuevo registro.
2022-11-29 11:36:09,146 - root - INFO -  Se abrio la pantalla para el ingreso de un registro nuevo.
2022-11-29 11:36:09,185 - root - INFO -  El campo 'Empresa' si se encuentra visible.
2022-11-29 11:36:09,220 - root - INFO -  El campo 'Moneda' si se encuentra visible.
2022-11-29 11:36:09,253 - root - INFO -  El campo 'Modo' si se encuentra visible.
2022-11-29 11:36:09,288 - root - INFO -  El campo 'Usuario' si se encuentra visible.
2022-11-29 11:36:09,325 - root - INFO -  El campo 'Cantidad' si se encuentra visible.
2022-11-29 11:36:09,375 - root - INFO -  El campo 'Contraseña' si se encuentra visible.
2022-11-29 11:36:13,732 - root - INFO -  Ingresa la cantidad del nuevo registro 
2022-11-29 11:36:13,929 - root - INFO -  Ingresa la contraseña del nuevo registro 
2022-11-29 11:36:13,930 - root - INFO -  Captura: C:\xampp\htdocs\Versiones\automatizaciones\AutoPWST\01AC\report\img  screen：20221129_11_36_13.png
2022-11-29 11:36:14,473 - root - INFO -  Se da clic en el boton Guardar; se debe crear un nuevo registro.
2022-11-29 11:36:14,706 - root - INFO -  Se presiona el boton 'Refrescar', para crear un nuevo registro igual al anterior.
2022-11-29 11:36:14,917 - root - INFO -  Se presiona el boton 'Nuevo', para crear un nuevo registro igual al anterior.
2022-11-29 11:36:19,894 - root - INFO -  Ingresa la cantidad del nuevo registro 
2022-11-29 11:36:20,065 - root - INFO -  Ingresa la contraseña del nuevo registro 
2022-11-29 11:36:20,144 - root - INFO -  Se da clic en el boton Guardar; se debe crear un nuevo registro.
2022-11-29 11:36:20,145 - root - INFO -  Captura: C:\xampp\htdocs\Versiones\automatizaciones\AutoPWST\01AC\report\img  screen：20221129_11_36_20.png
2022-11-29 11:36:20,855 - root - INFO -  Se presiona el boton 'Cerrar', para cerrar el mensaje de duplicidad de llave primaria
2022-11-29 11:36:20,990 - root - INFO -  Se presiona el boton 'Cerrar', para cerrar la ventana
2022-11-29 11:36:21,092 - root - INFO -  Se presiona el boton 'Refrescar', para crear un nuevo registro igual al anterior.
2022-11-29 11:36:21,321 - root - INFO -  Se presiona el boton 'Refrescar', para proceder a eliminar el registro.
2022-11-29 11:36:21,643 - root - ERROR - No se encontró el registro, validar que la acción anterior haya finalizado,que el xpath sea el correcto o que la página no presente lentitud
2022-11-29 11:36:21,645 - root - INFO -  Captura: C:\xampp\htdocs\Versiones\automatizaciones\AutoPWST\01AC\report\img  screen：20221129_11_36_21.png
2022-11-29 11:38:46,604 - root - INFO -  Se abre el chrome
2022-11-29 11:38:47,698 - root - INFO -  Entra a la URL
2022-11-29 11:38:47,925 - root - INFO -  Maximiza la pantalla
2022-11-29 11:38:50,969 - root - INFO -  Cambia al frame
2022-11-29 11:38:54,042 - root - INFO -  Escribe el usuario
2022-11-29 11:38:54,158 - root - INFO -  Escribe la contraseña
2022-11-29 11:38:54,291 - root - INFO -  Se dio clic en el boton ingresar
2022-11-29 11:38:55,066 - root - INFO -  Ejecutar Enterprise
2022-11-29 11:38:59,139 - root - INFO -  Cambia entre pestañas
2022-11-29 11:39:10,224 - root - INFO -  Abre la pantalla de Autorizaciones de Credito
2022-11-29 11:39:10,817 - root - INFO -  La pantalla ejecutada es Autorizaciones de crédito.
2022-11-29 11:39:10,817 - root - INFO -  Captura: C:\xampp\htdocs\Versiones\automatizaciones\AutoPWST\01AC\report\img  screen：20221129_11_39_10.png
2022-11-29 11:39:11,354 - root - INFO -  Se presiona el boton 'Nuevo', para crear un nuevo registro.
2022-11-29 11:39:11,949 - root - INFO -  Se abrio la pantalla para el ingreso de un registro nuevo.
2022-11-29 11:39:11,988 - root - INFO -  El campo 'Empresa' si se encuentra visible.
2022-11-29 11:39:12,024 - root - INFO -  El campo 'Moneda' si se encuentra visible.
2022-11-29 11:39:12,060 - root - INFO -  El campo 'Modo' si se encuentra visible.
2022-11-29 11:39:12,099 - root - INFO -  El campo 'Usuario' si se encuentra visible.
2022-11-29 11:39:12,140 - root - INFO -  El campo 'Cantidad' si se encuentra visible.
2022-11-29 11:39:12,176 - root - INFO -  El campo 'Contraseña' si se encuentra visible.
2022-11-29 11:39:16,498 - root - INFO -  Ingresa la cantidad del nuevo registro 
2022-11-29 11:39:16,752 - root - INFO -  Ingresa la contraseña del nuevo registro 
2022-11-29 11:39:16,752 - root - INFO -  Captura: C:\xampp\htdocs\Versiones\automatizaciones\AutoPWST\01AC\report\img  screen：20221129_11_39_16.png
2022-11-29 11:39:17,320 - root - INFO -  Se da clic en el boton Guardar; se debe crear un nuevo registro.
2022-11-29 11:39:17,540 - root - INFO -  Se presiona el boton 'Refrescar', para crear un nuevo registro igual al anterior.
2022-11-29 11:39:17,753 - root - INFO -  Se presiona el boton 'Nuevo', para crear un nuevo registro igual al anterior.
2022-11-29 11:39:22,595 - root - INFO -  Ingresa la cantidad del nuevo registro 
2022-11-29 11:39:22,770 - root - INFO -  Ingresa la contraseña del nuevo registro 
2022-11-29 11:39:22,831 - root - INFO -  Se da clic en el boton Guardar; se debe crear un nuevo registro.
2022-11-29 11:39:22,832 - root - INFO -  Captura: C:\xampp\htdocs\Versiones\automatizaciones\AutoPWST\01AC\report\img  screen：20221129_11_39_22.png
2022-11-29 11:39:23,569 - root - INFO -  Se presiona el boton 'Cerrar', para cerrar el mensaje de duplicidad de llave primaria
2022-11-29 11:39:23,690 - root - INFO -  Se presiona el boton 'Cerrar', para cerrar la ventana
2022-11-29 11:39:23,790 - root - INFO -  Se presiona el boton 'Refrescar', para crear un nuevo registro igual al anterior.
2022-11-29 11:39:24,116 - root - ERROR - No se encontró el registro, validar que la acción anterior haya finalizado,que el xpath sea el correcto o que la página no presente lentitud
2022-11-29 11:39:24,118 - root - INFO -  Captura: C:\xampp\htdocs\Versiones\automatizaciones\AutoPWST\01AC\report\img  screen：20221129_11_39_24.png
2022-11-29 11:39:27,211 - root - ERROR - No se dio click al botón Refrescar, validar que la acción anterior haya finalizado,que el xpath sea el correcto o que la página no presente lentitud
2022-11-29 11:39:27,211 - root - INFO -  Captura: C:\xampp\htdocs\Versiones\automatizaciones\AutoPWST\01AC\report\img  screen：20221129_11_39_27.png
2022-11-29 11:40:32,157 - root - INFO -  Se abre el chrome
2022-11-29 11:40:33,559 - root - INFO -  Entra a la URL
2022-11-29 11:40:33,911 - root - INFO -  Maximiza la pantalla
2022-11-29 11:40:36,963 - root - INFO -  Cambia al frame
2022-11-29 11:40:40,035 - root - INFO -  Escribe el usuario
2022-11-29 11:40:40,150 - root - INFO -  Escribe la contraseña
2022-11-29 11:40:40,287 - root - INFO -  Se dio clic en el boton ingresar
2022-11-29 11:40:41,060 - root - INFO -  Ejecutar Enterprise
2022-11-29 11:40:45,126 - root - INFO -  Cambia entre pestañas
2022-11-29 11:40:58,627 - root - INFO -  Abre la pantalla de Autorizaciones de Credito
2022-11-29 11:40:59,281 - root - INFO -  La pantalla ejecutada es Autorizaciones de crédito.
2022-11-29 11:40:59,283 - root - INFO -  Captura: C:\xampp\htdocs\Versiones\automatizaciones\AutoPWST\01AC\report\img  screen：20221129_11_40_59.png
2022-11-29 11:40:59,798 - root - INFO -  Se presiona el boton 'Nuevo', para crear un nuevo registro.
2022-11-29 11:41:00,356 - root - INFO -  Se abrio la pantalla para el ingreso de un registro nuevo.
2022-11-29 11:41:00,396 - root - INFO -  El campo 'Empresa' si se encuentra visible.
2022-11-29 11:41:00,433 - root - INFO -  El campo 'Moneda' si se encuentra visible.
2022-11-29 11:41:00,469 - root - INFO -  El campo 'Modo' si se encuentra visible.
2022-11-29 11:41:00,505 - root - INFO -  El campo 'Usuario' si se encuentra visible.
2022-11-29 11:41:00,541 - root - INFO -  El campo 'Cantidad' si se encuentra visible.
2022-11-29 11:41:00,591 - root - INFO -  El campo 'Contraseña' si se encuentra visible.
2022-11-29 11:41:04,914 - root - INFO -  Ingresa la cantidad del nuevo registro 
2022-11-29 11:41:05,117 - root - INFO -  Ingresa la contraseña del nuevo registro 
2022-11-29 11:41:05,117 - root - INFO -  Captura: C:\xampp\htdocs\Versiones\automatizaciones\AutoPWST\01AC\report\img  screen：20221129_11_41_05.png
2022-11-29 11:41:05,656 - root - INFO -  Se da clic en el boton Guardar; se debe crear un nuevo registro.
2022-11-29 11:41:05,891 - root - INFO -  Se presiona el boton 'Refrescar', para crear un nuevo registro igual al anterior.
2022-11-29 11:41:06,098 - root - INFO -  Se presiona el boton 'Nuevo', para crear un nuevo registro igual al anterior.
2022-11-29 11:41:11,048 - root - INFO -  Ingresa la cantidad del nuevo registro 
2022-11-29 11:41:11,194 - root - INFO -  Ingresa la contraseña del nuevo registro 
2022-11-29 11:41:11,257 - root - INFO -  Se da clic en el boton Guardar; se debe crear un nuevo registro.
2022-11-29 11:41:11,258 - root - INFO -  Captura: C:\xampp\htdocs\Versiones\automatizaciones\AutoPWST\01AC\report\img  screen：20221129_11_41_11.png
2022-11-29 11:41:11,975 - root - INFO -  Se presiona el boton 'Cerrar', para cerrar el mensaje de duplicidad de llave primaria
2022-11-29 11:41:12,110 - root - INFO -  Se presiona el boton 'Cerrar', para cerrar la ventana
2022-11-29 11:41:12,269 - root - INFO -  Se presiona el boton 'Refrescar', para crear un nuevo registro igual al anterior.
2022-11-29 11:41:14,608 - root - ERROR - No se encontró el registro, validar que la acción anterior haya finalizado,que el xpath sea el correcto o que la página no presente lentitud
2022-11-29 11:41:14,609 - root - INFO -  Captura: C:\xampp\htdocs\Versiones\automatizaciones\AutoPWST\01AC\report\img  screen：20221129_11_41_14.png
2022-11-29 11:41:17,519 - root - ERROR - No se dio click al botón Refrescar, validar que la acción anterior haya finalizado,que el xpath sea el correcto o que la página no presente lentitud
2022-11-29 11:41:17,520 - root - INFO -  Captura: C:\xampp\htdocs\Versiones\automatizaciones\AutoPWST\01AC\report\img  screen：20221129_11_41_17.png
2022-11-29 11:42:11,752 - root - INFO -  Se abre el chrome
2022-11-29 11:42:18,715 - root - INFO -  Se abre el chrome
2022-11-29 11:42:20,228 - root - INFO -  Entra a la URL
2022-11-29 11:42:20,382 - root - INFO -  Maximiza la pantalla
2022-11-29 11:42:23,425 - root - INFO -  Cambia al frame
2022-11-29 11:42:26,493 - root - INFO -  Escribe el usuario
2022-11-29 11:42:26,619 - root - INFO -  Escribe la contraseña
2022-11-29 11:42:26,747 - root - INFO -  Se dio clic en el boton ingresar
2022-11-29 11:42:27,513 - root - INFO -  Ejecutar Enterprise
2022-11-29 11:42:31,590 - root - INFO -  Cambia entre pestañas
2022-11-29 11:42:43,900 - root - INFO -  Abre la pantalla de Autorizaciones de Credito
2022-11-29 11:42:44,500 - root - INFO -  La pantalla ejecutada es Autorizaciones de crédito.
2022-11-29 11:42:44,501 - root - INFO -  Captura: C:\xampp\htdocs\Versiones\automatizaciones\AutoPWST\01AC\report\img  screen：20221129_11_42_44.png
2022-11-29 11:42:45,029 - root - INFO -  Se presiona el boton 'Nuevo', para crear un nuevo registro.
2022-11-29 11:42:45,621 - root - INFO -  Se abrio la pantalla para el ingreso de un registro nuevo.
2022-11-29 11:42:45,676 - root - INFO -  El campo 'Empresa' si se encuentra visible.
2022-11-29 11:42:45,719 - root - INFO -  El campo 'Moneda' si se encuentra visible.
2022-11-29 11:42:45,755 - root - INFO -  El campo 'Modo' si se encuentra visible.
2022-11-29 11:42:45,796 - root - INFO -  El campo 'Usuario' si se encuentra visible.
2022-11-29 11:42:45,833 - root - INFO -  El campo 'Cantidad' si se encuentra visible.
2022-11-29 11:42:45,867 - root - INFO -  El campo 'Contraseña' si se encuentra visible.
2022-11-29 11:42:50,231 - root - INFO -  Ingresa la cantidad del nuevo registro 
2022-11-29 11:42:50,452 - root - INFO -  Ingresa la contraseña del nuevo registro 
2022-11-29 11:42:50,453 - root - INFO -  Captura: C:\xampp\htdocs\Versiones\automatizaciones\AutoPWST\01AC\report\img  screen：20221129_11_42_50.png
2022-11-29 11:42:51,001 - root - INFO -  Se da clic en el boton Guardar; se debe crear un nuevo registro.
2022-11-29 11:42:51,247 - root - INFO -  Se presiona el boton 'Refrescar', para crear un nuevo registro igual al anterior.
2022-11-29 11:42:51,457 - root - INFO -  Se presiona el boton 'Nuevo', para crear un nuevo registro igual al anterior.
2022-11-29 11:42:56,391 - root - INFO -  Ingresa la cantidad del nuevo registro 
2022-11-29 11:42:56,594 - root - INFO -  Ingresa la contraseña del nuevo registro 
2022-11-29 11:42:56,679 - root - INFO -  Se da clic en el boton Guardar; se debe crear un nuevo registro.
2022-11-29 11:42:56,680 - root - INFO -  Captura: C:\xampp\htdocs\Versiones\automatizaciones\AutoPWST\01AC\report\img  screen：20221129_11_42_56.png
2022-11-29 11:42:57,425 - root - INFO -  Se presiona el boton 'Cerrar', para cerrar el mensaje de duplicidad de llave primaria
2022-11-29 11:42:57,545 - root - INFO -  Se presiona el boton 'Cerrar', para cerrar la ventana
2022-11-29 11:42:57,650 - root - INFO -  Se presiona el boton 'Refrescar', para crear un nuevo registro igual al anterior.
2022-11-29 11:43:05,298 - root - INFO - Se da clic en el registro creado, para proceder a modificarlo.
2022-11-29 11:43:05,442 - root - INFO -  Ingresa la cantidad del nuevo registro 
2022-11-29 11:43:05,444 - root - INFO -  Captura: C:\xampp\htdocs\Versiones\automatizaciones\AutoPWST\01AC\report\img  screen：20221129_11_43_05.png
2022-11-29 11:43:05,972 - root - INFO -  Se da clic en el boton Guardar; se debe modificar la informacion del registro.
2022-11-29 11:43:06,241 - root - INFO -  Se presiona el boton 'Refrescar', para proceder a eliminar el registro.
2022-11-29 11:43:06,548 - root - ERROR - No se encontró el registro, validar que la acción anterior haya finalizado,que el xpath sea el correcto o que la página no presente lentitud
2022-11-29 11:43:06,549 - root - INFO -  Captura: C:\xampp\htdocs\Versiones\automatizaciones\AutoPWST\01AC\report\img  screen：20221129_11_43_06.png
2022-11-29 11:44:07,074 - root - INFO -  Se abre el chrome
2022-11-29 11:44:08,026 - root - INFO -  Entra a la URL
2022-11-29 11:44:08,181 - root - INFO -  Maximiza la pantalla
2022-11-29 11:44:11,232 - root - INFO -  Cambia al frame
2022-11-29 11:44:14,315 - root - INFO -  Escribe el usuario
2022-11-29 11:44:14,431 - root - INFO -  Escribe la contraseña
2022-11-29 11:44:14,570 - root - INFO -  Se dio clic en el boton ingresar
2022-11-29 11:44:15,346 - root - INFO -  Ejecutar Enterprise
2022-11-29 11:44:19,449 - root - INFO -  Cambia entre pestañas
2022-11-29 11:44:31,073 - root - INFO -  Abre la pantalla de Autorizaciones de Credito
2022-11-29 11:44:31,656 - root - INFO -  La pantalla ejecutada es Autorizaciones de crédito.
2022-11-29 11:44:31,657 - root - INFO -  Captura: C:\xampp\htdocs\Versiones\automatizaciones\AutoPWST\01AC\report\img  screen：20221129_11_44_31.png
2022-11-29 11:44:32,187 - root - INFO -  Se presiona el boton 'Nuevo', para crear un nuevo registro.
2022-11-29 11:44:32,755 - root - INFO -  Se abrio la pantalla para el ingreso de un registro nuevo.
2022-11-29 11:44:32,792 - root - INFO -  El campo 'Empresa' si se encuentra visible.
2022-11-29 11:44:32,830 - root - INFO -  El campo 'Moneda' si se encuentra visible.
2022-11-29 11:44:32,867 - root - INFO -  El campo 'Modo' si se encuentra visible.
2022-11-29 11:44:32,904 - root - INFO -  El campo 'Usuario' si se encuentra visible.
2022-11-29 11:44:32,943 - root - INFO -  El campo 'Cantidad' si se encuentra visible.
2022-11-29 11:44:32,983 - root - INFO -  El campo 'Contraseña' si se encuentra visible.
2022-11-29 11:44:37,242 - root - INFO -  Ingresa la cantidad del nuevo registro 
2022-11-29 11:44:37,405 - root - INFO -  Ingresa la contraseña del nuevo registro 
2022-11-29 11:44:37,405 - root - INFO -  Captura: C:\xampp\htdocs\Versiones\automatizaciones\AutoPWST\01AC\report\img  screen：20221129_11_44_37.png
2022-11-29 11:44:37,959 - root - INFO -  Se da clic en el boton Guardar; se debe crear un nuevo registro.
2022-11-29 11:44:38,189 - root - INFO -  Se presiona el boton 'Refrescar', para crear un nuevo registro igual al anterior.
2022-11-29 11:44:38,410 - root - INFO -  Se presiona el boton 'Nuevo', para crear un nuevo registro igual al anterior.
2022-11-29 11:44:43,248 - root - INFO -  Ingresa la cantidad del nuevo registro 
2022-11-29 11:44:43,481 - root - INFO -  Ingresa la contraseña del nuevo registro 
2022-11-29 11:44:43,559 - root - INFO -  Se da clic en el boton Guardar; se debe crear un nuevo registro.
2022-11-29 11:44:43,560 - root - INFO -  Captura: C:\xampp\htdocs\Versiones\automatizaciones\AutoPWST\01AC\report\img  screen：20221129_11_44_43.png
2022-11-29 11:44:44,280 - root - INFO -  Se presiona el boton 'Cerrar', para cerrar el mensaje de duplicidad de llave primaria
2022-11-29 11:44:44,403 - root - INFO -  Se presiona el boton 'Cerrar', para cerrar la ventana
2022-11-29 11:44:44,504 - root - INFO -  Se presiona el boton 'Refrescar', para crear un nuevo registro igual al anterior.
2022-11-29 11:44:52,198 - root - INFO - Se da clic en el registro creado, para proceder a modificarlo.
2022-11-29 11:44:52,369 - root - INFO -  Ingresa la cantidad del nuevo registro 
2022-11-29 11:44:52,370 - root - INFO -  Captura: C:\xampp\htdocs\Versiones\automatizaciones\AutoPWST\01AC\report\img  screen：20221129_11_44_52.png
2022-11-29 11:44:52,908 - root - INFO -  Se da clic en el boton Guardar; se debe modificar la informacion del registro.
2022-11-29 11:44:53,183 - root - INFO -  Se presiona el boton 'Refrescar', para proceder a eliminar el registro.
2022-11-29 11:44:56,809 - root - INFO -  Se da clic en el registro creado, para proceder a modificarlo.
2022-11-29 11:44:56,902 - root - INFO -  Se presiona el boton 'Eliminar', para eliminar el registro.
2022-11-29 11:44:56,902 - root - INFO -  Captura: C:\xampp\htdocs\Versiones\automatizaciones\AutoPWST\01AC\report\img  screen：20221129_11_44_56.png
2022-11-29 11:44:57,523 - root - INFO -  Se confirma el eliminado del registro
2022-11-29 11:44:57,743 - root - INFO -  Se presiona el boton 'Refrescar', para crear un nuevo registro igual al anterior.
2022-11-29 11:44:57,905 - root - INFO -  Se presiona el boton 'Cerrar', para cerrar la pantalla de Categorias Fiscales.
2022-11-29 11:45:02,470 - root - INFO -  Se cierra chrome
2022-11-29 11:47:53,279 - root - INFO -  Se abre el chrome
2022-11-29 11:47:54,425 - root - INFO -  Entra a la URL
2022-11-29 11:47:54,659 - root - INFO -  Maximiza la pantalla
2022-11-29 11:47:57,721 - root - INFO -  Cambia al frame
2022-11-29 11:48:00,801 - root - INFO -  Escribe el usuario
2022-11-29 11:48:00,917 - root - INFO -  Escribe la contraseña
2022-11-29 11:48:01,051 - root - INFO -  Se dio clic en el boton ingresar
2022-11-29 11:48:01,833 - root - INFO -  Ejecutar Enterprise
2022-11-29 11:48:05,884 - root - INFO -  Cambia entre pestañas
2022-11-29 11:48:17,115 - root - INFO -  Abre la pantalla de Autorizaciones de Credito
2022-11-29 11:48:17,697 - root - INFO -  La pantalla ejecutada es Autorizaciones de crédito.
2022-11-29 11:48:17,698 - root - INFO -  Captura: C:\xampp\htdocs\Versiones\automatizaciones\AutoPWST\01AC\report\img  screen：20221129_11_48_17.png
2022-11-29 11:48:18,223 - root - INFO -  Se presiona el boton 'Nuevo', para crear un nuevo registro.
2022-11-29 11:48:18,803 - root - INFO -  Se abrio la pantalla para el ingreso de un registro nuevo.
2022-11-29 11:48:18,843 - root - INFO -  El campo 'Empresa' si se encuentra visible.
2022-11-29 11:48:18,880 - root - INFO -  El campo 'Moneda' si se encuentra visible.
2022-11-29 11:48:18,916 - root - INFO -  El campo 'Modo' si se encuentra visible.
2022-11-29 11:48:18,954 - root - INFO -  El campo 'Usuario' si se encuentra visible.
2022-11-29 11:48:18,997 - root - INFO -  El campo 'Cantidad' si se encuentra visible.
2022-11-29 11:48:19,033 - root - INFO -  El campo 'Contraseña' si se encuentra visible.
2022-11-29 11:48:23,341 - root - INFO -  Ingresa la cantidad del nuevo registro 
2022-11-29 11:48:23,510 - root - INFO -  Ingresa la contraseña del nuevo registro 
2022-11-29 11:48:23,511 - root - INFO -  Captura: C:\xampp\htdocs\Versiones\automatizaciones\AutoPWST\01AC\report\img  screen：20221129_11_48_23.png
2022-11-29 11:48:24,065 - root - INFO -  Se da clic en el boton Guardar; se debe crear un nuevo registro.
2022-11-29 11:48:24,302 - root - INFO -  Se presiona el boton 'Refrescar', para crear un nuevo registro igual al anterior.
2022-11-29 11:48:24,499 - root - INFO -  Se presiona el boton 'Nuevo', para crear un nuevo registro igual al anterior.
2022-11-29 11:48:29,350 - root - INFO -  Ingresa la cantidad del nuevo registro 
2022-11-29 11:48:29,542 - root - INFO -  Ingresa la contraseña del nuevo registro 
2022-11-29 11:48:29,616 - root - INFO -  Se da clic en el boton Guardar; se debe crear un nuevo registro.
2022-11-29 11:48:29,617 - root - INFO -  Captura: C:\xampp\htdocs\Versiones\automatizaciones\AutoPWST\01AC\report\img  screen：20221129_11_48_29.png
2022-11-29 11:48:32,339 - root - INFO -  Se presiona el boton 'Cerrar', para cerrar el mensaje de duplicidad de llave primaria
2022-11-29 11:48:32,463 - root - INFO -  Se presiona el boton 'Cerrar', para cerrar la ventana
2022-11-29 11:48:32,562 - root - INFO -  Se presiona el boton 'Refrescar', para crear un nuevo registro igual al anterior.
2022-11-29 11:48:40,232 - root - INFO - Se da clic en el registro creado, para proceder a modificarlo.
2022-11-29 11:48:40,434 - root - INFO -  Ingresa la cantidad del nuevo registro 
2022-11-29 11:48:40,435 - root - INFO -  Captura: C:\xampp\htdocs\Versiones\automatizaciones\AutoPWST\01AC\report\img  screen：20221129_11_48_40.png
2022-11-29 11:48:40,981 - root - INFO -  Se da clic en el boton Guardar; se debe modificar la informacion del registro.
2022-11-29 11:48:41,234 - root - INFO -  Se presiona el boton 'Refrescar', para proceder a eliminar el registro.
2022-11-29 11:48:44,905 - root - INFO -  Se da clic en el registro creado, para proceder a modificarlo.
2022-11-29 11:48:45,007 - root - INFO -  Se presiona el boton 'Eliminar', para eliminar el registro.
2022-11-29 11:48:45,007 - root - INFO -  Captura: C:\xampp\htdocs\Versiones\automatizaciones\AutoPWST\01AC\report\img  screen：20221129_11_48_45.png
2022-11-29 11:48:45,647 - root - INFO -  Se confirma el eliminado del registro
2022-11-29 11:48:45,858 - root - INFO -  Se presiona el boton 'Refrescar', para crear un nuevo registro igual al anterior.
2022-11-29 11:48:46,012 - root - INFO -  Se presiona el boton 'Cerrar', para cerrar la pantalla de Categorias Fiscales.
2022-11-29 11:48:50,516 - root - INFO -  Se cierra chrome
2022-11-29 11:51:56,074 - root - INFO -  Se abre el chrome
2022-11-29 11:51:57,062 - root - INFO -  Entra a la URL
2022-11-29 11:51:57,253 - root - INFO -  Maximiza la pantalla
2022-11-29 11:52:00,304 - root - INFO -  Cambia al frame
2022-11-29 11:52:03,383 - root - INFO -  Escribe el usuario
2022-11-29 11:52:03,504 - root - INFO -  Escribe la contraseña
2022-11-29 11:52:03,630 - root - INFO -  Se dio clic en el boton ingresar
2022-11-29 11:52:04,435 - root - INFO -  Ejecutar Enterprise
2022-11-29 11:52:08,526 - root - INFO -  Cambia entre pestañas
2022-11-29 11:52:21,221 - root - INFO -  Abre la pantalla de Autorizaciones de Credito
2022-11-29 11:52:21,839 - root - INFO -  La pantalla ejecutada es Autorizaciones de crédito.
2022-11-29 11:52:21,840 - root - INFO -  Captura: C:\xampp\htdocs\Versiones\automatizaciones\AutoPWST\01AC\report\img  screen：20221129_11_52_21.png
2022-11-29 11:52:22,354 - root - INFO -  Se presiona el boton 'Nuevo', para crear un nuevo registro.
2022-11-29 11:52:22,935 - root - INFO -  Se abrio la pantalla para el ingreso de un registro nuevo.
2022-11-29 11:52:22,975 - root - INFO -  El campo 'Empresa' si se encuentra visible.
2022-11-29 11:52:23,012 - root - INFO -  El campo 'Moneda' si se encuentra visible.
2022-11-29 11:52:23,048 - root - INFO -  El campo 'Modo' si se encuentra visible.
2022-11-29 11:52:23,085 - root - INFO -  El campo 'Usuario' si se encuentra visible.
2022-11-29 11:52:23,127 - root - INFO -  El campo 'Cantidad' si se encuentra visible.
2022-11-29 11:52:23,169 - root - INFO -  El campo 'Contraseña' si se encuentra visible.
2022-11-29 11:52:27,443 - root - INFO -  Ingresa la cantidad del nuevo registro 
2022-11-29 11:52:27,647 - root - INFO -  Ingresa la contraseña del nuevo registro 
2022-11-29 11:52:27,649 - root - INFO -  Captura: C:\xampp\htdocs\Versiones\automatizaciones\AutoPWST\01AC\report\img  screen：20221129_11_52_27.png
2022-11-29 11:52:28,263 - root - INFO -  Se da clic en el boton Guardar; se debe crear un nuevo registro.
2022-11-29 11:52:28,491 - root - INFO -  Se presiona el boton 'Refrescar', para crear un nuevo registro igual al anterior.
2022-11-29 11:52:28,707 - root - INFO -  Se presiona el boton 'Nuevo', para crear un nuevo registro igual al anterior.
2022-11-29 11:52:33,483 - root - INFO -  Ingresa la cantidad del nuevo registro 
2022-11-29 11:52:33,688 - root - INFO -  Ingresa la contraseña del nuevo registro 
2022-11-29 11:52:33,771 - root - INFO -  Se da clic en el boton Guardar; se debe crear un nuevo registro.
2022-11-29 11:52:33,772 - root - INFO -  Captura: C:\xampp\htdocs\Versiones\automatizaciones\AutoPWST\01AC\report\img  screen：20221129_11_52_33.png
2022-11-29 11:52:34,498 - root - INFO -  Se presiona el boton 'Cerrar', para cerrar el mensaje de duplicidad de llave primaria
2022-11-29 11:52:36,619 - root - INFO -  Se presiona el boton 'Cerrar', para cerrar la ventana
2022-11-29 11:52:36,724 - root - INFO -  Se presiona el boton 'Refrescar', para crear un nuevo registro igual al anterior.
2022-11-29 11:52:43,377 - root - INFO - Se da clic en el registro creado, para proceder a modificarlo.
2022-11-29 11:52:43,557 - root - INFO -  Ingresa la cantidad del nuevo registro 
2022-11-29 11:52:43,557 - root - INFO -  Captura: C:\xampp\htdocs\Versiones\automatizaciones\AutoPWST\01AC\report\img  screen：20221129_11_52_43.png
2022-11-29 11:52:44,118 - root - INFO -  Se da clic en el boton Guardar; se debe modificar la informacion del registro.
2022-11-29 11:52:44,381 - root - INFO -  Se presiona el boton 'Refrescar', para proceder a eliminar el registro.
2022-11-29 11:52:46,983 - root - INFO -  Se da clic en el registro creado, para proceder a modificarlo.
2022-11-29 11:52:49,088 - root - INFO -  Se presiona el boton 'Eliminar', para eliminar el registro.
2022-11-29 11:52:49,092 - root - INFO -  Captura: C:\xampp\htdocs\Versiones\automatizaciones\AutoPWST\01AC\report\img  screen：20221129_11_52_49.png
2022-11-29 11:52:49,701 - root - INFO -  Se confirma el eliminado del registro
2022-11-29 11:52:49,887 - root - INFO -  Se presiona el boton 'Refrescar', para crear un nuevo registro igual al anterior.
2022-11-29 11:52:50,059 - root - INFO -  Se presiona el boton 'Cerrar', para cerrar la pantalla de Categorias Fiscales.
2022-11-29 11:52:54,614 - root - INFO -  Se cierra chrome
2022-11-29 11:53:54,614 - root - INFO -  Se abre el chrome
2022-11-29 11:53:55,923 - root - INFO -  Entra a la URL
2022-11-29 11:53:56,343 - root - INFO -  Maximiza la pantalla
2022-11-29 11:53:59,391 - root - INFO -  Cambia al frame
2022-11-29 11:54:02,461 - root - INFO -  Escribe el usuario
2022-11-29 11:54:02,582 - root - INFO -  Escribe la contraseña
2022-11-29 11:54:02,714 - root - INFO -  Se dio clic en el boton ingresar
2022-11-29 11:54:03,498 - root - INFO -  Ejecutar Enterprise
2022-11-29 11:54:07,601 - root - INFO -  Cambia entre pestañas
2022-11-29 11:54:20,998 - root - INFO -  Abre la pantalla de Autorizaciones de Credito
2022-11-29 11:54:21,560 - root - INFO -  La pantalla ejecutada es Autorizaciones de crédito.
2022-11-29 11:54:21,561 - root - INFO -  Captura: C:\xampp\htdocs\Versiones\automatizaciones\AutoPWST\01AC\report\img  screen：20221129_11_54_21.png
2022-11-29 11:54:22,182 - root - INFO -  Se presiona el boton 'Nuevo', para crear un nuevo registro.
2022-11-29 11:54:22,739 - root - INFO -  Se abrio la pantalla para el ingreso de un registro nuevo.
2022-11-29 11:54:22,785 - root - INFO -  El campo 'Empresa' si se encuentra visible.
2022-11-29 11:54:22,829 - root - INFO -  El campo 'Moneda' si se encuentra visible.
2022-11-29 11:54:22,872 - root - INFO -  El campo 'Modo' si se encuentra visible.
2022-11-29 11:54:22,915 - root - INFO -  El campo 'Usuario' si se encuentra visible.
2022-11-29 11:54:22,965 - root - INFO -  El campo 'Cantidad' si se encuentra visible.
2022-11-29 11:54:23,017 - root - INFO -  El campo 'Contraseña' si se encuentra visible.
2022-11-29 11:54:28,707 - root - INFO -  Ingresa la cantidad del nuevo registro 
2022-11-29 11:54:29,046 - root - INFO -  Ingresa la contraseña del nuevo registro 
2022-11-29 11:54:29,047 - root - INFO -  Captura: C:\xampp\htdocs\Versiones\automatizaciones\AutoPWST\01AC\report\img  screen：20221129_11_54_29.png
2022-11-29 11:54:29,757 - root - INFO -  Se da clic en el boton Guardar; se debe crear un nuevo registro.
2022-11-29 11:54:30,043 - root - INFO -  Se presiona el boton 'Refrescar', para crear un nuevo registro igual al anterior.
2022-11-29 11:54:30,247 - root - INFO -  Se presiona el boton 'Nuevo', para crear un nuevo registro igual al anterior.
2022-11-29 11:54:35,428 - root - INFO -  Ingresa la cantidad del nuevo registro 
2022-11-29 11:54:35,633 - root - INFO -  Ingresa la contraseña del nuevo registro 
2022-11-29 11:54:35,708 - root - INFO -  Se da clic en el boton Guardar; se debe crear un nuevo registro.
2022-11-29 11:54:35,710 - root - INFO -  Captura: C:\xampp\htdocs\Versiones\automatizaciones\AutoPWST\01AC\report\img  screen：20221129_11_54_35.png
2022-11-29 11:54:36,491 - root - INFO -  Se presiona el boton 'Cerrar', para cerrar el mensaje de duplicidad de llave primaria
2022-11-29 11:54:39,608 - root - INFO -  Se presiona el boton 'Cerrar', para cerrar la ventana
2022-11-29 11:54:39,745 - root - INFO -  Se presiona el boton 'Refrescar', para crear un nuevo registro igual al anterior.
2022-11-29 11:54:46,426 - root - INFO - Se da clic en el registro creado, para proceder a modificarlo.
2022-11-29 11:54:46,621 - root - INFO -  Ingresa la cantidad del nuevo registro 
2022-11-29 11:54:46,623 - root - INFO -  Captura: C:\xampp\htdocs\Versiones\automatizaciones\AutoPWST\01AC\report\img  screen：20221129_11_54_46.png
2022-11-29 11:54:47,156 - root - INFO -  Se da clic en el boton Guardar; se debe modificar la informacion del registro.
2022-11-29 11:54:47,425 - root - INFO -  Se presiona el boton 'Refrescar', para proceder a eliminar el registro.
2022-11-29 11:54:50,050 - root - INFO -  Se da clic en el registro creado, para proceder a modificarlo.
2022-11-29 11:54:52,132 - root - INFO -  Se presiona el boton 'Eliminar', para eliminar el registro.
2022-11-29 11:54:52,135 - root - INFO -  Captura: C:\xampp\htdocs\Versiones\automatizaciones\AutoPWST\01AC\report\img  screen：20221129_11_54_52.png
2022-11-29 11:54:52,734 - root - INFO -  Se confirma el eliminado del registro
2022-11-29 11:54:52,942 - root - INFO -  Se presiona el boton 'Refrescar', para crear un nuevo registro igual al anterior.
2022-11-29 11:54:53,107 - root - INFO -  Se presiona el boton 'Cerrar', para cerrar la pantalla de Categorias Fiscales.
2022-11-29 11:54:57,670 - root - INFO -  Se cierra chrome
2022-11-29 11:55:36,785 - root - INFO -  Se abre el chrome
2022-11-29 11:55:37,798 - root - INFO -  Entra a la URL
2022-11-29 11:55:37,936 - root - INFO -  Maximiza la pantalla
2022-11-29 11:55:40,977 - root - INFO -  Cambia al frame
2022-11-29 11:55:44,058 - root - INFO -  Escribe el usuario
2022-11-29 11:55:44,177 - root - INFO -  Escribe la contraseña
2022-11-29 11:55:44,315 - root - INFO -  Se dio clic en el boton ingresar
2022-11-29 11:55:45,101 - root - INFO -  Ejecutar Enterprise
2022-11-29 11:55:49,173 - root - INFO -  Cambia entre pestañas
2022-11-29 11:56:00,480 - root - INFO -  Abre la pantalla de Autorizaciones de Credito
2022-11-29 11:56:01,113 - root - INFO -  La pantalla ejecutada es Autorizaciones de crédito.
2022-11-29 11:56:01,114 - root - INFO -  Captura: C:\xampp\htdocs\Versiones\automatizaciones\AutoPWST\01AC\report\img  screen：20221129_11_56_01.png
2022-11-29 11:56:01,671 - root - INFO -  Se presiona el boton 'Nuevo', para crear un nuevo registro.
2022-11-29 11:56:02,249 - root - INFO -  Se abrio la pantalla para el ingreso de un registro nuevo.
2022-11-29 11:56:02,288 - root - INFO -  El campo 'Empresa' si se encuentra visible.
2022-11-29 11:56:02,324 - root - INFO -  El campo 'Moneda' si se encuentra visible.
2022-11-29 11:56:02,360 - root - INFO -  El campo 'Modo' si se encuentra visible.
2022-11-29 11:56:02,396 - root - INFO -  El campo 'Usuario' si se encuentra visible.
2022-11-29 11:56:02,440 - root - INFO -  El campo 'Cantidad' si se encuentra visible.
2022-11-29 11:56:02,479 - root - INFO -  El campo 'Contraseña' si se encuentra visible.
2022-11-29 11:56:06,962 - root - INFO -  Ingresa la cantidad del nuevo registro 
2022-11-29 11:56:07,190 - root - INFO -  Ingresa la contraseña del nuevo registro 
2022-11-29 11:56:07,191 - root - INFO -  Captura: C:\xampp\htdocs\Versiones\automatizaciones\AutoPWST\01AC\report\img  screen：20221129_11_56_07.png
2022-11-29 11:56:07,762 - root - INFO -  Se da clic en el boton Guardar; se debe crear un nuevo registro.
2022-11-29 11:56:08,037 - root - INFO -  Se presiona el boton 'Refrescar', para crear un nuevo registro igual al anterior.
2022-11-29 11:56:08,242 - root - INFO -  Se presiona el boton 'Nuevo', para crear un nuevo registro igual al anterior.
2022-11-29 11:56:13,144 - root - INFO -  Ingresa la cantidad del nuevo registro 
2022-11-29 11:56:13,395 - root - INFO -  Ingresa la contraseña del nuevo registro 
2022-11-29 11:56:13,464 - root - INFO -  Se da clic en el boton Guardar; se debe crear un nuevo registro.
2022-11-29 11:56:16,467 - root - INFO -  Captura: C:\xampp\htdocs\Versiones\automatizaciones\AutoPWST\01AC\report\img  screen：20221129_11_56_16.png
2022-11-29 11:56:17,169 - root - INFO -  Se presiona el boton 'Cerrar', para cerrar el mensaje de duplicidad de llave primaria
2022-11-29 11:56:17,296 - root - INFO -  Se presiona el boton 'Cerrar', para cerrar la ventana
2022-11-29 11:56:17,400 - root - INFO -  Se presiona el boton 'Refrescar', para crear un nuevo registro igual al anterior.
2022-11-29 11:56:24,087 - root - INFO - Se da clic en el registro creado, para proceder a modificarlo.
2022-11-29 11:56:24,299 - root - INFO -  Ingresa la cantidad del nuevo registro 
2022-11-29 11:56:24,300 - root - INFO -  Captura: C:\xampp\htdocs\Versiones\automatizaciones\AutoPWST\01AC\report\img  screen：20221129_11_56_24.png
2022-11-29 11:56:24,861 - root - INFO -  Se da clic en el boton Guardar; se debe modificar la informacion del registro.
2022-11-29 11:56:25,126 - root - INFO -  Se presiona el boton 'Refrescar', para proceder a eliminar el registro.
2022-11-29 11:56:27,750 - root - INFO -  Se da clic en el registro creado, para proceder a modificarlo.
2022-11-29 11:56:29,854 - root - INFO -  Se presiona el boton 'Eliminar', para eliminar el registro.
2022-11-29 11:56:29,858 - root - INFO -  Captura: C:\xampp\htdocs\Versiones\automatizaciones\AutoPWST\01AC\report\img  screen：20221129_11_56_29.png
2022-11-29 11:56:30,415 - root - INFO -  Se confirma el eliminado del registro
2022-11-29 11:56:30,627 - root - INFO -  Se presiona el boton 'Refrescar', para crear un nuevo registro igual al anterior.
2022-11-29 11:56:30,850 - root - INFO -  Se presiona el boton 'Cerrar', para cerrar la pantalla de Categorias Fiscales.
2022-11-29 11:56:35,412 - root - INFO -  Se cierra chrome
