2023-02-13 13:14:27,367 - root - INFO -  Se abre el chrome
2023-02-13 13:14:28,286 - root - INFO -  Entra a la URL
2023-02-13 13:14:28,439 - root - INFO -  Maximiza la pantalla
2023-02-13 13:14:31,645 - root - INFO -  Escribe el usuario
2023-02-13 13:14:31,746 - root - INFO -  Escribe la contraseña
2023-02-13 13:14:31,837 - root - INFO -  Se dio clic en el boton ingresar
2023-02-13 13:14:33,579 - root - INFO -  Ejecutar Enterprise
2023-02-13 13:14:37,617 - root - INFO -  Cambia entre pestañas
2023-02-13 13:15:49,263 - root - INFO - Se ingreso a la pantalla mediante el buscador porque fallo el ingreso por menus
2023-02-13 13:15:49,264 - root - INFO -  La función buscador funciona de manera correcta.
2023-02-13 13:15:49,832 - root - INFO -  La pantalla ejecutada es Autorizaciones de crédito.
2023-02-13 13:15:49,835 - root - INFO -  Captura: C:\xampp\htdocs\versiones\automatizaciones\AutoPWST\01AC\report\img  screen：20230213_13_15_49.png
2023-02-13 13:15:50,090 - root - INFO -  Se presiona el boton 'Nuevo', para crear un nuevo registro.
2023-02-13 13:15:50,636 - root - INFO -  Se abrio la pantalla para el ingreso de un registro nuevo.
2023-02-13 13:15:54,796 - root - INFO -  Ingresa la cantidad del nuevo registro 
2023-02-13 13:15:54,870 - root - INFO -  Ingresa la contraseña del nuevo registro 
2023-02-13 13:15:54,871 - root - INFO -  Captura: C:\xampp\htdocs\versiones\automatizaciones\AutoPWST\01AC\report\img  screen：20230213_13_15_54.png
2023-02-13 13:15:55,013 - root - INFO -  Se da clic en el boton Guardar; se debe crear un nuevo registro.
2023-02-13 13:15:55,254 - root - INFO -  Se presiona el boton 'Refrescar', para crear un nuevo registro igual al anterior.
2023-02-13 13:15:57,297 - root - INFO -  Se presiona el boton 'Nuevo', para crear un nuevo registro igual al anterior.
2023-02-13 13:16:01,886 - root - INFO -  Ingresa la cantidad del nuevo registro 
2023-02-13 13:16:01,976 - root - INFO -  Ingresa la contraseña del nuevo registro 
2023-02-13 13:16:02,050 - root - INFO -  Se da clic en el boton Guardar; se debe crear un nuevo registro.
2023-02-13 13:16:02,647 - root - INFO -  Se da clic en el boton del mensaje de registro duplicado
2023-02-13 13:16:04,649 - root - INFO -  Captura: C:\xampp\htdocs\versiones\automatizaciones\AutoPWST\01AC\report\img  screen：20230213_13_16_04.png
2023-02-13 13:16:04,906 - root - INFO -  Se presiona el boton 'Cerrar', para cerrar el mensaje de duplicidad de llave primaria
2023-02-13 13:16:05,012 - root - INFO -  Se presiona el boton 'Cerrar', para cerrar la ventana
2023-02-13 13:16:05,159 - root - INFO -  Se presiona el boton 'Refrescar', para crear un nuevo registro igual al anterior.
2023-02-13 13:16:11,732 - root - INFO - Se da clic en el registro creado, para proceder a modificarlo.
2023-02-13 13:16:11,831 - root - INFO -  Ingresa la cantidad del nuevo registro 
2023-02-13 13:16:11,832 - root - INFO -  Captura: C:\xampp\htdocs\versiones\automatizaciones\AutoPWST\01AC\report\img  screen：20230213_13_16_11.png
2023-02-13 13:16:11,979 - root - INFO -  Se da clic en el boton Guardar; se debe modificar la informacion del registro.
2023-02-13 13:16:12,358 - root - INFO -  Se presiona el boton 'Refrescar', para proceder a eliminar el registro.
2023-02-13 13:16:14,922 - root - INFO -  Se da clic en el registro creado, para proceder a modificarlo.
2023-02-13 13:16:16,984 - root - INFO -  Se presiona el boton 'Eliminar', para eliminar el registro.
2023-02-13 13:16:16,985 - root - INFO -  Captura: C:\xampp\htdocs\versiones\automatizaciones\AutoPWST\01AC\report\img  screen：20230213_13_16_16.png
2023-02-13 13:16:17,125 - root - INFO -  Se confirma el eliminado del registro
2023-02-13 13:16:17,293 - root - INFO -  Se presiona el boton 'Refrescar', para crear un nuevo registro igual al anterior.
2023-02-13 13:16:17,417 - root - INFO -  Se presiona el boton 'Cerrar', para cerrar la pantalla de Autorizaciones de Credito.
2023-02-13 13:16:23,801 - root - INFO -  Se cierra chrome
