2023-03-03 14:40:01,556 - root - INFO -  Se abre el chrome
2023-03-03 14:40:03,228 - root - INFO -  Entra a la URL
2023-03-03 14:40:03,361 - root - INFO -  Maximiza la pantalla
2023-03-03 14:40:06,484 - root - INFO -  Escribe el usuario
2023-03-03 14:40:06,596 - root - INFO -  Escribe la contraseña
2023-03-03 14:40:06,698 - root - INFO -  Se dio clic en el boton ingresar
2023-03-03 14:40:08,523 - root - INFO -  Ejecutar Enterprise
2023-03-03 14:40:12,576 - root - INFO -  Cambia entre pestañas
2023-03-03 14:40:16,233 - root - INFO -  Abre la pantalla de Autorizaciones de Credito
2023-03-03 14:40:16,803 - root - INFO -  La pantalla ejecutada es Autorizaciones de crédito.
2023-03-03 14:40:16,804 - root - INFO -  Captura: C:\xampp\htdocs\versiones\automatizaciones\AutoPWST\01AC\report\img  screen：20230303_14_40_16.png
2023-03-03 14:40:17,474 - root - INFO -  Se da clic en el registro creado, para proceder a modificarlo.
2023-03-03 14:40:17,565 - root - INFO -  Se presiona el boton 'Eliminar', para eliminar el registro.
2023-03-03 14:40:18,182 - root - INFO -  Se confirma el eliminado del registro
2023-03-03 14:40:18,340 - root - INFO -  Se presiona el boton 'Refrescar', para crear un nuevo registro igual al anterior.
2023-03-03 14:40:20,429 - root - INFO -  Se presiona el boton 'Nuevo', para crear un nuevo registro.
2023-03-03 14:40:20,994 - root - INFO -  Se abrio la pantalla para el ingreso de un registro nuevo.
2023-03-03 14:40:25,075 - root - INFO -  Ingresa la cantidad del nuevo registro 
2023-03-03 14:40:25,177 - root - INFO -  Ingresa la contraseña del nuevo registro 
2023-03-03 14:40:25,177 - root - INFO -  Captura: C:\xampp\htdocs\versiones\automatizaciones\AutoPWST\01AC\report\img  screen：20230303_14_40_25.png
2023-03-03 14:40:25,341 - root - INFO -  Se da clic en el boton Guardar; se debe crear un nuevo registro.
2023-03-03 14:40:25,581 - root - INFO -  Se presiona el boton 'Refrescar', para crear un nuevo registro igual al anterior.
2023-03-03 14:40:27,627 - root - INFO -  Se presiona el boton 'Nuevo', para crear un nuevo registro igual al anterior.
2023-03-03 14:40:32,152 - root - INFO -  Ingresa la cantidad del nuevo registro 
2023-03-03 14:40:32,247 - root - INFO -  Ingresa la contraseña del nuevo registro 
2023-03-03 14:40:32,317 - root - INFO -  Se da clic en el boton Guardar; se debe crear un nuevo registro.
2023-03-03 14:40:32,906 - root - INFO -  Se da clic en el boton del mensaje de registro duplicado
2023-03-03 14:40:34,908 - root - INFO -  Captura: C:\xampp\htdocs\versiones\automatizaciones\AutoPWST\01AC\report\img  screen：20230303_14_40_34.png
2023-03-03 14:40:35,116 - root - INFO -  Se presiona el boton 'Cerrar', para cerrar el mensaje de duplicidad de llave primaria
2023-03-03 14:40:35,215 - root - INFO -  Se presiona el boton 'Cerrar', para cerrar la ventana
2023-03-03 14:40:35,321 - root - INFO -  Se presiona el boton 'Refrescar', para crear un nuevo registro igual al anterior.
2023-03-03 14:40:41,923 - root - INFO - Se da clic en el registro creado, para proceder a modificarlo.
2023-03-03 14:40:42,059 - root - INFO -  Ingresa la cantidad del nuevo registro 
2023-03-03 14:40:42,059 - root - INFO -  Captura: C:\xampp\htdocs\versiones\automatizaciones\AutoPWST\01AC\report\img  screen：20230303_14_40_42.png
2023-03-03 14:40:42,219 - root - INFO -  Se da clic en el boton Guardar; se debe modificar la informacion del registro.
2023-03-03 14:40:42,447 - root - INFO -  Se presiona el boton 'Refrescar', para proceder a eliminar el registro.
2023-03-03 14:40:45,026 - root - INFO -  Se da clic en el registro creado, para proceder a modificarlo.
2023-03-03 14:40:47,092 - root - INFO -  Se presiona el boton 'Eliminar', para eliminar el registro.
2023-03-03 14:40:47,093 - root - INFO -  Captura: C:\xampp\htdocs\versiones\automatizaciones\AutoPWST\01AC\report\img  screen：20230303_14_40_47.png
2023-03-03 14:40:47,243 - root - INFO -  Se confirma el eliminado del registro
2023-03-03 14:40:47,561 - root - INFO -  Se presiona el boton 'Refrescar', para crear un nuevo registro igual al anterior.
2023-03-03 14:40:47,715 - root - INFO -  Se presiona el boton 'Cerrar', para cerrar la pantalla de Autorizaciones de Credito.
2023-03-03 14:40:54,115 - root - INFO -  Se cierra chrome
