2022-12-23 12:15:18,537 - root - INFO -  Se abre el chrome
2022-12-23 12:15:19,469 - root - INFO -  Entra a la URL
2022-12-23 12:15:19,594 - root - INFO -  Maximiza la pantalla
2022-12-23 12:15:22,785 - root - INFO -  Escribe el usuario
2022-12-23 12:15:22,983 - root - INFO -  Escribe la contraseña
2022-12-23 12:15:23,121 - root - INFO -  Se dio clic en el boton ingresar
2022-12-23 12:15:23,882 - root - INFO -  Ejecutar Enterprise
2022-12-23 12:15:27,957 - root - INFO -  Cambia entre pestañas
2022-12-23 12:15:37,059 - root - INFO -  Abre la pantalla de tipos de compañia
2022-12-23 12:15:37,746 - root - INFO -  La pantalla ejecutada es TIPOS DE PRESUPUESTOS
2022-12-23 12:15:37,753 - root - INFO -  Captura: C:\xampp\htdocs\versiones\automatizaciones\AutoPWST\01TPP\report\img  screen：20221223_12_15_37.png
2022-12-23 12:15:48,730 - root - INFO -  Se presiona el boton 'Nuevo', para crear un nuevo registro.
2022-12-23 12:15:49,356 - root - INFO -  Se abrio la pantalla para el ingreso de un registro nuevo.
2022-12-23 12:15:49,473 - root - INFO -  El campo 'Codigo' si se encuentra visible.
2022-12-23 12:15:49,583 - root - INFO -  El campo 'Descrición' si se encuentra visible.
2022-12-23 12:15:49,698 - root - INFO -  El campo 'Modo presupuesto' si se encuentra visible.
2022-12-23 12:15:49,867 - root - INFO -  Ingresa el codigo del nuevo registro 
2022-12-23 12:15:50,899 - root - INFO - Se hace el cambio de pestaña para continuar con el registro nuevo
2022-12-23 12:15:51,652 - root - INFO -  Se presiona el boton 'Nuevo', para crear un nuevo registro.
2022-12-23 12:15:52,313 - root - INFO -  El campo 'Descripción' si se encuentra visible.
2022-12-23 12:15:52,431 - root - INFO -  El campo 'Categoría' si se encuentra visible.
2022-12-23 12:15:54,136 - root - INFO -  Se presiona el boton 'Guardar', para guardar el registro.
2022-12-23 12:15:54,411 - root - INFO -  Se da clic en el boton Guardar; se debe crear un nuevo registro.
2022-12-23 12:15:55,670 - root - INFO -  Se presiona el boton 'Refrescar', para crear un nuevo registro igual al anterior.
2022-12-23 12:15:55,881 - root - INFO -  Se presiona el boton 'Nuevo', para crear un nuevo registro igual al anterior.
2022-12-23 12:15:56,537 - root - INFO -  Se abrio la pantalla para el ingreso de un registro nuevo.
2022-12-23 12:15:56,655 - root - INFO -  El campo 'Codigo' si se encuentra visible.
2022-12-23 12:15:56,768 - root - INFO -  El campo 'Descrición' si se encuentra visible.
2022-12-23 12:15:56,886 - root - INFO -  El campo 'Modo presupuesto' si se encuentra visible.
2022-12-23 12:15:57,052 - root - INFO -  Ingresa el codigo del nuevo registro 
2022-12-23 12:15:58,115 - root - INFO -  Se da clic en el boton Guardar; se debe crear un nuevo registro.
2022-12-23 12:15:59,128 - root - INFO -  Captura: C:\xampp\htdocs\versiones\automatizaciones\AutoPWST\01TPP\report\img  screen：20221223_12_15_59.png
2022-12-23 12:15:59,797 - root - INFO -  Se presiona el boton 'Cerrar', para cerrar el mensaje de duplicidad de llave primaria
2022-12-23 12:16:00,086 - root - INFO -  Se presiona el boton 'Cerrar', para cerrar la ventana
2022-12-23 12:16:00,237 - root - INFO -  Se presiona el boton 'Refrescar', para crear un nuevo registro igual al anterior.
2022-12-23 12:16:00,579 - root - ERROR - No se encontró el registro, validar que la acción anterior haya finalizado,que el xpath sea el correcto o que la página no presente lentitud
2022-12-23 12:16:00,582 - root - INFO -  Captura: C:\xampp\htdocs\versiones\automatizaciones\AutoPWST\01TPP\report\img  screen：20221223_12_16_00.png
2022-12-23 12:16:01,011 - root - ERROR - No se encontró el botón Cerrar, revise si el xpath sigue siendo el mismo, para mas detalles del error consulte el reporte
2022-12-23 12:16:03,020 - root - INFO -  Captura: C:\xampp\htdocs\versiones\automatizaciones\AutoPWST\01TPP\report\img  screen：20221223_12_16_03.png
2022-12-23 12:16:03,487 - root - INFO -  Se presiona el boton 'Refrescar', para proceder a eliminar el registro.
2022-12-23 12:16:03,823 - root - ERROR - No se encontró el registro, validar que la acción anterior haya finalizado,que el xpath sea el correcto o que la página no presente lentitud
2022-12-23 12:16:03,826 - root - INFO -  Captura: C:\xampp\htdocs\versiones\automatizaciones\AutoPWST\01TPP\report\img  screen：20221223_12_16_03.png
2022-12-23 12:16:10,116 - root - INFO -  Se abre el chrome
2022-12-23 12:16:11,487 - root - INFO -  Entra a la URL
2022-12-23 12:16:11,630 - root - INFO -  Maximiza la pantalla
2022-12-23 12:16:14,942 - root - INFO -  Escribe el usuario
2022-12-23 12:16:15,113 - root - INFO -  Escribe la contraseña
2022-12-23 12:16:15,290 - root - INFO -  Se dio clic en el boton ingresar
2022-12-23 12:16:16,062 - root - INFO -  Ejecutar Enterprise
2022-12-23 12:16:20,124 - root - INFO -  Cambia entre pestañas
2022-12-23 12:16:31,328 - root - INFO -  Abre la pantalla de tipos de compañia
2022-12-23 12:16:32,005 - root - INFO -  La pantalla ejecutada es TIPOS DE PRESUPUESTOS
2022-12-23 12:16:32,007 - root - INFO -  Captura: C:\xampp\htdocs\versiones\automatizaciones\AutoPWST\01TPP\report\img  screen：20221223_12_16_32.png
2022-12-23 12:16:32,952 - root - INFO -  Se da clic en el registro creado, para proceder a modificarlo.
2022-12-23 12:16:33,073 - root - INFO -  Se presiona el boton 'Eliminar', para eliminar el registro.
2022-12-23 12:16:33,884 - root - INFO -  Se confirma el eliminado del registro
2022-12-23 12:16:35,263 - root - ERROR - No se dio click el botón Refrescar, validar que la acción anterior haya finalizado,que el xpath sea el correcto o que la página no presente lentitud
2022-12-23 12:16:37,278 - root - INFO -  Captura: C:\xampp\htdocs\versiones\automatizaciones\AutoPWST\01TPP\report\img  screen：20221223_12_16_37.png
2022-12-23 12:16:42,330 - root - INFO -  Se cierra chrome
2022-12-23 12:16:42,332 - root - ERROR - La pantalla anterior fallo por lo que esta no funcionara, para mas detalles del error consulte el reporte
2022-12-23 12:16:42,333 - root - ERROR - La pantalla anterior fallo por lo que esta no funcionara, para mas detalles del error consulte el reporte
2022-12-23 12:16:42,335 - root - ERROR - La pantalla anterior fallo por lo que esta no funcionara, para mas detalles del error consulte el reporte
2022-12-23 12:16:42,337 - root - ERROR - La pantalla anterior fallo por lo que esta no funcionara, para mas detalles del error consulte el reporte
2022-12-23 12:18:14,357 - root - INFO -  Se abre el chrome
2022-12-23 12:18:15,513 - root - INFO -  Entra a la URL
2022-12-23 12:18:15,653 - root - INFO -  Maximiza la pantalla
2022-12-23 12:18:18,857 - root - INFO -  Escribe el usuario
2022-12-23 12:18:18,991 - root - INFO -  Escribe la contraseña
2022-12-23 12:18:19,113 - root - INFO -  Se dio clic en el boton ingresar
2022-12-23 12:18:19,931 - root - INFO -  Ejecutar Enterprise
2022-12-23 12:18:24,030 - root - INFO -  Cambia entre pestañas
2022-12-23 12:18:34,954 - root - INFO -  Abre la pantalla de tipos de compañia
2022-12-23 12:18:35,565 - root - INFO -  La pantalla ejecutada es TIPOS DE PRESUPUESTOS
2022-12-23 12:18:35,566 - root - INFO -  Captura: C:\xampp\htdocs\versiones\automatizaciones\AutoPWST\01TPP\report\img  screen：20221223_12_18_35.png
2022-12-23 12:18:36,390 - root - INFO -  Se da clic en el registro creado, para proceder a modificarlo.
2022-12-23 12:18:53,812 - root - INFO -  Se abre el chrome
2022-12-23 12:18:55,126 - root - INFO -  Entra a la URL
2022-12-23 12:18:55,251 - root - INFO -  Maximiza la pantalla
2022-12-23 12:18:58,412 - root - INFO -  Escribe el usuario
2022-12-23 12:18:58,519 - root - INFO -  Escribe la contraseña
2022-12-23 12:18:58,625 - root - INFO -  Se dio clic en el boton ingresar
2022-12-23 12:18:59,385 - root - INFO -  Ejecutar Enterprise
2022-12-23 12:19:03,452 - root - INFO -  Cambia entre pestañas
2022-12-23 12:19:14,895 - root - INFO -  Abre la pantalla de tipos de compañia
2022-12-23 12:19:15,523 - root - INFO -  La pantalla ejecutada es TIPOS DE PRESUPUESTOS
2022-12-23 12:19:15,524 - root - INFO -  Captura: C:\xampp\htdocs\versiones\automatizaciones\AutoPWST\01TPP\report\img  screen：20221223_12_19_15.png
2022-12-23 12:19:16,439 - root - INFO -  Se da clic en el registro creado, para proceder a modificarlo.
2022-12-23 12:19:17,162 - root - INFO - Se hace el cambio de pestaña para continuar con el registro nuevo
2022-12-23 12:19:18,349 - root - INFO -  Se da clic en el registro creado, para proceder a modificarlo.
2022-12-23 12:19:18,573 - root - INFO -  Se presiona el boton 'Eliminar', para eliminar el registro.
2022-12-23 12:19:18,805 - root - INFO -  Se da clic en el boton Guardar; se debe modificar la informacion del registro.
2022-12-23 12:19:19,335 - root - INFO -  Se presiona el boton 'Eliminar', para eliminar el registro.
2022-12-23 12:19:20,346 - root - INFO -  Captura: C:\xampp\htdocs\versiones\automatizaciones\AutoPWST\01TPP\report\img  screen：20221223_12_19_20.png
2022-12-23 12:19:20,691 - root - INFO -  Se confirma el eliminado del registro
2022-12-23 12:19:20,847 - root - INFO -  Se presiona el boton 'Refrescar', para crear un nuevo registro igual al anterior.
2022-12-23 12:19:20,985 - root - INFO -  Se presiona el boton 'Nuevo', para crear un nuevo registro.
2022-12-23 12:19:21,645 - root - INFO -  Se abrio la pantalla para el ingreso de un registro nuevo.
2022-12-23 12:19:21,786 - root - INFO -  El campo 'Codigo' si se encuentra visible.
2022-12-23 12:19:21,924 - root - INFO -  El campo 'Descrición' si se encuentra visible.
2022-12-23 12:19:22,060 - root - INFO -  El campo 'Modo presupuesto' si se encuentra visible.
2022-12-23 12:19:22,250 - root - INFO -  Ingresa el codigo del nuevo registro 
2022-12-23 12:19:23,328 - root - INFO - Se hace el cambio de pestaña para continuar con el registro nuevo
2022-12-23 12:19:24,147 - root - INFO -  Se presiona el boton 'Nuevo', para crear un nuevo registro.
2022-12-23 12:19:24,830 - root - INFO -  El campo 'Descripción' si se encuentra visible.
2022-12-23 12:19:24,966 - root - INFO -  El campo 'Categoría' si se encuentra visible.
2022-12-23 12:19:26,724 - root - INFO -  Se presiona el boton 'Guardar', para guardar el registro.
2022-12-23 12:19:27,009 - root - INFO -  Se da clic en el boton Guardar; se debe crear un nuevo registro.
2022-12-23 12:19:27,568 - root - INFO -  Se presiona el boton 'Refrescar', para crear un nuevo registro igual al anterior.
2022-12-23 12:19:27,789 - root - INFO -  Se presiona el boton 'Nuevo', para crear un nuevo registro igual al anterior.
2022-12-23 12:19:28,439 - root - INFO -  Se abrio la pantalla para el ingreso de un registro nuevo.
2022-12-23 12:19:28,561 - root - INFO -  El campo 'Codigo' si se encuentra visible.
2022-12-23 12:19:28,683 - root - INFO -  El campo 'Descrición' si se encuentra visible.
2022-12-23 12:19:28,805 - root - INFO -  El campo 'Modo presupuesto' si se encuentra visible.
2022-12-23 12:19:29,015 - root - INFO -  Ingresa el codigo del nuevo registro 
2022-12-23 12:19:30,104 - root - INFO -  Se da clic en el boton Guardar; se debe crear un nuevo registro.
2022-12-23 12:19:31,109 - root - INFO -  Captura: C:\xampp\htdocs\versiones\automatizaciones\AutoPWST\01TPP\report\img  screen：20221223_12_19_31.png
2022-12-23 12:19:31,552 - root - INFO -  Se presiona el boton 'Cerrar', para cerrar el mensaje de duplicidad de llave primaria
2022-12-23 12:19:32,302 - root - INFO -  Se presiona el boton 'Cerrar', para cerrar la ventana
2022-12-23 12:19:32,499 - root - INFO -  Se presiona el boton 'Refrescar', para crear un nuevo registro igual al anterior.
2022-12-23 12:19:34,292 - root - INFO -  Se da clic en el registro creado, para proceder a modificarlo.
2022-12-23 12:19:36,428 - root - INFO -  Captura: C:\xampp\htdocs\versiones\automatizaciones\AutoPWST\01TPP\report\img  screen：20221223_12_19_36.png
2022-12-23 12:19:36,684 - root - INFO -  Se modifica el contenido del campo Descripcion
2022-12-23 12:19:36,756 - root - INFO -  Se da clic en el boton Guardar; se debe modificar la informacion del registro.
2022-12-23 12:19:37,304 - root - INFO -  Se presiona el boton 'Refrescar', para proceder a eliminar el registro.
2022-12-23 12:19:39,057 - root - INFO -  Se da clic en el registro creado, para proceder a modificarlo.
2022-12-23 12:19:39,809 - root - INFO - Se hace el cambio de pestaña para continuar con el registro nuevo
2022-12-23 12:19:40,992 - root - INFO -  Se da clic en el registro creado, para proceder a modificarlo.
2022-12-23 12:19:41,198 - root - INFO -  Se presiona el boton 'Eliminar', para eliminar el registro.
2022-12-23 12:19:41,354 - root - INFO -  Se da clic en el boton Guardar; se debe modificar la informacion del registro.
2022-12-23 12:19:41,858 - root - INFO -  Se presiona el boton 'Eliminar', para eliminar el registro.
2022-12-23 12:19:42,868 - root - INFO -  Captura: C:\xampp\htdocs\versiones\automatizaciones\AutoPWST\01TPP\report\img  screen：20221223_12_19_42.png
2022-12-23 12:19:43,284 - root - INFO -  Se confirma el eliminado del registro
2022-12-23 12:19:43,478 - root - INFO -  Se presiona el boton 'Refrescar', para crear un nuevo registro igual al anterior.
2022-12-23 12:19:43,707 - root - INFO -  Se presiona el boton 'Cerrar', para cerrar la pantalla de presupuestos.
2022-12-23 12:19:48,201 - root - INFO -  Se cierra chrome
