2023-06-08 10:16:37,885 - root - INFO -  Se abre el chrome
2023-06-08 10:16:38,710 - root - INFO -  Entra a la URL
2023-06-08 10:16:38,834 - root - INFO -  Maximiza la pantalla
2023-06-08 10:16:41,910 - root - INFO -  Escribe el usuario
2023-06-08 10:16:41,998 - root - INFO -  Escribe la contraseña
2023-06-08 10:16:42,062 - root - INFO -  Se dio clic en el boton ingresar
2023-06-08 10:16:42,766 - root - INFO -  Ejecutar Enterprise
2023-06-08 10:16:46,807 - root - INFO -  Cambia entre pestañas
2023-06-08 10:16:58,274 - root - INFO -  Abre la pantalla de tipos de Presupuesto
2023-06-08 10:16:58,836 - root - INFO -  La pantalla ejecutada es TIPOS DE PRESUPUESTOS
2023-06-08 10:16:58,836 - root - INFO -  Captura: C:\xampp\htdocs\versiones\automatizaciones\AutoPWST\01TPP\report\img  screen：20230608_10_16_58.png
2023-06-08 10:17:09,272 - root - INFO -  Se presiona el boton 'Nuevo', para crear un nuevo registro.
2023-06-08 10:17:09,816 - root - INFO -  Se abrio la pantalla para el ingreso de un registro nuevo.
2023-06-08 10:17:09,837 - root - INFO -  El campo 'Codigo' si se encuentra visible.
2023-06-08 10:17:09,855 - root - INFO -  El campo 'Descrición' si se encuentra visible.
2023-06-08 10:17:09,879 - root - INFO -  El campo 'Modo presupuesto' si se encuentra visible.
2023-06-08 10:17:09,936 - root - INFO -  Ingresa el codigo del nuevo registro 
2023-06-08 10:17:10,434 - root - INFO - Se hace el cambio de pestaña para continuar con el registro nuevo
2023-06-08 10:17:11,011 - root - INFO -  Se presiona el boton 'Nuevo', para crear un nuevo registro.
2023-06-08 10:17:11,559 - root - INFO -  El campo 'Descripción' si se encuentra visible.
2023-06-08 10:17:11,580 - root - INFO -  El campo 'Categoría' si se encuentra visible.
2023-06-08 10:17:13,008 - root - INFO -  Se presiona el boton 'Guardar', para guardar el registro.
2023-06-08 10:17:14,010 - root - INFO -  Captura: C:\xampp\htdocs\versiones\automatizaciones\AutoPWST\01TPP\report\img  screen：20230608_10_17_14.png
2023-06-08 10:17:14,183 - root - INFO -  Se da clic en el boton Guardar; se debe crear un nuevo registro.
2023-06-08 10:17:18,270 - root - INFO -  Se presiona el boton 'Refrescar', para crear un nuevo registro igual al anterior.
2023-06-08 10:17:18,652 - root - INFO -  Se presiona el boton 'Nuevo', para crear un nuevo registro igual al anterior.
2023-06-08 10:17:19,187 - root - INFO -  Se abrio la pantalla para el ingreso de un registro nuevo.
2023-06-08 10:17:19,210 - root - INFO -  El campo 'Codigo' si se encuentra visible.
2023-06-08 10:17:19,232 - root - INFO -  El campo 'Descrición' si se encuentra visible.
2023-06-08 10:17:19,258 - root - INFO -  El campo 'Modo presupuesto' si se encuentra visible.
2023-06-08 10:17:19,309 - root - INFO -  Ingresa el codigo del nuevo registro 
2023-06-08 10:17:19,765 - root - INFO -  Se da clic en el boton Guardar; se debe crear un nuevo registro.
2023-06-08 10:17:20,766 - root - INFO -  Captura: C:\xampp\htdocs\versiones\automatizaciones\AutoPWST\01TPP\report\img  screen：20230608_10_17_20.png
2023-06-08 10:17:26,092 - root - INFO -  Se presiona el boton 'Cerrar', para cerrar el mensaje de duplicidad de llave primaria
2023-06-08 10:17:27,094 - root - INFO -  Captura: C:\xampp\htdocs\versiones\automatizaciones\AutoPWST\01TPP\report\img  screen：20230608_10_17_27.png
2023-06-08 10:17:27,309 - root - INFO -  Se presiona el boton 'Cerrar', para cerrar el mensaje de duplicidad de llave primaria
2023-06-08 10:17:27,890 - root - INFO -  Se presiona el boton 'Cerrar', para cerrar la ventana
2023-06-08 10:17:28,013 - root - INFO -  Se presiona el boton 'Refrescar', para crear un nuevo registro igual al anterior.
2023-06-08 10:17:29,611 - root - INFO -  Se da clic en el registro creado, para proceder a modificarlo.
2023-06-08 10:17:31,289 - root - INFO -  Captura: C:\xampp\htdocs\versiones\automatizaciones\AutoPWST\01TPP\report\img  screen：20230608_10_17_31.png
2023-06-08 10:17:31,395 - root - INFO -  Se modifica el contenido del campo Descripcion
2023-06-08 10:17:31,441 - root - INFO -  Se da clic en el boton Guardar; se debe modificar la informacion del registro.
2023-06-08 10:17:34,521 - root - INFO -  Se presiona el boton 'Refrescar', para proceder a eliminar el registro.
2023-06-08 10:17:36,126 - root - INFO -  Se da clic en el registro creado, para proceder a modificarlo.
2023-06-08 10:17:36,696 - root - INFO - Se hace el cambio de pestaña para continuar con el registro nuevo
2023-06-08 10:17:37,773 - root - INFO -  Se da clic en el registro creado, para proceder a modificarlo.
2023-06-08 10:17:37,845 - root - INFO -  Se presiona el boton 'Eliminar', para eliminar el registro.
2023-06-08 10:17:38,606 - root - INFO -  Se da clic en el boton Guardar; se debe modificar la informacion del registro.
2023-06-08 10:17:39,687 - root - ERROR - No se dió click al botón Eliminar, validar que la acción anterior haya finalizado,que el xpath sea el correcto o que la página no presente lentitud
2023-06-08 10:17:39,688 - root - INFO -  Captura: C:\xampp\htdocs\versiones\automatizaciones\AutoPWST\01TPP\report\img  screen：20230608_10_17_39.png
2023-06-08 10:17:44,215 - root - INFO -  Se cierra chrome
2023-06-08 10:21:54,303 - root - INFO -  Se abre el chrome
2023-06-08 10:21:55,051 - root - INFO -  Entra a la URL
2023-06-08 10:21:55,174 - root - INFO -  Maximiza la pantalla
2023-06-08 10:21:58,248 - root - INFO -  Escribe el usuario
2023-06-08 10:21:58,349 - root - INFO -  Escribe la contraseña
2023-06-08 10:21:58,417 - root - INFO -  Se dio clic en el boton ingresar
2023-06-08 10:21:59,110 - root - INFO -  Ejecutar Enterprise
2023-06-08 10:22:03,151 - root - INFO -  Cambia entre pestañas
2023-06-08 10:22:14,573 - root - INFO -  Abre la pantalla de tipos de Presupuesto
2023-06-08 10:22:15,139 - root - INFO -  La pantalla ejecutada es TIPOS DE PRESUPUESTOS
2023-06-08 10:22:15,139 - root - INFO -  Captura: C:\xampp\htdocs\versiones\automatizaciones\AutoPWST\01TPP\report\img  screen：20230608_10_22_15.png
2023-06-08 10:22:15,822 - root - INFO -  Se da clic en el registro creado, para proceder a modificarlo.
2023-06-08 10:22:16,394 - root - INFO - Se hace el cambio de pestaña para continuar con el registro nuevo
2023-06-08 10:22:27,709 - root - INFO -  Se presiona el boton 'Eliminar', para eliminar el registro.
2023-06-08 10:22:28,025 - root - INFO -  Se da clic en el boton Guardar; se debe modificar la informacion del registro.
2023-06-08 10:22:29,106 - root - INFO -  Se presiona el boton 'Eliminar', para eliminar el registro.
2023-06-08 10:22:30,108 - root - INFO -  Captura: C:\xampp\htdocs\versiones\automatizaciones\AutoPWST\01TPP\report\img  screen：20230608_10_22_30.png
2023-06-08 10:22:30,258 - root - INFO -  Se confirma el eliminado del registro
2023-06-08 10:22:30,444 - root - INFO -  Se presiona el boton 'Refrescar', para crear un nuevo registro igual al anterior.
2023-06-08 10:22:30,573 - root - INFO -  Se presiona el boton 'Nuevo', para crear un nuevo registro.
2023-06-08 10:22:31,120 - root - INFO -  Se abrio la pantalla para el ingreso de un registro nuevo.
2023-06-08 10:22:31,146 - root - INFO -  El campo 'Codigo' si se encuentra visible.
2023-06-08 10:22:31,169 - root - INFO -  El campo 'Descrición' si se encuentra visible.
2023-06-08 10:22:31,191 - root - INFO -  El campo 'Modo presupuesto' si se encuentra visible.
2023-06-08 10:22:31,234 - root - INFO -  Ingresa el codigo del nuevo registro 
2023-06-08 10:22:31,705 - root - INFO - Se hace el cambio de pestaña para continuar con el registro nuevo
2023-06-08 10:22:32,270 - root - INFO -  Se presiona el boton 'Nuevo', para crear un nuevo registro.
2023-06-08 10:22:32,817 - root - INFO -  El campo 'Descripción' si se encuentra visible.
2023-06-08 10:22:32,847 - root - INFO -  El campo 'Categoría' si se encuentra visible.
2023-06-08 10:22:34,076 - root - INFO -  Se presiona el boton 'Guardar', para guardar el registro.
2023-06-08 10:22:35,077 - root - INFO -  Captura: C:\xampp\htdocs\versiones\automatizaciones\AutoPWST\01TPP\report\img  screen：20230608_10_22_35.png
2023-06-08 10:22:35,238 - root - INFO -  Se da clic en el boton Guardar; se debe crear un nuevo registro.
2023-06-08 10:22:39,326 - root - INFO -  Se presiona el boton 'Refrescar', para crear un nuevo registro igual al anterior.
2023-06-08 10:22:39,751 - root - INFO -  Se presiona el boton 'Nuevo', para crear un nuevo registro igual al anterior.
2023-06-08 10:22:40,302 - root - INFO -  Se abrio la pantalla para el ingreso de un registro nuevo.
2023-06-08 10:22:40,383 - root - INFO -  El campo 'Codigo' si se encuentra visible.
2023-06-08 10:22:40,434 - root - INFO -  El campo 'Descrición' si se encuentra visible.
2023-06-08 10:22:40,495 - root - INFO -  El campo 'Modo presupuesto' si se encuentra visible.
2023-06-08 10:22:40,560 - root - INFO -  Ingresa el codigo del nuevo registro 
2023-06-08 10:22:41,105 - root - INFO -  Se da clic en el boton Guardar; se debe crear un nuevo registro.
2023-06-08 10:22:42,106 - root - INFO -  Captura: C:\xampp\htdocs\versiones\automatizaciones\AutoPWST\01TPP\report\img  screen：20230608_10_22_42.png
2023-06-08 10:22:47,487 - root - INFO -  Se presiona el boton 'Cerrar', para cerrar el mensaje de duplicidad de llave primaria
2023-06-08 10:22:48,489 - root - INFO -  Captura: C:\xampp\htdocs\versiones\automatizaciones\AutoPWST\01TPP\report\img  screen：20230608_10_22_48.png
2023-06-08 10:22:48,653 - root - INFO -  Se presiona el boton 'Cerrar', para cerrar el mensaje de duplicidad de llave primaria
2023-06-08 10:22:49,245 - root - INFO -  Se presiona el boton 'Cerrar', para cerrar la ventana
2023-06-08 10:22:49,372 - root - INFO -  Se presiona el boton 'Refrescar', para crear un nuevo registro igual al anterior.
2023-06-08 10:22:50,963 - root - INFO -  Se da clic en el registro creado, para proceder a modificarlo.
2023-06-08 10:22:52,614 - root - INFO -  Captura: C:\xampp\htdocs\versiones\automatizaciones\AutoPWST\01TPP\report\img  screen：20230608_10_22_52.png
2023-06-08 10:22:52,724 - root - INFO -  Se modifica el contenido del campo Descripcion
2023-06-08 10:22:52,785 - root - INFO -  Se da clic en el boton Guardar; se debe modificar la informacion del registro.
2023-06-08 10:22:55,861 - root - INFO -  Se presiona el boton 'Refrescar', para proceder a eliminar el registro.
2023-06-08 10:22:57,441 - root - INFO -  Se da clic en el registro creado, para proceder a modificarlo.
2023-06-08 10:22:58,011 - root - INFO - Se hace el cambio de pestaña para continuar con el registro nuevo
2023-06-08 10:22:59,102 - root - INFO -  Se da clic en el registro creado, para proceder a modificarlo.
2023-06-08 10:22:59,148 - root - INFO -  Se presiona el boton 'Eliminar', para eliminar el registro.
2023-06-08 10:22:59,579 - root - INFO -  Se da clic en el boton Guardar; se debe modificar la informacion del registro.
2023-06-08 10:23:02,154 - root - INFO -  Se da clic en el registro creado, para proceder a eliminarlo.
2023-06-08 10:23:02,213 - root - INFO -  Se presiona el boton 'Eliminar', para eliminar el registro.
2023-06-08 10:23:04,215 - root - INFO -  Captura: C:\xampp\htdocs\versiones\automatizaciones\AutoPWST\01TPP\report\img  screen：20230608_10_23_04.png
2023-06-08 10:23:04,356 - root - INFO -  Se confirma el eliminado del registro
2023-06-08 10:23:04,544 - root - INFO -  Se presiona el boton 'Refrescar', para crear un nuevo registro igual al anterior.
2023-06-08 10:23:06,593 - root - INFO -  Se presiona el boton 'Cerrar', para cerrar la pantalla de Tipos presupuestos.
2023-06-08 10:23:13,999 - root - INFO -  Se cierra chrome
