2023-01-26 19:00:20,283 - root - INFO -  Se abre el chrome
2023-01-26 19:00:21,956 - root - INFO -  Entra a la URL
2023-01-26 19:00:22,078 - root - INFO -  Maximiza la pantalla
2023-01-26 19:00:25,199 - root - INFO -  Escribe el usuario
2023-01-26 19:00:25,300 - root - INFO -  Escribe la contraseña
2023-01-26 19:00:25,384 - root - INFO -  Se dio clic en el boton ingresar
2023-01-26 19:00:26,593 - root - INFO -  Ejecutar Enterprise
2023-01-26 19:00:30,650 - root - INFO -  Cambia entre pestañas
2023-01-26 19:00:44,145 - root - INFO -  Abre la pantalla de tipos de compañia
2023-01-26 19:00:44,760 - root - INFO -  La pantalla ejecutada es TIPOS DE PRESUPUESTOS
2023-01-26 19:00:44,770 - root - INFO -  Captura: C:\xampp\htdocs\Versiones\automatizaciones\AutoPWST\01TPP\report\img  screen：20230126_19_00_44.png
2023-01-26 19:00:56,283 - root - INFO -  Se presiona el boton 'Nuevo', para crear un nuevo registro.
2023-01-26 19:00:56,903 - root - INFO -  Se abrio la pantalla para el ingreso de un registro nuevo.
2023-01-26 19:00:56,943 - root - INFO -  El campo 'Codigo' si se encuentra visible.
2023-01-26 19:00:56,976 - root - INFO -  El campo 'Descrición' si se encuentra visible.
2023-01-26 19:00:57,012 - root - INFO -  El campo 'Modo presupuesto' si se encuentra visible.
2023-01-26 19:00:57,063 - root - INFO -  Ingresa el codigo del nuevo registro 
2023-01-26 19:00:57,738 - root - INFO - Se hace el cambio de pestaña para continuar con el registro nuevo
2023-01-26 19:00:58,317 - root - INFO -  Se presiona el boton 'Nuevo', para crear un nuevo registro.
2023-01-26 19:00:58,918 - root - INFO -  El campo 'Descripción' si se encuentra visible.
2023-01-26 19:00:58,958 - root - INFO -  El campo 'Categoría' si se encuentra visible.
2023-01-26 19:01:00,215 - root - INFO -  Se presiona el boton 'Guardar', para guardar el registro.
2023-01-26 19:01:01,224 - root - INFO -  Captura: C:\xampp\htdocs\Versiones\automatizaciones\AutoPWST\01TPP\report\img  screen：20230126_19_01_01.png
2023-01-26 19:01:01,809 - root - INFO -  Se da clic en el boton Guardar; se debe crear un nuevo registro.
2023-01-26 19:01:05,979 - root - INFO -  Se presiona el boton 'Refrescar', para crear un nuevo registro igual al anterior.
2023-01-26 19:01:06,089 - root - INFO -  Se presiona el boton 'Nuevo', para crear un nuevo registro igual al anterior.
2023-01-26 19:01:06,685 - root - INFO -  Se abrio la pantalla para el ingreso de un registro nuevo.
2023-01-26 19:01:06,725 - root - INFO -  El campo 'Codigo' si se encuentra visible.
2023-01-26 19:01:06,755 - root - INFO -  El campo 'Descrición' si se encuentra visible.
2023-01-26 19:01:06,792 - root - INFO -  El campo 'Modo presupuesto' si se encuentra visible.
2023-01-26 19:01:06,837 - root - INFO -  Ingresa el codigo del nuevo registro 
2023-01-26 19:01:07,559 - root - INFO -  Se da clic en el boton Guardar; se debe crear un nuevo registro.
2023-01-26 19:01:08,561 - root - INFO -  Captura: C:\xampp\htdocs\Versiones\automatizaciones\AutoPWST\01TPP\report\img  screen：20230126_19_01_08.png
2023-01-26 19:01:14,603 - root - INFO -  Se presiona el boton 'Cerrar', para cerrar el mensaje de duplicidad de llave primaria
2023-01-26 19:01:15,610 - root - INFO -  Captura: C:\xampp\htdocs\Versiones\automatizaciones\AutoPWST\01TPP\report\img  screen：20230126_19_01_15.png
2023-01-26 19:01:16,676 - root - INFO -  Se presiona el boton 'Cerrar', para cerrar el mensaje de duplicidad de llave primaria
2023-01-26 19:01:17,268 - root - INFO -  Se presiona el boton 'Cerrar', para cerrar la ventana
2023-01-26 19:01:17,414 - root - INFO -  Se presiona el boton 'Refrescar', para crear un nuevo registro igual al anterior.
2023-01-26 19:01:19,138 - root - INFO -  Se da clic en el registro creado, para proceder a modificarlo.
2023-01-26 19:01:20,880 - root - INFO -  Captura: C:\xampp\htdocs\Versiones\automatizaciones\AutoPWST\01TPP\report\img  screen：20230126_19_01_20.png
2023-01-26 19:01:21,639 - root - INFO -  Se modifica el contenido del campo Descripcion
2023-01-26 19:01:21,708 - root - INFO -  Se da clic en el boton Guardar; se debe modificar la informacion del registro.
2023-01-26 19:01:24,851 - root - INFO -  Se presiona el boton 'Refrescar', para proceder a eliminar el registro.
2023-01-26 19:01:26,532 - root - INFO -  Se da clic en el registro creado, para proceder a modificarlo.
2023-01-26 19:01:27,132 - root - INFO - Se hace el cambio de pestaña para continuar con el registro nuevo
2023-01-26 19:01:28,319 - root - INFO -  Se da clic en el registro creado, para proceder a modificarlo.
2023-01-26 19:01:28,429 - root - INFO -  Se presiona el boton 'Eliminar', para eliminar el registro.
2023-01-26 19:01:28,623 - root - INFO -  Se da clic en el boton Guardar; se debe modificar la informacion del registro.
2023-01-26 19:01:29,395 - root - INFO -  Se presiona el boton 'Eliminar', para eliminar el registro.
2023-01-26 19:01:30,396 - root - INFO -  Captura: C:\xampp\htdocs\Versiones\automatizaciones\AutoPWST\01TPP\report\img  screen：20230126_19_01_30.png
2023-01-26 19:01:30,967 - root - INFO -  Se confirma el eliminado del registro
2023-01-26 19:01:31,177 - root - INFO -  Se presiona el boton 'Refrescar', para crear un nuevo registro igual al anterior.
2023-01-26 19:01:31,344 - root - INFO -  Se presiona el boton 'Cerrar', para cerrar la pantalla de presupuestos.
2023-01-26 19:01:35,593 - root - INFO -  Se cierra chrome
