2023-06-20 14:56:36,834 - root - INFO -  Se abre el chrome
2023-06-20 14:56:39,431 - root - INFO -  Entra a la URL
2023-06-20 14:56:39,552 - root - INFO -  Maximiza la pantalla
2023-06-20 14:56:42,645 - root - INFO -  Escribe el usuario
2023-06-20 14:56:42,746 - root - INFO -  Escribe la contraseña
2023-06-20 14:56:42,824 - root - INFO -  Se dio clic en el boton ingresar
2023-06-20 14:56:44,547 - root - INFO -  Ejecutar Enterprise
2023-06-20 14:56:48,595 - root - INFO -  Cambia entre pestañas
2023-06-20 14:57:02,937 - root - INFO -  Abre la pantalla de Politicas de Venta
2023-06-20 14:57:03,487 - root - INFO -  La pantalla ejecutada es Politicas de Venta
2023-06-20 14:57:03,487 - root - INFO -  Captura: C:\xampp\htdocs\versiones\automatizaciones\AutoPWST\14PV\report\img  screen：20230620_14_57_03.png
2023-06-20 14:57:13,885 - root - INFO -  Se presiona el boton 'Nuevo', para crear un nuevo registro.
2023-06-20 14:57:14,430 - root - INFO -  Se abrio la pantalla para el ingreso de un registro nuevo.
2023-06-20 14:57:14,463 - root - INFO -  El campo 'Codigo' si se encuentra visible.
2023-06-20 14:57:14,497 - root - INFO -  El campo 'Codigo Alternativo' si se encuentra visible.
2023-06-20 14:57:14,530 - root - INFO -  El campo 'Descrición' si se encuentra visible.
2023-06-20 14:57:14,557 - root - INFO -  El campo 'Moneda' si se encuentra visible.
2023-06-20 14:57:14,609 - root - INFO -  El campo 'Grupo Ad-Hoc' si se encuentra visible.
2023-06-20 14:57:14,637 - root - INFO -  El campo 'Aplicable en' si se encuentra visible.
2023-06-20 14:57:14,663 - root - INFO -  El campo 'Activa' si se encuentra visible.
2023-06-20 14:57:14,693 - root - INFO -  El campo 'Aplicación Global' si se encuentra visible.
2023-06-20 14:57:14,764 - root - INFO -  Ingresa el codigo del nuevo registro 
2023-06-20 14:57:14,844 - root - INFO -  Ingresa el codigo alternativo del nuevo registro 
2023-06-20 14:57:15,008 - root - INFO -  Ingresa la descripción del nuevo registro 
2023-06-20 14:57:15,947 - root - INFO -  Se dió doble click en el registro de Moneda.
2023-06-20 14:57:17,028 - root - INFO -  Se dió doble click en el registro de Grupo AdHoc.
2023-06-20 14:57:17,029 - root - INFO -  Captura: C:\xampp\htdocs\versiones\automatizaciones\AutoPWST\14PV\report\img  screen：20230620_14_57_17.png
2023-06-20 14:57:17,545 - root - INFO -  Se dió click en la opción BackOffice y Mobile.
2023-06-20 14:57:17,868 - root - INFO -  Se dió click en el checkbox Activa.
2023-06-20 14:57:17,926 - root - INFO -  Se dió click en el checkbox Aplicación Global.
2023-06-20 14:57:17,993 - root - INFO - Se hace el cambio a la pestaña Por Articulo para continuar con el registro nuevo
2023-06-20 14:57:18,580 - root - INFO -  Se presiona el boton 'Nuevo', para crear un nuevo registro de Por Articulo.
2023-06-20 14:57:19,171 - root - INFO -  El campo 'Artículo' si se encuentra visible.
2023-06-20 14:57:19,211 - root - INFO -  El campo 'Porcentaje de Descuento' si se encuentra visible.
2023-06-20 14:57:19,245 - root - INFO -  El campo 'Tope Descuento 1' si se encuentra visible.
2023-06-20 14:57:19,275 - root - INFO -  El campo 'Tope Descuento 2' si se encuentra visible.
2023-06-20 14:57:20,387 - root - INFO -  Ingresa el Articulo del nuevo registro 
2023-06-20 14:57:20,584 - root - INFO -  Ingresa el Porcentaje de Descuento del nuevo registro 
2023-06-20 14:57:20,669 - root - INFO -  Ingresa el Tope Descuento 1 del nuevo registro 
2023-06-20 14:57:20,768 - root - INFO -  Ingresa el Tope Descuento 2 del nuevo registro 
2023-06-20 14:57:20,830 - root - INFO -  Se presiona el boton 'Guardar', para guardar el registro de Por Articulo.
2023-06-20 14:57:21,058 - root - INFO -  Se da clic en el boton Guardar; se debe crear un nuevo registro.
2023-06-20 14:57:23,450 - root - INFO -  Se presiona el boton 'Refrescar', para crear un nuevo registro igual al anterior.
2023-06-20 14:57:23,516 - root - INFO -  Se presiona el boton 'Nuevo', para crear un nuevo registro igual al anterior.
2023-06-20 14:57:24,053 - root - INFO -  Se abrio la pantalla para el ingreso de un registro nuevo.
2023-06-20 14:57:24,151 - root - INFO -  Ingresa el codigo del nuevo registro 
2023-06-20 14:57:24,241 - root - INFO -  Ingresa el codigo alternativo del nuevo registro 
2023-06-20 14:57:24,458 - root - INFO -  Ingresa la descripción del nuevo registro 
2023-06-20 14:57:25,417 - root - INFO -  Se dió doble click en el registro de Moneda.
2023-06-20 14:57:26,485 - root - INFO -  Se dió doble click en el registro de Grupo AdHoc.
2023-06-20 14:57:26,485 - root - INFO -  Captura: C:\xampp\htdocs\versiones\automatizaciones\AutoPWST\14PV\report\img  screen：20230620_14_57_26.png
2023-06-20 14:57:27,000 - root - INFO -  Se dió click en la opción BackOffice y Mobile.
2023-06-20 14:57:27,333 - root - INFO -  Se dió click en el checkbox Activa.
2023-06-20 14:57:27,469 - root - INFO -  Se dió click en el checkbox Aplicación Global.
2023-06-20 14:57:27,562 - root - INFO -  Se da clic en el boton Guardar; NO se debe crear un nuevo registro.
2023-06-20 14:57:28,564 - root - INFO -  Captura: C:\xampp\htdocs\versiones\automatizaciones\AutoPWST\14PV\report\img  screen：20230620_14_57_28.png
2023-06-20 14:57:33,944 - root - INFO -  Se presiona el boton 'Cerrar', para cerrar el mensaje de duplicidad de llave primaria
2023-06-20 14:57:34,945 - root - INFO -  Captura: C:\xampp\htdocs\versiones\automatizaciones\AutoPWST\14PV\report\img  screen：20230620_14_57_34.png
2023-06-20 14:57:35,126 - root - INFO -  Se presiona el boton 'Cerrar', para cerrar el mensaje de duplicidad de llave primaria
2023-06-20 14:57:35,267 - root - INFO -  Se presiona el boton 'Cerrar', para cerrar la ventana
2023-06-20 14:57:35,414 - root - INFO -  Se presiona el boton 'Refrescar', para proceder a modificar el registro.
2023-06-20 14:57:39,041 - root - INFO -  Se da clic en el registro creado, para proceder a modificarlo.
2023-06-20 14:57:39,715 - root - INFO -  Se modifica el contenido del campo Codigo Alternativo
2023-06-20 14:57:39,945 - root - INFO -  Se modifica el contenido del campo Descripcion
2023-06-20 14:57:40,901 - root - INFO -  Se dió doble click en el registro de Grupo AdHoc.
2023-06-20 14:57:40,901 - root - INFO -  Captura: C:\xampp\htdocs\versiones\automatizaciones\AutoPWST\14PV\report\img  screen：20230620_14_57_40.png
2023-06-20 14:57:41,104 - root - INFO -  Se dió click en el checkbox Aplicación Global.
2023-06-20 14:57:41,155 - root - INFO - Se hace el cambio a la pestaña Por Articulo para continuar con la modificación del registro
2023-06-20 14:57:42,269 - root - INFO -  Se da clic en el registro de Por Articulo, para proceder a modificarlo.
2023-06-20 14:57:44,034 - root - INFO -  Se modifica el contenido del campo Articulo 
2023-06-20 14:57:44,250 - root - INFO -  Se modifica el contenido del campo Porcentaje de Descuento 
2023-06-20 14:57:44,334 - root - INFO -  Se presiona el boton 'Guardar', para guardar la modificación del registro de Por Articulo.
2023-06-20 14:57:45,425 - root - INFO -  Se da clic en el boton Guardar; se debe modificar la informacion del registro.
2023-06-20 14:57:48,486 - root - INFO -  Se presiona el boton 'Refrescar', para proceder a eliminar el registro.
2023-06-20 14:57:50,101 - root - INFO -  Se da clic en el registro creado, para proceder a eliminarlo.
2023-06-20 14:57:50,702 - root - INFO - Se hace el cambio a la pestaña Por Articulo para continuar con la eliminación del registro
2023-06-20 14:57:51,778 - root - INFO -  Se da clic en el registro de Por articulo, para proceder a eliminarlo.
2023-06-20 14:57:51,839 - root - INFO -  Se presiona el boton 'Eliminar', para eliminar el registro de Por Articulo.
2023-06-20 14:57:52,898 - root - INFO -  Se da clic en el boton Guardar; se debe modificar la informacion del registro.
2023-06-20 14:57:54,478 - root - INFO -  Se da clic en el registro creado, para proceder a eliminarlo.
2023-06-20 14:57:54,526 - root - INFO -  Se presiona el boton 'Eliminar', para eliminar el registro.
2023-06-20 14:57:56,527 - root - INFO -  Captura: C:\xampp\htdocs\versiones\automatizaciones\AutoPWST\14PV\report\img  screen：20230620_14_57_56.png
2023-06-20 14:57:56,649 - root - INFO -  Se confirma el eliminado del registro
2023-06-20 14:57:56,839 - root - INFO -  Se presiona el boton 'Refrescar', para verificar si el registro ha sido eliminado.
2023-06-20 14:57:58,899 - root - INFO -  Se presiona el boton 'Cerrar', para cerrar la pantalla de Politicas de Venta.
2023-06-20 14:58:05,224 - root - INFO -  Se cierra chrome
