2022-06-30 09:46:52,808 - root - INFO -  Se abre el chrome
2022-06-30 09:46:55,502 - root - INFO -  Entra a la URL
2022-06-30 09:46:55,720 - root - INFO -  Maximiza la pantalla
2022-06-30 09:46:58,800 - root - INFO -  Cambia al frame
2022-06-30 09:47:01,906 - root - INFO -  Escribe el usuario
2022-06-30 09:47:02,041 - root - INFO -  Escribe la contraseña
2022-06-30 09:47:02,291 - root - INFO -  Se dio clic en el boton ingresar
2022-06-30 09:47:07,603 - root - INFO -  Ejecutar Enterprise
2022-06-30 09:47:11,734 - root - INFO -  Cambia entre pestañas
2022-06-30 09:47:22,804 - root - INFO -  Se presiona el boton 'Cerrar Error', para crear un nuevo registro igual al anterior.
2022-06-30 09:47:26,003 - root - INFO -  Abre el menu completo
2022-06-30 09:47:39,168 - root - INFO -  Abre la pantalla de Tipos de PopUp
2022-06-30 09:47:39,321 - root - INFO -  La pantalla ejecutada es Tipos de PopUp.
2022-06-30 09:47:39,556 - root - INFO -  Se presiona el boton 'Nuevo', para crear un nuevo registro.
2022-06-30 09:47:40,257 - root - INFO -  Se abrio la pantalla para el ingreso de un registro nuevo.
2022-06-30 09:47:40,405 - root - INFO -  El campo 'Codigo' si se encuentra visible.
2022-06-30 09:47:40,557 - root - INFO -  El campo 'Codigo Alternativo' si se encuentra visible.
2022-06-30 09:47:40,702 - root - INFO -  El campo 'Descrición' si se encuentra visible.
2022-06-30 09:47:43,020 - root - INFO -  Ingresa el codigo del nuevo registro 
2022-06-30 09:47:46,418 - root - INFO -  Ingresa el codigo alternativo del nuevo registro 
2022-06-30 09:47:49,937 - root - INFO -  Ingresa la descripción del nuevo registro 
2022-06-30 09:47:53,219 - root - INFO -  Se da clic en el boton Guardar; se debe crear un nuevo registro.
2022-06-30 09:47:56,482 - root - INFO -  Se presiona el boton 'Refrescar', para crear un nuevo registro igual al anterior.
2022-06-30 09:47:59,728 - root - INFO -  Se presiona el boton 'Nuevo', para crear un nuevo registro igual al anterior.
2022-06-30 09:48:00,366 - root - INFO -  Se abrio la pantalla para el ingreso de un registro nuevo.
2022-06-30 09:48:00,441 - root - INFO -  El campo 'Codigo' si se encuentra visible.
2022-06-30 09:48:00,522 - root - INFO -  El campo 'Codigo Alternativo' si se encuentra visible.
2022-06-30 09:48:00,615 - root - INFO -  El campo 'Descrición' si se encuentra visible.
2022-06-30 09:48:02,769 - root - INFO -  Ingresa el codigo del nuevo registro 
2022-06-30 09:48:06,118 - root - INFO -  Ingresa el codigo alternativo del nuevo registro 
2022-06-30 09:48:09,652 - root - INFO -  Ingresa la descripción del nuevo registro 
2022-06-30 09:48:12,905 - root - INFO -  Se da clic en el boton Guardar; se debe crear un nuevo registro.
2022-06-30 09:48:16,143 - root - INFO -  Se presiona el boton 'Cerrar', para cerrar el mensaje de duplicidad de llave primaria
2022-06-30 09:48:18,433 - root - INFO -  Se presiona el boton 'Cerrar', para cerrar la ventana
2022-06-30 09:48:22,663 - root - INFO -  Se presiona el boton 'Refrescar', para crear un nuevo registro igual al anterior.
2022-06-30 09:48:40,459 - root - INFO -  Se da clic en el registro creado, para proceder a modificarlo.
2022-06-30 09:48:40,795 - root - INFO -  Se modifica el contenido del campo Codigo Alternativo
2022-06-30 09:48:44,247 - root - INFO -  Se modifica el contenido del campo Descripcion
2022-06-30 09:48:47,579 - root - INFO -  Se da clic en el boton Guardar; se debe modificar la informacion del registro.
2022-06-30 09:48:50,814 - root - INFO -  Se presiona el boton 'Refrescar', para proceder a eliminar el registro.
2022-06-30 09:49:08,491 - root - INFO -  Se da clic en el registro creado, para proceder a eliminarlo.
2022-06-30 09:49:08,689 - root - INFO -  Se presiona el boton 'Eliminar', para eliminar el registro.
2022-06-30 09:49:09,531 - root - INFO -  Se confirma el eliminado del registro
2022-06-30 09:49:11,748 - root - INFO -  Se presiona el boton 'Refrescar', para crear un nuevo registro igual al anterior.
2022-06-30 09:49:14,023 - root - INFO -  Se presiona el boton 'Cerrar', para cerrar la pantalla de Categorias Fiscales.
2022-06-30 09:49:18,466 - root - INFO -  Se cierra chrome
