2023-01-04 12:07:27,327 - root - INFO -  Se abre el chrome
2023-01-04 12:07:29,056 - root - INFO -  Entra a la URL
2023-01-04 12:07:29,187 - root - INFO -  Maximiza la pantalla
2023-01-04 12:07:32,344 - root - INFO -  Escribe el usuario
2023-01-04 12:07:32,465 - root - INFO -  Escribe la contraseña
2023-01-04 12:07:32,572 - root - INFO -  Se dio clic en el boton ingresar
2023-01-04 12:07:34,403 - root - INFO -  Ejecutar Enterprise
2023-01-04 12:07:38,485 - root - INFO -  Cambia entre pestañas
2023-01-04 12:07:51,426 - root - INFO - Abre la pantalla de Tipos de PopUp
2023-01-04 12:07:52,209 - root - INFO -  La pantalla ejecutada es Tipos de PopUp.
2023-01-04 12:07:53,225 - root - INFO -  Captura: C:\xampp\htdocs\versiones\automatizaciones\AutoPWST\01TPU\report\img  screen：20230104_12_07_53.png
2023-01-04 12:08:03,851 - root - INFO -  Se presiona el boton 'Nuevo', para crear un nuevo registro.
2023-01-04 12:08:04,534 - root - INFO -  Se abrio la pantalla para el ingreso de un registro nuevo.
2023-01-04 12:08:04,650 - root - INFO -  El campo 'Codigo' si se encuentra visible.
2023-01-04 12:08:04,768 - root - INFO -  El campo 'Codigo Alternativo' si se encuentra visible.
2023-01-04 12:08:04,896 - root - INFO -  El campo 'Descrición' si se encuentra visible.
2023-01-04 12:08:05,264 - root - INFO -  Ingresa el codigo del nuevo registro 
2023-01-04 12:08:05,637 - root - INFO -  Ingresa el codigo alternativo del nuevo registro 
2023-01-04 12:08:06,240 - root - INFO -  Ingresa la descripción del nuevo registro 
2023-01-04 12:08:07,249 - root - INFO -  Captura: C:\xampp\htdocs\versiones\automatizaciones\AutoPWST\01TPU\report\img  screen：20230104_12_08_07.png
2023-01-04 12:08:07,636 - root - INFO -  Se da clic en el boton Guardar; se debe crear un nuevo registro.
2023-01-04 12:08:08,037 - root - INFO -  Se presiona el boton 'Refrescar', para crear un nuevo registro igual al anterior.
2023-01-04 12:08:08,319 - root - INFO -  Se presiona el boton 'Nuevo', para crear un nuevo registro igual al anterior.
2023-01-04 12:08:08,981 - root - INFO -  Se abrio la pantalla para el ingreso de un registro nuevo.
2023-01-04 12:08:09,087 - root - INFO -  El campo 'Codigo' si se encuentra visible.
2023-01-04 12:08:09,202 - root - INFO -  El campo 'Codigo Alternativo' si se encuentra visible.
2023-01-04 12:08:09,304 - root - INFO -  El campo 'Descrición' si se encuentra visible.
2023-01-04 12:08:09,661 - root - INFO -  Ingresa el codigo del nuevo registro 
2023-01-04 12:08:09,989 - root - INFO -  Ingresa el codigo alternativo del nuevo registro 
2023-01-04 12:08:10,536 - root - INFO -  Ingresa la descripción del nuevo registro 
2023-01-04 12:08:10,620 - root - INFO -  Se da clic en el boton Guardar; No se debe crear un nuevo registro.
2023-01-04 12:08:11,624 - root - INFO -  Captura: C:\xampp\htdocs\versiones\automatizaciones\AutoPWST\01TPU\report\img  screen：20230104_12_08_11.png
2023-01-04 12:08:17,543 - root - INFO -  Se presiona el boton 'Cerrar', para cerrar el mensaje de duplicidad de llave primaria
2023-01-04 12:08:18,554 - root - INFO -  Captura: C:\xampp\htdocs\versiones\automatizaciones\AutoPWST\01TPU\report\img  screen：20230104_12_08_18.png
2023-01-04 12:08:18,994 - root - INFO -  Se presiona el boton 'Cerrar', para cerrar el mensaje de duplicidad de llave primaria
2023-01-04 12:08:19,127 - root - INFO -  Se presiona el boton 'Cerrar', para cerrar la ventana
2023-01-04 12:08:19,317 - root - INFO -  Se presiona el boton 'Refrescar', para proceder a modificar el registro.
2023-01-04 12:08:21,085 - root - INFO -  Se da clic en el registro creado, para proceder a modificarlo.
2023-01-04 12:08:21,928 - root - INFO -  Se modifica el contenido del campo Codigo Alternativo
2023-01-04 12:08:22,511 - root - INFO -  Se modifica el contenido del campo Descripcion
2023-01-04 12:08:23,515 - root - INFO -  Captura: C:\xampp\htdocs\versiones\automatizaciones\AutoPWST\01TPU\report\img  screen：20230104_12_08_23.png
2023-01-04 12:08:23,957 - root - INFO -  Se da clic en el boton Guardar; se debe modificar la informacion del registro.
2023-01-04 12:08:24,304 - root - INFO -  Se presiona el boton 'Refrescar', para proceder a eliminar el registro.
2023-01-04 12:08:26,031 - root - INFO -  Se da clic en el registro creado, para proceder a eliminarlo.
2023-01-04 12:08:26,230 - root - INFO -  Se presiona el boton 'Eliminar', para eliminar el registro.
2023-01-04 12:08:27,234 - root - INFO -  Captura: C:\xampp\htdocs\versiones\automatizaciones\AutoPWST\01TPU\report\img  screen：20230104_12_08_27.png
2023-01-04 12:08:27,597 - root - INFO -  Se confirma el eliminado del registro
2023-01-04 12:08:28,028 - root - INFO -  Se presiona el boton 'Refrescar', para verificar que el registro se elimino.
2023-01-04 12:08:28,289 - root - INFO -  Se presiona el boton 'Cerrar', para cerrar la pantalla de Tipos PopUp.
2023-01-04 12:08:32,835 - root - INFO -  Se cierra chrome
