2023-01-17 10:34:35,294 - root - INFO - Se carga el driver
2023-01-17 10:34:41,525 - root - INFO - Se instalo la aplicacion.
2023-01-17 10:34:44,532 - root - INFO -  Captura: C:\Ventas_nue\report\img  screen：20230117_10_34_44.png
2023-01-17 10:36:14,340 - root - ERROR - No se pudo cargar el dispositivo, revise si el xpath sigue siendo el mismo, para mas detalles del error consulte el reporte
2023-01-17 10:36:14,341 - root - INFO -  Captura: C:\Ventas_nue\report\img  screen：20230117_10_36_14.png
2023-01-17 10:36:14,386 - root - ERROR - No se pudo seleccionar al cliente, revise si el xpath sigue siendo el mismo, para mas detalles del error consulte el reporte
2023-01-17 10:36:14,388 - root - INFO -  Captura: C:\Ventas_nue\report\img  screen：20230117_10_36_14.png
2023-01-17 10:37:26,406 - root - INFO - Se carga el driver
2023-01-17 10:37:32,715 - root - INFO - Se instalo la aplicacion.
2023-01-17 10:37:35,719 - root - INFO -  Captura: C:\Ventas_nue\report\img  screen：20230117_10_37_35.png
2023-01-17 10:39:03,760 - root - ERROR - No se pudo cargar el dispositivo, revise si el xpath sigue siendo el mismo, para mas detalles del error consulte el reporte
2023-01-17 10:39:03,761 - root - INFO -  Captura: C:\Ventas_nue\report\img  screen：20230117_10_39_03.png
2023-01-17 10:39:03,814 - root - ERROR - No se pudo seleccionar al cliente, revise si el xpath sigue siendo el mismo, para mas detalles del error consulte el reporte
2023-01-17 10:39:03,816 - root - INFO -  Captura: C:\Ventas_nue\report\img  screen：20230117_10_39_03.png
2023-01-17 10:39:34,221 - root - INFO - Se carga el driver
2023-01-17 10:39:40,951 - root - INFO - Se instalo la aplicacion.
2023-01-17 10:39:43,960 - root - INFO -  Captura: C:\Ventas_nue\report\img  screen：20230117_10_39_43.png
2023-01-17 10:40:04,266 - root - ERROR - No se pudo cargar el dispositivo, revise si el xpath sigue siendo el mismo, para mas detalles del error consulte el reporte
2023-01-17 10:40:04,269 - root - INFO -  Captura: C:\Ventas_nue\report\img  screen：20230117_10_40_04.png
2023-01-17 10:40:04,412 - root - ERROR - No se pudo seleccionar al cliente, revise si el xpath sigue siendo el mismo, para mas detalles del error consulte el reporte
2023-01-17 10:40:04,414 - root - INFO -  Captura: C:\Ventas_nue\report\img  screen：20230117_10_40_04.png
2023-01-17 10:53:53,198 - root - INFO - Se carga el driver
2023-01-17 10:53:59,386 - root - INFO - Se instalo la aplicacion.
2023-01-17 10:54:02,394 - root - INFO -  Captura: C:\Ventas_nue\report\img  screen：20230117_10_54_02.png
2023-01-17 10:55:35,381 - root - INFO - Se cargo el dispositivo.
2023-01-17 10:55:35,381 - root - INFO -  Captura: C:\Ventas_nue\report\img  screen：20230117_10_55_35.png
2023-01-17 10:55:44,906 - root - INFO - Se inicio la aplicacion.
2023-01-17 10:55:44,907 - root - INFO -  Captura: C:\Ventas_nue\report\img  screen：20230117_10_55_44.png
2023-01-17 10:56:19,162 - root - INFO - Se realizo la venta
2023-01-17 10:56:19,163 - root - INFO -  Captura: C:\Ventas_nue\report\img  screen：20230117_10_56_19.png
2023-01-17 10:57:04,540 - root - INFO - Se realizo la venta
2023-01-17 10:57:04,543 - root - INFO -  Captura: C:\Ventas_nue\report\img  screen：20230117_10_57_04.png
