2023-03-09 12:09:03,136 - root - INFO - Se carga el driver
2023-03-09 12:09:09,434 - root - INFO - Se instalo la aplicacion.
2023-03-09 12:09:12,437 - root - INFO -  Captura: C:\xampp\htdocs\versiones\automatizaciones\AutoPWST\Ventas_nue\report\img  screen：20230309_12_09_12.png
2023-03-09 12:11:28,907 - root - INFO - Se carga el driver
2023-03-09 12:11:34,886 - root - INFO - Se instalo la aplicacion.
2023-03-09 12:11:37,888 - root - INFO -  Captura: C:\xampp\htdocs\versiones\automatizaciones\AutoPWST\Ventas_nue\report\img  screen：20230309_12_11_37.png
2023-03-09 12:12:18,497 - root - INFO - Se cargo el dispositivo.
2023-03-09 12:12:18,508 - root - INFO -  Captura: C:\xampp\htdocs\versiones\automatizaciones\AutoPWST\Ventas_nue\report\img  screen：20230309_12_12_18.png
2023-03-09 12:12:20,693 - root - INFO - Se inicio la aplicacion.
2023-03-09 12:12:20,696 - root - INFO -  Captura: C:\xampp\htdocs\versiones\automatizaciones\AutoPWST\Ventas_nue\report\img  screen：20230309_12_12_20.png
2023-03-09 12:12:49,559 - root - INFO - Se realizo la venta
2023-03-09 12:12:49,560 - root - INFO -  Captura: C:\xampp\htdocs\versiones\automatizaciones\AutoPWST\Ventas_nue\report\img  screen：20230309_12_12_49.png
2023-03-09 12:13:32,967 - root - INFO - Se realizo la venta
2023-03-09 12:13:32,967 - root - INFO -  Captura: C:\xampp\htdocs\versiones\automatizaciones\AutoPWST\Ventas_nue\report\img  screen：20230309_12_13_32.png
2023-03-09 12:14:15,962 - root - INFO - Se realizo la venta
2023-03-09 12:14:15,963 - root - INFO -  Captura: C:\xampp\htdocs\versiones\automatizaciones\AutoPWST\Ventas_nue\report\img  screen：20230309_12_14_15.png
2023-03-09 12:14:59,664 - root - INFO - Se realizo la venta
2023-03-09 12:14:59,665 - root - INFO -  Captura: C:\xampp\htdocs\versiones\automatizaciones\AutoPWST\Ventas_nue\report\img  screen：20230309_12_14_59.png
2023-03-09 12:15:42,169 - root - INFO - Se realizo la venta
2023-03-09 12:15:42,169 - root - INFO -  Captura: C:\xampp\htdocs\versiones\automatizaciones\AutoPWST\Ventas_nue\report\img  screen：20230309_12_15_42.png
2023-03-09 12:16:25,590 - root - INFO - Se realizo la venta
2023-03-09 12:16:25,592 - root - INFO -  Captura: C:\xampp\htdocs\versiones\automatizaciones\AutoPWST\Ventas_nue\report\img  screen：20230309_12_16_25.png
2023-03-09 12:17:13,000 - root - INFO - Se realizo la venta
2023-03-09 12:17:13,001 - root - INFO -  Captura: C:\xampp\htdocs\versiones\automatizaciones\AutoPWST\Ventas_nue\report\img  screen：20230309_12_17_13.png
2023-03-09 12:17:55,103 - root - INFO - Se realizo la venta
2023-03-09 12:17:55,103 - root - INFO -  Captura: C:\xampp\htdocs\versiones\automatizaciones\AutoPWST\Ventas_nue\report\img  screen：20230309_12_17_55.png
2023-03-09 12:18:38,313 - root - INFO - Se realizo la venta
2023-03-09 12:18:38,313 - root - INFO -  Captura: C:\xampp\htdocs\versiones\automatizaciones\AutoPWST\Ventas_nue\report\img  screen：20230309_12_18_38.png
2023-03-09 12:19:20,909 - root - INFO - Se realizo la venta
2023-03-09 12:19:20,911 - root - INFO -  Captura: C:\xampp\htdocs\versiones\automatizaciones\AutoPWST\Ventas_nue\report\img  screen：20230309_12_19_20.png
2023-03-09 12:20:04,482 - root - INFO - Se realizo la venta
2023-03-09 12:20:04,483 - root - INFO -  Captura: C:\xampp\htdocs\versiones\automatizaciones\AutoPWST\Ventas_nue\report\img  screen：20230309_12_20_04.png
2023-03-09 12:20:48,123 - root - INFO - Se realizo la venta
2023-03-09 12:20:48,135 - root - INFO -  Captura: C:\xampp\htdocs\versiones\automatizaciones\AutoPWST\Ventas_nue\report\img  screen：20230309_12_20_48.png
2023-03-09 12:21:31,520 - root - INFO - Se realizo la venta
2023-03-09 12:21:31,522 - root - INFO -  Captura: C:\xampp\htdocs\versiones\automatizaciones\AutoPWST\Ventas_nue\report\img  screen：20230309_12_21_31.png
2023-03-09 12:22:13,901 - root - INFO - Se realizo la venta
2023-03-09 12:22:13,901 - root - INFO -  Captura: C:\xampp\htdocs\versiones\automatizaciones\AutoPWST\Ventas_nue\report\img  screen：20230309_12_22_13.png
2023-03-09 12:22:56,313 - root - INFO - Se realizo la venta
2023-03-09 12:22:56,314 - root - INFO -  Captura: C:\xampp\htdocs\versiones\automatizaciones\AutoPWST\Ventas_nue\report\img  screen：20230309_12_22_56.png
2023-03-09 12:23:37,971 - root - INFO - Se realizo la venta
2023-03-09 12:23:37,972 - root - INFO -  Captura: C:\xampp\htdocs\versiones\automatizaciones\AutoPWST\Ventas_nue\report\img  screen：20230309_12_23_37.png
2023-03-09 12:24:20,131 - root - INFO - Se realizo la venta
2023-03-09 12:24:20,146 - root - INFO -  Captura: C:\xampp\htdocs\versiones\automatizaciones\AutoPWST\Ventas_nue\report\img  screen：20230309_12_24_20.png
2023-03-09 12:25:01,454 - root - INFO - Se realizo la venta
2023-03-09 12:25:01,454 - root - INFO -  Captura: C:\xampp\htdocs\versiones\automatizaciones\AutoPWST\Ventas_nue\report\img  screen：20230309_12_25_01.png
2023-03-09 12:25:45,845 - root - INFO - Se realizo la venta
2023-03-09 12:25:45,846 - root - INFO -  Captura: C:\xampp\htdocs\versiones\automatizaciones\AutoPWST\Ventas_nue\report\img  screen：20230309_12_25_45.png
2023-03-09 12:26:27,931 - root - INFO - Se realizo la venta
2023-03-09 12:26:27,932 - root - INFO -  Captura: C:\xampp\htdocs\versiones\automatizaciones\AutoPWST\Ventas_nue\report\img  screen：20230309_12_26_27.png
2023-03-09 12:33:08,995 - root - INFO - Se carga el driver
2023-03-09 12:33:15,652 - root - INFO - Se instalo la aplicacion.
2023-03-09 12:33:18,652 - root - INFO -  Captura: C:\xampp\htdocs\versiones\automatizaciones\AutoPWST\Ventas_nue\report\img  screen：20230309_12_33_18.png
2023-03-09 12:33:46,841 - root - INFO - Se cargo el dispositivo.
2023-03-09 12:33:46,841 - root - INFO -  Captura: C:\xampp\htdocs\versiones\automatizaciones\AutoPWST\Ventas_nue\report\img  screen：20230309_12_33_46.png
2023-03-09 12:34:39,478 - root - INFO - Se carga el driver
2023-03-09 12:34:46,661 - root - INFO - Se instalo la aplicacion.
2023-03-09 12:34:49,664 - root - INFO -  Captura: C:\xampp\htdocs\versiones\automatizaciones\AutoPWST\Ventas_nue\report\img  screen：20230309_12_34_49.png
2023-03-09 12:35:54,076 - root - INFO - Se cargo el dispositivo.
2023-03-09 12:35:54,089 - root - INFO -  Captura: C:\xampp\htdocs\versiones\automatizaciones\AutoPWST\Ventas_nue\report\img  screen：20230309_12_35_54.png
2023-03-09 12:35:59,185 - root - INFO - Se inicio la aplicacion.
2023-03-09 12:35:59,186 - root - INFO -  Captura: C:\xampp\htdocs\versiones\automatizaciones\AutoPWST\Ventas_nue\report\img  screen：20230309_12_35_59.png
2023-03-09 12:36:28,968 - root - INFO - Se realizo la venta
2023-03-09 12:36:28,969 - root - INFO -  Captura: C:\xampp\htdocs\versiones\automatizaciones\AutoPWST\Ventas_nue\report\img  screen：20230309_12_36_28.png
2023-03-09 12:37:14,370 - root - INFO - Se realizo la venta
2023-03-09 12:37:14,375 - root - INFO -  Captura: C:\xampp\htdocs\versiones\automatizaciones\AutoPWST\Ventas_nue\report\img  screen：20230309_12_37_14.png
2023-03-09 12:37:57,004 - root - INFO - Se realizo la venta
2023-03-09 12:37:57,005 - root - INFO -  Captura: C:\xampp\htdocs\versiones\automatizaciones\AutoPWST\Ventas_nue\report\img  screen：20230309_12_37_57.png
2023-03-09 12:38:39,077 - root - INFO - Se realizo la venta
2023-03-09 12:38:39,083 - root - INFO -  Captura: C:\xampp\htdocs\versiones\automatizaciones\AutoPWST\Ventas_nue\report\img  screen：20230309_12_38_39.png
2023-03-09 12:39:21,287 - root - INFO - Se realizo la venta
2023-03-09 12:39:21,288 - root - INFO -  Captura: C:\xampp\htdocs\versiones\automatizaciones\AutoPWST\Ventas_nue\report\img  screen：20230309_12_39_21.png
2023-03-09 12:40:04,143 - root - INFO - Se realizo la venta
2023-03-09 12:40:04,144 - root - INFO -  Captura: C:\xampp\htdocs\versiones\automatizaciones\AutoPWST\Ventas_nue\report\img  screen：20230309_12_40_04.png
2023-03-09 12:41:01,515 - root - INFO - Se realizo la venta
2023-03-09 12:41:01,515 - root - INFO -  Captura: C:\xampp\htdocs\versiones\automatizaciones\AutoPWST\Ventas_nue\report\img  screen：20230309_12_41_01.png
2023-03-09 12:41:44,181 - root - INFO - Se realizo la venta
2023-03-09 12:41:44,192 - root - INFO -  Captura: C:\xampp\htdocs\versiones\automatizaciones\AutoPWST\Ventas_nue\report\img  screen：20230309_12_41_44.png
2023-03-09 12:42:27,823 - root - INFO - Se realizo la venta
2023-03-09 12:42:27,835 - root - INFO -  Captura: C:\xampp\htdocs\versiones\automatizaciones\AutoPWST\Ventas_nue\report\img  screen：20230309_12_42_27.png
2023-03-09 12:43:11,479 - root - INFO - Se realizo la venta
2023-03-09 12:43:11,480 - root - INFO -  Captura: C:\xampp\htdocs\versiones\automatizaciones\AutoPWST\Ventas_nue\report\img  screen：20230309_12_43_11.png
2023-03-09 12:43:56,032 - root - INFO - Se realizo la venta
2023-03-09 12:43:56,033 - root - INFO -  Captura: C:\xampp\htdocs\versiones\automatizaciones\AutoPWST\Ventas_nue\report\img  screen：20230309_12_43_56.png
2023-03-09 12:44:39,197 - root - INFO - Se realizo la venta
2023-03-09 12:44:39,198 - root - INFO -  Captura: C:\xampp\htdocs\versiones\automatizaciones\AutoPWST\Ventas_nue\report\img  screen：20230309_12_44_39.png
2023-03-09 12:45:22,594 - root - INFO - Se realizo la venta
2023-03-09 12:45:22,595 - root - INFO -  Captura: C:\xampp\htdocs\versiones\automatizaciones\AutoPWST\Ventas_nue\report\img  screen：20230309_12_45_22.png
2023-03-09 12:46:05,470 - root - INFO - Se realizo la venta
2023-03-09 12:46:05,471 - root - INFO -  Captura: C:\xampp\htdocs\versiones\automatizaciones\AutoPWST\Ventas_nue\report\img  screen：20230309_12_46_05.png
2023-03-09 12:46:46,931 - root - INFO - Se realizo la venta
2023-03-09 12:46:46,932 - root - INFO -  Captura: C:\xampp\htdocs\versiones\automatizaciones\AutoPWST\Ventas_nue\report\img  screen：20230309_12_46_46.png
2023-03-09 12:47:28,893 - root - INFO - Se realizo la venta
2023-03-09 12:47:28,894 - root - INFO -  Captura: C:\xampp\htdocs\versiones\automatizaciones\AutoPWST\Ventas_nue\report\img  screen：20230309_12_47_28.png
2023-03-09 12:48:11,287 - root - INFO - Se realizo la venta
2023-03-09 12:48:11,289 - root - INFO -  Captura: C:\xampp\htdocs\versiones\automatizaciones\AutoPWST\Ventas_nue\report\img  screen：20230309_12_48_11.png
2023-03-09 12:48:52,534 - root - INFO - Se realizo la venta
2023-03-09 12:48:52,534 - root - INFO -  Captura: C:\xampp\htdocs\versiones\automatizaciones\AutoPWST\Ventas_nue\report\img  screen：20230309_12_48_52.png
2023-03-09 12:49:33,958 - root - INFO - Se realizo la venta
2023-03-09 12:49:33,959 - root - INFO -  Captura: C:\xampp\htdocs\versiones\automatizaciones\AutoPWST\Ventas_nue\report\img  screen：20230309_12_49_33.png
2023-03-09 12:50:16,000 - root - INFO - Se realizo la venta
2023-03-09 12:50:16,001 - root - INFO -  Captura: C:\xampp\htdocs\versiones\automatizaciones\AutoPWST\Ventas_nue\report\img  screen：20230309_12_50_16.png
2023-03-09 12:51:40,386 - root - INFO - Se carga el driver
2023-03-09 12:51:46,452 - root - INFO - Se instalo la aplicacion.
2023-03-09 12:51:49,454 - root - INFO -  Captura: C:\xampp\htdocs\versiones\automatizaciones\AutoPWST\Ventas_nue\report\img  screen：20230309_12_51_49.png
2023-03-09 12:52:33,488 - root - INFO - Se cargo el dispositivo.
2023-03-09 12:52:33,489 - root - INFO -  Captura: C:\xampp\htdocs\versiones\automatizaciones\AutoPWST\Ventas_nue\report\img  screen：20230309_12_52_33.png
2023-03-09 12:52:38,367 - root - INFO - Se inicio la aplicacion.
2023-03-09 12:52:38,368 - root - INFO -  Captura: C:\xampp\htdocs\versiones\automatizaciones\AutoPWST\Ventas_nue\report\img  screen：20230309_12_52_38.png
