2022-05-09 14:05:00,904 - root - INFO -  Se abre el chrome
2022-05-09 14:05:03,829 - root - INFO -  Entra a la URL
2022-05-09 14:05:03,960 - root - INFO -  Maximiza la pantalla
2022-05-09 14:05:07,070 - root - INFO -  Cambia al frame
2022-05-09 14:05:10,256 - root - INFO -  Escribe el usuario
2022-05-09 14:05:10,436 - root - INFO -  Escribe la contraseña
2022-05-09 14:05:10,709 - root - INFO -  Se dio clic en el boton ingresar
2022-05-09 14:05:13,887 - root - INFO -  Ejecutar Enterprise
2022-05-09 14:05:18,004 - root - INFO -  Cambia entre pestañas
2022-05-09 14:05:34,386 - root - INFO -  Abre el menu completo
2022-05-09 14:05:47,592 - root - INFO -  Abre la pantalla de categorias fiscales
2022-05-09 14:05:47,667 - root - INFO - La pantalla ejecutada es Categorías Fiscales.
2022-05-09 14:05:47,783 - root - INFO - Se presiona el boton 'Nuevo', para crear un nuevo registro.
2022-05-09 14:05:48,383 - root - INFO - Se abrio la pantalla para el ingreso de un registro nuevo.
2022-05-09 14:05:48,463 - root - INFO - El campo 'Codigo' si se encuentra visible.
2022-05-09 14:05:48,533 - root - INFO - El campo 'Codigo Alternativo' si se encuentra visible.
2022-05-09 14:05:48,597 - root - INFO - El campo 'Descrición' si se encuentra visible.
2022-05-09 14:05:48,740 - root - INFO -  Ingresa el codigo del nuevo registro 
2022-05-09 14:05:48,810 - root - INFO -  Ingresa el codigo alternativo del nuevo registro 
2022-05-09 14:05:49,062 - root - INFO -  Ingresa la descripcion del nuevo registro 
2022-05-09 14:49:35,449 - root - INFO -  Se abre el chrome
2022-05-09 14:49:37,982 - root - INFO -  Entra a la URL
2022-05-09 14:49:38,112 - root - INFO -  Maximiza la pantalla
2022-05-09 14:49:41,151 - root - INFO -  Cambia al frame
2022-05-09 14:49:44,214 - root - INFO -  Escribe el usuario
2022-05-09 14:49:44,291 - root - INFO -  Escribe la contraseña
2022-05-09 14:49:44,389 - root - INFO -  Se dio clic en el boton ingresar
2022-05-09 14:49:46,902 - root - INFO -  Ejecutar Enterprise
2022-05-09 14:49:50,955 - root - INFO -  Cambia entre pestañas
2022-05-09 14:50:00,630 - root - INFO -  Abre el menu completo
2022-05-09 14:50:13,809 - root - INFO -  Abre la pantalla de categorias fiscales
2022-05-09 14:50:13,857 - root - INFO - La pantalla ejecutada es Categorías Fiscales.
2022-05-09 14:50:13,940 - root - INFO - Se presiona el boton 'Nuevo', para crear un nuevo registro.
2022-05-09 14:50:14,505 - root - INFO - Se abrio la pantalla para el ingreso de un registro nuevo.
2022-05-09 14:50:14,552 - root - INFO - El campo 'Codigo' si se encuentra visible.
2022-05-09 14:50:14,593 - root - INFO - El campo 'Codigo Alternativo' si se encuentra visible.
2022-05-09 14:50:14,641 - root - INFO - El campo 'Descrición' si se encuentra visible.
2022-05-09 14:50:14,721 - root - INFO -  Ingresa el codigo del nuevo registro 
2022-05-09 14:50:14,764 - root - INFO -  Ingresa el codigo alternativo del nuevo registro 
2022-05-09 14:50:14,885 - root - INFO -  Ingresa la descripción del nuevo registro 
2022-05-09 14:51:36,798 - root - INFO -  Se abre el chrome
2022-05-09 14:51:39,270 - root - INFO -  Entra a la URL
2022-05-09 14:51:39,390 - root - INFO -  Maximiza la pantalla
2022-05-09 14:51:42,432 - root - INFO -  Cambia al frame
2022-05-09 14:51:45,507 - root - INFO -  Escribe el usuario
2022-05-09 14:51:45,575 - root - INFO -  Escribe la contraseña
2022-05-09 14:51:45,675 - root - INFO -  Se dio clic en el boton ingresar
2022-05-09 14:51:48,145 - root - INFO -  Ejecutar Enterprise
2022-05-09 14:51:52,190 - root - INFO -  Cambia entre pestañas
2022-05-09 14:52:02,163 - root - INFO -  Abre el menu completo
2022-05-09 14:52:15,329 - root - INFO -  Abre la pantalla de categorias fiscales
2022-05-09 14:52:15,376 - root - INFO - La pantalla ejecutada es Categorías Fiscales.
2022-05-09 14:52:15,442 - root - INFO - Se presiona el boton 'Nuevo', para crear un nuevo registro.
2022-05-09 14:52:16,015 - root - INFO - Se abrio la pantalla para el ingreso de un registro nuevo.
2022-05-09 14:52:16,059 - root - INFO - El campo 'Codigo' si se encuentra visible.
2022-05-09 14:52:19,117 - root - INFO - El campo 'Codigo Alternativo' si se encuentra visible.
2022-05-09 14:52:22,166 - root - INFO - El campo 'Descrición' si se encuentra visible.
2022-05-09 14:52:25,266 - root - INFO -  Ingresa el codigo del nuevo registro 
2022-05-09 14:52:25,301 - root - INFO -  Ingresa el codigo alternativo del nuevo registro 
2022-05-09 14:52:25,409 - root - INFO -  Ingresa la descripción del nuevo registro 
2022-05-09 14:54:17,618 - root - INFO -  Se abre el chrome
2022-05-09 14:54:22,251 - root - INFO -  Entra a la URL
2022-05-09 14:54:22,368 - root - INFO -  Maximiza la pantalla
2022-05-09 14:54:25,423 - root - INFO -  Cambia al frame
2022-05-09 14:54:28,501 - root - INFO -  Escribe el usuario
2022-05-09 14:54:28,570 - root - INFO -  Escribe la contraseña
2022-05-09 14:54:28,668 - root - INFO -  Se dio clic en el boton ingresar
2022-05-09 14:54:31,104 - root - INFO -  Ejecutar Enterprise
2022-05-09 14:54:35,161 - root - INFO -  Cambia entre pestañas
2022-05-09 14:54:45,182 - root - INFO -  Abre el menu completo
2022-05-09 14:54:52,778 - root - ERROR - No se pudo encontrar el menu indicado, revise si el xpath sigue siendo el mismo, para mas detalles del error consulte el reporte
2022-05-09 14:54:52,780 - root - INFO -  Captura: C:\Users\banda\Desktop\01CF\report\img  screen：20220509_14_54_52.png
2022-05-09 14:54:58,769 - root - ERROR - La pantalla ejecutada no es correcta, revise si el xpath sigue siendo el mismo, para mas detalles del error consulte el reporte
2022-05-09 14:54:58,771 - root - INFO -  Captura: C:\Users\banda\Desktop\01CF\report\img  screen：20220509_14_54_58.png
2022-05-09 14:55:01,642 - root - ERROR - La pantalla ejecutada no es correcta, revise si el xpath sigue siendo el mismo, para mas detalles del error consulte el reporte
2022-05-09 14:55:01,643 - root - INFO -  Captura: C:\Users\banda\Desktop\01CF\report\img  screen：20220509_14_55_01.png
2022-05-09 14:55:10,551 - root - INFO -  Se abre el chrome
2022-05-09 14:55:13,083 - root - INFO -  Entra a la URL
2022-05-09 14:55:13,305 - root - INFO -  Maximiza la pantalla
2022-05-09 14:55:16,353 - root - INFO -  Cambia al frame
2022-05-09 14:55:19,461 - root - INFO -  Escribe el usuario
2022-05-09 14:55:19,542 - root - INFO -  Escribe la contraseña
2022-05-09 14:55:19,644 - root - INFO -  Se dio clic en el boton ingresar
2022-05-09 14:55:22,083 - root - INFO -  Ejecutar Enterprise
2022-05-09 14:55:26,135 - root - INFO -  Cambia entre pestañas
2022-05-09 14:55:36,050 - root - INFO -  Abre el menu completo
2022-05-09 14:55:49,192 - root - INFO -  Abre la pantalla de categorias fiscales
2022-05-09 14:55:49,235 - root - INFO - La pantalla ejecutada es Categorías Fiscales.
2022-05-09 14:55:49,312 - root - INFO - Se presiona el boton 'Nuevo', para crear un nuevo registro.
2022-05-09 14:55:49,880 - root - INFO - Se abrio la pantalla para el ingreso de un registro nuevo.
2022-05-09 14:55:49,923 - root - INFO - El campo 'Codigo' si se encuentra visible.
2022-05-09 14:55:49,952 - root - INFO - El campo 'Codigo Alternativo' si se encuentra visible.
2022-05-09 14:55:49,993 - root - INFO - El campo 'Descrición' si se encuentra visible.
2022-05-09 14:55:50,075 - root - INFO -  Ingresa el codigo del nuevo registro 
2022-05-09 14:55:53,143 - root - INFO -  Ingresa el codigo alternativo del nuevo registro 
2022-05-09 14:55:56,298 - root - INFO -  Ingresa la descripción del nuevo registro 
2022-05-09 14:57:11,574 - root - INFO -  Se abre el chrome
2022-05-09 14:57:14,124 - root - INFO -  Entra a la URL
2022-05-09 14:57:14,241 - root - INFO -  Maximiza la pantalla
2022-05-09 14:57:17,289 - root - INFO -  Cambia al frame
2022-05-09 14:57:20,418 - root - INFO -  Escribe el usuario
2022-05-09 14:57:20,507 - root - INFO -  Escribe la contraseña
2022-05-09 14:57:20,639 - root - INFO -  Se dio clic en el boton ingresar
2022-05-09 14:57:23,112 - root - INFO -  Ejecutar Enterprise
2022-05-09 14:57:27,158 - root - INFO -  Cambia entre pestañas
2022-05-09 14:57:37,095 - root - INFO -  Abre el menu completo
2022-05-09 14:57:50,247 - root - INFO -  Abre la pantalla de categorias fiscales
2022-05-09 14:57:50,293 - root - INFO - La pantalla ejecutada es Categorías Fiscales.
2022-05-09 14:57:50,360 - root - INFO - Se presiona el boton 'Nuevo', para crear un nuevo registro.
2022-05-09 14:57:50,922 - root - INFO - Se abrio la pantalla para el ingreso de un registro nuevo.
2022-05-09 14:57:50,961 - root - INFO - El campo 'Codigo' si se encuentra visible.
2022-05-09 14:57:51,008 - root - INFO - El campo 'Codigo Alternativo' si se encuentra visible.
2022-05-09 14:57:51,055 - root - INFO - El campo 'Descrición' si se encuentra visible.
2022-05-09 14:57:53,152 - root - INFO -  Ingresa el codigo del nuevo registro 
2022-05-09 14:57:56,209 - root - INFO -  Ingresa el codigo alternativo del nuevo registro 
2022-05-09 14:57:59,355 - root - INFO -  Ingresa la descripción del nuevo registro 
2022-05-09 14:59:20,991 - root - INFO -  Se abre el chrome
2022-05-09 14:59:23,539 - root - INFO -  Entra a la URL
2022-05-09 14:59:23,670 - root - INFO -  Maximiza la pantalla
2022-05-09 14:59:26,718 - root - INFO -  Cambia al frame
2022-05-09 14:59:29,797 - root - INFO -  Escribe el usuario
2022-05-09 14:59:29,873 - root - INFO -  Escribe la contraseña
2022-05-09 14:59:29,979 - root - INFO -  Se dio clic en el boton ingresar
2022-05-09 14:59:32,425 - root - INFO -  Ejecutar Enterprise
2022-05-09 14:59:36,484 - root - INFO -  Cambia entre pestañas
2022-05-09 14:59:47,926 - root - INFO -  Abre el menu completo
