2022-12-06 15:14:17,610 - root - INFO -  Se abre el chrome
2022-12-06 15:14:20,254 - root - INFO -  Entra a la URL
2022-12-06 15:14:20,372 - root - INFO -  Maximiza la pantalla
2022-12-06 15:14:23,464 - root - INFO -  Escribe el usuario
2022-12-06 15:14:23,538 - root - INFO -  Escribe la contraseña
2022-12-06 15:14:23,610 - root - INFO -  Se dio clic en el boton ingresar
2022-12-06 15:14:26,006 - root - INFO -  Ejecutar Enterprise
2022-12-06 15:14:30,040 - root - INFO -  Cambia entre pestañas
2022-12-06 15:15:07,205 - root - ERROR - No se encontró el botón para cerrar la sesión, revise si el xpath sigue siendo el mismo, para mas detalles del error consulte el reporte
2022-12-06 15:15:07,217 - root - INFO -  Captura: C:\xampp\htdocs\versiones\automatizaciones\AutoPWST\01CF\report\img  screen：20221206_15_15_07.png
2022-12-06 15:15:09,785 - root - INFO -  Se cierra chrome
2022-12-06 15:19:40,091 - root - INFO -  Se abre el chrome
2022-12-06 15:19:42,985 - root - INFO -  Entra a la URL
2022-12-06 15:19:43,144 - root - INFO -  Maximiza la pantalla
2022-12-06 15:19:46,286 - root - INFO -  Escribe el usuario
2022-12-06 15:19:46,389 - root - INFO -  Escribe la contraseña
2022-12-06 15:19:46,485 - root - INFO -  Se dio clic en el boton ingresar
2022-12-06 15:19:51,446 - root - INFO -  Ejecutar Enterprise
2022-12-06 15:19:55,497 - root - INFO -  Cambia entre pestañas
2022-12-06 15:20:14,491 - root - ERROR - No se encontró el botón para cerrar la sesión, revise si el xpath sigue siendo el mismo, para mas detalles del error consulte el reporte
2022-12-06 15:20:14,493 - root - INFO -  Captura: C:\xampp\htdocs\versiones\automatizaciones\AutoPWST\01CF\report\img  screen：20221206_15_20_14.png
2022-12-06 15:20:16,986 - root - INFO -  Se cierra chrome
2022-12-06 15:40:36,605 - root - INFO -  Se abre el chrome
2022-12-06 15:40:39,607 - root - INFO -  Entra a la URL
2022-12-06 15:40:39,723 - root - INFO -  Maximiza la pantalla
2022-12-06 15:40:42,806 - root - INFO -  Escribe el usuario
2022-12-06 15:40:42,878 - root - INFO -  Escribe la contraseña
2022-12-06 15:40:42,935 - root - INFO -  Se dio clic en el boton ingresar
2022-12-06 15:40:45,677 - root - INFO -  Ejecutar Enterprise
2022-12-06 15:40:49,722 - root - INFO -  Cambia entre pestañas
2022-12-06 15:40:55,497 - root - INFO -  Se presiona el boton 'Cerrar Error', para crear un nuevo registro igual al anterior.
2022-12-06 15:40:55,501 - root - ERROR - No se encontró el registro, validar que la acción anterior haya finalizado,que el xpath sea el correcto o que la página no presente lentitud
2022-12-06 15:40:55,501 - root - INFO -  Captura: C:\xampp\htdocs\versiones\automatizaciones\AutoPWST\01CF\report\img  screen：20221206_15_40_55.png
2022-12-06 15:41:11,448 - root - INFO -  Se abre el chrome
2022-12-06 15:41:12,879 - root - INFO -  Entra a la URL
2022-12-06 15:41:12,999 - root - INFO -  Maximiza la pantalla
2022-12-06 15:41:16,079 - root - INFO -  Escribe el usuario
2022-12-06 15:41:16,161 - root - INFO -  Escribe la contraseña
2022-12-06 15:41:16,216 - root - INFO -  Se dio clic en el boton ingresar
2022-12-06 15:41:20,198 - root - INFO -  Ejecutar Enterprise
2022-12-06 15:41:24,245 - root - INFO -  Cambia entre pestañas
2022-12-06 15:41:44,789 - root - INFO -  Se presiona el boton 'Cerrar Error', para crear un nuevo registro igual al anterior.
2022-12-06 15:41:44,793 - root - ERROR - No se encontró el registro, validar que la acción anterior haya finalizado,que el xpath sea el correcto o que la página no presente lentitud
2022-12-06 15:41:44,793 - root - INFO -  Captura: C:\xampp\htdocs\versiones\automatizaciones\AutoPWST\01CF\report\img  screen：20221206_15_41_44.png
2022-12-06 15:42:05,877 - root - INFO -  Se cierra chrome
2022-12-06 15:42:15,534 - root - INFO -  Se abre el chrome
2022-12-06 15:42:17,718 - root - INFO -  Entra a la URL
2022-12-06 15:42:17,840 - root - INFO -  Maximiza la pantalla
2022-12-06 15:42:20,927 - root - INFO -  Escribe el usuario
2022-12-06 15:42:20,995 - root - INFO -  Escribe la contraseña
2022-12-06 15:42:21,055 - root - INFO -  Se dio clic en el boton ingresar
2022-12-06 15:42:24,960 - root - INFO -  Ejecutar Enterprise
2022-12-06 15:42:29,001 - root - INFO -  Cambia entre pestañas
2022-12-06 15:43:03,473 - root - INFO -  Se presiona el boton 'Cerrar Error', para crear un nuevo registro igual al anterior.
2022-12-06 15:43:03,479 - root - ERROR - No se encontró el registro, validar que la acción anterior haya finalizado,que el xpath sea el correcto o que la página no presente lentitud
2022-12-06 15:43:03,480 - root - INFO -  Captura: C:\xampp\htdocs\versiones\automatizaciones\AutoPWST\01CF\report\img  screen：20221206_15_43_03.png
2022-12-06 15:43:24,300 - root - INFO -  Se cierra chrome
