2022-10-17 10:57:04,076 - root - INFO -  Se abre el chrome
2022-10-17 10:57:05,301 - root - INFO -  Entra a la URL
2022-10-17 10:57:05,558 - root - INFO -  Maximiza la pantalla
2022-10-17 10:57:08,635 - root - INFO -  Cambia al frame
2022-10-17 10:57:11,746 - root - INFO -  Escribe el usuario
2022-10-17 10:57:11,883 - root - INFO -  Escribe la contraseña
2022-10-17 10:57:12,106 - root - INFO -  Se dio clic en el boton ingresar
2022-10-17 10:57:12,969 - root - INFO -  Ejecutar Enterprise
2022-10-17 10:57:17,094 - root - INFO -  Cambia entre pestañas
2022-10-17 10:57:38,654 - root - INFO -  Abre la pantalla de categorias fiscales
2022-10-17 10:57:38,655 - root - INFO -  Captura: C:\xampp\htdocs\Versiones\automatizaciones\AutoPWST\01CF\report\img  screen：20221017_10_57_38.png
2022-10-17 10:57:38,804 - root - INFO -  La pantalla ejecutada es Categorías Fiscales.
2022-10-17 10:57:38,872 - root - INFO -  Se presiona el boton 'Nuevo', para crear un nuevo registro.
2022-10-17 10:57:41,923 - root - INFO -  Se abrio la pantalla para el ingreso de un registro nuevo.
2022-10-17 10:57:41,966 - root - INFO -  El campo 'Codigo' si se encuentra visible.
2022-10-17 10:57:42,007 - root - INFO -  El campo 'Codigo Alternativo' si se encuentra visible.
2022-10-17 10:57:42,046 - root - INFO -  El campo 'Descrición' si se encuentra visible.
2022-10-17 10:57:44,128 - root - INFO -  Ingresa el codigo del nuevo registro 
2022-10-17 10:57:47,254 - root - INFO -  Ingresa el codigo alternativo del nuevo registro 
2022-10-17 10:57:50,615 - root - INFO -  Ingresa la descripción del nuevo registro 
2022-10-17 10:57:50,615 - root - INFO -  Captura: C:\xampp\htdocs\Versiones\automatizaciones\AutoPWST\01CF\report\img  screen：20221017_10_57_50.png
2022-10-17 10:57:53,833 - root - INFO -  Se da clic en el boton Guardar; se debe crear un nuevo registro.
2022-10-17 10:57:56,936 - root - INFO -  Se presiona el boton 'Refrescar', para crear un nuevo registro igual al anterior.
2022-10-17 10:57:57,073 - root - INFO -  Se presiona el boton 'Nuevo', para crear un nuevo registro igual al anterior.
2022-10-17 10:58:00,118 - root - INFO -  Se abrio la pantalla para el ingreso de un registro nuevo.
2022-10-17 10:58:00,152 - root - INFO -  El campo 'Codigo' si se encuentra visible.
2022-10-17 10:58:00,186 - root - INFO -  El campo 'Codigo Alternativo' si se encuentra visible.
2022-10-17 10:58:00,222 - root - INFO -  El campo 'Descripción' si se encuentra visible.
2022-10-17 10:58:02,305 - root - INFO -  Ingresa el codigo del nuevo registro igual al anterior
2022-10-17 10:58:05,422 - root - INFO -  Ingresa el codigo alternativo del nuevo registro igual al anterior
2022-10-17 10:58:08,701 - root - INFO -  Ingresa la descripción del nuevo registro igual al anterior
2022-10-17 10:58:11,777 - root - INFO -  Se da clic en el boton Guardar; NO se debe crear un nuevo registro.
2022-10-17 10:58:13,778 - root - INFO -  Captura: C:\xampp\htdocs\Versiones\automatizaciones\AutoPWST\01CF\report\img  screen：20221017_10_58_13.png
2022-10-17 10:58:14,065 - root - INFO -  Se presiona el boton 'Cerrar', para cerrar el mensaje de duplicidad de llave primaria
2022-10-17 10:58:16,150 - root - INFO -  Se presiona el boton 'Cerrar', para cerrar la ventana
2022-10-17 10:58:20,217 - root - INFO -  Se presiona el boton 'Refrescar', para crear un nuevo registro igual al anterior.
2022-10-17 10:58:27,810 - root - INFO -  Se da clic en el registro creado, para proceder a modificarlo.
2022-10-17 10:58:27,880 - root - INFO -  Se modifica el contenido del campo Código Alternativo
2022-10-17 10:58:31,207 - root - INFO -  Se modifica el contenido del campo Descripcion
2022-10-17 10:58:31,207 - root - INFO -  Captura: C:\xampp\htdocs\Versiones\automatizaciones\AutoPWST\01CF\report\img  screen：20221017_10_58_31.png
2022-10-17 10:58:34,409 - root - INFO -  Se da clic en el boton Guardar; se debe modificar la informacion del registro.
2022-10-17 10:58:37,486 - root - INFO -  Se presiona el boton 'Refrescar', para proceder a eliminar el registro.
2022-10-17 10:58:45,056 - root - INFO -  Se da clic en el registro creado, para proceder a modificarlo.
2022-10-17 10:58:45,136 - root - INFO -  Se presiona el boton 'Eliminar', para eliminar el registro.
2022-10-17 10:58:45,137 - root - INFO -  Captura: C:\xampp\htdocs\Versiones\automatizaciones\AutoPWST\01CF\report\img  screen：20221017_10_58_45.png
2022-10-17 10:58:47,382 - root - INFO -  Se confirma el eliminado del registro
2022-10-17 10:58:49,454 - root - INFO -  Se presiona el boton 'Refrescar', para crear un nuevo registro igual al anterior.
2022-10-17 10:58:51,532 - root - INFO -  Se presiona el boton 'Cerrar', para cerrar la pantalla de Categorias Fiscales.
2022-10-17 10:58:58,880 - root - INFO -  Se cierra chrome
