2022-05-11 15:01:48,977 - root - INFO -  Se abre el chrome
2022-05-11 15:01:53,927 - root - INFO -  Entra a la URL
2022-05-11 15:01:53,935 - root - INFO -  Maximiza la pantalla
2022-05-11 15:01:56,982 - root - INFO -  Cambia al frame
2022-05-11 15:02:00,060 - root - INFO -  Escribe el usuario
2022-05-11 15:02:00,137 - root - INFO -  Escribe la contraseña
2022-05-11 15:02:00,239 - root - INFO -  Se dio clic en el boton ingresar
2022-05-11 15:02:02,624 - root - INFO -  Ejecutar Enterprise
2022-05-11 15:02:06,674 - root - INFO -  Cambia entre pestañas
2022-05-11 15:02:15,004 - root - INFO -  Abre el menu completo
2022-05-11 15:02:28,173 - root - INFO -  Abre la pantalla de categorias fiscales
2022-05-11 15:02:28,214 - root - INFO - La pantalla ejecutada es Categorías Fiscales.
2022-05-11 15:02:28,280 - root - INFO - Se presiona el boton 'Nuevo', para crear un nuevo registro.
2022-05-11 15:02:28,844 - root - INFO - Se abrio la pantalla para el ingreso de un registro nuevo.
2022-05-11 15:02:28,881 - root - INFO - El campo 'Codigo' si se encuentra visible.
2022-05-11 15:02:28,916 - root - INFO - El campo 'Codigo Alternativo' si se encuentra visible.
2022-05-11 15:02:28,952 - root - INFO - El campo 'Descrición' si se encuentra visible.
2022-05-11 15:02:31,030 - root - INFO -  Ingresa el codigo del nuevo registro 
2022-05-11 15:02:34,129 - root - INFO -  Ingresa el codigo alternativo del nuevo registro 
2022-05-11 15:02:37,261 - root - INFO -  Ingresa la descripción del nuevo registro 
2022-05-11 15:02:40,332 - root - INFO - Se da clic en el boton Guardar; se debe crear un nuevo registro.
2022-05-11 15:02:40,842 - root - INFO - Se presiona el boton 'Refrescar', para crear un nuevo registro igual al anterior.
2022-05-11 15:02:41,158 - root - INFO - Se presiona el boton 'Nuevo', para crear un nuevo registro igual al anterior.
2022-05-11 15:02:41,711 - root - INFO - Se abrio la pantalla para el ingreso de un registro nuevo.
2022-05-11 15:02:41,747 - root - INFO - El campo 'Codigo' si se encuentra visible.
2022-05-11 15:02:41,784 - root - INFO - El campo 'Codigo Alternativo' si se encuentra visible.
2022-05-11 15:02:41,818 - root - INFO - El campo 'Descrición' si se encuentra visible.
2022-05-11 15:02:43,898 - root - INFO -  Ingresa el codigo del nuevo registro igual al anterior
2022-05-11 15:02:46,981 - root - INFO -  Ingresa el codigo alternativo del nuevo registro igual al anterior
2022-05-11 15:02:50,102 - root - INFO -  Ingresa la descripción del nuevo registro igual al anterior
2022-05-11 15:02:53,167 - root - INFO - Se da clic en el boton Guardar; NO se debe crear un nuevo registro.
2022-05-11 15:02:55,243 - root - INFO - Se presiona el boton 'Cerrar', para cerrar el mensaje de duplicidad de llave primaria
2022-05-11 15:02:57,311 - root - INFO - Se presiona el boton 'Cerrar', para cerrar la ventana
2022-05-11 15:03:01,377 - root - INFO - Se presiona el boton 'Refrescar', para crear un nuevo registro igual al anterior.
2022-05-11 15:03:08,986 - root - INFO - Se da clic en el registro creado, para proceder a modificarlo.
2022-05-11 15:03:09,027 - root - INFO -  Se modifica el contenido del campo Código Alternativo
2022-05-11 15:03:12,114 - root - INFO -  Se modifica el contenido del campo Descripcion
2022-05-11 15:03:15,182 - root - INFO - Se da clic en el boton Guardar; se debe modificar la informacion del registro.
2022-05-11 15:03:17,239 - root - INFO - Se presiona el boton 'Refrescar', para crear un nuevo registro igual al anterior.
2022-05-11 15:36:01,451 - root - INFO -  Se abre el chrome
2022-05-11 15:36:04,422 - root - INFO -  Entra a la URL
2022-05-11 15:36:04,548 - root - INFO -  Maximiza la pantalla
2022-05-11 15:36:07,595 - root - INFO -  Cambia al frame
2022-05-11 15:36:10,680 - root - INFO -  Escribe el usuario
2022-05-11 15:36:10,762 - root - INFO -  Escribe la contraseña
2022-05-11 15:36:10,876 - root - INFO -  Se dio clic en el boton ingresar
2022-05-11 15:36:13,428 - root - INFO -  Ejecutar Enterprise
2022-05-11 15:36:17,506 - root - INFO -  Cambia entre pestañas
2022-05-11 15:36:27,409 - root - INFO -  Abre el menu completo
2022-05-11 15:36:40,567 - root - INFO -  Abre la pantalla de categorias fiscales
2022-05-11 15:36:40,611 - root - INFO - La pantalla ejecutada es Categorías Fiscales.
2022-05-11 15:36:40,681 - root - INFO - Se presiona el boton 'Nuevo', para crear un nuevo registro.
2022-05-11 15:36:41,236 - root - INFO - Se abrio la pantalla para el ingreso de un registro nuevo.
2022-05-11 15:36:41,272 - root - INFO - El campo 'Codigo' si se encuentra visible.
2022-05-11 15:36:41,312 - root - INFO - El campo 'Codigo Alternativo' si se encuentra visible.
2022-05-11 15:36:41,351 - root - INFO - El campo 'Descrición' si se encuentra visible.
2022-05-11 15:36:43,423 - root - INFO -  Ingresa el codigo del nuevo registro 
2022-05-11 15:36:46,482 - root - INFO -  Ingresa el codigo alternativo del nuevo registro 
2022-05-11 15:36:49,616 - root - INFO -  Ingresa la descripción del nuevo registro 
2022-05-11 15:36:52,702 - root - INFO - Se da clic en el boton Guardar; se debe crear un nuevo registro.
2022-05-11 15:36:53,826 - root - ERROR - No se encontró el botón Refrescar, revise si el xpath sigue siendo el mismo, para mas detalles del error consulte el reporte
2022-05-11 15:36:53,828 - root - INFO -  Captura: C:\Users\banda\Desktop\01CF\report\img  screen：20220511_15_36_53.png
2022-05-11 15:36:55,551 - root - ERROR - No se encontró el botón Refrescar, revise si el xpath sigue siendo el mismo, para mas detalles del error consulte el reporte
2022-05-11 15:36:55,553 - root - INFO -  Captura: C:\Users\banda\Desktop\01CF\report\img  screen：20220511_15_36_55.png
2022-05-11 15:36:56,750 - root - ERROR - No se encontró el botón Refrescar, revise si el xpath sigue siendo el mismo, para mas detalles del error consulte el reporte
2022-05-11 15:36:56,751 - root - INFO -  Captura: C:\Users\banda\Desktop\01CF\report\img  screen：20220511_15_36_56.png
2022-05-11 15:37:12,632 - root - INFO -  Se abre el chrome
2022-05-11 15:37:16,029 - root - INFO -  Entra a la URL
2022-05-11 15:37:16,040 - root - INFO -  Maximiza la pantalla
2022-05-11 15:37:19,088 - root - INFO -  Cambia al frame
2022-05-11 15:37:22,170 - root - INFO -  Escribe el usuario
2022-05-11 15:37:22,251 - root - INFO -  Escribe la contraseña
2022-05-11 15:37:22,338 - root - INFO -  Se dio clic en el boton ingresar
2022-05-11 15:37:24,780 - root - INFO -  Ejecutar Enterprise
2022-05-11 15:37:28,813 - root - INFO -  Cambia entre pestañas
2022-05-11 15:37:37,965 - root - INFO -  Abre el menu completo
2022-05-11 15:37:51,107 - root - INFO -  Abre la pantalla de categorias fiscales
2022-05-11 15:37:51,151 - root - INFO - La pantalla ejecutada es Categorías Fiscales.
2022-05-11 15:37:51,206 - root - INFO - Se presiona el boton 'Nuevo', para crear un nuevo registro.
2022-05-11 15:37:51,754 - root - INFO - Se abrio la pantalla para el ingreso de un registro nuevo.
2022-05-11 15:37:51,780 - root - INFO - El campo 'Codigo' si se encuentra visible.
2022-05-11 15:37:51,807 - root - INFO - El campo 'Codigo Alternativo' si se encuentra visible.
2022-05-11 15:37:51,834 - root - INFO - El campo 'Descrición' si se encuentra visible.
2022-05-11 15:37:53,909 - root - INFO -  Ingresa el codigo del nuevo registro 
2022-05-11 15:37:56,991 - root - INFO -  Ingresa el codigo alternativo del nuevo registro 
2022-05-11 15:38:00,139 - root - INFO -  Ingresa la descripción del nuevo registro 
2022-05-11 15:38:03,208 - root - INFO - Se da clic en el boton Guardar; se debe crear un nuevo registro.
2022-05-11 15:38:03,701 - root - INFO - Se presiona el boton 'Refrescar', para crear un nuevo registro igual al anterior.
2022-05-11 15:38:04,024 - root - INFO - Se presiona el boton 'Nuevo', para crear un nuevo registro igual al anterior.
2022-05-11 15:38:04,568 - root - INFO - Se abrio la pantalla para el ingreso de un registro nuevo.
2022-05-11 15:38:04,596 - root - INFO - El campo 'Codigo' si se encuentra visible.
2022-05-11 15:38:04,631 - root - INFO - El campo 'Codigo Alternativo' si se encuentra visible.
2022-05-11 15:38:04,658 - root - INFO - El campo 'Descrición' si se encuentra visible.
2022-05-11 15:38:06,721 - root - INFO -  Ingresa el codigo del nuevo registro igual al anterior
2022-05-11 15:38:09,807 - root - INFO -  Ingresa el codigo alternativo del nuevo registro igual al anterior
2022-05-11 15:38:12,919 - root - INFO -  Ingresa la descripción del nuevo registro igual al anterior
2022-05-11 15:38:15,987 - root - INFO - Se da clic en el boton Guardar; NO se debe crear un nuevo registro.
2022-05-11 15:38:18,053 - root - INFO - Se presiona el boton 'Cerrar', para cerrar el mensaje de duplicidad de llave primaria
2022-05-11 15:38:20,129 - root - INFO - Se presiona el boton 'Cerrar', para cerrar la ventana
2022-05-11 15:38:24,174 - root - INFO - Se presiona el boton 'Refrescar', para crear un nuevo registro igual al anterior.
2022-05-11 15:38:31,775 - root - INFO - Se da clic en el registro creado, para proceder a modificarlo.
2022-05-11 15:38:31,822 - root - INFO -  Se modifica el contenido del campo Código Alternativo
2022-05-11 15:38:34,962 - root - INFO -  Se modifica el contenido del campo Descripcion
2022-05-11 15:38:38,033 - root - INFO - Se da clic en el boton Guardar; se debe modificar la informacion del registro.
2022-05-11 15:38:41,094 - root - INFO - Se presiona el boton 'Refrescar', para crear un nuevo registro igual al anterior.
2022-05-11 15:41:34,672 - root - INFO -  Se abre el chrome
2022-05-11 15:41:37,293 - root - INFO -  Entra a la URL
2022-05-11 15:41:37,419 - root - INFO -  Maximiza la pantalla
2022-05-11 15:41:40,467 - root - INFO -  Cambia al frame
2022-05-11 15:41:43,550 - root - INFO -  Escribe el usuario
2022-05-11 15:41:43,625 - root - INFO -  Escribe la contraseña
2022-05-11 15:41:43,719 - root - INFO -  Se dio clic en el boton ingresar
2022-05-11 15:41:46,170 - root - INFO -  Ejecutar Enterprise
2022-05-11 15:41:50,226 - root - INFO -  Cambia entre pestañas
2022-05-11 15:42:04,598 - root - INFO -  Abre el menu completo
2022-05-11 15:42:17,733 - root - INFO -  Abre la pantalla de categorias fiscales
2022-05-11 15:42:17,776 - root - INFO - La pantalla ejecutada es Categorías Fiscales.
2022-05-11 15:42:17,832 - root - INFO - Se presiona el boton 'Nuevo', para crear un nuevo registro.
2022-05-11 15:42:18,387 - root - INFO - Se abrio la pantalla para el ingreso de un registro nuevo.
2022-05-11 15:42:18,426 - root - INFO - El campo 'Codigo' si se encuentra visible.
2022-05-11 15:42:18,462 - root - INFO - El campo 'Codigo Alternativo' si se encuentra visible.
2022-05-11 15:42:18,498 - root - INFO - El campo 'Descrición' si se encuentra visible.
2022-05-11 15:42:20,580 - root - INFO -  Ingresa el codigo del nuevo registro 
2022-05-11 15:42:23,649 - root - INFO -  Ingresa el codigo alternativo del nuevo registro 
2022-05-11 15:42:26,777 - root - INFO -  Ingresa la descripción del nuevo registro 
2022-05-11 15:42:29,882 - root - INFO - Se da clic en el boton Guardar; se debe crear un nuevo registro.
2022-05-11 15:42:30,350 - root - INFO - Se presiona el boton 'Refrescar', para crear un nuevo registro igual al anterior.
2022-05-11 15:42:30,721 - root - INFO - Se presiona el boton 'Nuevo', para crear un nuevo registro igual al anterior.
2022-05-11 15:42:31,284 - root - INFO - Se abrio la pantalla para el ingreso de un registro nuevo.
2022-05-11 15:42:31,328 - root - INFO - El campo 'Codigo' si se encuentra visible.
2022-05-11 15:42:31,377 - root - INFO - El campo 'Codigo Alternativo' si se encuentra visible.
2022-05-11 15:42:31,408 - root - INFO - El campo 'Descrición' si se encuentra visible.
2022-05-11 15:42:33,486 - root - INFO -  Ingresa el codigo del nuevo registro igual al anterior
2022-05-11 15:42:36,594 - root - INFO -  Ingresa el codigo alternativo del nuevo registro igual al anterior
2022-05-11 15:42:39,741 - root - INFO -  Ingresa la descripción del nuevo registro igual al anterior
2022-05-11 15:42:42,812 - root - INFO - Se da clic en el boton Guardar; NO se debe crear un nuevo registro.
2022-05-11 15:42:44,901 - root - INFO - Se presiona el boton 'Cerrar', para cerrar el mensaje de duplicidad de llave primaria
2022-05-11 15:42:46,982 - root - INFO - Se presiona el boton 'Cerrar', para cerrar la ventana
2022-05-11 15:42:51,046 - root - INFO - Se presiona el boton 'Refrescar', para crear un nuevo registro igual al anterior.
2022-05-11 15:42:58,645 - root - INFO - Se da clic en el registro creado, para proceder a modificarlo.
2022-05-11 15:42:58,697 - root - INFO -  Se modifica el contenido del campo Código Alternativo
2022-05-11 15:43:01,825 - root - INFO -  Se modifica el contenido del campo Descripcion
2022-05-11 15:43:04,887 - root - INFO - Se da clic en el boton Guardar; se debe modificar la informacion del registro.
2022-05-11 15:43:07,941 - root - INFO - Se presiona el boton 'Refrescar', para proceder a eliminar el registro.
2022-05-11 15:43:15,533 - root - INFO - Se da clic en el registro creado, para proceder a modificarlo.
2022-05-11 15:43:16,651 - root - ERROR - No se encontró el botón Eliminar, revise si el xpath sigue siendo el mismo, para mas detalles del error consulte el reporte
2022-05-11 15:43:16,653 - root - INFO -  Captura: C:\Users\banda\Desktop\01CF\report\img  screen：20220511_15_43_16.png
2022-05-11 15:44:07,097 - root - INFO -  Se abre el chrome
2022-05-11 15:44:09,598 - root - INFO -  Entra a la URL
2022-05-11 15:44:09,711 - root - INFO -  Maximiza la pantalla
2022-05-11 15:44:12,756 - root - INFO -  Cambia al frame
2022-05-11 15:44:15,838 - root - INFO -  Escribe el usuario
2022-05-11 15:44:15,904 - root - INFO -  Escribe la contraseña
2022-05-11 15:44:16,019 - root - INFO -  Se dio clic en el boton ingresar
2022-05-11 15:44:18,422 - root - INFO -  Ejecutar Enterprise
2022-05-11 15:44:22,465 - root - INFO -  Cambia entre pestañas
2022-05-11 15:44:33,528 - root - INFO -  Abre el menu completo
2022-05-11 15:44:46,699 - root - INFO -  Abre la pantalla de categorias fiscales
2022-05-11 15:44:46,747 - root - INFO - La pantalla ejecutada es Categorías Fiscales.
2022-05-11 15:44:46,815 - root - INFO - Se presiona el boton 'Nuevo', para crear un nuevo registro.
2022-05-11 15:44:47,361 - root - INFO - Se abrio la pantalla para el ingreso de un registro nuevo.
2022-05-11 15:44:47,389 - root - INFO - El campo 'Codigo' si se encuentra visible.
2022-05-11 15:44:47,418 - root - INFO - El campo 'Codigo Alternativo' si se encuentra visible.
2022-05-11 15:44:47,448 - root - INFO - El campo 'Descrición' si se encuentra visible.
2022-05-11 15:44:49,515 - root - INFO -  Ingresa el codigo del nuevo registro 
2022-05-11 15:44:52,614 - root - INFO -  Ingresa el codigo alternativo del nuevo registro 
2022-05-11 15:44:55,743 - root - INFO -  Ingresa la descripción del nuevo registro 
2022-05-11 15:44:58,824 - root - INFO - Se da clic en el boton Guardar; se debe crear un nuevo registro.
2022-05-11 15:44:59,312 - root - INFO - Se presiona el boton 'Refrescar', para crear un nuevo registro igual al anterior.
2022-05-11 15:44:59,657 - root - INFO - Se presiona el boton 'Nuevo', para crear un nuevo registro igual al anterior.
2022-05-11 15:45:00,199 - root - INFO - Se abrio la pantalla para el ingreso de un registro nuevo.
2022-05-11 15:45:00,226 - root - INFO - El campo 'Codigo' si se encuentra visible.
2022-05-11 15:45:00,253 - root - INFO - El campo 'Codigo Alternativo' si se encuentra visible.
2022-05-11 15:45:00,286 - root - INFO - El campo 'Descrición' si se encuentra visible.
2022-05-11 15:45:02,349 - root - INFO -  Ingresa el codigo del nuevo registro igual al anterior
2022-05-11 15:45:05,441 - root - INFO -  Ingresa el codigo alternativo del nuevo registro igual al anterior
2022-05-11 15:45:08,588 - root - INFO -  Ingresa la descripción del nuevo registro igual al anterior
2022-05-11 15:45:11,669 - root - INFO - Se da clic en el boton Guardar; NO se debe crear un nuevo registro.
2022-05-11 15:45:13,724 - root - INFO - Se presiona el boton 'Cerrar', para cerrar el mensaje de duplicidad de llave primaria
2022-05-11 15:45:15,791 - root - INFO - Se presiona el boton 'Cerrar', para cerrar la ventana
2022-05-11 15:45:19,855 - root - INFO - Se presiona el boton 'Refrescar', para crear un nuevo registro igual al anterior.
2022-05-11 15:45:27,439 - root - INFO - Se da clic en el registro creado, para proceder a modificarlo.
2022-05-11 15:45:27,489 - root - INFO -  Se modifica el contenido del campo Código Alternativo
2022-05-11 15:45:30,626 - root - INFO -  Se modifica el contenido del campo Descripcion
2022-05-11 15:45:33,697 - root - INFO - Se da clic en el boton Guardar; se debe modificar la informacion del registro.
2022-05-11 15:45:36,744 - root - INFO - Se presiona el boton 'Refrescar', para proceder a eliminar el registro.
2022-05-11 15:45:44,321 - root - INFO - Se da clic en el registro creado, para proceder a modificarlo.
2022-05-11 15:45:44,391 - root - INFO - Se presiona el boton 'Eliminar', para eliminar el registro.
2022-05-11 15:45:44,960 - root - INFO - Se confirma el eliminado del registro
2022-05-11 15:45:45,312 - root - INFO - Se presiona el boton 'Refrescar', para crear un nuevo registro igual al anterior.
2022-05-11 15:45:45,647 - root - INFO - Se presiona el boton 'Cerrar', para cerrar la pantalla de Categorias Fiscales.
