2022-06-15 12:00:43,679 - root - ERROR - No se pudo encontrar el botón para desplegar el menu completo, revise si el xpath sigue siendo el mismo, para mas detalles del error consulte el reporte
2022-06-15 12:00:43,680 - root - INFO -  Captura: C:\Users\PWST\Desktop\AutoPWST-2.0\01CF\report\img  screen：20220615_12_00_43.png
2022-06-15 12:00:49,022 - root - ERROR - La pantalla ejecutada no es correcta, revise si el xpath sigue siendo el mismo, para mas detalles del error consulte el reporte
2022-06-15 12:00:49,023 - root - INFO -  Captura: C:\Users\PWST\Desktop\AutoPWST-2.0\01CF\report\img  screen：20220615_12_00_49.png
2022-06-15 12:00:49,179 - root - INFO -  Se cierra chrome
2022-06-15 12:00:59,921 - root - INFO -  Se abre el chrome
2022-06-15 12:01:04,821 - root - INFO -  Entra a la URL
2022-06-15 12:01:04,945 - root - INFO -  Maximiza la pantalla
2022-06-15 12:01:07,998 - root - INFO -  Cambia al frame
2022-06-15 12:01:11,084 - root - INFO -  Escribe el usuario
2022-06-15 12:01:11,157 - root - INFO -  Escribe la contraseña
2022-06-15 12:01:11,265 - root - INFO -  Se dio clic en el boton ingresar
2022-06-15 12:01:16,354 - root - INFO -  Ejecutar Enterprise
2022-06-15 12:01:20,410 - root - INFO -  Cambia entre pestañas
2022-06-15 12:02:13,968 - root - INFO -  Abre el menu completo
2022-06-15 12:02:27,158 - root - INFO -  Abre la pantalla de categorias fiscales
2022-06-15 12:02:27,207 - root - INFO -  La pantalla ejecutada es Categorías Fiscales.
2022-06-15 12:02:27,283 - root - INFO -  Se presiona el boton 'Nuevo', para crear un nuevo registro.
2022-06-15 12:02:28,368 - root - INFO -  Se abrio la pantalla para el ingreso de un registro nuevo.
2022-06-15 12:02:28,418 - root - INFO -  El campo 'Codigo' si se encuentra visible.
2022-06-15 12:02:28,467 - root - INFO -  El campo 'Codigo Alternativo' si se encuentra visible.
2022-06-15 12:02:28,506 - root - INFO -  El campo 'Descrición' si se encuentra visible.
2022-06-15 12:02:30,582 - root - INFO -  Ingresa el codigo del nuevo registro 
2022-06-15 12:02:33,682 - root - INFO -  Ingresa el codigo alternativo del nuevo registro 
2022-06-15 12:02:36,830 - root - INFO -  Ingresa la descripción del nuevo registro 
2022-06-15 12:02:39,919 - root - INFO -  Se da clic en el boton Guardar; se debe crear un nuevo registro.
2022-06-15 12:02:39,946 - root - INFO -  Se cierra chrome
2022-06-15 12:09:50,243 - root - INFO -  Se abre el chrome
2022-06-15 12:09:54,939 - root - INFO -  Entra a la URL
2022-06-15 12:09:55,057 - root - INFO -  Maximiza la pantalla
2022-06-15 12:09:58,103 - root - INFO -  Cambia al frame
2022-06-15 12:10:01,185 - root - INFO -  Escribe el usuario
2022-06-15 12:10:01,256 - root - INFO -  Escribe la contraseña
2022-06-15 12:10:01,361 - root - INFO -  Se dio clic en el boton ingresar
2022-06-15 12:10:06,604 - root - INFO -  Captura: C:\Users\PWST\Desktop\AutoPWST-2.0\01CF\report\img  screen：20220615_12_10_06.png
2022-06-15 12:11:26,718 - root - ERROR - No se pudo encontrar el botón para desplegar el menu completo, revise si el xpath sigue siendo el mismo, para mas detalles del error consulte el reporte
2022-06-15 12:11:26,720 - root - INFO -  Captura: C:\Users\PWST\Desktop\AutoPWST-2.0\01CF\report\img  screen：20220615_12_11_26.png
2022-06-15 12:11:32,066 - root - ERROR - La pantalla ejecutada no es correcta, revise si el xpath sigue siendo el mismo, para mas detalles del error consulte el reporte
2022-06-15 12:11:32,067 - root - INFO -  Captura: C:\Users\PWST\Desktop\AutoPWST-2.0\01CF\report\img  screen：20220615_12_11_32.png
2022-06-15 12:11:32,228 - root - INFO -  Se cierra chrome
2022-06-15 12:11:38,733 - root - INFO -  Se abre el chrome
2022-06-15 12:11:43,245 - root - INFO -  Entra a la URL
2022-06-15 12:11:43,363 - root - INFO -  Maximiza la pantalla
2022-06-15 12:11:46,413 - root - INFO -  Cambia al frame
2022-06-15 12:11:49,495 - root - INFO -  Escribe el usuario
2022-06-15 12:11:49,569 - root - INFO -  Escribe la contraseña
2022-06-15 12:11:49,679 - root - INFO -  Se dio clic en el boton ingresar
2022-06-15 12:11:53,681 - root - INFO -  Ejecutar Enterprise
2022-06-15 12:11:57,727 - root - INFO -  Cambia entre pestañas
2022-06-15 12:12:46,463 - root - INFO -  Abre el menu completo
2022-06-15 12:12:59,642 - root - INFO -  Abre la pantalla de categorias fiscales
2022-06-15 12:12:59,690 - root - INFO -  La pantalla ejecutada es Categorías Fiscales.
2022-06-15 12:12:59,750 - root - INFO -  Se presiona el boton 'Nuevo', para crear un nuevo registro.
2022-06-15 12:13:00,843 - root - INFO -  Se abrio la pantalla para el ingreso de un registro nuevo.
2022-06-15 12:13:00,883 - root - INFO -  El campo 'Codigo' si se encuentra visible.
2022-06-15 12:13:00,921 - root - INFO -  El campo 'Codigo Alternativo' si se encuentra visible.
2022-06-15 12:13:00,961 - root - INFO -  El campo 'Descrición' si se encuentra visible.
2022-06-15 12:13:03,041 - root - INFO -  Ingresa el codigo del nuevo registro 
2022-06-15 12:13:06,132 - root - INFO -  Ingresa el codigo alternativo del nuevo registro 
2022-06-15 12:13:09,260 - root - INFO -  Ingresa la descripción del nuevo registro 
2022-06-15 12:13:12,349 - root - INFO -  Se da clic en el boton Guardar; se debe crear un nuevo registro.
2022-06-15 12:13:12,372 - root - INFO -  Se cierra chrome
2022-06-15 12:13:50,484 - root - INFO -  Se abre el chrome
2022-06-15 12:13:54,844 - root - INFO -  Entra a la URL
2022-06-15 12:13:54,972 - root - INFO -  Maximiza la pantalla
2022-06-15 12:13:58,025 - root - INFO -  Cambia al frame
2022-06-15 12:14:01,115 - root - INFO -  Escribe el usuario
2022-06-15 12:14:01,194 - root - INFO -  Escribe la contraseña
2022-06-15 12:14:01,291 - root - INFO -  Se dio clic en el boton ingresar
2022-06-15 12:14:05,845 - root - INFO -  Ejecutar Enterprise
2022-06-15 12:14:09,887 - root - INFO -  Cambia entre pestañas
2022-06-15 12:14:52,595 - root - INFO -  Abre el menu completo
2022-06-15 12:15:05,768 - root - INFO -  Abre la pantalla de categorias fiscales
2022-06-15 12:15:05,819 - root - INFO -  La pantalla ejecutada es Categorías Fiscales.
2022-06-15 12:15:05,892 - root - INFO -  Se presiona el boton 'Nuevo', para crear un nuevo registro.
2022-06-15 12:15:06,982 - root - INFO -  Se abrio la pantalla para el ingreso de un registro nuevo.
2022-06-15 12:15:07,025 - root - INFO -  El campo 'Codigo' si se encuentra visible.
2022-06-15 12:15:07,066 - root - INFO -  El campo 'Codigo Alternativo' si se encuentra visible.
2022-06-15 12:15:07,104 - root - INFO -  El campo 'Descrición' si se encuentra visible.
2022-06-15 12:15:09,187 - root - INFO -  Ingresa el codigo del nuevo registro 
2022-06-15 12:15:12,290 - root - INFO -  Ingresa el codigo alternativo del nuevo registro 
2022-06-15 12:15:15,438 - root - INFO -  Ingresa la descripción del nuevo registro 
2022-06-15 12:15:18,515 - root - INFO -  Se da clic en el boton Guardar; se debe crear un nuevo registro.
2022-06-15 12:15:18,541 - root - INFO -  Se cierra chrome
2022-06-15 12:19:58,338 - root - INFO -  Se abre el chrome
2022-06-15 12:20:02,161 - root - INFO -  Entra a la URL
2022-06-15 12:20:02,285 - root - INFO -  Maximiza la pantalla
2022-06-15 12:20:05,335 - root - INFO -  Cambia al frame
2022-06-15 12:20:08,417 - root - INFO -  Escribe el usuario
2022-06-15 12:20:08,489 - root - INFO -  Escribe la contraseña
2022-06-15 12:20:08,596 - root - INFO -  Se dio clic en el boton ingresar
2022-06-15 12:20:13,853 - root - INFO -  Captura: C:\Users\PWST\Desktop\AutoPWST-2.0\01CF\report\img  screen：20220615_12_20_13.png
2022-06-15 12:21:34,370 - root - ERROR - No se pudo encontrar el botón para desplegar el menu completo, revise si el xpath sigue siendo el mismo, para mas detalles del error consulte el reporte
2022-06-15 12:21:34,372 - root - INFO -  Captura: C:\Users\PWST\Desktop\AutoPWST-2.0\01CF\report\img  screen：20220615_12_21_34.png
2022-06-15 12:21:39,738 - root - ERROR - La pantalla ejecutada no es correcta, revise si el xpath sigue siendo el mismo, para mas detalles del error consulte el reporte
2022-06-15 12:21:39,739 - root - INFO -  Captura: C:\Users\PWST\Desktop\AutoPWST-2.0\01CF\report\img  screen：20220615_12_21_39.png
2022-06-15 12:21:39,904 - root - INFO -  Se cierra chrome
2022-06-15 12:22:24,705 - root - INFO -  Se abre el chrome
2022-06-15 12:22:30,226 - root - INFO -  Entra a la URL
2022-06-15 12:22:30,350 - root - INFO -  Maximiza la pantalla
2022-06-15 12:22:33,408 - root - INFO -  Cambia al frame
2022-06-15 12:22:36,493 - root - INFO -  Escribe el usuario
2022-06-15 12:22:36,561 - root - INFO -  Escribe la contraseña
2022-06-15 12:22:36,665 - root - INFO -  Se dio clic en el boton ingresar
2022-06-15 12:22:41,902 - root - INFO -  Captura: C:\Users\PWST\Desktop\AutoPWST-2.0\01CF\report\img  screen：20220615_12_22_41.png
2022-06-15 12:24:02,373 - root - ERROR - No se pudo encontrar el botón para desplegar el menu completo, revise si el xpath sigue siendo el mismo, para mas detalles del error consulte el reporte
2022-06-15 12:24:02,374 - root - INFO -  Captura: C:\Users\PWST\Desktop\AutoPWST-2.0\01CF\report\img  screen：20220615_12_24_02.png
2022-06-15 12:24:07,710 - root - ERROR - La pantalla ejecutada no es correcta, revise si el xpath sigue siendo el mismo, para mas detalles del error consulte el reporte
2022-06-15 12:24:07,711 - root - INFO -  Captura: C:\Users\PWST\Desktop\AutoPWST-2.0\01CF\report\img  screen：20220615_12_24_07.png
2022-06-15 12:24:07,858 - root - INFO -  Se cierra chrome
2022-06-15 12:24:30,906 - root - INFO -  Se abre el chrome
2022-06-15 12:24:35,882 - root - INFO -  Entra a la URL
2022-06-15 12:24:36,015 - root - INFO -  Maximiza la pantalla
2022-06-15 12:24:39,087 - root - INFO -  Cambia al frame
2022-06-15 12:24:42,175 - root - INFO -  Escribe el usuario
2022-06-15 12:24:42,248 - root - INFO -  Escribe la contraseña
2022-06-15 12:24:42,353 - root - INFO -  Se dio clic en el boton ingresar
2022-06-15 12:24:47,484 - root - INFO -  Ejecutar Enterprise
2022-06-15 12:24:51,545 - root - INFO -  Cambia entre pestañas
2022-06-15 12:26:04,548 - root - INFO -  Abre el menu completo
2022-06-15 12:26:17,703 - root - INFO -  Abre la pantalla de categorias fiscales
2022-06-15 12:26:19,337 - root - INFO -  La pantalla ejecutada es Categorías Fiscales.
2022-06-15 12:26:19,406 - root - INFO -  Se presiona el boton 'Nuevo', para crear un nuevo registro.
2022-06-15 12:26:20,507 - root - INFO -  Se abrio la pantalla para el ingreso de un registro nuevo.
2022-06-15 12:26:20,550 - root - INFO -  El campo 'Codigo' si se encuentra visible.
2022-06-15 12:26:20,595 - root - INFO -  El campo 'Codigo Alternativo' si se encuentra visible.
2022-06-15 12:26:20,639 - root - INFO -  El campo 'Descrición' si se encuentra visible.
2022-06-15 12:26:22,717 - root - INFO -  Ingresa el codigo del nuevo registro 
2022-06-15 12:26:25,817 - root - INFO -  Ingresa el codigo alternativo del nuevo registro 
2022-06-15 12:26:28,955 - root - INFO -  Ingresa la descripción del nuevo registro 
2022-06-15 12:26:32,040 - root - INFO -  Se da clic en el boton Guardar; se debe crear un nuevo registro.
2022-06-15 12:26:35,080 - root - INFO -  Se cierra chrome
2022-06-15 12:30:37,917 - root - INFO -  Se abre el chrome
2022-06-15 12:30:48,655 - root - INFO -  Entra a la URL
2022-06-15 12:30:48,784 - root - INFO -  Maximiza la pantalla
2022-06-15 12:30:51,849 - root - INFO -  Cambia al frame
2022-06-15 12:30:54,925 - root - INFO -  Escribe el usuario
2022-06-15 12:30:55,001 - root - INFO -  Escribe la contraseña
2022-06-15 12:30:55,115 - root - INFO -  Se dio clic en el boton ingresar
2022-06-15 12:31:00,224 - root - INFO -  Ejecutar Enterprise
2022-06-15 12:31:04,268 - root - INFO -  Cambia entre pestañas
2022-06-15 12:31:54,111 - root - INFO -  Abre el menu completo
2022-06-15 12:32:07,263 - root - INFO -  Abre la pantalla de categorias fiscales
2022-06-15 12:32:07,312 - root - INFO -  La pantalla ejecutada es Categorías Fiscales.
2022-06-15 12:32:07,383 - root - INFO -  Se presiona el boton 'Nuevo', para crear un nuevo registro.
2022-06-15 12:32:08,455 - root - INFO -  Se abrio la pantalla para el ingreso de un registro nuevo.
2022-06-15 12:32:08,493 - root - INFO -  El campo 'Codigo' si se encuentra visible.
2022-06-15 12:32:08,528 - root - INFO -  El campo 'Codigo Alternativo' si se encuentra visible.
2022-06-15 12:32:08,562 - root - INFO -  El campo 'Descrición' si se encuentra visible.
2022-06-15 12:32:10,637 - root - INFO -  Ingresa el codigo del nuevo registro 
2022-06-15 12:32:13,726 - root - INFO -  Ingresa el codigo alternativo del nuevo registro 
2022-06-15 12:32:16,865 - root - INFO -  Ingresa la descripción del nuevo registro 
2022-06-15 12:32:19,944 - root - INFO -  Se da clic en el boton Guardar; se debe crear un nuevo registro.
2022-06-15 12:32:23,033 - root - INFO -  Se presiona el boton 'Refrescar', para crear un nuevo registro igual al anterior.
2022-06-15 12:32:23,836 - root - INFO -  Se presiona el boton 'Nuevo', para crear un nuevo registro igual al anterior.
2022-06-15 12:32:24,397 - root - INFO -  Se abrio la pantalla para el ingreso de un registro nuevo.
2022-06-15 12:32:24,429 - root - INFO -  El campo 'Codigo' si se encuentra visible.
2022-06-15 12:32:24,466 - root - INFO -  El campo 'Codigo Alternativo' si se encuentra visible.
2022-06-15 12:32:24,506 - root - INFO -  El campo 'Descripción' si se encuentra visible.
2022-06-15 12:32:26,581 - root - INFO -  Ingresa el codigo del nuevo registro igual al anterior
2022-06-15 12:32:29,669 - root - INFO -  Ingresa el codigo alternativo del nuevo registro igual al anterior
2022-06-15 12:32:32,819 - root - INFO -  Ingresa la descripción del nuevo registro igual al anterior
2022-06-15 12:32:35,900 - root - INFO -  Se da clic en el boton Guardar; NO se debe crear un nuevo registro.
2022-06-15 12:32:37,988 - root - INFO -  Se presiona el boton 'Cerrar', para cerrar el mensaje de duplicidad de llave primaria
2022-06-15 12:32:40,080 - root - INFO -  Se presiona el boton 'Cerrar', para cerrar la ventana
2022-06-15 12:32:44,121 - root - INFO -  Se cierra chrome
