2022-07-01 08:46:19,954 - root - INFO -  Se abre el chrome
2022-07-01 08:46:22,436 - root - INFO -  Entra a la URL
2022-07-01 08:46:22,569 - root - INFO -  Maximiza la pantalla
2022-07-01 08:46:25,644 - root - INFO -  Cambia al frame
2022-07-01 08:46:28,724 - root - INFO -  Escribe el usuario
2022-07-01 08:46:28,807 - root - INFO -  Escribe la contraseña
2022-07-01 08:46:28,921 - root - INFO -  Se dio clic en el boton ingresar
2022-07-01 08:46:31,329 - root - INFO -  Ejecutar Enterprise
2022-07-01 08:46:35,391 - root - INFO -  Cambia entre pestañas
2022-07-01 08:46:52,405 - root - INFO -  Se presiona el boton 'Cerrar Error', para crear un nuevo registro igual al anterior.
2022-07-01 08:46:55,504 - root - INFO -  Abre el menu completo
2022-07-01 08:47:08,630 - root - INFO -  Abre la pantalla de categorias fiscales
2022-07-01 08:47:08,694 - root - INFO -  La pantalla ejecutada es Categorías Fiscales.
2022-07-01 08:47:08,758 - root - INFO -  Se presiona el boton 'Nuevo', para crear un nuevo registro.
2022-07-01 08:47:09,324 - root - INFO -  Se abrio la pantalla para el ingreso de un registro nuevo.
2022-07-01 08:47:09,356 - root - INFO -  El campo 'Codigo' si se encuentra visible.
2022-07-01 08:47:09,394 - root - INFO -  El campo 'Codigo Alternativo' si se encuentra visible.
2022-07-01 08:47:09,424 - root - INFO -  El campo 'Descrición' si se encuentra visible.
2022-07-01 08:47:11,504 - root - INFO -  Ingresa el codigo del nuevo registro 
2022-07-01 08:47:14,584 - root - INFO -  Ingresa el codigo alternativo del nuevo registro 
2022-07-01 08:47:17,730 - root - INFO -  Ingresa la descripción del nuevo registro 
2022-07-01 08:47:20,794 - root - INFO -  Se da clic en el boton Guardar; se debe crear un nuevo registro.
2022-07-01 08:47:23,854 - root - INFO -  Se presiona el boton 'Refrescar', para crear un nuevo registro igual al anterior.
2022-07-01 08:47:24,254 - root - INFO -  Se presiona el boton 'Nuevo', para crear un nuevo registro igual al anterior.
2022-07-01 08:47:24,782 - root - INFO -  Se abrio la pantalla para el ingreso de un registro nuevo.
2022-07-01 08:47:24,811 - root - INFO -  El campo 'Codigo' si se encuentra visible.
2022-07-01 08:47:24,842 - root - INFO -  El campo 'Codigo Alternativo' si se encuentra visible.
2022-07-01 08:47:24,870 - root - INFO -  El campo 'Descripción' si se encuentra visible.
2022-07-01 08:47:26,926 - root - INFO -  Ingresa el codigo del nuevo registro igual al anterior
2022-07-01 08:47:30,005 - root - INFO -  Ingresa el codigo alternativo del nuevo registro igual al anterior
2022-07-01 08:47:33,132 - root - INFO -  Ingresa la descripción del nuevo registro igual al anterior
2022-07-01 08:47:36,224 - root - INFO -  Se da clic en el boton Guardar; NO se debe crear un nuevo registro.
2022-07-01 08:47:38,311 - root - INFO -  Se presiona el boton 'Cerrar', para cerrar el mensaje de duplicidad de llave primaria
2022-07-01 08:47:40,365 - root - INFO -  Se presiona el boton 'Cerrar', para cerrar la ventana
2022-07-01 08:47:44,411 - root - INFO -  Se presiona el boton 'Refrescar', para crear un nuevo registro igual al anterior.
2022-07-01 08:47:59,006 - root - INFO -  Se da clic en el registro creado, para proceder a modificarlo.
2022-07-01 08:47:59,091 - root - INFO -  Se modifica el contenido del campo Código Alternativo
2022-07-01 08:48:02,281 - root - INFO -  Se modifica el contenido del campo Descripcion
2022-07-01 08:48:05,386 - root - INFO -  Se da clic en el boton Guardar; se debe modificar la informacion del registro.
2022-07-01 08:48:08,441 - root - INFO -  Se presiona el boton 'Refrescar', para proceder a eliminar el registro.
2022-07-01 08:48:26,054 - root - INFO -  Se da clic en el registro creado, para proceder a modificarlo.
2022-07-01 08:48:26,105 - root - INFO -  Se presiona el boton 'Eliminar', para eliminar el registro.
2022-07-01 08:48:26,666 - root - INFO -  Se confirma el eliminado del registro
2022-07-01 08:48:28,742 - root - INFO -  Se presiona el boton 'Refrescar', para crear un nuevo registro igual al anterior.
2022-07-01 08:48:30,799 - root - INFO -  Se presiona el boton 'Cerrar', para cerrar la pantalla de Categorias Fiscales.
2022-07-01 08:48:34,961 - root - INFO -  Se cierra chrome
