2022-06-15 16:28:47,056 - root - INFO -  Se abre el chrome
2022-06-15 16:29:03,134 - root - INFO -  Entra a la URL
2022-06-15 16:29:03,251 - root - INFO -  Maximiza la pantalla
2022-06-15 16:29:06,309 - root - INFO -  Cambia al frame
2022-06-15 16:29:09,384 - root - INFO -  Escribe el usuario
2022-06-15 16:29:09,452 - root - INFO -  Escribe la contraseña
2022-06-15 16:29:09,559 - root - INFO -  Se dio clic en el boton ingresar
2022-06-15 16:29:14,788 - root - INFO -  Captura: C:\Users\PWST\Desktop\AutoPWST-2.0\01CF\report\img  screen：20220615_16_29_14.png
2022-06-15 16:30:45,385 - root - ERROR - No se pudo encontrar el botón para desplegar el menu completo, revise si el xpath sigue siendo el mismo, para mas detalles del error consulte el reporte
2022-06-15 16:30:45,387 - root - INFO -  Captura: C:\Users\PWST\Desktop\AutoPWST-2.0\01CF\report\img  screen：20220615_16_30_45.png
2022-06-15 16:30:50,714 - root - ERROR - La pantalla ejecutada no es correcta, revise si el xpath sigue siendo el mismo, para mas detalles del error consulte el reporte
2022-06-15 16:30:50,716 - root - INFO -  Captura: C:\Users\PWST\Desktop\AutoPWST-2.0\01CF\report\img  screen：20220615_16_30_50.png
2022-06-15 16:30:56,062 - root - ERROR - No se encontró el botón Refrescar, revise si el xpath sigue siendo el mismo, para mas detalles del error consulte el reporte
2022-06-15 16:30:56,064 - root - INFO -  Captura: C:\Users\PWST\Desktop\AutoPWST-2.0\01CF\report\img  screen：20220615_16_30_56.png
2022-06-15 16:31:01,441 - root - ERROR - No se encontró el botón Refrescar, revise si el xpath sigue siendo el mismo, para mas detalles del error consulte el reporte
2022-06-15 16:31:01,442 - root - INFO -  Captura: C:\Users\PWST\Desktop\AutoPWST-2.0\01CF\report\img  screen：20220615_16_31_01.png
2022-06-15 16:31:06,782 - root - ERROR - No se encontró el botón Refrescar, revise si el xpath sigue siendo el mismo, para mas detalles del error consulte el reporte
2022-06-15 16:31:06,784 - root - INFO -  Captura: C:\Users\PWST\Desktop\AutoPWST-2.0\01CF\report\img  screen：20220615_16_31_06.png
2022-06-15 16:31:06,947 - root - INFO -  Se cierra chrome
2022-06-15 16:35:10,358 - root - INFO -  Se abre el chrome
2022-06-15 16:35:16,748 - root - INFO -  Entra a la URL
2022-06-15 16:35:16,875 - root - INFO -  Maximiza la pantalla
2022-06-15 16:35:19,925 - root - INFO -  Cambia al frame
2022-06-15 16:35:23,018 - root - INFO -  Escribe el usuario
2022-06-15 16:35:23,093 - root - INFO -  Escribe la contraseña
2022-06-15 16:35:23,204 - root - INFO -  Se dio clic en el boton ingresar
2022-06-15 16:35:28,467 - root - INFO -  Captura: C:\Users\PWST\Desktop\AutoPWST-2.0\01CF\report\img  screen：20220615_16_35_28.png
2022-06-15 16:36:29,431 - root - INFO -  Se abre el chrome
2022-06-15 16:36:35,999 - root - INFO -  Entra a la URL
2022-06-15 16:36:36,140 - root - INFO -  Maximiza la pantalla
2022-06-15 16:36:39,222 - root - INFO -  Cambia al frame
2022-06-15 16:36:42,325 - root - INFO -  Escribe el usuario
2022-06-15 16:36:42,445 - root - INFO -  Escribe la contraseña
2022-06-15 16:36:42,658 - root - INFO -  Se dio clic en el boton ingresar
2022-06-15 16:36:47,932 - root - INFO -  Ejecutar Enterprise
2022-06-15 16:36:51,996 - root - INFO -  Cambia entre pestañas
2022-06-15 16:37:33,887 - root - INFO -  Abre el menu completo
2022-06-15 16:37:47,081 - root - INFO -  Abre la pantalla de categorias fiscales
2022-06-15 16:37:47,147 - root - INFO -  La pantalla ejecutada es Categorías Fiscales.
2022-06-15 16:37:47,223 - root - INFO -  Se presiona el boton 'Nuevo', para crear un nuevo registro.
2022-06-15 16:37:48,871 - root - INFO -  Se abrio la pantalla para el ingreso de un registro nuevo.
2022-06-15 16:37:48,919 - root - INFO -  El campo 'Codigo' si se encuentra visible.
2022-06-15 16:37:48,966 - root - INFO -  El campo 'Codigo Alternativo' si se encuentra visible.
2022-06-15 16:37:49,012 - root - INFO -  El campo 'Descrición' si se encuentra visible.
2022-06-15 16:37:51,116 - root - INFO -  Ingresa el codigo del nuevo registro 
2022-06-15 16:37:54,240 - root - INFO -  Ingresa el codigo alternativo del nuevo registro 
2022-06-15 16:37:57,414 - root - INFO -  Ingresa la descripción del nuevo registro 
2022-06-15 16:38:00,542 - root - INFO -  Se da clic en el boton Guardar; se debe crear un nuevo registro.
2022-06-15 16:38:03,652 - root - INFO -  Se presiona el boton 'Refrescar', para crear un nuevo registro igual al anterior.
2022-06-15 16:38:04,134 - root - INFO -  Se presiona el boton 'Nuevo', para crear un nuevo registro igual al anterior.
2022-06-15 16:38:04,735 - root - INFO -  Se abrio la pantalla para el ingreso de un registro nuevo.
2022-06-15 16:38:04,811 - root - INFO -  El campo 'Codigo' si se encuentra visible.
2022-06-15 16:38:04,875 - root - INFO -  El campo 'Codigo Alternativo' si se encuentra visible.
2022-06-15 16:38:04,921 - root - INFO -  El campo 'Descripción' si se encuentra visible.
2022-06-15 16:38:07,042 - root - INFO -  Ingresa el codigo del nuevo registro igual al anterior
2022-06-15 16:38:10,166 - root - INFO -  Ingresa el codigo alternativo del nuevo registro igual al anterior
2022-06-15 16:38:13,333 - root - INFO -  Ingresa la descripción del nuevo registro igual al anterior
2022-06-15 16:38:16,438 - root - INFO -  Se da clic en el boton Guardar; NO se debe crear un nuevo registro.
2022-06-15 16:38:18,545 - root - INFO -  Se presiona el boton 'Cerrar', para cerrar el mensaje de duplicidad de llave primaria
2022-06-15 16:38:20,648 - root - INFO -  Se presiona el boton 'Cerrar', para cerrar la ventana
2022-06-15 16:38:24,740 - root - INFO -  Se presiona el boton 'Refrescar', para crear un nuevo registro igual al anterior.
2022-06-15 16:38:32,369 - root - INFO -  Se da clic en el registro creado, para proceder a modificarlo.
2022-06-15 16:38:32,462 - root - INFO -  Se modifica el contenido del campo Código Alternativo
2022-06-15 16:38:35,665 - root - INFO -  Se modifica el contenido del campo Descripcion
2022-06-15 16:38:38,764 - root - INFO -  Se da clic en el boton Guardar; se debe modificar la informacion del registro.
2022-06-15 16:38:41,857 - root - INFO -  Se presiona el boton 'Refrescar', para proceder a eliminar el registro.
2022-06-15 16:38:49,466 - root - INFO -  Se da clic en el registro creado, para proceder a modificarlo.
2022-06-15 16:38:49,584 - root - INFO -  Se presiona el boton 'Eliminar', para eliminar el registro.
2022-06-15 16:38:50,214 - root - INFO -  Se confirma el eliminado del registro
2022-06-15 16:38:52,299 - root - INFO -  Se presiona el boton 'Refrescar', para crear un nuevo registro igual al anterior.
2022-06-15 16:38:54,406 - root - INFO -  Se presiona el boton 'Cerrar', para cerrar la pantalla de Categorias Fiscales.
2022-06-15 16:38:56,467 - root - INFO -  Se cierra chrome
2022-06-15 16:41:55,640 - root - INFO -  Se abre el chrome
2022-06-15 16:42:05,806 - root - INFO -  Entra a la URL
2022-06-15 16:42:05,938 - root - INFO -  Maximiza la pantalla
2022-06-15 16:42:09,004 - root - INFO -  Cambia al frame
2022-06-15 16:42:12,119 - root - INFO -  Escribe el usuario
2022-06-15 16:42:12,212 - root - INFO -  Escribe la contraseña
2022-06-15 16:42:12,368 - root - INFO -  Se dio clic en el boton ingresar
2022-06-15 16:42:17,539 - root - INFO -  Ejecutar Enterprise
2022-06-15 16:42:21,617 - root - INFO -  Cambia entre pestañas
2022-06-15 16:42:53,727 - root - INFO -  Abre el menu completo
2022-06-15 16:43:06,915 - root - INFO -  Abre la pantalla de categorias fiscales
2022-06-15 16:43:06,984 - root - INFO -  La pantalla ejecutada es Categorías Fiscales.
2022-06-15 16:43:07,062 - root - INFO -  Se presiona el boton 'Nuevo', para crear un nuevo registro.
2022-06-15 16:43:07,675 - root - INFO -  Se abrio la pantalla para el ingreso de un registro nuevo.
2022-06-15 16:43:07,737 - root - INFO -  El campo 'Codigo' si se encuentra visible.
2022-06-15 16:43:07,810 - root - INFO -  El campo 'Codigo Alternativo' si se encuentra visible.
2022-06-15 16:43:07,886 - root - INFO -  El campo 'Descrición' si se encuentra visible.
2022-06-15 16:43:09,995 - root - INFO -  Ingresa el codigo del nuevo registro 
2022-06-15 16:43:13,119 - root - INFO -  Ingresa el codigo alternativo del nuevo registro 
2022-06-15 16:43:16,299 - root - INFO -  Ingresa la descripción del nuevo registro 
2022-06-15 16:43:19,414 - root - INFO -  Se da clic en el boton Guardar; se debe crear un nuevo registro.
2022-06-15 16:43:22,520 - root - INFO -  Se presiona el boton 'Refrescar', para crear un nuevo registro igual al anterior.
2022-06-15 16:43:23,012 - root - INFO -  Se presiona el boton 'Nuevo', para crear un nuevo registro igual al anterior.
2022-06-15 16:43:23,608 - root - INFO -  Se abrio la pantalla para el ingreso de un registro nuevo.
2022-06-15 16:43:23,656 - root - INFO -  El campo 'Codigo' si se encuentra visible.
2022-06-15 16:43:23,704 - root - INFO -  El campo 'Codigo Alternativo' si se encuentra visible.
2022-06-15 16:43:23,748 - root - INFO -  El campo 'Descripción' si se encuentra visible.
2022-06-15 16:43:25,846 - root - INFO -  Ingresa el codigo del nuevo registro igual al anterior
2022-06-15 16:43:28,973 - root - INFO -  Ingresa el codigo alternativo del nuevo registro igual al anterior
2022-06-15 16:43:32,228 - root - INFO -  Ingresa la descripción del nuevo registro igual al anterior
2022-06-15 16:43:35,342 - root - INFO -  Se da clic en el boton Guardar; NO se debe crear un nuevo registro.
2022-06-15 16:43:37,447 - root - INFO -  Se presiona el boton 'Cerrar', para cerrar el mensaje de duplicidad de llave primaria
2022-06-15 16:43:39,555 - root - INFO -  Se presiona el boton 'Cerrar', para cerrar la ventana
2022-06-15 16:43:43,651 - root - INFO -  Se presiona el boton 'Refrescar', para crear un nuevo registro igual al anterior.
2022-06-15 16:43:51,281 - root - INFO -  Se da clic en el registro creado, para proceder a modificarlo.
2022-06-15 16:43:51,377 - root - INFO -  Se modifica el contenido del campo Código Alternativo
2022-06-15 16:43:54,577 - root - INFO -  Se modifica el contenido del campo Descripcion
2022-06-15 16:43:57,685 - root - INFO -  Se da clic en el boton Guardar; se debe modificar la informacion del registro.
2022-06-15 16:44:00,774 - root - INFO -  Se presiona el boton 'Refrescar', para proceder a eliminar el registro.
2022-06-15 16:44:08,379 - root - INFO -  Se da clic en el registro creado, para proceder a modificarlo.
2022-06-15 16:44:08,477 - root - INFO -  Se presiona el boton 'Eliminar', para eliminar el registro.
2022-06-15 16:44:09,110 - root - INFO -  Se confirma el eliminado del registro
2022-06-15 16:44:11,200 - root - INFO -  Se presiona el boton 'Refrescar', para crear un nuevo registro igual al anterior.
2022-06-15 16:44:13,307 - root - INFO -  Se presiona el boton 'Cerrar', para cerrar la pantalla de Categorias Fiscales.
2022-06-15 16:44:17,506 - root - INFO -  Se cierra chrome
