2022-06-15 11:04:48,041 - root - INFO -  Se abre el chrome
2022-06-15 11:04:52,021 - root - INFO -  Entra a la URL
2022-06-15 11:04:52,152 - root - INFO -  Maximiza la pantalla
2022-06-15 11:04:55,201 - root - INFO -  Cambia al frame
2022-06-15 11:04:58,286 - root - INFO -  Escribe el usuario
2022-06-15 11:04:58,352 - root - INFO -  Escribe la contraseña
2022-06-15 11:04:58,447 - root - INFO -  Se dio clic en el boton ingresar
2022-06-15 11:05:03,527 - root - INFO -  Ejecutar Enterprise
2022-06-15 11:05:07,583 - root - INFO -  Cambia entre pestañas
2022-06-15 11:05:34,068 - root - INFO -  Abre el menu completo
2022-06-15 11:05:47,208 - root - INFO -  Abre la pantalla de categorias fiscales
2022-06-15 11:05:47,260 - root - INFO -  La pantalla ejecutada es Categorías Fiscales.
2022-06-15 11:05:47,322 - root - INFO -  Se presiona el boton 'Nuevo', para crear un nuevo registro.
2022-06-15 11:12:30,098 - root - INFO -  Se abre el chrome
2022-06-15 11:12:35,190 - root - INFO -  Entra a la URL
2022-06-15 11:12:35,318 - root - INFO -  Maximiza la pantalla
2022-06-15 11:12:38,377 - root - INFO -  Cambia al frame
2022-06-15 11:12:41,445 - root - INFO -  Escribe el usuario
2022-06-15 11:12:41,516 - root - INFO -  Escribe la contraseña
2022-06-15 11:12:41,621 - root - INFO -  Se dio clic en el boton ingresar
2022-06-15 11:12:46,869 - root - INFO -  Captura: C:\Users\PWST\Desktop\AutoPWST-2.0\01CF\report\img  screen：20220615_11_12_46.png
2022-06-15 11:14:07,404 - root - ERROR - No se pudo encontrar el botón para desplegar el menu completo, revise si el xpath sigue siendo el mismo, para mas detalles del error consulte el reporte
2022-06-15 11:14:07,406 - root - INFO -  Captura: C:\Users\PWST\Desktop\AutoPWST-2.0\01CF\report\img  screen：20220615_11_14_07.png
2022-06-15 11:14:12,736 - root - ERROR - La pantalla ejecutada no es correcta, revise si el xpath sigue siendo el mismo, para mas detalles del error consulte el reporte
2022-06-15 11:14:12,738 - root - INFO -  Captura: C:\Users\PWST\Desktop\AutoPWST-2.0\01CF\report\img  screen：20220615_11_14_12.png
2022-06-15 11:14:12,886 - root - INFO -  Se cierra chrome
2022-06-15 11:31:48,795 - root - INFO -  Se abre el chrome
2022-06-15 11:31:53,780 - root - INFO -  Entra a la URL
2022-06-15 11:31:53,905 - root - INFO -  Maximiza la pantalla
2022-06-15 11:31:56,949 - root - INFO -  Cambia al frame
2022-06-15 11:32:00,039 - root - INFO -  Escribe el usuario
2022-06-15 11:32:00,113 - root - INFO -  Escribe la contraseña
2022-06-15 11:32:00,216 - root - INFO -  Se dio clic en el boton ingresar
2022-06-15 11:32:04,822 - root - INFO -  Ejecutar Enterprise
2022-06-15 11:32:08,869 - root - INFO -  Cambia entre pestañas
2022-06-15 11:33:32,277 - root - ERROR - No se pudo encontrar el botón para desplegar el menu completo, revise si el xpath sigue siendo el mismo, para mas detalles del error consulte el reporte
2022-06-15 11:33:32,279 - root - INFO -  Captura: C:\Users\PWST\Desktop\AutoPWST-2.0\01CF\report\img  screen：20220615_11_33_32.png
2022-06-15 11:33:37,673 - root - ERROR - La pantalla ejecutada no es correcta, revise si el xpath sigue siendo el mismo, para mas detalles del error consulte el reporte
2022-06-15 11:33:37,675 - root - INFO -  Captura: C:\Users\PWST\Desktop\AutoPWST-2.0\01CF\report\img  screen：20220615_11_33_37.png
2022-06-15 11:33:37,782 - root - INFO -  Se cierra chrome
2022-06-15 11:35:26,259 - root - INFO -  Se abre el chrome
2022-06-15 11:35:31,941 - root - INFO -  Entra a la URL
2022-06-15 11:35:32,065 - root - INFO -  Maximiza la pantalla
2022-06-15 11:35:35,119 - root - INFO -  Cambia al frame
2022-06-15 11:35:38,190 - root - INFO -  Escribe el usuario
2022-06-15 11:35:38,262 - root - INFO -  Escribe la contraseña
2022-06-15 11:35:38,360 - root - INFO -  Se dio clic en el boton ingresar
2022-06-15 11:35:43,008 - root - INFO -  Ejecutar Enterprise
2022-06-15 11:35:47,052 - root - INFO -  Cambia entre pestañas
2022-06-15 11:37:10,527 - root - ERROR - No se pudo encontrar el botón para desplegar el menu completo, revise si el xpath sigue siendo el mismo, para mas detalles del error consulte el reporte
2022-06-15 11:37:10,529 - root - INFO -  Captura: C:\Users\PWST\Desktop\AutoPWST-2.0\01CF\report\img  screen：20220615_11_37_10.png
2022-06-15 11:37:15,935 - root - ERROR - La pantalla ejecutada no es correcta, revise si el xpath sigue siendo el mismo, para mas detalles del error consulte el reporte
2022-06-15 11:37:15,937 - root - INFO -  Captura: C:\Users\PWST\Desktop\AutoPWST-2.0\01CF\report\img  screen：20220615_11_37_15.png
2022-06-15 11:37:16,090 - root - INFO -  Se cierra chrome
2022-06-15 11:37:51,070 - root - INFO -  Se abre el chrome
2022-06-15 11:37:55,033 - root - INFO -  Entra a la URL
2022-06-15 11:37:55,152 - root - INFO -  Maximiza la pantalla
2022-06-15 11:37:58,205 - root - INFO -  Cambia al frame
2022-06-15 11:38:01,279 - root - INFO -  Escribe el usuario
2022-06-15 11:38:01,353 - root - INFO -  Escribe la contraseña
2022-06-15 11:38:01,454 - root - INFO -  Se dio clic en el boton ingresar
2022-06-15 11:38:06,687 - root - INFO -  Captura: C:\Users\PWST\Desktop\AutoPWST-2.0\01CF\report\img  screen：20220615_11_38_06.png
2022-06-15 11:39:27,237 - root - ERROR - No se pudo encontrar el botón para desplegar el menu completo, revise si el xpath sigue siendo el mismo, para mas detalles del error consulte el reporte
2022-06-15 11:39:27,238 - root - INFO -  Captura: C:\Users\PWST\Desktop\AutoPWST-2.0\01CF\report\img  screen：20220615_11_39_27.png
2022-06-15 11:39:32,585 - root - ERROR - La pantalla ejecutada no es correcta, revise si el xpath sigue siendo el mismo, para mas detalles del error consulte el reporte
2022-06-15 11:39:32,586 - root - INFO -  Captura: C:\Users\PWST\Desktop\AutoPWST-2.0\01CF\report\img  screen：20220615_11_39_32.png
2022-06-15 11:39:32,769 - root - INFO -  Se cierra chrome
2022-06-15 11:41:07,592 - root - INFO -  Se abre el chrome
2022-06-15 11:41:12,641 - root - INFO -  Entra a la URL
2022-06-15 11:41:12,767 - root - INFO -  Maximiza la pantalla
2022-06-15 11:41:15,814 - root - INFO -  Cambia al frame
2022-06-15 11:41:18,892 - root - INFO -  Escribe el usuario
2022-06-15 11:41:18,962 - root - INFO -  Escribe la contraseña
2022-06-15 11:41:19,057 - root - INFO -  Se dio clic en el boton ingresar
2022-06-15 11:41:24,288 - root - INFO -  Captura: C:\Users\PWST\Desktop\AutoPWST-2.0\01CF\report\img  screen：20220615_11_41_24.png
2022-06-15 11:42:44,720 - root - ERROR - No se pudo encontrar el botón para desplegar el menu completo, revise si el xpath sigue siendo el mismo, para mas detalles del error consulte el reporte
2022-06-15 11:42:44,722 - root - INFO -  Captura: C:\Users\PWST\Desktop\AutoPWST-2.0\01CF\report\img  screen：20220615_11_42_44.png
2022-06-15 11:42:50,067 - root - ERROR - La pantalla ejecutada no es correcta, revise si el xpath sigue siendo el mismo, para mas detalles del error consulte el reporte
2022-06-15 11:42:50,068 - root - INFO -  Captura: C:\Users\PWST\Desktop\AutoPWST-2.0\01CF\report\img  screen：20220615_11_42_50.png
2022-06-15 11:42:50,219 - root - INFO -  Se cierra chrome
2022-06-15 11:42:59,861 - root - INFO -  Se abre el chrome
2022-06-15 11:43:04,227 - root - INFO -  Entra a la URL
2022-06-15 11:43:04,343 - root - INFO -  Maximiza la pantalla
2022-06-15 11:43:07,407 - root - INFO -  Cambia al frame
2022-06-15 11:43:10,485 - root - INFO -  Escribe el usuario
2022-06-15 11:43:10,554 - root - INFO -  Escribe la contraseña
2022-06-15 11:43:10,652 - root - INFO -  Se dio clic en el boton ingresar
2022-06-15 11:43:15,771 - root - INFO -  Ejecutar Enterprise
2022-06-15 11:43:19,829 - root - INFO -  Cambia entre pestañas
2022-06-15 11:44:42,848 - root - ERROR - No se pudo encontrar el botón para desplegar el menu completo, revise si el xpath sigue siendo el mismo, para mas detalles del error consulte el reporte
2022-06-15 11:44:42,850 - root - INFO -  Captura: C:\Users\PWST\Desktop\AutoPWST-2.0\01CF\report\img  screen：20220615_11_44_42.png
2022-06-15 11:44:48,251 - root - ERROR - La pantalla ejecutada no es correcta, revise si el xpath sigue siendo el mismo, para mas detalles del error consulte el reporte
2022-06-15 11:44:48,252 - root - INFO -  Captura: C:\Users\PWST\Desktop\AutoPWST-2.0\01CF\report\img  screen：20220615_11_44_48.png
2022-06-15 11:44:48,404 - root - INFO -  Se cierra chrome
2022-06-15 11:47:53,484 - root - INFO -  Se abre el chrome
2022-06-15 11:47:57,453 - root - INFO -  Entra a la URL
2022-06-15 11:47:57,580 - root - INFO -  Maximiza la pantalla
2022-06-15 11:48:00,627 - root - INFO -  Cambia al frame
2022-06-15 11:48:03,703 - root - INFO -  Escribe el usuario
2022-06-15 11:48:03,777 - root - INFO -  Escribe la contraseña
2022-06-15 11:48:03,883 - root - INFO -  Se dio clic en el boton ingresar
2022-06-15 11:48:07,867 - root - INFO -  Ejecutar Enterprise
2022-06-15 11:48:11,927 - root - INFO -  Cambia entre pestañas
2022-06-15 11:49:35,476 - root - ERROR - No se pudo encontrar el botón para desplegar el menu completo, revise si el xpath sigue siendo el mismo, para mas detalles del error consulte el reporte
2022-06-15 11:49:35,478 - root - INFO -  Captura: C:\Users\PWST\Desktop\AutoPWST-2.0\01CF\report\img  screen：20220615_11_49_35.png
2022-06-15 11:49:40,883 - root - ERROR - La pantalla ejecutada no es correcta, revise si el xpath sigue siendo el mismo, para mas detalles del error consulte el reporte
2022-06-15 11:49:40,885 - root - INFO -  Captura: C:\Users\PWST\Desktop\AutoPWST-2.0\01CF\report\img  screen：20220615_11_49_40.png
2022-06-15 11:49:41,047 - root - INFO -  Se cierra chrome
2022-06-15 11:56:58,543 - root - INFO -  Se abre el chrome
2022-06-15 11:57:03,347 - root - INFO -  Entra a la URL
2022-06-15 11:57:03,463 - root - INFO -  Maximiza la pantalla
2022-06-15 11:57:06,511 - root - INFO -  Cambia al frame
2022-06-15 11:57:09,584 - root - INFO -  Escribe el usuario
2022-06-15 11:57:09,651 - root - INFO -  Escribe la contraseña
2022-06-15 11:57:09,760 - root - INFO -  Se dio clic en el boton ingresar
2022-06-15 11:57:14,971 - root - INFO -  Captura: C:\Users\PWST\Desktop\AutoPWST-2.0\01CF\report\img  screen：20220615_11_57_14.png
2022-06-15 11:58:35,501 - root - ERROR - No se pudo encontrar el botón para desplegar el menu completo, revise si el xpath sigue siendo el mismo, para mas detalles del error consulte el reporte
2022-06-15 11:58:35,503 - root - INFO -  Captura: C:\Users\PWST\Desktop\AutoPWST-2.0\01CF\report\img  screen：20220615_11_58_35.png
2022-06-15 11:58:40,847 - root - ERROR - La pantalla ejecutada no es correcta, revise si el xpath sigue siendo el mismo, para mas detalles del error consulte el reporte
2022-06-15 11:58:40,848 - root - INFO -  Captura: C:\Users\PWST\Desktop\AutoPWST-2.0\01CF\report\img  screen：20220615_11_58_40.png
2022-06-15 11:58:40,998 - root - INFO -  Se cierra chrome
2022-06-15 11:59:06,555 - root - INFO -  Se abre el chrome
2022-06-15 11:59:11,728 - root - INFO -  Entra a la URL
2022-06-15 11:59:11,851 - root - INFO -  Maximiza la pantalla
2022-06-15 11:59:14,906 - root - INFO -  Cambia al frame
2022-06-15 11:59:17,988 - root - INFO -  Escribe el usuario
2022-06-15 11:59:18,057 - root - INFO -  Escribe la contraseña
2022-06-15 11:59:18,154 - root - INFO -  Se dio clic en el boton ingresar
2022-06-15 11:59:23,392 - root - INFO -  Captura: C:\Users\PWST\Desktop\AutoPWST-2.0\01CF\report\img  screen：20220615_11_59_23.png
