2022-06-14 17:13:20,684 - root - INFO -  Se abre el chrome
2022-06-14 17:13:22,144 - root - INFO -  Entra a la URL
2022-06-14 17:13:22,171 - root - ERROR - No se pudo encontrar el campo para ingresar el usuario, revise si el xpath sigue siendo el mismo, para mas detalles del error consulte el reporte
2022-06-14 17:13:22,219 - root - ERROR - No se pudo encontrar el botón para desplegar el menu completo, revise si el xpath sigue siendo el mismo, para mas detalles del error consulte el reporte
2022-06-14 17:13:22,220 - root - INFO -  Captura: C:\Users\PWST\Documents\Auto2.0\01CF\report\img  screen：20220614_17_13_22.png
2022-06-14 17:40:15,373 - root - INFO -  Se abre el chrome
2022-06-14 17:40:16,861 - root - INFO -  Entra a la URL
2022-06-14 17:40:33,201 - root - ERROR - No se pudo encontrar el campo para ingresar el usuario, revise si el xpath sigue siendo el mismo, para mas detalles del error consulte el reporte
2022-06-14 17:40:45,408 - root - ERROR - No se pudo encontrar el botón para desplegar el menu completo, revise si el xpath sigue siendo el mismo, para mas detalles del error consulte el reporte
2022-06-14 17:40:45,409 - root - INFO -  Captura: C:\Users\PWST\Documents\Auto2.0\01CF\report\img  screen：20220614_17_40_45.png
2022-06-14 17:41:32,778 - root - INFO -  Se abre el chrome
2022-06-14 17:41:35,236 - root - INFO -  Entra a la URL
2022-06-14 17:41:35,353 - root - INFO -  Maximiza la pantalla
2022-06-14 17:41:38,405 - root - INFO -  Cambia al frame
2022-06-14 17:41:41,518 - root - INFO -  Escribe el usuario
2022-06-14 17:41:41,586 - root - INFO -  Escribe la contraseña
2022-06-14 17:41:41,679 - root - INFO -  Se dio clic en el boton ingresar
2022-06-14 17:43:56,674 - root - INFO -  Se abre el chrome
2022-06-14 17:43:59,375 - root - INFO -  Entra a la URL
2022-06-14 17:43:59,502 - root - INFO -  Maximiza la pantalla
2022-06-14 17:44:02,545 - root - INFO -  Cambia al frame
2022-06-14 17:44:05,635 - root - INFO -  Escribe el usuario
2022-06-14 17:44:05,709 - root - INFO -  Escribe la contraseña
2022-06-14 17:44:05,813 - root - INFO -  Se dio clic en el boton ingresar
2022-06-14 17:44:10,972 - root - INFO -  Captura: C:\Users\PWST\Documents\Auto2.0\01CF\report\img  screen：20220614_17_44_10.png
2022-06-14 17:44:43,408 - root - ERROR - No se pudo encontrar el botón para desplegar el menu completo, revise si el xpath sigue siendo el mismo, para mas detalles del error consulte el reporte
2022-06-14 17:44:43,408 - root - INFO -  Captura: C:\Users\PWST\Documents\Auto2.0\01CF\report\img  screen：20220614_17_44_43.png
2022-06-14 17:50:30,858 - root - INFO -  Se abre el chrome
2022-06-14 17:50:35,528 - root - INFO -  Entra a la URL
2022-06-14 17:50:35,644 - root - INFO -  Maximiza la pantalla
2022-06-14 17:50:38,681 - root - INFO -  Cambia al frame
2022-06-14 17:50:41,802 - root - INFO -  Escribe el usuario
2022-06-14 17:50:41,871 - root - INFO -  Escribe la contraseña
2022-06-14 17:50:41,962 - root - INFO -  Se dio clic en el boton ingresar
2022-06-14 17:50:47,145 - root - INFO -  Captura: C:\Users\PWST\Desktop\AutoPWST-2.0\01CF\report\img  screen：20220614_17_50_47.png
2022-06-14 17:51:20,827 - root - ERROR - No se pudo encontrar el botón para desplegar el menu completo, revise si el xpath sigue siendo el mismo, para mas detalles del error consulte el reporte
2022-06-14 17:51:20,828 - root - INFO -  Captura: C:\Users\PWST\Desktop\AutoPWST-2.0\01CF\report\img  screen：20220614_17_51_20.png
2022-06-14 17:52:33,367 - root - INFO -  Se abre el chrome
2022-06-14 17:52:37,386 - root - INFO -  Entra a la URL
2022-06-14 17:52:37,501 - root - INFO -  Maximiza la pantalla
2022-06-14 17:52:40,561 - root - INFO -  Cambia al frame
2022-06-14 17:52:43,644 - root - INFO -  Escribe el usuario
2022-06-14 17:52:43,715 - root - INFO -  Escribe la contraseña
2022-06-14 17:52:43,812 - root - INFO -  Se dio clic en el boton ingresar
2022-06-14 17:52:49,041 - root - INFO -  Captura: C:\Users\PWST\Desktop\AutoPWST-2.0\01CF\report\img  screen：20220614_17_52_49.png
2022-06-14 17:53:01,837 - root - ERROR - No se pudo encontrar el botón para desplegar el menu completo, revise si el xpath sigue siendo el mismo, para mas detalles del error consulte el reporte
2022-06-14 17:53:01,838 - root - INFO -  Captura: C:\Users\PWST\Desktop\AutoPWST-2.0\01CF\report\img  screen：20220614_17_53_01.png
2022-06-14 17:55:18,414 - root - INFO -  Se abre el chrome
2022-06-14 17:55:23,467 - root - INFO -  Entra a la URL
2022-06-14 17:55:23,590 - root - INFO -  Maximiza la pantalla
2022-06-14 17:55:26,645 - root - INFO -  Cambia al frame
2022-06-14 17:55:29,732 - root - INFO -  Escribe el usuario
2022-06-14 17:55:29,809 - root - INFO -  Escribe la contraseña
2022-06-14 17:55:29,920 - root - INFO -  Se dio clic en el boton ingresar
2022-06-14 17:55:35,139 - root - INFO -  Captura: C:\Users\PWST\Desktop\AutoPWST-2.0\01CF\report\img  screen：20220614_17_55_35.png
2022-06-14 17:56:29,333 - root - ERROR - No se pudo encontrar el botón para desplegar el menu completo, revise si el xpath sigue siendo el mismo, para mas detalles del error consulte el reporte
2022-06-14 17:56:29,333 - root - INFO -  Captura: C:\Users\PWST\Desktop\AutoPWST-2.0\01CF\report\img  screen：20220614_17_56_29.png
