2022-07-01 10:36:11,915 - root - INFO -  Se abre el chrome
2022-07-01 10:36:15,509 - root - INFO -  Entra a la URL
2022-07-01 10:36:15,805 - root - INFO -  Maximiza la pantalla
2022-07-01 10:36:18,913 - root - INFO -  Cambia al frame
2022-07-01 10:36:22,058 - root - INFO -  Escribe el usuario
2022-07-01 10:36:22,386 - root - INFO -  Escribe la contraseña
2022-07-01 10:36:22,731 - root - INFO -  Se dio clic en el boton ingresar
2022-07-01 10:36:25,561 - root - INFO -  Ejecutar Enterprise
2022-07-01 10:36:29,701 - root - INFO -  Cambia entre pestañas
2022-07-01 10:36:45,088 - root - INFO -  Se presiona el boton 'Cerrar Error', para crear un nuevo registro igual al anterior.
2022-07-01 10:36:48,243 - root - INFO -  Abre el menu completo
2022-07-01 10:37:03,521 - root - INFO -  Abre la pantalla de unidades
2022-07-01 10:37:03,566 - root - INFO -  La pantalla ejecutada es Zonas Bancarias.
2022-07-01 10:37:03,664 - root - INFO -  Se presiona el boton 'Nuevo', para crear un nuevo registro.
2022-07-01 10:37:04,267 - root - INFO -  Se abrio la pantalla para el ingreso de un registro nuevo.
2022-07-01 10:37:04,323 - root - INFO -  El campo 'Codigo' si se encuentra visible.
2022-07-01 10:37:04,374 - root - INFO -  El campo 'Codigo alternativo' si se encuentra visible.
2022-07-01 10:37:04,437 - root - INFO -  El campo 'Descrición' si se encuentra visible.
2022-07-01 10:37:06,531 - root - INFO -  El campo 'Repartidor' si se encuentra visible.
2022-07-01 10:37:08,620 - root - INFO -  El campo 'Unidad Negocio' si se encuentra visible.
2022-07-01 10:37:10,736 - root - INFO -  Ingresa el codigo del nuevo registro 
2022-07-01 10:37:14,030 - root - INFO -  Ingresa el codigo alternativo del nuevo registro 
2022-07-01 10:37:17,386 - root - INFO -  Ingresa la descripción del nuevo registro 
2022-07-01 10:37:20,492 - root - INFO -  Ingresa el repartidor del nuevo registro 
2022-07-01 10:37:43,423 - root - INFO -  Se da clic en el boton Guardar; se debe crear un nuevo registro.
2022-07-01 10:37:46,544 - root - INFO -  Se presiona el boton 'Refrescar', para crear un nuevo registro igual al anterior.
2022-07-01 10:37:47,249 - root - INFO -  Se presiona el boton 'Nuevo', para crear un nuevo registro igual al anterior.
2022-07-01 10:37:47,828 - root - INFO -  Se abrio la pantalla para el ingreso de un registro nuevo.
2022-07-01 10:37:47,889 - root - INFO -  El campo 'Codigo' si se encuentra visible.
2022-07-01 10:37:47,951 - root - INFO -  El campo 'Codigo alternativo' si se encuentra visible.
2022-07-01 10:37:48,017 - root - INFO -  El campo 'Descrición' si se encuentra visible.
2022-07-01 10:37:50,086 - root - INFO -  El campo 'Repartidor' si se encuentra visible.
2022-07-01 10:37:52,170 - root - INFO -  El campo 'Unidad Negocio' si se encuentra visible.
2022-07-01 10:37:54,258 - root - INFO -  Ingresa el codigo del nuevo registro 
2022-07-01 10:37:57,409 - root - INFO -  Ingresa el codigo alternativo del nuevo registro 
2022-07-01 10:38:00,683 - root - INFO -  Ingresa la descripción del nuevo registro 
2022-07-01 10:38:03,772 - root - INFO -  Ingresa el repartidor del nuevo registro 
2022-07-01 10:38:26,811 - root - INFO -  Se da clic en el boton Guardar; NO se debe crear un nuevo registro.
2022-07-01 10:38:28,897 - root - INFO -  Se presiona el boton 'Cerrar', para cerrar el mensaje de duplicidad de llave primaria
2022-07-01 10:38:30,994 - root - INFO -  Se presiona el boton 'Cerrar', para cerrar la ventana
2022-07-01 10:38:35,137 - root - INFO -  Se presiona el boton 'Refrescar', para crear un nuevo registro igual al anterior.
2022-07-01 10:38:49,705 - root - INFO -  Se da clic en el registro creado, para proceder a modificarlo.
2022-07-01 10:38:49,949 - root - INFO -  Se modifica el contenido del campo Descripcion
2022-07-01 10:38:53,220 - root - INFO -  Se modifica el contenido del campo Descripcion
2022-07-01 10:38:56,366 - root - INFO -  Se modifica el contenido del campo repartidor
2022-07-01 10:38:59,450 - root - INFO -  Se da clic en el boton Guardar; se debe modificar la informacion del registro.
2022-07-01 10:39:02,572 - root - INFO -  Se presiona el boton 'Refrescar', para proceder a eliminar el registro.
2022-07-01 10:39:20,167 - root - INFO -  Se da clic en el registro creado, para proceder a eliminarlo.
2022-07-01 10:39:20,280 - root - INFO -  Se presiona el boton 'Eliminar', para eliminar el registro.
2022-07-01 10:39:20,895 - root - INFO -  Se confirma el eliminado del registro
2022-07-01 10:39:22,987 - root - INFO -  Se presiona el boton 'Refrescar', para crear un nuevo registro igual al anterior.
2022-07-01 10:39:25,093 - root - INFO -  Se presiona el boton 'Cerrar', para cerrar la pantalla de Categorias Fiscales.
2022-07-01 10:39:29,476 - root - INFO -  Se cierra chrome
