2022-11-25 10:01:53,272 - root - INFO -  Se abre el chrome
2022-11-25 10:01:54,414 - root - INFO -  Entra a la URL
2022-11-25 10:01:54,611 - root - INFO -  Maximiza la pantalla
2022-11-25 10:01:57,659 - root - INFO -  Cambia al frame
2022-11-25 10:02:00,740 - root - INFO -  Escribe el usuario
2022-11-25 10:02:00,859 - root - INFO -  Escribe la contraseña
2022-11-25 10:02:01,004 - root - INFO -  Se dio clic en el boton ingresar
2022-11-25 10:02:01,827 - root - INFO -  Ejecutar Enterprise
2022-11-25 10:02:05,927 - root - INFO -  Cambia entre pestañas
2022-11-25 10:02:09,085 - root - INFO -  Abre el menu completo
2022-11-25 10:02:21,947 - root - INFO -  Abre la pantalla de Familias de Impuestos
2022-11-25 10:02:22,029 - root - INFO -  La pantalla ejecutada es Familias de Impuestos
2022-11-25 10:02:22,030 - root - INFO -  Captura: C:\xampp\htdocs\Versiones\automatizaciones\AutoPWST\01VE\report\img  screen：20221125_10_02_22.png
2022-11-25 10:02:22,661 - root - INFO -  Se presiona el boton 'Nuevo', para crear un nuevo registro.
2022-11-25 10:02:25,746 - root - INFO -  Se abrio la pantalla para el ingreso de un registro nuevo.
2022-11-25 10:02:25,818 - root - INFO -  El campo 'Codigo' si se encuentra visible.
2022-11-25 10:02:25,856 - root - INFO -  El campo 'Código Alternativo' si se encuentra visible.
2022-11-25 10:02:25,895 - root - INFO -  El campo 'Código Usuario' si se encuentra visible.
2022-11-25 10:02:25,933 - root - INFO -  El campo 'Nom Negocio' si se encuentra visible.
2022-11-25 10:02:25,971 - root - INFO -  El campo 'Documento de Identidad' si se encuentra visible.
2022-11-25 10:02:26,010 - root - INFO -  El campo 'Calle' si se encuentra visible.
2022-11-25 10:02:26,049 - root - INFO -  El campo 'Nro. Puerta' si se encuentra visible.
2022-11-25 10:02:26,089 - root - INFO -  El campo 'Esquinas' si se encuentra visible.
2022-11-25 10:02:26,133 - root - INFO -  El campo 'Teléfonos' si se encuentra visible.
2022-11-25 10:02:26,172 - root - INFO -  El campo 'Empresa base' si se encuentra visible.
2022-11-25 10:02:26,224 - root - INFO -  El campo 'Cuenta base' si se encuentra visible.
2022-11-25 10:02:26,273 - root - INFO -  El campo 'Distribuidor base' si se encuentra visible.
2022-11-25 10:02:26,328 - root - INFO -  El campo 'Agencia' si se encuentra visible.
2022-11-25 10:02:26,385 - root - INFO -  El campo 'Oficina' si se encuentra visible.
2022-11-25 10:02:26,439 - root - INFO -  El campo 'Depósito' si se encuentra visible.
2022-11-25 10:02:26,486 - root - INFO -  El campo 'Modelo liquidación' si se encuentra visible.
2022-11-25 10:02:26,533 - root - INFO -  El campo 'Perfil móvil' si se encuentra visible.
2022-11-25 10:02:26,579 - root - INFO -  El campo 'Tipo de Vendedor' si se encuentra visible.
2022-11-25 10:02:26,619 - root - INFO -  El campo 'Plataforma Móvil' si se encuentra visible.
2022-11-25 10:02:26,661 - root - INFO -  El campo 'Fórmula pedido sugerido' si se encuentra visible.
2022-11-25 10:02:26,697 - root - INFO -  El campo 'Habilitar Encuestas' si se encuentra visible.
2022-11-25 10:02:26,759 - root - INFO -  Ingresa el codigo del nuevo registro 
2022-11-25 10:02:27,959 - root - INFO -  Ingresa el codigo alternativo del nuevo registro 
2022-11-25 10:02:29,120 - root - INFO -  Ingresa el codigo usuario del nuevo registro 
2022-11-25 10:02:30,323 - root - INFO -  Ingresa el Nom Negocio del nuevo registro 
2022-11-25 10:02:31,484 - root - INFO -  Ingresa el Documento de Identidad del nuevo registro 
2022-11-25 10:02:32,661 - root - INFO -  Ingresa la calle del nuevo registro 
2022-11-25 10:02:33,806 - root - INFO -  Ingresa el nro puerta del nuevo registro 
2022-11-25 10:02:34,971 - root - INFO -  Ingresa la Esquina 1 del nuevo registro 
2022-11-25 10:02:36,159 - root - INFO -  Ingresa la Esquina 2 del nuevo registro 
2022-11-25 10:02:37,321 - root - INFO -  Ingresa el Telefono 1 del nuevo registro 
2022-11-25 10:02:38,433 - root - INFO -  Ingresa el Telefono 2 del nuevo registro 
2022-11-25 10:04:27,232 - root - INFO -  Captura: C:\xampp\htdocs\Versiones\automatizaciones\AutoPWST\01VE\report\img  screen：20221125_10_04_27.png
2022-11-25 10:04:27,856 - root - INFO - Se hace el cambio de pestaña para continuar con el registro nuevo
2022-11-25 10:04:30,977 - root - INFO -  Se presiona el boton 'Nuevo', para crear un nuevo registro.
2022-11-25 10:04:31,590 - root - INFO -  El campo 'Serie base' si se encuentra visible.
2022-11-25 10:04:31,647 - root - INFO -  El campo 'Tipo Impresora' si se encuentra visible.
2022-11-25 10:04:31,688 - root - INFO -  El campo 'Puerto Impresora' si se encuentra visible.
2022-11-25 10:04:31,726 - root - INFO -  El campo 'Impresora + Lenguaje' si se encuentra visible.
2022-11-25 10:04:31,765 - root - INFO -  El campo 'Clave correlativo' si se encuentra visible.
2022-11-25 10:04:31,805 - root - INFO -  El campo 'Desde número' si se encuentra visible.
2022-11-25 10:04:31,844 - root - INFO -  El campo 'Hasta número' si se encuentra visible.
2022-11-25 10:05:01,787 - root - INFO -  Ingresa la Clave Correlativo del nuevo registro 
2022-11-25 10:05:02,953 - root - INFO -  Ingresa Desde Numero del nuevo registro 
2022-11-25 10:05:04,123 - root - INFO -  Ingresa Hasta Numero del nuevo registro 
2022-11-25 10:05:05,323 - root - INFO -  Se presiona el boton 'Guardar', para guardar el registro.
2022-11-25 10:05:10,406 - root - INFO - Se hace el cambio de pestaña para continuar con el registro nuevo
2022-11-25 10:05:13,510 - root - INFO -  Se presiona el boton 'Nuevo', para crear un nuevo registro.
2022-11-25 10:05:14,084 - root - ERROR - El campo 'Tipo documento' no se muestra visible, validar que la acción anterior haya finalizado,que el xpath sea el correcto o que la página no presente lentitud
2022-11-25 10:05:14,084 - root - INFO -  Captura: C:\xampp\htdocs\Versiones\automatizaciones\AutoPWST\01VE\report\img  screen：20221125_10_05_14.png
2022-11-25 10:05:15,205 - root - ERROR - v Refrescar, validar que la acción anterior haya finalizado,que el xpath sea el correcto o que la página no presente lentitud
2022-11-25 10:05:15,205 - root - INFO -  Captura: C:\xampp\htdocs\Versiones\automatizaciones\AutoPWST\01VE\report\img  screen：20221125_10_05_15.png
2022-11-25 10:05:15,253 - root - ERROR - No se dió click al botón Refrescar, validar que la acción anterior haya finalizado,que el xpath sea el correcto o que la página no presente lentitud
2022-11-25 10:05:15,253 - root - INFO -  Captura: C:\xampp\htdocs\Versiones\automatizaciones\AutoPWST\01VE\report\img  screen：20221125_10_05_15.png
2022-11-25 10:05:15,268 - root - ERROR - No se dió click al botón Refrescar, validar que la acción anterior haya finalizado,que el xpath sea el correcto o que la página no presente lentitud
2022-11-25 10:05:15,268 - root - INFO -  Captura: C:\xampp\htdocs\Versiones\automatizaciones\AutoPWST\01VE\report\img  screen：20221125_10_05_15.png
2022-11-25 10:07:34,853 - root - INFO -  Se abre el chrome
2022-11-25 10:07:36,412 - root - INFO -  Entra a la URL
2022-11-25 10:07:36,573 - root - INFO -  Maximiza la pantalla
2022-11-25 10:07:39,628 - root - INFO -  Cambia al frame
2022-11-25 10:07:42,710 - root - INFO -  Escribe el usuario
2022-11-25 10:07:42,825 - root - INFO -  Escribe la contraseña
2022-11-25 10:07:42,964 - root - INFO -  Se dio clic en el boton ingresar
2022-11-25 10:07:43,763 - root - INFO -  Ejecutar Enterprise
2022-11-25 10:07:47,855 - root - INFO -  Cambia entre pestañas
2022-11-25 10:07:59,554 - root - INFO -  Abre el menu completo
2022-11-25 10:08:12,450 - root - INFO -  Abre la pantalla de Familias de Impuestos
2022-11-25 10:08:12,571 - root - INFO -  La pantalla ejecutada es Familias de Impuestos
2022-11-25 10:08:12,572 - root - INFO -  Captura: C:\xampp\htdocs\Versiones\automatizaciones\AutoPWST\01VE\report\img  screen：20221125_10_08_12.png
2022-11-25 10:08:13,127 - root - INFO -  Se presiona el boton 'Nuevo', para crear un nuevo registro.
2022-11-25 10:08:16,181 - root - INFO -  Se abrio la pantalla para el ingreso de un registro nuevo.
2022-11-25 10:08:16,221 - root - INFO -  El campo 'Codigo' si se encuentra visible.
2022-11-25 10:08:16,259 - root - INFO -  El campo 'Código Alternativo' si se encuentra visible.
2022-11-25 10:08:16,298 - root - INFO -  El campo 'Código Usuario' si se encuentra visible.
2022-11-25 10:08:16,347 - root - INFO -  El campo 'Nom Negocio' si se encuentra visible.
2022-11-25 10:08:16,383 - root - INFO -  El campo 'Documento de Identidad' si se encuentra visible.
2022-11-25 10:08:16,420 - root - INFO -  El campo 'Calle' si se encuentra visible.
2022-11-25 10:08:16,456 - root - INFO -  El campo 'Nro. Puerta' si se encuentra visible.
2022-11-25 10:08:16,492 - root - INFO -  El campo 'Esquinas' si se encuentra visible.
2022-11-25 10:08:16,528 - root - INFO -  El campo 'Teléfonos' si se encuentra visible.
2022-11-25 10:08:16,567 - root - INFO -  El campo 'Empresa base' si se encuentra visible.
2022-11-25 10:08:16,603 - root - INFO -  El campo 'Cuenta base' si se encuentra visible.
2022-11-25 10:08:16,648 - root - INFO -  El campo 'Distribuidor base' si se encuentra visible.
2022-11-25 10:08:16,685 - root - INFO -  El campo 'Agencia' si se encuentra visible.
2022-11-25 10:08:16,721 - root - INFO -  El campo 'Oficina' si se encuentra visible.
2022-11-25 10:08:16,757 - root - INFO -  El campo 'Depósito' si se encuentra visible.
2022-11-25 10:08:16,794 - root - INFO -  El campo 'Modelo liquidación' si se encuentra visible.
2022-11-25 10:08:16,832 - root - INFO -  El campo 'Perfil móvil' si se encuentra visible.
2022-11-25 10:08:16,874 - root - INFO -  El campo 'Tipo de Vendedor' si se encuentra visible.
2022-11-25 10:08:16,915 - root - INFO -  El campo 'Plataforma Móvil' si se encuentra visible.
2022-11-25 10:08:16,952 - root - INFO -  El campo 'Fórmula pedido sugerido' si se encuentra visible.
2022-11-25 10:08:16,988 - root - INFO -  El campo 'Habilitar Encuestas' si se encuentra visible.
2022-11-25 10:08:17,052 - root - INFO -  Ingresa el codigo del nuevo registro 
2022-11-25 10:08:18,229 - root - INFO -  Ingresa el codigo alternativo del nuevo registro 
2022-11-25 10:08:19,415 - root - INFO -  Ingresa el codigo usuario del nuevo registro 
2022-11-25 10:08:20,599 - root - INFO -  Ingresa el Nom Negocio del nuevo registro 
2022-11-25 10:08:21,780 - root - INFO -  Ingresa el Documento de Identidad del nuevo registro 
2022-11-25 10:08:22,994 - root - INFO -  Ingresa la calle del nuevo registro 
2022-11-25 10:08:24,144 - root - INFO -  Ingresa el nro puerta del nuevo registro 
2022-11-25 10:08:25,301 - root - INFO -  Ingresa la Esquina 1 del nuevo registro 
2022-11-25 10:08:26,464 - root - INFO -  Ingresa la Esquina 2 del nuevo registro 
2022-11-25 10:08:27,639 - root - INFO -  Ingresa el Telefono 1 del nuevo registro 
2022-11-25 10:08:28,765 - root - INFO -  Ingresa el Telefono 2 del nuevo registro 
2022-11-25 10:10:17,621 - root - INFO -  Captura: C:\xampp\htdocs\Versiones\automatizaciones\AutoPWST\01VE\report\img  screen：20221125_10_10_17.png
2022-11-25 10:10:18,224 - root - INFO - Se hace el cambio de pestaña para continuar con el registro nuevo
2022-11-25 10:10:21,347 - root - INFO -  Se presiona el boton 'Nuevo', para crear un nuevo registro.
2022-11-25 10:10:21,975 - root - INFO -  El campo 'Serie base' si se encuentra visible.
2022-11-25 10:10:22,033 - root - INFO -  El campo 'Tipo Impresora' si se encuentra visible.
2022-11-25 10:10:22,072 - root - INFO -  El campo 'Puerto Impresora' si se encuentra visible.
2022-11-25 10:10:22,112 - root - INFO -  El campo 'Impresora + Lenguaje' si se encuentra visible.
2022-11-25 10:10:22,150 - root - INFO -  El campo 'Clave correlativo' si se encuentra visible.
2022-11-25 10:10:22,187 - root - INFO -  El campo 'Desde número' si se encuentra visible.
2022-11-25 10:10:22,224 - root - INFO -  El campo 'Hasta número' si se encuentra visible.
2022-11-25 10:10:52,039 - root - INFO -  Ingresa la Clave Correlativo del nuevo registro 
2022-11-25 10:10:53,166 - root - INFO -  Ingresa Desde Numero del nuevo registro 
2022-11-25 10:10:54,349 - root - INFO -  Ingresa Hasta Numero del nuevo registro 
2022-11-25 10:10:55,454 - root - INFO -  Se presiona el boton 'Guardar', para guardar el registro.
2022-11-25 10:11:00,606 - root - INFO - Se hace el cambio de pestaña para continuar con el registro nuevo
2022-11-25 10:11:03,774 - root - INFO -  Se presiona el boton 'Nuevo', para crear un nuevo registro.
2022-11-25 10:11:04,339 - root - ERROR - El campo 'Tipo documento' no se muestra visible, validar que la acción anterior haya finalizado,que el xpath sea el correcto o que la página no presente lentitud
2022-11-25 10:11:04,339 - root - INFO -  Captura: C:\xampp\htdocs\Versiones\automatizaciones\AutoPWST\01VE\report\img  screen：20221125_10_11_04.png
2022-11-25 10:11:05,456 - root - ERROR - v Refrescar, validar que la acción anterior haya finalizado,que el xpath sea el correcto o que la página no presente lentitud
2022-11-25 10:11:05,457 - root - INFO -  Captura: C:\xampp\htdocs\Versiones\automatizaciones\AutoPWST\01VE\report\img  screen：20221125_10_11_05.png
2022-11-25 10:11:05,464 - root - ERROR - No se dió click al botón Refrescar, validar que la acción anterior haya finalizado,que el xpath sea el correcto o que la página no presente lentitud
2022-11-25 10:11:05,465 - root - INFO -  Captura: C:\xampp\htdocs\Versiones\automatizaciones\AutoPWST\01VE\report\img  screen：20221125_10_11_05.png
2022-11-25 10:11:05,470 - root - ERROR - No se dió click al botón Refrescar, validar que la acción anterior haya finalizado,que el xpath sea el correcto o que la página no presente lentitud
2022-11-25 10:11:05,471 - root - INFO -  Captura: C:\xampp\htdocs\Versiones\automatizaciones\AutoPWST\01VE\report\img  screen：20221125_10_11_05.png
