2022-12-26 12:39:25,779 - root - INFO -  Se abre el chrome
2022-12-26 12:41:09,212 - root - INFO -  Se abre el chrome
2022-12-26 12:46:39,385 - root - ERROR - No se pudo encontrar el campo para ingresar el usuario, revise si el xpath sigue siendo el mismo, para mas detalles del error consulte el reporte
2022-12-26 12:46:39,386 - root - INFO -  Captura: C:\xampp\htdocs\versiones\automatizaciones\AutoPWST\01VE\report\img  screen：20221226_12_46_39.png
2022-12-26 12:52:49,233 - root - INFO -  Se abre el chrome
2022-12-26 12:52:50,781 - root - INFO -  Entra a la URL
2022-12-26 12:52:50,923 - root - INFO -  Maximiza la pantalla
2022-12-26 12:52:54,119 - root - INFO -  Escribe el usuario
2022-12-26 12:52:54,266 - root - INFO -  Escribe la contraseña
2022-12-26 12:52:54,407 - root - INFO -  Se dio clic en el boton ingresar
2022-12-26 12:52:55,205 - root - INFO -  Ejecutar Enterprise
2022-12-26 12:52:59,301 - root - INFO -  Cambia entre pestañas
2022-12-26 12:53:08,583 - root - INFO -  Abre la pantalla de Familias de Impuestos
2022-12-26 12:53:09,284 - root - INFO -  La pantalla ejecutada es Familias de Impuestos
2022-12-26 12:53:09,286 - root - INFO -  Captura: C:\xampp\htdocs\versiones\automatizaciones\AutoPWST\01VE\report\img  screen：20221226_12_53_09.png
2022-12-26 12:54:20,105 - root - ERROR - La pantalla ejecutada no es correcta, validar que la acción anterior haya finalizado,que el xpath sea el correcto o que la página no presente lentitud
2022-12-26 12:54:20,108 - root - INFO -  Captura: C:\xampp\htdocs\versiones\automatizaciones\AutoPWST\01VE\report\img  screen：20221226_12_54_20.png
2022-12-26 12:54:25,055 - root - INFO -  Se cierra chrome
2022-12-26 12:54:25,057 - root - ERROR - La pantalla anterior fallo por lo que esta no funcionara, para mas detalles del error consulte el reporte
2022-12-26 12:54:25,059 - root - ERROR - La pantalla anterior fallo por lo que esta no funcionara, para mas detalles del error consulte el reporte
2022-12-26 12:54:25,061 - root - ERROR - La pantalla anterior fallo por lo que esta no funcionara, para mas detalles del error consulte el reporte
