2022-09-12 13:59:10,844 - root - INFO -  Se abre el chrome
2022-09-12 13:59:11,909 - root - INFO -  Entra a la URL
2022-09-12 13:59:12,106 - root - INFO -  Maximiza la pantalla
2022-09-12 13:59:15,166 - root - INFO -  Cambia al frame
2022-09-12 13:59:18,257 - root - INFO -  Escribe el usuario
2022-09-12 13:59:18,384 - root - INFO -  Escribe la contraseña
2022-09-12 13:59:18,518 - root - INFO -  Se dio clic en el boton ingresar
2022-09-12 13:59:19,279 - root - INFO -  Ejecutar Enterprise
2022-09-12 13:59:23,388 - root - INFO -  Cambia entre pestañas
2022-09-12 13:59:29,615 - root - INFO -  Se cerro la actividad
2022-09-12 13:59:31,435 - root - INFO -  Abre el menu completo
2022-09-12 13:59:34,525 - root - ERROR - No se pudo encontrar el menu indicado, revise si el xpath sigue siendo el mismo, para mas detalles del error consulte el reporte
2022-09-12 13:59:34,526 - root - INFO -  Captura: C:\xampp\htdocs\Versiones\automatizaciones\AutoPWST\01VE\report\img  screen：20220912_13_59_34.png
2022-09-12 13:59:35,264 - root - ERROR - La pantalla ejecutada no es correcta, revise si el xpath sigue siendo el mismo, para mas detalles del error consulte el reporte
2022-09-12 13:59:35,264 - root - INFO -  Captura: C:\xampp\htdocs\Versiones\automatizaciones\AutoPWST\01VE\report\img  screen：20220912_13_59_35.png
2022-09-12 13:59:35,288 - root - ERROR - No se encontró el botón Refrescar, revise si el xpath sigue siendo el mismo, para mas detalles del error consulte el reporte
2022-09-12 13:59:35,288 - root - INFO -  Captura: C:\xampp\htdocs\Versiones\automatizaciones\AutoPWST\01VE\report\img  screen：20220912_13_59_35.png
2022-09-12 13:59:35,324 - root - ERROR - No se encontró el botón Refrescar, revise si el xpath sigue siendo el mismo, para mas detalles del error consulte el reporte
2022-09-12 13:59:35,325 - root - INFO -  Captura: C:\xampp\htdocs\Versiones\automatizaciones\AutoPWST\01VE\report\img  screen：20220912_13_59_35.png
2022-09-12 13:59:35,345 - root - ERROR - No se encontró el botón Refrescar, revise si el xpath sigue siendo el mismo, para mas detalles del error consulte el reporte
2022-09-12 13:59:35,346 - root - INFO -  Captura: C:\xampp\htdocs\Versiones\automatizaciones\AutoPWST\01VE\report\img  screen：20220912_13_59_35.png
