2023-01-27 14:41:42,365 - root - INFO -  Se abre el chrome
2023-01-27 14:41:44,464 - root - INFO -  Entra a la URL
2023-01-27 14:41:44,698 - root - INFO -  Maximiza la pantalla
2023-01-27 14:41:48,156 - root - INFO -  Escribe el usuario
2023-01-27 14:41:48,292 - root - INFO -  Escribe la contraseña
2023-01-27 14:41:48,415 - root - INFO -  Se dio clic en el boton ingresar
2023-01-27 14:41:49,692 - root - INFO -  Ejecutar Enterprise
2023-01-27 14:41:53,788 - root - INFO -  Cambia entre pestañas
2023-01-27 14:42:04,922 - root - INFO -  Abre la pantalla de Familias de Impuestos
2023-01-27 14:42:05,468 - root - INFO -  La pantalla ejecutada es Familias de Impuestos
2023-01-27 14:42:05,469 - root - INFO -  Captura: C:\xampp\htdocs\versiones\automatizaciones\AutoPWST\01VE\report\img  screen：20230127_14_42_05.png
2023-01-27 14:42:15,796 - root - INFO -  Se presiona el boton 'Nuevo', para crear un nuevo registro.
2023-01-27 14:42:16,867 - root - INFO -  Se abrio la pantalla para el ingreso de un registro nuevo.
2023-01-27 14:42:16,896 - root - INFO -  El campo 'Codigo' si se encuentra visible.
2023-01-27 14:42:16,943 - root - INFO -  El campo 'Código Alternativo' si se encuentra visible.
2023-01-27 14:42:16,977 - root - INFO -  El campo 'Código Usuario' si se encuentra visible.
2023-01-27 14:42:17,009 - root - INFO -  El campo 'Nom Negocio' si se encuentra visible.
2023-01-27 14:42:17,039 - root - INFO -  El campo 'Documento de Identidad' si se encuentra visible.
2023-01-27 14:42:17,071 - root - INFO -  El campo 'Calle' si se encuentra visible.
2023-01-27 14:42:17,111 - root - INFO -  El campo 'Nro. Puerta' si se encuentra visible.
2023-01-27 14:42:17,150 - root - INFO -  El campo 'Esquinas' si se encuentra visible.
2023-01-27 14:42:17,259 - root - INFO -  El campo 'Teléfonos' si se encuentra visible.
2023-01-27 14:42:17,302 - root - INFO -  El campo 'Empresa base' si se encuentra visible.
2023-01-27 14:42:17,343 - root - INFO -  El campo 'Cuenta base' si se encuentra visible.
2023-01-27 14:42:17,382 - root - INFO -  El campo 'Distribuidor base' si se encuentra visible.
2023-01-27 14:42:17,413 - root - INFO -  El campo 'Agencia' si se encuentra visible.
2023-01-27 14:42:17,457 - root - INFO -  El campo 'Oficina' si se encuentra visible.
2023-01-27 14:42:17,484 - root - INFO -  El campo 'Depósito' si se encuentra visible.
2023-01-27 14:42:17,517 - root - INFO -  El campo 'Modelo liquidación' si se encuentra visible.
2023-01-27 14:42:17,562 - root - INFO -  El campo 'Perfil móvil' si se encuentra visible.
2023-01-27 14:42:17,594 - root - INFO -  El campo 'Tipo de Vendedor' si se encuentra visible.
2023-01-27 14:42:17,657 - root - INFO -  El campo 'Plataforma Móvil' si se encuentra visible.
2023-01-27 14:42:17,701 - root - INFO -  El campo 'Fórmula pedido sugerido' si se encuentra visible.
2023-01-27 14:42:17,747 - root - INFO -  El campo 'Habilitar Encuestas' si se encuentra visible.
2023-01-27 14:42:17,818 - root - INFO -  Ingresa el codigo del nuevo registro 
2023-01-27 14:42:17,958 - root - INFO -  Ingresa el codigo alternativo del nuevo registro 
2023-01-27 14:42:18,069 - root - INFO -  Ingresa el codigo usuario del nuevo registro 
2023-01-27 14:42:18,220 - root - INFO -  Ingresa el Nom Negocio del nuevo registro 
2023-01-27 14:42:18,347 - root - INFO -  Ingresa el Documento de Identidad del nuevo registro 
2023-01-27 14:42:18,468 - root - INFO -  Ingresa la calle del nuevo registro 
2023-01-27 14:42:18,560 - root - INFO -  Ingresa el nro puerta del nuevo registro 
2023-01-27 14:42:18,666 - root - INFO -  Ingresa la Esquina 1 del nuevo registro 
2023-01-27 14:42:18,778 - root - INFO -  Ingresa la Esquina 2 del nuevo registro 
2023-01-27 14:42:18,979 - root - INFO -  Ingresa el Telefono 1 del nuevo registro 
2023-01-27 14:42:19,096 - root - INFO -  Ingresa el Telefono 2 del nuevo registro 
2023-01-27 14:42:35,060 - root - INFO -  Captura: C:\xampp\htdocs\versiones\automatizaciones\AutoPWST\01VE\report\img  screen：20230127_14_42_35.png
2023-01-27 14:42:35,215 - root - INFO - Se hace el cambio de pestaña para continuar con el registro nuevo
2023-01-27 14:42:35,789 - root - INFO -  Se presiona el boton 'Nuevo', para crear un nuevo registro.
2023-01-27 14:42:36,334 - root - INFO -  El campo 'Serie base' si se encuentra visible.
2023-01-27 14:42:36,366 - root - INFO -  El campo 'Tipo Impresora' si se encuentra visible.
2023-01-27 14:42:36,432 - root - INFO -  El campo 'Puerto Impresora' si se encuentra visible.
2023-01-27 14:42:36,480 - root - INFO -  El campo 'Impresora + Lenguaje' si se encuentra visible.
2023-01-27 14:42:36,514 - root - INFO -  El campo 'Clave correlativo' si se encuentra visible.
2023-01-27 14:42:36,545 - root - INFO -  El campo 'Desde número' si se encuentra visible.
2023-01-27 14:42:36,575 - root - INFO -  El campo 'Hasta número' si se encuentra visible.
2023-01-27 14:42:38,720 - root - INFO -  Ingresa la Clave Correlativo del nuevo registro 
2023-01-27 14:42:38,801 - root - INFO -  Ingresa Desde Numero del nuevo registro 
2023-01-27 14:42:38,878 - root - INFO -  Ingresa Hasta Numero del nuevo registro 
2023-01-27 14:42:38,947 - root - INFO -  Se presiona el boton 'Guardar', para guardar el registro.
2023-01-27 14:42:39,237 - root - INFO - Se hace el cambio de pestaña para continuar con el registro nuevo
2023-01-27 14:42:39,810 - root - INFO -  Se presiona el boton 'Nuevo', para crear un nuevo registro.
2023-01-27 14:42:40,351 - root - INFO -  El campo 'Tipo documento' si se encuentra visible.
2023-01-27 14:42:40,377 - root - INFO -  El campo 'Modelo de Impresión' si se encuentra visible.
2023-01-27 14:42:42,612 - root - INFO -  Se presiona el boton 'Guardar', para guardar el registro.
2023-01-27 14:42:42,824 - root - INFO - Se hace el cambio de pestaña para continuar con el registro nuevo
2023-01-27 14:42:43,391 - root - INFO -  Se presiona el boton 'Nuevo', para crear un nuevo registro.
2023-01-27 14:42:43,927 - root - INFO -  El campo 'Tipo Documento 2' si se encuentra visible.
2023-01-27 14:42:43,954 - root - INFO -  El campo 'Modelo de Impresión' si se encuentra visible.
2023-01-27 14:42:46,184 - root - INFO -  Se presiona el boton 'Guardar', para guardar el registro.
2023-01-27 14:42:47,271 - root - INFO -  Se da clic en el boton Guardar; se debe crear un nuevo registro.
2023-01-27 14:42:48,334 - root - INFO -  Se presiona el boton 'Refrescar', para crear un nuevo registro igual al anterior.
2023-01-27 14:42:48,464 - root - INFO -  Se presiona el boton 'Nuevo', para crear un nuevo registro igual al anterior.
2023-01-27 14:42:49,009 - root - INFO -  Se abrio la pantalla para el ingreso de un registro nuevo.
2023-01-27 14:42:49,036 - root - INFO -  El campo 'Codigo' si se encuentra visible.
2023-01-27 14:42:49,063 - root - INFO -  El campo 'Código Alternativo' si se encuentra visible.
2023-01-27 14:42:49,089 - root - INFO -  El campo 'Código Usuario' si se encuentra visible.
2023-01-27 14:42:49,163 - root - INFO -  El campo 'Nom Negocio' si se encuentra visible.
2023-01-27 14:42:49,203 - root - INFO -  El campo 'Documento de Identidad' si se encuentra visible.
2023-01-27 14:42:49,237 - root - INFO -  El campo 'Calle' si se encuentra visible.
2023-01-27 14:42:49,260 - root - INFO -  El campo 'Nro. Puerta' si se encuentra visible.
2023-01-27 14:42:49,288 - root - INFO -  El campo 'Esquinas' si se encuentra visible.
2023-01-27 14:42:49,319 - root - INFO -  El campo 'Teléfonos' si se encuentra visible.
2023-01-27 14:42:49,346 - root - INFO -  El campo 'Empresa base' si se encuentra visible.
2023-01-27 14:42:49,376 - root - INFO -  El campo 'Cuenta base' si se encuentra visible.
2023-01-27 14:42:49,406 - root - INFO -  El campo 'Distribuidor base' si se encuentra visible.
2023-01-27 14:42:49,436 - root - INFO -  El campo 'Agencia' si se encuentra visible.
2023-01-27 14:42:49,468 - root - INFO -  El campo 'Oficina' si se encuentra visible.
2023-01-27 14:42:49,496 - root - INFO -  El campo 'Depósito' si se encuentra visible.
2023-01-27 14:42:49,526 - root - INFO -  El campo 'Modelo liquidación' si se encuentra visible.
2023-01-27 14:42:49,555 - root - INFO -  El campo 'Perfil móvil' si se encuentra visible.
2023-01-27 14:42:49,583 - root - INFO -  El campo 'Tipo de Vendedor' si se encuentra visible.
2023-01-27 14:42:49,612 - root - INFO -  El campo 'Plataforma Móvil' si se encuentra visible.
2023-01-27 14:42:49,641 - root - INFO -  El campo 'Fórmula pedido sugerido' si se encuentra visible.
2023-01-27 14:42:49,669 - root - INFO -  El campo 'Habilitar Encuestas' si se encuentra visible.
2023-01-27 14:42:49,715 - root - INFO -  Ingresa el codigo del nuevo registro 
2023-01-27 14:42:49,793 - root - INFO -  Ingresa el codigo alternativo del nuevo registro 
2023-01-27 14:42:49,880 - root - INFO -  Ingresa el codigo usuario del nuevo registro 
2023-01-27 14:42:50,041 - root - INFO -  Ingresa el Nom Negocio del nuevo registro 
2023-01-27 14:42:50,154 - root - INFO -  Ingresa el Documento de Identidad del nuevo registro 
2023-01-27 14:42:50,298 - root - INFO -  Ingresa la calle del nuevo registro 
2023-01-27 14:42:50,386 - root - INFO -  Ingresa el nro puerta del nuevo registro 
2023-01-27 14:42:50,499 - root - INFO -  Ingresa la Esquina 1 del nuevo registro 
2023-01-27 14:42:50,591 - root - INFO -  Ingresa la Esquina 2 del nuevo registro 
2023-01-27 14:42:50,675 - root - INFO -  Ingresa el Telefono 1 del nuevo registro 
2023-01-27 14:42:50,754 - root - INFO -  Ingresa el Telefono 2 del nuevo registro 
2023-01-27 14:43:05,134 - root - INFO -  Se da clic en el boton Guardar; se debe crear un nuevo registro.
2023-01-27 14:43:06,135 - root - INFO -  Captura: C:\xampp\htdocs\versiones\automatizaciones\AutoPWST\01VE\report\img  screen：20230127_14_43_06.png
2023-01-27 14:43:07,273 - root - INFO -  Captura: C:\xampp\htdocs\versiones\automatizaciones\AutoPWST\01VE\report\img  screen：20230127_14_43_07.png
2023-01-27 14:43:12,622 - root - INFO -  Se presiona el boton 'Cerrar', para cerrar el mensaje de duplicidad de llave primaria
2023-01-27 14:43:13,624 - root - INFO -  Captura: C:\xampp\htdocs\versiones\automatizaciones\AutoPWST\01VE\report\img  screen：20230127_14_43_13.png
2023-01-27 14:43:13,812 - root - INFO -  Se presiona el boton 'Cerrar', para cerrar el mensaje de duplicidad de llave primaria
2023-01-27 14:43:13,941 - root - INFO -  Se presiona el boton 'Cerrar', para cerrar la ventana
2023-01-27 14:43:14,073 - root - INFO -  Se presiona el boton 'Refrescar', para crear un nuevo registro igual al anterior.
2023-01-27 14:43:15,686 - root - INFO -  Se da clic en el registro creado, para proceder a modificarlo.
2023-01-27 14:43:16,350 - root - INFO -  Ingresa el codigo alternativo del nuevo registro 
2023-01-27 14:43:16,533 - root - INFO -  Ingresa el codigo usuario del nuevo registro 
2023-01-27 14:43:16,744 - root - INFO -  Ingresa el Nom Negocio del nuevo registro 
2023-01-27 14:43:16,910 - root - INFO -  Ingresa el Documento de Identidad del nuevo registro 
2023-01-27 14:43:17,081 - root - INFO -  Ingresa la calle del nuevo registro 
2023-01-27 14:43:17,186 - root - INFO -  Ingresa el nro puerta del nuevo registro 
2023-01-27 14:43:17,315 - root - INFO -  Ingresa la Esquina 1 del nuevo registro 
2023-01-27 14:43:17,454 - root - INFO -  Ingresa la Esquina 2 del nuevo registro 
2023-01-27 14:43:17,581 - root - INFO -  Ingresa el Telefono 1 del nuevo registro 
2023-01-27 14:43:17,745 - root - INFO -  Ingresa el Telefono 2 del nuevo registro 
2023-01-27 14:43:32,633 - root - INFO -  Captura: C:\xampp\htdocs\versiones\automatizaciones\AutoPWST\01VE\report\img  screen：20230127_14_43_32.png
2023-01-27 14:43:32,796 - root - INFO - Se hace el cambio de pestaña para continuar con el registro nuevo
2023-01-27 14:43:33,871 - root - INFO -  Se da clic en el registro creado, para proceder a modificarlo.
2023-01-27 14:43:33,955 - root - INFO -  Se presiona el boton 'Eliminar', para eliminar el registro.
2023-01-27 14:43:34,104 - root - INFO -  Se presiona el boton 'Nuevo', para crear un nuevo registro.
2023-01-27 14:43:36,546 - root - INFO -  Ingresa la Clave Correlativo del nuevo registro 
2023-01-27 14:43:36,754 - root - INFO -  Ingresa Desde Numero del nuevo registro 
2023-01-27 14:43:36,906 - root - INFO -  Ingresa Hasta Numero del nuevo registro 
2023-01-27 14:43:36,981 - root - INFO -  Se presiona el boton 'Guardar', para guardar el registro.
2023-01-27 14:43:37,385 - root - INFO - Se hace el cambio de pestaña para continuar con el registro nuevo
2023-01-27 14:43:38,486 - root - INFO -  Se da clic en el registro creado, para proceder a modificarlo.
2023-01-27 14:43:40,244 - root - INFO -  Se presiona el boton 'Guardar', para guardar el registro.
2023-01-27 14:43:40,463 - root - INFO - Se hace el cambio de pestaña para continuar con el registro nuevo
2023-01-27 14:43:41,561 - root - INFO -  Se da clic en el registro creado, para proceder a modificarlo.
2023-01-27 14:43:44,347 - root - INFO -  Se presiona el boton 'Guardar', para guardar el registro.
2023-01-27 14:43:45,463 - root - INFO -  Se da clic en el boton Guardar; se debe modificar la informacion del registro.
2023-01-27 14:43:45,776 - root - INFO -  Se presiona el boton 'Refrescar', para proceder a eliminar el registro.
2023-01-27 14:43:47,444 - root - INFO -  Se da clic en el registro creado, para proceder a eliminarlo.
2023-01-27 14:43:48,147 - root - INFO - Se hace el cambio de pestaña para continuar con el registro nuevo
2023-01-27 14:43:49,250 - root - INFO -  Se da clic en el registro creado, para proceder a modificarlo.
2023-01-27 14:43:49,326 - root - INFO -  Se presiona el boton 'Eliminar', para eliminar el registro.
2023-01-27 14:43:49,479 - root - INFO - Se hace el cambio de pestaña para continuar con el registro nuevo
2023-01-27 14:43:50,591 - root - INFO -  Se da clic en el registro creado, para proceder a modificarlo.
2023-01-27 14:43:50,690 - root - INFO -  Se presiona el boton 'Eliminar', para eliminar el registro.
2023-01-27 14:43:50,791 - root - INFO - Se hace el cambio de pestaña para continuar con el registro nuevo
2023-01-27 14:43:51,867 - root - INFO -  Se da clic en el registro creado, para proceder a modificarlo.
2023-01-27 14:43:51,943 - root - INFO -  Se presiona el boton 'Eliminar', para eliminar el registro.
2023-01-27 14:43:52,325 - root - INFO -  Se da clic en el boton Guardar; se debe modificar la informacion del registro.
2023-01-27 14:43:52,907 - root - INFO -  Se da clic en el registro creado, para proceder a eliminarlo.
2023-01-27 14:43:54,027 - root - INFO -  Se presiona el boton 'Eliminar', para eliminar el registro.
2023-01-27 14:43:54,027 - root - INFO -  Captura: C:\xampp\htdocs\versiones\automatizaciones\AutoPWST\01VE\report\img  screen：20230127_14_43_54.png
2023-01-27 14:43:54,208 - root - INFO -  Se confirma el eliminado del registro
2023-01-27 14:43:54,545 - root - INFO -  Se presiona el boton 'Refrescar', para crear un nuevo registro igual al anterior.
2023-01-27 14:43:54,738 - root - INFO -  Se presiona el boton 'Cerrar', para cerrar la pantalla de Categorias Fiscales.
2023-01-27 14:44:00,802 - root - INFO -  Se cierra chrome
