2022-12-29 09:15:36,827 - root - INFO -  Se abre el chrome
2022-12-29 09:15:38,556 - root - INFO -  Entra a la URL
2022-12-29 09:15:38,686 - root - INFO -  Maximiza la pantalla
2022-12-29 09:15:41,818 - root - INFO -  Escribe el usuario
2022-12-29 09:15:41,938 - root - INFO -  Escribe la contraseña
2022-12-29 09:15:41,998 - root - INFO -  Se dio clic en el boton ingresar
2022-12-29 09:15:43,220 - root - INFO -  Ejecutar Enterprise
2022-12-29 09:15:47,269 - root - INFO -  Cambia entre pestañas
2022-12-29 09:15:56,280 - root - INFO -  Abre la pantalla de Familias de Impuestos
2022-12-29 09:15:56,862 - root - INFO -  La pantalla ejecutada es chequeras
2022-12-29 09:15:56,868 - root - INFO -  Captura: C:\xampp\htdocs\versiones\automatizaciones\AutoPWST\02GPV\report\img  screen：20221229_09_15_56.png
2022-12-29 09:16:07,106 - root - INFO -  Se presiona el boton 'Nuevo', para crear un nuevo registro.
2022-12-29 09:16:07,665 - root - INFO -  Se abrio la pantalla para el ingreso de un registro nuevo.
2022-12-29 09:16:07,698 - root - INFO -  El campo 'Codigo' si se encuentra visible.
2022-12-29 09:16:07,729 - root - INFO -  El campo 'Código Alternativo' si se encuentra visible.
2022-12-29 09:16:07,759 - root - INFO -  El campo 'Descripción' si se encuentra visible.
2022-12-29 09:16:07,789 - root - INFO -  El campo 'Tipo de grupo' si se encuentra visible.
2022-12-29 09:16:08,384 - root - INFO -  Captura: C:\xampp\htdocs\versiones\automatizaciones\AutoPWST\02GPV\report\img  screen：20221229_09_16_08.png
2022-12-29 09:16:08,635 - root - INFO - Se hace el cambio de pestaña para continuar con el registro nuevo
2022-12-29 09:16:09,258 - root - INFO -  Se presiona el boton 'Nuevo', para crear un nuevo registro.
2022-12-29 09:16:09,849 - root - INFO -  El campo 'Artículo base' si se encuentra visible.
2022-12-29 09:16:09,879 - root - INFO -  El campo 'Equivalencia producto base' si se encuentra visible.
2022-12-29 09:16:11,646 - root - INFO -  Se presiona el boton 'Guardar', para guardar el registro.
2022-12-29 09:16:11,918 - root - INFO -  Se da clic en el boton Guardar; se debe crear un nuevo registro.
2022-12-29 09:16:12,221 - root - INFO -  Se presiona el boton 'Refrescar', para crear un nuevo registro igual al anterior.
2022-12-29 09:16:12,460 - root - INFO -  Se presiona el boton 'Nuevo', para crear un nuevo registro igual al anterior.
2022-12-29 09:16:13,731 - root - INFO - Se hace el cambio de pestaña para continuar con el registro nuevo
2022-12-29 09:16:14,311 - root - INFO -  Se presiona el boton 'Nuevo', para crear un nuevo registro.
2022-12-29 09:16:14,861 - root - INFO -  El campo 'Artículo base' si se encuentra visible.
2022-12-29 09:16:14,888 - root - INFO -  El campo 'Equivalencia producto base' si se encuentra visible.
2022-12-29 09:16:16,565 - root - INFO -  Se presiona el boton 'Guardar', para guardar el registro.
2022-12-29 09:16:16,830 - root - INFO -  Se da clic en el boton Guardar; se debe crear un nuevo registro.
2022-12-29 09:16:17,842 - root - INFO -  Captura: C:\xampp\htdocs\versiones\automatizaciones\AutoPWST\02GPV\report\img  screen：20221229_09_16_17.png
2022-12-29 09:16:23,422 - root - ERROR - v Cerrar, validar que la acción anterior haya finalizado,que el xpath sea el correcto o que la página no presente lentitud
2022-12-29 09:16:23,423 - root - INFO -  Captura: C:\xampp\htdocs\versiones\automatizaciones\AutoPWST\02GPV\report\img  screen：20221229_09_16_23.png
2022-12-29 09:16:23,781 - root - INFO -  Se presiona el boton 'Cerrar', para cerrar la pantalla.
2022-12-29 09:16:23,947 - root - INFO -  Se presiona el boton 'Refrescar', para crear un nuevo registro igual al anterior.
2022-12-29 09:16:24,253 - root - ERROR - No se encontró el registro, revise si el xpath sigue siendo el mismo, revise la accion anterior si el xpath es el correcto o el tiempo de la accion
2022-12-29 09:16:24,253 - root - INFO -  Captura: C:\xampp\htdocs\versiones\automatizaciones\AutoPWST\02GPV\report\img  screen：20221229_09_16_24.png
2022-12-29 09:17:24,913 - root - ERROR - No se encontró el botón Cerrar, revise si el xpath sigue siendo el mismo, para mas detalles del error consulte el reporte
2022-12-29 09:17:27,925 - root - INFO -  Captura: C:\xampp\htdocs\versiones\automatizaciones\AutoPWST\02GPV\report\img  screen：20221229_09_17_27.png
2022-12-29 09:17:28,483 - root - ERROR - No se dió click al botón Refrescar, revise si el xpath sigue siendo el mismo, revise la accion anterior si el xpath es el correcto o el tiempo de la accion
2022-12-29 09:17:28,484 - root - INFO -  Captura: C:\xampp\htdocs\versiones\automatizaciones\AutoPWST\02GPV\report\img  screen：20221229_09_17_28.png
2022-12-29 09:20:45,373 - root - INFO -  Se abre el chrome
2022-12-29 09:20:46,792 - root - INFO -  Entra a la URL
2022-12-29 09:20:46,919 - root - INFO -  Maximiza la pantalla
2022-12-29 09:20:50,066 - root - INFO -  Escribe el usuario
2022-12-29 09:20:50,134 - root - INFO -  Escribe la contraseña
2022-12-29 09:20:50,195 - root - INFO -  Se dio clic en el boton ingresar
2022-12-29 09:20:50,901 - root - INFO -  Ejecutar Enterprise
2022-12-29 09:20:54,964 - root - INFO -  Cambia entre pestañas
2022-12-29 09:21:05,645 - root - INFO -  Abre la pantalla de Familias de Impuestos
2022-12-29 09:21:06,220 - root - INFO -  La pantalla ejecutada es chequeras
2022-12-29 09:21:06,220 - root - INFO -  Captura: C:\xampp\htdocs\versiones\automatizaciones\AutoPWST\02GPV\report\img  screen：20221229_09_21_06.png
2022-12-29 09:21:06,949 - root - INFO -  Se da clic en el registro creado, para proceder a modificarlo.
2022-12-29 09:21:28,728 - root - INFO -  Se abre el chrome
2022-12-29 09:21:30,149 - root - INFO -  Entra a la URL
2022-12-29 09:21:30,285 - root - INFO -  Maximiza la pantalla
2022-12-29 09:21:33,451 - root - INFO -  Escribe el usuario
2022-12-29 09:21:33,567 - root - INFO -  Escribe la contraseña
2022-12-29 09:21:33,662 - root - INFO -  Se dio clic en el boton ingresar
2022-12-29 09:21:34,381 - root - INFO -  Ejecutar Enterprise
2022-12-29 09:21:38,426 - root - INFO -  Cambia entre pestañas
2022-12-29 09:21:49,042 - root - INFO -  Abre la pantalla de Familias de Impuestos
2022-12-29 09:21:49,629 - root - INFO -  La pantalla ejecutada es chequeras
2022-12-29 09:21:49,630 - root - INFO -  Captura: C:\xampp\htdocs\versiones\automatizaciones\AutoPWST\02GPV\report\img  screen：20221229_09_21_49.png
2022-12-29 09:21:50,353 - root - INFO -  Se da clic en el registro creado, para proceder a modificarlo.
2022-12-29 09:21:50,948 - root - INFO - Se hace el cambio de pestaña para continuar con el registro nuevo
2022-12-29 09:22:50,974 - root - ERROR - No se encontró el registro, revise si el xpath sigue siendo el mismo, para mas detalles del error consulte el reporte
2022-12-29 09:22:50,975 - root - INFO -  Captura: C:\xampp\htdocs\versiones\automatizaciones\AutoPWST\02GPV\report\img  screen：20221229_09_22_50.png
2022-12-29 09:22:55,518 - root - INFO -  Se cierra chrome
2022-12-29 09:22:55,519 - root - ERROR - La pantalla anterior fallo por lo que esta no funcionara, para mas detalles del error consulte el reporte
2022-12-29 09:22:55,520 - root - ERROR - La pantalla anterior fallo por lo que esta no funcionara, para mas detalles del error consulte el reporte
2022-12-29 09:22:55,521 - root - ERROR - La pantalla anterior fallo por lo que esta no funcionara, para mas detalles del error consulte el reporte
2022-12-29 09:22:55,521 - root - ERROR - La pantalla anterior fallo por lo que esta no funcionara, para mas detalles del error consulte el reporte
2022-12-29 09:25:08,815 - root - INFO -  Se abre el chrome
2022-12-29 09:25:09,925 - root - INFO -  Entra a la URL
2022-12-29 09:25:10,053 - root - INFO -  Maximiza la pantalla
2022-12-29 09:25:13,170 - root - INFO -  Escribe el usuario
2022-12-29 09:25:13,246 - root - INFO -  Escribe la contraseña
2022-12-29 09:25:13,308 - root - INFO -  Se dio clic en el boton ingresar
2022-12-29 09:25:14,007 - root - INFO -  Ejecutar Enterprise
2022-12-29 09:25:18,052 - root - INFO -  Cambia entre pestañas
2022-12-29 09:25:28,911 - root - INFO -  Abre la pantalla de Familias de Impuestos
2022-12-29 09:25:29,472 - root - INFO -  La pantalla ejecutada es chequeras
2022-12-29 09:25:29,473 - root - INFO -  Captura: C:\xampp\htdocs\versiones\automatizaciones\AutoPWST\02GPV\report\img  screen：20221229_09_25_29.png
2022-12-29 09:25:30,211 - root - INFO -  Se da clic en el registro creado, para proceder a modificarlo.
2022-12-29 09:25:30,816 - root - INFO - Se hace el cambio de pestaña para continuar con el registro nuevo
2022-12-29 09:25:36,739 - root - INFO -  Se da clic en el registro creado, para proceder a modificarlo.
2022-12-29 09:25:36,804 - root - INFO -  Se presiona el boton 'Eliminar', para eliminar el registro.
2022-12-29 09:25:36,926 - root - INFO -  Se da clic en el boton Guardar; se debe modificar la informacion del registro.
2022-12-29 09:25:37,507 - root - INFO -  Se da clic en el registro creado, para proceder a modificarlo.
2022-12-29 09:25:37,579 - root - INFO -  Se presiona el boton 'Eliminar', para eliminar el registro.
2022-12-29 09:25:38,173 - root - INFO -  Se confirma el eliminado del registro
2022-12-29 09:25:38,473 - root - INFO -  Se presiona el boton 'Refrescar', para crear un nuevo registro igual al anterior.
2022-12-29 09:25:38,677 - root - INFO -  Se presiona el boton 'Nuevo', para crear un nuevo registro.
2022-12-29 09:25:39,259 - root - INFO -  Se abrio la pantalla para el ingreso de un registro nuevo.
2022-12-29 09:25:39,293 - root - INFO -  El campo 'Codigo' si se encuentra visible.
2022-12-29 09:25:39,346 - root - INFO -  El campo 'Código Alternativo' si se encuentra visible.
2022-12-29 09:25:39,377 - root - INFO -  El campo 'Descripción' si se encuentra visible.
2022-12-29 09:25:39,406 - root - INFO -  El campo 'Tipo de grupo' si se encuentra visible.
2022-12-29 09:25:39,987 - root - INFO -  Captura: C:\xampp\htdocs\versiones\automatizaciones\AutoPWST\02GPV\report\img  screen：20221229_09_25_39.png
2022-12-29 09:25:40,200 - root - INFO - Se hace el cambio de pestaña para continuar con el registro nuevo
2022-12-29 09:25:40,807 - root - INFO -  Se presiona el boton 'Nuevo', para crear un nuevo registro.
2022-12-29 09:25:41,359 - root - INFO -  El campo 'Artículo base' si se encuentra visible.
2022-12-29 09:25:41,388 - root - INFO -  El campo 'Equivalencia producto base' si se encuentra visible.
2022-12-29 09:25:43,110 - root - INFO -  Se presiona el boton 'Guardar', para guardar el registro.
2022-12-29 09:25:43,372 - root - INFO -  Se da clic en el boton Guardar; se debe crear un nuevo registro.
2022-12-29 09:25:43,624 - root - INFO -  Se presiona el boton 'Refrescar', para crear un nuevo registro igual al anterior.
2022-12-29 09:25:43,843 - root - INFO -  Se presiona el boton 'Nuevo', para crear un nuevo registro igual al anterior.
2022-12-29 09:25:45,063 - root - INFO - Se hace el cambio de pestaña para continuar con el registro nuevo
2022-12-29 09:25:45,666 - root - INFO -  Se presiona el boton 'Nuevo', para crear un nuevo registro.
2022-12-29 09:25:46,226 - root - INFO -  El campo 'Artículo base' si se encuentra visible.
2022-12-29 09:25:46,252 - root - INFO -  El campo 'Equivalencia producto base' si se encuentra visible.
2022-12-29 09:25:48,093 - root - INFO -  Se presiona el boton 'Guardar', para guardar el registro.
2022-12-29 09:25:48,364 - root - INFO -  Se da clic en el boton Guardar; se debe crear un nuevo registro.
2022-12-29 09:25:49,367 - root - INFO -  Captura: C:\xampp\htdocs\versiones\automatizaciones\AutoPWST\02GPV\report\img  screen：20221229_09_25_49.png
2022-12-29 09:25:54,909 - root - INFO -  Se presiona el boton 'Cerrar', para cerrar el mensaje de duplicidad de llave primaria
2022-12-29 09:25:55,924 - root - INFO -  Captura: C:\xampp\htdocs\versiones\automatizaciones\AutoPWST\02GPV\report\img  screen：20221229_09_25_55.png
2022-12-29 09:25:56,190 - root - INFO -  Se presiona el boton 'Cerrar', para cerrar el mensaje de duplicidad de llave primaria
2022-12-29 09:25:56,826 - root - INFO -  Se presiona el boton 'Cerrar', para cerrar la ventana
2022-12-29 09:25:56,944 - root - INFO -  Se presiona el boton 'Refrescar', para crear un nuevo registro igual al anterior.
2022-12-29 09:25:57,243 - root - ERROR - No se encontró el registro, revise si el xpath sigue siendo el mismo, revise la accion anterior si el xpath es el correcto o el tiempo de la accion
2022-12-29 09:25:57,244 - root - INFO -  Captura: C:\xampp\htdocs\versiones\automatizaciones\AutoPWST\02GPV\report\img  screen：20221229_09_25_57.png
2022-12-29 09:26:57,771 - root - ERROR - No se encontró el botón Cerrar, revise si el xpath sigue siendo el mismo, para mas detalles del error consulte el reporte
2022-12-29 09:27:00,776 - root - INFO -  Captura: C:\xampp\htdocs\versiones\automatizaciones\AutoPWST\02GPV\report\img  screen：20221229_09_27_00.png
2022-12-29 09:27:17,256 - root - ERROR - No se dió click al botón Refrescar, revise si el xpath sigue siendo el mismo, revise la accion anterior si el xpath es el correcto o el tiempo de la accion
2022-12-29 09:27:17,257 - root - INFO -  Captura: C:\xampp\htdocs\versiones\automatizaciones\AutoPWST\02GPV\report\img  screen：20221229_09_27_17.png
2022-12-29 09:27:55,627 - root - INFO -  Se abre el chrome
2022-12-29 09:27:56,928 - root - INFO -  Entra a la URL
2022-12-29 09:27:57,052 - root - INFO -  Maximiza la pantalla
2022-12-29 09:28:00,158 - root - INFO -  Escribe el usuario
2022-12-29 09:28:00,229 - root - INFO -  Escribe la contraseña
2022-12-29 09:28:00,293 - root - INFO -  Se dio clic en el boton ingresar
2022-12-29 09:28:00,990 - root - INFO -  Ejecutar Enterprise
2022-12-29 09:28:05,070 - root - INFO -  Cambia entre pestañas
2022-12-29 09:28:16,540 - root - INFO -  Abre la pantalla de Familias de Impuestos
2022-12-29 09:28:17,130 - root - INFO -  La pantalla ejecutada es chequeras
2022-12-29 09:28:17,131 - root - INFO -  Captura: C:\xampp\htdocs\versiones\automatizaciones\AutoPWST\02GPV\report\img  screen：20221229_09_28_17.png
2022-12-29 09:28:17,869 - root - INFO -  Se da clic en el registro creado, para proceder a modificarlo.
2022-12-29 09:28:18,462 - root - INFO - Se hace el cambio de pestaña para continuar con el registro nuevo
2022-12-29 09:28:24,404 - root - INFO -  Se da clic en el registro creado, para proceder a modificarlo.
2022-12-29 09:28:24,475 - root - INFO -  Se presiona el boton 'Eliminar', para eliminar el registro.
2022-12-29 09:28:24,612 - root - INFO -  Se da clic en el boton Guardar; se debe modificar la informacion del registro.
2022-12-29 09:28:25,206 - root - INFO -  Se da clic en el registro creado, para proceder a modificarlo.
2022-12-29 09:28:25,287 - root - INFO -  Se presiona el boton 'Eliminar', para eliminar el registro.
2022-12-29 09:28:25,854 - root - INFO -  Se confirma el eliminado del registro
2022-12-29 09:28:26,123 - root - INFO -  Se presiona el boton 'Refrescar', para crear un nuevo registro igual al anterior.
2022-12-29 09:28:26,392 - root - INFO -  Se presiona el boton 'Nuevo', para crear un nuevo registro.
2022-12-29 09:28:26,943 - root - INFO -  Se abrio la pantalla para el ingreso de un registro nuevo.
2022-12-29 09:28:26,973 - root - INFO -  El campo 'Codigo' si se encuentra visible.
2022-12-29 09:28:27,003 - root - INFO -  El campo 'Código Alternativo' si se encuentra visible.
2022-12-29 09:28:27,033 - root - INFO -  El campo 'Descripción' si se encuentra visible.
2022-12-29 09:28:27,064 - root - INFO -  El campo 'Tipo de grupo' si se encuentra visible.
2022-12-29 09:28:27,656 - root - INFO -  Captura: C:\xampp\htdocs\versiones\automatizaciones\AutoPWST\02GPV\report\img  screen：20221229_09_28_27.png
2022-12-29 09:28:27,903 - root - INFO - Se hace el cambio de pestaña para continuar con el registro nuevo
2022-12-29 09:28:28,511 - root - INFO -  Se presiona el boton 'Nuevo', para crear un nuevo registro.
2022-12-29 09:28:29,071 - root - INFO -  El campo 'Artículo base' si se encuentra visible.
2022-12-29 09:28:29,105 - root - INFO -  El campo 'Equivalencia producto base' si se encuentra visible.
2022-12-29 09:28:30,875 - root - INFO -  Se presiona el boton 'Guardar', para guardar el registro.
2022-12-29 09:28:31,133 - root - INFO -  Se da clic en el boton Guardar; se debe crear un nuevo registro.
2022-12-29 09:28:31,392 - root - INFO -  Se presiona el boton 'Refrescar', para crear un nuevo registro igual al anterior.
2022-12-29 09:28:31,606 - root - INFO -  Se presiona el boton 'Nuevo', para crear un nuevo registro igual al anterior.
2022-12-29 09:28:32,802 - root - INFO - Se hace el cambio de pestaña para continuar con el registro nuevo
2022-12-29 09:28:33,410 - root - INFO -  Se presiona el boton 'Nuevo', para crear un nuevo registro.
2022-12-29 09:28:34,004 - root - INFO -  El campo 'Artículo base' si se encuentra visible.
2022-12-29 09:28:34,030 - root - INFO -  El campo 'Equivalencia producto base' si se encuentra visible.
2022-12-29 09:28:35,794 - root - INFO -  Se presiona el boton 'Guardar', para guardar el registro.
2022-12-29 09:28:36,079 - root - INFO -  Se da clic en el boton Guardar; se debe crear un nuevo registro.
2022-12-29 09:28:37,087 - root - INFO -  Captura: C:\xampp\htdocs\versiones\automatizaciones\AutoPWST\02GPV\report\img  screen：20221229_09_28_37.png
2022-12-29 09:28:42,715 - root - INFO -  Se presiona el boton 'Cerrar', para cerrar el mensaje de duplicidad de llave primaria
2022-12-29 09:28:43,726 - root - INFO -  Captura: C:\xampp\htdocs\versiones\automatizaciones\AutoPWST\02GPV\report\img  screen：20221229_09_28_43.png
2022-12-29 09:28:43,961 - root - INFO -  Se presiona el boton 'Cerrar', para cerrar el mensaje de duplicidad de llave primaria
2022-12-29 09:28:44,548 - root - INFO -  Se presiona el boton 'Cerrar', para cerrar la ventana
2022-12-29 09:28:44,664 - root - INFO -  Se presiona el boton 'Refrescar', para crear un nuevo registro igual al anterior.
2022-12-29 09:28:46,305 - root - INFO -  Se da clic en el registro creado, para proceder a modificarlo.
2022-12-29 09:28:47,375 - root - INFO -  Captura: C:\xampp\htdocs\versiones\automatizaciones\AutoPWST\02GPV\report\img  screen：20221229_09_28_47.png
2022-12-29 09:28:47,603 - root - INFO - Se hace el cambio de pestaña para continuar con el registro nuevo
2022-12-29 09:28:48,731 - root - INFO -  Se da clic en el registro creado, para proceder a modificarlo.
2022-12-29 09:28:48,792 - root - INFO -  Se presiona el boton 'Eliminar', para eliminar el registro.
2022-12-29 09:28:48,915 - root - INFO -  Se presiona el boton 'Nuevo', para crear un nuevo registro.
2022-12-29 09:28:49,477 - root - INFO -  El campo 'Artículo base' si se encuentra visible.
2022-12-29 09:28:49,504 - root - INFO -  El campo 'Equivalencia producto base' si se encuentra visible.
2022-12-29 09:28:51,323 - root - INFO -  Se presiona el boton 'Guardar', para guardar el registro.
2022-12-29 09:28:51,590 - root - INFO - Se hace el cambio de pestaña para continuar con el registro nuevo
2022-12-29 09:28:52,154 - root - INFO -  El campo 'Artículo base rendimiento base' si se encuentra visible.
2022-12-29 09:28:53,863 - root - INFO -  Se da clic en el boton Guardar; se debe modificar la informacion del registro.
2022-12-29 09:28:54,181 - root - INFO -  Se presiona el boton 'Refrescar', para proceder a eliminar el registro.
2022-12-29 09:28:55,781 - root - INFO -  Se da clic en el registro creado, para proceder a eliminarlo.
2022-12-29 09:28:56,378 - root - INFO - Se hace el cambio de pestaña para continuar con el registro nuevo
2022-12-29 09:28:57,466 - root - INFO -  Se da clic en el registro creado, para proceder a modificarlo.
2022-12-29 09:28:57,531 - root - INFO -  Se presiona el boton 'Eliminar', para eliminar el registro.
2022-12-29 09:28:57,649 - root - INFO -  Se da clic en el boton Guardar; se debe modificar la informacion del registro.
2022-12-29 09:28:58,239 - root - INFO -  Se da clic en el registro creado, para proceder a modificarlo.
2022-12-29 09:28:58,318 - root - INFO -  Se presiona el boton 'Eliminar', para eliminar el registro.
2022-12-29 09:28:59,329 - root - INFO -  Captura: C:\xampp\htdocs\versiones\automatizaciones\AutoPWST\02GPV\report\img  screen：20221229_09_28_59.png
2022-12-29 09:28:59,539 - root - INFO -  Se confirma el eliminado del registro
2022-12-29 09:28:59,779 - root - INFO -  Se presiona el boton 'Refrescar', para crear un nuevo registro igual al anterior.
2022-12-29 09:28:59,973 - root - INFO -  Se presiona el boton 'Cerrar', para cerrar la pantalla de presupuestos.
2022-12-29 09:29:04,241 - root - INFO -  Se cierra chrome
