2022-11-29 18:04:28,773 - root - INFO -  Se abre el chrome
2022-11-29 18:04:29,717 - root - INFO -  Entra a la URL
2022-11-29 18:04:29,888 - root - INFO -  Maximiza la pantalla
2022-11-29 18:04:32,992 - root - INFO -  Escribe el usuario
2022-11-29 18:04:33,112 - root - INFO -  Escribe la contraseña
2022-11-29 18:04:33,205 - root - INFO -  Se dio clic en el boton ingresar
2022-11-29 18:04:33,948 - root - INFO -  Ejecutar Enterprise
2022-11-29 18:04:37,999 - root - INFO -  Cambia entre pestañas
2022-11-29 18:04:48,085 - root - INFO -  Abre el menu completo
2022-11-29 18:05:02,053 - root - INFO -  Abre la pantalla de Familias de Impuestos
2022-11-29 18:05:02,173 - root - INFO -  La pantalla ejecutada es chequeras
2022-11-29 18:05:02,173 - root - INFO -  Captura: C:\xampp\htdocs\Versiones\automatizaciones\AutoPWST\02GPV\report\img  screen：20221129_18_05_02.png
2022-11-29 18:05:02,706 - root - INFO -  Se presiona el boton 'Nuevo', para crear un nuevo registro.
2022-11-29 18:05:07,775 - root - INFO -  Se abrio la pantalla para el ingreso de un registro nuevo.
2022-11-29 18:05:07,815 - root - INFO -  El campo 'Codigo' si se encuentra visible.
2022-11-29 18:05:07,853 - root - INFO -  El campo 'Código Alternativo' si se encuentra visible.
2022-11-29 18:05:08,918 - root - INFO -  El campo 'Descripción' si se encuentra visible.
2022-11-29 18:05:09,989 - root - INFO -  El campo 'Tipo de grupo' si se encuentra visible.
2022-11-29 18:05:21,897 - root - INFO -  Captura: C:\xampp\htdocs\Versiones\automatizaciones\AutoPWST\02GPV\report\img  screen：20221129_18_05_21.png
2022-11-29 18:05:22,521 - root - INFO - Se hace el cambio de pestaña para continuar con el registro nuevo
2022-11-29 18:05:25,667 - root - INFO -  Se presiona el boton 'Nuevo', para crear un nuevo registro.
2022-11-29 18:05:26,221 - root - INFO -  El campo 'Artículo base' si se encuentra visible.
2022-11-29 18:05:27,310 - root - INFO -  El campo 'Equivalencia producto base' si se encuentra visible.
2022-11-29 18:05:38,084 - root - INFO -  Se presiona el boton 'Guardar', para guardar el registro.
2022-11-29 18:05:43,209 - root - INFO -  Se da clic en el boton Guardar; se debe crear un nuevo registro.
2022-11-29 18:05:58,326 - root - INFO -  Se presiona el boton 'Refrescar', para crear un nuevo registro igual al anterior.
2022-11-29 18:06:06,447 - root - INFO -  Se presiona el boton 'Nuevo', para crear un nuevo registro igual al anterior.
2022-11-29 18:06:22,414 - root - INFO - Se hace el cambio de pestaña para continuar con el registro nuevo
2022-11-29 18:06:25,516 - root - INFO -  Se presiona el boton 'Nuevo', para crear un nuevo registro.
2022-11-29 18:06:26,064 - root - INFO -  El campo 'Artículo base' si se encuentra visible.
2022-11-29 18:06:27,152 - root - INFO -  El campo 'Equivalencia producto base' si se encuentra visible.
2022-11-29 18:06:37,891 - root - INFO -  Se presiona el boton 'Guardar', para guardar el registro.
2022-11-29 18:06:42,991 - root - INFO -  Se da clic en el boton Guardar; se debe crear un nuevo registro.
2022-11-29 18:06:49,992 - root - INFO -  Captura: C:\xampp\htdocs\Versiones\automatizaciones\AutoPWST\02GPV\report\img  screen：20221129_18_06_49.png
2022-11-29 18:06:50,826 - root - INFO -  Se presiona el boton 'Cerrar', para cerrar el mensaje de duplicidad de llave primaria
2022-11-29 18:06:55,933 - root - INFO -  Se presiona el boton 'Cerrar', para cerrar la ventana
2022-11-29 18:06:59,990 - root - INFO -  Se presiona el boton 'Refrescar', para crear un nuevo registro igual al anterior.
2022-11-29 18:07:12,691 - root - INFO -  Se da clic en el registro creado, para proceder a modificarlo.
2022-11-29 18:07:22,387 - root - INFO -  Captura: C:\xampp\htdocs\Versiones\automatizaciones\AutoPWST\02GPV\report\img  screen：20221129_18_07_22.png
2022-11-29 18:07:22,989 - root - INFO - Se hace el cambio de pestaña para continuar con el registro nuevo
2022-11-29 18:07:35,627 - root - INFO -  Se da clic en el registro creado, para proceder a modificarlo.
2022-11-29 18:07:38,780 - root - INFO -  Se presiona el boton 'Eliminar', para eliminar el registro.
2022-11-29 18:07:38,885 - root - INFO -  Se presiona el boton 'Nuevo', para crear un nuevo registro.
2022-11-29 18:07:39,506 - root - INFO -  El campo 'Artículo base' si se encuentra visible.
2022-11-29 18:07:40,611 - root - INFO -  El campo 'Equivalencia producto base' si se encuentra visible.
2022-11-29 18:07:51,427 - root - INFO -  Se presiona el boton 'Guardar', para guardar el registro.
2022-11-29 18:07:56,565 - root - INFO - Se hace el cambio de pestaña para continuar con el registro nuevo
2022-11-29 18:07:59,646 - root - INFO -  El campo 'Artículo base rendimiento base' si se encuentra visible.
2022-11-29 18:08:09,270 - root - INFO -  Se da clic en el boton Guardar; se debe modificar la informacion del registro.
2022-11-29 18:08:15,425 - root - INFO -  Se presiona el boton 'Refrescar', para proceder a eliminar el registro.
2022-11-29 18:08:27,129 - root - INFO -  Se da clic en el registro creado, para proceder a eliminarlo.
2022-11-29 18:08:27,262 - root - INFO - Se hace el cambio de pestaña para continuar con el registro nuevo
2022-11-29 18:08:39,883 - root - INFO -  Se da clic en el registro creado, para proceder a modificarlo.
2022-11-29 18:08:42,980 - root - INFO -  Se presiona el boton 'Eliminar', para eliminar el registro.
2022-11-29 18:08:43,055 - root - INFO -  Se da clic en el boton Guardar; se debe modificar la informacion del registro.
2022-11-29 18:08:55,613 - root - INFO -  Se da clic en el registro creado, para proceder a modificarlo.
2022-11-29 18:08:55,685 - root - INFO -  Se presiona el boton 'Eliminar', para eliminar el registro.
2022-11-29 18:09:00,687 - root - INFO -  Captura: C:\xampp\htdocs\Versiones\automatizaciones\AutoPWST\02GPV\report\img  screen：20221129_18_09_00.png
2022-11-29 18:09:01,306 - root - INFO -  Se confirma el eliminado del registro
2022-11-29 18:09:06,374 - root - INFO -  Se presiona el boton 'Refrescar', para crear un nuevo registro igual al anterior.
2022-11-29 18:09:11,439 - root - INFO -  Se presiona el boton 'Cerrar', para cerrar la pantalla de presupuestos.
2022-11-29 18:09:17,878 - root - INFO -  Se cierra chrome
