2022-12-26 13:32:04,328 - root - INFO -  Se abre el chrome
2022-12-26 13:32:05,549 - root - INFO -  Entra a la URL
2022-12-26 13:32:05,681 - root - INFO -  Maximiza la pantalla
2022-12-26 13:32:08,788 - root - INFO -  Escribe el usuario
2022-12-26 13:32:08,907 - root - INFO -  Escribe la contraseña
2022-12-26 13:32:09,005 - root - INFO -  Se dio clic en el boton ingresar
2022-12-26 13:32:09,759 - root - INFO -  Ejecutar Enterprise
2022-12-26 13:32:13,819 - root - INFO -  Cambia entre pestañas
2022-12-26 13:32:17,871 - root - INFO -  Abre la pantalla de Familias de Impuestos
2022-12-26 13:32:18,452 - root - INFO -  La pantalla ejecutada es chequeras
2022-12-26 13:32:18,462 - root - INFO -  Captura: C:\xampp\htdocs\Versiones\automatizaciones\AutoPWST\02GPV\report\img  screen：20221226_13_32_18.png
2022-12-26 13:32:18,710 - root - INFO -  Se presiona el boton 'Nuevo', para crear un nuevo registro.
2022-12-26 13:32:19,279 - root - INFO -  Se abrio la pantalla para el ingreso de un registro nuevo.
2022-12-26 13:32:19,321 - root - INFO -  El campo 'Codigo' si se encuentra visible.
2022-12-26 13:32:19,362 - root - INFO -  El campo 'Código Alternativo' si se encuentra visible.
2022-12-26 13:32:19,401 - root - INFO -  El campo 'Descripción' si se encuentra visible.
2022-12-26 13:32:19,443 - root - INFO -  El campo 'Tipo de grupo' si se encuentra visible.
2022-12-26 13:32:20,136 - root - INFO -  Captura: C:\xampp\htdocs\Versiones\automatizaciones\AutoPWST\02GPV\report\img  screen：20221226_13_32_20.png
2022-12-26 13:32:20,379 - root - INFO - Se hace el cambio de pestaña para continuar con el registro nuevo
2022-12-26 13:32:20,973 - root - INFO -  Se presiona el boton 'Nuevo', para crear un nuevo registro.
2022-12-26 13:32:21,530 - root - INFO -  El campo 'Artículo base' si se encuentra visible.
2022-12-26 13:32:21,576 - root - INFO -  El campo 'Equivalencia producto base' si se encuentra visible.
2022-12-26 13:32:23,412 - root - INFO -  Se presiona el boton 'Guardar', para guardar el registro.
2022-12-26 13:32:23,694 - root - INFO -  Se da clic en el boton Guardar; se debe crear un nuevo registro.
2022-12-26 13:32:24,813 - root - ERROR - No se dió click al botón Refrescar, revise si el xpath sigue siendo el mismo, revise la accion anterior si el xpath es el correcto o el tiempo de la accion o si ya existe el registro ya creado
2022-12-26 13:32:24,814 - root - INFO -  Captura: C:\xampp\htdocs\Versiones\automatizaciones\AutoPWST\02GPV\report\img  screen：20221226_13_32_24.png
2022-12-26 13:32:25,042 - root - INFO -  Se presiona el boton 'Cerrar', para cerrar la pantalla.
2022-12-26 13:32:25,197 - root - INFO -  Se presiona el boton 'Refrescar', para crear un nuevo registro igual al anterior.
2022-12-26 13:32:27,945 - root - INFO -  Se da clic en el registro creado, para proceder a modificarlo.
2022-12-26 13:32:29,179 - root - INFO -  Captura: C:\xampp\htdocs\Versiones\automatizaciones\AutoPWST\02GPV\report\img  screen：20221226_13_32_29.png
2022-12-26 13:32:29,469 - root - INFO - Se hace el cambio de pestaña para continuar con el registro nuevo
2022-12-26 13:32:50,594 - root - ERROR - No se dió click al botón Refrescar, revise si el xpath sigue siendo el mismo, revise la accion anterior si el xpath es el correcto o el tiempo de la accion
2022-12-26 13:32:50,596 - root - INFO -  Captura: C:\xampp\htdocs\Versiones\automatizaciones\AutoPWST\02GPV\report\img  screen：20221226_13_32_50.png
2022-12-26 13:32:55,212 - root - INFO -  Se cierra chrome
2022-12-26 13:33:59,970 - root - INFO -  Se abre el chrome
2022-12-26 13:34:01,057 - root - INFO -  Entra a la URL
2022-12-26 13:34:01,200 - root - INFO -  Maximiza la pantalla
2022-12-26 13:34:04,303 - root - INFO -  Escribe el usuario
2022-12-26 13:34:04,419 - root - INFO -  Escribe la contraseña
2022-12-26 13:34:04,520 - root - INFO -  Se dio clic en el boton ingresar
2022-12-26 13:34:05,786 - root - INFO -  Ejecutar Enterprise
2022-12-26 13:34:09,830 - root - INFO -  Cambia entre pestañas
2022-12-26 13:34:13,848 - root - INFO -  Abre la pantalla de Familias de Impuestos
2022-12-26 13:34:14,927 - root - INFO -  La pantalla ejecutada es chequeras
2022-12-26 13:34:14,928 - root - INFO -  Captura: C:\xampp\htdocs\Versiones\automatizaciones\AutoPWST\02GPV\report\img  screen：20221226_13_34_14.png
2022-12-26 13:34:15,144 - root - INFO -  Se presiona el boton 'Nuevo', para crear un nuevo registro.
2022-12-26 13:34:15,700 - root - INFO -  Se abrio la pantalla para el ingreso de un registro nuevo.
2022-12-26 13:34:15,741 - root - INFO -  El campo 'Codigo' si se encuentra visible.
2022-12-26 13:34:15,782 - root - INFO -  El campo 'Código Alternativo' si se encuentra visible.
2022-12-26 13:34:15,835 - root - INFO -  El campo 'Descripción' si se encuentra visible.
2022-12-26 13:34:15,892 - root - INFO -  El campo 'Tipo de grupo' si se encuentra visible.
2022-12-26 13:34:16,759 - root - INFO -  Captura: C:\xampp\htdocs\Versiones\automatizaciones\AutoPWST\02GPV\report\img  screen：20221226_13_34_16.png
2022-12-26 13:34:17,044 - root - INFO - Se hace el cambio de pestaña para continuar con el registro nuevo
2022-12-26 13:34:17,663 - root - INFO -  Se presiona el boton 'Nuevo', para crear un nuevo registro.
2022-12-26 13:34:18,248 - root - INFO -  El campo 'Artículo base' si se encuentra visible.
2022-12-26 13:34:18,296 - root - INFO -  El campo 'Equivalencia producto base' si se encuentra visible.
2022-12-26 13:34:20,182 - root - INFO -  Se presiona el boton 'Guardar', para guardar el registro.
2022-12-26 13:34:20,462 - root - INFO -  Se da clic en el boton Guardar; se debe crear un nuevo registro.
2022-12-26 13:34:20,802 - root - INFO -  Se presiona el boton 'Refrescar', para crear un nuevo registro igual al anterior.
2022-12-26 13:34:22,912 - root - INFO -  Se presiona el boton 'Nuevo', para crear un nuevo registro igual al anterior.
2022-12-26 13:34:24,371 - root - INFO - Se hace el cambio de pestaña para continuar con el registro nuevo
2022-12-26 13:34:25,029 - root - INFO -  Se presiona el boton 'Nuevo', para crear un nuevo registro.
2022-12-26 13:34:25,631 - root - INFO -  El campo 'Artículo base' si se encuentra visible.
2022-12-26 13:34:25,666 - root - INFO -  El campo 'Equivalencia producto base' si se encuentra visible.
2022-12-26 13:34:27,452 - root - INFO -  Se presiona el boton 'Guardar', para guardar el registro.
2022-12-26 13:34:27,761 - root - INFO -  Se da clic en el boton Guardar; se debe crear un nuevo registro.
2022-12-26 13:34:27,762 - root - INFO -  Captura: C:\xampp\htdocs\Versiones\automatizaciones\AutoPWST\02GPV\report\img  screen：20221226_13_34_27.png
2022-12-26 13:34:33,285 - root - INFO -  Se presiona el boton 'Cerrar', para cerrar el mensaje de duplicidad de llave primaria
2022-12-26 13:34:33,939 - root - INFO -  Se presiona el boton 'Cerrar', para cerrar la ventana
2022-12-26 13:34:34,090 - root - INFO -  Se presiona el boton 'Refrescar', para crear un nuevo registro igual al anterior.
2022-12-26 13:34:36,757 - root - INFO -  Se da clic en el registro creado, para proceder a modificarlo.
2022-12-26 13:34:37,952 - root - INFO -  Captura: C:\xampp\htdocs\Versiones\automatizaciones\AutoPWST\02GPV\report\img  screen：20221226_13_34_37.png
2022-12-26 13:34:38,173 - root - INFO - Se hace el cambio de pestaña para continuar con el registro nuevo
2022-12-26 13:34:39,322 - root - INFO -  Se da clic en el registro creado, para proceder a modificarlo.
2022-12-26 13:34:39,418 - root - INFO -  Se presiona el boton 'Eliminar', para eliminar el registro.
2022-12-26 13:34:39,570 - root - INFO -  Se presiona el boton 'Nuevo', para crear un nuevo registro.
2022-12-26 13:34:40,189 - root - INFO -  El campo 'Artículo base' si se encuentra visible.
2022-12-26 13:34:40,228 - root - INFO -  El campo 'Equivalencia producto base' si se encuentra visible.
2022-12-26 13:34:42,061 - root - INFO -  Se presiona el boton 'Guardar', para guardar el registro.
2022-12-26 13:34:42,368 - root - INFO - Se hace el cambio de pestaña para continuar con el registro nuevo
2022-12-26 13:34:42,968 - root - INFO -  El campo 'Artículo base rendimiento base' si se encuentra visible.
2022-12-26 13:34:44,821 - root - INFO -  Se da clic en el boton Guardar; se debe modificar la informacion del registro.
2022-12-26 13:34:45,148 - root - INFO -  Se presiona el boton 'Refrescar', para proceder a eliminar el registro.
2022-12-26 13:34:47,783 - root - INFO -  Se da clic en el registro creado, para proceder a eliminarlo.
2022-12-26 13:34:48,386 - root - INFO - Se hace el cambio de pestaña para continuar con el registro nuevo
2022-12-26 13:34:49,531 - root - INFO -  Se da clic en el registro creado, para proceder a modificarlo.
2022-12-26 13:34:49,633 - root - INFO -  Se presiona el boton 'Eliminar', para eliminar el registro.
2022-12-26 13:34:49,789 - root - INFO -  Se da clic en el boton Guardar; se debe modificar la informacion del registro.
2022-12-26 13:34:50,369 - root - INFO -  Se da clic en el registro creado, para proceder a modificarlo.
2022-12-26 13:34:50,463 - root - INFO -  Se presiona el boton 'Eliminar', para eliminar el registro.
2022-12-26 13:34:50,464 - root - INFO -  Captura: C:\xampp\htdocs\Versiones\automatizaciones\AutoPWST\02GPV\report\img  screen：20221226_13_34_50.png
2022-12-26 13:34:53,622 - root - INFO -  Captura: C:\xampp\htdocs\Versiones\automatizaciones\AutoPWST\02GPV\report\img  screen：20221226_13_34_53.png
2022-12-26 13:34:53,822 - root - INFO -  Se confirma el eliminado del registro
2022-12-26 13:34:54,168 - root - INFO -  Se presiona el boton 'Refrescar', para crear un nuevo registro igual al anterior.
2022-12-26 13:34:56,291 - root - INFO -  Se presiona el boton 'Cerrar', para cerrar la pantalla de presupuestos.
2022-12-26 13:35:00,687 - root - INFO -  Se cierra chrome
