2023-04-24 13:47:50,645 - root - INFO -  Se abre el chrome
2023-04-24 13:47:52,348 - root - INFO -  Entra a la URL
2023-04-24 13:47:52,482 - root - INFO -  Maximiza la pantalla
2023-04-24 13:47:55,608 - root - INFO -  Escribe el usuario
2023-04-24 13:47:55,716 - root - INFO -  Escribe la contraseña
2023-04-24 13:47:55,804 - root - INFO -  Se dio clic en el boton ingresar
2023-04-24 13:47:57,519 - root - INFO -  Ejecutar Enterprise
2023-04-24 13:48:01,571 - root - INFO -  Cambia entre pestañas
2023-04-24 13:49:15,262 - root - INFO - Se ingreso a la pantalla mediante el buscador porque fallo el ingreso por menus
2023-04-24 13:49:15,263 - root - INFO -  La función buscador funciona de manera correcta.
2023-04-24 13:49:15,845 - root - INFO -  La pantalla ejecutada es Grupos Politicas
2023-04-24 13:49:15,846 - root - INFO -  Captura: C:\xampp\htdocs\versiones\automatizaciones\AutoPWST\02GPV\report\img  screen：20230424_13_49_15.png
2023-04-24 13:49:26,203 - root - INFO -  Se presiona el boton 'Nuevo', para crear un nuevo registro.
2023-04-24 13:49:26,764 - root - INFO -  Se abrio la pantalla para el ingreso de un registro nuevo.
2023-04-24 13:49:26,810 - root - INFO -  El campo 'Codigo' si se encuentra visible.
2023-04-24 13:49:26,868 - root - INFO -  El campo 'Código Alternativo' si se encuentra visible.
2023-04-24 13:49:26,905 - root - INFO -  El campo 'Descripción' si se encuentra visible.
2023-04-24 13:49:26,940 - root - INFO -  El campo 'Tipo de grupo' si se encuentra visible.
2023-04-24 13:49:27,534 - root - INFO -  Captura: C:\xampp\htdocs\versiones\automatizaciones\AutoPWST\02GPV\report\img  screen：20230424_13_49_27.png
2023-04-24 13:49:27,716 - root - INFO - Se hace el cambio de pestaña para continuar con el registro nuevo
2023-04-24 13:49:28,306 - root - INFO -  Se presiona el boton 'Nuevo', para crear un nuevo registro.
2023-04-24 13:49:28,857 - root - INFO -  El campo 'Artículo base' si se encuentra visible.
2023-04-24 13:49:28,895 - root - INFO -  El campo 'Equivalencia producto base' si se encuentra visible.
2023-04-24 13:49:30,048 - root - INFO -  Se presiona el boton 'Guardar', para guardar el registro.
2023-04-24 13:49:30,231 - root - INFO -  Se da clic en el boton Guardar; se debe crear un nuevo registro.
2023-04-24 13:49:30,450 - root - INFO -  Se presiona el boton 'Refrescar', para crear un nuevo registro igual al anterior.
2023-04-24 13:49:30,625 - root - INFO -  Se presiona el boton 'Nuevo', para crear un nuevo registro igual al anterior.
2023-04-24 13:49:31,862 - root - INFO - Se hace el cambio de pestaña para continuar con el registro nuevo
2023-04-24 13:49:32,454 - root - INFO -  Se presiona el boton 'Nuevo', para crear un nuevo registro.
2023-04-24 13:49:32,997 - root - INFO -  El campo 'Artículo base' si se encuentra visible.
2023-04-24 13:49:33,029 - root - INFO -  El campo 'Equivalencia producto base' si se encuentra visible.
2023-04-24 13:49:34,256 - root - INFO -  Se presiona el boton 'Guardar', para guardar el registro.
2023-04-24 13:49:34,457 - root - INFO -  Se da clic en el boton Guardar; se debe crear un nuevo registro.
2023-04-24 13:49:35,459 - root - INFO -  Captura: C:\xampp\htdocs\versiones\automatizaciones\AutoPWST\02GPV\report\img  screen：20230424_13_49_35.png
2023-04-24 13:49:40,768 - root - INFO -  Se presiona el boton 'Cerrar', para cerrar el mensaje de duplicidad de llave primaria
2023-04-24 13:49:41,769 - root - INFO -  Captura: C:\xampp\htdocs\versiones\automatizaciones\AutoPWST\02GPV\report\img  screen：20230424_13_49_41.png
2023-04-24 13:49:41,954 - root - INFO -  Se presiona el boton 'Cerrar', para cerrar el mensaje de duplicidad de llave primaria
2023-04-24 13:49:42,557 - root - INFO -  Se presiona el boton 'Cerrar', para cerrar la ventana
2023-04-24 13:49:42,664 - root - INFO -  Se presiona el boton 'Refrescar', para crear un nuevo registro igual al anterior.
2023-04-24 13:49:44,263 - root - INFO -  Se da clic en el registro creado, para proceder a modificarlo.
2023-04-24 13:49:45,314 - root - INFO -  Captura: C:\xampp\htdocs\versiones\automatizaciones\AutoPWST\02GPV\report\img  screen：20230424_13_49_45.png
2023-04-24 13:49:45,493 - root - INFO - Se hace el cambio de pestaña para continuar con el registro nuevo
2023-04-24 13:49:46,560 - root - INFO -  Se da clic en el registro creado, para proceder a modificarlo.
2023-04-24 13:49:46,640 - root - INFO -  Se presiona el boton 'Eliminar', para eliminar el registro.
2023-04-24 13:49:46,769 - root - INFO -  Se presiona el boton 'Nuevo', para crear un nuevo registro.
2023-04-24 13:49:47,334 - root - INFO -  El campo 'Artículo base' si se encuentra visible.
2023-04-24 13:49:47,373 - root - INFO -  El campo 'Equivalencia producto base' si se encuentra visible.
2023-04-24 13:49:48,535 - root - INFO -  Se presiona el boton 'Guardar', para guardar el registro.
2023-04-24 13:49:48,754 - root - INFO - Se hace el cambio de pestaña para continuar con el registro nuevo
2023-04-24 13:49:49,313 - root - INFO -  El campo 'Artículo base rendimiento base' si se encuentra visible.
2023-04-24 13:49:50,592 - root - INFO -  Se da clic en el boton Guardar; se debe modificar la informacion del registro.
2023-04-24 13:49:50,829 - root - INFO -  Se presiona el boton 'Refrescar', para proceder a eliminar el registro.
2023-04-24 13:49:52,434 - root - INFO -  Se da clic en el registro creado, para proceder a eliminarlo.
2023-04-24 13:49:53,013 - root - INFO - Se hace el cambio de pestaña para continuar con el registro nuevo
2023-04-24 13:49:54,102 - root - INFO -  Se da clic en el registro creado, para proceder a modificarlo.
2023-04-24 13:49:54,167 - root - INFO -  Se presiona el boton 'Eliminar', para eliminar el registro.
2023-04-24 13:49:54,260 - root - INFO -  Se da clic en el boton Guardar; se debe modificar la informacion del registro.
2023-04-24 13:49:54,819 - root - INFO -  Se da clic en el registro creado, para proceder a modificarlo.
2023-04-24 13:49:54,897 - root - INFO -  Se presiona el boton 'Eliminar', para eliminar el registro.
2023-04-24 13:49:56,898 - root - INFO -  Captura: C:\xampp\htdocs\versiones\automatizaciones\AutoPWST\02GPV\report\img  screen：20230424_13_49_56.png
2023-04-24 13:49:57,064 - root - INFO -  Se confirma el eliminado del registro
2023-04-24 13:49:57,259 - root - INFO -  Se presiona el boton 'Refrescar', para crear un nuevo registro igual al anterior.
2023-04-24 13:49:59,322 - root - INFO -  Se presiona el boton 'Cerrar', para cerrar la pantalla de Grupos de Politicas.
2023-04-24 13:50:05,763 - root - INFO -  Se cierra chrome
