2023-06-20 13:02:38,104 - root - INFO -  Se abre el chrome
2023-06-20 13:02:40,208 - root - INFO -  Entra a la URL
2023-06-20 13:02:40,347 - root - INFO -  Maximiza la pantalla
2023-06-20 13:02:43,428 - root - INFO -  Escribe el usuario
2023-06-20 13:02:43,523 - root - INFO -  Escribe la contraseña
2023-06-20 13:02:43,630 - root - INFO -  Se dio clic en el boton ingresar
2023-06-20 13:02:45,394 - root - INFO -  Ejecutar Enterprise
2023-06-20 13:02:49,431 - root - INFO -  Cambia entre pestañas
2023-06-20 13:03:01,379 - root - INFO -  Abre la pantalla de Grupos Politicas
2023-06-20 13:03:01,926 - root - INFO -  La pantalla ejecutada es Grupos Politicas
2023-06-20 13:03:01,926 - root - INFO -  Captura: C:\xampp\htdocs\versiones\automatizaciones\AutoPWST\02GPV\report\img  screen：20230620_13_03_01.png
2023-06-20 13:03:12,281 - root - INFO -  Se presiona el boton 'Nuevo', para crear un nuevo registro.
2023-06-20 13:03:12,831 - root - INFO -  Se abrio la pantalla para el ingreso de un registro nuevo.
2023-06-20 13:03:12,864 - root - INFO -  El campo 'Codigo' si se encuentra visible.
2023-06-20 13:03:12,900 - root - INFO -  El campo 'Código Alternativo' si se encuentra visible.
2023-06-20 13:03:12,927 - root - INFO -  El campo 'Descripción' si se encuentra visible.
2023-06-20 13:03:12,952 - root - INFO -  El campo 'Tipo de grupo' si se encuentra visible.
2023-06-20 13:03:13,601 - root - INFO -  Captura: C:\xampp\htdocs\versiones\automatizaciones\AutoPWST\02GPV\report\img  screen：20230620_13_03_13.png
2023-06-20 13:03:13,801 - root - INFO - Se hace el cambio de pestaña para continuar con el registro nuevo
2023-06-20 13:03:14,384 - root - INFO -  Se presiona el boton 'Nuevo', para crear un nuevo registro.
2023-06-20 13:03:14,931 - root - INFO -  El campo 'Artículo base' si se encuentra visible.
2023-06-20 13:03:14,960 - root - INFO -  El campo 'Equivalencia producto base' si se encuentra visible.
2023-06-20 13:03:16,214 - root - INFO -  Se presiona el boton 'Guardar', para guardar el registro.
2023-06-20 13:03:16,430 - root - INFO -  Se da clic en el boton Guardar; se debe crear un nuevo registro.
2023-06-20 13:03:16,661 - root - INFO -  Se presiona el boton 'Refrescar', para crear un nuevo registro igual al anterior.
2023-06-20 13:03:18,719 - root - INFO -  Se presiona el boton 'Nuevo', para crear un nuevo registro igual al anterior.
2023-06-20 13:03:19,976 - root - INFO - Se hace el cambio de pestaña para continuar con el registro nuevo
2023-06-20 13:03:20,549 - root - INFO -  Se presiona el boton 'Nuevo', para crear un nuevo registro.
2023-06-20 13:03:21,088 - root - INFO -  El campo 'Artículo base' si se encuentra visible.
2023-06-20 13:03:21,116 - root - INFO -  El campo 'Equivalencia producto base' si se encuentra visible.
2023-06-20 13:03:22,340 - root - INFO -  Se presiona el boton 'Guardar', para guardar el registro.
2023-06-20 13:03:22,562 - root - INFO -  Se da clic en el boton Guardar; se debe crear un nuevo registro.
2023-06-20 13:03:23,567 - root - INFO -  Captura: C:\xampp\htdocs\versiones\automatizaciones\AutoPWST\02GPV\report\img  screen：20230620_13_03_23.png
2023-06-20 13:03:28,937 - root - INFO -  Se presiona el boton 'Cerrar', para cerrar el mensaje de duplicidad de llave primaria
2023-06-20 13:03:29,937 - root - INFO -  Captura: C:\xampp\htdocs\versiones\automatizaciones\AutoPWST\02GPV\report\img  screen：20230620_13_03_29.png
2023-06-20 13:03:30,117 - root - INFO -  Se presiona el boton 'Cerrar', para cerrar el mensaje de duplicidad de llave primaria
2023-06-20 13:03:30,719 - root - INFO -  Se presiona el boton 'Cerrar', para cerrar la ventana
2023-06-20 13:03:30,857 - root - INFO -  Se presiona el boton 'Refrescar', para crear un nuevo registro igual al anterior.
2023-06-20 13:03:34,450 - root - INFO -  Se da clic en el registro creado, para proceder a modificarlo.
2023-06-20 13:03:35,522 - root - INFO -  Captura: C:\xampp\htdocs\versiones\automatizaciones\AutoPWST\02GPV\report\img  screen：20230620_13_03_35.png
2023-06-20 13:03:35,705 - root - INFO - Se hace el cambio de pestaña para continuar con el registro nuevo
2023-06-20 13:03:36,778 - root - INFO -  Se da clic en el registro creado, para proceder a modificarlo.
2023-06-20 13:03:36,851 - root - INFO -  Se presiona el boton 'Eliminar', para eliminar el registro.
2023-06-20 13:03:36,997 - root - INFO -  Se presiona el boton 'Nuevo', para crear un nuevo registro.
2023-06-20 13:03:37,556 - root - INFO -  El campo 'Artículo base' si se encuentra visible.
2023-06-20 13:03:37,586 - root - INFO -  El campo 'Equivalencia producto base' si se encuentra visible.
2023-06-20 13:03:38,929 - root - INFO -  Se presiona el boton 'Guardar', para guardar el registro.
2023-06-20 13:03:39,144 - root - INFO - Se hace el cambio de pestaña para continuar con el registro nuevo
2023-06-20 13:03:39,700 - root - INFO -  El campo 'Artículo base rendimiento base' si se encuentra visible.
2023-06-20 13:03:40,847 - root - INFO -  Se da clic en el boton Guardar; se debe modificar la informacion del registro.
2023-06-20 13:03:41,060 - root - INFO -  Se presiona el boton 'Refrescar', para proceder a eliminar el registro.
2023-06-20 13:03:44,640 - root - INFO -  Se da clic en el registro creado, para proceder a eliminarlo.
2023-06-20 13:03:45,213 - root - INFO - Se hace el cambio de pestaña para continuar con el registro nuevo
2023-06-20 13:03:46,285 - root - INFO -  Se da clic en el registro creado, para proceder a modificarlo.
2023-06-20 13:03:46,353 - root - INFO -  Se presiona el boton 'Eliminar', para eliminar el registro.
2023-06-20 13:03:46,498 - root - INFO -  Se da clic en el boton Guardar; se debe modificar la informacion del registro.
2023-06-20 13:03:47,123 - root - INFO -  Se da clic en el registro creado, para proceder a modificarlo.
2023-06-20 13:03:47,194 - root - INFO -  Se presiona el boton 'Eliminar', para eliminar el registro.
2023-06-20 13:03:49,195 - root - INFO -  Captura: C:\xampp\htdocs\versiones\automatizaciones\AutoPWST\02GPV\report\img  screen：20230620_13_03_49.png
2023-06-20 13:03:49,349 - root - INFO -  Se confirma el eliminado del registro
2023-06-20 13:03:49,583 - root - INFO -  Se presiona el boton 'Refrescar', para crear un nuevo registro igual al anterior.
2023-06-20 13:03:51,641 - root - INFO -  Se presiona el boton 'Cerrar', para cerrar la pantalla de Grupos de Politicas.
2023-06-20 13:03:57,999 - root - INFO -  Se cierra chrome
