2022-12-26 12:15:41,088 - root - INFO -  Se abre el chrome
2022-12-26 12:15:42,266 - root - INFO -  Entra a la URL
2022-12-26 12:15:42,405 - root - INFO -  Maximiza la pantalla
2022-12-26 12:15:45,510 - root - INFO -  Escribe el usuario
2022-12-26 12:15:45,623 - root - INFO -  Escribe la contraseña
2022-12-26 12:15:45,722 - root - INFO -  Se dio clic en el boton ingresar
2022-12-26 12:15:46,491 - root - INFO -  Ejecutar Enterprise
2022-12-26 12:15:50,539 - root - INFO -  Cambia entre pestañas
2022-12-26 12:15:55,241 - root - INFO -  Abre la pantalla de Acciones Scheduler
2022-12-26 12:15:56,841 - root - INFO -  La pantalla ejecutada es Acciones.
2022-12-26 12:15:56,842 - root - INFO -  Captura: C:\xampp\htdocs\Versiones\automatizaciones\AutoPWST\02ASCH\report\img  screen：20221226_12_15_56.png
2022-12-26 12:15:57,028 - root - INFO -  Se presiona el boton 'Nuevo', para crear un nuevo registro.
2022-12-26 12:15:59,110 - root - INFO -  Se abrio la pantalla para el ingreso de un registro nuevo.
2022-12-26 12:15:59,157 - root - INFO -  El campo 'Codigo' si se encuentra visible.
2022-12-26 12:15:59,199 - root - INFO -  El campo 'Descrición' si se encuentra visible.
2022-12-26 12:15:59,241 - root - INFO -  El campo 'Tipo Acción' si se encuentra visible.
2022-12-26 12:15:59,293 - root - INFO -  El campo 'Lista Distribución' si se encuentra visible.
2022-12-26 12:15:59,336 - root - INFO -  El campo 'Contacto' si se encuentra visible.
2022-12-26 12:15:59,411 - root - INFO -  Ingresa el codigo del nuevo registro 
2022-12-26 12:15:59,545 - root - INFO -  Ingresa la descripción del nuevo registro 
2022-12-26 12:16:02,190 - root - INFO -  Captura: C:\xampp\htdocs\Versiones\automatizaciones\AutoPWST\02ASCH\report\img  screen：20221226_12_16_02.png
2022-12-26 12:16:02,483 - root - INFO - Se hace el cambio de pestaña para continuar con el registro nuevo
2022-12-26 12:16:03,122 - root - INFO -  Se presiona el boton 'Nuevo', para crear un nuevo registro.
2022-12-26 12:16:03,745 - root - INFO -  El campo 'Programación' si se encuentra visible.
2022-12-26 12:16:05,354 - root - INFO -  Se da clic en el boton Guardar; se debe crear un nuevo registro.
2022-12-26 12:16:05,713 - root - INFO -  Se da clic en el boton Guardar; se debe crear un nuevo registro.
2022-12-26 12:16:06,092 - root - INFO -  Se presiona el boton 'Refrescar', para crear un nuevo registro igual al anterior.
2022-12-26 12:16:08,303 - root - INFO -  Se presiona el boton 'Nuevo', para crear un nuevo registro igual al anterior.
2022-12-26 12:16:08,928 - root - INFO -  Se abrio la pantalla para el ingreso de un registro nuevo.
2022-12-26 12:16:08,971 - root - INFO -  El campo 'Codigo' si se encuentra visible.
2022-12-26 12:16:09,019 - root - INFO -  El campo 'Descrición' si se encuentra visible.
2022-12-26 12:16:09,067 - root - INFO -  El campo 'Tipo Acción' si se encuentra visible.
2022-12-26 12:16:09,100 - root - INFO -  El campo 'Lista Distribución' si se encuentra visible.
2022-12-26 12:16:09,137 - root - INFO -  El campo 'Contacto' si se encuentra visible.
2022-12-26 12:16:09,203 - root - INFO -  Ingresa el codigo del nuevo registro 
2022-12-26 12:16:09,312 - root - INFO -  Ingresa la descripción del nuevo registro 
2022-12-26 12:16:12,308 - root - INFO -  Se da clic en el boton Guardar; NO se debe crear un nuevo registro.
2022-12-26 12:16:14,309 - root - INFO -  Captura: C:\xampp\htdocs\Versiones\automatizaciones\AutoPWST\02ASCH\report\img  screen：20221226_12_16_14.png
2022-12-26 12:16:14,582 - root - INFO -  Se presiona el boton 'Cerrar', para cerrar el mensaje de duplicidad de llave primaria
2022-12-26 12:16:14,725 - root - INFO -  Se presiona el boton 'Cerrar', para cerrar la ventana
2022-12-26 12:16:14,850 - root - INFO -  Se presiona el boton 'Refrescar', para crear un nuevo registro igual al anterior.
2022-12-26 12:16:17,492 - root - INFO -  Se da clic en el registro creado, para proceder a modificarlo.
2022-12-26 12:16:18,170 - root - INFO -  Se modifica el contenido del campo Descripcion
2022-12-26 12:16:18,575 - root - INFO -  Captura: C:\xampp\htdocs\Versiones\automatizaciones\AutoPWST\02ASCH\report\img  screen：20221226_12_16_18.png
2022-12-26 12:16:20,975 - root - INFO -  Captura: C:\xampp\htdocs\Versiones\automatizaciones\AutoPWST\02ASCH\report\img  screen：20221226_12_16_20.png
2022-12-26 12:16:21,275 - root - INFO - Se hace el cambio de pestaña para continuar con el registro nuevo
2022-12-26 12:16:22,412 - root - INFO -  Se da clic en el registro creado, para proceder a modificarlo.
2022-12-26 12:16:22,510 - root - INFO -  Se presiona el boton 'Eliminar', para eliminar el registro.
2022-12-26 12:16:22,717 - root - INFO -  Se presiona el boton 'Nuevo', para crear un nuevo registro.
2022-12-26 12:16:24,510 - root - INFO -  Se da clic en el boton Guardar; se debe crear un nuevo registro.
2022-12-26 12:16:24,847 - root - INFO -  Se da clic en el boton Guardar; se debe modificar la informacion del registro.
2022-12-26 12:16:25,136 - root - INFO -  Se presiona el boton 'Refrescar', para proceder a eliminar el registro.
2022-12-26 12:16:27,806 - root - INFO -  Se da clic en el registro creado, para proceder a modificarlo.
2022-12-26 12:16:28,425 - root - INFO - Se hace el cambio de pestaña para continuar con el registro nuevo
2022-12-26 12:16:29,559 - root - INFO -  Se da clic en el registro creado, para proceder a modificarlo.
2022-12-26 12:16:29,653 - root - INFO -  Se presiona el boton 'Eliminar', para eliminar el registro.
2022-12-26 12:16:29,826 - root - INFO -  Se da clic en el boton Guardar; se debe modificar la informacion del registro.
2022-12-26 12:16:30,424 - root - INFO -  Se da clic en el registro creado, para proceder a modificarlo.
2022-12-26 12:16:30,566 - root - INFO -  Se presiona el boton 'Eliminar', para eliminar el registro.
2022-12-26 12:16:30,566 - root - INFO -  Captura: C:\xampp\htdocs\Versiones\automatizaciones\AutoPWST\02ASCH\report\img  screen：20221226_12_16_30.png
2022-12-26 12:16:33,753 - root - INFO -  Captura: C:\xampp\htdocs\Versiones\automatizaciones\AutoPWST\02ASCH\report\img  screen：20221226_12_16_33.png
2022-12-26 12:16:33,988 - root - INFO -  Se confirma el eliminado del registro
2022-12-26 12:16:34,269 - root - INFO -  Se presiona el boton 'Refrescar', para crear un nuevo registro igual al anterior.
2022-12-26 12:16:36,379 - root - INFO -  Se presiona el boton 'Cerrar', para cerrar la pantalla de Categorias Fiscales.
2022-12-26 12:16:40,775 - root - INFO -  Se cierra chrome
