2022-07-21 18:07:47,756 - root - INFO -  Se abre el chrome
2022-07-21 18:07:53,207 - root - INFO -  Entra a la URL
2022-07-21 18:07:53,345 - root - INFO -  Maximiza la pantalla
2022-07-21 18:07:56,400 - root - INFO -  Cambia al frame
2022-07-21 18:07:59,569 - root - INFO -  Escribe el usuario
2022-07-21 18:07:59,674 - root - INFO -  Escribe la contraseña
2022-07-21 18:07:59,812 - root - INFO -  Se dio clic en el boton ingresar
2022-07-21 18:08:03,989 - root - INFO -  Ejecutar Enterprise
2022-07-21 18:08:03,989 - root - INFO -  Captura: C:\xampp\htdocs\versiones\automatizaciones\AutoPWST\01ASCH\report\img  screen：20220721_18_08_03.png
2022-07-21 18:08:08,243 - root - INFO -  Cambia entre pestañas
2022-07-21 18:09:33,688 - root - ERROR - No se pudo encontrar el botón para desplegar el menu completo, revise si el xpath sigue siendo el mismo, para mas detalles del error consulte el reporte
2022-07-21 18:09:33,690 - root - INFO -  Captura: C:\xampp\htdocs\versiones\automatizaciones\AutoPWST\01ASCH\report\img  screen：20220721_18_09_33.png
2022-07-21 18:09:36,327 - root - ERROR - La pantalla ejecutada no es correcta, revise si el xpath sigue siendo el mismo, para mas detalles del error consulte el reporte
2022-07-21 18:09:36,327 - root - INFO -  Captura: C:\xampp\htdocs\versiones\automatizaciones\AutoPWST\01ASCH\report\img  screen：20220721_18_09_36.png
2022-07-21 18:09:36,365 - root - ERROR - No se encontró el botón Refrescar, revise si el xpath sigue siendo el mismo, para mas detalles del error consulte el reporte
2022-07-21 18:09:36,366 - root - INFO -  Captura: C:\xampp\htdocs\versiones\automatizaciones\AutoPWST\01ASCH\report\img  screen：20220721_18_09_36.png
2022-07-21 18:09:36,371 - root - ERROR - No se encontró el botón Refrescar, revise si el xpath sigue siendo el mismo, para mas detalles del error consulte el reporte
2022-07-21 18:09:36,371 - root - INFO -  Captura: C:\xampp\htdocs\versiones\automatizaciones\AutoPWST\01ASCH\report\img  screen：20220721_18_09_36.png
2022-07-21 18:09:36,376 - root - ERROR - No se encontró el botón Refrescar, revise si el xpath sigue siendo el mismo, para mas detalles del error consulte el reporte
2022-07-21 18:09:36,376 - root - INFO -  Captura: C:\xampp\htdocs\versiones\automatizaciones\AutoPWST\01ASCH\report\img  screen：20220721_18_09_36.png
2022-07-21 18:09:44,582 - root - INFO -  Se abre el chrome
2022-07-21 18:09:49,394 - root - INFO -  Entra a la URL
2022-07-21 18:09:49,525 - root - INFO -  Maximiza la pantalla
2022-07-21 18:09:52,575 - root - INFO -  Cambia al frame
2022-07-21 18:09:55,669 - root - INFO -  Escribe el usuario
2022-07-21 18:09:55,771 - root - INFO -  Escribe la contraseña
2022-07-21 18:09:55,908 - root - INFO -  Se dio clic en el boton ingresar
2022-07-21 18:10:00,623 - root - INFO -  Ejecutar Enterprise
2022-07-21 18:10:00,624 - root - INFO -  Captura: C:\xampp\htdocs\versiones\automatizaciones\AutoPWST\01ASCH\report\img  screen：20220721_18_10_00.png
2022-07-21 18:10:04,860 - root - INFO -  Cambia entre pestañas
2022-07-21 18:10:29,687 - root - INFO -  Abre el menu completo
2022-07-21 18:10:53,238 - root - INFO -  Abre la pantalla de Acciones Scheduler
2022-07-21 18:10:53,315 - root - INFO -  La pantalla ejecutada es Acciones.
2022-07-21 18:10:53,316 - root - INFO -  Captura: C:\xampp\htdocs\versiones\automatizaciones\AutoPWST\01ASCH\report\img  screen：20220721_18_10_53.png
2022-07-21 18:10:53,517 - root - INFO -  Se presiona el boton 'Nuevo', para crear un nuevo registro.
2022-07-21 18:10:54,654 - root - INFO -  Se abrio la pantalla para el ingreso de un registro nuevo.
2022-07-21 18:10:54,702 - root - INFO -  El campo 'Codigo' si se encuentra visible.
2022-07-21 18:10:54,747 - root - INFO -  El campo 'Descrición' si se encuentra visible.
2022-07-21 18:10:54,784 - root - INFO -  El campo 'Tipo Acción' si se encuentra visible.
2022-07-21 18:10:54,867 - root - INFO -  Ingresa el codigo del nuevo registro 
2022-07-21 18:10:58,048 - root - INFO -  Ingresa la descripción del nuevo registro 
2022-07-21 18:11:11,546 - root - INFO -  Captura: C:\xampp\htdocs\versiones\automatizaciones\AutoPWST\01ASCH\report\img  screen：20220721_18_11_11.png
2022-07-21 18:11:11,775 - root - INFO - Se hace el cambio de pestaña para continuar con el registro nuevo
2022-07-21 18:11:14,907 - root - INFO -  Se presiona el boton 'Nuevo', para crear un nuevo registro.
2022-07-21 18:11:16,007 - root - INFO -  El campo 'Programación' si se encuentra visible.
2022-07-21 18:11:23,999 - root - INFO -  Se da clic en el boton Guardar; se debe crear un nuevo registro.
2022-07-21 18:11:27,085 - root - INFO -  Se da clic en el boton Guardar; se debe crear un nuevo registro.
2022-07-21 18:11:30,222 - root - INFO -  Se presiona el boton 'Refrescar', para crear un nuevo registro igual al anterior.
2022-07-21 18:11:33,367 - root - INFO -  Se presiona el boton 'Nuevo', para crear un nuevo registro igual al anterior.
2022-07-21 18:11:35,128 - root - INFO -  Se abrio la pantalla para el ingreso de un registro nuevo.
2022-07-21 18:11:35,165 - root - INFO -  El campo 'Codigo' si se encuentra visible.
2022-07-21 18:11:35,204 - root - INFO -  El campo 'Descrición' si se encuentra visible.
2022-07-21 18:11:35,243 - root - INFO -  El campo 'Tipo Acción' si se encuentra visible.
2022-07-21 18:11:35,325 - root - INFO -  Ingresa el codigo del nuevo registro 
2022-07-21 18:11:38,518 - root - INFO -  Ingresa la descripción del nuevo registro 
2022-07-21 18:11:49,106 - root - INFO -  Se da clic en el boton Guardar; NO se debe crear un nuevo registro.
2022-07-21 18:11:51,121 - root - INFO -  Captura: C:\xampp\htdocs\versiones\automatizaciones\AutoPWST\01ASCH\report\img  screen：20220721_18_11_51.png
2022-07-21 18:11:51,359 - root - INFO -  Se presiona el boton 'Cerrar', para cerrar el mensaje de duplicidad de llave primaria
2022-07-21 18:11:53,492 - root - INFO -  Se presiona el boton 'Cerrar', para cerrar la ventana
2022-07-21 18:11:57,607 - root - INFO -  Se presiona el boton 'Refrescar', para crear un nuevo registro igual al anterior.
2022-07-21 18:12:05,258 - root - INFO -  Se da clic en el registro creado, para proceder a modificarlo.
2022-07-21 18:12:05,452 - root - INFO -  Se modifica el contenido del campo Descripcion
2022-07-21 18:12:18,936 - root - INFO -  Captura: C:\xampp\htdocs\versiones\automatizaciones\AutoPWST\01ASCH\report\img  screen：20220721_18_12_18.png
2022-07-21 18:12:19,140 - root - INFO - Se hace el cambio de pestaña para continuar con el registro nuevo
2022-07-21 18:12:26,764 - root - INFO -  Se da clic en el registro creado, para proceder a modificarlo.
2022-07-21 18:12:32,078 - root - ERROR - No se encontró el registro de Tipo Acción, revise si el xpath sigue siendo el mismo, para mas detalles del error consulte el reporte
2022-07-21 18:12:32,080 - root - INFO -  Captura: C:\xampp\htdocs\versiones\automatizaciones\AutoPWST\01ASCH\report\img  screen：20220721_18_12_32.png
2022-07-21 18:12:39,534 - root - ERROR - No se encontró el botón Refrescar, revise si el xpath sigue siendo el mismo, para mas detalles del error consulte el reporte
2022-07-21 18:12:39,536 - root - INFO -  Captura: C:\xampp\htdocs\versiones\automatizaciones\AutoPWST\01ASCH\report\img  screen：20220721_18_12_39.png
2022-07-21 18:15:05,548 - root - INFO -  Se abre el chrome
2022-07-21 18:15:10,559 - root - INFO -  Entra a la URL
2022-07-21 18:15:10,698 - root - INFO -  Maximiza la pantalla
2022-07-21 18:15:13,747 - root - INFO -  Cambia al frame
2022-07-21 18:15:16,840 - root - INFO -  Escribe el usuario
2022-07-21 18:15:16,944 - root - INFO -  Escribe la contraseña
2022-07-21 18:15:17,078 - root - INFO -  Se dio clic en el boton ingresar
2022-07-21 18:15:21,753 - root - INFO -  Ejecutar Enterprise
2022-07-21 18:15:21,754 - root - INFO -  Captura: C:\xampp\htdocs\versiones\automatizaciones\AutoPWST\01ASCH\report\img  screen：20220721_18_15_21.png
2022-07-21 18:15:25,970 - root - INFO -  Cambia entre pestañas
2022-07-21 18:15:53,269 - root - INFO -  Abre el menu completo
2022-07-21 18:16:16,773 - root - INFO -  Abre la pantalla de Acciones Scheduler
2022-07-21 18:16:16,853 - root - INFO -  La pantalla ejecutada es Acciones.
2022-07-21 18:16:16,854 - root - INFO -  Captura: C:\xampp\htdocs\versiones\automatizaciones\AutoPWST\01ASCH\report\img  screen：20220721_18_16_16.png
2022-07-21 18:16:17,048 - root - INFO -  Se presiona el boton 'Nuevo', para crear un nuevo registro.
2022-07-21 18:16:18,223 - root - INFO -  Se abrio la pantalla para el ingreso de un registro nuevo.
2022-07-21 18:16:18,268 - root - INFO -  El campo 'Codigo' si se encuentra visible.
2022-07-21 18:16:18,313 - root - INFO -  El campo 'Descrición' si se encuentra visible.
2022-07-21 18:16:18,350 - root - INFO -  El campo 'Tipo Acción' si se encuentra visible.
2022-07-21 18:16:18,431 - root - INFO -  Ingresa el codigo del nuevo registro 
2022-07-21 18:16:21,578 - root - INFO -  Ingresa la descripción del nuevo registro 
2022-07-21 18:16:35,100 - root - INFO -  Captura: C:\xampp\htdocs\versiones\automatizaciones\AutoPWST\01ASCH\report\img  screen：20220721_18_16_35.png
2022-07-21 18:16:35,315 - root - INFO - Se hace el cambio de pestaña para continuar con el registro nuevo
2022-07-21 18:16:38,425 - root - INFO -  Se presiona el boton 'Nuevo', para crear un nuevo registro.
2022-07-21 18:16:38,984 - root - INFO -  El campo 'Programación' si se encuentra visible.
2022-07-21 18:16:46,886 - root - INFO -  Se da clic en el boton Guardar; se debe crear un nuevo registro.
2022-07-21 18:16:50,043 - root - INFO -  Se da clic en el boton Guardar; se debe crear un nuevo registro.
2022-07-21 18:16:53,165 - root - INFO -  Se presiona el boton 'Refrescar', para crear un nuevo registro igual al anterior.
2022-07-21 18:16:56,294 - root - INFO -  Se presiona el boton 'Nuevo', para crear un nuevo registro igual al anterior.
2022-07-21 18:16:57,429 - root - INFO -  Se abrio la pantalla para el ingreso de un registro nuevo.
2022-07-21 18:16:57,466 - root - INFO -  El campo 'Codigo' si se encuentra visible.
2022-07-21 18:16:57,504 - root - INFO -  El campo 'Descrición' si se encuentra visible.
2022-07-21 18:16:57,541 - root - INFO -  El campo 'Tipo Acción' si se encuentra visible.
2022-07-21 18:16:57,623 - root - INFO -  Ingresa el codigo del nuevo registro 
2022-07-21 18:17:00,786 - root - INFO -  Ingresa la descripción del nuevo registro 
2022-07-21 18:17:11,386 - root - INFO -  Se da clic en el boton Guardar; NO se debe crear un nuevo registro.
2022-07-21 18:17:13,393 - root - INFO -  Captura: C:\xampp\htdocs\versiones\automatizaciones\AutoPWST\01ASCH\report\img  screen：20220721_18_17_13.png
2022-07-21 18:17:13,603 - root - INFO -  Se presiona el boton 'Cerrar', para cerrar el mensaje de duplicidad de llave primaria
2022-07-21 18:17:15,715 - root - INFO -  Se presiona el boton 'Cerrar', para cerrar la ventana
2022-07-21 18:17:19,822 - root - INFO -  Se presiona el boton 'Refrescar', para crear un nuevo registro igual al anterior.
2022-07-21 18:17:27,426 - root - INFO -  Se da clic en el registro creado, para proceder a modificarlo.
2022-07-21 18:17:27,625 - root - INFO -  Se modifica el contenido del campo Descripcion
2022-07-21 18:17:41,149 - root - INFO -  Captura: C:\xampp\htdocs\versiones\automatizaciones\AutoPWST\01ASCH\report\img  screen：20220721_18_17_41.png
2022-07-21 18:17:41,387 - root - INFO - Se hace el cambio de pestaña para continuar con el registro nuevo
2022-07-21 18:17:49,010 - root - INFO -  Se da clic en el registro creado, para proceder a modificarlo.
2022-07-21 18:17:52,158 - root - INFO -  Se presiona el boton 'Eliminar', para eliminar el registro.
2022-07-21 18:17:52,271 - root - INFO -  Se presiona el boton 'Nuevo', para crear un nuevo registro.
2022-07-21 18:18:00,768 - root - INFO -  Se da clic en el boton Guardar; se debe crear un nuevo registro.
2022-07-21 18:18:03,888 - root - INFO -  Se da clic en el boton Guardar; se debe modificar la informacion del registro.
2022-07-21 18:18:06,988 - root - INFO -  Se presiona el boton 'Refrescar', para proceder a eliminar el registro.
2022-07-21 18:18:14,636 - root - INFO -  Se da clic en el registro creado, para proceder a modificarlo.
2022-07-21 18:18:14,767 - root - INFO - Se hace el cambio de pestaña para continuar con el registro nuevo
2022-07-21 18:18:22,431 - root - INFO -  Se da clic en el registro creado, para proceder a modificarlo.
2022-07-21 18:18:25,557 - root - INFO -  Se presiona el boton 'Eliminar', para eliminar el registro.
2022-07-21 18:18:25,650 - root - INFO -  Se da clic en el boton Guardar; se debe modificar la informacion del registro.
2022-07-21 18:18:33,263 - root - INFO -  Se da clic en el registro creado, para proceder a modificarlo.
2022-07-21 18:18:36,362 - root - INFO -  Se presiona el boton 'Eliminar', para eliminar el registro.
2022-07-21 18:18:36,364 - root - INFO -  Captura: C:\xampp\htdocs\versiones\automatizaciones\AutoPWST\01ASCH\report\img  screen：20220721_18_18_36.png
2022-07-21 18:18:36,584 - root - INFO -  Se confirma el eliminado del registro
2022-07-21 18:18:38,703 - root - INFO -  Se presiona el boton 'Refrescar', para crear un nuevo registro igual al anterior.
2022-07-21 18:18:40,835 - root - INFO -  Se presiona el boton 'Cerrar', para cerrar la pantalla de Categorias Fiscales.
2022-07-21 18:18:45,104 - root - INFO -  Se cierra chrome
2022-07-21 18:39:12,793 - root - INFO -  Se abre el chrome
2022-07-21 18:39:18,094 - root - INFO -  Entra a la URL
2022-07-21 18:39:18,231 - root - INFO -  Maximiza la pantalla
2022-07-21 18:39:21,286 - root - INFO -  Cambia al frame
2022-07-21 18:39:24,373 - root - INFO -  Escribe el usuario
2022-07-21 18:39:24,477 - root - INFO -  Escribe la contraseña
2022-07-21 18:39:24,607 - root - INFO -  Se dio clic en el boton ingresar
2022-07-21 18:39:29,887 - root - INFO -  Ejecutar Enterprise
2022-07-21 18:39:29,888 - root - INFO -  Captura: C:\xampp\htdocs\versiones\automatizaciones\AutoPWST\02ASCH\report\img  screen：20220721_18_39_29.png
2022-07-21 18:39:34,141 - root - INFO -  Cambia entre pestañas
2022-07-21 18:39:52,232 - root - INFO -  Abre el menu completo
2022-07-21 18:40:15,754 - root - INFO -  Abre la pantalla de Acciones Scheduler
2022-07-21 18:40:15,848 - root - INFO -  La pantalla ejecutada es Acciones.
2022-07-21 18:40:15,849 - root - INFO -  Captura: C:\xampp\htdocs\versiones\automatizaciones\AutoPWST\02ASCH\report\img  screen：20220721_18_40_15.png
2022-07-21 18:40:16,035 - root - INFO -  Se presiona el boton 'Nuevo', para crear un nuevo registro.
2022-07-21 18:40:17,689 - root - INFO -  Se abrio la pantalla para el ingreso de un registro nuevo.
2022-07-21 18:40:17,727 - root - INFO -  El campo 'Codigo' si se encuentra visible.
2022-07-21 18:40:17,765 - root - INFO -  El campo 'Descrición' si se encuentra visible.
2022-07-21 18:40:17,803 - root - INFO -  El campo 'Tipo Acción' si se encuentra visible.
2022-07-21 18:40:17,841 - root - INFO -  El campo 'Lista Distribución' si se encuentra visible.
2022-07-21 18:40:17,880 - root - INFO -  El campo 'Contacto' si se encuentra visible.
2022-07-21 18:40:17,962 - root - INFO -  Ingresa el codigo del nuevo registro 
2022-07-21 18:40:21,122 - root - INFO -  Ingresa la descripción del nuevo registro 
2022-07-21 18:40:50,863 - root - ERROR - No se encontró el registro de Lista Distribucion, revise si el xpath sigue siendo el mismo, para mas detalles del error consulte el reporte
2022-07-21 18:40:50,864 - root - INFO -  Captura: C:\xampp\htdocs\versiones\automatizaciones\AutoPWST\02ASCH\report\img  screen：20220721_18_40_50.png
2022-07-21 18:41:15,190 - root - ERROR - No se encontró el botón Refrescar, revise si el xpath sigue siendo el mismo, para mas detalles del error consulte el reporte
2022-07-21 18:41:15,192 - root - INFO -  Captura: C:\xampp\htdocs\versiones\automatizaciones\AutoPWST\02ASCH\report\img  screen：20220721_18_41_15.png
2022-07-21 18:41:39,591 - root - ERROR - No se encontró el botón Refrescar, revise si el xpath sigue siendo el mismo, para mas detalles del error consulte el reporte
2022-07-21 18:41:39,593 - root - INFO -  Captura: C:\xampp\htdocs\versiones\automatizaciones\AutoPWST\02ASCH\report\img  screen：20220721_18_41_39.png
2022-07-21 18:42:03,952 - root - ERROR - No se encontró el botón Refrescar, revise si el xpath sigue siendo el mismo, para mas detalles del error consulte el reporte
2022-07-21 18:42:03,952 - root - INFO -  Captura: C:\xampp\htdocs\versiones\automatizaciones\AutoPWST\02ASCH\report\img  screen：20220721_18_42_03.png
2022-07-21 18:44:00,521 - root - INFO -  Se abre el chrome
2022-07-21 18:44:05,528 - root - INFO -  Entra a la URL
2022-07-21 18:44:05,665 - root - INFO -  Maximiza la pantalla
2022-07-21 18:44:36,392 - root - INFO -  Se abre el chrome
2022-07-21 18:44:41,441 - root - INFO -  Entra a la URL
2022-07-21 18:44:41,573 - root - INFO -  Maximiza la pantalla
2022-07-21 18:44:44,620 - root - INFO -  Cambia al frame
2022-07-21 18:44:47,698 - root - INFO -  Escribe el usuario
2022-07-21 18:44:47,805 - root - INFO -  Escribe la contraseña
2022-07-21 18:44:47,934 - root - INFO -  Se dio clic en el boton ingresar
2022-07-21 18:44:52,233 - root - INFO -  Ejecutar Enterprise
2022-07-21 18:44:52,236 - root - INFO -  Captura: C:\xampp\htdocs\versiones\automatizaciones\AutoPWST\02ASCH\report\img  screen：20220721_18_44_52.png
2022-07-21 18:44:56,445 - root - INFO -  Cambia entre pestañas
2022-07-21 18:45:19,114 - root - INFO -  Abre el menu completo
2022-07-21 18:45:42,629 - root - INFO -  Abre la pantalla de Acciones Scheduler
2022-07-21 18:45:42,691 - root - INFO -  La pantalla ejecutada es Acciones.
2022-07-21 18:45:42,692 - root - INFO -  Captura: C:\xampp\htdocs\versiones\automatizaciones\AutoPWST\02ASCH\report\img  screen：20220721_18_45_42.png
2022-07-21 18:45:42,892 - root - INFO -  Se presiona el boton 'Nuevo', para crear un nuevo registro.
2022-07-21 18:45:44,059 - root - INFO -  Se abrio la pantalla para el ingreso de un registro nuevo.
2022-07-21 18:45:44,106 - root - INFO -  El campo 'Codigo' si se encuentra visible.
2022-07-21 18:45:44,154 - root - INFO -  El campo 'Descrición' si se encuentra visible.
2022-07-21 18:45:44,190 - root - INFO -  El campo 'Tipo Acción' si se encuentra visible.
2022-07-21 18:45:44,226 - root - INFO -  El campo 'Lista Distribución' si se encuentra visible.
2022-07-21 18:45:44,265 - root - INFO -  El campo 'Contacto' si se encuentra visible.
2022-07-21 18:45:44,351 - root - INFO -  Ingresa el codigo del nuevo registro 
2022-07-21 18:45:47,510 - root - INFO -  Ingresa la descripción del nuevo registro 
2022-07-21 18:46:17,220 - root - ERROR - No se encontró el registro de Tipo Acción, revise si el xpath sigue siendo el mismo, para mas detalles del error consulte el reporte
2022-07-21 18:46:17,221 - root - INFO -  Captura: C:\xampp\htdocs\versiones\automatizaciones\AutoPWST\02ASCH\report\img  screen：20220721_18_46_17.png
2022-07-21 18:46:24,623 - root - ERROR - No se encontró el botón Refrescar, revise si el xpath sigue siendo el mismo, para mas detalles del error consulte el reporte
2022-07-21 18:46:24,624 - root - INFO -  Captura: C:\xampp\htdocs\versiones\automatizaciones\AutoPWST\02ASCH\report\img  screen：20220721_18_46_24.png
2022-07-21 18:46:24,629 - root - ERROR - No se encontró el botón Refrescar, revise si el xpath sigue siendo el mismo, para mas detalles del error consulte el reporte
2022-07-21 18:46:24,630 - root - INFO -  Captura: C:\xampp\htdocs\versiones\automatizaciones\AutoPWST\02ASCH\report\img  screen：20220721_18_46_24.png
2022-07-21 18:46:24,635 - root - ERROR - No se encontró el botón Refrescar, revise si el xpath sigue siendo el mismo, para mas detalles del error consulte el reporte
2022-07-21 18:46:24,635 - root - INFO -  Captura: C:\xampp\htdocs\versiones\automatizaciones\AutoPWST\02ASCH\report\img  screen：20220721_18_46_24.png
2022-07-21 18:47:44,638 - root - INFO -  Se abre el chrome
2022-07-21 18:47:48,383 - root - INFO -  Entra a la URL
2022-07-21 18:47:48,521 - root - INFO -  Maximiza la pantalla
2022-07-21 18:47:51,576 - root - INFO -  Cambia al frame
2022-07-21 18:47:54,667 - root - INFO -  Escribe el usuario
2022-07-21 18:47:54,768 - root - INFO -  Escribe la contraseña
2022-07-21 18:47:54,904 - root - INFO -  Se dio clic en el boton ingresar
2022-07-21 18:47:58,613 - root - INFO -  Ejecutar Enterprise
2022-07-21 18:47:58,614 - root - INFO -  Captura: C:\xampp\htdocs\versiones\automatizaciones\AutoPWST\02ASCH\report\img  screen：20220721_18_47_58.png
2022-07-21 18:48:02,821 - root - INFO -  Cambia entre pestañas
2022-07-21 18:48:20,558 - root - INFO -  Abre el menu completo
2022-07-21 18:48:44,071 - root - INFO -  Abre la pantalla de Acciones Scheduler
2022-07-21 18:48:44,145 - root - INFO -  La pantalla ejecutada es Acciones.
2022-07-21 18:48:44,146 - root - INFO -  Captura: C:\xampp\htdocs\versiones\automatizaciones\AutoPWST\02ASCH\report\img  screen：20220721_18_48_44.png
2022-07-21 18:48:44,388 - root - INFO -  Se presiona el boton 'Nuevo', para crear un nuevo registro.
2022-07-21 18:48:45,567 - root - INFO -  Se abrio la pantalla para el ingreso de un registro nuevo.
2022-07-21 18:48:45,613 - root - INFO -  El campo 'Codigo' si se encuentra visible.
2022-07-21 18:48:45,659 - root - INFO -  El campo 'Descrición' si se encuentra visible.
2022-07-21 18:48:45,697 - root - INFO -  El campo 'Tipo Acción' si se encuentra visible.
2022-07-21 18:48:45,736 - root - INFO -  El campo 'Lista Distribución' si se encuentra visible.
2022-07-21 18:48:45,775 - root - INFO -  El campo 'Contacto' si se encuentra visible.
2022-07-21 18:48:45,856 - root - INFO -  Ingresa el codigo del nuevo registro 
2022-07-21 18:48:48,990 - root - INFO -  Ingresa la descripción del nuevo registro 
2022-07-21 18:49:24,123 - root - INFO -  Captura: C:\xampp\htdocs\versiones\automatizaciones\AutoPWST\02ASCH\report\img  screen：20220721_18_49_24.png
2022-07-21 18:49:25,378 - root - ERROR - No se encontró el botón Programaciones, revise si el xpath sigue siendo el mismo, para mas detalles del error consulte el reporte
2022-07-21 18:49:25,380 - root - INFO -  Captura: C:\xampp\htdocs\versiones\automatizaciones\AutoPWST\02ASCH\report\img  screen：20220721_18_49_25.png
2022-07-21 18:50:04,302 - root - INFO -  Se abre el chrome
2022-07-21 18:50:08,079 - root - INFO -  Entra a la URL
2022-07-21 18:50:08,198 - root - INFO -  Maximiza la pantalla
2022-07-21 18:50:11,247 - root - INFO -  Cambia al frame
2022-07-21 18:50:14,329 - root - INFO -  Escribe el usuario
2022-07-21 18:50:14,435 - root - INFO -  Escribe la contraseña
2022-07-21 18:50:14,575 - root - INFO -  Se dio clic en el boton ingresar
2022-07-21 18:50:18,255 - root - INFO -  Ejecutar Enterprise
2022-07-21 18:50:18,258 - root - INFO -  Captura: C:\xampp\htdocs\versiones\automatizaciones\AutoPWST\02ASCH\report\img  screen：20220721_18_50_18.png
2022-07-21 18:50:22,484 - root - INFO -  Cambia entre pestañas
2022-07-21 18:50:41,184 - root - INFO -  Abre el menu completo
2022-07-21 18:51:04,695 - root - INFO -  Abre la pantalla de Acciones Scheduler
2022-07-21 18:51:04,757 - root - INFO -  La pantalla ejecutada es Acciones.
2022-07-21 18:51:04,758 - root - INFO -  Captura: C:\xampp\htdocs\versiones\automatizaciones\AutoPWST\02ASCH\report\img  screen：20220721_18_51_04.png
2022-07-21 18:51:04,944 - root - INFO -  Se presiona el boton 'Nuevo', para crear un nuevo registro.
2022-07-21 18:51:06,063 - root - INFO -  Se abrio la pantalla para el ingreso de un registro nuevo.
2022-07-21 18:51:06,107 - root - INFO -  El campo 'Codigo' si se encuentra visible.
2022-07-21 18:51:06,152 - root - INFO -  El campo 'Descrición' si se encuentra visible.
2022-07-21 18:51:06,189 - root - INFO -  El campo 'Tipo Acción' si se encuentra visible.
2022-07-21 18:51:06,228 - root - INFO -  El campo 'Lista Distribución' si se encuentra visible.
2022-07-21 18:51:06,269 - root - INFO -  El campo 'Contacto' si se encuentra visible.
2022-07-21 18:51:06,355 - root - INFO -  Ingresa el codigo del nuevo registro 
2022-07-21 18:51:09,517 - root - INFO -  Ingresa la descripción del nuevo registro 
2022-07-21 18:51:44,692 - root - INFO -  Captura: C:\xampp\htdocs\versiones\automatizaciones\AutoPWST\02ASCH\report\img  screen：20220721_18_51_44.png
2022-07-21 18:51:44,907 - root - INFO - Se hace el cambio de pestaña para continuar con el registro nuevo
2022-07-21 18:51:48,037 - root - INFO -  Se presiona el boton 'Nuevo', para crear un nuevo registro.
2022-07-21 18:51:48,598 - root - INFO -  El campo 'Programación' si se encuentra visible.
2022-07-21 18:51:56,437 - root - INFO -  Se da clic en el boton Guardar; se debe crear un nuevo registro.
2022-07-21 18:51:59,528 - root - INFO -  Se da clic en el boton Guardar; se debe crear un nuevo registro.
2022-07-21 18:52:02,700 - root - INFO -  Se presiona el boton 'Refrescar', para crear un nuevo registro igual al anterior.
2022-07-21 18:52:05,814 - root - INFO -  Se presiona el boton 'Nuevo', para crear un nuevo registro igual al anterior.
2022-07-21 18:52:06,895 - root - INFO -  Se abrio la pantalla para el ingreso de un registro nuevo.
2022-07-21 18:52:06,932 - root - INFO -  El campo 'Codigo' si se encuentra visible.
2022-07-21 18:52:06,971 - root - INFO -  El campo 'Descrición' si se encuentra visible.
2022-07-21 18:52:07,009 - root - INFO -  El campo 'Tipo Acción' si se encuentra visible.
2022-07-21 18:52:07,047 - root - INFO -  El campo 'Lista Distribución' si se encuentra visible.
2022-07-21 18:52:07,086 - root - INFO -  El campo 'Contacto' si se encuentra visible.
2022-07-21 18:52:07,170 - root - INFO -  Ingresa el codigo del nuevo registro 
2022-07-21 18:52:10,321 - root - INFO -  Ingresa la descripción del nuevo registro 
2022-07-21 18:52:25,928 - root - ERROR - No se encontró el registro de Lista Distribucion, revise si el xpath sigue siendo el mismo, para mas detalles del error consulte el reporte
2022-07-21 18:52:25,929 - root - INFO -  Captura: C:\xampp\htdocs\versiones\automatizaciones\AutoPWST\02ASCH\report\img  screen：20220721_18_52_25.png
2022-07-21 18:52:33,382 - root - ERROR - No se encontró el botón Refrescar, revise si el xpath sigue siendo el mismo, para mas detalles del error consulte el reporte
2022-07-21 18:52:33,384 - root - INFO -  Captura: C:\xampp\htdocs\versiones\automatizaciones\AutoPWST\02ASCH\report\img  screen：20220721_18_52_33.png
2022-07-21 18:52:33,400 - root - ERROR - No se encontró el botón Refrescar, revise si el xpath sigue siendo el mismo, para mas detalles del error consulte el reporte
2022-07-21 18:52:33,402 - root - INFO -  Captura: C:\xampp\htdocs\versiones\automatizaciones\AutoPWST\02ASCH\report\img  screen：20220721_18_52_33.png
2022-07-21 18:54:30,816 - root - INFO -  Se abre el chrome
2022-07-21 18:54:34,485 - root - INFO -  Entra a la URL
2022-07-21 18:54:34,627 - root - INFO -  Maximiza la pantalla
2022-07-21 18:54:37,677 - root - INFO -  Cambia al frame
2022-07-21 18:54:40,768 - root - INFO -  Escribe el usuario
2022-07-21 18:54:40,870 - root - INFO -  Escribe la contraseña
2022-07-21 18:54:41,006 - root - INFO -  Se dio clic en el boton ingresar
2022-07-21 18:54:44,101 - root - INFO -  Ejecutar Enterprise
2022-07-21 18:54:44,103 - root - INFO -  Captura: C:\xampp\htdocs\versiones\automatizaciones\AutoPWST\02ASCH\report\img  screen：20220721_18_54_44.png
2022-07-21 18:54:48,333 - root - INFO -  Cambia entre pestañas
2022-07-21 18:55:04,919 - root - INFO -  Abre el menu completo
2022-07-21 18:55:28,467 - root - INFO -  Abre la pantalla de Acciones Scheduler
2022-07-21 18:55:28,558 - root - INFO -  La pantalla ejecutada es Acciones.
2022-07-21 18:55:28,559 - root - INFO -  Captura: C:\xampp\htdocs\versiones\automatizaciones\AutoPWST\02ASCH\report\img  screen：20220721_18_55_28.png
2022-07-21 18:55:28,789 - root - INFO -  Se presiona el boton 'Nuevo', para crear un nuevo registro.
2022-07-21 18:55:29,947 - root - INFO -  Se abrio la pantalla para el ingreso de un registro nuevo.
2022-07-21 18:55:29,992 - root - INFO -  El campo 'Codigo' si se encuentra visible.
2022-07-21 18:55:30,039 - root - INFO -  El campo 'Descrición' si se encuentra visible.
2022-07-21 18:55:30,076 - root - INFO -  El campo 'Tipo Acción' si se encuentra visible.
2022-07-21 18:55:30,113 - root - INFO -  El campo 'Lista Distribución' si se encuentra visible.
2022-07-21 18:55:30,152 - root - INFO -  El campo 'Contacto' si se encuentra visible.
2022-07-21 18:55:30,234 - root - INFO -  Ingresa el codigo del nuevo registro 
2022-07-21 18:55:33,399 - root - INFO -  Ingresa la descripción del nuevo registro 
2022-07-21 18:56:08,520 - root - INFO -  Captura: C:\xampp\htdocs\versiones\automatizaciones\AutoPWST\02ASCH\report\img  screen：20220721_18_56_08.png
2022-07-21 18:56:08,748 - root - INFO - Se hace el cambio de pestaña para continuar con el registro nuevo
2022-07-21 18:56:11,863 - root - INFO -  Se presiona el boton 'Nuevo', para crear un nuevo registro.
2022-07-21 18:56:12,452 - root - INFO -  El campo 'Programación' si se encuentra visible.
2022-07-21 18:56:20,338 - root - INFO -  Se da clic en el boton Guardar; se debe crear un nuevo registro.
2022-07-21 18:56:23,458 - root - INFO -  Se da clic en el boton Guardar; se debe crear un nuevo registro.
2022-07-21 18:56:26,596 - root - INFO -  Se presiona el boton 'Refrescar', para crear un nuevo registro igual al anterior.
2022-07-21 18:56:29,717 - root - INFO -  Se presiona el boton 'Nuevo', para crear un nuevo registro igual al anterior.
2022-07-21 18:56:31,378 - root - INFO -  Se abrio la pantalla para el ingreso de un registro nuevo.
2022-07-21 18:56:31,423 - root - INFO -  El campo 'Codigo' si se encuentra visible.
2022-07-21 18:56:31,463 - root - INFO -  El campo 'Descrición' si se encuentra visible.
2022-07-21 18:56:31,501 - root - INFO -  El campo 'Tipo Acción' si se encuentra visible.
2022-07-21 18:56:31,540 - root - INFO -  El campo 'Lista Distribución' si se encuentra visible.
2022-07-21 18:56:31,586 - root - INFO -  El campo 'Contacto' si se encuentra visible.
2022-07-21 18:56:31,669 - root - INFO -  Ingresa el codigo del nuevo registro 
2022-07-21 18:56:34,849 - root - INFO -  Ingresa la descripción del nuevo registro 
2022-07-21 18:57:07,109 - root - INFO -  Se da clic en el boton Guardar; NO se debe crear un nuevo registro.
2022-07-21 18:57:09,126 - root - INFO -  Captura: C:\xampp\htdocs\versiones\automatizaciones\AutoPWST\02ASCH\report\img  screen：20220721_18_57_09.png
2022-07-21 18:57:09,383 - root - INFO -  Se presiona el boton 'Cerrar', para cerrar el mensaje de duplicidad de llave primaria
2022-07-21 18:57:11,488 - root - INFO -  Se presiona el boton 'Cerrar', para cerrar la ventana
2022-07-21 18:57:15,596 - root - INFO -  Se presiona el boton 'Refrescar', para crear un nuevo registro igual al anterior.
2022-07-21 18:57:23,247 - root - INFO -  Se da clic en el registro creado, para proceder a modificarlo.
2022-07-21 18:57:23,467 - root - INFO -  Se modifica el contenido del campo Descripcion
2022-07-21 18:57:36,956 - root - INFO -  Captura: C:\xampp\htdocs\versiones\automatizaciones\AutoPWST\02ASCH\report\img  screen：20220721_18_57_36.png
2022-07-21 18:57:58,754 - root - INFO -  Captura: C:\xampp\htdocs\versiones\automatizaciones\AutoPWST\02ASCH\report\img  screen：20220721_18_57_58.png
2022-07-21 18:57:58,964 - root - INFO - Se hace el cambio de pestaña para continuar con el registro nuevo
2022-07-21 18:58:06,567 - root - INFO -  Se da clic en el registro creado, para proceder a modificarlo.
2022-07-21 18:58:09,685 - root - INFO -  Se presiona el boton 'Eliminar', para eliminar el registro.
2022-07-21 18:58:09,798 - root - INFO -  Se presiona el boton 'Nuevo', para crear un nuevo registro.
2022-07-21 18:58:18,322 - root - INFO -  Se da clic en el boton Guardar; se debe crear un nuevo registro.
2022-07-21 18:58:21,436 - root - INFO -  Se da clic en el boton Guardar; se debe modificar la informacion del registro.
2022-07-21 18:58:24,568 - root - INFO -  Se presiona el boton 'Refrescar', para proceder a eliminar el registro.
2022-07-21 18:58:32,211 - root - INFO -  Se da clic en el registro creado, para proceder a modificarlo.
2022-07-21 18:58:32,355 - root - INFO - Se hace el cambio de pestaña para continuar con el registro nuevo
2022-07-21 18:58:39,939 - root - INFO -  Se da clic en el registro creado, para proceder a modificarlo.
2022-07-21 18:58:43,024 - root - INFO -  Se presiona el boton 'Eliminar', para eliminar el registro.
2022-07-21 18:58:43,114 - root - INFO -  Se da clic en el boton Guardar; se debe modificar la informacion del registro.
2022-07-21 18:58:50,698 - root - INFO -  Se da clic en el registro creado, para proceder a modificarlo.
2022-07-21 18:58:53,780 - root - INFO -  Se presiona el boton 'Eliminar', para eliminar el registro.
2022-07-21 18:58:53,781 - root - INFO -  Captura: C:\xampp\htdocs\versiones\automatizaciones\AutoPWST\02ASCH\report\img  screen：20220721_18_58_53.png
2022-07-21 18:58:54,002 - root - INFO -  Se confirma el eliminado del registro
2022-07-21 18:58:56,077 - root - INFO -  Se presiona el boton 'Refrescar', para crear un nuevo registro igual al anterior.
2022-07-21 18:58:58,158 - root - INFO -  Se presiona el boton 'Cerrar', para cerrar la pantalla de Categorias Fiscales.
2022-07-21 18:59:02,402 - root - INFO -  Se cierra chrome
