2022-08-01 10:41:18,624 - root - INFO -  Se abre el chrome
2022-08-01 10:41:21,487 - root - INFO -  Entra a la URL
2022-08-01 10:41:21,621 - root - INFO -  Maximiza la pantalla
2022-08-01 10:41:24,754 - root - INFO -  Cambia al frame
2022-08-01 10:41:27,866 - root - INFO -  Escribe el usuario
2022-08-01 10:41:27,980 - root - INFO -  Escribe la contraseña
2022-08-01 10:41:28,154 - root - INFO -  Se dio clic en el boton ingresar
2022-08-01 10:41:31,077 - root - INFO -  Ejecutar Enterprise
2022-08-01 10:41:35,147 - root - INFO -  Cambia entre pestañas
2022-08-01 10:41:46,954 - root - INFO -  Abre el menu completo
2022-08-01 10:42:14,256 - root - INFO -  Abre la pantalla de Acciones Scheduler
2022-08-01 10:42:26,416 - root - ERROR - La pantalla ejecutada no es correcta, revise si el xpath sigue siendo el mismo, para mas detalles del error consulte el reporte
2022-08-01 10:42:26,421 - root - INFO -  Captura: C:\xampp\htdocs\Versiones\automatizaciones\AutoPWST\02ASCH\report\img  screen：20220801_10_42_26.png
2022-08-01 10:42:51,114 - root - ERROR - La pantalla ejecutada no es correcta, revise si el xpath sigue siendo el mismo, para mas detalles del error consulte el reporte
2022-08-01 10:42:51,114 - root - INFO -  Captura: C:\xampp\htdocs\Versiones\automatizaciones\AutoPWST\02ASCH\report\img  screen：20220801_10_42_51.png
2022-08-01 10:43:15,484 - root - ERROR - No se encontró el botón Refrescar, revise si el xpath sigue siendo el mismo, para mas detalles del error consulte el reporte
2022-08-01 10:43:15,484 - root - INFO -  Captura: C:\xampp\htdocs\Versiones\automatizaciones\AutoPWST\02ASCH\report\img  screen：20220801_10_43_15.png
2022-08-01 10:43:39,796 - root - ERROR - No se encontró el botón Refrescar, revise si el xpath sigue siendo el mismo, para mas detalles del error consulte el reporte
2022-08-01 10:43:39,797 - root - INFO -  Captura: C:\xampp\htdocs\Versiones\automatizaciones\AutoPWST\02ASCH\report\img  screen：20220801_10_43_39.png
2022-08-01 10:44:04,120 - root - ERROR - No se encontró el botón Refrescar, revise si el xpath sigue siendo el mismo, para mas detalles del error consulte el reporte
2022-08-01 10:44:04,120 - root - INFO -  Captura: C:\xampp\htdocs\Versiones\automatizaciones\AutoPWST\02ASCH\report\img  screen：20220801_10_44_04.png
