2022-09-27 12:33:37,537 - root - INFO -  Se abre el chrome
2022-09-27 12:33:39,003 - root - INFO -  Entra a la URL
2022-09-27 12:33:39,139 - root - INFO -  Maximiza la pantalla
2022-09-27 12:33:42,178 - root - INFO -  Cambia al frame
2022-09-27 12:33:45,253 - root - INFO -  Escribe el usuario
2022-09-27 12:33:45,352 - root - INFO -  Escribe la contraseña
2022-09-27 12:33:45,489 - root - INFO -  Se dio clic en el boton ingresar
2022-09-27 12:33:46,271 - root - INFO -  Ejecutar Enterprise
2022-09-27 12:33:50,367 - root - INFO -  Cambia entre pestañas
2022-09-27 12:34:21,115 - root - INFO -  Abre la pantalla de Acciones Scheduler
2022-09-27 12:34:21,185 - root - INFO -  La pantalla ejecutada es Acciones.
2022-09-27 12:34:21,185 - root - INFO -  Captura: C:\xampp\htdocs\Versiones\automatizaciones\AutoPWST\02ASCH\report\img  screen：20220927_12_34_21.png
2022-09-27 12:34:21,364 - root - INFO -  Se presiona el boton 'Nuevo', para crear un nuevo registro.
2022-09-27 12:34:24,426 - root - INFO -  Se abrio la pantalla para el ingreso de un registro nuevo.
2022-09-27 12:34:24,456 - root - INFO -  El campo 'Codigo' si se encuentra visible.
2022-09-27 12:34:24,496 - root - INFO -  El campo 'Descrición' si se encuentra visible.
2022-09-27 12:34:24,526 - root - INFO -  El campo 'Tipo Acción' si se encuentra visible.
2022-09-27 12:34:24,566 - root - INFO -  El campo 'Lista Distribución' si se encuentra visible.
2022-09-27 12:34:24,606 - root - INFO -  El campo 'Contacto' si se encuentra visible.
2022-09-27 12:34:24,674 - root - INFO -  Ingresa el codigo del nuevo registro 
2022-09-27 12:34:27,840 - root - INFO -  Ingresa la descripción del nuevo registro 
2022-09-27 12:34:56,882 - root - ERROR - No se encontró el registro de Contacto, revise si el xpath sigue siendo el mismo, para mas detalles del error consulte el reporte
2022-09-27 12:34:56,882 - root - INFO -  Captura: C:\xampp\htdocs\Versiones\automatizaciones\AutoPWST\02ASCH\report\img  screen：20220927_12_34_56.png
2022-09-27 12:35:04,269 - root - ERROR - No se encontró el botón Refrescar, revise si el xpath sigue siendo el mismo, para mas detalles del error consulte el reporte
2022-09-27 12:35:04,269 - root - INFO -  Captura: C:\xampp\htdocs\Versiones\automatizaciones\AutoPWST\02ASCH\report\img  screen：20220927_12_35_04.png
2022-09-27 12:35:04,289 - root - ERROR - No se encontró el botón Refrescar, revise si el xpath sigue siendo el mismo, para mas detalles del error consulte el reporte
2022-09-27 12:35:04,289 - root - INFO -  Captura: C:\xampp\htdocs\Versiones\automatizaciones\AutoPWST\02ASCH\report\img  screen：20220927_12_35_04.png
2022-09-27 12:35:04,319 - root - ERROR - No se encontró el botón Refrescar, revise si el xpath sigue siendo el mismo, para mas detalles del error consulte el reporte
2022-09-27 12:35:04,319 - root - INFO -  Captura: C:\xampp\htdocs\Versiones\automatizaciones\AutoPWST\02ASCH\report\img  screen：20220927_12_35_04.png
