2023-06-08 14:08:01,444 - root - INFO -  Se abre el chrome
2023-06-08 14:08:02,264 - root - INFO -  Entra a la URL
2023-06-08 14:08:36,442 - root - INFO -  Se abre el chrome
2023-06-08 14:08:38,325 - root - INFO -  Entra a la URL
2023-06-08 14:08:38,454 - root - INFO -  Maximiza la pantalla
2023-06-08 14:08:41,543 - root - INFO -  Escribe el usuario
2023-06-08 14:08:41,634 - root - INFO -  Escribe la contraseña
2023-06-08 14:08:41,711 - root - INFO -  Se dio clic en el boton ingresar
2023-06-08 14:08:43,498 - root - INFO -  Ejecutar Enterprise
2023-06-08 14:08:47,633 - root - INFO -  Cambia entre pestañas
2023-06-08 14:08:59,965 - root - INFO -  Abre la pantalla de Acciones Scheduler
2023-06-08 14:09:00,526 - root - INFO -  La pantalla ejecutada es Acciones.
2023-06-08 14:09:00,527 - root - INFO -  Captura: C:\xampp\htdocs\versiones\automatizaciones\AutoPWST\02ASCH\report\img  screen：20230608_14_09_00.png
2023-06-08 14:09:10,902 - root - INFO -  Se presiona el boton 'Nuevo', para crear un nuevo registro.
2023-06-08 14:09:11,450 - root - INFO -  Se abrio la pantalla para el ingreso de un registro nuevo.
2023-06-08 14:09:11,477 - root - INFO -  El campo 'Codigo' si se encuentra visible.
2023-06-08 14:09:11,502 - root - INFO -  El campo 'Descrición' si se encuentra visible.
2023-06-08 14:09:11,526 - root - INFO -  El campo 'Tipo Acción' si se encuentra visible.
2023-06-08 14:09:11,551 - root - INFO -  El campo 'Lista Distribución' si se encuentra visible.
2023-06-08 14:09:11,575 - root - INFO -  El campo 'Contacto' si se encuentra visible.
2023-06-08 14:09:11,639 - root - INFO -  Ingresa el codigo del nuevo registro 
2023-06-08 14:09:11,713 - root - INFO -  Ingresa la descripción del nuevo registro 
2023-06-08 14:09:14,094 - root - INFO -  Captura: C:\xampp\htdocs\versiones\automatizaciones\AutoPWST\02ASCH\report\img  screen：20230608_14_09_14.png
2023-06-08 14:09:14,347 - root - INFO - Se hace el cambio de pestaña para continuar con el registro nuevo
2023-06-08 14:09:14,946 - root - INFO -  Se presiona el boton 'Nuevo', para crear un nuevo registro.
2023-06-08 14:09:15,491 - root - INFO -  El campo 'Programación' si se encuentra visible.
2023-06-08 14:09:16,607 - root - INFO -  Se da clic en el boton Guardar; se debe crear un nuevo registro.
2023-06-08 14:09:16,902 - root - INFO -  Se da clic en el boton Guardar; se debe crear un nuevo registro.
2023-06-08 14:09:17,105 - root - INFO -  Se presiona el boton 'Refrescar', para crear un nuevo registro igual al anterior.
2023-06-08 14:09:19,166 - root - INFO -  Se presiona el boton 'Nuevo', para crear un nuevo registro igual al anterior.
2023-06-08 14:09:19,711 - root - INFO -  Se abrio la pantalla para el ingreso de un registro nuevo.
2023-06-08 14:09:19,735 - root - INFO -  El campo 'Codigo' si se encuentra visible.
2023-06-08 14:09:19,756 - root - INFO -  El campo 'Descrición' si se encuentra visible.
2023-06-08 14:09:19,777 - root - INFO -  El campo 'Tipo Acción' si se encuentra visible.
2023-06-08 14:09:19,798 - root - INFO -  El campo 'Lista Distribución' si se encuentra visible.
2023-06-08 14:09:19,819 - root - INFO -  El campo 'Contacto' si se encuentra visible.
2023-06-08 14:09:19,865 - root - INFO -  Ingresa el codigo del nuevo registro 
2023-06-08 14:09:19,944 - root - INFO -  Ingresa la descripción del nuevo registro 
2023-06-08 14:09:22,602 - root - INFO -  Se da clic en el boton Guardar; NO se debe crear un nuevo registro.
2023-06-08 14:09:23,603 - root - INFO -  Captura: C:\xampp\htdocs\versiones\automatizaciones\AutoPWST\02ASCH\report\img  screen：20230608_14_09_23.png
2023-06-08 14:09:29,003 - root - INFO -  Se presiona el boton 'Cerrar', para cerrar el mensaje de duplicidad de llave primaria
2023-06-08 14:09:30,004 - root - INFO -  Captura: C:\xampp\htdocs\versiones\automatizaciones\AutoPWST\02ASCH\report\img  screen：20230608_14_09_30.png
2023-06-08 14:09:30,232 - root - INFO -  Se presiona el boton 'Cerrar', para cerrar el mensaje de duplicidad de llave primaria
2023-06-08 14:09:30,355 - root - INFO -  Se presiona el boton 'Cerrar', para cerrar la ventana
2023-06-08 14:09:30,501 - root - INFO -  Se presiona el boton 'Refrescar', para crear un nuevo registro igual al anterior.
2023-06-08 14:09:34,130 - root - INFO -  Se da clic en el registro creado, para proceder a modificarlo.
2023-06-08 14:09:34,760 - root - INFO -  Se modifica el contenido del campo Descripcion
2023-06-08 14:09:35,119 - root - INFO -  Captura: C:\xampp\htdocs\versiones\automatizaciones\AutoPWST\02ASCH\report\img  screen：20230608_14_09_35.png
2023-06-08 14:09:37,210 - root - INFO -  Captura: C:\xampp\htdocs\versiones\automatizaciones\AutoPWST\02ASCH\report\img  screen：20230608_14_09_37.png
2023-06-08 14:09:37,534 - root - INFO - Se hace el cambio de pestaña para continuar con el registro nuevo
2023-06-08 14:09:38,614 - root - INFO -  Se da clic en el registro creado, para proceder a modificarlo.
2023-06-08 14:09:38,674 - root - INFO -  Se presiona el boton 'Eliminar', para eliminar el registro.
2023-06-08 14:09:38,807 - root - INFO -  Se presiona el boton 'Nuevo', para crear un nuevo registro.
2023-06-08 14:09:40,370 - root - INFO -  Se da clic en el boton Guardar; se debe crear un nuevo registro.
2023-06-08 14:09:40,618 - root - INFO -  Se da clic en el boton Guardar; se debe modificar la informacion del registro.
2023-06-08 14:09:40,827 - root - INFO -  Se presiona el boton 'Refrescar', para proceder a eliminar el registro.
2023-06-08 14:09:44,441 - root - INFO -  Se da clic en el registro creado, para proceder a modificarlo.
2023-06-08 14:09:45,007 - root - INFO - Se hace el cambio de pestaña para continuar con el registro nuevo
2023-06-08 14:09:46,081 - root - INFO -  Se da clic en el registro creado, para proceder a modificarlo.
2023-06-08 14:09:46,127 - root - INFO -  Se presiona el boton 'Eliminar', para eliminar el registro.
2023-06-08 14:09:46,321 - root - INFO -  Se da clic en el boton Guardar; se debe modificar la informacion del registro.
2023-06-08 14:09:46,896 - root - INFO -  Se da clic en el registro creado, para proceder a modificarlo.
2023-06-08 14:09:46,956 - root - INFO -  Se presiona el boton 'Eliminar', para eliminar el registro.
2023-06-08 14:09:48,957 - root - INFO -  Captura: C:\xampp\htdocs\versiones\automatizaciones\AutoPWST\02ASCH\report\img  screen：20230608_14_09_48.png
2023-06-08 14:09:49,111 - root - INFO -  Se confirma el eliminado del registro
2023-06-08 14:09:49,352 - root - INFO -  Se presiona el boton 'Refrescar', para crear un nuevo registro igual al anterior.
2023-06-08 14:09:51,427 - root - INFO -  Se presiona el boton 'Cerrar', para cerrar la pantalla de Acciones Scheduler.
2023-06-08 14:09:57,674 - root - INFO -  Se cierra chrome
