2022-12-23 12:30:08,300 - root - INFO -  Se abre el chrome
2022-12-23 12:30:10,552 - root - INFO -  Entra a la URL
2022-12-23 12:30:10,686 - root - INFO -  Maximiza la pantalla
2022-12-23 12:30:13,845 - root - INFO -  Escribe el usuario
2022-12-23 12:30:13,961 - root - INFO -  Escribe la contraseña
2022-12-23 12:30:14,070 - root - INFO -  Se dio clic en el boton ingresar
2022-12-23 12:30:14,838 - root - INFO -  Ejecutar Enterprise
2022-12-23 12:30:18,932 - root - INFO -  Cambia entre pestañas
2022-12-23 12:30:30,108 - root - INFO -  Abre la pantalla de tipos de compañia
2022-12-23 12:30:30,704 - root - INFO -  La pantalla ejecutada es TIPO DE DISTRIBUIDOR
2022-12-23 12:30:30,709 - root - INFO -  Captura: C:\xampp\htdocs\versiones\automatizaciones\AutoPWST\01TPR\report\img  screen：20221223_12_30_30.png
2022-12-23 12:30:41,191 - root - INFO -  Se presiona el boton 'Nuevo', para crear un nuevo registro.
2022-12-23 12:30:41,869 - root - INFO -  Se abrio la pantalla para el ingreso de un registro nuevo.
2022-12-23 12:30:42,009 - root - INFO -  El campo 'Codigo' si se encuentra visible.
2022-12-23 12:30:42,144 - root - INFO -  El campo 'Código Usuario' si se encuentra visible.
2022-12-23 12:30:42,271 - root - INFO -  El campo 'Descrición' si se encuentra visible.
2022-12-23 12:30:42,387 - root - INFO -  El campo 'Código Alternativo' si se encuentra visible.
2022-12-23 12:30:42,585 - root - INFO -  Ingresa el codigo del nuevo registro 
2022-12-23 12:30:42,902 - root - INFO -  Ingresa el codigo usuario del nuevo registro 
2022-12-23 12:30:43,168 - root - INFO -  Ingresa el codigo alternativo del nuevo registro 
2022-12-23 12:30:44,559 - root - INFO -  Captura: C:\xampp\htdocs\versiones\automatizaciones\AutoPWST\01TPR\report\img  screen：20221223_12_30_44.png
2022-12-23 12:30:44,833 - root - INFO -  Ingresa la descripción del nuevo registro 
2022-12-23 12:30:44,937 - root - INFO -  Se da clic en el boton Guardar; se debe crear un nuevo registro.
2022-12-23 12:30:45,171 - root - INFO -  Se presiona el boton 'Refrescar', para crear un nuevo registro igual al anterior.
2022-12-23 12:30:45,411 - root - INFO -  Se presiona el boton 'Nuevo', para crear un nuevo registro igual al anterior.
2022-12-23 12:30:46,066 - root - INFO -  Se abrio la pantalla para el ingreso de un registro nuevo.
2022-12-23 12:30:46,187 - root - INFO -  El campo 'Codigo' si se encuentra visible.
2022-12-23 12:30:46,301 - root - INFO -  El campo 'Código Usuario' si se encuentra visible.
2022-12-23 12:30:46,430 - root - INFO -  El campo 'Descrición' si se encuentra visible.
2022-12-23 12:30:46,493 - root - INFO -  El campo 'Código Alternativo' si se encuentra visible.
2022-12-23 12:30:46,602 - root - INFO -  Ingresa el codigo del nuevo registro 
2022-12-23 12:30:46,802 - root - INFO -  Ingresa el codigo usuario del nuevo registro 
2022-12-23 12:30:46,990 - root - INFO -  Ingresa el codigo alternativo del nuevo registro 
2022-12-23 12:30:48,227 - root - INFO -  Captura: C:\xampp\htdocs\versiones\automatizaciones\AutoPWST\01TPR\report\img  screen：20221223_12_30_48.png
2022-12-23 12:30:48,487 - root - INFO -  Ingresa la descripción del nuevo registro 
2022-12-23 12:30:48,630 - root - INFO -  Se da clic en el boton Guardar; se debe crear un nuevo registro.
2022-12-23 12:30:49,639 - root - INFO -  Captura: C:\xampp\htdocs\versiones\automatizaciones\AutoPWST\01TPR\report\img  screen：20221223_12_30_49.png
2022-12-23 12:30:50,186 - root - INFO -  Se presiona el boton 'Cerrar', para cerrar el mensaje de duplicidad de llave primaria
2022-12-23 12:30:50,358 - root - INFO -  Se presiona el boton 'Cerrar', para cerrar la ventana
2022-12-23 12:30:50,483 - root - INFO -  Se presiona el boton 'Refrescar', para crear un nuevo registro igual al anterior.
2022-12-23 12:30:50,841 - root - ERROR - No se encontró el registro, revise si el xpath sigue siendo el mismo, para mas detalles del error consulte el reporte
2022-12-23 12:30:50,843 - root - INFO -  Captura: C:\xampp\htdocs\versiones\automatizaciones\AutoPWST\01TPR\report\img  screen：20221223_12_30_50.png
2022-12-23 12:31:54,031 - root - INFO -  Se abre el chrome
2022-12-23 12:31:55,620 - root - INFO -  Entra a la URL
2022-12-23 12:31:55,757 - root - INFO -  Maximiza la pantalla
2022-12-23 12:31:58,981 - root - INFO -  Escribe el usuario
2022-12-23 12:31:59,100 - root - INFO -  Escribe la contraseña
2022-12-23 12:31:59,205 - root - INFO -  Se dio clic en el boton ingresar
2022-12-23 12:31:59,930 - root - INFO -  Ejecutar Enterprise
2022-12-23 12:32:04,020 - root - INFO -  Cambia entre pestañas
2022-12-23 12:32:15,283 - root - INFO -  Abre la pantalla de tipos de compañia
2022-12-23 12:32:15,866 - root - INFO -  La pantalla ejecutada es TIPO DE DISTRIBUIDOR
2022-12-23 12:32:15,867 - root - INFO -  Captura: C:\xampp\htdocs\versiones\automatizaciones\AutoPWST\01TPR\report\img  screen：20221223_12_32_15.png
2022-12-23 12:32:16,581 - root - INFO -  Se da clic en el registro creado, para proceder a modificarlo.
2022-12-23 12:32:16,648 - root - INFO -  Se presiona el boton 'Eliminar', para eliminar el registro.
2022-12-23 12:32:17,226 - root - INFO -  Se confirma el eliminado del registro
2022-12-23 12:32:17,401 - root - INFO -  Se presiona el boton 'Refrescar', para crear un nuevo registro igual al anterior.
2022-12-23 12:32:17,524 - root - INFO -  Se presiona el boton 'Nuevo', para crear un nuevo registro.
2022-12-23 12:32:18,114 - root - INFO -  Se abrio la pantalla para el ingreso de un registro nuevo.
2022-12-23 12:32:18,144 - root - INFO -  El campo 'Codigo' si se encuentra visible.
2022-12-23 12:32:18,179 - root - INFO -  El campo 'Código Usuario' si se encuentra visible.
2022-12-23 12:32:18,212 - root - INFO -  El campo 'Descrición' si se encuentra visible.
2022-12-23 12:32:18,242 - root - INFO -  El campo 'Código Alternativo' si se encuentra visible.
2022-12-23 12:32:18,294 - root - INFO -  Ingresa el codigo del nuevo registro 
2022-12-23 12:32:18,383 - root - INFO -  Ingresa el codigo usuario del nuevo registro 
2022-12-23 12:32:18,446 - root - INFO -  Ingresa el codigo alternativo del nuevo registro 
2022-12-23 12:32:19,536 - root - INFO -  Captura: C:\xampp\htdocs\versiones\automatizaciones\AutoPWST\01TPR\report\img  screen：20221223_12_32_19.png
2022-12-23 12:32:19,671 - root - INFO -  Ingresa la descripción del nuevo registro 
2022-12-23 12:32:19,725 - root - INFO -  Se da clic en el boton Guardar; se debe crear un nuevo registro.
2022-12-23 12:32:19,921 - root - INFO -  Se presiona el boton 'Refrescar', para crear un nuevo registro igual al anterior.
2022-12-23 12:32:20,029 - root - INFO -  Se presiona el boton 'Nuevo', para crear un nuevo registro igual al anterior.
2022-12-23 12:32:20,609 - root - INFO -  Se abrio la pantalla para el ingreso de un registro nuevo.
2022-12-23 12:32:20,636 - root - INFO -  El campo 'Codigo' si se encuentra visible.
2022-12-23 12:32:20,663 - root - INFO -  El campo 'Código Usuario' si se encuentra visible.
2022-12-23 12:32:20,707 - root - INFO -  El campo 'Descrición' si se encuentra visible.
2022-12-23 12:32:20,743 - root - INFO -  El campo 'Código Alternativo' si se encuentra visible.
2022-12-23 12:32:20,789 - root - INFO -  Ingresa el codigo del nuevo registro 
2022-12-23 12:32:20,884 - root - INFO -  Ingresa el codigo usuario del nuevo registro 
2022-12-23 12:32:20,946 - root - INFO -  Ingresa el codigo alternativo del nuevo registro 
2022-12-23 12:32:22,067 - root - INFO -  Captura: C:\xampp\htdocs\versiones\automatizaciones\AutoPWST\01TPR\report\img  screen：20221223_12_32_22.png
2022-12-23 12:32:22,220 - root - INFO -  Ingresa la descripción del nuevo registro 
2022-12-23 12:32:22,270 - root - INFO -  Se da clic en el boton Guardar; se debe crear un nuevo registro.
2022-12-23 12:32:23,274 - root - INFO -  Captura: C:\xampp\htdocs\versiones\automatizaciones\AutoPWST\01TPR\report\img  screen：20221223_12_32_23.png
2022-12-23 12:32:23,557 - root - INFO -  Se presiona el boton 'Cerrar', para cerrar el mensaje de duplicidad de llave primaria
2022-12-23 12:32:24,165 - root - INFO -  Se presiona el boton 'Cerrar', para cerrar la ventana
2022-12-23 12:32:24,269 - root - INFO -  Se presiona el boton 'Refrescar', para crear un nuevo registro igual al anterior.
2022-12-23 12:32:25,871 - root - INFO -  Se da clic en el registro creado, para proceder a modificarlo.
2022-12-23 12:32:26,480 - root - INFO -  Se modifica el contenido del campo Codigo Usuario
2022-12-23 12:32:26,570 - root - INFO -  Ingresa el codigo alternativo del nuevo registro 
2022-12-23 12:32:27,725 - root - INFO -  Captura: C:\xampp\htdocs\versiones\automatizaciones\AutoPWST\01TPR\report\img  screen：20221223_12_32_27.png
2022-12-23 12:32:27,845 - root - INFO -  Se modifica el contenido del campo Descripcion
2022-12-23 12:32:27,898 - root - INFO -  Se da clic en el boton Guardar; se debe modificar la informacion del registro.
2022-12-23 12:32:28,066 - root - INFO -  Se presiona el boton 'Refrescar', para proceder a eliminar el registro.
2022-12-23 12:32:29,688 - root - INFO -  Se da clic en el registro creado, para proceder a eliminarlo.
2022-12-23 12:32:29,743 - root - INFO -  Se presiona el boton 'Eliminar', para eliminar el registro.
2022-12-23 12:32:30,746 - root - INFO -  Captura: C:\xampp\htdocs\versiones\automatizaciones\AutoPWST\01TPR\report\img  screen：20221223_12_32_30.png
2022-12-23 12:32:30,953 - root - INFO -  Se confirma el eliminado del registro
2022-12-23 12:32:31,073 - root - INFO -  Se presiona el boton 'Refrescar', para crear un nuevo registro igual al anterior.
2022-12-23 12:32:31,211 - root - INFO -  Se presiona el boton 'Cerrar', para cerrar la pantalla de Categorias Fiscales.
2022-12-23 12:32:49,509 - root - INFO -  Se cierra chrome
