2023-01-04 12:04:10,496 - root - INFO -  Se abre el chrome
2023-01-04 12:04:12,320 - root - INFO -  Entra a la URL
2023-01-04 12:04:12,454 - root - INFO -  Maximiza la pantalla
2023-01-04 12:04:15,672 - root - INFO -  Escribe el usuario
2023-01-04 12:04:15,788 - root - INFO -  Escribe la contraseña
2023-01-04 12:04:15,893 - root - INFO -  Se dio clic en el boton ingresar
2023-01-04 12:04:17,156 - root - INFO -  Ejecutar Enterprise
2023-01-04 12:04:21,239 - root - INFO -  Cambia entre pestañas
2023-01-04 12:04:34,982 - root - INFO -  Abre la pantalla de tipos de compañia
2023-01-04 12:04:36,210 - root - INFO -  La pantalla ejecutada es TIPO DE DISTRIBUIDOR
2023-01-04 12:04:36,210 - root - INFO -  Captura: C:\xampp\htdocs\versiones\automatizaciones\AutoPWST\01TPR\report\img  screen：20230104_12_04_36.png
2023-01-04 12:04:46,853 - root - INFO -  Se presiona el boton 'Nuevo', para crear un nuevo registro.
2023-01-04 12:04:47,521 - root - INFO -  Se abrio la pantalla para el ingreso de un registro nuevo.
2023-01-04 12:04:47,649 - root - INFO -  El campo 'Codigo' si se encuentra visible.
2023-01-04 12:04:47,762 - root - INFO -  El campo 'Código Usuario' si se encuentra visible.
2023-01-04 12:04:47,879 - root - INFO -  El campo 'Descrición' si se encuentra visible.
2023-01-04 12:04:48,000 - root - INFO -  El campo 'Código Alternativo' si se encuentra visible.
2023-01-04 12:04:48,197 - root - INFO -  Ingresa el codigo del nuevo registro 
2023-01-04 12:04:48,496 - root - INFO -  Ingresa el codigo usuario del nuevo registro 
2023-01-04 12:04:48,737 - root - INFO -  Ingresa el codigo alternativo del nuevo registro 
2023-01-04 12:04:50,098 - root - INFO -  Captura: C:\xampp\htdocs\versiones\automatizaciones\AutoPWST\01TPR\report\img  screen：20230104_12_04_50.png
2023-01-04 12:04:50,375 - root - INFO -  Ingresa la descripción del nuevo registro 
2023-01-04 12:04:50,547 - root - INFO -  Se da clic en el boton Guardar; se debe crear un nuevo registro.
2023-01-04 12:04:50,932 - root - INFO -  Se presiona el boton 'Refrescar', para crear un nuevo registro igual al anterior.
2023-01-04 12:04:51,252 - root - INFO -  Se presiona el boton 'Nuevo', para crear un nuevo registro igual al anterior.
2023-01-04 12:04:51,931 - root - INFO -  Se abrio la pantalla para el ingreso de un registro nuevo.
2023-01-04 12:04:52,035 - root - INFO -  El campo 'Codigo' si se encuentra visible.
2023-01-04 12:04:52,098 - root - INFO -  El campo 'Código Usuario' si se encuentra visible.
2023-01-04 12:04:52,160 - root - INFO -  El campo 'Descrición' si se encuentra visible.
2023-01-04 12:04:52,221 - root - INFO -  El campo 'Código Alternativo' si se encuentra visible.
2023-01-04 12:04:52,325 - root - INFO -  Ingresa el codigo del nuevo registro 
2023-01-04 12:04:52,484 - root - INFO -  Ingresa el codigo usuario del nuevo registro 
2023-01-04 12:04:52,617 - root - INFO -  Ingresa el codigo alternativo del nuevo registro 
2023-01-04 12:04:53,821 - root - INFO -  Captura: C:\xampp\htdocs\versiones\automatizaciones\AutoPWST\01TPR\report\img  screen：20230104_12_04_53.png
2023-01-04 12:04:54,116 - root - INFO -  Ingresa la descripción del nuevo registro 
2023-01-04 12:04:54,230 - root - INFO -  Se da clic en el boton Guardar; se debe crear un nuevo registro.
2023-01-04 12:04:55,241 - root - INFO -  Captura: C:\xampp\htdocs\versiones\automatizaciones\AutoPWST\01TPR\report\img  screen：20230104_12_04_55.png
2023-01-04 12:05:01,300 - root - INFO -  Se presiona el boton 'Cerrar', para cerrar el mensaje de duplicidad de llave primaria
2023-01-04 12:05:02,314 - root - INFO -  Captura: C:\xampp\htdocs\versiones\automatizaciones\AutoPWST\01TPR\report\img  screen：20230104_12_05_02.png
2023-01-04 12:05:02,798 - root - INFO -  Se presiona el boton 'Cerrar', para cerrar el mensaje de duplicidad de llave primaria
2023-01-04 12:05:03,567 - root - INFO -  Se presiona el boton 'Cerrar', para cerrar la ventana
2023-01-04 12:05:03,778 - root - INFO -  Se presiona el boton 'Refrescar', para crear un nuevo registro igual al anterior.
2023-01-04 12:05:05,607 - root - INFO -  Se da clic en el registro creado, para proceder a modificarlo.
2023-01-04 12:05:06,653 - root - INFO -  Se modifica el contenido del campo Codigo Usuario
2023-01-04 12:05:07,045 - root - INFO -  Ingresa el codigo alternativo del nuevo registro 
2023-01-04 12:05:08,510 - root - INFO -  Captura: C:\xampp\htdocs\versiones\automatizaciones\AutoPWST\01TPR\report\img  screen：20230104_12_05_08.png
2023-01-04 12:05:08,779 - root - INFO -  Se modifica el contenido del campo Descripcion
2023-01-04 12:05:08,892 - root - INFO -  Se da clic en el boton Guardar; se debe modificar la informacion del registro.
2023-01-04 12:05:09,197 - root - INFO -  Se presiona el boton 'Refrescar', para proceder a eliminar el registro.
2023-01-04 12:05:10,934 - root - INFO -  Se da clic en el registro creado, para proceder a eliminarlo.
2023-01-04 12:05:11,051 - root - INFO -  Se presiona el boton 'Eliminar', para eliminar el registro.
2023-01-04 12:05:12,064 - root - INFO -  Captura: C:\xampp\htdocs\versiones\automatizaciones\AutoPWST\01TPR\report\img  screen：20230104_12_05_12.png
2023-01-04 12:05:12,422 - root - INFO -  Se confirma el eliminado del registro
2023-01-04 12:05:12,674 - root - INFO -  Se presiona el boton 'Refrescar', para crear un nuevo registro igual al anterior.
2023-01-04 12:05:12,956 - root - INFO -  Se presiona el boton 'Cerrar', para cerrar la pantalla de Categorias Fiscales.
2023-01-04 12:05:15,298 - root - INFO -  Se cierra chrome
