2022-09-28 16:43:19,220 - root - INFO -  Se abre el chrome
2022-09-28 16:43:20,197 - root - INFO -  Entra a la URL
2022-09-28 16:43:20,344 - root - INFO -  Maximiza la pantalla
2022-09-28 16:43:23,388 - root - INFO -  Cambia al frame
2022-09-28 16:43:26,472 - root - INFO -  Escribe el usuario
2022-09-28 16:43:26,570 - root - INFO -  Escribe la contraseña
2022-09-28 16:43:26,712 - root - INFO -  Se dio clic en el boton ingresar
2022-09-28 16:43:27,483 - root - INFO -  Ejecutar Enterprise
2022-09-28 16:43:31,574 - root - INFO -  Cambia entre pestañas
2022-09-28 16:43:54,616 - root - INFO -  Abre la pantalla de Politicas de Venta
2022-09-28 16:43:54,689 - root - INFO -  La pantalla ejecutada es Politicas de Venta
2022-09-28 16:43:57,692 - root - INFO -  Captura: C:\xampp\htdocs\Versiones\automatizaciones\AutoPWST\01PV\report\img  screen：20220928_16_43_57.png
2022-09-28 16:43:57,933 - root - INFO -  Se presiona el boton 'Nuevo', para crear un nuevo registro.
2022-09-28 16:44:02,994 - root - INFO -  Se abrio la pantalla para el ingreso de un registro nuevo.
2022-09-28 16:44:03,028 - root - INFO -  El campo 'Codigo' si se encuentra visible.
2022-09-28 16:44:03,063 - root - INFO -  El campo 'Codigo Alternativo' si se encuentra visible.
2022-09-28 16:44:03,095 - root - INFO -  El campo 'Descrición' si se encuentra visible.
2022-09-28 16:44:03,129 - root - INFO -  El campo 'Fecha Desde' si se encuentra visible.
2022-09-28 16:44:03,162 - root - INFO -  El campo 'Fecha Hasta' si se encuentra visible.
2022-09-28 16:44:03,194 - root - INFO -  El campo 'Moneda' si se encuentra visible.
2022-09-28 16:44:03,226 - root - INFO -  El campo 'Aplicable en' si se encuentra visible.
2022-09-28 16:44:03,272 - root - INFO -  El campo 'Activa' si se encuentra visible.
2022-09-28 16:44:03,305 - root - INFO -  El campo 'Aplicación Global' si se encuentra visible.
2022-09-28 16:44:03,366 - root - INFO -  Ingresa el codigo del nuevo registro 
2022-09-28 16:44:06,482 - root - INFO -  Ingresa el codigo alternativo del nuevo registro 
2022-09-28 16:44:09,729 - root - INFO -  Ingresa la descripción del nuevo registro 
2022-09-28 16:44:15,881 - root - ERROR - No se encontró el registro de Fecha Desde, validar que la acción anterior haya finalizado, que el xpath sea el correcto o que la página no presente lentitud
2022-09-28 16:44:18,893 - root - INFO -  Captura: C:\xampp\htdocs\Versiones\automatizaciones\AutoPWST\01PV\report\img  screen：20220928_16_44_18.png
2022-09-28 16:44:19,376 - root - ERROR - No se dió click en el botón Refrescar, validar que la acción anterior haya finalizado, que el xpath sea el correcto o que la página no presente lentitud
2022-09-28 16:44:22,391 - root - INFO -  Captura: C:\xampp\htdocs\Versiones\automatizaciones\AutoPWST\01PV\report\img  screen：20220928_16_44_22.png
2022-09-28 16:44:22,406 - root - ERROR - No se dió click en el botón Refrescar, validar que la acción anterior haya finalizado, que el xpath sea el correcto o que la página no presente lentitud
2022-09-28 16:44:25,413 - root - INFO -  Captura: C:\xampp\htdocs\Versiones\automatizaciones\AutoPWST\01PV\report\img  screen：20220928_16_44_25.png
2022-09-28 16:44:25,427 - root - ERROR - No se dió click en el botón Refrescar, validar que la acción anterior haya finalizado, que el xpath sea el correcto o que la página no presente lentitud
2022-09-28 16:44:28,441 - root - INFO -  Captura: C:\xampp\htdocs\Versiones\automatizaciones\AutoPWST\01PV\report\img  screen：20220928_16_44_28.png
