2023-04-21 11:50:49,758 - root - INFO -  Se abre el chrome
2023-04-21 11:50:50,417 - root - INFO -  Entra a la URL
2023-04-21 11:50:50,547 - root - INFO -  Maximiza la pantalla
2023-04-21 11:50:53,659 - root - INFO -  Escribe el usuario
2023-04-21 11:50:53,753 - root - INFO -  Escribe la contraseña
2023-04-21 11:50:53,836 - root - INFO -  Se dio clic en el boton ingresar
2023-04-21 11:50:54,544 - root - INFO -  Ejecutar Enterprise
2023-04-21 11:50:58,596 - root - INFO -  Cambia entre pestañas
2023-04-21 11:52:10,315 - root - INFO - Se ingreso a la pantalla mediante el buscador porque fallo el ingreso por menus
2023-04-21 11:52:10,315 - root - INFO -  La función buscador funciona de manera correcta.
2023-04-21 11:52:11,535 - root - INFO -  La pantalla ejecutada es Politicas de Venta
2023-04-21 11:52:12,537 - root - INFO -  Captura: C:\xampp\htdocs\versiones\automatizaciones\AutoPWST\01PV\report\img  screen：20230421_11_52_12.png
2023-04-21 11:52:22,946 - root - INFO -  Se presiona el boton 'Nuevo', para crear un nuevo registro.
2023-04-21 11:52:23,487 - root - INFO -  Se abrio la pantalla para el ingreso de un registro nuevo.
2023-04-21 11:52:23,527 - root - INFO -  El campo 'Codigo' si se encuentra visible.
2023-04-21 11:52:23,564 - root - INFO -  El campo 'Codigo Alternativo' si se encuentra visible.
2023-04-21 11:52:23,599 - root - INFO -  El campo 'Descrición' si se encuentra visible.
2023-04-21 11:52:23,629 - root - INFO -  El campo 'Moneda' si se encuentra visible.
2023-04-21 11:52:23,686 - root - INFO -  El campo 'Aplicable en' si se encuentra visible.
2023-04-21 11:52:23,722 - root - INFO -  El campo 'Activa' si se encuentra visible.
2023-04-21 11:52:23,756 - root - INFO -  El campo 'Aplicación Global' si se encuentra visible.
2023-04-21 11:52:23,835 - root - INFO -  Ingresa el codigo del nuevo registro 
2023-04-21 11:52:23,945 - root - INFO -  Ingresa el codigo alternativo del nuevo registro 
2023-04-21 11:52:24,107 - root - INFO -  Ingresa la descripción del nuevo registro 
2023-04-21 11:52:25,036 - root - INFO -  Se dió doble click en el registro de Moneda.
2023-04-21 11:52:25,609 - root - INFO -  Se dió click en la opción BackOffice y Mobile.
2023-04-21 11:52:26,702 - root - INFO -  Se dió click en el checkbox Activa.
2023-04-21 11:52:26,774 - root - INFO -  Se dió click en el checkbox Aplicación Global.
2023-04-21 11:52:26,843 - root - INFO - Se hace el cambio a la pestaña Por Articulo para continuar con el registro nuevo
2023-04-21 11:52:27,433 - root - INFO -  Se presiona el boton 'Nuevo', para crear un nuevo registro de Por Articulo.
2023-04-21 11:52:28,017 - root - INFO -  El campo 'Artículo' si se encuentra visible.
2023-04-21 11:52:28,057 - root - INFO -  El campo 'Artículo a Bonificar' si se encuentra visible.
2023-04-21 11:52:28,106 - root - INFO -  El campo 'Cantidad a Bonificar(Packing)' si se encuentra visible.
2023-04-21 11:52:28,145 - root - INFO -  El campo 'Cantidad en Bonificación(Unidad)' si se encuentra visible.
2023-04-21 11:52:28,181 - root - INFO -  El campo 'Tope Descuento 1' si se encuentra visible.
2023-04-21 11:52:28,227 - root - INFO -  El campo 'Tope Descuento 2' si se encuentra visible.
2023-04-21 11:52:28,341 - root - INFO -  Ingresa el Articulo del nuevo registro 
2023-04-21 11:52:29,567 - root - INFO -  Ingresa el Articulo a bonificar del nuevo registro 
2023-04-21 11:52:30,781 - root - INFO -  Ingresa la Cantidad a Bonificar del nuevo registro 
2023-04-21 11:52:30,879 - root - INFO -  Ingresa la Cantidad en Bonificación del nuevo registro 
2023-04-21 11:52:30,984 - root - INFO -  Ingresa el Tope Descuento 1 del nuevo registro 
2023-04-21 11:52:31,065 - root - INFO -  Ingresa el Tope Descuento 2 del nuevo registro 
2023-04-21 11:52:32,067 - root - INFO -  Captura: C:\xampp\htdocs\versiones\automatizaciones\AutoPWST\01PV\report\img  screen：20230421_11_52_32.png
2023-04-21 11:52:32,271 - root - INFO -  Se presiona el boton 'Guardar', para guardar el registro de Por Articulo.
2023-04-21 11:52:32,483 - root - INFO -  Se da clic en el boton Guardar; se debe crear un nuevo registro.
2023-04-21 11:52:33,590 - root - INFO -  Se presiona el boton 'Refrescar', para crear un nuevo registro igual al anterior.
2023-04-21 11:52:33,739 - root - INFO -  Se presiona el boton 'Nuevo', para crear un nuevo registro igual al anterior.
2023-04-21 11:52:34,291 - root - INFO -  Se abrio la pantalla para el ingreso de un registro nuevo.
2023-04-21 11:52:34,376 - root - INFO -  Ingresa el codigo del nuevo registro 
2023-04-21 11:52:34,474 - root - INFO -  Ingresa el codigo alternativo del nuevo registro 
2023-04-21 11:52:34,618 - root - INFO -  Ingresa la descripción del nuevo registro 
2023-04-21 11:52:35,550 - root - INFO -  Se dió doble click en el registro de Moneda.
2023-04-21 11:52:36,095 - root - INFO -  Se dió click en la opción BackOffice y Mobile.
2023-04-21 11:52:36,175 - root - INFO -  Se dió click en el checkbox Activa.
2023-04-21 11:52:36,241 - root - INFO -  Se dió click en el checkbox Aplicación Global.
2023-04-21 11:52:36,309 - root - INFO -  Se da clic en el boton Guardar; No se debe crear un nuevo registro.
2023-04-21 11:52:37,310 - root - INFO -  Captura: C:\xampp\htdocs\versiones\automatizaciones\AutoPWST\01PV\report\img  screen：20230421_11_52_37.png
2023-04-21 11:52:42,668 - root - INFO -  Se presiona el boton 'Cerrar', para cerrar el mensaje de duplicidad de llave primaria
2023-04-21 11:52:43,669 - root - INFO -  Captura: C:\xampp\htdocs\versiones\automatizaciones\AutoPWST\01PV\report\img  screen：20230421_11_52_43.png
2023-04-21 11:52:43,862 - root - INFO -  Se presiona el boton 'Cerrar', para cerrar el mensaje de duplicidad de llave primaria
2023-04-21 11:52:44,010 - root - INFO -  Se presiona el boton 'Cerrar', para cerrar la ventana
2023-04-21 11:52:44,125 - root - INFO -  Se presiona el boton 'Refrescar', para proceder a modificar el registro.
2023-04-21 11:52:45,763 - root - INFO -  Se da clic en el registro creado, para proceder a modificarlo.
2023-04-21 11:52:46,418 - root - INFO -  Se modifica el contenido del campo Codigo Alternativo
2023-04-21 11:52:46,639 - root - INFO -  Se modifica el contenido del campo Descripcion
2023-04-21 11:52:46,719 - root - INFO -  Se dió click en el checkbox Aplicación Global.
2023-04-21 11:52:46,779 - root - INFO - Se hace el cambio a la pestaña Por Articulo para continuar con la modificacion del registro 
2023-04-21 11:52:47,878 - root - INFO -  Se da clic en el registro de Por Articulo, para proceder a modificarlo.
2023-04-21 11:52:48,697 - root - INFO -  Se modifica el contenido del campo Articulo 
2023-04-21 11:52:48,933 - root - INFO -  Se modifica el contenido del campo Articulo a Bonificar
2023-04-21 11:52:49,050 - root - INFO -  Se modifica el contenido del campo Cantidad a Bonificar
2023-04-21 11:52:49,291 - root - INFO -  Se modifica el contenido del campo Cantidad en Bonificación
2023-04-21 11:52:50,296 - root - INFO -  Captura: C:\xampp\htdocs\versiones\automatizaciones\AutoPWST\01PV\report\img  screen：20230421_11_52_50.png
2023-04-21 11:52:50,483 - root - INFO -  Se presiona el boton 'Guardar', para guardar la modificación del registro de Por Articulo.
2023-04-21 11:52:52,569 - root - INFO -  Se da clic en el boton Guardar; se debe modificar la informacion del registro.
2023-04-21 11:52:53,635 - root - INFO -  Se presiona el boton 'Refrescar', para proceder a eliminar el registro.
2023-04-21 11:52:55,239 - root - INFO -  Se da clic en el registro creado, para proceder a eliminarlo.
2023-04-21 11:52:55,835 - root - INFO - Se hace el cambio a la pestaña Por Articulo para continuar con la eliminación del registro
2023-04-21 11:52:56,945 - root - INFO -  Se da clic en el registro Por Articulo, para proceder a eliminarlo.
2023-04-21 11:52:57,031 - root - INFO -  Se presiona el boton 'Eliminar', para eliminar el registro de Por Articulo.
2023-04-21 11:52:57,182 - root - INFO -  Se da clic en el boton Guardar; se debe modificar la informacion del registro.
2023-04-21 11:52:58,787 - root - INFO -  Se da clic en el registro creado, para proceder a eliminarlo.
2023-04-21 11:52:58,864 - root - INFO -  Se presiona el boton 'Eliminar', para eliminar el registro.
2023-04-21 11:53:00,865 - root - INFO -  Captura: C:\xampp\htdocs\versiones\automatizaciones\AutoPWST\01PV\report\img  screen：20230421_11_53_00.png
2023-04-21 11:53:01,012 - root - INFO -  Se confirma el eliminado del registro
2023-04-21 11:53:01,198 - root - INFO -  Se presiona el boton 'Refrescar', para verificar si el registro ha sido eliminado.
2023-04-21 11:53:03,284 - root - INFO -  Se presiona el boton 'Cerrar', para cerrar la pantalla de Politicas de Venta.
2023-04-21 11:53:09,805 - root - INFO -  Se cierra chrome
