2023-05-10 10:16:22,912 - root - INFO -  Se abre el chrome
2023-05-10 10:16:24,017 - root - INFO -  Entra a la URL
2023-05-10 10:16:24,167 - root - INFO -  Maximiza la pantalla
2023-05-10 10:16:27,307 - root - INFO -  Escribe el usuario
2023-05-10 10:16:27,392 - root - INFO -  Escribe la contraseña
2023-05-10 10:16:27,454 - root - INFO -  Se dio clic en el boton ingresar
2023-05-10 10:16:29,172 - root - INFO -  Ejecutar Enterprise
2023-05-10 10:16:33,219 - root - INFO -  Cambia entre pestañas
2023-05-10 10:16:37,168 - root - INFO -  Abre la pantalla de Politicas de Venta
2023-05-10 10:16:38,235 - root - INFO -  La pantalla ejecutada es Politicas de Venta
2023-05-10 10:16:39,236 - root - INFO -  Captura: C:\xampp\htdocs\versiones\automatizaciones\AutoPWST\01PV\report\img  screen：20230510_10_16_39.png
2023-05-10 10:16:49,661 - root - INFO -  Se presiona el boton 'Nuevo', para crear un nuevo registro.
2023-05-10 10:16:50,774 - root - INFO -  Se abrio la pantalla para el ingreso de un registro nuevo.
2023-05-10 10:16:50,796 - root - INFO -  El campo 'Codigo' si se encuentra visible.
2023-05-10 10:16:50,835 - root - INFO -  El campo 'Codigo Alternativo' si se encuentra visible.
2023-05-10 10:16:50,864 - root - INFO -  El campo 'Descrición' si se encuentra visible.
2023-05-10 10:16:50,895 - root - INFO -  El campo 'Moneda' si se encuentra visible.
2023-05-10 10:16:50,914 - root - INFO -  El campo 'Aplicable en' si se encuentra visible.
2023-05-10 10:16:50,944 - root - INFO -  El campo 'Activa' si se encuentra visible.
2023-05-10 10:16:50,974 - root - INFO -  El campo 'Aplicación Global' si se encuentra visible.
2023-05-10 10:16:51,030 - root - INFO -  Ingresa el codigo del nuevo registro 
2023-05-10 10:16:51,095 - root - INFO -  Ingresa el codigo alternativo del nuevo registro 
2023-05-10 10:16:51,206 - root - INFO -  Ingresa la descripción del nuevo registro 
2023-05-10 10:16:52,113 - root - INFO -  Se dió doble click en el registro de Moneda.
2023-05-10 10:16:52,684 - root - INFO -  Se dió click en la opción BackOffice y Mobile.
2023-05-10 10:16:53,743 - root - INFO -  Se dió click en el checkbox Activa.
2023-05-10 10:16:53,791 - root - INFO -  Se dió click en el checkbox Aplicación Global.
2023-05-10 10:16:53,834 - root - INFO - Se hace el cambio a la pestaña Por Articulo para continuar con el registro nuevo
2023-05-10 10:16:54,414 - root - INFO -  Se presiona el boton 'Nuevo', para crear un nuevo registro de Por Articulo.
2023-05-10 10:16:54,974 - root - INFO -  El campo 'Artículo' si se encuentra visible.
2023-05-10 10:16:55,002 - root - INFO -  El campo 'Artículo a Bonificar' si se encuentra visible.
2023-05-10 10:16:55,071 - root - INFO -  El campo 'Cantidad a Bonificar(Packing)' si se encuentra visible.
2023-05-10 10:16:55,094 - root - INFO -  El campo 'Cantidad en Bonificación(Unidad)' si se encuentra visible.
2023-05-10 10:16:55,126 - root - INFO -  El campo 'Tope Descuento 1' si se encuentra visible.
2023-05-10 10:16:55,144 - root - INFO -  El campo 'Tope Descuento 2' si se encuentra visible.
2023-05-10 10:16:55,226 - root - INFO -  Ingresa el Articulo del nuevo registro 
2023-05-10 10:16:56,457 - root - INFO -  Ingresa el Articulo a bonificar del nuevo registro 
2023-05-10 10:16:57,928 - root - INFO -  Ingresa la Cantidad a Bonificar del nuevo registro 
2023-05-10 10:16:57,995 - root - INFO -  Ingresa la Cantidad en Bonificación del nuevo registro 
2023-05-10 10:16:58,063 - root - INFO -  Ingresa el Tope Descuento 1 del nuevo registro 
2023-05-10 10:16:58,132 - root - INFO -  Ingresa el Tope Descuento 2 del nuevo registro 
2023-05-10 10:16:59,134 - root - INFO -  Captura: C:\xampp\htdocs\versiones\automatizaciones\AutoPWST\01PV\report\img  screen：20230510_10_16_59.png
2023-05-10 10:16:59,282 - root - INFO -  Se presiona el boton 'Guardar', para guardar el registro de Por Articulo.
2023-05-10 10:16:59,541 - root - INFO -  Se da clic en el boton Guardar; se debe crear un nuevo registro.
2023-05-10 10:16:59,968 - root - INFO -  Se presiona el boton 'Refrescar', para crear un nuevo registro igual al anterior.
2023-05-10 10:17:02,031 - root - INFO -  Se presiona el boton 'Nuevo', para crear un nuevo registro igual al anterior.
2023-05-10 10:17:02,593 - root - INFO -  Se abrio la pantalla para el ingreso de un registro nuevo.
2023-05-10 10:17:02,672 - root - INFO -  Ingresa el codigo del nuevo registro 
2023-05-10 10:17:02,766 - root - INFO -  Ingresa el codigo alternativo del nuevo registro 
2023-05-10 10:17:02,891 - root - INFO -  Ingresa la descripción del nuevo registro 
2023-05-10 10:17:03,872 - root - INFO -  Se dió doble click en el registro de Moneda.
2023-05-10 10:17:04,439 - root - INFO -  Se dió click en la opción BackOffice y Mobile.
2023-05-10 10:17:04,491 - root - INFO -  Se dió click en el checkbox Activa.
2023-05-10 10:17:04,544 - root - INFO -  Se dió click en el checkbox Aplicación Global.
2023-05-10 10:17:04,595 - root - INFO -  Se da clic en el boton Guardar; No se debe crear un nuevo registro.
2023-05-10 10:17:05,596 - root - INFO -  Captura: C:\xampp\htdocs\versiones\automatizaciones\AutoPWST\01PV\report\img  screen：20230510_10_17_05.png
2023-05-10 10:17:10,964 - root - INFO -  Se presiona el boton 'Cerrar', para cerrar el mensaje de duplicidad de llave primaria
2023-05-10 10:17:11,967 - root - INFO -  Captura: C:\xampp\htdocs\versiones\automatizaciones\AutoPWST\01PV\report\img  screen：20230510_10_17_11.png
2023-05-10 10:17:12,147 - root - INFO -  Se presiona el boton 'Cerrar', para cerrar el mensaje de duplicidad de llave primaria
2023-05-10 10:17:12,453 - root - INFO -  Se presiona el boton 'Cerrar', para cerrar la ventana
2023-05-10 10:17:12,569 - root - INFO -  Se presiona el boton 'Refrescar', para proceder a modificar el registro.
2023-05-10 10:17:16,178 - root - INFO -  Se da clic en el registro creado, para proceder a modificarlo.
2023-05-10 10:17:16,850 - root - INFO -  Se modifica el contenido del campo Codigo Alternativo
2023-05-10 10:17:17,026 - root - INFO -  Se modifica el contenido del campo Descripcion
2023-05-10 10:17:17,093 - root - INFO -  Se dió click en el checkbox Aplicación Global.
2023-05-10 10:17:17,163 - root - INFO - Se hace el cambio a la pestaña Por Articulo para continuar con la modificacion del registro 
2023-05-10 10:17:18,270 - root - INFO -  Se da clic en el registro de Por Articulo, para proceder a modificarlo.
2023-05-10 10:17:19,043 - root - INFO -  Se modifica el contenido del campo Articulo 
2023-05-10 10:17:19,254 - root - INFO -  Se modifica el contenido del campo Articulo a Bonificar
2023-05-10 10:17:19,356 - root - INFO -  Se modifica el contenido del campo Cantidad a Bonificar
2023-05-10 10:17:19,562 - root - INFO -  Se modifica el contenido del campo Cantidad en Bonificación
2023-05-10 10:17:20,564 - root - INFO -  Captura: C:\xampp\htdocs\versiones\automatizaciones\AutoPWST\01PV\report\img  screen：20230510_10_17_20.png
2023-05-10 10:17:20,744 - root - INFO -  Se presiona el boton 'Guardar', para guardar la modificación del registro de Por Articulo.
2023-05-10 10:17:22,805 - root - INFO -  Se da clic en el boton Guardar; se debe modificar la informacion del registro.
2023-05-10 10:17:23,372 - root - INFO -  Se presiona el boton 'Refrescar', para proceder a eliminar el registro.
2023-05-10 10:17:26,974 - root - INFO -  Se da clic en el registro creado, para proceder a eliminarlo.
2023-05-10 10:17:27,539 - root - INFO - Se hace el cambio a la pestaña Por Articulo para continuar con la eliminación del registro
2023-05-10 10:17:28,603 - root - INFO -  Se da clic en el registro Por Articulo, para proceder a eliminarlo.
2023-05-10 10:17:28,647 - root - INFO -  Se presiona el boton 'Eliminar', para eliminar el registro de Por Articulo.
2023-05-10 10:17:28,792 - root - INFO -  Se da clic en el boton Guardar; se debe modificar la informacion del registro.
2023-05-10 10:17:30,389 - root - INFO -  Se da clic en el registro creado, para proceder a eliminarlo.
2023-05-10 10:17:30,438 - root - INFO -  Se presiona el boton 'Eliminar', para eliminar el registro.
2023-05-10 10:17:32,439 - root - INFO -  Captura: C:\xampp\htdocs\versiones\automatizaciones\AutoPWST\01PV\report\img  screen：20230510_10_17_32.png
2023-05-10 10:17:32,566 - root - INFO -  Se confirma el eliminado del registro
2023-05-10 10:17:33,067 - root - INFO -  Se presiona el boton 'Refrescar', para verificar si el registro ha sido eliminado.
2023-05-10 10:17:35,131 - root - INFO -  Se presiona el boton 'Cerrar', para cerrar la pantalla de Politicas de Venta.
2023-05-10 10:17:41,578 - root - INFO -  Se cierra chrome
