2022-06-16 11:14:40,732 - root - INFO -  Se abre el chrome
2022-06-16 11:14:44,736 - root - INFO -  Entra a la URL
2022-06-16 11:14:44,858 - root - INFO -  Maximiza la pantalla
2022-06-16 11:14:47,912 - root - INFO -  Cambia al frame
2022-06-16 11:14:50,991 - root - INFO -  Escribe el usuario
2022-06-16 11:14:51,063 - root - INFO -  Escribe la contraseña
2022-06-16 11:14:51,165 - root - INFO -  Se dio clic en el boton ingresar
2022-06-16 11:14:55,727 - root - INFO -  Ejecutar Enterprise
2022-06-16 11:14:59,777 - root - INFO -  Cambia entre pestañas
2022-06-16 11:15:44,193 - root - INFO -  Abre el menu completo
2022-06-16 11:15:54,093 - root - ERROR - No se pudo encontrar el menu indicado, revise si el xpath sigue siendo el mismo, para mas detalles del error consulte el reporte
2022-06-16 11:15:54,105 - root - INFO -  Captura: C:\Users\PWST\Desktop\AutoPWST-2.0\01UN\report\img  screen：20220616_11_15_54.png
2022-06-16 11:15:56,294 - root - INFO -  Se cierra chrome
2022-06-16 11:20:55,380 - root - INFO -  Se abre el chrome
2022-06-16 11:20:59,350 - root - INFO -  Entra a la URL
2022-06-16 11:20:59,476 - root - INFO -  Maximiza la pantalla
2022-06-16 11:21:02,523 - root - INFO -  Cambia al frame
2022-06-16 11:21:05,608 - root - INFO -  Escribe el usuario
2022-06-16 11:21:05,680 - root - INFO -  Escribe la contraseña
2022-06-16 11:21:05,773 - root - INFO -  Se dio clic en el boton ingresar
2022-06-16 11:21:10,831 - root - INFO -  Ejecutar Enterprise
2022-06-16 11:21:14,889 - root - INFO -  Cambia entre pestañas
2022-06-16 11:21:41,133 - root - INFO -  Abre el menu completo
2022-06-16 11:21:51,027 - root - ERROR - No se pudo encontrar el menu indicado, revise si el xpath sigue siendo el mismo, para mas detalles del error consulte el reporte
2022-06-16 11:21:51,037 - root - INFO -  Captura: C:\Users\PWST\Desktop\AutoPWST-2.0\01UN\report\img  screen：20220616_11_21_51.png
2022-06-16 11:21:53,234 - root - INFO -  Se cierra chrome
2022-06-16 11:23:04,225 - root - INFO -  Se abre el chrome
2022-06-16 11:23:07,809 - root - INFO -  Entra a la URL
2022-06-16 11:23:07,922 - root - INFO -  Maximiza la pantalla
2022-06-16 11:23:10,967 - root - INFO -  Cambia al frame
2022-06-16 11:23:14,052 - root - INFO -  Escribe el usuario
2022-06-16 11:23:14,126 - root - INFO -  Escribe la contraseña
2022-06-16 11:23:14,227 - root - INFO -  Se dio clic en el boton ingresar
2022-06-16 11:23:18,262 - root - INFO -  Ejecutar Enterprise
2022-06-16 11:23:22,308 - root - INFO -  Cambia entre pestañas
2022-06-16 11:23:49,088 - root - INFO -  Abre el menu completo
2022-06-16 11:23:59,002 - root - ERROR - No se pudo encontrar el menu indicado, revise si el xpath sigue siendo el mismo, para mas detalles del error consulte el reporte
2022-06-16 11:23:59,013 - root - INFO -  Captura: C:\Users\PWST\Desktop\AutoPWST-2.0\01UN\report\img  screen：20220616_11_23_59.png
2022-06-16 11:24:01,222 - root - INFO -  Se cierra chrome
2022-06-16 11:25:19,782 - root - INFO -  Se abre el chrome
2022-06-16 11:25:23,216 - root - INFO -  Entra a la URL
2022-06-16 11:25:23,331 - root - INFO -  Maximiza la pantalla
2022-06-16 11:25:26,375 - root - INFO -  Cambia al frame
2022-06-16 11:25:29,458 - root - INFO -  Escribe el usuario
2022-06-16 11:25:29,527 - root - INFO -  Escribe la contraseña
2022-06-16 11:25:29,620 - root - INFO -  Se dio clic en el boton ingresar
2022-06-16 11:25:33,693 - root - INFO -  Ejecutar Enterprise
2022-06-16 11:25:37,734 - root - INFO -  Cambia entre pestañas
2022-06-16 11:26:12,009 - root - INFO -  Abre el menu completo
2022-06-16 11:26:21,904 - root - ERROR - No se pudo encontrar el menu indicado, revise si el xpath sigue siendo el mismo, para mas detalles del error consulte el reporte
2022-06-16 11:26:21,906 - root - INFO -  Captura: C:\Users\PWST\Desktop\AutoPWST-2.0\01UN\report\img  screen：20220616_11_26_21.png
2022-06-16 11:26:24,096 - root - INFO -  Se cierra chrome
2022-06-16 11:38:05,705 - root - INFO -  Se abre el chrome
2022-06-16 11:38:11,822 - root - INFO -  Entra a la URL
2022-06-16 11:38:11,947 - root - INFO -  Maximiza la pantalla
2022-06-16 11:38:14,995 - root - INFO -  Cambia al frame
2022-06-16 11:38:18,078 - root - INFO -  Escribe el usuario
2022-06-16 11:38:18,152 - root - INFO -  Escribe la contraseña
2022-06-16 11:38:18,250 - root - INFO -  Se dio clic en el boton ingresar
2022-06-16 11:38:23,459 - root - INFO -  Captura: C:\Users\PWST\Desktop\AutoPWST-2.0\01UN\report\img  screen：20220616_11_38_23.png
2022-06-16 11:39:14,185 - root - INFO -  Se abre el chrome
2022-06-16 11:39:18,471 - root - INFO -  Entra a la URL
2022-06-16 11:39:18,594 - root - INFO -  Maximiza la pantalla
2022-06-16 11:39:21,633 - root - INFO -  Cambia al frame
2022-06-16 11:39:24,717 - root - INFO -  Escribe el usuario
2022-06-16 11:39:24,792 - root - INFO -  Escribe la contraseña
2022-06-16 11:39:24,887 - root - INFO -  Se dio clic en el boton ingresar
2022-06-16 11:39:29,446 - root - INFO -  Ejecutar Enterprise
2022-06-16 11:39:33,489 - root - INFO -  Cambia entre pestañas
2022-06-16 11:40:13,396 - root - ERROR - No se pudo encontrar el botón para desplegar el menu completo, revise si el xpath sigue siendo el mismo, para mas detalles del error consulte el reporte
2022-06-16 11:40:13,397 - root - INFO -  Captura: C:\Users\PWST\Desktop\AutoPWST-2.0\01UN\report\img  screen：20220616_11_40_13.png
2022-06-16 11:40:15,679 - root - INFO -  Se cierra chrome
2022-06-16 11:40:31,382 - root - INFO -  Se abre el chrome
2022-06-16 11:40:34,858 - root - INFO -  Entra a la URL
2022-06-16 11:40:34,975 - root - INFO -  Maximiza la pantalla
2022-06-16 11:40:38,034 - root - INFO -  Cambia al frame
2022-06-16 11:40:41,099 - root - INFO -  Escribe el usuario
2022-06-16 11:40:41,163 - root - INFO -  Escribe la contraseña
2022-06-16 11:40:41,253 - root - INFO -  Se dio clic en el boton ingresar
2022-06-16 11:40:45,233 - root - INFO -  Ejecutar Enterprise
2022-06-16 11:40:49,293 - root - INFO -  Cambia entre pestañas
2022-06-16 11:41:17,575 - root - ERROR - No se pudo encontrar el botón para desplegar el menu completo, revise si el xpath sigue siendo el mismo, para mas detalles del error consulte el reporte
2022-06-16 11:41:17,575 - root - INFO -  Captura: C:\Users\PWST\Desktop\AutoPWST-2.0\01UN\report\img  screen：20220616_11_41_17.png
2022-06-16 11:41:19,784 - root - INFO -  Se cierra chrome
2022-06-16 11:41:27,519 - root - INFO -  Se abre el chrome
2022-06-16 11:41:30,970 - root - INFO -  Entra a la URL
2022-06-16 11:41:31,089 - root - INFO -  Maximiza la pantalla
2022-06-16 11:41:34,126 - root - INFO -  Cambia al frame
2022-06-16 11:41:37,202 - root - INFO -  Escribe el usuario
2022-06-16 11:41:37,275 - root - INFO -  Escribe la contraseña
2022-06-16 11:41:37,369 - root - INFO -  Se dio clic en el boton ingresar
2022-06-16 11:41:42,508 - root - INFO -  Captura: C:\Users\PWST\Desktop\AutoPWST-2.0\01UN\report\img  screen：20220616_11_41_42.png
2022-06-16 11:42:19,013 - root - INFO -  Se abre el chrome
2022-06-16 11:42:22,568 - root - INFO -  Entra a la URL
2022-06-16 11:42:22,686 - root - INFO -  Maximiza la pantalla
2022-06-16 11:42:25,735 - root - INFO -  Cambia al frame
2022-06-16 11:42:28,824 - root - INFO -  Escribe el usuario
2022-06-16 11:42:28,905 - root - INFO -  Escribe la contraseña
2022-06-16 11:42:29,002 - root - INFO -  Se dio clic en el boton ingresar
2022-06-16 11:42:33,059 - root - INFO -  Ejecutar Enterprise
2022-06-16 11:42:37,098 - root - INFO -  Cambia entre pestañas
2022-06-16 11:43:05,357 - root - INFO -  Abre el menu completo
2022-06-16 11:43:15,266 - root - ERROR - No se pudo encontrar el menu indicado, revise si el xpath sigue siendo el mismo, para mas detalles del error consulte el reporte
2022-06-16 11:43:15,275 - root - INFO -  Captura: C:\Users\PWST\Desktop\AutoPWST-2.0\01UN\report\img  screen：20220616_11_43_15.png
2022-06-16 11:43:17,491 - root - INFO -  Se cierra chrome
2022-06-16 11:49:12,706 - root - INFO -  Se abre el chrome
2022-06-16 11:49:16,077 - root - INFO -  Entra a la URL
2022-06-16 11:49:16,201 - root - INFO -  Maximiza la pantalla
2022-06-16 11:49:19,238 - root - INFO -  Cambia al frame
2022-06-16 11:49:22,317 - root - INFO -  Escribe el usuario
2022-06-16 11:49:22,383 - root - INFO -  Escribe la contraseña
2022-06-16 11:49:22,481 - root - INFO -  Se dio clic en el boton ingresar
2022-06-16 11:49:26,478 - root - INFO -  Ejecutar Enterprise
2022-06-16 11:49:30,540 - root - INFO -  Cambia entre pestañas
2022-06-16 11:50:16,720 - root - ERROR - No se pudo encontrar el botón para desplegar el menu completo, revise si el xpath sigue siendo el mismo, para mas detalles del error consulte el reporte
2022-06-16 11:50:16,725 - root - INFO -  Captura: C:\Users\PWST\Desktop\AutoPWST-2.0\01UN\report\img  screen：20220616_11_50_16.png
2022-06-16 11:50:18,942 - root - INFO -  Se cierra chrome
2022-06-16 11:50:24,271 - root - INFO -  Se abre el chrome
2022-06-16 11:50:27,257 - root - INFO -  Entra a la URL
2022-06-16 11:50:27,380 - root - INFO -  Maximiza la pantalla
2022-06-16 11:50:30,423 - root - INFO -  Cambia al frame
2022-06-16 11:50:33,507 - root - INFO -  Escribe el usuario
2022-06-16 11:50:33,583 - root - INFO -  Escribe la contraseña
2022-06-16 11:50:33,679 - root - INFO -  Se dio clic en el boton ingresar
2022-06-16 11:50:38,856 - root - INFO -  Captura: C:\Users\PWST\Desktop\AutoPWST-2.0\01UN\report\img  screen：20220616_11_50_38.png
2022-06-16 11:50:55,600 - root - INFO -  Se abre el chrome
2022-06-16 11:50:59,325 - root - INFO -  Entra a la URL
2022-06-16 11:50:59,452 - root - INFO -  Maximiza la pantalla
2022-06-16 11:51:02,510 - root - INFO -  Cambia al frame
2022-06-16 11:51:05,596 - root - INFO -  Escribe el usuario
2022-06-16 11:51:05,669 - root - INFO -  Escribe la contraseña
2022-06-16 11:51:05,767 - root - INFO -  Se dio clic en el boton ingresar
2022-06-16 11:51:09,792 - root - INFO -  Ejecutar Enterprise
2022-06-16 11:51:13,837 - root - INFO -  Cambia entre pestañas
2022-06-16 11:51:46,700 - root - INFO -  Abre el menu completo
2022-06-16 11:51:51,892 - root - INFO -  Se cierra chrome
2022-06-16 11:54:54,316 - root - INFO -  Se abre el chrome
2022-06-16 11:54:58,159 - root - INFO -  Entra a la URL
2022-06-16 11:54:58,273 - root - INFO -  Maximiza la pantalla
2022-06-16 11:55:01,332 - root - INFO -  Cambia al frame
2022-06-16 11:55:04,407 - root - INFO -  Escribe el usuario
2022-06-16 11:55:04,468 - root - INFO -  Escribe la contraseña
2022-06-16 11:55:04,562 - root - INFO -  Se dio clic en el boton ingresar
2022-06-16 11:55:09,772 - root - INFO -  Captura: C:\Users\PWST\Desktop\AutoPWST-2.0\01UN\report\img  screen：20220616_11_55_09.png
2022-06-16 11:55:30,902 - root - ERROR - No se pudo encontrar el botón para desplegar el menu completo, revise si el xpath sigue siendo el mismo, para mas detalles del error consulte el reporte
2022-06-16 11:55:30,905 - root - INFO -  Captura: C:\Users\PWST\Desktop\AutoPWST-2.0\01UN\report\img  screen：20220616_11_55_30.png
2022-06-16 11:55:38,191 - root - INFO -  Se abre el chrome
2022-06-16 11:55:43,120 - root - INFO -  Entra a la URL
2022-06-16 11:55:43,242 - root - INFO -  Maximiza la pantalla
2022-06-16 11:55:46,285 - root - INFO -  Cambia al frame
2022-06-16 11:55:49,361 - root - INFO -  Escribe el usuario
2022-06-16 11:55:49,438 - root - INFO -  Escribe la contraseña
2022-06-16 11:55:49,530 - root - INFO -  Se dio clic en el boton ingresar
2022-06-16 11:55:55,263 - root - INFO -  Ejecutar Enterprise
2022-06-16 11:55:59,318 - root - INFO -  Cambia entre pestañas
2022-06-16 11:57:04,044 - root - INFO -  Abre el menu completo
2022-06-16 11:57:09,273 - root - INFO -  Se cierra chrome
2022-06-16 11:57:39,445 - root - INFO -  Se abre el chrome
2022-06-16 11:57:44,356 - root - INFO -  Entra a la URL
2022-06-16 11:57:44,479 - root - INFO -  Maximiza la pantalla
2022-06-16 11:57:47,534 - root - INFO -  Cambia al frame
2022-06-16 11:57:50,604 - root - INFO -  Escribe el usuario
2022-06-16 11:57:50,683 - root - INFO -  Escribe la contraseña
2022-06-16 11:57:50,774 - root - INFO -  Se dio clic en el boton ingresar
2022-06-16 11:57:54,758 - root - INFO -  Ejecutar Enterprise
2022-06-16 11:57:58,803 - root - INFO -  Cambia entre pestañas
2022-06-16 11:58:38,855 - root - INFO -  Abre el menu completo
2022-06-16 11:58:48,785 - root - ERROR - No se pudo encontrar el menu indicado, revise si el xpath sigue siendo el mismo, para mas detalles del error consulte el reporte
2022-06-16 11:58:48,785 - root - INFO -  Captura: C:\Users\PWST\Desktop\AutoPWST-2.0\01UN\report\img  screen：20220616_11_58_48.png
2022-06-16 11:58:51,024 - root - INFO -  Se cierra chrome
