2022-05-10 17:15:52,806 - root - INFO -  Se abre el chrome
2022-05-10 17:15:55,630 - root - INFO -  Entra a la URL
2022-05-10 17:15:55,761 - root - INFO -  Maximiza la pantalla
2022-05-10 17:15:58,902 - root - INFO -  Cambia al frame
2022-05-10 17:16:02,028 - root - INFO -  Escribe el usuario
2022-05-10 17:16:02,133 - root - INFO -  Escribe la contraseña
2022-05-10 17:16:02,280 - root - INFO -  Se dio clic en el boton ingresar
2022-05-10 17:16:05,278 - root - INFO -  Ejecutar Enterprise
2022-05-10 17:16:09,353 - root - INFO -  Cambia entre pestañas
2022-05-10 17:16:30,042 - root - INFO -  Abre el menu completo
2022-05-10 17:16:43,224 - root - INFO -  Abre la pantalla de categorias fiscales
2022-05-10 17:16:43,273 - root - INFO - La pantalla ejecutada es Categorías Fiscales.
2022-05-10 17:16:43,344 - root - INFO - Se presiona el boton 'Nuevo', para crear un nuevo registro.
2022-05-10 17:16:44,444 - root - INFO - Se abrio la pantalla para el ingreso de un registro nuevo.
2022-05-10 17:16:44,500 - root - INFO - El campo 'Codigo' si se encuentra visible.
2022-05-10 17:16:44,551 - root - INFO - El campo 'Codigo Alternativo' si se encuentra visible.
2022-05-10 17:16:44,605 - root - INFO - El campo 'Descrición' si se encuentra visible.
2022-05-10 17:16:46,701 - root - INFO -  Ingresa el codigo del nuevo registro 
2022-05-10 17:16:49,824 - root - INFO -  Ingresa el codigo alternativo del nuevo registro 
2022-05-10 17:16:52,976 - root - INFO -  Ingresa la descripción del nuevo registro 
2022-05-10 17:16:56,079 - root - INFO - Se da clic en el boton Guardar; se debe crear un nuevo registro.
2022-05-10 17:16:56,676 - root - INFO - Se presiona el boton 'Refrescar', para crear un nuevo registro igual al anterior.
2022-05-10 17:16:57,391 - root - INFO - Se presiona el boton 'Nuevo', para crear un nuevo registro igual al anterior.
2022-05-10 17:16:57,967 - root - INFO - Se abrio la pantalla para el ingreso de un registro nuevo.
2022-05-10 17:16:58,012 - root - INFO - El campo 'Codigo' si se encuentra visible.
2022-05-10 17:16:58,063 - root - INFO - El campo 'Codigo Alternativo' si se encuentra visible.
2022-05-10 17:16:58,109 - root - INFO - El campo 'Descrición' si se encuentra visible.
2022-05-10 17:17:00,183 - root - INFO -  Ingresa el codigo del nuevo registro igual al anterior
2022-05-10 17:17:03,293 - root - INFO -  Ingresa el codigo alternativo del nuevo registro igual al anterior
2022-05-10 17:17:06,452 - root - INFO -  Ingresa la descripción del nuevo registro igual al anterior
2022-05-10 17:17:09,538 - root - INFO - Se da clic en el boton Guardar; NO se debe crear un nuevo registro.
2022-05-10 17:17:11,634 - root - INFO - Se presiona el boton 'Cerrar', para cerrar el mensaje de duplicidad de llave primaria
2022-05-10 17:17:13,723 - root - INFO - Se presiona el boton 'Cerrar', para cerrar la ventana
2022-05-10 17:17:15,739 - root - ERROR - No se encontró el botón Refrescar, revise si el xpath sigue siendo el mismo, para mas detalles del error consulte el reporte
2022-05-10 17:17:15,739 - root - INFO -  Captura: C:\Users\banda\Desktop\01CF\report\img  screen：20220510_17_17_15.png
2022-05-10 17:21:41,019 - root - INFO -  Se abre el chrome
2022-05-10 17:21:44,314 - root - INFO -  Entra a la URL
2022-05-10 17:21:44,322 - root - INFO -  Maximiza la pantalla
2022-05-10 17:21:47,372 - root - INFO -  Cambia al frame
2022-05-10 17:21:50,509 - root - INFO -  Escribe el usuario
2022-05-10 17:21:50,607 - root - INFO -  Escribe la contraseña
2022-05-10 17:21:50,750 - root - INFO -  Se dio clic en el boton ingresar
2022-05-10 17:21:53,727 - root - INFO -  Ejecutar Enterprise
2022-05-10 17:21:57,794 - root - INFO -  Cambia entre pestañas
2022-05-10 17:22:22,755 - root - INFO -  Abre el menu completo
2022-05-10 17:22:35,961 - root - INFO -  Abre la pantalla de categorias fiscales
2022-05-10 17:22:36,009 - root - INFO - La pantalla ejecutada es Categorías Fiscales.
2022-05-10 17:22:36,077 - root - INFO - Se presiona el boton 'Nuevo', para crear un nuevo registro.
2022-05-10 17:22:36,676 - root - INFO - Se abrio la pantalla para el ingreso de un registro nuevo.
2022-05-10 17:22:36,718 - root - INFO - El campo 'Codigo' si se encuentra visible.
2022-05-10 17:22:36,757 - root - INFO - El campo 'Codigo Alternativo' si se encuentra visible.
2022-05-10 17:22:36,796 - root - INFO - El campo 'Descrición' si se encuentra visible.
2022-05-10 17:22:38,891 - root - INFO -  Ingresa el codigo del nuevo registro 
2022-05-10 17:22:42,010 - root - INFO -  Ingresa el codigo alternativo del nuevo registro 
2022-05-10 17:22:45,165 - root - INFO -  Ingresa la descripción del nuevo registro 
2022-05-10 17:22:48,224 - root - INFO - Se da clic en el boton Guardar; se debe crear un nuevo registro.
2022-05-10 17:23:06,732 - root - INFO -  Se abre el chrome
2022-05-10 17:23:10,040 - root - INFO -  Entra a la URL
2022-05-10 17:23:10,180 - root - INFO -  Maximiza la pantalla
2022-05-10 17:23:13,242 - root - INFO -  Cambia al frame
2022-05-10 17:23:16,338 - root - INFO -  Escribe el usuario
2022-05-10 17:23:16,407 - root - INFO -  Escribe la contraseña
2022-05-10 17:23:16,520 - root - INFO -  Se dio clic en el boton ingresar
2022-05-10 17:23:19,475 - root - INFO -  Ejecutar Enterprise
2022-05-10 17:23:23,539 - root - INFO -  Cambia entre pestañas
2022-05-10 17:23:45,812 - root - INFO -  Abre el menu completo
2022-05-10 17:23:58,973 - root - INFO -  Abre la pantalla de categorias fiscales
2022-05-10 17:23:59,031 - root - INFO - La pantalla ejecutada es Categorías Fiscales.
2022-05-10 17:23:59,106 - root - INFO - Se presiona el boton 'Nuevo', para crear un nuevo registro.
2022-05-10 17:23:59,650 - root - INFO - Se abrio la pantalla para el ingreso de un registro nuevo.
2022-05-10 17:23:59,678 - root - INFO - El campo 'Codigo' si se encuentra visible.
2022-05-10 17:23:59,712 - root - INFO - El campo 'Codigo Alternativo' si se encuentra visible.
2022-05-10 17:23:59,756 - root - INFO - El campo 'Descrición' si se encuentra visible.
2022-05-10 17:24:01,855 - root - INFO -  Ingresa el codigo del nuevo registro 
2022-05-10 17:24:04,972 - root - INFO -  Ingresa el codigo alternativo del nuevo registro 
2022-05-10 17:24:08,139 - root - INFO -  Ingresa la descripción del nuevo registro 
2022-05-10 17:24:11,241 - root - INFO - Se da clic en el boton Guardar; se debe crear un nuevo registro.
2022-05-10 17:24:11,821 - root - INFO - Se presiona el boton 'Refrescar', para crear un nuevo registro igual al anterior.
2022-05-10 17:24:12,524 - root - INFO - Se presiona el boton 'Nuevo', para crear un nuevo registro igual al anterior.
2022-05-10 17:24:13,086 - root - INFO - Se abrio la pantalla para el ingreso de un registro nuevo.
2022-05-10 17:24:13,121 - root - INFO - El campo 'Codigo' si se encuentra visible.
2022-05-10 17:24:13,156 - root - INFO - El campo 'Codigo Alternativo' si se encuentra visible.
2022-05-10 17:24:13,191 - root - INFO - El campo 'Descrición' si se encuentra visible.
2022-05-10 17:24:15,273 - root - INFO -  Ingresa el codigo del nuevo registro igual al anterior
2022-05-10 17:24:18,396 - root - INFO -  Ingresa el codigo alternativo del nuevo registro igual al anterior
2022-05-10 17:24:21,543 - root - INFO -  Ingresa la descripción del nuevo registro igual al anterior
2022-05-10 17:24:24,623 - root - INFO - Se da clic en el boton Guardar; NO se debe crear un nuevo registro.
2022-05-10 17:24:26,724 - root - INFO - Se presiona el boton 'Cerrar', para cerrar el mensaje de duplicidad de llave primaria
2022-05-10 17:24:28,812 - root - INFO - Se presiona el boton 'Cerrar', para cerrar la ventana
2022-05-10 17:24:30,818 - root - ERROR - No se encontró el botón Refrescar, revise si el xpath sigue siendo el mismo, para mas detalles del error consulte el reporte
2022-05-10 17:24:30,819 - root - INFO -  Captura: C:\Users\banda\Desktop\01CF\report\img  screen：20220510_17_24_30.png
2022-05-10 17:24:31,266 - root - ERROR - No se encontró el botón Refrescar, revise si el xpath sigue siendo el mismo, para mas detalles del error consulte el reporte
2022-05-10 17:24:31,268 - root - INFO -  Captura: C:\Users\banda\Desktop\01CF\report\img  screen：20220510_17_24_31.png
2022-05-10 17:25:39,448 - root - ERROR - No se encontró el botón Refrescar, revise si el xpath sigue siendo el mismo, para mas detalles del error consulte el reporte
2022-05-10 17:25:39,448 - root - INFO -  Captura: C:\Users\banda\Desktop\01CF\report\img  screen：20220510_17_25_39.png
2022-05-10 17:27:59,748 - root - INFO -  Se abre el chrome
2022-05-10 17:28:02,411 - root - INFO -  Entra a la URL
2022-05-10 17:28:02,535 - root - INFO -  Maximiza la pantalla
2022-05-10 17:28:05,589 - root - INFO -  Cambia al frame
2022-05-10 17:28:08,681 - root - INFO -  Escribe el usuario
2022-05-10 17:28:08,758 - root - INFO -  Escribe la contraseña
2022-05-10 17:28:08,852 - root - INFO -  Se dio clic en el boton ingresar
2022-05-10 17:28:11,767 - root - INFO -  Ejecutar Enterprise
2022-05-10 17:28:15,839 - root - INFO -  Cambia entre pestañas
2022-05-10 17:28:34,458 - root - INFO -  Abre el menu completo
2022-05-10 17:28:47,630 - root - INFO -  Abre la pantalla de categorias fiscales
2022-05-10 17:28:47,693 - root - INFO - La pantalla ejecutada es Categorías Fiscales.
2022-05-10 17:28:47,796 - root - INFO - Se presiona el boton 'Nuevo', para crear un nuevo registro.
2022-05-10 17:28:48,894 - root - INFO - Se abrio la pantalla para el ingreso de un registro nuevo.
2022-05-10 17:28:48,943 - root - INFO - El campo 'Codigo' si se encuentra visible.
2022-05-10 17:28:48,983 - root - INFO - El campo 'Codigo Alternativo' si se encuentra visible.
2022-05-10 17:28:49,026 - root - INFO - El campo 'Descrición' si se encuentra visible.
2022-05-10 17:28:51,121 - root - INFO -  Ingresa el codigo del nuevo registro 
2022-05-10 17:28:54,238 - root - INFO -  Ingresa el codigo alternativo del nuevo registro 
2022-05-10 17:28:57,413 - root - INFO -  Ingresa la descripción del nuevo registro 
2022-05-10 17:29:00,511 - root - INFO - Se da clic en el boton Guardar; se debe crear un nuevo registro.
2022-05-10 17:29:01,629 - root - ERROR - No se encontró el botón Refrescar, revise si el xpath sigue siendo el mismo, para mas detalles del error consulte el reporte
2022-05-10 17:29:01,631 - root - INFO -  Captura: C:\Users\banda\Desktop\01CF\report\img  screen：20220510_17_29_01.png
2022-05-10 17:29:02,364 - root - ERROR - No se encontró el botón Refrescar, revise si el xpath sigue siendo el mismo, para mas detalles del error consulte el reporte
2022-05-10 17:29:02,365 - root - INFO -  Captura: C:\Users\banda\Desktop\01CF\report\img  screen：20220510_17_29_02.png
2022-05-10 17:29:02,523 - root - ERROR - No se encontró el botón Refrescar, revise si el xpath sigue siendo el mismo, para mas detalles del error consulte el reporte
2022-05-10 17:29:02,524 - root - INFO -  Captura: C:\Users\banda\Desktop\01CF\report\img  screen：20220510_17_29_02.png
2022-05-10 17:29:21,759 - root - INFO -  Se abre el chrome
2022-05-10 17:29:24,742 - root - INFO -  Entra a la URL
2022-05-10 17:29:24,875 - root - INFO -  Maximiza la pantalla
2022-05-10 17:29:27,934 - root - INFO -  Cambia al frame
2022-05-10 17:29:31,067 - root - INFO -  Escribe el usuario
2022-05-10 17:29:31,163 - root - INFO -  Escribe la contraseña
2022-05-10 17:29:31,303 - root - INFO -  Se dio clic en el boton ingresar
2022-05-10 17:29:34,320 - root - INFO -  Ejecutar Enterprise
2022-05-10 17:29:38,385 - root - INFO -  Cambia entre pestañas
2022-05-10 17:29:59,636 - root - INFO -  Abre el menu completo
2022-05-10 17:30:12,792 - root - INFO -  Abre la pantalla de categorias fiscales
2022-05-10 17:30:12,855 - root - INFO - La pantalla ejecutada es Categorías Fiscales.
2022-05-10 17:30:12,940 - root - INFO - Se presiona el boton 'Nuevo', para crear un nuevo registro.
2022-05-10 17:30:13,505 - root - INFO - Se abrio la pantalla para el ingreso de un registro nuevo.
2022-05-10 17:30:13,548 - root - INFO - El campo 'Codigo' si se encuentra visible.
2022-05-10 17:30:13,589 - root - INFO - El campo 'Codigo Alternativo' si se encuentra visible.
2022-05-10 17:30:13,627 - root - INFO - El campo 'Descrición' si se encuentra visible.
2022-05-10 17:30:15,723 - root - INFO -  Ingresa el codigo del nuevo registro 
2022-05-10 17:30:18,851 - root - INFO -  Ingresa el codigo alternativo del nuevo registro 
2022-05-10 17:30:21,996 - root - INFO -  Ingresa la descripción del nuevo registro 
2022-05-10 17:30:25,104 - root - INFO - Se da clic en el boton Guardar; se debe crear un nuevo registro.
2022-05-10 17:30:25,818 - root - INFO - Se presiona el boton 'Refrescar', para crear un nuevo registro igual al anterior.
2022-05-10 17:30:26,588 - root - INFO - Se presiona el boton 'Nuevo', para crear un nuevo registro igual al anterior.
2022-05-10 17:30:27,186 - root - INFO - Se abrio la pantalla para el ingreso de un registro nuevo.
2022-05-10 17:30:27,231 - root - INFO - El campo 'Codigo' si se encuentra visible.
2022-05-10 17:30:27,276 - root - INFO - El campo 'Codigo Alternativo' si se encuentra visible.
2022-05-10 17:30:27,330 - root - INFO - El campo 'Descrición' si se encuentra visible.
2022-05-10 17:30:29,424 - root - INFO -  Ingresa el codigo del nuevo registro igual al anterior
2022-05-10 17:30:32,528 - root - INFO -  Ingresa el codigo alternativo del nuevo registro igual al anterior
2022-05-10 17:30:35,682 - root - INFO -  Ingresa la descripción del nuevo registro igual al anterior
2022-05-10 17:30:38,774 - root - INFO - Se da clic en el boton Guardar; NO se debe crear un nuevo registro.
2022-05-10 17:30:40,857 - root - INFO - Se presiona el boton 'Cerrar', para cerrar el mensaje de duplicidad de llave primaria
2022-05-10 17:30:42,944 - root - INFO - Se presiona el boton 'Cerrar', para cerrar la ventana
2022-05-10 17:30:46,950 - root - ERROR - No se encontró el botón Refrescar, revise si el xpath sigue siendo el mismo, para mas detalles del error consulte el reporte
2022-05-10 17:30:46,952 - root - INFO -  Captura: C:\Users\banda\Desktop\01CF\report\img  screen：20220510_17_30_46.png
2022-05-10 17:30:47,439 - root - ERROR - No se encontró el botón Refrescar, revise si el xpath sigue siendo el mismo, para mas detalles del error consulte el reporte
2022-05-10 17:30:47,440 - root - INFO -  Captura: C:\Users\banda\Desktop\01CF\report\img  screen：20220510_17_30_47.png
2022-05-10 17:33:16,802 - root - INFO -  Se abre el chrome
2022-05-10 17:33:19,529 - root - INFO -  Entra a la URL
2022-05-10 17:33:19,666 - root - INFO -  Maximiza la pantalla
2022-05-10 17:33:22,718 - root - INFO -  Cambia al frame
2022-05-10 17:33:25,802 - root - INFO -  Escribe el usuario
2022-05-10 17:33:25,871 - root - INFO -  Escribe la contraseña
2022-05-10 17:33:25,965 - root - INFO -  Se dio clic en el boton ingresar
2022-05-10 17:33:29,468 - root - INFO -  Ejecutar Enterprise
2022-05-10 17:33:33,527 - root - INFO -  Cambia entre pestañas
2022-05-10 17:33:58,935 - root - INFO -  Abre el menu completo
2022-05-10 17:34:12,114 - root - INFO -  Abre la pantalla de categorias fiscales
2022-05-10 17:34:12,179 - root - INFO - La pantalla ejecutada es Categorías Fiscales.
2022-05-10 17:34:12,283 - root - INFO - Se presiona el boton 'Nuevo', para crear un nuevo registro.
2022-05-10 17:34:12,844 - root - INFO - Se abrio la pantalla para el ingreso de un registro nuevo.
2022-05-10 17:34:12,892 - root - INFO - El campo 'Codigo' si se encuentra visible.
2022-05-10 17:34:12,956 - root - INFO - El campo 'Codigo Alternativo' si se encuentra visible.
2022-05-10 17:34:12,988 - root - INFO - El campo 'Descrición' si se encuentra visible.
2022-05-10 17:34:15,084 - root - INFO -  Ingresa el codigo del nuevo registro 
2022-05-10 17:34:35,464 - root - INFO -  Se abre el chrome
2022-05-10 17:34:38,548 - root - INFO -  Entra a la URL
2022-05-10 17:34:38,675 - root - INFO -  Maximiza la pantalla
2022-05-10 17:34:41,744 - root - INFO -  Cambia al frame
2022-05-10 17:34:44,833 - root - INFO -  Escribe el usuario
2022-05-10 17:34:44,916 - root - INFO -  Escribe la contraseña
2022-05-10 17:34:45,037 - root - INFO -  Se dio clic en el boton ingresar
2022-05-10 17:34:48,078 - root - INFO -  Ejecutar Enterprise
2022-05-10 17:34:52,149 - root - INFO -  Cambia entre pestañas
2022-05-10 17:35:15,705 - root - INFO -  Abre el menu completo
2022-05-10 17:35:28,881 - root - INFO -  Abre la pantalla de categorias fiscales
2022-05-10 17:35:28,937 - root - INFO - La pantalla ejecutada es Categorías Fiscales.
2022-05-10 17:35:29,020 - root - INFO - Se presiona el boton 'Nuevo', para crear un nuevo registro.
2022-05-10 17:35:29,580 - root - INFO - Se abrio la pantalla para el ingreso de un registro nuevo.
2022-05-10 17:35:29,622 - root - INFO - El campo 'Codigo' si se encuentra visible.
2022-05-10 17:35:29,666 - root - INFO - El campo 'Codigo Alternativo' si se encuentra visible.
2022-05-10 17:35:29,710 - root - INFO - El campo 'Descrición' si se encuentra visible.
2022-05-10 17:35:31,806 - root - INFO -  Ingresa el codigo del nuevo registro 
2022-05-10 17:35:34,916 - root - INFO -  Ingresa el codigo alternativo del nuevo registro 
2022-05-10 17:35:38,047 - root - INFO -  Ingresa la descripción del nuevo registro 
2022-05-10 17:35:41,192 - root - INFO - Se da clic en el boton Guardar; se debe crear un nuevo registro.
2022-05-10 17:35:41,762 - root - INFO - Se presiona el boton 'Refrescar', para crear un nuevo registro igual al anterior.
2022-05-10 17:35:42,484 - root - INFO - Se presiona el boton 'Nuevo', para crear un nuevo registro igual al anterior.
2022-05-10 17:35:43,046 - root - INFO - Se abrio la pantalla para el ingreso de un registro nuevo.
2022-05-10 17:35:43,095 - root - INFO - El campo 'Codigo' si se encuentra visible.
2022-05-10 17:35:43,144 - root - INFO - El campo 'Codigo Alternativo' si se encuentra visible.
2022-05-10 17:35:43,183 - root - INFO - El campo 'Descrición' si se encuentra visible.
2022-05-10 17:35:45,255 - root - INFO -  Ingresa el codigo del nuevo registro igual al anterior
2022-05-10 17:35:48,347 - root - INFO -  Ingresa el codigo alternativo del nuevo registro igual al anterior
2022-05-10 17:35:51,503 - root - INFO -  Ingresa la descripción del nuevo registro igual al anterior
2022-05-10 17:35:54,612 - root - INFO - Se da clic en el boton Guardar; NO se debe crear un nuevo registro.
2022-05-10 17:35:56,694 - root - INFO - Se presiona el boton 'Cerrar', para cerrar el mensaje de duplicidad de llave primaria
2022-05-10 17:35:58,790 - root - INFO - Se presiona el boton 'Cerrar', para cerrar la ventana
2022-05-10 17:36:02,864 - root - INFO - Se presiona el boton 'Refrescar', para crear un nuevo registro igual al anterior.
2022-05-10 17:36:05,182 - root - ERROR - No se encontró el registro, revise si el xpath sigue siendo el mismo, para mas detalles del error consulte el reporte
2022-05-10 17:36:05,184 - root - INFO -  Captura: C:\Users\banda\Desktop\01CF\report\img  screen：20220510_17_36_05.png
2022-05-10 17:36:06,102 - root - INFO - Se presiona el boton 'Refrescar', para crear un nuevo registro igual al anterior.
2022-05-10 17:36:11,291 - root - ERROR - No se encontró el registro para eliminar, revise si el xpath sigue siendo el mismo, para mas detalles del error consulte el reporte
2022-05-10 17:36:11,293 - root - INFO -  Captura: C:\Users\banda\Desktop\01CF\report\img  screen：20220510_17_36_11.png
2022-05-10 17:37:41,081 - root - INFO -  Se abre el chrome
2022-05-10 17:37:42,405 - root - INFO -  Entra a la URL
2022-05-10 17:38:18,092 - root - INFO -  Se abre el chrome
2022-05-10 17:38:21,373 - root - INFO -  Entra a la URL
2022-05-10 17:38:21,500 - root - INFO -  Maximiza la pantalla
2022-05-10 17:38:24,549 - root - INFO -  Cambia al frame
2022-05-10 17:38:27,643 - root - INFO -  Escribe el usuario
2022-05-10 17:38:27,734 - root - INFO -  Escribe la contraseña
2022-05-10 17:38:27,853 - root - INFO -  Se dio clic en el boton ingresar
2022-05-10 17:38:32,549 - root - INFO -  Ejecutar Enterprise
2022-05-10 17:38:36,615 - root - INFO -  Cambia entre pestañas
2022-05-10 17:39:01,923 - root - INFO -  Abre el menu completo
2022-05-10 17:39:15,097 - root - INFO -  Abre la pantalla de categorias fiscales
2022-05-10 17:39:15,160 - root - INFO - La pantalla ejecutada es Categorías Fiscales.
2022-05-10 17:39:15,261 - root - INFO - Se presiona el boton 'Nuevo', para crear un nuevo registro.
2022-05-10 17:39:15,844 - root - INFO - Se abrio la pantalla para el ingreso de un registro nuevo.
2022-05-10 17:39:15,891 - root - INFO - El campo 'Codigo' si se encuentra visible.
2022-05-10 17:39:15,945 - root - INFO - El campo 'Codigo Alternativo' si se encuentra visible.
2022-05-10 17:39:16,003 - root - INFO - El campo 'Descrición' si se encuentra visible.
2022-05-10 17:39:18,087 - root - INFO -  Ingresa el codigo del nuevo registro 
2022-05-10 17:39:21,225 - root - INFO -  Ingresa el codigo alternativo del nuevo registro 
2022-05-10 17:39:24,396 - root - INFO -  Ingresa la descripción del nuevo registro 
2022-05-10 17:39:27,501 - root - INFO - Se da clic en el boton Guardar; se debe crear un nuevo registro.
2022-05-10 17:39:28,165 - root - INFO - Se presiona el boton 'Refrescar', para crear un nuevo registro igual al anterior.
2022-05-10 17:39:28,824 - root - INFO - Se presiona el boton 'Nuevo', para crear un nuevo registro igual al anterior.
2022-05-10 17:39:29,439 - root - INFO - Se abrio la pantalla para el ingreso de un registro nuevo.
2022-05-10 17:39:29,477 - root - INFO - El campo 'Codigo' si se encuentra visible.
2022-05-10 17:39:29,521 - root - INFO - El campo 'Codigo Alternativo' si se encuentra visible.
2022-05-10 17:39:29,559 - root - INFO - El campo 'Descrición' si se encuentra visible.
2022-05-10 17:39:31,625 - root - INFO -  Ingresa el codigo del nuevo registro igual al anterior
2022-05-10 17:39:34,752 - root - INFO -  Ingresa el codigo alternativo del nuevo registro igual al anterior
2022-05-10 17:39:37,908 - root - INFO -  Ingresa la descripción del nuevo registro igual al anterior
2022-05-10 17:39:41,001 - root - INFO - Se da clic en el boton Guardar; NO se debe crear un nuevo registro.
2022-05-10 17:39:43,087 - root - INFO - Se presiona el boton 'Cerrar', para cerrar el mensaje de duplicidad de llave primaria
2022-05-10 17:39:45,200 - root - INFO - Se presiona el boton 'Cerrar', para cerrar la ventana
2022-05-10 17:39:49,257 - root - INFO - Se presiona el boton 'Refrescar', para crear un nuevo registro igual al anterior.
2022-05-10 17:39:56,865 - root - INFO - Se da clic en el registro creado, para proceder a modificarlo.
2022-05-10 17:39:56,986 - root - ERROR - El registro abierto no es correcto, revise si el xpath sigue siendo el mismo, para mas detalles del error consulte el reporte
2022-05-10 17:39:56,987 - root - INFO -  Captura: C:\Users\banda\Desktop\01CF\report\img  screen：20220510_17_39_56.png
2022-05-10 17:39:58,499 - root - ERROR - No se encontró el botón Refrescar, revise si el xpath sigue siendo el mismo, para mas detalles del error consulte el reporte
2022-05-10 17:39:58,501 - root - INFO -  Captura: C:\Users\banda\Desktop\01CF\report\img  screen：20220510_17_39_58.png
2022-05-10 17:41:28,375 - root - INFO -  Se abre el chrome
2022-05-10 17:41:31,688 - root - INFO -  Entra a la URL
2022-05-10 17:41:31,818 - root - INFO -  Maximiza la pantalla
2022-05-10 17:41:34,866 - root - INFO -  Cambia al frame
2022-05-10 17:41:37,960 - root - INFO -  Escribe el usuario
2022-05-10 17:41:38,038 - root - INFO -  Escribe la contraseña
2022-05-10 17:41:38,143 - root - INFO -  Se dio clic en el boton ingresar
2022-05-10 17:41:41,658 - root - INFO -  Ejecutar Enterprise
2022-05-10 17:41:45,733 - root - INFO -  Cambia entre pestañas
2022-05-10 17:42:06,697 - root - INFO -  Abre el menu completo
2022-05-10 17:42:19,860 - root - INFO -  Abre la pantalla de categorias fiscales
2022-05-10 17:42:19,901 - root - INFO - La pantalla ejecutada es Categorías Fiscales.
2022-05-10 17:42:19,969 - root - INFO - Se presiona el boton 'Nuevo', para crear un nuevo registro.
2022-05-10 17:42:21,044 - root - INFO - Se abrio la pantalla para el ingreso de un registro nuevo.
2022-05-10 17:42:21,086 - root - INFO - El campo 'Codigo' si se encuentra visible.
2022-05-10 17:42:21,126 - root - INFO - El campo 'Codigo Alternativo' si se encuentra visible.
2022-05-10 17:42:21,163 - root - INFO - El campo 'Descrición' si se encuentra visible.
2022-05-10 17:42:23,243 - root - INFO -  Ingresa el codigo del nuevo registro 
2022-05-10 17:42:26,333 - root - INFO -  Ingresa el codigo alternativo del nuevo registro 
2022-05-10 17:42:29,457 - root - INFO -  Ingresa la descripción del nuevo registro 
2022-05-10 17:42:32,532 - root - INFO - Se da clic en el boton Guardar; se debe crear un nuevo registro.
2022-05-10 17:42:33,151 - root - INFO - Se presiona el boton 'Refrescar', para crear un nuevo registro igual al anterior.
2022-05-10 17:42:33,849 - root - INFO - Se presiona el boton 'Nuevo', para crear un nuevo registro igual al anterior.
2022-05-10 17:42:34,944 - root - INFO - Se abrio la pantalla para el ingreso de un registro nuevo.
2022-05-10 17:42:34,989 - root - INFO - El campo 'Codigo' si se encuentra visible.
2022-05-10 17:42:35,030 - root - INFO - El campo 'Codigo Alternativo' si se encuentra visible.
2022-05-10 17:42:35,067 - root - INFO - El campo 'Descrición' si se encuentra visible.
2022-05-10 17:42:37,151 - root - INFO -  Ingresa el codigo del nuevo registro igual al anterior
2022-05-10 17:42:40,246 - root - INFO -  Ingresa el codigo alternativo del nuevo registro igual al anterior
2022-05-10 17:42:43,386 - root - INFO -  Ingresa la descripción del nuevo registro igual al anterior
2022-05-10 17:42:46,466 - root - INFO - Se da clic en el boton Guardar; NO se debe crear un nuevo registro.
2022-05-10 17:42:48,548 - root - INFO - Se presiona el boton 'Cerrar', para cerrar el mensaje de duplicidad de llave primaria
2022-05-10 17:42:50,624 - root - INFO - Se presiona el boton 'Cerrar', para cerrar la ventana
2022-05-10 17:42:54,700 - root - INFO - Se presiona el boton 'Refrescar', para crear un nuevo registro igual al anterior.
2022-05-10 17:43:02,299 - root - INFO - Se da clic en el registro creado, para proceder a modificarlo.
2022-05-10 17:43:02,365 - root - INFO -  Se modifica el contenido del campo Código Alternativo
2022-05-10 17:43:05,462 - root - INFO -  Se modifica el contenido del campo Descripcion
2022-05-10 17:43:08,558 - root - INFO - Se da clic en el boton Guardar; NO se debe crear un nuevo registro.
2022-05-10 17:43:10,631 - root - INFO - Se presiona el boton 'Refrescar', para crear un nuevo registro igual al anterior.
2022-05-10 17:43:15,890 - root - ERROR - No se encontró el registro para eliminar, revise si el xpath sigue siendo el mismo, para mas detalles del error consulte el reporte
2022-05-10 17:43:15,890 - root - INFO -  Captura: C:\Users\banda\Desktop\01CF\report\img  screen：20220510_17_43_15.png
