2022-08-25 10:44:31,169 - root - INFO -  Se abre el chrome
2022-08-25 10:44:32,918 - root - INFO -  Entra a la URL
2022-08-25 10:44:33,056 - root - INFO -  Maximiza la pantalla
2022-08-25 10:44:36,101 - root - INFO -  Cambia al frame
2022-08-25 10:44:39,210 - root - INFO -  Escribe el usuario
2022-08-25 10:44:39,300 - root - INFO -  Escribe la contraseña
2022-08-25 10:44:39,455 - root - INFO -  Se dio clic en el boton ingresar
2022-08-25 10:44:40,772 - root - INFO -  Ejecutar Enterprise
2022-08-25 10:44:44,835 - root - INFO -  Cambia entre pestañas
2022-08-25 10:44:47,949 - root - INFO -  Abre el menu completo
2022-08-25 10:45:03,166 - root - INFO -  Abre la pantalla de unidades
2022-08-25 10:45:03,240 - root - INFO -  Captura: C:\xampp\htdocs\versiones\automatizaciones\AutoPWST\01UN\report\img  screen：20220825_10_45_03.png
2022-08-25 10:45:03,344 - root - INFO -  La pantalla ejecutada es Unidades de Artículos.
2022-08-25 10:45:03,420 - root - INFO -  Se presiona el boton 'Nuevo', para crear un nuevo registro.
2022-08-25 10:45:06,505 - root - INFO -  Se abrio la pantalla para el ingreso de un registro nuevo.
2022-08-25 10:45:06,552 - root - INFO -  El campo 'Codigo' si se encuentra visible.
2022-08-25 10:45:06,595 - root - INFO -  El campo 'Descrición' si se encuentra visible.
2022-08-25 10:45:06,663 - root - INFO -  Ingresa el codigo del nuevo registro 
2022-08-25 10:45:09,830 - root - INFO -  Captura: C:\xampp\htdocs\versiones\automatizaciones\AutoPWST\01UN\report\img  screen：20220825_10_45_09.png
2022-08-25 10:45:09,946 - root - INFO -  Ingresa la descripción del nuevo registro 
2022-08-25 10:45:13,066 - root - INFO -  Se da clic en el boton Guardar; se debe crear un nuevo registro.
2022-08-25 10:45:16,179 - root - INFO -  Se presiona el boton 'Refrescar', para crear un nuevo registro igual al anterior.
2022-08-25 10:45:16,376 - root - INFO -  Se presiona el boton 'Nuevo', para crear un nuevo registro igual al anterior.
2022-08-25 10:45:19,437 - root - INFO -  Se abrio la pantalla para el ingreso de un registro nuevo.
2022-08-25 10:45:19,482 - root - INFO -  El campo 'Codigo' si se encuentra visible.
2022-08-25 10:45:19,524 - root - INFO -  El campo 'Descripción' si se encuentra visible.
2022-08-25 10:45:19,592 - root - INFO -  Ingresa el codigo del nuevo registro igual al anterior
2022-08-25 10:45:22,742 - root - INFO -  Ingresa la descripción del nuevo registro igual al anterior
2022-08-25 10:45:25,848 - root - INFO -  Se da clic en el boton Guardar; NO se debe crear un nuevo registro.
2022-08-25 10:45:27,860 - root - INFO -  Captura: C:\xampp\htdocs\versiones\automatizaciones\AutoPWST\01UN\report\img  screen：20220825_10_45_27.png
2022-08-25 10:45:28,057 - root - INFO -  Se presiona el boton 'Cerrar', para cerrar el mensaje de duplicidad de llave primaria
2022-08-25 10:45:30,161 - root - INFO -  Se presiona el boton 'Cerrar', para cerrar la ventana
2022-08-25 10:45:34,240 - root - INFO -  Se presiona el boton 'Refrescar', para crear un nuevo registro igual al anterior.
2022-08-25 10:45:41,859 - root - INFO -  Se da clic en el registro creado, para proceder a modificarlo.
2022-08-25 10:45:42,049 - root - INFO -  Captura: C:\xampp\htdocs\versiones\automatizaciones\AutoPWST\01UN\report\img  screen：20220825_10_45_42.png
2022-08-25 10:45:42,163 - root - INFO -  Se modifica el contenido del campo Descripcion
2022-08-25 10:45:45,246 - root - INFO -  Se da clic en el boton Guardar; se debe modificar la informacion del registro.
2022-08-25 10:45:48,335 - root - INFO -  Se presiona el boton 'Refrescar', para proceder a eliminar el registro.
2022-08-25 10:45:55,928 - root - INFO -  Se da clic en el registro creado, para proceder a modificarlo.
2022-08-25 10:45:56,019 - root - INFO -  Se presiona el boton 'Eliminar', para eliminar el registro.
2022-08-25 10:45:59,033 - root - INFO -  Captura: C:\xampp\htdocs\versiones\automatizaciones\AutoPWST\01UN\report\img  screen：20220825_10_45_59.png
2022-08-25 10:45:59,217 - root - INFO -  Se confirma el eliminado del registro
2022-08-25 10:46:01,306 - root - INFO -  Se presiona el boton 'Refrescar', para crear un nuevo registro igual al anterior.
2022-08-25 10:46:03,408 - root - INFO -  Se presiona el boton 'Cerrar', para cerrar la pantalla de Categorias Fiscales.
2022-08-25 10:46:07,588 - root - INFO -  Se cierra chrome
