2022-05-10 11:27:01,805 - root - INFO -  Se abre el chrome
2022-05-10 11:27:04,356 - root - INFO -  Entra a la URL
2022-05-10 11:27:04,486 - root - INFO -  Maximiza la pantalla
2022-05-10 11:27:07,544 - root - INFO -  Cambia al frame
2022-05-10 11:27:10,638 - root - INFO -  Escribe el usuario
2022-05-10 11:27:10,715 - root - INFO -  Escribe la contraseña
2022-05-10 11:27:10,812 - root - INFO -  Se dio clic en el boton ingresar
2022-05-10 11:27:13,814 - root - INFO -  Ejecutar Enterprise
2022-05-10 11:27:17,855 - root - INFO -  Cambia entre pestañas
2022-05-10 11:27:27,743 - root - INFO -  Abre el menu completo
2022-05-10 11:27:35,317 - root - ERROR - No se pudo encontrar el menu indicado, revise si el xpath sigue siendo el mismo, para mas detalles del error consulte el reporte
2022-05-10 11:27:35,318 - root - INFO -  Captura: C:\Users\banda\Desktop\01CF\report\img  screen：20220510_11_27_35.png
2022-05-10 11:27:41,341 - root - ERROR - La pantalla ejecutada no es correcta, revise si el xpath sigue siendo el mismo, para mas detalles del error consulte el reporte
2022-05-10 11:27:41,341 - root - INFO -  Captura: C:\Users\banda\Desktop\01CF\report\img  screen：20220510_11_27_41.png
2022-05-10 11:27:51,674 - root - INFO -  Se abre el chrome
2022-05-10 11:27:54,329 - root - INFO -  Entra a la URL
2022-05-10 11:27:54,452 - root - INFO -  Maximiza la pantalla
2022-05-10 11:27:57,492 - root - INFO -  Cambia al frame
2022-05-10 11:28:00,581 - root - INFO -  Escribe el usuario
2022-05-10 11:28:00,648 - root - INFO -  Escribe la contraseña
2022-05-10 11:28:00,747 - root - INFO -  Se dio clic en el boton ingresar
2022-05-10 11:28:03,735 - root - INFO -  Ejecutar Enterprise
2022-05-10 11:28:07,784 - root - INFO -  Cambia entre pestañas
2022-05-10 11:28:18,430 - root - INFO -  Abre el menu completo
2022-05-10 11:28:31,599 - root - INFO -  Abre la pantalla de categorias fiscales
2022-05-10 11:28:31,647 - root - INFO - La pantalla ejecutada es Categorías Fiscales.
2022-05-10 11:28:31,661 - root - ERROR - No se encontró el botón Nuevo, revise si el xpath sigue siendo el mismo, para mas detalles del error consulte el reporte
2022-05-10 11:28:31,662 - root - INFO -  Captura: C:\Users\banda\Desktop\01CF\report\img  screen：20220510_11_28_31.png
2022-05-10 11:29:11,359 - root - INFO -  Se abre el chrome
2022-05-10 11:29:14,048 - root - INFO -  Entra a la URL
2022-05-10 11:29:14,177 - root - INFO -  Maximiza la pantalla
2022-05-10 11:29:17,216 - root - INFO -  Cambia al frame
2022-05-10 11:29:20,298 - root - INFO -  Escribe el usuario
2022-05-10 11:29:20,370 - root - INFO -  Escribe la contraseña
2022-05-10 11:29:20,467 - root - INFO -  Se dio clic en el boton ingresar
2022-05-10 11:29:23,425 - root - INFO -  Ejecutar Enterprise
2022-05-10 11:29:27,477 - root - INFO -  Cambia entre pestañas
2022-05-10 11:29:38,313 - root - INFO -  Abre el menu completo
2022-05-10 11:29:51,479 - root - INFO -  Abre la pantalla de categorias fiscales
2022-05-10 11:29:51,533 - root - INFO - La pantalla ejecutada es Categorías Fiscales.
