2022-05-05 15:01:16,048 - root - INFO -  Se abre el chrome
2022-05-05 15:01:18,736 - root - INFO -  Entra a la URL
2022-05-05 15:01:18,903 - root - INFO -  Maximiza la pantalla
2022-05-05 15:01:21,970 - root - INFO -  Cambia al frame
2022-05-05 15:01:25,080 - root - INFO -  Escribe el usuario
2022-05-05 15:01:25,206 - root - INFO -  Escribe la contraseña
2022-05-05 15:01:25,382 - root - INFO -  Se dio clic en el boton ingresar
2022-05-05 15:01:27,936 - root - INFO -  Ejecutar Enterprise
2022-05-05 15:01:32,057 - root - INFO -  Cambia entre pestañas
2022-05-05 15:01:42,246 - root - INFO -  Abre el menu completo
2022-05-05 15:01:55,420 - root - INFO -  Abre la pantalla de categorias fiscales
2022-05-05 15:01:55,641 - root - ERROR - La pantalla ejecutada no es correcta, revise si el xpath sigue siendo el mismo, para mas detalles del error consulte el reporte
2022-05-05 15:01:55,643 - root - INFO -  Captura: C:\Users\banda\Desktop\01CF\report\img  screen：20220505_15_01_55.png
2022-05-05 15:27:33,633 - root - INFO -  Se abre el chrome
2022-05-05 15:27:38,672 - root - INFO -  Entra a la URL
2022-05-05 15:27:38,839 - root - INFO -  Maximiza la pantalla
2022-05-05 15:27:41,910 - root - INFO -  Cambia al frame
2022-05-05 15:27:45,024 - root - INFO -  Escribe el usuario
2022-05-05 15:27:45,140 - root - INFO -  Escribe la contraseña
2022-05-05 15:27:45,302 - root - INFO -  Se dio clic en el boton ingresar
2022-05-05 15:27:48,867 - root - INFO -  Ejecutar Enterprise
2022-05-05 15:27:52,974 - root - INFO -  Cambia entre pestañas
2022-05-05 15:28:05,304 - root - INFO -  Abre el menu completo
2022-05-05 15:28:12,928 - root - ERROR - No se pudo encontrar el menu indicado, revise si el xpath sigue siendo el mismo, para mas detalles del error consulte el reporte
2022-05-05 15:28:12,930 - root - INFO -  Captura: C:\Users\banda\Desktop\01CF\report\img  screen：20220505_15_28_12.png
2022-05-05 15:28:19,417 - root - ERROR - La pantalla ejecutada no es correcta, revise si el xpath sigue siendo el mismo, para mas detalles del error consulte el reporte
2022-05-05 15:28:19,419 - root - INFO -  Captura: C:\Users\banda\Desktop\01CF\report\img  screen：20220505_15_28_19.png
2022-05-05 15:29:08,326 - root - INFO -  Se abre el chrome
2022-05-05 15:29:11,275 - root - INFO -  Entra a la URL
2022-05-05 15:29:11,519 - root - INFO -  Maximiza la pantalla
2022-05-05 15:29:14,598 - root - INFO -  Cambia al frame
2022-05-05 15:29:17,716 - root - INFO -  Escribe el usuario
2022-05-05 15:29:17,828 - root - INFO -  Escribe la contraseña
2022-05-05 15:29:17,995 - root - INFO -  Se dio clic en el boton ingresar
2022-05-05 15:29:21,024 - root - INFO -  Ejecutar Enterprise
2022-05-05 15:29:25,129 - root - INFO -  Cambia entre pestañas
2022-05-05 15:29:37,234 - root - INFO -  Abre el menu completo
2022-05-05 15:29:50,430 - root - INFO -  Abre la pantalla de categorias fiscales
2022-05-05 15:29:50,632 - root - ERROR - La pantalla ejecutada no es correcta, revise si el xpath sigue siendo el mismo, para mas detalles del error consulte el reporte
2022-05-05 15:29:50,634 - root - INFO -  Captura: C:\Users\banda\Desktop\01CF\report\img  screen：20220505_15_29_50.png
2022-05-05 15:30:27,515 - root - INFO -  Se abre el chrome
2022-05-05 15:30:30,580 - root - INFO -  Entra a la URL
2022-05-05 15:30:30,720 - root - INFO -  Maximiza la pantalla
2022-05-05 15:30:33,801 - root - INFO -  Cambia al frame
2022-05-05 15:30:36,900 - root - INFO -  Escribe el usuario
2022-05-05 15:30:37,008 - root - INFO -  Escribe la contraseña
2022-05-05 15:30:37,174 - root - INFO -  Se dio clic en el boton ingresar
2022-05-05 15:30:40,250 - root - INFO -  Ejecutar Enterprise
2022-05-05 15:30:44,383 - root - INFO -  Cambia entre pestañas
2022-05-05 15:30:57,300 - root - INFO -  Abre el menu completo
2022-05-05 15:31:10,478 - root - INFO -  Abre la pantalla de categorias fiscales
2022-05-05 15:31:10,537 - root - INFO - La pantalla ejecutada es Categorías Fiscales.
2022-05-05 15:31:15,809 - root - ERROR - No se encontró el botón Nuevo, revise si el xpath sigue siendo el mismo, para mas detalles del error consulte el reporte
2022-05-05 15:31:15,811 - root - INFO -  Captura: C:\Users\banda\Desktop\01CF\report\img  screen：20220505_15_31_15.png
