2022-06-16 12:04:58,937 - root - INFO -  Se abre el chrome
2022-06-16 12:05:02,444 - root - INFO -  Entra a la URL
2022-06-16 12:05:02,567 - root - INFO -  Maximiza la pantalla
2022-06-16 12:05:05,622 - root - INFO -  Cambia al frame
2022-06-16 12:05:08,698 - root - INFO -  Escribe el usuario
2022-06-16 12:05:08,773 - root - INFO -  Escribe la contraseña
2022-06-16 12:05:08,877 - root - INFO -  Se dio clic en el boton ingresar
2022-06-16 12:05:17,216 - root - INFO -  Captura: C:\Users\PWST\Desktop\AutoPWST-2.0\01UN\report\img  screen：20220616_12_05_17.png
2022-06-16 12:05:46,190 - root - INFO -  Se abre el chrome
2022-06-16 12:05:50,064 - root - INFO -  Entra a la URL
2022-06-16 12:05:50,182 - root - INFO -  Maximiza la pantalla
2022-06-16 12:05:53,237 - root - INFO -  Cambia al frame
2022-06-16 12:05:56,328 - root - INFO -  Escribe el usuario
2022-06-16 12:05:56,401 - root - INFO -  Escribe la contraseña
2022-06-16 12:05:56,493 - root - INFO -  Se dio clic en el boton ingresar
2022-06-16 12:06:00,524 - root - INFO -  Ejecutar Enterprise
2022-06-16 12:06:04,579 - root - INFO -  Cambia entre pestañas
2022-06-16 12:06:37,365 - root - INFO -  Abre el menu completo
2022-06-16 12:06:48,258 - root - INFO -  Abre la pantalla de unidades
2022-06-16 12:06:50,422 - root - INFO -  Se cierra chrome
2022-06-16 12:08:09,704 - root - INFO -  Se abre el chrome
2022-06-16 12:08:12,776 - root - INFO -  Entra a la URL
2022-06-16 12:08:12,899 - root - INFO -  Maximiza la pantalla
2022-06-16 12:08:15,938 - root - INFO -  Cambia al frame
2022-06-16 12:08:19,023 - root - INFO -  Escribe el usuario
2022-06-16 12:08:19,082 - root - INFO -  Escribe la contraseña
2022-06-16 12:08:19,179 - root - INFO -  Se dio clic en el boton ingresar
2022-06-16 12:08:24,415 - root - INFO -  Ejecutar Enterprise
2022-06-16 12:08:28,479 - root - INFO -  Cambia entre pestañas
2022-06-16 12:09:08,294 - root - INFO -  Abre el menu completo
2022-06-16 12:09:23,481 - root - INFO -  Abre la pantalla de unidades
2022-06-16 12:09:25,612 - root - INFO -  Se cierra chrome
2022-06-16 12:09:53,553 - root - INFO -  Se abre el chrome
2022-06-16 12:09:57,005 - root - INFO -  Entra a la URL
2022-06-16 12:09:57,121 - root - INFO -  Maximiza la pantalla
2022-06-16 12:10:00,169 - root - INFO -  Cambia al frame
2022-06-16 12:10:03,253 - root - INFO -  Escribe el usuario
2022-06-16 12:10:03,319 - root - INFO -  Escribe la contraseña
2022-06-16 12:10:03,418 - root - INFO -  Se dio clic en el boton ingresar
2022-06-16 12:10:07,424 - root - INFO -  Ejecutar Enterprise
2022-06-16 12:10:11,482 - root - INFO -  Cambia entre pestañas
2022-06-16 12:10:44,644 - root - INFO -  Abre el menu completo
2022-06-16 12:10:59,830 - root - INFO -  Abre la pantalla de unidades
2022-06-16 12:11:05,030 - root - ERROR - La pantalla ejecutada no es correcta, revise si el xpath sigue siendo el mismo, para mas detalles del error consulte el reporte
2022-06-16 12:11:05,032 - root - INFO -  Captura: C:\Users\PWST\Desktop\AutoPWST-2.0\01UN\report\img  screen：20220616_12_11_05.png
2022-06-16 12:11:07,266 - root - INFO -  Se cierra chrome
