2022-05-10 14:13:50,324 - root - INFO -  Se abre el chrome
2022-05-10 14:13:53,233 - root - INFO -  Entra a la URL
2022-05-10 14:13:53,367 - root - INFO -  Maximiza la pantalla
2022-05-10 14:13:56,423 - root - INFO -  Cambia al frame
2022-05-10 14:13:59,512 - root - INFO -  Escribe el usuario
2022-05-10 14:13:59,586 - root - INFO -  Escribe la contraseña
2022-05-10 14:13:59,688 - root - INFO -  Se dio clic en el boton ingresar
2022-05-10 14:14:02,658 - root - INFO -  Ejecutar Enterprise
2022-05-10 14:14:06,696 - root - INFO -  Cambia entre pestañas
2022-05-10 14:14:26,929 - root - INFO -  Abre el menu completo
2022-05-10 14:14:40,057 - root - INFO -  Abre la pantalla de categorias fiscales
2022-05-10 14:14:40,107 - root - INFO - La pantalla ejecutada es Categorías Fiscales.
2022-05-10 14:30:08,047 - root - INFO -  Se abre el chrome
2022-05-10 14:30:10,724 - root - INFO -  Entra a la URL
2022-05-10 14:30:10,843 - root - INFO -  Maximiza la pantalla
2022-05-10 14:30:13,887 - root - INFO -  Cambia al frame
2022-05-10 14:30:16,993 - root - INFO -  Escribe el usuario
2022-05-10 14:30:17,082 - root - INFO -  Escribe la contraseña
2022-05-10 14:30:17,186 - root - INFO -  Se dio clic en el boton ingresar
2022-05-10 14:30:20,185 - root - INFO -  Ejecutar Enterprise
2022-05-10 14:30:24,243 - root - INFO -  Cambia entre pestañas
2022-05-10 14:30:44,280 - root - INFO -  Abre el menu completo
2022-05-10 14:30:57,436 - root - INFO -  Abre la pantalla de categorias fiscales
2022-05-10 14:30:57,481 - root - INFO - La pantalla ejecutada es Categorías Fiscales.
2022-05-10 14:30:57,505 - root - ERROR - No se encontró el registro, revise si el xpath sigue siendo el mismo, para mas detalles del error consulte el reporte
2022-05-10 14:30:57,506 - root - INFO -  Captura: C:\Users\banda\Desktop\01CF\report\img  screen：20220510_14_30_57.png
2022-05-10 14:31:34,243 - root - INFO -  Se abre el chrome
2022-05-10 14:31:36,939 - root - INFO -  Entra a la URL
2022-05-10 14:31:37,057 - root - INFO -  Maximiza la pantalla
2022-05-10 14:31:40,115 - root - INFO -  Cambia al frame
2022-05-10 14:31:43,208 - root - INFO -  Escribe el usuario
2022-05-10 14:31:43,284 - root - INFO -  Escribe la contraseña
2022-05-10 14:31:43,386 - root - INFO -  Se dio clic en el boton ingresar
2022-05-10 14:31:46,325 - root - INFO -  Ejecutar Enterprise
2022-05-10 14:31:50,389 - root - INFO -  Cambia entre pestañas
2022-05-10 14:32:09,082 - root - INFO -  Abre el menu completo
2022-05-10 14:32:22,258 - root - INFO -  Abre la pantalla de categorias fiscales
2022-05-10 14:32:22,309 - root - INFO - La pantalla ejecutada es Categorías Fiscales.
2022-05-10 14:37:31,301 - root - INFO -  Se abre el chrome
2022-05-10 14:37:33,966 - root - INFO -  Entra a la URL
2022-05-10 14:37:34,086 - root - INFO -  Maximiza la pantalla
2022-05-10 14:37:37,142 - root - INFO -  Cambia al frame
2022-05-10 14:37:40,222 - root - INFO -  Escribe el usuario
2022-05-10 14:37:40,307 - root - INFO -  Escribe la contraseña
2022-05-10 14:37:40,411 - root - INFO -  Se dio clic en el boton ingresar
2022-05-10 14:37:42,927 - root - INFO -  Ejecutar Enterprise
2022-05-10 14:37:46,974 - root - INFO -  Cambia entre pestañas
2022-05-10 14:38:06,697 - root - INFO -  Abre el menu completo
2022-05-10 14:38:19,865 - root - INFO -  Abre la pantalla de categorias fiscales
2022-05-10 14:38:19,911 - root - INFO - La pantalla ejecutada es Categorías Fiscales.
2022-05-10 14:48:11,357 - root - INFO -  Se abre el chrome
2022-05-10 14:48:13,733 - root - INFO -  Entra a la URL
2022-05-10 14:48:13,862 - root - INFO -  Maximiza la pantalla
2022-05-10 14:48:16,906 - root - INFO -  Cambia al frame
2022-05-10 14:48:19,984 - root - INFO -  Escribe el usuario
2022-05-10 14:48:20,057 - root - INFO -  Escribe la contraseña
2022-05-10 14:48:20,154 - root - INFO -  Se dio clic en el boton ingresar
2022-05-10 14:48:23,081 - root - INFO -  Ejecutar Enterprise
2022-05-10 14:48:27,126 - root - INFO -  Cambia entre pestañas
2022-05-10 14:48:45,594 - root - INFO -  Abre el menu completo
2022-05-10 14:48:58,762 - root - INFO -  Abre la pantalla de categorias fiscales
2022-05-10 14:48:58,807 - root - INFO - La pantalla ejecutada es Categorías Fiscales.
2022-05-10 14:50:12,335 - root - INFO -  Se abre el chrome
2022-05-10 14:50:15,414 - root - INFO -  Entra a la URL
2022-05-10 14:50:15,542 - root - INFO -  Maximiza la pantalla
2022-05-10 14:50:18,583 - root - INFO -  Cambia al frame
2022-05-10 14:50:21,665 - root - INFO -  Escribe el usuario
2022-05-10 14:50:21,745 - root - INFO -  Escribe la contraseña
2022-05-10 14:50:21,850 - root - INFO -  Se dio clic en el boton ingresar
2022-05-10 14:50:24,355 - root - INFO -  Ejecutar Enterprise
2022-05-10 14:50:28,410 - root - INFO -  Cambia entre pestañas
2022-05-10 14:50:47,795 - root - INFO -  Abre el menu completo
2022-05-10 14:51:00,942 - root - INFO -  Abre la pantalla de categorias fiscales
2022-05-10 14:51:00,986 - root - INFO - La pantalla ejecutada es Categorías Fiscales.
2022-05-10 14:52:24,416 - root - INFO -  Se abre el chrome
2022-05-10 14:52:27,130 - root - INFO -  Entra a la URL
2022-05-10 14:52:27,265 - root - INFO -  Maximiza la pantalla
2022-05-10 14:52:30,311 - root - INFO -  Cambia al frame
2022-05-10 14:52:33,388 - root - INFO -  Escribe el usuario
2022-05-10 14:52:33,463 - root - INFO -  Escribe la contraseña
2022-05-10 14:52:33,564 - root - INFO -  Se dio clic en el boton ingresar
2022-05-10 14:52:36,478 - root - INFO -  Ejecutar Enterprise
2022-05-10 14:52:40,530 - root - INFO -  Cambia entre pestañas
2022-05-10 14:52:59,463 - root - INFO -  Abre el menu completo
2022-05-10 14:53:12,625 - root - INFO -  Abre la pantalla de categorias fiscales
2022-05-10 14:53:12,668 - root - INFO - La pantalla ejecutada es Categorías Fiscales.
2022-05-10 14:58:28,793 - root - INFO -  Se abre el chrome
2022-05-10 14:58:31,353 - root - INFO -  Entra a la URL
2022-05-10 14:58:31,469 - root - INFO -  Maximiza la pantalla
2022-05-10 14:58:34,530 - root - INFO -  Cambia al frame
2022-05-10 14:58:37,615 - root - INFO -  Escribe el usuario
2022-05-10 14:58:37,686 - root - INFO -  Escribe la contraseña
2022-05-10 14:58:37,783 - root - INFO -  Se dio clic en el boton ingresar
2022-05-10 14:58:40,684 - root - INFO -  Ejecutar Enterprise
2022-05-10 14:58:44,739 - root - INFO -  Cambia entre pestañas
2022-05-10 14:59:04,627 - root - INFO -  Abre el menu completo
2022-05-10 14:59:17,788 - root - INFO -  Abre la pantalla de categorias fiscales
2022-05-10 14:59:17,837 - root - INFO - La pantalla ejecutada es Categorías Fiscales.
