2022-12-26 11:43:13,010 - root - INFO -  Se abre el chrome
2022-12-26 11:43:14,292 - root - INFO -  Entra a la URL
2022-12-26 11:43:14,425 - root - INFO -  Maximiza la pantalla
2022-12-26 11:43:17,566 - root - INFO -  Escribe el usuario
2022-12-26 11:43:17,634 - root - INFO -  Escribe la contraseña
2022-12-26 11:43:17,690 - root - INFO -  Se dio clic en el boton ingresar
2022-12-26 11:43:18,371 - root - INFO -  Ejecutar Enterprise
2022-12-26 11:43:22,434 - root - INFO -  Cambia entre pestañas
2022-12-26 11:43:33,639 - root - INFO -  Abre la pantalla de unidades
2022-12-26 11:43:34,218 - root - INFO -  Captura: C:\xampp\htdocs\versiones\automatizaciones\AutoPWST\01UN\report\img  screen：20221226_11_43_34.png
2022-12-26 11:43:34,336 - root - INFO -  La pantalla ejecutada es Unidades de Artículos.
2022-12-26 11:43:44,854 - root - INFO -  Se presiona el boton 'Nuevo', para crear un nuevo registro.
2022-12-26 11:43:45,430 - root - INFO -  Se abrio la pantalla para el ingreso de un registro nuevo.
2022-12-26 11:43:45,463 - root - INFO -  El campo 'Codigo' si se encuentra visible.
2022-12-26 11:43:45,493 - root - INFO -  El campo 'Descrición' si se encuentra visible.
2022-12-26 11:43:45,539 - root - INFO -  Ingresa el codigo del nuevo registro 
2022-12-26 11:43:46,702 - root - INFO -  Captura: C:\xampp\htdocs\versiones\automatizaciones\AutoPWST\01UN\report\img  screen：20221226_11_43_46.png
2022-12-26 11:43:46,831 - root - INFO -  Ingresa la descripción del nuevo registro 
2022-12-26 11:43:46,905 - root - INFO -  Se da clic en el boton Guardar; se debe crear un nuevo registro.
2022-12-26 11:43:47,099 - root - INFO -  Se presiona el boton 'Refrescar', para crear un nuevo registro igual al anterior.
2022-12-26 11:43:47,229 - root - INFO -  Se presiona el boton 'Nuevo', para crear un nuevo registro igual al anterior.
2022-12-26 11:43:47,788 - root - INFO -  Se abrio la pantalla para el ingreso de un registro nuevo.
2022-12-26 11:43:47,815 - root - INFO -  El campo 'Codigo' si se encuentra visible.
2022-12-26 11:43:47,842 - root - INFO -  El campo 'Descripción' si se encuentra visible.
2022-12-26 11:43:47,905 - root - INFO -  Ingresa el codigo del nuevo registro igual al anterior
2022-12-26 11:43:48,041 - root - INFO -  Ingresa la descripción del nuevo registro igual al anterior
2022-12-26 11:43:48,088 - root - INFO -  Se da clic en el boton Guardar; NO se debe crear un nuevo registro.
2022-12-26 11:43:49,091 - root - INFO -  Captura: C:\xampp\htdocs\versiones\automatizaciones\AutoPWST\01UN\report\img  screen：20221226_11_43_49.png
2022-12-26 11:43:49,358 - root - INFO -  Se presiona el boton 'Cerrar', para cerrar el mensaje de duplicidad de llave primaria
2022-12-26 11:43:49,498 - root - INFO -  Se presiona el boton 'Cerrar', para cerrar la ventana
2022-12-26 11:43:49,593 - root - INFO -  Se presiona el boton 'Refrescar', para crear un nuevo registro igual al anterior.
2022-12-26 11:43:49,915 - root - ERROR - No se encontró el registro, revise si el xpath sigue siendo el mismo, para mas detalles del error consulte el reporte
2022-12-26 11:43:49,917 - root - INFO -  Captura: C:\xampp\htdocs\versiones\automatizaciones\AutoPWST\01UN\report\img  screen：20221226_11_43_49.png
2022-12-26 11:43:52,505 - root - INFO -  Se abre el chrome
2022-12-26 11:43:53,995 - root - INFO -  Entra a la URL
2022-12-26 11:43:54,116 - root - INFO -  Maximiza la pantalla
2022-12-26 11:43:57,374 - root - INFO -  Escribe el usuario
2022-12-26 11:43:57,561 - root - INFO -  Escribe la contraseña
2022-12-26 11:43:57,727 - root - INFO -  Se dio clic en el boton ingresar
2022-12-26 11:43:58,560 - root - INFO -  Ejecutar Enterprise
2022-12-26 11:44:02,651 - root - INFO -  Cambia entre pestañas
2022-12-26 11:44:13,532 - root - INFO -  Abre la pantalla de unidades
2022-12-26 11:44:14,096 - root - INFO -  Captura: C:\xampp\htdocs\versiones\automatizaciones\AutoPWST\01UN\report\img  screen：20221226_11_44_14.png
2022-12-26 11:44:14,225 - root - INFO -  La pantalla ejecutada es Unidades de Artículos.
2022-12-26 11:44:24,298 - root - INFO -  Se presiona el boton 'Nuevo', para crear un nuevo registro.
2022-12-26 11:44:24,842 - root - INFO -  Se abrio la pantalla para el ingreso de un registro nuevo.
2022-12-26 11:44:24,878 - root - INFO -  El campo 'Codigo' si se encuentra visible.
2022-12-26 11:44:24,914 - root - INFO -  El campo 'Descrición' si se encuentra visible.
2022-12-26 11:44:24,965 - root - INFO -  Ingresa el codigo del nuevo registro 
2022-12-26 11:44:26,098 - root - INFO -  Captura: C:\xampp\htdocs\versiones\automatizaciones\AutoPWST\01UN\report\img  screen：20221226_11_44_26.png
2022-12-26 11:44:26,236 - root - INFO -  Ingresa la descripción del nuevo registro 
2022-12-26 11:44:26,319 - root - INFO -  Se da clic en el boton Guardar; se debe crear un nuevo registro.
2022-12-26 11:44:27,392 - root - ERROR - No se encontró el botón Refrescar, revise si el xpath sigue siendo el mismo, para mas detalles del error consulte el reporte
2022-12-26 11:44:27,393 - root - INFO -  Captura: C:\xampp\htdocs\versiones\automatizaciones\AutoPWST\01UN\report\img  screen：20221226_11_44_27.png
2022-12-26 11:44:32,159 - root - INFO -  Se cierra chrome
2022-12-26 11:44:32,161 - root - ERROR - La pantalla anterior fallo por lo que esta no funcionara, para mas detalles del error consulte el reporte
2022-12-26 11:44:32,162 - root - ERROR - La pantalla anterior fallo por lo que esta no funcionara, para mas detalles del error consulte el reporte
2022-12-26 11:45:20,268 - root - INFO -  Se abre el chrome
2022-12-26 11:45:21,514 - root - INFO -  Entra a la URL
2022-12-26 11:45:21,636 - root - INFO -  Maximiza la pantalla
2022-12-26 11:45:24,715 - root - INFO -  Escribe el usuario
2022-12-26 11:45:24,779 - root - INFO -  Escribe la contraseña
2022-12-26 11:45:24,848 - root - INFO -  Se dio clic en el boton ingresar
2022-12-26 11:45:25,521 - root - INFO -  Ejecutar Enterprise
2022-12-26 11:45:29,569 - root - INFO -  Cambia entre pestañas
2022-12-26 11:45:40,483 - root - INFO -  Abre la pantalla de unidades
2022-12-26 11:45:41,076 - root - INFO -  Captura: C:\xampp\htdocs\versiones\automatizaciones\AutoPWST\01UN\report\img  screen：20221226_11_45_41.png
2022-12-26 11:45:41,199 - root - INFO -  La pantalla ejecutada es Unidades de Artículos.
2022-12-26 11:45:51,282 - root - INFO -  Se presiona el boton 'Nuevo', para crear un nuevo registro.
2022-12-26 11:45:51,828 - root - INFO -  Se abrio la pantalla para el ingreso de un registro nuevo.
2022-12-26 11:45:51,861 - root - INFO -  El campo 'Codigo' si se encuentra visible.
2022-12-26 11:45:51,891 - root - INFO -  El campo 'Descrición' si se encuentra visible.
2022-12-26 11:45:51,939 - root - INFO -  Ingresa el codigo del nuevo registro 
2022-12-26 11:45:53,078 - root - INFO -  Captura: C:\xampp\htdocs\versiones\automatizaciones\AutoPWST\01UN\report\img  screen：20221226_11_45_53.png
2022-12-26 11:45:53,266 - root - INFO -  Ingresa la descripción del nuevo registro 
2022-12-26 11:45:53,318 - root - INFO -  Se da clic en el boton Guardar; se debe crear un nuevo registro.
2022-12-26 11:45:54,441 - root - ERROR - No se encontró el botón Refrescar, revise si el xpath sigue siendo el mismo, para mas detalles del error consulte el reporte
2022-12-26 11:45:54,443 - root - INFO -  Captura: C:\xampp\htdocs\versiones\automatizaciones\AutoPWST\01UN\report\img  screen：20221226_11_45_54.png
2022-12-26 11:45:59,061 - root - INFO -  Se cierra chrome
2022-12-26 11:45:59,062 - root - ERROR - La pantalla anterior fallo por lo que esta no funcionara, para mas detalles del error consulte el reporte
2022-12-26 11:45:59,063 - root - ERROR - La pantalla anterior fallo por lo que esta no funcionara, para mas detalles del error consulte el reporte
2022-12-26 11:46:15,154 - root - INFO -  Se abre el chrome
2022-12-26 11:46:16,897 - root - INFO -  Entra a la URL
2022-12-26 11:46:17,012 - root - INFO -  Maximiza la pantalla
2022-12-26 11:46:20,142 - root - INFO -  Escribe el usuario
2022-12-26 11:46:20,237 - root - INFO -  Escribe la contraseña
2022-12-26 11:46:20,324 - root - INFO -  Se dio clic en el boton ingresar
2022-12-26 11:46:21,013 - root - INFO -  Ejecutar Enterprise
2022-12-26 11:46:25,067 - root - INFO -  Cambia entre pestañas
2022-12-26 11:46:35,873 - root - INFO -  Abre la pantalla de unidades
2022-12-26 11:46:36,460 - root - INFO -  Captura: C:\xampp\htdocs\versiones\automatizaciones\AutoPWST\01UN\report\img  screen：20221226_11_46_36.png
2022-12-26 11:46:36,606 - root - INFO -  La pantalla ejecutada es Unidades de Artículos.
2022-12-26 11:46:37,165 - root - INFO -  Se da clic en el registro creado, para proceder a modificarlo.
2022-12-26 11:46:37,216 - root - INFO -  Se presiona el boton 'Eliminar', para eliminar el registro.
2022-12-26 11:46:37,818 - root - INFO -  Se confirma el eliminado del registro
2022-12-26 11:46:37,960 - root - INFO -  Se presiona el boton 'Refrescar', para crear un nuevo registro igual al anterior.
2022-12-26 11:46:38,083 - root - INFO -  Se presiona el boton 'Nuevo', para crear un nuevo registro.
2022-12-26 11:46:38,651 - root - INFO -  Se abrio la pantalla para el ingreso de un registro nuevo.
2022-12-26 11:46:38,681 - root - INFO -  El campo 'Codigo' si se encuentra visible.
2022-12-26 11:46:38,709 - root - INFO -  El campo 'Descrición' si se encuentra visible.
2022-12-26 11:46:38,770 - root - INFO -  Ingresa el codigo del nuevo registro 
2022-12-26 11:46:40,040 - root - INFO -  Captura: C:\xampp\htdocs\versiones\automatizaciones\AutoPWST\01UN\report\img  screen：20221226_11_46_40.png
2022-12-26 11:46:40,168 - root - INFO -  Ingresa la descripción del nuevo registro 
2022-12-26 11:46:40,220 - root - INFO -  Se da clic en el boton Guardar; se debe crear un nuevo registro.
2022-12-26 11:46:40,463 - root - INFO -  Se presiona el boton 'Refrescar', para crear un nuevo registro igual al anterior.
2022-12-26 11:46:40,566 - root - INFO -  Se presiona el boton 'Nuevo', para crear un nuevo registro igual al anterior.
2022-12-26 11:46:41,139 - root - INFO -  Se abrio la pantalla para el ingreso de un registro nuevo.
2022-12-26 11:46:41,167 - root - INFO -  El campo 'Codigo' si se encuentra visible.
2022-12-26 11:46:41,192 - root - INFO -  El campo 'Descripción' si se encuentra visible.
2022-12-26 11:46:41,251 - root - INFO -  Ingresa el codigo del nuevo registro igual al anterior
2022-12-26 11:46:41,473 - root - INFO -  Ingresa la descripción del nuevo registro igual al anterior
2022-12-26 11:46:41,513 - root - INFO -  Se da clic en el boton Guardar; NO se debe crear un nuevo registro.
2022-12-26 11:46:42,515 - root - INFO -  Captura: C:\xampp\htdocs\versiones\automatizaciones\AutoPWST\01UN\report\img  screen：20221226_11_46_42.png
2022-12-26 11:46:42,787 - root - INFO -  Se presiona el boton 'Cerrar', para cerrar el mensaje de duplicidad de llave primaria
2022-12-26 11:46:42,895 - root - INFO -  Se presiona el boton 'Cerrar', para cerrar la ventana
2022-12-26 11:46:43,010 - root - INFO -  Se presiona el boton 'Refrescar', para crear un nuevo registro igual al anterior.
2022-12-26 11:46:44,652 - root - INFO -  Se da clic en el registro creado, para proceder a modificarlo.
2022-12-26 11:46:46,423 - root - INFO -  Captura: C:\xampp\htdocs\versiones\automatizaciones\AutoPWST\01UN\report\img  screen：20221226_11_46_46.png
2022-12-26 11:46:46,563 - root - INFO -  Se modifica el contenido del campo Descripcion
2022-12-26 11:46:46,648 - root - INFO -  Se da clic en el boton Guardar; se debe modificar la informacion del registro.
2022-12-26 11:46:46,811 - root - INFO -  Se presiona el boton 'Refrescar', para proceder a eliminar el registro.
2022-12-26 11:46:48,426 - root - INFO -  Se da clic en el registro creado, para proceder a modificarlo.
2022-12-26 11:46:48,488 - root - INFO -  Se presiona el boton 'Eliminar', para eliminar el registro.
2022-12-26 11:46:49,495 - root - INFO -  Captura: C:\xampp\htdocs\versiones\automatizaciones\AutoPWST\01UN\report\img  screen：20221226_11_46_49.png
2022-12-26 11:46:49,703 - root - INFO -  Se confirma el eliminado del registro
2022-12-26 11:46:49,866 - root - INFO -  Se presiona el boton 'Refrescar', para crear un nuevo registro igual al anterior.
2022-12-26 11:46:49,995 - root - INFO -  Se presiona el boton 'Cerrar', para cerrar la pantalla de Categorias Fiscales.
2022-12-26 11:47:08,302 - root - INFO -  Se cierra chrome
