2022-06-16 16:25:05,434 - root - INFO -  Se abre el chrome
2022-06-16 16:25:08,711 - root - INFO -  Entra a la URL
2022-06-16 16:25:08,833 - root - INFO -  Maximiza la pantalla
2022-06-16 16:25:11,877 - root - INFO -  Cambia al frame
2022-06-16 16:25:14,960 - root - INFO -  Escribe el usuario
2022-06-16 16:25:15,036 - root - INFO -  Escribe la contraseña
2022-06-16 16:25:15,131 - root - INFO -  Se dio clic en el boton ingresar
2022-06-16 16:25:19,164 - root - INFO -  Ejecutar Enterprise
2022-06-16 16:25:23,217 - root - INFO -  Cambia entre pestañas
2022-06-16 16:25:56,841 - root - INFO -  Abre el menu completo
2022-06-16 16:26:12,006 - root - INFO -  Abre la pantalla de unidades
2022-06-16 16:26:12,057 - root - INFO -  La pantalla ejecutada es Categorías Fiscales.
2022-06-16 16:26:12,121 - root - INFO -  Se presiona el boton 'Nuevo', para crear un nuevo registro.
2022-06-16 16:26:13,194 - root - INFO -  Se abrio la pantalla para el ingreso de un registro nuevo.
2022-06-16 16:26:13,236 - root - INFO -  El campo 'Codigo' si se encuentra visible.
2022-06-16 16:26:13,273 - root - INFO -  El campo 'Descrición' si se encuentra visible.
2022-06-16 16:26:15,359 - root - INFO -  Ingresa el codigo del nuevo registro 
2022-06-16 16:26:18,499 - root - INFO -  Ingresa la descripción del nuevo registro 
2022-06-16 16:26:21,598 - root - INFO -  Se da clic en el boton Guardar; se debe crear un nuevo registro.
2022-06-16 16:26:24,673 - root - INFO -  Se presiona el boton 'Refrescar', para crear un nuevo registro igual al anterior.
2022-06-16 16:26:25,415 - root - INFO -  Se presiona el boton 'Nuevo', para crear un nuevo registro igual al anterior.
2022-06-16 16:26:26,506 - root - INFO -  Se abrio la pantalla para el ingreso de un registro nuevo.
2022-06-16 16:26:26,544 - root - INFO -  El campo 'Codigo' si se encuentra visible.
2022-06-16 16:26:26,579 - root - INFO -  El campo 'Descripción' si se encuentra visible.
2022-06-16 16:26:28,655 - root - INFO -  Ingresa el codigo del nuevo registro igual al anterior
2022-06-16 16:26:31,822 - root - INFO -  Ingresa la descripción del nuevo registro igual al anterior
2022-06-16 16:26:34,896 - root - INFO -  Se da clic en el boton Guardar; NO se debe crear un nuevo registro.
2022-06-16 16:26:36,976 - root - INFO -  Se presiona el boton 'Cerrar', para cerrar el mensaje de duplicidad de llave primaria
2022-06-16 16:26:39,066 - root - INFO -  Se presiona el boton 'Cerrar', para cerrar la ventana
2022-06-16 16:26:43,153 - root - INFO -  Se presiona el boton 'Refrescar', para crear un nuevo registro igual al anterior.
2022-06-16 16:26:46,230 - root - INFO -  Se presiona el boton 'Refrescar', para proceder a eliminar el registro.
2022-06-16 16:26:51,378 - root - INFO -  Se cierra chrome
2022-06-16 16:29:40,449 - root - INFO -  Se abre el chrome
2022-06-16 16:29:44,677 - root - INFO -  Entra a la URL
2022-06-16 16:29:44,788 - root - INFO -  Maximiza la pantalla
2022-06-16 16:29:47,833 - root - INFO -  Cambia al frame
2022-06-16 16:29:50,908 - root - INFO -  Escribe el usuario
2022-06-16 16:29:50,978 - root - INFO -  Escribe la contraseña
2022-06-16 16:29:51,079 - root - INFO -  Se dio clic en el boton ingresar
2022-06-16 16:29:55,752 - root - INFO -  Ejecutar Enterprise
2022-06-16 16:29:59,803 - root - INFO -  Cambia entre pestañas
2022-06-16 16:30:34,082 - root - INFO -  Abre el menu completo
2022-06-16 16:30:49,261 - root - INFO -  Abre la pantalla de unidades
2022-06-16 16:30:49,308 - root - INFO -  La pantalla ejecutada es Categorías Fiscales.
2022-06-16 16:30:49,373 - root - INFO -  Se presiona el boton 'Nuevo', para crear un nuevo registro.
2022-06-16 16:30:50,455 - root - INFO -  Se abrio la pantalla para el ingreso de un registro nuevo.
2022-06-16 16:30:50,494 - root - INFO -  El campo 'Codigo' si se encuentra visible.
2022-06-16 16:30:50,532 - root - INFO -  El campo 'Descrición' si se encuentra visible.
2022-06-16 16:30:52,605 - root - INFO -  Ingresa el codigo del nuevo registro 
2022-06-16 16:30:55,758 - root - INFO -  Ingresa la descripción del nuevo registro 
2022-06-16 16:30:58,845 - root - INFO -  Se da clic en el boton Guardar; se debe crear un nuevo registro.
2022-06-16 16:31:01,918 - root - INFO -  Se presiona el boton 'Refrescar', para crear un nuevo registro igual al anterior.
2022-06-16 16:31:02,696 - root - INFO -  Se presiona el boton 'Nuevo', para crear un nuevo registro igual al anterior.
2022-06-16 16:31:03,790 - root - INFO -  Se abrio la pantalla para el ingreso de un registro nuevo.
2022-06-16 16:31:03,824 - root - INFO -  El campo 'Codigo' si se encuentra visible.
2022-06-16 16:31:03,853 - root - INFO -  El campo 'Descripción' si se encuentra visible.
2022-06-16 16:31:05,925 - root - INFO -  Ingresa el codigo del nuevo registro igual al anterior
2022-06-16 16:31:09,072 - root - INFO -  Ingresa la descripción del nuevo registro igual al anterior
2022-06-16 16:31:12,152 - root - INFO -  Se da clic en el boton Guardar; NO se debe crear un nuevo registro.
2022-06-16 16:31:14,245 - root - INFO -  Se presiona el boton 'Cerrar', para cerrar el mensaje de duplicidad de llave primaria
2022-06-16 16:31:16,321 - root - INFO -  Se presiona el boton 'Cerrar', para cerrar la ventana
2022-06-16 16:31:20,391 - root - INFO -  Se presiona el boton 'Refrescar', para crear un nuevo registro igual al anterior.
2022-06-16 16:31:27,997 - root - INFO -  Se da clic en el registro creado, para proceder a modificarlo.
2022-06-16 16:31:28,134 - root - INFO -  Se modifica el contenido del campo Descripcion
2022-06-16 16:31:31,224 - root - INFO -  Se da clic en el boton Guardar; se debe modificar la informacion del registro.
2022-06-16 16:31:34,277 - root - INFO -  Se presiona el boton 'Refrescar', para proceder a eliminar el registro.
2022-06-16 16:31:41,872 - root - INFO -  Se da clic en el registro creado, para proceder a modificarlo.
2022-06-16 16:31:41,929 - root - INFO -  Se presiona el boton 'Eliminar', para eliminar el registro.
2022-06-16 16:31:42,528 - root - INFO -  Se confirma el eliminado del registro
2022-06-16 16:31:44,580 - root - INFO -  Se presiona el boton 'Refrescar', para crear un nuevo registro igual al anterior.
2022-06-16 16:31:46,663 - root - INFO -  Se presiona el boton 'Cerrar', para cerrar la pantalla de Categorias Fiscales.
2022-06-16 16:31:50,784 - root - INFO -  Se cierra chrome
