2023-06-08 14:19:18,780 - root - INFO -  Se abre el chrome
2023-06-08 14:19:20,729 - root - INFO -  Entra a la URL
2023-06-08 14:19:20,850 - root - INFO -  Maximiza la pantalla
2023-06-08 14:19:23,939 - root - INFO -  Escribe el usuario
2023-06-08 14:19:24,058 - root - INFO -  Escribe la contraseña
2023-06-08 14:19:24,143 - root - INFO -  Se dio clic en el boton ingresar
2023-06-08 14:19:25,839 - root - INFO -  Ejecutar Enterprise
2023-06-08 14:19:29,879 - root - INFO -  Cambia entre pestañas
2023-06-08 14:19:41,326 - root - INFO -  Abre la pantalla de formas de pago
2023-06-08 14:19:41,875 - root - INFO -  La pantalla ejecutada es chequeras
2023-06-08 14:19:41,886 - root - INFO -  Captura: C:\xampp\htdocs\versiones\automatizaciones\AutoPWST\02FDP\report\img  screen：20230608_14_19_41.png
2023-06-08 14:19:52,366 - root - INFO -  Se presiona el boton 'Nuevo', para crear un nuevo registro.
2023-06-08 14:19:52,906 - root - INFO -  Se abrio la pantalla para el ingreso de un registro nuevo.
2023-06-08 14:19:52,930 - root - INFO -  El campo 'Codigo' si se encuentra visible.
2023-06-08 14:19:52,952 - root - INFO -  El campo 'Código alternativo' si se encuentra visible.
2023-06-08 14:19:52,973 - root - INFO -  El campo 'Código GLN' si se encuentra visible.
2023-06-08 14:19:52,998 - root - INFO -  El campo 'Descripción' si se encuentra visible.
2023-06-08 14:19:53,022 - root - INFO -  El campo 'Descuento' si se encuentra visible.
2023-06-08 14:19:53,048 - root - INFO -  El campo 'Recargo' si se encuentra visible.
2023-06-08 14:19:53,075 - root - INFO -  El campo 'Modo vencimiento' si se encuentra visible.
2023-06-08 14:19:53,096 - root - INFO -  El campo 'Tipo vencimiento' si se encuentra visible.
2023-06-08 14:19:53,124 - root - INFO -  El campo 'Plazo' si se encuentra visible.
2023-06-08 14:19:54,764 - root - INFO -  Captura: C:\xampp\htdocs\versiones\automatizaciones\AutoPWST\02FDP\report\img  screen：20230608_14_19_54.png
2023-06-08 14:19:55,004 - root - INFO -  Se da clic en el boton Guardar; se debe crear un nuevo registro.
2023-06-08 14:19:55,315 - root - INFO -  Se presiona el boton 'Refrescar', para crear un nuevo registro igual al anterior.
2023-06-08 14:19:57,364 - root - INFO -  Se presiona el boton 'Nuevo', para crear un nuevo registro igual al anterior.
2023-06-08 14:19:59,402 - root - INFO -  Captura: C:\xampp\htdocs\versiones\automatizaciones\AutoPWST\02FDP\report\img  screen：20230608_14_19_59.png
2023-06-08 14:19:59,613 - root - INFO -  Se da clic en el boton Guardar; se debe crear un nuevo registro.
2023-06-08 14:20:00,614 - root - INFO -  Captura: C:\xampp\htdocs\versiones\automatizaciones\AutoPWST\02FDP\report\img  screen：20230608_14_20_00.png
2023-06-08 14:20:06,049 - root - INFO -  Se presiona el boton 'Cerrar', para cerrar el mensaje de duplicidad de llave primaria
2023-06-08 14:20:07,050 - root - INFO -  Captura: C:\xampp\htdocs\versiones\automatizaciones\AutoPWST\02FDP\report\img  screen：20230608_14_20_07.png
2023-06-08 14:20:07,227 - root - INFO -  Se presiona el boton 'Cerrar', para cerrar el mensaje de duplicidad de llave primaria
2023-06-08 14:20:07,790 - root - INFO -  Se presiona el boton 'Cerrar', para cerrar la ventana
2023-06-08 14:20:07,902 - root - INFO -  Se presiona el boton 'Refrescar', para crear un nuevo registro igual al anterior.
2023-06-08 14:20:11,291 - root - INFO -  Se da clic en el registro creado, para proceder a modificarlo.
2023-06-08 14:20:16,580 - root - INFO -  Captura: C:\xampp\htdocs\versiones\automatizaciones\AutoPWST\02FDP\report\img  screen：20230608_14_20_16.png
2023-06-08 14:20:17,321 - root - INFO -  Se da clic en el boton Guardar; se debe modificar la informacion del registro.
2023-06-08 14:20:19,375 - root - INFO -  Se presiona el boton 'Refrescar', para proceder a eliminar el registro.
2023-06-08 14:20:21,948 - root - INFO -  Se da clic en el registro creado, para proceder a modificarlo.
2023-06-08 14:20:21,994 - root - INFO -  Se presiona el boton 'Eliminar', para eliminar el registro.
2023-06-08 14:20:21,994 - root - INFO -  Captura: C:\xampp\htdocs\versiones\automatizaciones\AutoPWST\02FDP\report\img  screen：20230608_14_20_21.png
2023-06-08 14:20:24,103 - root - INFO -  Captura: C:\xampp\htdocs\versiones\automatizaciones\AutoPWST\02FDP\report\img  screen：20230608_14_20_24.png
2023-06-08 14:20:24,251 - root - INFO -  Se confirma el eliminado del registro
2023-06-08 14:20:24,667 - root - INFO -  Se presiona el boton 'Refrescar', para crear un nuevo registro igual al anterior.
2023-06-08 14:20:26,732 - root - INFO -  Se presiona el boton 'Cerrar', para cerrar la pantalla de Formas de Pago.
2023-06-08 14:20:33,004 - root - INFO -  Se cierra chrome
