2022-07-05 18:16:52,805 - root - INFO -  Se abre el chrome
2022-07-05 18:16:57,156 - root - INFO -  Entra a la URL
2022-07-05 18:16:57,289 - root - INFO -  Maximiza la pantalla
2022-07-05 18:17:00,362 - root - INFO -  Cambia al frame
2022-07-05 18:17:03,478 - root - INFO -  Escribe el usuario
2022-07-05 18:17:03,615 - root - INFO -  Escribe la contraseña
2022-07-05 18:17:03,747 - root - INFO -  Se dio clic en el boton ingresar
2022-07-05 18:17:07,891 - root - INFO -  Ejecutar Enterprise
2022-07-05 18:17:07,892 - root - INFO -  Captura: C:\xampp\htdocs\versiones\automatizaciones\AutoPWST\01CR\report\img  screen：20220705_18_17_07.png
2022-07-05 18:17:12,127 - root - INFO -  Cambia entre pestañas
2022-07-05 18:17:57,912 - root - INFO -  Se presiona el boton 'Cerrar Error', para crear un nuevo registro igual al anterior.
2022-07-05 18:18:01,033 - root - INFO -  Abre el menu completo
2022-07-05 18:18:11,726 - root - INFO -  Abre la pantalla de Categoria Riesgo
2022-07-05 18:18:12,363 - root - INFO -  La pantalla ejecutada es Categoria Riesgo.
2022-07-05 18:18:12,364 - root - INFO -  Captura: C:\xampp\htdocs\versiones\automatizaciones\AutoPWST\01CR\report\img  screen：20220705_18_18_12.png
2022-07-05 18:18:12,627 - root - INFO -  Se presiona el boton 'Nuevo', para crear un nuevo registro.
2022-07-05 18:18:15,270 - root - INFO -  Se abrio la pantalla para el ingreso de un registro nuevo.
2022-07-05 18:18:15,308 - root - INFO -  El campo 'Codigo' si se encuentra visible.
2022-07-05 18:18:15,347 - root - INFO -  El campo 'Descrición' si se encuentra visible.
2022-07-05 18:18:15,385 - root - INFO -  El campo 'Porcentaje Límite' si se encuentra visible.
2022-07-05 18:18:15,443 - root - INFO -  El campo 'Periodo' si se encuentra visible.
2022-07-05 18:18:15,482 - root - INFO -  El campo 'Alcance' si se encuentra visible.
2022-07-05 18:18:15,520 - root - INFO -  El campo 'Mostrar Mensajes' si se encuentra visible.
2022-07-05 18:18:15,558 - root - INFO -  El campo 'Crédito Abierto' si se encuentra visible.
2022-07-05 18:18:15,625 - root - INFO -  Ingresa el codigo del nuevo registro 
2022-07-05 18:18:18,888 - root - INFO -  Ingresa la descripción del nuevo registro 
2022-07-05 18:18:22,038 - root - INFO -  Ingresa el porcentaje limite del nuevo registro 
2022-07-05 18:18:25,171 - root - INFO -  Ingresa el periodo del nuevo registro 
2022-07-05 18:18:35,770 - root - INFO -  Hizo click en el checkbox 
2022-07-05 18:18:38,871 - root - INFO -  Hizo click en el checkbox 
2022-07-05 18:18:41,887 - root - INFO -  Captura: C:\xampp\htdocs\versiones\automatizaciones\AutoPWST\01CR\report\img  screen：20220705_18_18_41.png
2022-07-05 18:18:42,110 - root - INFO -  Se da clic en el boton Guardar; se debe crear un nuevo registro.
2022-07-05 18:18:45,220 - root - INFO -  Se presiona el boton 'Refrescar', para crear un nuevo registro igual al anterior.
2022-07-05 18:18:48,301 - root - INFO -  Se presiona el boton 'Nuevo', para crear un nuevo registro igual al anterior.
2022-07-05 18:18:50,451 - root - INFO -  Se abrio la pantalla para el ingreso de un registro nuevo.
2022-07-05 18:18:50,487 - root - INFO -  El campo 'Codigo' si se encuentra visible.
2022-07-05 18:18:50,526 - root - INFO -  El campo 'Descrición' si se encuentra visible.
2022-07-05 18:18:50,564 - root - INFO -  El campo 'Porcentaje Límite' si se encuentra visible.
2022-07-05 18:18:50,602 - root - INFO -  El campo 'Periodo' si se encuentra visible.
2022-07-05 18:18:50,637 - root - INFO -  El campo 'Alcance' si se encuentra visible.
2022-07-05 18:18:50,672 - root - INFO -  El campo 'Mostrar Mensajes' si se encuentra visible.
2022-07-05 18:18:50,706 - root - INFO -  El campo 'Crédito Abierto' si se encuentra visible.
2022-07-05 18:18:50,766 - root - INFO -  Ingresa el codigo del nuevo registro 
2022-07-05 18:18:54,026 - root - INFO -  Ingresa la descripción del nuevo registro 
2022-07-05 18:18:57,163 - root - INFO -  Ingresa el porcentaje limite del nuevo registro 
2022-07-05 18:19:00,313 - root - INFO -  Ingresa el periodo del nuevo registro 
2022-07-05 18:19:10,894 - root - INFO -  Hizo click en el checkbox 
2022-07-05 18:19:14,020 - root - INFO -  Hizo click en el checkbox 
2022-07-05 18:19:17,148 - root - INFO -  Se da clic en el boton Guardar; NO se debe crear un nuevo registro.
2022-07-05 18:19:19,165 - root - INFO -  Captura: C:\xampp\htdocs\versiones\automatizaciones\AutoPWST\01CR\report\img  screen：20220705_18_19_19.png
2022-07-05 18:19:19,402 - root - INFO -  Se presiona el boton 'Cerrar', para cerrar el mensaje de duplicidad de llave primaria
2022-07-05 18:19:21,528 - root - INFO -  Se presiona el boton 'Cerrar', para cerrar la ventana
2022-07-05 18:19:25,673 - root - INFO -  Se presiona el boton 'Refrescar', para crear un nuevo registro igual al anterior.
2022-07-05 18:19:33,289 - root - INFO -  Se da clic en el registro creado, para proceder a modificarlo.
2022-07-05 18:19:34,091 - root - INFO -  Se modifica el contenido del campo Descripcion
2022-07-05 18:19:37,253 - root - INFO -  Ingresa el porcentaje limite del nuevo registro 
2022-07-05 18:19:40,434 - root - INFO -  Ingresa el periodo del nuevo registro 
2022-07-05 18:19:51,032 - root - INFO -  Hizo click en el checkbox 
2022-07-05 18:19:54,182 - root - INFO -  Hizo click en el checkbox 
2022-07-05 18:19:57,191 - root - INFO -  Captura: C:\xampp\htdocs\versiones\automatizaciones\AutoPWST\01CR\report\img  screen：20220705_18_19_57.png
2022-07-05 18:19:57,408 - root - INFO -  Se da clic en el boton Guardar; se debe modificar la informacion del registro.
2022-07-05 18:20:00,504 - root - INFO -  Se presiona el boton 'Refrescar', para proceder a eliminar el registro.
2022-07-05 18:20:08,137 - root - INFO -  Se da clic en el registro creado, para proceder a modificarlo.
2022-07-05 18:20:11,239 - root - INFO -  Se presiona el boton 'Eliminar', para eliminar el registro.
2022-07-05 18:20:11,241 - root - INFO -  Captura: C:\xampp\htdocs\versiones\automatizaciones\AutoPWST\01CR\report\img  screen：20220705_18_20_11.png
2022-07-05 18:20:11,469 - root - INFO -  Se confirma el eliminado del registro
2022-07-05 18:20:13,565 - root - INFO -  Se presiona el boton 'Refrescar', para crear un nuevo registro igual al anterior.
2022-07-05 18:20:15,675 - root - INFO -  Se presiona el boton 'Cerrar', para cerrar la pantalla de Categorias Fiscales.
2022-07-05 18:20:20,001 - root - INFO -  Se cierra chrome
