2022-12-30 09:30:36,763 - root - INFO -  Se abre el chrome
2022-12-30 09:30:40,892 - root - INFO -  Entra a la URL
2022-12-30 09:30:41,017 - root - INFO -  Maximiza la pantalla
2022-12-30 09:30:44,160 - root - INFO -  Escribe el usuario
2022-12-30 09:30:44,232 - root - INFO -  Escribe la contraseña
2022-12-30 09:30:44,307 - root - INFO -  Se dio clic en el boton ingresar
2022-12-30 09:30:45,536 - root - INFO -  Ejecutar Enterprise
2022-12-30 09:30:49,577 - root - INFO -  Cambia entre pestañas
2022-12-30 09:31:00,941 - root - INFO -  Abre la pantalla de Acciones Scheduler
2022-12-30 09:31:01,503 - root - INFO -  La pantalla ejecutada es Acciones.
2022-12-30 09:31:01,507 - root - INFO -  Captura: C:\xampp\htdocs\versiones\automatizaciones\AutoPWST\04ASCH\report\img  screen：20221230_09_31_01.png
2022-12-30 09:31:01,752 - root - INFO -  Se presiona el boton 'Nuevo', para crear un nuevo registro.
2022-12-30 09:31:02,297 - root - INFO -  Se abrio la pantalla para el ingreso de un registro nuevo.
2022-12-30 09:31:02,347 - root - INFO -  El campo 'Codigo' si se encuentra visible.
2022-12-30 09:31:02,377 - root - INFO -  El campo 'Descrición' si se encuentra visible.
2022-12-30 09:31:02,407 - root - INFO -  El campo 'Tipo Acción' si se encuentra visible.
2022-12-30 09:31:02,448 - root - INFO -  El campo 'Procedimiento Evento' si se encuentra visible.
2022-12-30 09:31:02,515 - root - INFO -  Ingresa el codigo del nuevo registro 
2022-12-30 09:31:02,622 - root - INFO -  Ingresa la descripción del nuevo registro 
2022-12-30 09:31:03,863 - root - ERROR - No se pudo encontrar el campo para ingresar el Procedimiento Evento, revise si el xpath sigue siendo el mismo, para mas detalles del error consulte el reporte
2022-12-30 09:31:03,864 - root - INFO -  Captura: C:\xampp\htdocs\versiones\automatizaciones\AutoPWST\04ASCH\report\img  screen：20221230_09_31_03.png
2022-12-30 09:31:08,237 - root - INFO -  Se cierra chrome
2022-12-30 09:31:08,237 - root - ERROR - La pantalla anterior fallo por lo que esta no funcionara, para mas detalles del error consulte el reporte
2022-12-30 09:31:08,237 - root - ERROR - La pantalla anterior fallo por lo que esta no funcionara, para mas detalles del error consulte el reporte
2022-12-30 09:31:08,237 - root - ERROR - La pantalla anterior fallo por lo que esta no funcionara, para mas detalles del error consulte el reporte
2022-12-30 09:37:25,128 - root - INFO -  Se abre el chrome
2022-12-30 09:37:26,866 - root - INFO -  Entra a la URL
2022-12-30 09:37:26,996 - root - INFO -  Maximiza la pantalla
2022-12-30 09:37:30,217 - root - INFO -  Escribe el usuario
2022-12-30 09:37:30,403 - root - INFO -  Escribe la contraseña
2022-12-30 09:37:30,559 - root - INFO -  Se dio clic en el boton ingresar
2022-12-30 09:37:31,354 - root - INFO -  Ejecutar Enterprise
2022-12-30 09:37:35,436 - root - INFO -  Cambia entre pestañas
2022-12-30 09:37:46,750 - root - INFO -  Abre la pantalla de Acciones Scheduler
2022-12-30 09:37:47,317 - root - INFO -  La pantalla ejecutada es Acciones.
2022-12-30 09:37:47,317 - root - INFO -  Captura: C:\xampp\htdocs\versiones\automatizaciones\AutoPWST\04ASCH\report\img  screen：20221230_09_37_47.png
2022-12-30 09:37:47,483 - root - INFO -  Se presiona el boton 'Nuevo', para crear un nuevo registro.
2022-12-30 09:37:48,047 - root - INFO -  Se abrio la pantalla para el ingreso de un registro nuevo.
2022-12-30 09:37:48,076 - root - INFO -  El campo 'Codigo' si se encuentra visible.
2022-12-30 09:37:48,117 - root - INFO -  El campo 'Descrición' si se encuentra visible.
2022-12-30 09:37:48,165 - root - INFO -  El campo 'Tipo Acción' si se encuentra visible.
2022-12-30 09:37:48,186 - root - INFO -  El campo 'Procedimiento Evento' si se encuentra visible.
2022-12-30 09:37:48,259 - root - INFO -  Ingresa el codigo del nuevo registro 
2022-12-30 09:37:48,367 - root - INFO -  Ingresa la descripción del nuevo registro 
2022-12-30 09:37:50,726 - root - INFO -  Ingresa el Procedimiento Evento del nuevo registro 
2022-12-30 09:37:51,733 - root - INFO -  Captura: C:\xampp\htdocs\versiones\automatizaciones\AutoPWST\04ASCH\report\img  screen：20221230_09_37_51.png
2022-12-30 09:37:51,929 - root - INFO - Se hace el cambio de pestaña para continuar con el registro nuevo
2022-12-30 09:37:52,538 - root - INFO -  Se presiona el boton 'Nuevo', para crear un nuevo registro.
2022-12-30 09:37:53,120 - root - INFO -  El campo 'Programación' si se encuentra visible.
2022-12-30 09:37:54,245 - root - INFO -  Se da clic en el boton Guardar; se debe crear un nuevo registro.
2022-12-30 09:37:54,502 - root - INFO -  Se da clic en el boton Guardar; se debe crear un nuevo registro.
2022-12-30 09:37:54,762 - root - INFO -  Se presiona el boton 'Refrescar', para crear un nuevo registro igual al anterior.
2022-12-30 09:37:54,952 - root - INFO -  Se presiona el boton 'Nuevo', para crear un nuevo registro igual al anterior.
2022-12-30 09:37:55,496 - root - INFO -  Se abrio la pantalla para el ingreso de un registro nuevo.
2022-12-30 09:37:55,516 - root - INFO -  El campo 'Codigo' si se encuentra visible.
2022-12-30 09:37:55,552 - root - INFO -  El campo 'Descrición' si se encuentra visible.
2022-12-30 09:37:55,581 - root - INFO -  El campo 'Tipo Acción' si se encuentra visible.
2022-12-30 09:37:55,609 - root - INFO -  El campo 'Procedimiento Evento' si se encuentra visible.
2022-12-30 09:37:55,666 - root - INFO -  Ingresa el codigo del nuevo registro 
2022-12-30 09:37:55,750 - root - INFO -  Ingresa la descripción del nuevo registro 
2022-12-30 09:37:56,690 - root - ERROR - No se pudo encontrar el campo para ingresar el Procedimiento Evento, revise si el xpath sigue siendo el mismo, para mas detalles del error consulte el reporte
2022-12-30 09:37:56,691 - root - INFO -  Captura: C:\xampp\htdocs\versiones\automatizaciones\AutoPWST\04ASCH\report\img  screen：20221230_09_37_56.png
2022-12-30 09:37:56,931 - root - INFO -  Se presiona el boton 'Cerrar', para cerrar la pantalla.
2022-12-30 09:37:57,040 - root - INFO -  Se presiona el boton 'Refrescar', para crear un nuevo registro igual al anterior.
2022-12-30 09:37:57,348 - root - ERROR - No se encontró el registro, revise si el xpath sigue siendo el mismo, para mas detalles del error consulte el reporte
2022-12-30 09:37:57,348 - root - INFO -  Captura: C:\xampp\htdocs\versiones\automatizaciones\AutoPWST\04ASCH\report\img  screen：20221230_09_37_57.png
2022-12-30 09:38:57,825 - root - ERROR - No se encontró el botón Cerrar, revise si el xpath sigue siendo el mismo, para mas detalles del error consulte el reporte
2022-12-30 09:39:00,832 - root - INFO -  Captura: C:\xampp\htdocs\versiones\automatizaciones\AutoPWST\04ASCH\report\img  screen：20221230_09_39_00.png
2022-12-30 09:39:17,322 - root - ERROR - No se encontró el botón Refrescar, revise si el xpath sigue siendo el mismo, para mas detalles del error consulte el reporte
2022-12-30 09:39:17,322 - root - INFO -  Captura: C:\xampp\htdocs\versiones\automatizaciones\AutoPWST\04ASCH\report\img  screen：20221230_09_39_17.png
2022-12-30 09:39:49,363 - root - INFO -  Se abre el chrome
2022-12-30 09:39:51,196 - root - INFO -  Entra a la URL
2022-12-30 09:39:51,323 - root - INFO -  Maximiza la pantalla
2022-12-30 09:39:54,471 - root - INFO -  Escribe el usuario
2022-12-30 09:39:54,572 - root - INFO -  Escribe la contraseña
2022-12-30 09:39:54,665 - root - INFO -  Se dio clic en el boton ingresar
2022-12-30 09:39:55,373 - root - INFO -  Ejecutar Enterprise
2022-12-30 09:39:59,453 - root - INFO -  Cambia entre pestañas
2022-12-30 09:40:10,666 - root - INFO -  Abre la pantalla de Acciones Scheduler
2022-12-30 09:40:11,252 - root - INFO -  La pantalla ejecutada es Acciones.
2022-12-30 09:40:11,252 - root - INFO -  Captura: C:\xampp\htdocs\versiones\automatizaciones\AutoPWST\04ASCH\report\img  screen：20221230_09_40_11.png
2022-12-30 09:40:11,473 - root - INFO -  Se presiona el boton 'Nuevo', para crear un nuevo registro.
2022-12-30 09:40:12,042 - root - INFO -  Se abrio la pantalla para el ingreso de un registro nuevo.
2022-12-30 09:40:12,077 - root - INFO -  El campo 'Codigo' si se encuentra visible.
2022-12-30 09:40:12,108 - root - INFO -  El campo 'Descrición' si se encuentra visible.
2022-12-30 09:40:12,138 - root - INFO -  El campo 'Tipo Acción' si se encuentra visible.
2022-12-30 09:40:12,162 - root - INFO -  El campo 'Procedimiento Evento' si se encuentra visible.
2022-12-30 09:40:12,228 - root - INFO -  Ingresa el codigo del nuevo registro 
2022-12-30 09:40:12,352 - root - INFO -  Ingresa la descripción del nuevo registro 
2022-12-30 09:40:14,741 - root - INFO -  Ingresa el Procedimiento Evento del nuevo registro 
2022-12-30 09:40:15,754 - root - INFO -  Captura: C:\xampp\htdocs\versiones\automatizaciones\AutoPWST\04ASCH\report\img  screen：20221230_09_40_15.png
2022-12-30 09:40:15,949 - root - INFO - Se hace el cambio de pestaña para continuar con el registro nuevo
2022-12-30 09:40:16,523 - root - INFO -  Se presiona el boton 'Nuevo', para crear un nuevo registro.
2022-12-30 09:40:17,107 - root - INFO -  El campo 'Programación' si se encuentra visible.
2022-12-30 09:40:18,279 - root - INFO -  Se da clic en el boton Guardar; se debe crear un nuevo registro.
2022-12-30 09:40:18,537 - root - INFO -  Se da clic en el boton Guardar; se debe crear un nuevo registro.
2022-12-30 09:40:19,652 - root - ERROR - No se encontró el botón Refrescar, revise si el xpath sigue siendo el mismo, para mas detalles del error consulte el reporte
2022-12-30 09:40:19,653 - root - INFO -  Captura: C:\xampp\htdocs\versiones\automatizaciones\AutoPWST\04ASCH\report\img  screen：20221230_09_40_19.png
2022-12-30 09:40:19,897 - root - INFO -  Se presiona el boton 'Cerrar', para cerrar la pantalla.
2022-12-30 09:40:20,011 - root - INFO -  Se presiona el boton 'Refrescar', para crear un nuevo registro igual al anterior.
2022-12-30 09:40:21,684 - root - INFO -  Se da clic en el registro creado, para proceder a modificarlo.
2022-12-30 09:40:22,368 - root - INFO -  Se modifica el contenido del campo Descripcion
2022-12-30 09:40:23,450 - root - INFO -  Ingresa el Procedimiento Evento del nuevo registro 
2022-12-30 09:40:24,459 - root - INFO -  Captura: C:\xampp\htdocs\versiones\automatizaciones\AutoPWST\04ASCH\report\img  screen：20221230_09_40_24.png
2022-12-30 09:40:24,704 - root - INFO - Se hace el cambio de pestaña para continuar con el registro nuevo
2022-12-30 09:40:25,845 - root - INFO -  Se da clic en el registro creado, para proceder a modificarlo.
2022-12-30 09:40:25,909 - root - INFO -  Se presiona el boton 'Eliminar', para eliminar el registro.
2022-12-30 09:40:26,031 - root - INFO -  Se presiona el boton 'Nuevo', para crear un nuevo registro.
2022-12-30 09:40:27,700 - root - INFO -  Se da clic en el boton Guardar; se debe crear un nuevo registro.
2022-12-30 09:40:27,976 - root - INFO -  Se da clic en el boton Guardar; se debe modificar la informacion del registro.
2022-12-30 09:40:28,273 - root - INFO -  Se presiona el boton 'Refrescar', para proceder a eliminar el registro.
2022-12-30 09:40:29,893 - root - INFO -  Se da clic en el registro creado, para proceder a modificarlo.
2022-12-30 09:40:30,479 - root - INFO - Se hace el cambio de pestaña para continuar con el registro nuevo
2022-12-30 09:40:31,596 - root - INFO -  Se da clic en el registro creado, para proceder a modificarlo.
2022-12-30 09:40:31,682 - root - INFO -  Se presiona el boton 'Eliminar', para eliminar el registro.
2022-12-30 09:40:31,875 - root - INFO -  Se da clic en el boton Guardar; se debe modificar la informacion del registro.
2022-12-30 09:40:32,485 - root - INFO -  Se da clic en el registro creado, para proceder a modificarlo.
2022-12-30 09:40:32,571 - root - INFO -  Se presiona el boton 'Eliminar', para eliminar el registro.
2022-12-30 09:40:33,587 - root - INFO -  Captura: C:\xampp\htdocs\versiones\automatizaciones\AutoPWST\04ASCH\report\img  screen：20221230_09_40_33.png
2022-12-30 09:40:33,870 - root - INFO -  Se confirma el eliminado del registro
2022-12-30 09:40:34,073 - root - INFO -  Se presiona el boton 'Refrescar', para crear un nuevo registro igual al anterior.
2022-12-30 09:40:34,255 - root - INFO -  Se presiona el boton 'Cerrar', para cerrar la pantalla de Categorias Fiscales.
2022-12-30 09:40:38,472 - root - INFO -  Se cierra chrome
2022-12-30 09:42:32,361 - root - INFO -  Se abre el chrome
2022-12-30 09:42:34,148 - root - INFO -  Entra a la URL
2022-12-30 09:42:34,278 - root - INFO -  Maximiza la pantalla
2022-12-30 09:42:37,376 - root - INFO -  Escribe el usuario
2022-12-30 09:42:37,446 - root - INFO -  Escribe la contraseña
2022-12-30 09:42:37,511 - root - INFO -  Se dio clic en el boton ingresar
2022-12-30 09:42:38,229 - root - INFO -  Ejecutar Enterprise
2022-12-30 09:42:42,287 - root - INFO -  Cambia entre pestañas
2022-12-30 09:42:53,194 - root - INFO -  Abre la pantalla de Acciones Scheduler
2022-12-30 09:42:53,788 - root - INFO -  La pantalla ejecutada es Acciones.
2022-12-30 09:42:53,789 - root - INFO -  Captura: C:\xampp\htdocs\versiones\automatizaciones\AutoPWST\04ASCH\report\img  screen：20221230_09_42_53.png
2022-12-30 09:42:53,959 - root - INFO -  Se presiona el boton 'Nuevo', para crear un nuevo registro.
2022-12-30 09:42:54,531 - root - INFO -  Se abrio la pantalla para el ingreso de un registro nuevo.
2022-12-30 09:42:54,560 - root - INFO -  El campo 'Codigo' si se encuentra visible.
2022-12-30 09:42:54,589 - root - INFO -  El campo 'Descrición' si se encuentra visible.
2022-12-30 09:42:54,619 - root - INFO -  El campo 'Tipo Acción' si se encuentra visible.
2022-12-30 09:42:54,648 - root - INFO -  El campo 'Procedimiento Evento' si se encuentra visible.
2022-12-30 09:42:54,710 - root - INFO -  Ingresa el codigo del nuevo registro 
2022-12-30 09:42:54,813 - root - INFO -  Ingresa la descripción del nuevo registro 
2022-12-30 09:42:57,148 - root - INFO -  Ingresa el Procedimiento Evento del nuevo registro 
2022-12-30 09:42:58,152 - root - INFO -  Captura: C:\xampp\htdocs\versiones\automatizaciones\AutoPWST\04ASCH\report\img  screen：20221230_09_42_58.png
2022-12-30 09:42:58,344 - root - INFO - Se hace el cambio de pestaña para continuar con el registro nuevo
2022-12-30 09:42:58,918 - root - INFO -  Se presiona el boton 'Nuevo', para crear un nuevo registro.
2022-12-30 09:42:59,465 - root - INFO -  El campo 'Programación' si se encuentra visible.
2022-12-30 09:43:00,598 - root - INFO -  Se da clic en el boton Guardar; se debe crear un nuevo registro.
2022-12-30 09:43:00,878 - root - INFO -  Se da clic en el boton Guardar; se debe crear un nuevo registro.
2022-12-30 09:43:01,151 - root - INFO -  Se presiona el boton 'Refrescar', para crear un nuevo registro igual al anterior.
2022-12-30 09:43:01,315 - root - INFO -  Se presiona el boton 'Nuevo', para crear un nuevo registro igual al anterior.
2022-12-30 09:43:01,866 - root - INFO -  Se abrio la pantalla para el ingreso de un registro nuevo.
2022-12-30 09:43:01,895 - root - INFO -  El campo 'Codigo' si se encuentra visible.
2022-12-30 09:43:01,922 - root - INFO -  El campo 'Descrición' si se encuentra visible.
2022-12-30 09:43:01,949 - root - INFO -  El campo 'Tipo Acción' si se encuentra visible.
2022-12-30 09:43:01,983 - root - INFO -  El campo 'Procedimiento Evento' si se encuentra visible.
2022-12-30 09:43:02,064 - root - INFO -  Ingresa el codigo del nuevo registro 
2022-12-30 09:43:02,163 - root - INFO -  Ingresa la descripción del nuevo registro 
2022-12-30 09:43:04,204 - root - INFO -  Ingresa el Procedimiento Evento del nuevo registro 
2022-12-30 09:43:04,256 - root - INFO -  Se da clic en el boton Guardar; NO se debe crear un nuevo registro.
2022-12-30 09:43:05,261 - root - INFO -  Captura: C:\xampp\htdocs\versiones\automatizaciones\AutoPWST\04ASCH\report\img  screen：20221230_09_43_05.png
2022-12-30 09:43:10,808 - root - INFO -  Se presiona el boton 'Cerrar', para cerrar el mensaje de duplicidad de llave primaria
2022-12-30 09:43:11,820 - root - INFO -  Captura: C:\xampp\htdocs\versiones\automatizaciones\AutoPWST\04ASCH\report\img  screen：20221230_09_43_11.png
2022-12-30 09:43:12,049 - root - INFO -  Se presiona el boton 'Cerrar', para cerrar el mensaje de duplicidad de llave primaria
2022-12-30 09:43:12,175 - root - INFO -  Se presiona el boton 'Cerrar', para cerrar la ventana
2022-12-30 09:43:12,280 - root - INFO -  Se presiona el boton 'Refrescar', para crear un nuevo registro igual al anterior.
2022-12-30 09:43:13,945 - root - INFO -  Se da clic en el registro creado, para proceder a modificarlo.
2022-12-30 09:43:14,646 - root - INFO -  Se modifica el contenido del campo Descripcion
2022-12-30 09:43:15,670 - root - INFO -  Ingresa el Procedimiento Evento del nuevo registro 
2022-12-30 09:43:16,681 - root - INFO -  Captura: C:\xampp\htdocs\versiones\automatizaciones\AutoPWST\04ASCH\report\img  screen：20221230_09_43_16.png
2022-12-30 09:43:16,890 - root - INFO - Se hace el cambio de pestaña para continuar con el registro nuevo
2022-12-30 09:43:17,992 - root - INFO -  Se da clic en el registro creado, para proceder a modificarlo.
2022-12-30 09:43:18,041 - root - INFO -  Se presiona el boton 'Eliminar', para eliminar el registro.
2022-12-30 09:43:18,164 - root - INFO -  Se presiona el boton 'Nuevo', para crear un nuevo registro.
2022-12-30 09:43:19,969 - root - INFO -  Se da clic en el boton Guardar; se debe crear un nuevo registro.
2022-12-30 09:43:20,313 - root - INFO -  Se da clic en el boton Guardar; se debe modificar la informacion del registro.
2022-12-30 09:43:20,593 - root - INFO -  Se presiona el boton 'Refrescar', para proceder a eliminar el registro.
2022-12-30 09:43:22,258 - root - INFO -  Se da clic en el registro creado, para proceder a modificarlo.
2022-12-30 09:43:23,892 - root - INFO - Se hace el cambio de pestaña para continuar con el registro nuevo
2022-12-30 09:43:24,986 - root - INFO -  Se da clic en el registro creado, para proceder a modificarlo.
2022-12-30 09:43:25,048 - root - INFO -  Se presiona el boton 'Eliminar', para eliminar el registro.
2022-12-30 09:43:25,167 - root - INFO -  Se da clic en el boton Guardar; se debe modificar la informacion del registro.
2022-12-30 09:43:25,737 - root - INFO -  Se da clic en el registro creado, para proceder a modificarlo.
2022-12-30 09:43:25,807 - root - INFO -  Se presiona el boton 'Eliminar', para eliminar el registro.
2022-12-30 09:43:26,809 - root - INFO -  Captura: C:\xampp\htdocs\versiones\automatizaciones\AutoPWST\04ASCH\report\img  screen：20221230_09_43_26.png
2022-12-30 09:43:27,020 - root - INFO -  Se confirma el eliminado del registro
2022-12-30 09:43:27,207 - root - INFO -  Se presiona el boton 'Refrescar', para crear un nuevo registro igual al anterior.
2022-12-30 09:43:27,397 - root - INFO -  Se presiona el boton 'Cerrar', para cerrar la pantalla de Categorias Fiscales.
2022-12-30 09:43:31,730 - root - INFO -  Se cierra chrome
