2022-11-28 12:23:56,609 - root - INFO -  Se abre el chrome
2022-11-28 12:23:57,646 - root - INFO -  Entra a la URL
2022-11-28 12:23:57,761 - root - INFO -  Maximiza la pantalla
2022-11-28 12:24:00,810 - root - INFO -  Cambia al frame
2022-11-28 12:24:03,883 - root - INFO -  Escribe el usuario
2022-11-28 12:24:03,983 - root - INFO -  Escribe la contraseña
2022-11-28 12:24:04,113 - root - INFO -  Se dio clic en el boton ingresar
2022-11-28 12:24:07,923 - root - INFO -  Ejecutar Enterprise
2022-11-28 12:24:11,969 - root - INFO -  Cambia entre pestañas
2022-11-28 12:24:26,083 - root - INFO -  Abre el menu completo
2022-11-28 12:24:29,174 - root - ERROR - No se pudo encontrar el menu indicado, revise si el xpath sigue siendo el mismo, para mas detalles del error consulte el reporte
2022-11-28 12:24:29,174 - root - INFO -  Captura: C:\xampp\htdocs\Versiones\automatizaciones\AutoPWST\04ASCH\report\img  screen：20221128_12_24_29.png
2022-11-28 12:24:40,410 - root - ERROR - La pantalla ejecutada no es correcta, revise si el xpath sigue siendo el mismo, para mas detalles del error consulte el reporte
2022-11-28 12:24:40,410 - root - INFO -  Captura: C:\xampp\htdocs\Versiones\automatizaciones\AutoPWST\04ASCH\report\img  screen：20221128_12_24_40.png
2022-11-28 12:24:40,420 - root - ERROR - No se encontró el botón Refrescar, revise si el xpath sigue siendo el mismo, para mas detalles del error consulte el reporte
2022-11-28 12:24:40,420 - root - INFO -  Captura: C:\xampp\htdocs\Versiones\automatizaciones\AutoPWST\04ASCH\report\img  screen：20221128_12_24_40.png
2022-11-28 12:24:40,430 - root - ERROR - No se encontró el botón Refrescar, revise si el xpath sigue siendo el mismo, para mas detalles del error consulte el reporte
2022-11-28 12:24:40,430 - root - INFO -  Captura: C:\xampp\htdocs\Versiones\automatizaciones\AutoPWST\04ASCH\report\img  screen：20221128_12_24_40.png
2022-11-28 12:24:40,440 - root - ERROR - No se encontró el botón Refrescar, revise si el xpath sigue siendo el mismo, para mas detalles del error consulte el reporte
2022-11-28 12:24:40,440 - root - INFO -  Captura: C:\xampp\htdocs\Versiones\automatizaciones\AutoPWST\04ASCH\report\img  screen：20221128_12_24_40.png
