2022-12-22 10:53:49,074 - root - INFO -  Se abre el chrome
2022-12-22 10:53:50,175 - root - INFO -  Entra a la URL
2022-12-22 10:53:50,308 - root - INFO -  Maximiza la pantalla
2022-12-22 10:53:53,546 - root - INFO -  Escribe el usuario
2022-12-22 10:53:53,691 - root - INFO -  Escribe la contraseña
2022-12-22 10:53:53,800 - root - INFO -  Se dio clic en el boton ingresar
2022-12-22 10:53:55,075 - root - INFO -  Ejecutar Enterprise
2022-12-22 10:53:59,134 - root - INFO -  Cambia entre pestañas
2022-12-22 10:54:03,890 - root - INFO -  Abre la pantalla de Acciones Scheduler
2022-12-22 10:54:04,464 - root - INFO -  La pantalla ejecutada es Acciones.
2022-12-22 10:54:04,465 - root - INFO -  Captura: C:\xampp\htdocs\Versiones\automatizaciones\AutoPWST\04ASCH\report\img  screen：20221222_10_54_04.png
2022-12-22 10:54:04,680 - root - INFO -  Se presiona el boton 'Nuevo', para crear un nuevo registro.
2022-12-22 10:54:05,271 - root - INFO -  Se abrio la pantalla para el ingreso de un registro nuevo.
2022-12-22 10:54:05,321 - root - INFO -  El campo 'Codigo' si se encuentra visible.
2022-12-22 10:54:05,372 - root - INFO -  El campo 'Descrición' si se encuentra visible.
2022-12-22 10:54:05,420 - root - INFO -  El campo 'Tipo Acción' si se encuentra visible.
2022-12-22 10:54:05,471 - root - INFO -  El campo 'Procedimiento Evento' si se encuentra visible.
2022-12-22 10:54:05,585 - root - INFO -  Ingresa el codigo del nuevo registro 
2022-12-22 10:54:05,738 - root - INFO -  Ingresa la descripción del nuevo registro 
2022-12-22 10:54:07,065 - root - ERROR - No se pudo encontrar el campo para ingresar el Procedimiento Evento, revise si el xpath sigue siendo el mismo, para mas detalles del error consulte el reporte
2022-12-22 10:54:07,066 - root - INFO -  Captura: C:\xampp\htdocs\Versiones\automatizaciones\AutoPWST\04ASCH\report\img  screen：20221222_10_54_07.png
2022-12-22 10:54:12,165 - root - INFO -  Se cierra chrome
2022-12-22 10:54:12,167 - root - ERROR - La pantalla anterior fallo por lo que esta no funcionara, para mas detalles del error consulte el reporte
2022-12-22 10:54:12,168 - root - ERROR - La pantalla anterior fallo por lo que esta no funcionara, para mas detalles del error consulte el reporte
2022-12-22 10:54:12,170 - root - ERROR - La pantalla anterior fallo por lo que esta no funcionara, para mas detalles del error consulte el reporte
2022-12-22 10:58:21,002 - root - INFO -  Se abre el chrome
2022-12-22 10:58:22,082 - root - INFO -  Entra a la URL
2022-12-22 10:58:22,211 - root - INFO -  Maximiza la pantalla
2022-12-22 10:58:25,341 - root - INFO -  Escribe el usuario
2022-12-22 10:58:25,491 - root - INFO -  Escribe la contraseña
2022-12-22 10:58:25,608 - root - INFO -  Se dio clic en el boton ingresar
2022-12-22 10:58:26,885 - root - INFO -  Ejecutar Enterprise
2022-12-22 10:58:30,938 - root - INFO -  Cambia entre pestañas
2022-12-22 10:58:43,581 - root - INFO -  Abre la pantalla de Acciones Scheduler
2022-12-22 10:58:44,213 - root - INFO -  La pantalla ejecutada es Acciones.
2022-12-22 10:58:44,214 - root - INFO -  Captura: C:\xampp\htdocs\Versiones\automatizaciones\AutoPWST\04ASCH\report\img  screen：20221222_10_58_44.png
2022-12-22 10:58:44,426 - root - INFO -  Se presiona el boton 'Nuevo', para crear un nuevo registro.
2022-12-22 10:58:45,089 - root - INFO -  Se abrio la pantalla para el ingreso de un registro nuevo.
2022-12-22 10:58:45,133 - root - INFO -  El campo 'Codigo' si se encuentra visible.
2022-12-22 10:58:45,183 - root - INFO -  El campo 'Descrición' si se encuentra visible.
2022-12-22 10:58:45,229 - root - INFO -  El campo 'Tipo Acción' si se encuentra visible.
2022-12-22 10:58:45,274 - root - INFO -  El campo 'Procedimiento Evento' si se encuentra visible.
2022-12-22 10:58:45,355 - root - INFO -  Ingresa el codigo del nuevo registro 
2022-12-22 10:58:45,500 - root - INFO -  Ingresa la descripción del nuevo registro 
2022-12-22 10:58:47,015 - root - INFO -  Ingresa el Procedimiento Evento del nuevo registro 
2022-12-22 10:58:47,016 - root - INFO -  Captura: C:\xampp\htdocs\Versiones\automatizaciones\AutoPWST\04ASCH\report\img  screen：20221222_10_58_47.png
2022-12-22 10:58:47,243 - root - INFO - Se hace el cambio de pestaña para continuar con el registro nuevo
2022-12-22 10:58:47,897 - root - INFO -  Se presiona el boton 'Nuevo', para crear un nuevo registro.
2022-12-22 10:58:48,497 - root - INFO -  El campo 'Programación' si se encuentra visible.
2022-12-22 10:58:49,790 - root - INFO -  Se da clic en el boton Guardar; se debe crear un nuevo registro.
2022-12-22 10:58:50,106 - root - INFO -  Se da clic en el boton Guardar; se debe crear un nuevo registro.
2022-12-22 10:58:50,436 - root - INFO -  Se presiona el boton 'Refrescar', para crear un nuevo registro igual al anterior.
2022-12-22 10:58:52,562 - root - INFO -  Se presiona el boton 'Nuevo', para crear un nuevo registro igual al anterior.
2022-12-22 10:58:53,213 - root - INFO -  Se abrio la pantalla para el ingreso de un registro nuevo.
2022-12-22 10:58:53,265 - root - INFO -  El campo 'Codigo' si se encuentra visible.
2022-12-22 10:58:53,306 - root - INFO -  El campo 'Descrición' si se encuentra visible.
2022-12-22 10:58:53,346 - root - INFO -  El campo 'Tipo Acción' si se encuentra visible.
2022-12-22 10:58:53,387 - root - INFO -  El campo 'Procedimiento Evento' si se encuentra visible.
2022-12-22 10:58:53,467 - root - INFO -  Ingresa el codigo del nuevo registro 
2022-12-22 10:58:53,596 - root - INFO -  Ingresa la descripción del nuevo registro 
2022-12-22 10:58:54,792 - root - INFO -  Ingresa el Procedimiento Evento del nuevo registro 
2022-12-22 10:58:54,874 - root - INFO -  Se da clic en el boton Guardar; NO se debe crear un nuevo registro.
2022-12-22 10:58:56,877 - root - INFO -  Captura: C:\xampp\htdocs\Versiones\automatizaciones\AutoPWST\04ASCH\report\img  screen：20221222_10_58_56.png
2022-12-22 10:58:57,181 - root - INFO -  Se presiona el boton 'Cerrar', para cerrar el mensaje de duplicidad de llave primaria
2022-12-22 10:58:57,350 - root - INFO -  Se presiona el boton 'Cerrar', para cerrar la ventana
2022-12-22 10:58:57,477 - root - INFO -  Se presiona el boton 'Refrescar', para crear un nuevo registro igual al anterior.
2022-12-22 10:59:00,121 - root - INFO -  Se da clic en el registro creado, para proceder a modificarlo.
2022-12-22 10:59:00,832 - root - INFO -  Se modifica el contenido del campo Descripcion
2022-12-22 10:59:02,003 - root - INFO -  Ingresa el Procedimiento Evento del nuevo registro 
2022-12-22 10:59:02,004 - root - INFO -  Captura: C:\xampp\htdocs\Versiones\automatizaciones\AutoPWST\04ASCH\report\img  screen：20221222_10_59_02.png
2022-12-22 10:59:02,229 - root - INFO - Se hace el cambio de pestaña para continuar con el registro nuevo
2022-12-22 10:59:03,405 - root - INFO -  Se da clic en el registro creado, para proceder a modificarlo.
2022-12-22 10:59:03,532 - root - INFO -  Se presiona el boton 'Eliminar', para eliminar el registro.
2022-12-22 10:59:03,685 - root - INFO -  Se presiona el boton 'Nuevo', para crear un nuevo registro.
2022-12-22 10:59:05,475 - root - INFO -  Se da clic en el boton Guardar; se debe crear un nuevo registro.
2022-12-22 10:59:05,815 - root - INFO -  Se da clic en el boton Guardar; se debe modificar la informacion del registro.
2022-12-22 10:59:06,046 - root - INFO -  Se presiona el boton 'Refrescar', para proceder a eliminar el registro.
2022-12-22 10:59:08,736 - root - INFO -  Se da clic en el registro creado, para proceder a modificarlo.
2022-12-22 10:59:09,417 - root - INFO - Se hace el cambio de pestaña para continuar con el registro nuevo
2022-12-22 10:59:10,586 - root - INFO -  Se da clic en el registro creado, para proceder a modificarlo.
2022-12-22 10:59:10,732 - root - INFO -  Se presiona el boton 'Eliminar', para eliminar el registro.
2022-12-22 10:59:10,896 - root - INFO -  Se da clic en el boton Guardar; se debe modificar la informacion del registro.
2022-12-22 10:59:11,497 - root - INFO -  Se da clic en el registro creado, para proceder a modificarlo.
2022-12-22 10:59:11,612 - root - INFO -  Se presiona el boton 'Eliminar', para eliminar el registro.
2022-12-22 10:59:11,613 - root - INFO -  Captura: C:\xampp\htdocs\Versiones\automatizaciones\AutoPWST\04ASCH\report\img  screen：20221222_10_59_11.png
2022-12-22 10:59:14,786 - root - INFO -  Captura: C:\xampp\htdocs\Versiones\automatizaciones\AutoPWST\04ASCH\report\img  screen：20221222_10_59_14.png
2022-12-22 10:59:15,047 - root - INFO -  Se confirma el eliminado del registro
2022-12-22 10:59:15,247 - root - INFO -  Se presiona el boton 'Refrescar', para crear un nuevo registro igual al anterior.
2022-12-22 10:59:17,388 - root - INFO -  Se presiona el boton 'Cerrar', para cerrar la pantalla de Categorias Fiscales.
2022-12-22 10:59:21,861 - root - INFO -  Se cierra chrome
