2022-11-25 12:03:32,909 - root - INFO -  Se abre el chrome
2022-11-25 12:03:33,887 - root - INFO -  Entra a la URL
2022-11-25 12:03:34,005 - root - INFO -  Maximiza la pantalla
2022-11-25 12:03:38,926 - root - INFO -  Cambia al frame
2022-11-25 12:03:42,001 - root - INFO -  Escribe el usuario
2022-11-25 12:03:42,098 - root - INFO -  Escribe la contraseña
2022-11-25 12:03:43,474 - root - INFO -  Se dio clic en el boton ingresar
2022-11-25 12:03:43,730 - root - INFO -  Ejecutar Enterprise
2022-11-25 12:03:47,793 - root - INFO -  Cambia entre pestañas
2022-11-25 12:04:13,889 - root - INFO -  Abre el menu completo
2022-11-25 12:04:17,033 - root - ERROR - No se pudo encontrar el menu indicado, revise si el xpath sigue siendo el mismo, para mas detalles del error consulte el reporte
2022-11-25 12:04:17,034 - root - INFO -  Captura: C:\xampp\htdocs\Versiones\automatizaciones\AutoPWST\04ASCH\report\img  screen：20221125_12_04_17.png
2022-11-25 12:04:24,214 - root - ERROR - La pantalla ejecutada no es correcta, revise si el xpath sigue siendo el mismo, para mas detalles del error consulte el reporte
2022-11-25 12:04:24,216 - root - INFO -  Captura: C:\xampp\htdocs\Versiones\automatizaciones\AutoPWST\04ASCH\report\img  screen：20221125_12_04_24.png
2022-11-25 12:04:24,237 - root - ERROR - No se encontró el botón Refrescar, revise si el xpath sigue siendo el mismo, para mas detalles del error consulte el reporte
2022-11-25 12:04:24,239 - root - INFO -  Captura: C:\xampp\htdocs\Versiones\automatizaciones\AutoPWST\04ASCH\report\img  screen：20221125_12_04_24.png
2022-11-25 12:04:24,250 - root - ERROR - No se encontró el botón Refrescar, revise si el xpath sigue siendo el mismo, para mas detalles del error consulte el reporte
2022-11-25 12:04:24,251 - root - INFO -  Captura: C:\xampp\htdocs\Versiones\automatizaciones\AutoPWST\04ASCH\report\img  screen：20221125_12_04_24.png
2022-11-25 12:04:24,257 - root - ERROR - No se encontró el botón Refrescar, revise si el xpath sigue siendo el mismo, para mas detalles del error consulte el reporte
2022-11-25 12:04:24,258 - root - INFO -  Captura: C:\xampp\htdocs\Versiones\automatizaciones\AutoPWST\04ASCH\report\img  screen：20221125_12_04_24.png
2022-11-25 12:05:57,290 - root - INFO -  Se abre el chrome
2022-11-25 12:05:58,195 - root - INFO -  Entra a la URL
2022-11-25 12:05:58,312 - root - INFO -  Maximiza la pantalla
2022-11-25 12:06:02,879 - root - INFO -  Cambia al frame
2022-11-25 12:06:05,955 - root - INFO -  Escribe el usuario
2022-11-25 12:06:06,051 - root - INFO -  Escribe la contraseña
2022-11-25 12:06:07,403 - root - INFO -  Se dio clic en el boton ingresar
2022-11-25 12:06:07,671 - root - INFO -  Ejecutar Enterprise
2022-11-25 12:06:11,715 - root - INFO -  Cambia entre pestañas
2022-11-25 12:06:33,736 - root - INFO -  Abre el menu completo
2022-11-25 12:06:36,851 - root - ERROR - No se pudo encontrar el menu indicado, revise si el xpath sigue siendo el mismo, para mas detalles del error consulte el reporte
2022-11-25 12:06:36,852 - root - INFO -  Captura: C:\xampp\htdocs\Versiones\automatizaciones\AutoPWST\04ASCH\report\img  screen：20221125_12_06_36.png
2022-11-25 12:06:43,427 - root - ERROR - La pantalla ejecutada no es correcta, revise si el xpath sigue siendo el mismo, para mas detalles del error consulte el reporte
2022-11-25 12:06:43,428 - root - INFO -  Captura: C:\xampp\htdocs\Versiones\automatizaciones\AutoPWST\04ASCH\report\img  screen：20221125_12_06_43.png
2022-11-25 12:06:43,445 - root - ERROR - No se encontró el botón Refrescar, revise si el xpath sigue siendo el mismo, para mas detalles del error consulte el reporte
2022-11-25 12:06:43,446 - root - INFO -  Captura: C:\xampp\htdocs\Versiones\automatizaciones\AutoPWST\04ASCH\report\img  screen：20221125_12_06_43.png
2022-11-25 12:06:43,459 - root - ERROR - No se encontró el botón Refrescar, revise si el xpath sigue siendo el mismo, para mas detalles del error consulte el reporte
2022-11-25 12:06:43,461 - root - INFO -  Captura: C:\xampp\htdocs\Versiones\automatizaciones\AutoPWST\04ASCH\report\img  screen：20221125_12_06_43.png
2022-11-25 12:06:43,478 - root - ERROR - No se encontró el botón Refrescar, revise si el xpath sigue siendo el mismo, para mas detalles del error consulte el reporte
2022-11-25 12:06:43,479 - root - INFO -  Captura: C:\xampp\htdocs\Versiones\automatizaciones\AutoPWST\04ASCH\report\img  screen：20221125_12_06_43.png
