2022-08-10 10:01:11,064 - root - INFO -  Se abre el chrome
2022-08-10 10:01:15,987 - root - INFO -  Entra a la URL
2022-08-10 10:01:16,117 - root - INFO -  Maximiza la pantalla
2022-08-10 10:01:19,182 - root - INFO -  Cambia al frame
2022-08-10 10:01:22,279 - root - INFO -  Escribe el usuario
2022-08-10 10:01:22,393 - root - INFO -  Escribe la contraseña
2022-08-10 10:01:22,540 - root - INFO -  Se dio clic en el boton ingresar
2022-08-10 10:01:26,626 - root - INFO -  Ejecutar Enterprise
2022-08-10 10:01:26,628 - root - INFO -  Captura: C:\xampp\htdocs\versiones\automatizaciones\AutoPWST\05PV\report\img  screen：20220810_10_01_26.png
2022-08-10 10:01:30,854 - root - INFO -  Cambia entre pestañas
2022-08-10 10:01:53,071 - root - INFO -  Abre el menu completo
2022-08-10 10:02:08,071 - root - INFO -  Abre la pantalla de Politicas de Venta
2022-08-10 10:02:08,154 - root - INFO -  La pantalla ejecutada es Politicas de Venta
2022-08-10 10:02:11,161 - root - INFO -  Captura: C:\xampp\htdocs\versiones\automatizaciones\AutoPWST\05PV\report\img  screen：20220810_10_02_11.png
2022-08-10 10:02:11,413 - root - INFO -  Se presiona el boton 'Nuevo', para crear un nuevo registro.
2022-08-10 10:02:16,509 - root - INFO -  Se abrio la pantalla para el ingreso de un registro nuevo.
2022-08-10 10:02:16,555 - root - INFO -  El campo 'Codigo' si se encuentra visible.
2022-08-10 10:02:16,595 - root - INFO -  El campo 'Codigo Alternativo' si se encuentra visible.
2022-08-10 10:02:16,639 - root - INFO -  El campo 'Descrición' si se encuentra visible.
2022-08-10 10:02:16,682 - root - INFO -  El campo 'Fecha Desde' si se encuentra visible.
2022-08-10 10:02:16,723 - root - INFO -  El campo 'Fecha Hasta' si se encuentra visible.
2022-08-10 10:02:16,763 - root - INFO -  El campo 'Moneda' si se encuentra visible.
2022-08-10 10:02:16,811 - root - INFO -  El campo 'Aplicable en' si se encuentra visible.
2022-08-10 10:02:16,854 - root - INFO -  El campo 'Activa' si se encuentra visible.
2022-08-10 10:02:16,896 - root - INFO -  El campo 'Aplicación Global' si se encuentra visible.
2022-08-10 10:02:17,024 - root - INFO -  Ingresa el codigo del nuevo registro 
2022-08-10 10:02:20,182 - root - INFO -  Ingresa el codigo alternativo del nuevo registro 
2022-08-10 10:02:23,428 - root - INFO -  Ingresa la descripción del nuevo registro 
2022-08-10 10:02:35,260 - root - INFO -  Ingresa la Fecha hasta del nuevo registro 
2022-08-10 10:03:16,154 - root - INFO - Se hace el cambio de pestaña para continuar con el registro nuevo
2022-08-10 10:03:19,293 - root - INFO -  Se presiona el boton 'Nuevo', para crear un nuevo registro.
2022-08-10 10:03:24,354 - root - INFO -  El campo 'Artículo' si se encuentra visible.
2022-08-10 10:03:24,384 - root - ERROR - El campo 'Porcentaje de Descuento' no se muestra visible, revise si el xpath sigue siendo el mismo, para mas detalles del error consulte el reporte
2022-08-10 10:03:27,390 - root - INFO -  Captura: C:\xampp\htdocs\versiones\automatizaciones\AutoPWST\05PV\report\img  screen：20220810_10_03_27.png
2022-08-10 10:03:27,972 - root - ERROR - No se encontró el botón Refrescar, revise si el xpath sigue siendo el mismo, para mas detalles del error consulte el reporte
2022-08-10 10:03:30,982 - root - INFO -  Captura: C:\xampp\htdocs\versiones\automatizaciones\AutoPWST\05PV\report\img  screen：20220810_10_03_30.png
2022-08-10 10:03:31,007 - root - ERROR - No se encontró el botón Refrescar, revise si el xpath sigue siendo el mismo, para mas detalles del error consulte el reporte
2022-08-10 10:03:34,023 - root - INFO -  Captura: C:\xampp\htdocs\versiones\automatizaciones\AutoPWST\05PV\report\img  screen：20220810_10_03_34.png
2022-08-10 10:03:34,029 - root - ERROR - No se encontró el botón Refrescar, revise si el xpath sigue siendo el mismo, para mas detalles del error consulte el reporte
2022-08-10 10:03:37,041 - root - INFO -  Captura: C:\xampp\htdocs\versiones\automatizaciones\AutoPWST\05PV\report\img  screen：20220810_10_03_37.png
2022-08-10 10:05:06,882 - root - INFO -  Se abre el chrome
2022-08-10 10:05:11,820 - root - INFO -  Entra a la URL
2022-08-10 10:05:11,972 - root - INFO -  Maximiza la pantalla
2022-08-10 10:05:15,031 - root - INFO -  Cambia al frame
2022-08-10 10:05:18,114 - root - INFO -  Escribe el usuario
2022-08-10 10:05:18,224 - root - INFO -  Escribe la contraseña
2022-08-10 10:05:18,366 - root - INFO -  Se dio clic en el boton ingresar
2022-08-10 10:05:21,929 - root - INFO -  Ejecutar Enterprise
2022-08-10 10:05:21,930 - root - INFO -  Captura: C:\xampp\htdocs\versiones\automatizaciones\AutoPWST\05PV\report\img  screen：20220810_10_05_21.png
2022-08-10 10:05:26,167 - root - INFO -  Cambia entre pestañas
2022-08-10 10:05:44,555 - root - INFO -  Abre el menu completo
2022-08-10 10:05:59,543 - root - INFO -  Abre la pantalla de Politicas de Venta
2022-08-10 10:05:59,623 - root - INFO -  La pantalla ejecutada es Politicas de Venta
2022-08-10 10:06:02,635 - root - INFO -  Captura: C:\xampp\htdocs\versiones\automatizaciones\AutoPWST\05PV\report\img  screen：20220810_10_06_02.png
2022-08-10 10:06:02,873 - root - INFO -  Se presiona el boton 'Nuevo', para crear un nuevo registro.
2022-08-10 10:06:07,927 - root - INFO -  Se abrio la pantalla para el ingreso de un registro nuevo.
2022-08-10 10:06:07,967 - root - INFO -  El campo 'Codigo' si se encuentra visible.
2022-08-10 10:06:08,019 - root - INFO -  El campo 'Codigo Alternativo' si se encuentra visible.
2022-08-10 10:06:08,067 - root - INFO -  El campo 'Descrición' si se encuentra visible.
2022-08-10 10:06:08,106 - root - INFO -  El campo 'Fecha Desde' si se encuentra visible.
2022-08-10 10:06:08,154 - root - INFO -  El campo 'Fecha Hasta' si se encuentra visible.
2022-08-10 10:06:08,204 - root - INFO -  El campo 'Moneda' si se encuentra visible.
2022-08-10 10:06:08,241 - root - INFO -  El campo 'Aplicable en' si se encuentra visible.
2022-08-10 10:06:08,281 - root - INFO -  El campo 'Activa' si se encuentra visible.
2022-08-10 10:06:08,321 - root - INFO -  El campo 'Aplicación Global' si se encuentra visible.
2022-08-10 10:06:08,436 - root - INFO -  Ingresa el codigo del nuevo registro 
2022-08-10 10:06:11,587 - root - INFO -  Ingresa el codigo alternativo del nuevo registro 
2022-08-10 10:06:14,843 - root - INFO -  Ingresa la descripción del nuevo registro 
2022-08-10 10:06:26,595 - root - INFO -  Ingresa la Fecha hasta del nuevo registro 
2022-08-10 10:07:07,603 - root - INFO - Se hace el cambio de pestaña para continuar con el registro nuevo
2022-08-10 10:07:10,733 - root - INFO -  Se presiona el boton 'Nuevo', para crear un nuevo registro.
2022-08-10 10:07:15,831 - root - INFO -  El campo 'Artículo' si se encuentra visible.
2022-08-10 10:07:15,873 - root - INFO -  El campo 'Porcentaje de Descuento' si se encuentra visible.
2022-08-10 10:07:15,914 - root - INFO -  El campo 'Tope Descuento 1' si se encuentra visible.
2022-08-10 10:07:15,955 - root - INFO -  El campo 'Tope Descuento 2' si se encuentra visible.
2022-08-10 10:07:16,140 - root - INFO -  Ingresa el Articulo del nuevo registro 
2022-08-10 10:07:26,381 - root - INFO -  Ingresa el Porcentaje de Descuento del nuevo registro 
2022-08-10 10:07:29,549 - root - INFO -  Ingresa el Tope Descuento 1 del nuevo registro 
2022-08-10 10:07:32,715 - root - INFO -  Ingresa el Tope Descuento 2 del nuevo registro 
2022-08-10 10:07:35,726 - root - INFO -  Captura: C:\xampp\htdocs\versiones\automatizaciones\AutoPWST\05PV\report\img  screen：20220810_10_07_35.png
2022-08-10 10:07:36,006 - root - INFO -  Se presiona el boton 'Guardar', para guardar el registro.
2022-08-10 10:07:41,194 - root - INFO -  Se da clic en el boton Guardar; se debe crear un nuevo registro.
2022-08-10 10:07:47,346 - root - ERROR - No se encontró el botón Refrescar, revise si el xpath sigue siendo el mismo, para mas detalles del error consulte el reporte
2022-08-10 10:07:50,352 - root - INFO -  Captura: C:\xampp\htdocs\versiones\automatizaciones\AutoPWST\05PV\report\img  screen：20220810_10_07_50.png
2022-08-10 10:07:50,842 - root - ERROR - No se encontró el botón Refrescar, revise si el xpath sigue siendo el mismo, para mas detalles del error consulte el reporte
2022-08-10 10:07:53,856 - root - INFO -  Captura: C:\xampp\htdocs\versiones\automatizaciones\AutoPWST\05PV\report\img  screen：20220810_10_07_53.png
2022-08-10 10:07:53,862 - root - ERROR - No se encontró el botón Refrescar, revise si el xpath sigue siendo el mismo, para mas detalles del error consulte el reporte
2022-08-10 10:07:56,872 - root - INFO -  Captura: C:\xampp\htdocs\versiones\automatizaciones\AutoPWST\05PV\report\img  screen：20220810_10_07_56.png
