2022-08-11 13:01:12,683 - root - INFO -  Se abre el chrome
2022-08-11 13:01:16,428 - root - INFO -  Entra a la URL
2022-08-11 13:01:16,553 - root - INFO -  Maximiza la pantalla
2022-08-11 13:01:19,606 - root - INFO -  Cambia al frame
2022-08-11 13:01:22,694 - root - INFO -  Escribe el usuario
2022-08-11 13:01:22,801 - root - INFO -  Escribe la contraseña
2022-08-11 13:01:22,937 - root - INFO -  Se dio clic en el boton ingresar
2022-08-11 13:01:26,508 - root - INFO -  Ejecutar Enterprise
2022-08-11 13:01:26,509 - root - INFO -  Captura: C:\xampp\htdocs\versiones\automatizaciones\AutoPWST\07PV\report\img  screen：20220811_13_01_26.png
2022-08-11 13:01:30,737 - root - INFO -  Cambia entre pestañas
2022-08-11 13:01:51,604 - root - INFO -  Abre el menu completo
2022-08-11 13:02:06,613 - root - INFO -  Abre la pantalla de Politicas de Venta
2022-08-11 13:02:06,704 - root - INFO -  La pantalla ejecutada es Politicas de Venta
2022-08-11 13:02:09,714 - root - INFO -  Captura: C:\xampp\htdocs\versiones\automatizaciones\AutoPWST\07PV\report\img  screen：20220811_13_02_09.png
2022-08-11 13:02:09,938 - root - INFO -  Se presiona el boton 'Nuevo', para crear un nuevo registro.
2022-08-11 13:02:15,051 - root - INFO -  Se abrio la pantalla para el ingreso de un registro nuevo.
2022-08-11 13:02:15,112 - root - INFO -  El campo 'Codigo' si se encuentra visible.
2022-08-11 13:02:15,153 - root - INFO -  El campo 'Codigo Alternativo' si se encuentra visible.
2022-08-11 13:02:15,192 - root - INFO -  El campo 'Descrición' si se encuentra visible.
2022-08-11 13:02:15,234 - root - INFO -  El campo 'Fecha Desde' si se encuentra visible.
2022-08-11 13:02:15,273 - root - INFO -  El campo 'Fecha Hasta' si se encuentra visible.
2022-08-11 13:02:15,313 - root - INFO -  El campo 'Moneda' si se encuentra visible.
2022-08-11 13:02:15,353 - root - INFO -  El campo 'Aplicable en' si se encuentra visible.
2022-08-11 13:02:15,393 - root - INFO -  El campo 'Activa' si se encuentra visible.
2022-08-11 13:02:15,434 - root - INFO -  El campo 'Aplicación Global' si se encuentra visible.
2022-08-11 13:02:15,546 - root - INFO -  Ingresa el codigo del nuevo registro 
2022-08-11 13:02:18,720 - root - INFO -  Ingresa el codigo alternativo del nuevo registro 
2022-08-11 13:02:21,953 - root - INFO -  Ingresa la descripción del nuevo registro 
2022-08-11 13:02:33,721 - root - INFO -  Ingresa la Fecha hasta del nuevo registro 
2022-08-11 13:03:14,972 - root - INFO - Se hace el cambio de pestaña para continuar con el registro nuevo
2022-08-11 13:03:18,100 - root - INFO -  Se presiona el boton 'Nuevo', para crear un nuevo registro.
2022-08-11 13:03:23,198 - root - INFO -  El campo 'Artículo' si se encuentra visible.
2022-08-11 13:03:23,243 - root - INFO -  El campo 'Cantidad Mix Ideal(Packing)' si se encuentra visible.
2022-08-11 13:03:23,284 - root - INFO -  El campo 'Tope Descuento 1' si se encuentra visible.
2022-08-11 13:03:23,327 - root - INFO -  El campo 'Tope Descuento 2' si se encuentra visible.
2022-08-11 13:03:23,506 - root - INFO -  Ingresa el Articulo del nuevo registro 
2022-08-11 13:03:33,671 - root - INFO -  Ingresa la Cantidad de Mix Ideal del nuevo registro 
2022-08-11 13:03:36,822 - root - INFO -  Ingresa el Tope Descuento 1 del nuevo registro 
2022-08-11 13:03:40,069 - root - INFO -  Ingresa el Tope Descuento 2 del nuevo registro 
2022-08-11 13:03:43,071 - root - INFO -  Captura: C:\xampp\htdocs\versiones\automatizaciones\AutoPWST\07PV\report\img  screen：20220811_13_03_43.png
2022-08-11 13:03:43,330 - root - INFO -  Se presiona el boton 'Guardar', para guardar el registro.
2022-08-11 13:03:48,484 - root - INFO -  Se presiona el boton 'Nuevo', para crear un nuevo registro.
2022-08-11 13:03:53,731 - root - INFO -  Ingresa el Articulo del nuevo registro 
2022-08-11 13:04:03,923 - root - INFO -  Ingresa la Cantidad de Mix Ideal del nuevo registro 
2022-08-11 13:04:07,104 - root - INFO -  Ingresa el Tope Descuento 1 del nuevo registro 
2022-08-11 13:04:10,278 - root - INFO -  Ingresa el Tope Descuento 2 del nuevo registro 
2022-08-11 13:04:13,436 - root - INFO -  Se presiona el boton 'Guardar', para guardar el registro.
2022-08-11 13:04:18,565 - root - INFO -  Se presiona el boton 'Nuevo', para crear un nuevo registro.
2022-08-11 13:04:23,745 - root - INFO -  Ingresa el Articulo del nuevo registro 
2022-08-11 13:04:33,897 - root - INFO -  Ingresa la Cantidad de Mix Ideal del nuevo registro 
2022-08-11 13:04:37,098 - root - INFO -  Ingresa el Tope Descuento 1 del nuevo registro 
2022-08-11 13:04:40,264 - root - INFO -  Ingresa el Tope Descuento 2 del nuevo registro 
2022-08-11 13:04:43,380 - root - INFO -  Se presiona el boton 'Guardar', para guardar el registro.
2022-08-11 13:04:48,539 - root - INFO -  Se da clic en el boton Guardar; se debe crear un nuevo registro.
2022-08-11 13:04:54,711 - root - ERROR - No se encontró el botón Refrescar, revise si el xpath sigue siendo el mismo, para mas detalles del error consulte el reporte
2022-08-11 13:04:57,729 - root - INFO -  Captura: C:\xampp\htdocs\versiones\automatizaciones\AutoPWST\07PV\report\img  screen：20220811_13_04_57.png
2022-08-11 13:04:58,203 - root - ERROR - No se encontró el botón Refrescar, revise si el xpath sigue siendo el mismo, para mas detalles del error consulte el reporte
2022-08-11 13:05:01,221 - root - INFO -  Captura: C:\xampp\htdocs\versiones\automatizaciones\AutoPWST\07PV\report\img  screen：20220811_13_05_01.png
2022-08-11 13:05:01,246 - root - ERROR - No se encontró el botón Refrescar, revise si el xpath sigue siendo el mismo, para mas detalles del error consulte el reporte
2022-08-11 13:05:04,248 - root - INFO -  Captura: C:\xampp\htdocs\versiones\automatizaciones\AutoPWST\07PV\report\img  screen：20220811_13_05_04.png
2022-08-11 13:08:49,468 - root - INFO -  Se abre el chrome
2022-08-11 13:08:52,846 - root - INFO -  Entra a la URL
2022-08-11 13:08:52,974 - root - INFO -  Maximiza la pantalla
2022-08-11 13:08:56,027 - root - INFO -  Cambia al frame
2022-08-11 13:08:59,123 - root - INFO -  Escribe el usuario
2022-08-11 13:08:59,235 - root - INFO -  Escribe la contraseña
2022-08-11 13:08:59,425 - root - INFO -  Se dio clic en el boton ingresar
2022-08-11 13:09:03,119 - root - INFO -  Ejecutar Enterprise
2022-08-11 13:09:03,119 - root - INFO -  Captura: C:\xampp\htdocs\versiones\automatizaciones\AutoPWST\07PV\report\img  screen：20220811_13_09_03.png
2022-08-11 13:09:07,356 - root - INFO -  Cambia entre pestañas
2022-08-11 13:09:37,230 - root - INFO -  Abre el menu completo
2022-08-11 13:09:52,199 - root - INFO -  Abre la pantalla de Politicas de Venta
2022-08-11 13:09:52,273 - root - INFO -  La pantalla ejecutada es Politicas de Venta
2022-08-11 13:09:55,280 - root - INFO -  Captura: C:\xampp\htdocs\versiones\automatizaciones\AutoPWST\07PV\report\img  screen：20220811_13_09_55.png
2022-08-11 13:09:55,500 - root - INFO -  Se presiona el boton 'Nuevo', para crear un nuevo registro.
2022-08-11 13:10:00,601 - root - INFO -  Se abrio la pantalla para el ingreso de un registro nuevo.
2022-08-11 13:10:00,646 - root - INFO -  El campo 'Codigo' si se encuentra visible.
2022-08-11 13:10:00,687 - root - INFO -  El campo 'Codigo Alternativo' si se encuentra visible.
2022-08-11 13:10:00,727 - root - INFO -  El campo 'Descrición' si se encuentra visible.
2022-08-11 13:10:00,767 - root - INFO -  El campo 'Fecha Desde' si se encuentra visible.
2022-08-11 13:10:00,807 - root - INFO -  El campo 'Fecha Hasta' si se encuentra visible.
2022-08-11 13:10:00,847 - root - INFO -  El campo 'Moneda' si se encuentra visible.
2022-08-11 13:10:00,888 - root - INFO -  El campo 'Aplicable en' si se encuentra visible.
2022-08-11 13:10:00,929 - root - INFO -  El campo 'Activa' si se encuentra visible.
2022-08-11 13:10:00,971 - root - INFO -  El campo 'Aplicación Global' si se encuentra visible.
2022-08-11 13:10:01,087 - root - INFO -  Ingresa el codigo del nuevo registro 
2022-08-11 13:10:04,252 - root - INFO -  Ingresa el codigo alternativo del nuevo registro 
2022-08-11 13:10:07,466 - root - INFO -  Ingresa la descripción del nuevo registro 
2022-08-11 13:10:19,221 - root - INFO -  Ingresa la Fecha hasta del nuevo registro 
2022-08-11 13:11:00,139 - root - INFO - Se hace el cambio de pestaña para continuar con el registro nuevo
2022-08-11 13:11:03,258 - root - INFO -  Se presiona el boton 'Nuevo', para crear un nuevo registro.
2022-08-11 13:11:08,350 - root - INFO -  El campo 'Artículo' si se encuentra visible.
2022-08-11 13:11:08,391 - root - INFO -  El campo 'Cantidad Mix Ideal(Packing)' si se encuentra visible.
2022-08-11 13:11:08,432 - root - INFO -  El campo 'Tope Descuento 1' si se encuentra visible.
2022-08-11 13:11:08,470 - root - INFO -  El campo 'Tope Descuento 2' si se encuentra visible.
2022-08-11 13:11:08,658 - root - INFO -  Ingresa el Articulo del nuevo registro 
2022-08-11 13:11:18,826 - root - INFO -  Ingresa la Cantidad de Mix Ideal del nuevo registro 
2022-08-11 13:11:21,981 - root - INFO -  Ingresa el Tope Descuento 1 del nuevo registro 
2022-08-11 13:11:25,123 - root - INFO -  Ingresa el Tope Descuento 2 del nuevo registro 
2022-08-11 13:11:28,126 - root - INFO -  Captura: C:\xampp\htdocs\versiones\automatizaciones\AutoPWST\07PV\report\img  screen：20220811_13_11_28.png
2022-08-11 13:11:28,347 - root - INFO -  Se presiona el boton 'Guardar', para guardar el registro.
2022-08-11 13:11:33,458 - root - INFO -  Se presiona el boton 'Nuevo', para crear un nuevo registro.
2022-08-11 13:11:38,750 - root - INFO -  Ingresa el Articulo del nuevo registro 
2022-08-11 13:11:48,944 - root - INFO -  Ingresa la Cantidad de Mix Ideal del nuevo registro 
2022-08-11 13:11:52,145 - root - INFO -  Ingresa el Tope Descuento 1 del nuevo registro 
2022-08-11 13:11:55,276 - root - INFO -  Ingresa el Tope Descuento 2 del nuevo registro 
2022-08-11 13:11:58,408 - root - INFO -  Se presiona el boton 'Guardar', para guardar el registro.
2022-08-11 13:12:03,572 - root - INFO -  Se presiona el boton 'Nuevo', para crear un nuevo registro.
2022-08-11 13:12:08,829 - root - INFO -  Ingresa el Articulo del nuevo registro 
2022-08-11 13:12:18,989 - root - INFO -  Ingresa la Cantidad de Mix Ideal del nuevo registro 
2022-08-11 13:12:22,189 - root - INFO -  Ingresa el Tope Descuento 1 del nuevo registro 
2022-08-11 13:12:25,356 - root - INFO -  Ingresa el Tope Descuento 2 del nuevo registro 
2022-08-11 13:12:28,474 - root - INFO -  Se presiona el boton 'Guardar', para guardar el registro.
2022-08-11 13:12:33,634 - root - INFO -  Se da clic en el boton Guardar; se debe crear un nuevo registro.
2022-08-11 13:12:39,782 - root - ERROR - No se encontró el botón Refrescar, revise si el xpath sigue siendo el mismo, para mas detalles del error consulte el reporte
2022-08-11 13:12:42,790 - root - INFO -  Captura: C:\xampp\htdocs\versiones\automatizaciones\AutoPWST\07PV\report\img  screen：20220811_13_12_42.png
2022-08-11 13:12:43,453 - root - ERROR - No se encontró el botón Refrescar, revise si el xpath sigue siendo el mismo, para mas detalles del error consulte el reporte
2022-08-11 13:13:13,168 - root - INFO -  Se abre el chrome
2022-08-11 13:13:16,094 - root - INFO -  Entra a la URL
2022-08-11 13:13:16,232 - root - INFO -  Maximiza la pantalla
2022-08-11 13:13:19,282 - root - INFO -  Cambia al frame
2022-08-11 13:13:22,387 - root - INFO -  Escribe el usuario
2022-08-11 13:13:22,501 - root - INFO -  Escribe la contraseña
2022-08-11 13:13:22,644 - root - INFO -  Se dio clic en el boton ingresar
2022-08-11 13:13:30,895 - root - INFO -  Ejecutar Enterprise
2022-08-11 13:13:30,896 - root - INFO -  Captura: C:\xampp\htdocs\versiones\automatizaciones\AutoPWST\07PV\report\img  screen：20220811_13_13_30.png
2022-08-11 13:13:35,140 - root - INFO -  Cambia entre pestañas
2022-08-11 13:14:10,726 - root - INFO -  Abre el menu completo
2022-08-11 13:14:25,729 - root - INFO -  Abre la pantalla de Politicas de Venta
2022-08-11 13:14:25,792 - root - INFO -  La pantalla ejecutada es Politicas de Venta
2022-08-11 13:14:28,799 - root - INFO -  Captura: C:\xampp\htdocs\versiones\automatizaciones\AutoPWST\07PV\report\img  screen：20220811_13_14_28.png
2022-08-11 13:14:29,040 - root - INFO -  Se presiona el boton 'Nuevo', para crear un nuevo registro.
2022-08-11 13:14:34,141 - root - INFO -  Se abrio la pantalla para el ingreso de un registro nuevo.
2022-08-11 13:14:34,185 - root - INFO -  El campo 'Codigo' si se encuentra visible.
2022-08-11 13:14:34,225 - root - INFO -  El campo 'Codigo Alternativo' si se encuentra visible.
2022-08-11 13:14:34,267 - root - INFO -  El campo 'Descrición' si se encuentra visible.
2022-08-11 13:14:34,306 - root - INFO -  El campo 'Fecha Desde' si se encuentra visible.
2022-08-11 13:14:34,346 - root - INFO -  El campo 'Fecha Hasta' si se encuentra visible.
2022-08-11 13:14:34,386 - root - INFO -  El campo 'Moneda' si se encuentra visible.
2022-08-11 13:14:34,436 - root - INFO -  El campo 'Aplicable en' si se encuentra visible.
2022-08-11 13:14:34,479 - root - INFO -  El campo 'Activa' si se encuentra visible.
2022-08-11 13:14:34,519 - root - INFO -  El campo 'Aplicación Global' si se encuentra visible.
2022-08-11 13:14:34,632 - root - INFO -  Ingresa el codigo del nuevo registro 
2022-08-11 13:14:37,788 - root - INFO -  Ingresa el codigo alternativo del nuevo registro 
2022-08-11 13:14:41,013 - root - INFO -  Ingresa la descripción del nuevo registro 
2022-08-11 13:14:52,879 - root - INFO -  Ingresa la Fecha hasta del nuevo registro 
2022-08-11 13:15:33,934 - root - INFO - Se hace el cambio de pestaña para continuar con el registro nuevo
2022-08-11 13:15:37,110 - root - INFO -  Se presiona el boton 'Nuevo', para crear un nuevo registro.
2022-08-11 13:15:42,169 - root - INFO -  El campo 'Artículo' si se encuentra visible.
2022-08-11 13:15:42,209 - root - INFO -  El campo 'Cantidad Mix Ideal(Packing)' si se encuentra visible.
2022-08-11 13:15:42,248 - root - INFO -  El campo 'Tope Descuento 1' si se encuentra visible.
2022-08-11 13:15:42,290 - root - INFO -  El campo 'Tope Descuento 2' si se encuentra visible.
2022-08-11 13:15:42,483 - root - INFO -  Ingresa el Articulo del nuevo registro 
2022-08-11 13:15:52,644 - root - INFO -  Ingresa la Cantidad de Mix Ideal del nuevo registro 
2022-08-11 13:15:55,783 - root - INFO -  Ingresa el Tope Descuento 1 del nuevo registro 
2022-08-11 13:15:58,964 - root - INFO -  Ingresa el Tope Descuento 2 del nuevo registro 
2022-08-11 13:16:01,973 - root - INFO -  Captura: C:\xampp\htdocs\versiones\automatizaciones\AutoPWST\07PV\report\img  screen：20220811_13_16_01.png
2022-08-11 13:16:02,229 - root - INFO -  Se presiona el boton 'Guardar', para guardar el registro.
2022-08-11 13:16:07,385 - root - INFO -  Se presiona el boton 'Nuevo', para crear un nuevo registro.
2022-08-11 13:16:12,565 - root - INFO -  Ingresa el Articulo del nuevo registro 
2022-08-11 13:16:22,784 - root - INFO -  Ingresa la Cantidad de Mix Ideal del nuevo registro 
2022-08-11 13:16:25,970 - root - INFO -  Ingresa el Tope Descuento 1 del nuevo registro 
2022-08-11 13:16:29,130 - root - INFO -  Ingresa el Tope Descuento 2 del nuevo registro 
2022-08-11 13:16:32,318 - root - INFO -  Se presiona el boton 'Guardar', para guardar el registro.
2022-08-11 13:16:37,439 - root - INFO -  Se presiona el boton 'Nuevo', para crear un nuevo registro.
2022-08-11 13:16:42,710 - root - INFO -  Ingresa el Articulo del nuevo registro 
2022-08-11 13:16:52,919 - root - INFO -  Ingresa la Cantidad de Mix Ideal del nuevo registro 
2022-08-11 13:16:56,077 - root - INFO -  Ingresa el Tope Descuento 1 del nuevo registro 
2022-08-11 13:16:59,219 - root - INFO -  Ingresa el Tope Descuento 2 del nuevo registro 
2022-08-11 13:17:02,428 - root - INFO -  Se presiona el boton 'Guardar', para guardar el registro.
2022-08-11 13:17:07,547 - root - INFO -  Se da clic en el boton Guardar; se debe crear un nuevo registro.
2022-08-11 13:17:12,717 - root - INFO -  Se presiona el boton 'Refrescar', para crear un nuevo registro igual al anterior.
2022-08-11 13:17:17,902 - root - INFO -  Se presiona el boton 'Nuevo', para crear un nuevo registro igual al anterior.
2022-08-11 13:17:22,991 - root - INFO -  Se abrio la pantalla para el ingreso de un registro nuevo.
2022-08-11 13:17:23,037 - root - INFO -  El campo 'Codigo' si se encuentra visible.
2022-08-11 13:17:23,076 - root - INFO -  El campo 'Codigo Alternativo' si se encuentra visible.
2022-08-11 13:17:23,115 - root - INFO -  El campo 'Descrición' si se encuentra visible.
2022-08-11 13:17:23,153 - root - INFO -  El campo 'Fecha Desde' si se encuentra visible.
2022-08-11 13:17:23,195 - root - INFO -  El campo 'Fecha Hasta' si se encuentra visible.
2022-08-11 13:17:23,234 - root - INFO -  El campo 'Moneda' si se encuentra visible.
2022-08-11 13:17:23,274 - root - INFO -  El campo 'Aplicable en' si se encuentra visible.
2022-08-11 13:17:23,314 - root - INFO -  El campo 'Activa' si se encuentra visible.
2022-08-11 13:17:23,369 - root - INFO -  El campo 'Aplicación Global' si se encuentra visible.
2022-08-11 13:17:23,483 - root - INFO -  Ingresa el codigo del nuevo registro 
2022-08-11 13:17:26,650 - root - INFO -  Ingresa el codigo alternativo del nuevo registro 
2022-08-11 13:17:29,892 - root - INFO -  Ingresa la descripción del nuevo registro 
2022-08-11 13:17:41,663 - root - INFO -  Ingresa la Fecha hasta del nuevo registro 
2022-08-11 13:18:22,622 - root - INFO -  Se da clic en el boton Guardar; se debe crear un nuevo registro.
2022-08-11 13:18:27,635 - root - INFO -  Captura: C:\xampp\htdocs\versiones\automatizaciones\AutoPWST\07PV\report\img  screen：20220811_13_18_27.png
2022-08-11 13:18:27,882 - root - INFO -  Se presiona el boton 'Cerrar', para cerrar el mensaje de duplicidad de llave primaria
2022-08-11 13:18:30,996 - root - INFO -  Se presiona el boton 'Cerrar', para cerrar la ventana
2022-08-11 13:18:35,137 - root - INFO -  Se presiona el boton 'Refrescar', para crear un nuevo registro igual al anterior.
2022-08-11 13:18:44,794 - root - INFO -  Se da clic en el registro creado, para proceder a modificarlo.
2022-08-11 13:18:50,054 - root - INFO -  Se modifica el contenido del campo Codigo Alternativo
2022-08-11 13:18:53,333 - root - INFO -  Se modifica el contenido del campo Descripcion
2022-08-11 13:19:05,114 - root - INFO -  Ingresa la Fecha hasta del nuevo registro 
2022-08-11 13:19:46,204 - root - INFO - Se hace el cambio de pestaña para continuar con el registro nuevo
2022-08-11 13:19:50,397 - root - ERROR - No se encontró el botón Refrescar, revise si el xpath sigue siendo el mismo, para mas detalles del error consulte el reporte
2022-08-11 13:19:53,404 - root - INFO -  Captura: C:\xampp\htdocs\versiones\automatizaciones\AutoPWST\07PV\report\img  screen：20220811_13_19_53.png
2022-08-11 13:26:13,401 - root - INFO -  Se abre el chrome
2022-08-11 13:26:16,482 - root - INFO -  Entra a la URL
2022-08-11 13:26:16,616 - root - INFO -  Maximiza la pantalla
2022-08-11 13:26:19,670 - root - INFO -  Cambia al frame
2022-08-11 13:26:22,757 - root - INFO -  Escribe el usuario
2022-08-11 13:26:22,871 - root - INFO -  Escribe la contraseña
2022-08-11 13:26:23,004 - root - INFO -  Se dio clic en el boton ingresar
2022-08-11 13:26:26,126 - root - INFO -  Ejecutar Enterprise
2022-08-11 13:26:26,127 - root - INFO -  Captura: C:\xampp\htdocs\versiones\automatizaciones\AutoPWST\07PV\report\img  screen：20220811_13_26_26.png
2022-08-11 13:26:30,363 - root - INFO -  Cambia entre pestañas
2022-08-11 13:27:02,137 - root - INFO -  Abre el menu completo
2022-08-11 13:27:17,071 - root - INFO -  Abre la pantalla de Politicas de Venta
2022-08-11 13:27:20,849 - root - INFO -  La pantalla ejecutada es Politicas de Venta
2022-08-11 13:27:23,866 - root - INFO -  Captura: C:\xampp\htdocs\versiones\automatizaciones\AutoPWST\07PV\report\img  screen：20220811_13_27_23.png
2022-08-11 13:27:24,089 - root - INFO -  Se presiona el boton 'Nuevo', para crear un nuevo registro.
2022-08-11 13:27:29,134 - root - INFO -  Se abrio la pantalla para el ingreso de un registro nuevo.
2022-08-11 13:27:29,175 - root - INFO -  El campo 'Codigo' si se encuentra visible.
2022-08-11 13:27:29,215 - root - INFO -  El campo 'Codigo Alternativo' si se encuentra visible.
2022-08-11 13:27:29,259 - root - INFO -  El campo 'Descrición' si se encuentra visible.
2022-08-11 13:27:29,297 - root - INFO -  El campo 'Fecha Desde' si se encuentra visible.
2022-08-11 13:27:29,340 - root - INFO -  El campo 'Fecha Hasta' si se encuentra visible.
2022-08-11 13:27:29,384 - root - INFO -  El campo 'Moneda' si se encuentra visible.
2022-08-11 13:27:29,425 - root - INFO -  El campo 'Aplicable en' si se encuentra visible.
2022-08-11 13:27:29,468 - root - INFO -  El campo 'Activa' si se encuentra visible.
2022-08-11 13:27:29,520 - root - INFO -  El campo 'Aplicación Global' si se encuentra visible.
2022-08-11 13:27:29,660 - root - INFO -  Ingresa el codigo del nuevo registro 
2022-08-11 13:27:32,825 - root - INFO -  Ingresa el codigo alternativo del nuevo registro 
2022-08-11 13:27:36,028 - root - INFO -  Ingresa la descripción del nuevo registro 
2022-08-11 13:27:47,693 - root - INFO -  Ingresa la Fecha hasta del nuevo registro 
2022-08-11 13:28:28,514 - root - INFO - Se hace el cambio de pestaña para continuar con el registro nuevo
2022-08-11 13:28:31,703 - root - INFO -  Se presiona el boton 'Nuevo', para crear un nuevo registro.
2022-08-11 13:28:36,796 - root - INFO -  El campo 'Artículo' si se encuentra visible.
2022-08-11 13:28:36,866 - root - INFO -  El campo 'Cantidad Mix Ideal(Packing)' si se encuentra visible.
2022-08-11 13:28:36,909 - root - INFO -  El campo 'Tope Descuento 1' si se encuentra visible.
2022-08-11 13:28:36,951 - root - INFO -  El campo 'Tope Descuento 2' si se encuentra visible.
2022-08-11 13:28:37,154 - root - INFO -  Ingresa el Articulo del nuevo registro 
2022-08-11 13:28:47,349 - root - INFO -  Ingresa la Cantidad de Mix Ideal del nuevo registro 
2022-08-11 13:28:50,464 - root - INFO -  Ingresa el Tope Descuento 1 del nuevo registro 
2022-08-11 13:28:53,631 - root - INFO -  Ingresa el Tope Descuento 2 del nuevo registro 
2022-08-11 13:28:56,632 - root - INFO -  Captura: C:\xampp\htdocs\versiones\automatizaciones\AutoPWST\07PV\report\img  screen：20220811_13_28_56.png
2022-08-11 13:28:56,917 - root - INFO -  Se presiona el boton 'Guardar', para guardar el registro.
2022-08-11 13:29:02,041 - root - INFO -  Se presiona el boton 'Nuevo', para crear un nuevo registro.
2022-08-11 13:29:07,328 - root - INFO -  Ingresa el Articulo del nuevo registro 
2022-08-11 13:29:17,522 - root - INFO -  Ingresa la Cantidad de Mix Ideal del nuevo registro 
2022-08-11 13:29:20,673 - root - INFO -  Ingresa el Tope Descuento 1 del nuevo registro 
2022-08-11 13:29:23,825 - root - INFO -  Ingresa el Tope Descuento 2 del nuevo registro 
2022-08-11 13:29:26,989 - root - INFO -  Se presiona el boton 'Guardar', para guardar el registro.
2022-08-11 13:29:32,171 - root - INFO -  Se presiona el boton 'Nuevo', para crear un nuevo registro.
2022-08-11 13:29:37,453 - root - INFO -  Ingresa el Articulo del nuevo registro 
2022-08-11 13:29:47,719 - root - INFO -  Ingresa la Cantidad de Mix Ideal del nuevo registro 
2022-08-11 13:29:50,850 - root - INFO -  Ingresa el Tope Descuento 1 del nuevo registro 
2022-08-11 13:29:53,971 - root - INFO -  Ingresa el Tope Descuento 2 del nuevo registro 
2022-08-11 13:29:57,064 - root - INFO -  Se presiona el boton 'Guardar', para guardar el registro.
2022-08-11 13:30:02,198 - root - INFO -  Se da clic en el boton Guardar; se debe crear un nuevo registro.
2022-08-11 13:30:07,349 - root - INFO -  Se presiona el boton 'Refrescar', para crear un nuevo registro igual al anterior.
2022-08-11 13:30:12,498 - root - INFO -  Se presiona el boton 'Nuevo', para crear un nuevo registro igual al anterior.
2022-08-11 13:30:17,548 - root - INFO -  Se abrio la pantalla para el ingreso de un registro nuevo.
2022-08-11 13:30:17,587 - root - INFO -  El campo 'Codigo' si se encuentra visible.
2022-08-11 13:30:17,630 - root - INFO -  El campo 'Codigo Alternativo' si se encuentra visible.
2022-08-11 13:30:17,674 - root - INFO -  El campo 'Descrición' si se encuentra visible.
2022-08-11 13:30:17,718 - root - INFO -  El campo 'Fecha Desde' si se encuentra visible.
2022-08-11 13:30:17,761 - root - INFO -  El campo 'Fecha Hasta' si se encuentra visible.
2022-08-11 13:30:17,806 - root - INFO -  El campo 'Moneda' si se encuentra visible.
2022-08-11 13:30:17,850 - root - INFO -  El campo 'Aplicable en' si se encuentra visible.
2022-08-11 13:30:17,915 - root - INFO -  El campo 'Activa' si se encuentra visible.
2022-08-11 13:30:17,963 - root - INFO -  El campo 'Aplicación Global' si se encuentra visible.
2022-08-11 13:30:18,097 - root - INFO -  Ingresa el codigo del nuevo registro 
2022-08-11 13:30:21,302 - root - INFO -  Ingresa el codigo alternativo del nuevo registro 
2022-08-11 13:30:24,549 - root - INFO -  Ingresa la descripción del nuevo registro 
2022-08-11 13:30:36,312 - root - INFO -  Ingresa la Fecha hasta del nuevo registro 
2022-08-11 13:31:17,332 - root - INFO -  Se da clic en el boton Guardar; se debe crear un nuevo registro.
2022-08-11 13:31:22,336 - root - INFO -  Captura: C:\xampp\htdocs\versiones\automatizaciones\AutoPWST\07PV\report\img  screen：20220811_13_31_22.png
2022-08-11 13:31:22,637 - root - INFO -  Se presiona el boton 'Cerrar', para cerrar el mensaje de duplicidad de llave primaria
2022-08-11 13:31:25,793 - root - INFO -  Se presiona el boton 'Cerrar', para cerrar la ventana
2022-08-11 13:31:29,935 - root - INFO -  Se presiona el boton 'Refrescar', para crear un nuevo registro igual al anterior.
2022-08-11 13:31:39,573 - root - INFO -  Se da clic en el registro creado, para proceder a modificarlo.
2022-08-11 13:31:44,771 - root - INFO -  Se modifica el contenido del campo Codigo Alternativo
2022-08-11 13:31:48,059 - root - INFO -  Se modifica el contenido del campo Descripcion
2022-08-11 13:31:59,835 - root - INFO -  Ingresa la Fecha hasta del nuevo registro 
2022-08-11 13:32:40,942 - root - INFO - Se hace el cambio de pestaña para continuar con el registro nuevo
2022-08-11 13:32:47,131 - root - ERROR - No se encontró el botón Refrescar, revise si el xpath sigue siendo el mismo, para mas detalles del error consulte el reporte
2022-08-11 13:32:50,142 - root - INFO -  Captura: C:\xampp\htdocs\versiones\automatizaciones\AutoPWST\07PV\report\img  screen：20220811_13_32_50.png
2022-08-11 13:57:44,967 - root - INFO -  Se abre el chrome
2022-08-11 13:57:47,746 - root - INFO -  Entra a la URL
2022-08-11 13:58:19,343 - root - INFO -  Se abre el chrome
2022-08-11 13:58:22,811 - root - INFO -  Entra a la URL
2022-08-11 13:58:22,938 - root - INFO -  Maximiza la pantalla
2022-08-11 13:58:25,992 - root - INFO -  Cambia al frame
2022-08-11 13:58:29,094 - root - INFO -  Escribe el usuario
2022-08-11 13:58:29,205 - root - INFO -  Escribe la contraseña
2022-08-11 13:58:29,350 - root - INFO -  Se dio clic en el boton ingresar
2022-08-11 13:58:32,385 - root - INFO -  Ejecutar Enterprise
2022-08-11 13:58:32,386 - root - INFO -  Captura: C:\xampp\htdocs\versiones\automatizaciones\AutoPWST\07PV\report\img  screen：20220811_13_58_32.png
2022-08-11 13:58:36,632 - root - INFO -  Cambia entre pestañas
2022-08-11 13:59:12,363 - root - INFO -  Abre el menu completo
2022-08-11 13:59:27,358 - root - INFO -  Abre la pantalla de Politicas de Venta
2022-08-11 13:59:27,460 - root - INFO -  La pantalla ejecutada es Politicas de Venta
2022-08-11 13:59:30,470 - root - INFO -  Captura: C:\xampp\htdocs\versiones\automatizaciones\AutoPWST\07PV\report\img  screen：20220811_13_59_30.png
2022-08-11 13:59:30,708 - root - INFO -  Se presiona el boton 'Nuevo', para crear un nuevo registro.
2022-08-11 13:59:35,798 - root - INFO -  Se abrio la pantalla para el ingreso de un registro nuevo.
2022-08-11 13:59:35,841 - root - INFO -  El campo 'Codigo' si se encuentra visible.
2022-08-11 13:59:35,880 - root - INFO -  El campo 'Codigo Alternativo' si se encuentra visible.
2022-08-11 13:59:35,921 - root - INFO -  El campo 'Descrición' si se encuentra visible.
2022-08-11 13:59:35,961 - root - INFO -  El campo 'Fecha Desde' si se encuentra visible.
2022-08-11 13:59:35,999 - root - INFO -  El campo 'Fecha Hasta' si se encuentra visible.
2022-08-11 13:59:36,041 - root - INFO -  El campo 'Moneda' si se encuentra visible.
2022-08-11 13:59:36,093 - root - INFO -  El campo 'Aplicable en' si se encuentra visible.
2022-08-11 13:59:36,134 - root - INFO -  El campo 'Activa' si se encuentra visible.
2022-08-11 13:59:36,173 - root - INFO -  El campo 'Aplicación Global' si se encuentra visible.
2022-08-11 13:59:36,282 - root - INFO -  Ingresa el codigo del nuevo registro 
2022-08-11 13:59:39,529 - root - INFO -  Ingresa el codigo alternativo del nuevo registro 
2022-08-11 13:59:42,761 - root - INFO -  Ingresa la descripción del nuevo registro 
2022-08-11 13:59:54,594 - root - INFO -  Ingresa la Fecha hasta del nuevo registro 
