2022-12-19 13:23:57,600 - root - INFO -  Se abre el chrome
2022-12-19 13:23:58,650 - root - INFO -  Entra a la URL
2022-12-19 13:23:58,782 - root - INFO -  Maximiza la pantalla
2022-12-19 13:24:01,986 - root - INFO -  Escribe el usuario
2022-12-19 13:24:02,102 - root - INFO -  Escribe la contraseña
2022-12-19 13:24:02,204 - root - INFO -  Se dio clic en el boton ingresar
2022-12-19 13:24:02,938 - root - INFO -  Ejecutar Enterprise
2022-12-19 13:24:06,988 - root - INFO -  Cambia entre pestañas
2022-12-19 13:24:11,045 - root - INFO -  Abre la pantalla de Politicas de Venta
2022-12-19 13:24:12,173 - root - INFO -  La pantalla ejecutada es Politicas de Venta
2022-12-19 13:24:12,175 - root - INFO -  Captura: C:\xampp\htdocs\Versiones\automatizaciones\AutoPWST\07PV\report\img  screen：20221219_13_24_12.png
2022-12-19 13:24:12,410 - root - INFO -  Se presiona el boton 'Nuevo', para crear un nuevo registro.
2022-12-19 13:24:13,051 - root - INFO -  Se abrio la pantalla para el ingreso de un registro nuevo.
2022-12-19 13:24:13,096 - root - INFO -  El campo 'Codigo' si se encuentra visible.
2022-12-19 13:24:13,211 - root - INFO -  El campo 'Codigo Alternativo' si se encuentra visible.
2022-12-19 13:24:13,255 - root - INFO -  El campo 'Descrición' si se encuentra visible.
2022-12-19 13:24:13,298 - root - INFO -  El campo 'Moneda' si se encuentra visible.
2022-12-19 13:24:13,341 - root - INFO -  El campo 'Aplicable en' si se encuentra visible.
2022-12-19 13:24:13,385 - root - INFO -  El campo 'Activa' si se encuentra visible.
2022-12-19 13:24:13,430 - root - INFO -  El campo 'Aplicación Global' si se encuentra visible.
2022-12-19 13:24:13,519 - root - INFO -  Ingresa el codigo del nuevo registro 
2022-12-19 13:24:13,633 - root - INFO -  Ingresa el codigo alternativo del nuevo registro 
2022-12-19 13:24:13,837 - root - INFO -  Ingresa la descripción del nuevo registro 
2022-12-19 13:24:14,908 - root - INFO -  Se dió doble click en el registro de Moneda.
2022-12-19 13:24:15,929 - root - INFO -  Se dió click en la opción BackOffice y Mobile.
2022-12-19 13:24:16,018 - root - INFO -  Se dió click en el checkbox Activa.
2022-12-19 13:24:16,114 - root - INFO -  Se dió click en el checkbox Aplicación Global.
2022-12-19 13:24:16,218 - root - INFO - Se hace el cambio a la pestaña Por Articulo para continuar con el registro nuevo
2022-12-19 13:24:16,825 - root - INFO -  Se presiona el boton 'Nuevo', para crear un nuevo registro de Por Articulo.
2022-12-19 13:24:17,398 - root - INFO -  El campo 'Artículo' si se encuentra visible.
2022-12-19 13:24:17,583 - root - INFO -  El campo 'Cantidad Mix Ideal(Packing)' si se encuentra visible.
2022-12-19 13:24:17,640 - root - INFO -  El campo 'Tope Descuento 1' si se encuentra visible.
2022-12-19 13:24:17,692 - root - INFO -  El campo 'Tope Descuento 2' si se encuentra visible.
2022-12-19 13:24:17,854 - root - INFO -  Ingresa el Articulo del nuevo registro 
2022-12-19 13:24:17,962 - root - INFO -  Ingresa la Cantidad de Mix Ideal del nuevo registro 
2022-12-19 13:24:18,117 - root - INFO -  Ingresa el Tope Descuento 1 del nuevo registro 
2022-12-19 13:24:18,439 - root - INFO -  Ingresa el Tope Descuento 2 del nuevo registro 
2022-12-19 13:24:18,440 - root - INFO -  Captura: C:\xampp\htdocs\Versiones\automatizaciones\AutoPWST\07PV\report\img  screen：20221219_13_24_18.png
2022-12-19 13:24:18,939 - root - INFO -  Se presiona el boton 'Guardar', para guardar el registro de Por Articulo.
2022-12-19 13:24:20,077 - root - ERROR - No se dió click en el botón Nuevo, validar que la acción anterior haya finalizado, que el xpath sea el correcto o que la página no presente lentitud
2022-12-19 13:24:20,078 - root - INFO -  Captura: C:\xampp\htdocs\Versiones\automatizaciones\AutoPWST\07PV\report\img  screen：20221219_13_24_20.png
2022-12-19 13:24:21,351 - root - ERROR - No se dió click en el botón Refrescar, validar que la acción anterior haya finalizado, que el xpath sea el correcto o que la página no presente lentitud
2022-12-19 13:24:21,352 - root - INFO -  Captura: C:\xampp\htdocs\Versiones\automatizaciones\AutoPWST\07PV\report\img  screen：20221219_13_24_21.png
2022-12-19 13:24:22,616 - root - ERROR - No se dió click en el botón Refrescar, validar que la acción anterior haya finalizado, que el xpath sea el correcto o que la página no presente lentitud
2022-12-19 13:24:22,620 - root - INFO -  Captura: C:\xampp\htdocs\Versiones\automatizaciones\AutoPWST\07PV\report\img  screen：20221219_13_24_22.png
2022-12-19 13:24:23,847 - root - ERROR - No se dió click en el botón Refrescar, validar que la acción anterior haya finalizado, que el xpath sea el correcto o que la página no presente lentitud
2022-12-19 13:24:23,849 - root - INFO -  Captura: C:\xampp\htdocs\Versiones\automatizaciones\AutoPWST\07PV\report\img  screen：20221219_13_24_23.png
2022-12-19 13:24:28,449 - root - INFO -  Se cierra chrome
2022-12-19 13:28:46,227 - root - INFO -  Se abre el chrome
2022-12-19 13:28:47,124 - root - INFO -  Entra a la URL
2022-12-19 13:28:47,243 - root - INFO -  Maximiza la pantalla
2022-12-19 13:28:50,354 - root - INFO -  Escribe el usuario
2022-12-19 13:28:50,478 - root - INFO -  Escribe la contraseña
2022-12-19 13:28:50,578 - root - INFO -  Se dio clic en el boton ingresar
2022-12-19 13:28:51,315 - root - INFO -  Ejecutar Enterprise
2022-12-19 13:28:55,374 - root - INFO -  Cambia entre pestañas
2022-12-19 13:29:02,650 - root - INFO -  Abre la pantalla de Politicas de Venta
2022-12-19 13:29:03,243 - root - INFO -  La pantalla ejecutada es Politicas de Venta
2022-12-19 13:29:03,244 - root - INFO -  Captura: C:\xampp\htdocs\Versiones\automatizaciones\AutoPWST\07PV\report\img  screen：20221219_13_29_03.png
2022-12-19 13:29:03,464 - root - INFO -  Se presiona el boton 'Nuevo', para crear un nuevo registro.
2022-12-19 13:29:06,507 - root - INFO -  Se abrio la pantalla para el ingreso de un registro nuevo.
2022-12-19 13:29:06,563 - root - INFO -  El campo 'Codigo' si se encuentra visible.
2022-12-19 13:29:06,609 - root - INFO -  El campo 'Codigo Alternativo' si se encuentra visible.
2022-12-19 13:29:06,650 - root - INFO -  El campo 'Descrición' si se encuentra visible.
2022-12-19 13:29:06,692 - root - INFO -  El campo 'Moneda' si se encuentra visible.
2022-12-19 13:29:06,735 - root - INFO -  El campo 'Aplicable en' si se encuentra visible.
2022-12-19 13:29:06,776 - root - INFO -  El campo 'Activa' si se encuentra visible.
2022-12-19 13:29:06,818 - root - INFO -  El campo 'Aplicación Global' si se encuentra visible.
2022-12-19 13:29:06,902 - root - INFO -  Ingresa el codigo del nuevo registro 
2022-12-19 13:29:07,015 - root - INFO -  Ingresa el codigo alternativo del nuevo registro 
2022-12-19 13:29:07,216 - root - INFO -  Ingresa la descripción del nuevo registro 
2022-12-19 13:29:08,217 - root - INFO -  Se dió doble click en el registro de Moneda.
2022-12-19 13:29:08,774 - root - INFO -  Se dió click en la opción BackOffice y Mobile.
2022-12-19 13:29:08,850 - root - INFO -  Se dió click en el checkbox Activa.
2022-12-19 13:29:08,930 - root - INFO -  Se dió click en el checkbox Aplicación Global.
2022-12-19 13:29:09,008 - root - INFO - Se hace el cambio a la pestaña Por Articulo para continuar con el registro nuevo
2022-12-19 13:29:09,643 - root - INFO -  Se presiona el boton 'Nuevo', para crear un nuevo registro de Por Articulo.
2022-12-19 13:29:10,337 - root - INFO -  El campo 'Artículo' si se encuentra visible.
2022-12-19 13:29:10,397 - root - INFO -  El campo 'Cantidad Mix Ideal(Packing)' si se encuentra visible.
2022-12-19 13:29:10,436 - root - INFO -  El campo 'Tope Descuento 1' si se encuentra visible.
2022-12-19 13:29:10,474 - root - INFO -  El campo 'Tope Descuento 2' si se encuentra visible.
2022-12-19 13:29:10,588 - root - INFO -  Ingresa el Articulo del nuevo registro 
2022-12-19 13:29:10,694 - root - INFO -  Ingresa la Cantidad de Mix Ideal del nuevo registro 
2022-12-19 13:29:10,830 - root - INFO -  Ingresa el Tope Descuento 1 del nuevo registro 
2022-12-19 13:29:10,967 - root - INFO -  Ingresa el Tope Descuento 2 del nuevo registro 
2022-12-19 13:29:10,968 - root - INFO -  Captura: C:\xampp\htdocs\Versiones\automatizaciones\AutoPWST\07PV\report\img  screen：20221219_13_29_10.png
2022-12-19 13:29:11,311 - root - INFO -  Se presiona el boton 'Guardar', para guardar el registro de Por Articulo.
2022-12-19 13:29:11,587 - root - INFO -  Se presiona el boton 'Nuevo', para crear otro nuevo registro de Por Articulo.
2022-12-19 13:29:12,350 - root - INFO -  Ingresa el Articulo del nuevo registro 
2022-12-19 13:29:12,448 - root - INFO -  Ingresa la Cantidad de Mix Ideal del nuevo registro 
2022-12-19 13:29:12,571 - root - INFO -  Ingresa el Tope Descuento 1 del nuevo registro 
2022-12-19 13:29:12,698 - root - INFO -  Ingresa el Tope Descuento 2 del nuevo registro 
2022-12-19 13:29:12,924 - root - INFO -  Se presiona el boton 'Guardar', para guardar el seguhdo registro de Por articulo.
2022-12-19 13:29:13,200 - root - INFO -  Se presiona el boton 'Nuevo', para crear otro nuevo registro de Por Articulo.
2022-12-19 13:29:13,965 - root - INFO -  Ingresa el Articulo del nuevo registro 
2022-12-19 13:29:14,066 - root - INFO -  Ingresa la Cantidad de Mix Ideal del nuevo registro 
2022-12-19 13:29:14,193 - root - INFO -  Ingresa el Tope Descuento 1 del nuevo registro 
2022-12-19 13:29:14,289 - root - INFO -  Ingresa el Tope Descuento 2 del nuevo registro 
2022-12-19 13:29:14,538 - root - INFO -  Se presiona el boton 'Guardar', para guardar el tercer registro de Por Articulo.
2022-12-19 13:29:14,763 - root - INFO -  Se da clic en el boton Guardar; se debe crear un nuevo registro.
2022-12-19 13:29:15,232 - root - INFO -  Se presiona el boton 'Refrescar', para crear un nuevo registro igual al anterior.
2022-12-19 13:29:17,349 - root - INFO -  Se presiona el boton 'Nuevo', para crear un nuevo registro igual al anterior.
2022-12-19 13:29:17,930 - root - INFO -  Se abrio la pantalla para el ingreso de un registro nuevo.
2022-12-19 13:29:18,043 - root - INFO -  Ingresa el codigo del nuevo registro 
2022-12-19 13:29:18,144 - root - INFO -  Ingresa el codigo alternativo del nuevo registro 
2022-12-19 13:29:18,319 - root - INFO -  Ingresa la descripción del nuevo registro 
2022-12-19 13:29:19,275 - root - INFO -  Se dió doble click en el registro de Moneda.
2022-12-19 13:29:19,855 - root - INFO -  Se dió click en la opción BackOffice y Mobile.
2022-12-19 13:29:19,935 - root - INFO -  Se dió click en el checkbox Activa.
2022-12-19 13:29:20,007 - root - INFO -  Se dió click en el checkbox Aplicación Global.
2022-12-19 13:29:20,088 - root - INFO -  Se da clic en el boton Guardar; NO se debe crear un nuevo registro.
2022-12-19 13:29:23,090 - root - INFO -  Captura: C:\xampp\htdocs\Versiones\automatizaciones\AutoPWST\07PV\report\img  screen：20221219_13_29_23.png
2022-12-19 13:29:23,355 - root - INFO -  Se presiona el boton 'Cerrar', para cerrar el mensaje de duplicidad de llave primaria
2022-12-19 13:29:23,488 - root - INFO -  Se presiona el boton 'Cerrar', para cerrar la ventana
2022-12-19 13:29:23,626 - root - INFO -  Se presiona el boton 'Refrescar', para proceder a modificar el registro.
2022-12-19 13:29:26,297 - root - INFO -  Se da clic en el registro creado, para proceder a modificarlo.
2022-12-19 13:29:27,004 - root - INFO -  Se modifica el contenido del campo Codigo Alternativo
2022-12-19 13:29:27,242 - root - INFO -  Se modifica el contenido del campo Descripcion
2022-12-19 13:29:27,327 - root - INFO -  Se dió click en el checkbox Aplicación Global.
2022-12-19 13:29:27,392 - root - INFO - Se hace el cambio a la pestaña Por Articulo para continuar con la modificación del registro
2022-12-19 13:29:28,595 - root - INFO -  Se da clic en el primer registro de Por Articulo , para proceder a modificarlo.
2022-12-19 13:29:29,343 - root - INFO -  Se modifica el contenido del campo Cantidad Mix Ideal 
2022-12-19 13:29:29,434 - root - INFO -  Se presiona el boton 'Guardar', para guardar la modificación del primer registro de Por Articulo.
2022-12-19 13:29:29,743 - root - ERROR - No se encontró el segundo registro de por Articlo, validar que la acción anterior haya finalizado, que el xpath sea el correcto o que la página no presente lentitud
2022-12-19 13:29:29,744 - root - INFO -  Captura: C:\xampp\htdocs\Versiones\automatizaciones\AutoPWST\07PV\report\img  screen：20221219_13_29_29.png
2022-12-19 13:29:30,958 - root - ERROR - No se dió click en el botón Refrescar, validar que la acción anterior haya finalizado, que el xpath sea el correcto o que la página no presente lentitud
2022-12-19 13:29:30,961 - root - INFO -  Captura: C:\xampp\htdocs\Versiones\automatizaciones\AutoPWST\07PV\report\img  screen：20221219_13_29_30.png
2022-12-19 13:29:35,628 - root - INFO -  Se cierra chrome
2022-12-19 13:33:50,173 - root - INFO -  Se abre el chrome
2022-12-19 13:33:51,139 - root - INFO -  Entra a la URL
2022-12-19 13:33:51,269 - root - INFO -  Maximiza la pantalla
2022-12-19 13:33:54,383 - root - INFO -  Escribe el usuario
2022-12-19 13:33:54,503 - root - INFO -  Escribe la contraseña
2022-12-19 13:33:54,602 - root - INFO -  Se dio clic en el boton ingresar
2022-12-19 13:33:55,364 - root - INFO -  Ejecutar Enterprise
2022-12-19 13:33:59,439 - root - INFO -  Cambia entre pestañas
2022-12-19 13:34:07,116 - root - INFO -  Abre la pantalla de Politicas de Venta
2022-12-19 13:34:08,183 - root - INFO -  La pantalla ejecutada es Politicas de Venta
2022-12-19 13:34:08,184 - root - INFO -  Captura: C:\xampp\htdocs\Versiones\automatizaciones\AutoPWST\07PV\report\img  screen：20221219_13_34_08.png
2022-12-19 13:34:08,404 - root - INFO -  Se presiona el boton 'Nuevo', para crear un nuevo registro.
2022-12-19 13:34:11,447 - root - INFO -  Se abrio la pantalla para el ingreso de un registro nuevo.
2022-12-19 13:34:11,493 - root - INFO -  El campo 'Codigo' si se encuentra visible.
2022-12-19 13:34:11,530 - root - INFO -  El campo 'Codigo Alternativo' si se encuentra visible.
2022-12-19 13:34:11,569 - root - INFO -  El campo 'Descrición' si se encuentra visible.
2022-12-19 13:34:11,608 - root - INFO -  El campo 'Moneda' si se encuentra visible.
2022-12-19 13:34:11,647 - root - INFO -  El campo 'Aplicable en' si se encuentra visible.
2022-12-19 13:34:11,687 - root - INFO -  El campo 'Activa' si se encuentra visible.
2022-12-19 13:34:11,729 - root - INFO -  El campo 'Aplicación Global' si se encuentra visible.
2022-12-19 13:34:11,802 - root - INFO -  Ingresa el codigo del nuevo registro 
2022-12-19 13:34:11,905 - root - INFO -  Ingresa el codigo alternativo del nuevo registro 
2022-12-19 13:34:12,068 - root - INFO -  Ingresa la descripción del nuevo registro 
2022-12-19 13:34:13,121 - root - INFO -  Se dió doble click en el registro de Moneda.
2022-12-19 13:34:13,666 - root - INFO -  Se dió click en la opción BackOffice y Mobile.
2022-12-19 13:34:13,748 - root - INFO -  Se dió click en el checkbox Activa.
2022-12-19 13:34:13,827 - root - INFO -  Se dió click en el checkbox Aplicación Global.
2022-12-19 13:34:13,910 - root - INFO - Se hace el cambio a la pestaña Por Articulo para continuar con el registro nuevo
2022-12-19 13:34:14,533 - root - INFO -  Se presiona el boton 'Nuevo', para crear un nuevo registro de Por Articulo.
2022-12-19 13:34:15,221 - root - INFO -  El campo 'Artículo' si se encuentra visible.
2022-12-19 13:34:15,262 - root - INFO -  El campo 'Cantidad Mix Ideal(Packing)' si se encuentra visible.
2022-12-19 13:34:15,304 - root - INFO -  El campo 'Tope Descuento 1' si se encuentra visible.
2022-12-19 13:34:15,343 - root - INFO -  El campo 'Tope Descuento 2' si se encuentra visible.
2022-12-19 13:34:15,469 - root - INFO -  Ingresa el Articulo del nuevo registro 
2022-12-19 13:34:15,583 - root - INFO -  Ingresa la Cantidad de Mix Ideal del nuevo registro 
2022-12-19 13:34:15,731 - root - INFO -  Ingresa el Tope Descuento 1 del nuevo registro 
2022-12-19 13:34:15,929 - root - INFO -  Ingresa el Tope Descuento 2 del nuevo registro 
2022-12-19 13:34:15,930 - root - INFO -  Captura: C:\xampp\htdocs\Versiones\automatizaciones\AutoPWST\07PV\report\img  screen：20221219_13_34_15.png
2022-12-19 13:34:16,220 - root - INFO -  Se presiona el boton 'Guardar', para guardar el registro de Por Articulo.
2022-12-19 13:34:16,564 - root - INFO -  Se presiona el boton 'Nuevo', para crear otro nuevo registro de Por Articulo.
2022-12-19 13:34:17,276 - root - INFO -  Ingresa el Articulo del nuevo registro 
2022-12-19 13:34:17,381 - root - INFO -  Ingresa la Cantidad de Mix Ideal del nuevo registro 
2022-12-19 13:34:17,507 - root - INFO -  Ingresa el Tope Descuento 1 del nuevo registro 
2022-12-19 13:34:17,633 - root - INFO -  Ingresa el Tope Descuento 2 del nuevo registro 
2022-12-19 13:34:17,903 - root - INFO -  Se presiona el boton 'Guardar', para guardar el seguhdo registro de Por articulo.
2022-12-19 13:34:18,171 - root - INFO -  Se presiona el boton 'Nuevo', para crear otro nuevo registro de Por Articulo.
2022-12-19 13:34:18,898 - root - INFO -  Ingresa el Articulo del nuevo registro 
2022-12-19 13:34:19,004 - root - INFO -  Ingresa la Cantidad de Mix Ideal del nuevo registro 
2022-12-19 13:34:19,129 - root - INFO -  Ingresa el Tope Descuento 1 del nuevo registro 
2022-12-19 13:34:19,259 - root - INFO -  Ingresa el Tope Descuento 2 del nuevo registro 
2022-12-19 13:34:19,450 - root - INFO -  Se presiona el boton 'Guardar', para guardar el tercer registro de Por Articulo.
2022-12-19 13:34:19,697 - root - INFO -  Se da clic en el boton Guardar; se debe crear un nuevo registro.
2022-12-19 13:34:20,838 - root - ERROR - No se dió click en el botón Refrescar, validar que la acción anterior haya finalizado, que el xpath sea el correcto o que la página no presente lentitud
2022-12-19 13:34:20,840 - root - INFO -  Captura: C:\xampp\htdocs\Versiones\automatizaciones\AutoPWST\07PV\report\img  screen：20221219_13_34_20.png
2022-12-19 13:34:22,105 - root - ERROR - No se dió click en el botón Refrescar, validar que la acción anterior haya finalizado, que el xpath sea el correcto o que la página no presente lentitud
2022-12-19 13:34:22,107 - root - INFO -  Captura: C:\xampp\htdocs\Versiones\automatizaciones\AutoPWST\07PV\report\img  screen：20221219_13_34_22.png
2022-12-19 13:34:23,356 - root - ERROR - No se dió click en el botón Refrescar, validar que la acción anterior haya finalizado, que el xpath sea el correcto o que la página no presente lentitud
2022-12-19 13:34:23,357 - root - INFO -  Captura: C:\xampp\htdocs\Versiones\automatizaciones\AutoPWST\07PV\report\img  screen：20221219_13_34_23.png
2022-12-19 13:34:27,996 - root - INFO -  Se cierra chrome
2022-12-19 13:35:19,366 - root - INFO -  Se abre el chrome
2022-12-19 13:35:20,260 - root - INFO -  Entra a la URL
2022-12-19 13:35:20,386 - root - INFO -  Maximiza la pantalla
2022-12-19 13:35:23,498 - root - INFO -  Escribe el usuario
2022-12-19 13:35:23,616 - root - INFO -  Escribe la contraseña
2022-12-19 13:35:23,719 - root - INFO -  Se dio clic en el boton ingresar
2022-12-19 13:35:24,478 - root - INFO -  Ejecutar Enterprise
2022-12-19 13:35:28,534 - root - INFO -  Cambia entre pestañas
2022-12-19 13:35:35,833 - root - INFO -  Abre la pantalla de Politicas de Venta
2022-12-19 13:35:36,434 - root - INFO -  La pantalla ejecutada es Politicas de Venta
2022-12-19 13:35:36,435 - root - INFO -  Captura: C:\xampp\htdocs\Versiones\automatizaciones\AutoPWST\07PV\report\img  screen：20221219_13_35_36.png
2022-12-19 13:35:36,669 - root - INFO -  Se presiona el boton 'Nuevo', para crear un nuevo registro.
2022-12-19 13:35:39,717 - root - INFO -  Se abrio la pantalla para el ingreso de un registro nuevo.
2022-12-19 13:35:39,757 - root - INFO -  El campo 'Codigo' si se encuentra visible.
2022-12-19 13:35:39,802 - root - INFO -  El campo 'Codigo Alternativo' si se encuentra visible.
2022-12-19 13:35:39,847 - root - INFO -  El campo 'Descrición' si se encuentra visible.
2022-12-19 13:35:39,888 - root - INFO -  El campo 'Moneda' si se encuentra visible.
2022-12-19 13:35:39,930 - root - INFO -  El campo 'Aplicable en' si se encuentra visible.
2022-12-19 13:35:39,969 - root - INFO -  El campo 'Activa' si se encuentra visible.
2022-12-19 13:35:40,011 - root - INFO -  El campo 'Aplicación Global' si se encuentra visible.
2022-12-19 13:35:40,091 - root - INFO -  Ingresa el codigo del nuevo registro 
2022-12-19 13:35:40,203 - root - INFO -  Ingresa el codigo alternativo del nuevo registro 
2022-12-19 13:35:40,412 - root - INFO -  Ingresa la descripción del nuevo registro 
2022-12-19 13:35:41,449 - root - INFO -  Se dió doble click en el registro de Moneda.
2022-12-19 13:35:42,042 - root - INFO -  Se dió click en la opción BackOffice y Mobile.
2022-12-19 13:35:42,132 - root - INFO -  Se dió click en el checkbox Activa.
2022-12-19 13:35:42,209 - root - INFO -  Se dió click en el checkbox Aplicación Global.
2022-12-19 13:35:42,287 - root - INFO - Se hace el cambio a la pestaña Por Articulo para continuar con el registro nuevo
2022-12-19 13:35:42,934 - root - INFO -  Se presiona el boton 'Nuevo', para crear un nuevo registro de Por Articulo.
2022-12-19 13:35:43,524 - root - INFO -  El campo 'Artículo' si se encuentra visible.
2022-12-19 13:35:43,642 - root - INFO -  El campo 'Cantidad Mix Ideal(Packing)' si se encuentra visible.
2022-12-19 13:35:43,685 - root - INFO -  El campo 'Tope Descuento 1' si se encuentra visible.
2022-12-19 13:35:43,724 - root - INFO -  El campo 'Tope Descuento 2' si se encuentra visible.
2022-12-19 13:35:43,844 - root - INFO -  Ingresa el Articulo del nuevo registro 
2022-12-19 13:35:43,951 - root - INFO -  Ingresa la Cantidad de Mix Ideal del nuevo registro 
2022-12-19 13:35:44,097 - root - INFO -  Ingresa el Tope Descuento 1 del nuevo registro 
2022-12-19 13:35:44,238 - root - INFO -  Ingresa el Tope Descuento 2 del nuevo registro 
2022-12-19 13:35:44,240 - root - INFO -  Captura: C:\xampp\htdocs\Versiones\automatizaciones\AutoPWST\07PV\report\img  screen：20221219_13_35_44.png
2022-12-19 13:35:44,639 - root - INFO -  Se presiona el boton 'Guardar', para guardar el registro de Por Articulo.
2022-12-19 13:35:44,923 - root - INFO -  Se presiona el boton 'Nuevo', para crear otro nuevo registro de Por Articulo.
2022-12-19 13:35:45,678 - root - INFO -  Ingresa el Articulo del nuevo registro 
2022-12-19 13:35:45,783 - root - INFO -  Ingresa la Cantidad de Mix Ideal del nuevo registro 
2022-12-19 13:35:45,899 - root - INFO -  Ingresa el Tope Descuento 1 del nuevo registro 
2022-12-19 13:35:46,027 - root - INFO -  Ingresa el Tope Descuento 2 del nuevo registro 
2022-12-19 13:35:46,262 - root - INFO -  Se presiona el boton 'Guardar', para guardar el seguhdo registro de Por articulo.
2022-12-19 13:35:46,486 - root - INFO -  Se presiona el boton 'Nuevo', para crear otro nuevo registro de Por Articulo.
2022-12-19 13:35:47,271 - root - INFO -  Ingresa el Articulo del nuevo registro 
2022-12-19 13:35:47,376 - root - INFO -  Ingresa la Cantidad de Mix Ideal del nuevo registro 
2022-12-19 13:35:47,513 - root - INFO -  Ingresa el Tope Descuento 1 del nuevo registro 
2022-12-19 13:35:47,641 - root - INFO -  Ingresa el Tope Descuento 2 del nuevo registro 
2022-12-19 13:35:47,903 - root - INFO -  Se presiona el boton 'Guardar', para guardar el tercer registro de Por Articulo.
2022-12-19 13:35:48,333 - root - INFO -  Se da clic en el boton Guardar; se debe crear un nuevo registro.
2022-12-19 13:35:48,863 - root - INFO -  Se presiona el boton 'Refrescar', para crear un nuevo registro igual al anterior.
2022-12-19 13:35:50,940 - root - INFO -  Se presiona el boton 'Nuevo', para crear un nuevo registro igual al anterior.
2022-12-19 13:35:51,486 - root - INFO -  Se abrio la pantalla para el ingreso de un registro nuevo.
2022-12-19 13:35:51,602 - root - INFO -  Ingresa el codigo del nuevo registro 
2022-12-19 13:35:51,749 - root - INFO -  Ingresa el codigo alternativo del nuevo registro 
2022-12-19 13:35:51,919 - root - INFO -  Ingresa la descripción del nuevo registro 
2022-12-19 13:35:52,894 - root - INFO -  Se dió doble click en el registro de Moneda.
2022-12-19 13:35:53,428 - root - INFO -  Se dió click en la opción BackOffice y Mobile.
2022-12-19 13:35:53,540 - root - INFO -  Se dió click en el checkbox Activa.
2022-12-19 13:35:53,614 - root - INFO -  Se dió click en el checkbox Aplicación Global.
2022-12-19 13:35:53,699 - root - INFO -  Se da clic en el boton Guardar; NO se debe crear un nuevo registro.
2022-12-19 13:35:56,700 - root - INFO -  Captura: C:\xampp\htdocs\Versiones\automatizaciones\AutoPWST\07PV\report\img  screen：20221219_13_35_56.png
2022-12-19 13:35:56,994 - root - INFO -  Se presiona el boton 'Cerrar', para cerrar el mensaje de duplicidad de llave primaria
2022-12-19 13:35:57,145 - root - INFO -  Se presiona el boton 'Cerrar', para cerrar la ventana
2022-12-19 13:35:57,298 - root - INFO -  Se presiona el boton 'Refrescar', para proceder a modificar el registro.
2022-12-19 13:35:59,978 - root - INFO -  Se da clic en el registro creado, para proceder a modificarlo.
2022-12-19 13:36:00,787 - root - INFO -  Se modifica el contenido del campo Codigo Alternativo
2022-12-19 13:36:01,023 - root - INFO -  Se modifica el contenido del campo Descripcion
2022-12-19 13:36:01,109 - root - INFO -  Se dió click en el checkbox Aplicación Global.
2022-12-19 13:36:01,190 - root - INFO - Se hace el cambio a la pestaña Por Articulo para continuar con la modificación del registro
2022-12-19 13:36:02,400 - root - INFO -  Se da clic en el primer registro de Por Articulo , para proceder a modificarlo.
2022-12-19 13:36:03,194 - root - INFO -  Se modifica el contenido del campo Cantidad Mix Ideal 
2022-12-19 13:36:03,286 - root - INFO -  Se presiona el boton 'Guardar', para guardar la modificación del primer registro de Por Articulo.
2022-12-19 13:36:05,956 - root - INFO -  Se da clic en el segundo registro de Por Articulo , para proceder a modificarlo.
2022-12-19 13:36:06,708 - root - INFO -  Se modifica el contenido del campo Cantidad de Mix Ideal 
2022-12-19 13:36:06,798 - root - INFO -  Se presiona el boton 'Guardar', para guardar la modificación del segundo registro de Por Articulo.
2022-12-19 13:36:09,459 - root - INFO -  Se da clic en el tercer registro Por Articulo, para proceder a modificarlo.
2022-12-19 13:36:10,203 - root - INFO -  Se modifica el contenido del campo Cantidad Mix Ideal 
2022-12-19 13:36:10,288 - root - INFO -  Se presiona el boton 'Guardar', para guardar la modificación del tercer registro de Por Articulo.
2022-12-19 13:36:12,494 - root - INFO -  Se da clic en el boton Guardar; se debe modificar la informacion del registro.
2022-12-19 13:36:15,593 - root - INFO -  Se presiona el boton 'Refrescar', para proceder a eliminar el registro.
2022-12-19 13:36:18,254 - root - INFO -  Se da clic en el registro creado, para proceder a eliminarlo.
2022-12-19 13:36:18,877 - root - INFO - Se hace el cambio a la pestaña Por Articulo para continuar con la eliminación de Por Articulo
2022-12-19 13:36:19,999 - root - INFO -  Se da clic en el primer registro de Por Articulo, para proceder a eliminarlo.
2022-12-19 13:36:20,092 - root - INFO -  Se presiona el boton 'Eliminar', para eliminar el primer registro de Por Articulo.
2022-12-19 13:36:20,407 - root - ERROR - No se encontró el segundo registro de Por Articulo, validar que la acción anterior haya finalizado, que el xpath sea el correcto o que la página no presente lentitud
2022-12-19 13:36:20,410 - root - INFO -  Captura: C:\xampp\htdocs\Versiones\automatizaciones\AutoPWST\07PV\report\img  screen：20221219_13_36_20.png
2022-12-19 13:36:24,970 - root - INFO -  Se cierra chrome
2022-12-19 13:38:25,649 - root - INFO -  Se abre el chrome
2022-12-19 13:38:26,618 - root - INFO -  Entra a la URL
2022-12-19 13:38:26,751 - root - INFO -  Maximiza la pantalla
2022-12-19 13:38:29,858 - root - INFO -  Escribe el usuario
2022-12-19 13:38:29,984 - root - INFO -  Escribe la contraseña
2022-12-19 13:38:30,084 - root - INFO -  Se dio clic en el boton ingresar
2022-12-19 13:38:30,854 - root - INFO -  Ejecutar Enterprise
2022-12-19 13:38:34,902 - root - INFO -  Cambia entre pestañas
2022-12-19 13:38:42,214 - root - INFO -  Abre la pantalla de Politicas de Venta
2022-12-19 13:38:42,872 - root - INFO -  La pantalla ejecutada es Politicas de Venta
2022-12-19 13:38:42,872 - root - INFO -  Captura: C:\xampp\htdocs\Versiones\automatizaciones\AutoPWST\07PV\report\img  screen：20221219_13_38_42.png
2022-12-19 13:38:43,116 - root - INFO -  Se presiona el boton 'Nuevo', para crear un nuevo registro.
2022-12-19 13:38:46,159 - root - INFO -  Se abrio la pantalla para el ingreso de un registro nuevo.
2022-12-19 13:38:46,204 - root - INFO -  El campo 'Codigo' si se encuentra visible.
2022-12-19 13:38:46,248 - root - INFO -  El campo 'Codigo Alternativo' si se encuentra visible.
2022-12-19 13:38:46,291 - root - INFO -  El campo 'Descrición' si se encuentra visible.
2022-12-19 13:38:46,333 - root - INFO -  El campo 'Moneda' si se encuentra visible.
2022-12-19 13:38:46,375 - root - INFO -  El campo 'Aplicable en' si se encuentra visible.
2022-12-19 13:38:46,423 - root - INFO -  El campo 'Activa' si se encuentra visible.
2022-12-19 13:38:46,463 - root - INFO -  El campo 'Aplicación Global' si se encuentra visible.
2022-12-19 13:38:46,541 - root - INFO -  Ingresa el codigo del nuevo registro 
2022-12-19 13:38:46,650 - root - INFO -  Ingresa el codigo alternativo del nuevo registro 
2022-12-19 13:38:46,876 - root - INFO -  Ingresa la descripción del nuevo registro 
2022-12-19 13:38:47,855 - root - INFO -  Se dió doble click en el registro de Moneda.
2022-12-19 13:38:48,471 - root - INFO -  Se dió click en la opción BackOffice y Mobile.
2022-12-19 13:38:48,562 - root - INFO -  Se dió click en el checkbox Activa.
2022-12-19 13:38:48,641 - root - INFO -  Se dió click en el checkbox Aplicación Global.
2022-12-19 13:38:48,721 - root - INFO - Se hace el cambio a la pestaña Por Articulo para continuar con el registro nuevo
2022-12-19 13:38:49,349 - root - INFO -  Se presiona el boton 'Nuevo', para crear un nuevo registro de Por Articulo.
2022-12-19 13:38:49,918 - root - INFO -  El campo 'Artículo' si se encuentra visible.
2022-12-19 13:38:50,028 - root - INFO -  El campo 'Cantidad Mix Ideal(Packing)' si se encuentra visible.
2022-12-19 13:38:50,066 - root - INFO -  El campo 'Tope Descuento 1' si se encuentra visible.
2022-12-19 13:38:50,106 - root - INFO -  El campo 'Tope Descuento 2' si se encuentra visible.
2022-12-19 13:38:50,227 - root - INFO -  Ingresa el Articulo del nuevo registro 
2022-12-19 13:38:50,334 - root - INFO -  Ingresa la Cantidad de Mix Ideal del nuevo registro 
2022-12-19 13:38:50,459 - root - INFO -  Ingresa el Tope Descuento 1 del nuevo registro 
2022-12-19 13:38:50,611 - root - INFO -  Ingresa el Tope Descuento 2 del nuevo registro 
2022-12-19 13:38:50,613 - root - INFO -  Captura: C:\xampp\htdocs\Versiones\automatizaciones\AutoPWST\07PV\report\img  screen：20221219_13_38_50.png
2022-12-19 13:38:50,971 - root - INFO -  Se presiona el boton 'Guardar', para guardar el registro de Por Articulo.
2022-12-19 13:38:51,210 - root - INFO -  Se presiona el boton 'Nuevo', para crear otro nuevo registro de Por Articulo.
2022-12-19 13:38:51,959 - root - INFO -  Ingresa el Articulo del nuevo registro 
2022-12-19 13:38:52,053 - root - INFO -  Ingresa la Cantidad de Mix Ideal del nuevo registro 
2022-12-19 13:38:52,188 - root - INFO -  Ingresa el Tope Descuento 1 del nuevo registro 
2022-12-19 13:38:52,325 - root - INFO -  Ingresa el Tope Descuento 2 del nuevo registro 
2022-12-19 13:38:52,539 - root - INFO -  Se presiona el boton 'Guardar', para guardar el seguhdo registro de Por articulo.
2022-12-19 13:38:52,777 - root - INFO -  Se presiona el boton 'Nuevo', para crear otro nuevo registro de Por Articulo.
2022-12-19 13:38:53,495 - root - INFO -  Ingresa el Articulo del nuevo registro 
2022-12-19 13:38:53,605 - root - INFO -  Ingresa la Cantidad de Mix Ideal del nuevo registro 
2022-12-19 13:38:53,729 - root - INFO -  Ingresa el Tope Descuento 1 del nuevo registro 
2022-12-19 13:38:53,932 - root - INFO -  Ingresa el Tope Descuento 2 del nuevo registro 
2022-12-19 13:38:54,057 - root - INFO -  Se presiona el boton 'Guardar', para guardar el tercer registro de Por Articulo.
2022-12-19 13:38:54,335 - root - INFO -  Se da clic en el boton Guardar; se debe crear un nuevo registro.
2022-12-19 13:38:55,442 - root - ERROR - No se dió click en el botón Refrescar, validar que la acción anterior haya finalizado, que el xpath sea el correcto o que la página no presente lentitud
2022-12-19 13:38:55,444 - root - INFO -  Captura: C:\xampp\htdocs\Versiones\automatizaciones\AutoPWST\07PV\report\img  screen：20221219_13_38_55.png
2022-12-19 13:38:56,707 - root - ERROR - No se dió click en el botón Refrescar, validar que la acción anterior haya finalizado, que el xpath sea el correcto o que la página no presente lentitud
2022-12-19 13:38:56,709 - root - INFO -  Captura: C:\xampp\htdocs\Versiones\automatizaciones\AutoPWST\07PV\report\img  screen：20221219_13_38_56.png
2022-12-19 13:38:57,954 - root - ERROR - No se dió click en el botón Refrescar, validar que la acción anterior haya finalizado, que el xpath sea el correcto o que la página no presente lentitud
2022-12-19 13:38:57,956 - root - INFO -  Captura: C:\xampp\htdocs\Versiones\automatizaciones\AutoPWST\07PV\report\img  screen：20221219_13_38_57.png
2022-12-19 13:39:02,514 - root - INFO -  Se cierra chrome
2022-12-19 13:40:41,807 - root - INFO -  Se abre el chrome
2022-12-19 13:40:42,783 - root - INFO -  Entra a la URL
2022-12-19 13:40:42,915 - root - INFO -  Maximiza la pantalla
2022-12-19 13:40:46,020 - root - INFO -  Escribe el usuario
2022-12-19 13:40:46,138 - root - INFO -  Escribe la contraseña
2022-12-19 13:40:46,232 - root - INFO -  Se dio clic en el boton ingresar
2022-12-19 13:40:46,964 - root - INFO -  Ejecutar Enterprise
2022-12-19 13:40:51,014 - root - INFO -  Cambia entre pestañas
2022-12-19 13:40:58,485 - root - INFO -  Abre la pantalla de Politicas de Venta
2022-12-19 13:40:59,560 - root - INFO -  La pantalla ejecutada es Politicas de Venta
2022-12-19 13:40:59,561 - root - INFO -  Captura: C:\xampp\htdocs\Versiones\automatizaciones\AutoPWST\07PV\report\img  screen：20221219_13_40_59.png
2022-12-19 13:40:59,789 - root - INFO -  Se presiona el boton 'Nuevo', para crear un nuevo registro.
2022-12-19 13:41:02,832 - root - INFO -  Se abrio la pantalla para el ingreso de un registro nuevo.
2022-12-19 13:41:02,874 - root - INFO -  El campo 'Codigo' si se encuentra visible.
2022-12-19 13:41:02,916 - root - INFO -  El campo 'Codigo Alternativo' si se encuentra visible.
2022-12-19 13:41:02,955 - root - INFO -  El campo 'Descrición' si se encuentra visible.
2022-12-19 13:41:02,999 - root - INFO -  El campo 'Moneda' si se encuentra visible.
2022-12-19 13:41:03,044 - root - INFO -  El campo 'Aplicable en' si se encuentra visible.
2022-12-19 13:41:03,081 - root - INFO -  El campo 'Activa' si se encuentra visible.
2022-12-19 13:41:03,122 - root - INFO -  El campo 'Aplicación Global' si se encuentra visible.
2022-12-19 13:41:03,195 - root - INFO -  Ingresa el codigo del nuevo registro 
2022-12-19 13:41:03,298 - root - INFO -  Ingresa el codigo alternativo del nuevo registro 
2022-12-19 13:41:03,465 - root - INFO -  Ingresa la descripción del nuevo registro 
2022-12-19 13:41:04,506 - root - INFO -  Se dió doble click en el registro de Moneda.
2022-12-19 13:41:05,049 - root - INFO -  Se dió click en la opción BackOffice y Mobile.
2022-12-19 13:41:05,148 - root - INFO -  Se dió click en el checkbox Activa.
2022-12-19 13:41:05,232 - root - INFO -  Se dió click en el checkbox Aplicación Global.
2022-12-19 13:41:05,311 - root - INFO - Se hace el cambio a la pestaña Por Articulo para continuar con el registro nuevo
2022-12-19 13:41:05,910 - root - INFO -  Se presiona el boton 'Nuevo', para crear un nuevo registro de Por Articulo.
2022-12-19 13:41:06,497 - root - INFO -  El campo 'Artículo' si se encuentra visible.
2022-12-19 13:41:06,556 - root - INFO -  El campo 'Cantidad Mix Ideal(Packing)' si se encuentra visible.
2022-12-19 13:41:06,667 - root - INFO -  El campo 'Tope Descuento 1' si se encuentra visible.
2022-12-19 13:41:06,707 - root - INFO -  El campo 'Tope Descuento 2' si se encuentra visible.
2022-12-19 13:41:06,826 - root - INFO -  Ingresa el Articulo del nuevo registro 
2022-12-19 13:41:06,929 - root - INFO -  Ingresa la Cantidad de Mix Ideal del nuevo registro 
2022-12-19 13:41:07,061 - root - INFO -  Ingresa el Tope Descuento 1 del nuevo registro 
2022-12-19 13:41:07,188 - root - INFO -  Ingresa el Tope Descuento 2 del nuevo registro 
2022-12-19 13:41:07,191 - root - INFO -  Captura: C:\xampp\htdocs\Versiones\automatizaciones\AutoPWST\07PV\report\img  screen：20221219_13_41_07.png
2022-12-19 13:41:07,540 - root - INFO -  Se presiona el boton 'Guardar', para guardar el registro de Por Articulo.
2022-12-19 13:41:07,783 - root - INFO -  Se presiona el boton 'Nuevo', para crear otro nuevo registro de Por Articulo.
2022-12-19 13:41:08,492 - root - INFO -  Ingresa el Articulo del nuevo registro 
2022-12-19 13:41:08,659 - root - INFO -  Ingresa la Cantidad de Mix Ideal del nuevo registro 
2022-12-19 13:41:08,818 - root - INFO -  Ingresa el Tope Descuento 1 del nuevo registro 
2022-12-19 13:41:09,050 - root - INFO -  Ingresa el Tope Descuento 2 del nuevo registro 
2022-12-19 13:41:09,138 - root - INFO -  Se presiona el boton 'Guardar', para guardar el seguhdo registro de Por articulo.
2022-12-19 13:41:09,383 - root - INFO -  Se presiona el boton 'Nuevo', para crear otro nuevo registro de Por Articulo.
2022-12-19 13:41:10,097 - root - INFO -  Ingresa el Articulo del nuevo registro 
2022-12-19 13:41:10,265 - root - INFO -  Ingresa la Cantidad de Mix Ideal del nuevo registro 
2022-12-19 13:41:10,416 - root - INFO -  Ingresa el Tope Descuento 1 del nuevo registro 
2022-12-19 13:41:10,601 - root - INFO -  Ingresa el Tope Descuento 2 del nuevo registro 
2022-12-19 13:41:10,688 - root - INFO -  Se presiona el boton 'Guardar', para guardar el tercer registro de Por Articulo.
2022-12-19 13:41:10,913 - root - INFO -  Se da clic en el boton Guardar; se debe crear un nuevo registro.
2022-12-19 13:41:11,342 - root - INFO -  Se presiona el boton 'Refrescar', para crear un nuevo registro igual al anterior.
2022-12-19 13:41:13,449 - root - INFO -  Se presiona el boton 'Nuevo', para crear un nuevo registro igual al anterior.
2022-12-19 13:41:14,004 - root - INFO -  Se abrio la pantalla para el ingreso de un registro nuevo.
2022-12-19 13:41:14,112 - root - INFO -  Ingresa el codigo del nuevo registro 
2022-12-19 13:41:14,262 - root - INFO -  Ingresa el codigo alternativo del nuevo registro 
2022-12-19 13:41:14,437 - root - INFO -  Ingresa la descripción del nuevo registro 
2022-12-19 13:41:15,476 - root - INFO -  Se dió doble click en el registro de Moneda.
2022-12-19 13:41:16,048 - root - INFO -  Se dió click en la opción BackOffice y Mobile.
2022-12-19 13:41:16,160 - root - INFO -  Se dió click en el checkbox Activa.
2022-12-19 13:41:16,240 - root - INFO -  Se dió click en el checkbox Aplicación Global.
2022-12-19 13:41:16,322 - root - INFO -  Se da clic en el boton Guardar; NO se debe crear un nuevo registro.
2022-12-19 13:41:19,324 - root - INFO -  Captura: C:\xampp\htdocs\Versiones\automatizaciones\AutoPWST\07PV\report\img  screen：20221219_13_41_19.png
2022-12-19 13:41:19,600 - root - INFO -  Se presiona el boton 'Cerrar', para cerrar el mensaje de duplicidad de llave primaria
2022-12-19 13:41:19,712 - root - INFO -  Se presiona el boton 'Cerrar', para cerrar la ventana
2022-12-19 13:41:19,849 - root - INFO -  Se presiona el boton 'Refrescar', para proceder a modificar el registro.
2022-12-19 13:41:22,468 - root - INFO -  Se da clic en el registro creado, para proceder a modificarlo.
2022-12-19 13:41:23,220 - root - INFO -  Se modifica el contenido del campo Codigo Alternativo
2022-12-19 13:41:23,487 - root - INFO -  Se modifica el contenido del campo Descripcion
2022-12-19 13:41:23,559 - root - INFO -  Se dió click en el checkbox Aplicación Global.
2022-12-19 13:41:23,635 - root - INFO - Se hace el cambio a la pestaña Por Articulo para continuar con la modificación del registro
2022-12-19 13:41:24,808 - root - INFO -  Se da clic en el primer registro de Por Articulo , para proceder a modificarlo.
2022-12-19 13:41:25,591 - root - INFO -  Se modifica el contenido del campo Cantidad Mix Ideal 
2022-12-19 13:41:25,692 - root - INFO -  Se presiona el boton 'Guardar', para guardar la modificación del primer registro de Por Articulo.
2022-12-19 13:41:28,364 - root - INFO -  Se da clic en el segundo registro de Por Articulo , para proceder a modificarlo.
2022-12-19 13:41:29,106 - root - INFO -  Se modifica el contenido del campo Cantidad de Mix Ideal 
2022-12-19 13:41:29,197 - root - INFO -  Se presiona el boton 'Guardar', para guardar la modificación del segundo registro de Por Articulo.
2022-12-19 13:41:31,874 - root - INFO -  Se da clic en el tercer registro Por Articulo, para proceder a modificarlo.
2022-12-19 13:41:32,629 - root - INFO -  Se modifica el contenido del campo Cantidad Mix Ideal 
2022-12-19 13:41:32,716 - root - INFO -  Se presiona el boton 'Guardar', para guardar la modificación del tercer registro de Por Articulo.
2022-12-19 13:41:34,824 - root - INFO -  Se da clic en el boton Guardar; se debe modificar la informacion del registro.
2022-12-19 13:41:37,934 - root - INFO -  Se presiona el boton 'Refrescar', para proceder a eliminar el registro.
2022-12-19 13:41:40,598 - root - INFO -  Se da clic en el registro creado, para proceder a eliminarlo.
2022-12-19 13:41:41,199 - root - INFO - Se hace el cambio a la pestaña Por Articulo para continuar con la eliminación de Por Articulo
2022-12-19 13:41:42,328 - root - INFO -  Se da clic en el primer registro de Por Articulo, para proceder a eliminarlo.
2022-12-19 13:41:42,438 - root - INFO -  Se presiona el boton 'Eliminar', para eliminar el primer registro de Por Articulo.
2022-12-19 13:41:45,026 - root - INFO -  Se da clic en el segundo registro de Por Articulo, para proceder a eliminarlo.
2022-12-19 13:41:45,156 - root - INFO -  Se presiona el boton 'Eliminar', para eliminar el segundo registro de Por Articulo.
2022-12-19 13:41:47,762 - root - INFO -  Se da clic en el tercer registro de por Articulo, para proceder a eliminarlo.
2022-12-19 13:41:47,866 - root - INFO -  Se presiona el boton 'Eliminar', para eliminar el tercer registro de Por Articulo.
2022-12-19 13:41:49,986 - root - INFO -  Se da clic en el boton Guardar; se debe modificar la informacion del registro.
2022-12-19 13:41:50,575 - root - INFO -  Se da clic en el registro creado, para proceder a eliminarlo.
2022-12-19 13:41:50,687 - root - INFO -  Se presiona el boton 'Eliminar', para eliminar el registro.
2022-12-19 13:41:55,690 - root - INFO -  Captura: C:\xampp\htdocs\Versiones\automatizaciones\AutoPWST\07PV\report\img  screen：20221219_13_41_55.png
2022-12-19 13:41:55,901 - root - INFO -  Se confirma el eliminado del registro
2022-12-19 13:41:56,144 - root - INFO -  Se presiona el boton 'Refrescar', para verificar si el registro ha sido eliminado.
2022-12-19 13:41:58,250 - root - INFO -  Se presiona el boton 'Cerrar', para cerrar la pantalla de Politicas de Venta.
2022-12-19 13:42:02,683 - root - INFO -  Se cierra chrome
2022-12-19 13:53:46,889 - root - INFO -  Se abre el chrome
2022-12-19 13:53:47,788 - root - INFO -  Entra a la URL
2022-12-19 13:53:47,920 - root - INFO -  Maximiza la pantalla
2022-12-19 13:53:51,044 - root - INFO -  Escribe el usuario
2022-12-19 13:53:51,168 - root - INFO -  Escribe la contraseña
2022-12-19 13:53:51,272 - root - INFO -  Se dio clic en el boton ingresar
2022-12-19 13:53:52,036 - root - INFO -  Ejecutar Enterprise
2022-12-19 13:53:56,095 - root - INFO -  Cambia entre pestañas
2022-12-19 13:54:04,295 - root - INFO -  Abre la pantalla de Politicas de Venta
2022-12-19 13:54:05,381 - root - INFO -  La pantalla ejecutada es Politicas de Venta
2022-12-19 13:54:05,383 - root - INFO -  Captura: C:\xampp\htdocs\Versiones\automatizaciones\AutoPWST\07PV\report\img  screen：20221219_13_54_05.png
2022-12-19 13:54:05,621 - root - INFO -  Se presiona el boton 'Nuevo', para crear un nuevo registro.
2022-12-19 13:54:08,721 - root - INFO -  Se abrio la pantalla para el ingreso de un registro nuevo.
2022-12-19 13:54:08,763 - root - INFO -  El campo 'Codigo' si se encuentra visible.
2022-12-19 13:54:08,819 - root - INFO -  El campo 'Codigo Alternativo' si se encuentra visible.
2022-12-19 13:54:08,864 - root - INFO -  El campo 'Descrición' si se encuentra visible.
2022-12-19 13:54:08,904 - root - INFO -  El campo 'Moneda' si se encuentra visible.
2022-12-19 13:54:08,944 - root - INFO -  El campo 'Aplicable en' si se encuentra visible.
2022-12-19 13:54:08,986 - root - INFO -  El campo 'Activa' si se encuentra visible.
2022-12-19 13:54:09,033 - root - INFO -  El campo 'Aplicación Global' si se encuentra visible.
2022-12-19 13:54:09,106 - root - INFO -  Ingresa el codigo del nuevo registro 
2022-12-19 13:54:09,217 - root - INFO -  Ingresa el codigo alternativo del nuevo registro 
2022-12-19 13:54:09,407 - root - INFO -  Ingresa la descripción del nuevo registro 
2022-12-19 13:54:10,400 - root - INFO -  Se dió doble click en el registro de Moneda.
2022-12-19 13:54:10,935 - root - INFO -  Se dió click en la opción BackOffice y Mobile.
2022-12-19 13:54:11,024 - root - INFO -  Se dió click en el checkbox Activa.
2022-12-19 13:54:11,109 - root - INFO -  Se dió click en el checkbox Aplicación Global.
2022-12-19 13:54:11,205 - root - INFO - Se hace el cambio a la pestaña Por Articulo para continuar con el registro nuevo
2022-12-19 13:54:11,842 - root - INFO -  Se presiona el boton 'Nuevo', para crear un nuevo registro de Por Articulo.
2022-12-19 13:54:12,555 - root - INFO -  El campo 'Artículo' si se encuentra visible.
2022-12-19 13:54:12,600 - root - INFO -  El campo 'Cantidad Mix Ideal(Packing)' si se encuentra visible.
2022-12-19 13:54:12,660 - root - INFO -  El campo 'Tope Descuento 1' si se encuentra visible.
2022-12-19 13:54:12,701 - root - INFO -  El campo 'Tope Descuento 2' si se encuentra visible.
2022-12-19 13:54:12,831 - root - INFO -  Ingresa el Articulo del nuevo registro 
2022-12-19 13:54:12,939 - root - INFO -  Ingresa la Cantidad de Mix Ideal del nuevo registro 
2022-12-19 13:54:13,094 - root - INFO -  Ingresa el Tope Descuento 1 del nuevo registro 
2022-12-19 13:54:13,285 - root - INFO -  Ingresa el Tope Descuento 2 del nuevo registro 
2022-12-19 13:54:13,286 - root - INFO -  Captura: C:\xampp\htdocs\Versiones\automatizaciones\AutoPWST\07PV\report\img  screen：20221219_13_54_13.png
2022-12-19 13:54:13,707 - root - INFO -  Se presiona el boton 'Guardar', para guardar el registro de Por Articulo.
2022-12-19 13:54:13,976 - root - INFO -  Se presiona el boton 'Nuevo', para crear otro nuevo registro de Por Articulo.
2022-12-19 13:54:14,716 - root - INFO -  Ingresa el Articulo del nuevo registro 
2022-12-19 13:54:14,836 - root - INFO -  Ingresa la Cantidad de Mix Ideal del nuevo registro 
2022-12-19 13:54:14,982 - root - INFO -  Ingresa el Tope Descuento 1 del nuevo registro 
2022-12-19 13:54:15,291 - root - INFO -  Ingresa el Tope Descuento 2 del nuevo registro 
2022-12-19 13:54:15,436 - root - INFO -  Se presiona el boton 'Guardar', para guardar el seguhdo registro de Por articulo.
2022-12-19 13:54:15,755 - root - INFO -  Se presiona el boton 'Nuevo', para crear otro nuevo registro de Por Articulo.
2022-12-19 13:54:16,479 - root - INFO -  Ingresa el Articulo del nuevo registro 
2022-12-19 13:54:16,589 - root - INFO -  Ingresa la Cantidad de Mix Ideal del nuevo registro 
2022-12-19 13:54:16,745 - root - INFO -  Ingresa el Tope Descuento 1 del nuevo registro 
2022-12-19 13:54:16,951 - root - INFO -  Ingresa el Tope Descuento 2 del nuevo registro 
2022-12-19 13:54:17,125 - root - INFO -  Se presiona el boton 'Guardar', para guardar el tercer registro de Por Articulo.
2022-12-19 13:54:17,521 - root - INFO -  Se da clic en el boton Guardar; se debe crear un nuevo registro.
2022-12-19 13:54:18,047 - root - INFO -  Se presiona el boton 'Refrescar', para crear un nuevo registro igual al anterior.
2022-12-19 13:54:20,199 - root - INFO -  Se presiona el boton 'Nuevo', para crear un nuevo registro igual al anterior.
2022-12-19 13:54:20,753 - root - INFO -  Se abrio la pantalla para el ingreso de un registro nuevo.
2022-12-19 13:54:20,877 - root - INFO -  Ingresa el codigo del nuevo registro 
2022-12-19 13:54:20,987 - root - INFO -  Ingresa el codigo alternativo del nuevo registro 
2022-12-19 13:54:21,174 - root - INFO -  Ingresa la descripción del nuevo registro 
2022-12-19 13:54:22,108 - root - INFO -  Se dió doble click en el registro de Moneda.
2022-12-19 13:54:22,693 - root - INFO -  Se dió click en la opción BackOffice y Mobile.
2022-12-19 13:54:22,773 - root - INFO -  Se dió click en el checkbox Activa.
2022-12-19 13:54:22,853 - root - INFO -  Se dió click en el checkbox Aplicación Global.
2022-12-19 13:54:22,942 - root - INFO -  Se da clic en el boton Guardar; NO se debe crear un nuevo registro.
2022-12-19 13:54:25,944 - root - INFO -  Captura: C:\xampp\htdocs\Versiones\automatizaciones\AutoPWST\07PV\report\img  screen：20221219_13_54_25.png
2022-12-19 13:54:26,225 - root - INFO -  Se presiona el boton 'Cerrar', para cerrar el mensaje de duplicidad de llave primaria
2022-12-19 13:54:26,341 - root - INFO -  Se presiona el boton 'Cerrar', para cerrar la ventana
2022-12-19 13:54:26,486 - root - INFO -  Se presiona el boton 'Refrescar', para proceder a modificar el registro.
2022-12-19 13:54:29,166 - root - INFO -  Se da clic en el registro creado, para proceder a modificarlo.
2022-12-19 13:54:29,877 - root - INFO -  Se modifica el contenido del campo Codigo Alternativo
2022-12-19 13:54:30,164 - root - INFO -  Se modifica el contenido del campo Descripcion
2022-12-19 13:54:30,236 - root - INFO -  Se dió click en el checkbox Aplicación Global.
2022-12-19 13:54:30,322 - root - INFO - Se hace el cambio a la pestaña Por Articulo para continuar con la modificación del registro
2022-12-19 13:54:31,510 - root - INFO -  Se da clic en el primer registro de Por Articulo , para proceder a modificarlo.
2022-12-19 13:54:32,292 - root - INFO -  Se modifica el contenido del campo Cantidad Mix Ideal 
2022-12-19 13:54:32,404 - root - INFO -  Se presiona el boton 'Guardar', para guardar la modificación del primer registro de Por Articulo.
2022-12-19 13:54:35,109 - root - INFO -  Se da clic en el segundo registro de Por Articulo , para proceder a modificarlo.
2022-12-19 13:54:35,861 - root - INFO -  Se modifica el contenido del campo Cantidad de Mix Ideal 
2022-12-19 13:54:35,959 - root - INFO -  Se presiona el boton 'Guardar', para guardar la modificación del segundo registro de Por Articulo.
2022-12-19 13:54:38,648 - root - INFO -  Se da clic en el tercer registro Por Articulo, para proceder a modificarlo.
2022-12-19 13:54:39,427 - root - INFO -  Se modifica el contenido del campo Cantidad Mix Ideal 
2022-12-19 13:54:39,519 - root - INFO -  Se presiona el boton 'Guardar', para guardar la modificación del tercer registro de Por Articulo.
2022-12-19 13:54:41,670 - root - INFO -  Se da clic en el boton Guardar; se debe modificar la informacion del registro.
2022-12-19 13:54:44,772 - root - INFO -  Se presiona el boton 'Refrescar', para proceder a eliminar el registro.
2022-12-19 13:54:47,404 - root - INFO -  Se da clic en el registro creado, para proceder a eliminarlo.
2022-12-19 13:54:47,999 - root - INFO - Se hace el cambio a la pestaña Por Articulo para continuar con la eliminación de Por Articulo
2022-12-19 13:54:49,226 - root - INFO -  Se da clic en el primer registro de Por Articulo, para proceder a eliminarlo.
2022-12-19 13:54:49,338 - root - INFO -  Se presiona el boton 'Eliminar', para eliminar el primer registro de Por Articulo.
2022-12-19 13:54:51,948 - root - INFO -  Se da clic en el segundo registro de Por Articulo, para proceder a eliminarlo.
2022-12-19 13:54:52,028 - root - INFO -  Se presiona el boton 'Eliminar', para eliminar el segundo registro de Por Articulo.
2022-12-19 13:54:54,660 - root - INFO -  Se da clic en el tercer registro de por Articulo, para proceder a eliminarlo.
2022-12-19 13:54:54,749 - root - INFO -  Se presiona el boton 'Eliminar', para eliminar el tercer registro de Por Articulo.
2022-12-19 13:54:56,852 - root - INFO -  Se da clic en el boton Guardar; se debe modificar la informacion del registro.
2022-12-19 13:54:57,472 - root - INFO -  Se da clic en el registro creado, para proceder a eliminarlo.
2022-12-19 13:54:57,610 - root - INFO -  Se presiona el boton 'Eliminar', para eliminar el registro.
2022-12-19 13:55:02,613 - root - INFO -  Captura: C:\xampp\htdocs\Versiones\automatizaciones\AutoPWST\07PV\report\img  screen：20221219_13_55_02.png
2022-12-19 13:55:02,860 - root - INFO -  Se confirma el eliminado del registro
2022-12-19 13:55:03,112 - root - INFO -  Se presiona el boton 'Refrescar', para verificar si el registro ha sido eliminado.
2022-12-19 13:55:05,240 - root - INFO -  Se presiona el boton 'Cerrar', para cerrar la pantalla de Politicas de Venta.
2022-12-19 13:55:09,821 - root - INFO -  Se cierra chrome
