2022-08-25 18:00:04,417 - root - INFO -  Ingresa la Cantidad de Mix Ideal del nuevo registro 
2022-08-25 18:00:07,520 - root - INFO -  Se presiona el boton 'Guardar', para guardar el registro.
2022-08-25 18:00:12,628 - root - INFO -  Se da clic en el boton Guardar; se debe modificar la informacion del registro.
2022-08-25 18:00:22,716 - root - INFO -  Se presiona el boton 'Refrescar', para proceder a eliminar el registro.
2022-08-25 18:00:32,342 - root - INFO -  Se da clic en el registro creado, para proceder a eliminarlo.
2022-08-25 18:00:37,435 - root - INFO - Se hace el cambio de pestaña para continuar con el registro nuevo
2022-08-25 18:00:54,053 - root - INFO -  Se da clic en el registro creado, para proceder a eliminarlo.
2022-08-25 18:01:04,161 - root - INFO -  Se presiona el boton 'Eliminar', para eliminar el registro.
2022-08-25 18:01:10,751 - root - INFO -  Se da clic en el registro creado, para proceder a eliminarlo.
2022-08-25 18:01:20,867 - root - INFO -  Se presiona el boton 'Eliminar', para eliminar el registro.
2022-08-25 18:01:27,460 - root - INFO -  Se da clic en el registro creado, para proceder a eliminarlo.
2022-08-25 18:01:37,584 - root - INFO -  Se presiona el boton 'Eliminar', para eliminar el registro.
2022-08-25 18:01:37,683 - root - INFO -  Se da clic en el boton Guardar; se debe modificar la informacion del registro.
2022-08-25 18:01:52,293 - root - INFO -  Se da clic en el registro creado, para proceder a eliminarlo.
2022-08-25 18:02:00,399 - root - INFO -  Se presiona el boton 'Eliminar', para eliminar el registro.
2022-08-25 18:02:00,401 - root - INFO -  Captura: C:\xampp\htdocs\versiones\automatizaciones\AutoPWST\07PV\report\img  screen：20220825_18_02_00.png
2022-08-25 18:02:00,601 - root - INFO -  Se confirma el eliminado del registro
2022-08-25 18:02:05,695 - root - INFO -  Se presiona el boton 'Refrescar', para crear un nuevo registro igual al anterior.
2022-08-25 18:02:10,792 - root - INFO -  Se presiona el boton 'Cerrar', para cerrar la pantalla de Categorias Fiscales.
2022-08-25 18:02:15,037 - root - INFO -  Se cierra chrome
