2023-04-24 17:20:58,684 - root - INFO -  Se abre el chrome
2023-04-24 17:20:59,739 - root - INFO -  Entra a la URL
2023-04-24 17:20:59,869 - root - INFO -  Maximiza la pantalla
2023-04-24 17:21:03,002 - root - INFO -  Escribe el usuario
2023-04-24 17:21:03,120 - root - INFO -  Escribe la contraseña
2023-04-24 17:21:03,224 - root - INFO -  Se dio clic en el boton ingresar
2023-04-24 17:21:04,438 - root - INFO -  Ejecutar Enterprise
2023-04-24 17:21:08,491 - root - INFO -  Cambia entre pestañas
2023-04-24 17:22:20,856 - root - INFO - Se ingreso a la pantalla mediante el buscador porque fallo el ingreso por menus
2023-04-24 17:22:20,857 - root - INFO -  La función buscador funciona de manera correcta.
2023-04-24 17:22:21,912 - root - INFO -  La pantalla ejecutada es Politicas de Venta
2023-04-24 17:22:21,913 - root - INFO -  Captura: C:\xampp\htdocs\versiones\automatizaciones\AutoPWST\07PV\report\img  screen：20230424_17_22_21.png
2023-04-24 17:22:32,319 - root - INFO -  Se presiona el boton 'Nuevo', para crear un nuevo registro.
2023-04-24 17:22:32,868 - root - INFO -  Se abrio la pantalla para el ingreso de un registro nuevo.
2023-04-24 17:22:32,904 - root - INFO -  El campo 'Codigo' si se encuentra visible.
2023-04-24 17:22:32,940 - root - INFO -  El campo 'Codigo Alternativo' si se encuentra visible.
2023-04-24 17:22:32,975 - root - INFO -  El campo 'Descrición' si se encuentra visible.
2023-04-24 17:22:33,011 - root - INFO -  El campo 'Moneda' si se encuentra visible.
2023-04-24 17:22:33,082 - root - INFO -  El campo 'Aplicable en' si se encuentra visible.
2023-04-24 17:22:33,119 - root - INFO -  El campo 'Activa' si se encuentra visible.
2023-04-24 17:22:33,156 - root - INFO -  El campo 'Aplicación Global' si se encuentra visible.
2023-04-24 17:22:33,224 - root - INFO -  Ingresa el codigo del nuevo registro 
2023-04-24 17:22:33,319 - root - INFO -  Ingresa el codigo alternativo del nuevo registro 
2023-04-24 17:22:33,485 - root - INFO -  Ingresa la descripción del nuevo registro 
2023-04-24 17:22:34,458 - root - INFO -  Se dió doble click en el registro de Moneda.
2023-04-24 17:22:34,972 - root - INFO -  Se dió click en la opción BackOffice y Mobile.
2023-04-24 17:22:35,060 - root - INFO -  Se dió click en el checkbox Activa.
2023-04-24 17:22:35,148 - root - INFO -  Se dió click en el checkbox Aplicación Global.
2023-04-24 17:22:35,231 - root - INFO - Se hace el cambio a la pestaña Por Articulo para continuar con el registro nuevo
2023-04-24 17:22:35,819 - root - INFO -  Se presiona el boton 'Nuevo', para crear un nuevo registro de Por Articulo.
2023-04-24 17:22:36,426 - root - INFO -  El campo 'Artículo' si se encuentra visible.
2023-04-24 17:22:36,463 - root - INFO -  El campo 'Cantidad Mix Ideal(Packing)' si se encuentra visible.
2023-04-24 17:22:36,512 - root - INFO -  El campo 'Tope Descuento 1' si se encuentra visible.
2023-04-24 17:22:36,551 - root - INFO -  El campo 'Tope Descuento 2' si se encuentra visible.
2023-04-24 17:22:36,688 - root - INFO -  Ingresa el Articulo del nuevo registro 
2023-04-24 17:22:36,809 - root - INFO -  Ingresa la Cantidad de Mix Ideal del nuevo registro 
2023-04-24 17:22:36,916 - root - INFO -  Ingresa el Tope Descuento 1 del nuevo registro 
2023-04-24 17:22:37,008 - root - INFO -  Ingresa el Tope Descuento 2 del nuevo registro 
2023-04-24 17:22:37,174 - root - INFO -  Se presiona el boton 'Guardar', para guardar el registro de Por Articulo.
2023-04-24 17:22:37,359 - root - INFO -  Se presiona el boton 'Nuevo', para crear otro nuevo registro de Por Articulo.
2023-04-24 17:22:38,030 - root - INFO -  Ingresa el Articulo del nuevo registro 
2023-04-24 17:22:38,127 - root - INFO -  Ingresa la Cantidad de Mix Ideal del nuevo registro 
2023-04-24 17:22:38,223 - root - INFO -  Ingresa el Tope Descuento 1 del nuevo registro 
2023-04-24 17:22:38,322 - root - INFO -  Ingresa el Tope Descuento 2 del nuevo registro 
2023-04-24 17:22:38,394 - root - INFO -  Se presiona el boton 'Guardar', para guardar el seguhdo registro de Por articulo.
2023-04-24 17:22:38,611 - root - INFO -  Se presiona el boton 'Nuevo', para crear otro nuevo registro de Por Articulo.
2023-04-24 17:22:39,322 - root - INFO -  Ingresa el Articulo del nuevo registro 
2023-04-24 17:22:39,414 - root - INFO -  Ingresa la Cantidad de Mix Ideal del nuevo registro 
2023-04-24 17:22:39,525 - root - INFO -  Ingresa el Tope Descuento 1 del nuevo registro 
2023-04-24 17:22:39,605 - root - INFO -  Ingresa el Tope Descuento 2 del nuevo registro 
2023-04-24 17:22:39,661 - root - INFO -  Se presiona el boton 'Guardar', para guardar el tercer registro de Por Articulo.
2023-04-24 17:22:39,925 - root - INFO -  Se da clic en el boton Guardar; se debe crear un nuevo registro.
2023-04-24 17:22:40,384 - root - INFO -  Se presiona el boton 'Refrescar', para crear un nuevo registro igual al anterior.
2023-04-24 17:22:40,542 - root - INFO -  Se presiona el boton 'Nuevo', para crear un nuevo registro igual al anterior.
2023-04-24 17:22:41,118 - root - INFO -  Se abrio la pantalla para el ingreso de un registro nuevo.
2023-04-24 17:22:41,181 - root - INFO -  Ingresa el codigo del nuevo registro 
2023-04-24 17:22:41,274 - root - INFO -  Ingresa el codigo alternativo del nuevo registro 
2023-04-24 17:22:41,427 - root - INFO -  Ingresa la descripción del nuevo registro 
2023-04-24 17:22:42,339 - root - INFO -  Se dió doble click en el registro de Moneda.
2023-04-24 17:22:42,833 - root - INFO -  Se dió click en la opción BackOffice y Mobile.
2023-04-24 17:22:42,899 - root - INFO -  Se dió click en el checkbox Activa.
2023-04-24 17:22:42,967 - root - INFO -  Se dió click en el checkbox Aplicación Global.
2023-04-24 17:22:43,038 - root - INFO -  Se da clic en el boton Guardar; NO se debe crear un nuevo registro.
2023-04-24 17:22:44,039 - root - INFO -  Captura: C:\xampp\htdocs\versiones\automatizaciones\AutoPWST\07PV\report\img  screen：20230424_17_22_44.png
2023-04-24 17:22:49,350 - root - INFO -  Se presiona el boton 'Cerrar', para cerrar el mensaje de duplicidad de llave primaria
2023-04-24 17:22:50,351 - root - INFO -  Captura: C:\xampp\htdocs\versiones\automatizaciones\AutoPWST\07PV\report\img  screen：20230424_17_22_50.png
2023-04-24 17:22:50,540 - root - INFO -  Se presiona el boton 'Cerrar', para cerrar el mensaje de duplicidad de llave primaria
2023-04-24 17:22:50,629 - root - INFO -  Se presiona el boton 'Cerrar', para cerrar la ventana
2023-04-24 17:22:50,733 - root - INFO -  Se presiona el boton 'Refrescar', para proceder a modificar el registro.
2023-04-24 17:22:52,384 - root - INFO -  Se da clic en el registro creado, para proceder a modificarlo.
2023-04-24 17:22:53,047 - root - INFO -  Se modifica el contenido del campo Codigo Alternativo
2023-04-24 17:22:53,243 - root - INFO -  Se modifica el contenido del campo Descripcion
2023-04-24 17:22:53,312 - root - INFO -  Se dió click en el checkbox Aplicación Global.
2023-04-24 17:22:53,364 - root - INFO - Se hace el cambio a la pestaña Por Articulo para continuar con la modificación del registro
2023-04-24 17:22:55,491 - root - INFO -  Se da clic en el primer registro de Por Articulo , para proceder a modificarlo.
2023-04-24 17:22:56,168 - root - INFO -  Se modifica el contenido del campo Cantidad Mix Ideal 
2023-04-24 17:22:56,241 - root - INFO -  Se presiona el boton 'Guardar', para guardar la modificación del primer registro de Por Articulo.
2023-04-24 17:23:07,482 - root - ERROR - No se encontró el segundo registro de por Articlo, validar que la acción anterior haya finalizado, que el xpath sea el correcto o que la página no presente lentitud
2023-04-24 17:23:07,483 - root - INFO -  Captura: C:\xampp\htdocs\versiones\automatizaciones\AutoPWST\07PV\report\img  screen：20230424_17_23_07.png
2023-04-24 17:23:07,560 - root - ERROR - No se dió click en el botón Refrescar, validar que la acción anterior haya finalizado, que el xpath sea el correcto o que la página no presente lentitud
2023-04-24 17:23:07,561 - root - INFO -  Captura: C:\xampp\htdocs\versiones\automatizaciones\AutoPWST\07PV\report\img  screen：20230424_17_23_07.png
2023-04-24 17:26:24,442 - root - INFO -  Se abre el chrome
2023-04-24 17:26:25,790 - root - INFO -  Entra a la URL
2023-04-24 17:26:25,960 - root - INFO -  Maximiza la pantalla
2023-04-24 17:26:29,091 - root - INFO -  Escribe el usuario
2023-04-24 17:26:29,192 - root - INFO -  Escribe la contraseña
2023-04-24 17:26:29,285 - root - INFO -  Se dio clic en el boton ingresar
2023-04-24 17:26:30,535 - root - INFO -  Ejecutar Enterprise
2023-04-24 17:26:34,583 - root - INFO -  Cambia entre pestañas
2023-04-24 17:27:46,630 - root - INFO - Se ingreso a la pantalla mediante el buscador porque fallo el ingreso por menus
2023-04-24 17:27:46,632 - root - INFO -  La función buscador funciona de manera correcta.
2023-04-24 17:27:47,280 - root - INFO -  La pantalla ejecutada es Politicas de Venta
2023-04-24 17:27:47,280 - root - INFO -  Captura: C:\xampp\htdocs\versiones\automatizaciones\AutoPWST\07PV\report\img  screen：20230424_17_27_47.png
2023-04-24 17:27:57,698 - root - INFO -  Se presiona el boton 'Nuevo', para crear un nuevo registro.
2023-04-24 17:27:58,240 - root - INFO -  Se abrio la pantalla para el ingreso de un registro nuevo.
2023-04-24 17:27:58,275 - root - INFO -  El campo 'Codigo' si se encuentra visible.
2023-04-24 17:27:58,311 - root - INFO -  El campo 'Codigo Alternativo' si se encuentra visible.
2023-04-24 17:27:58,347 - root - INFO -  El campo 'Descrición' si se encuentra visible.
2023-04-24 17:27:58,385 - root - INFO -  El campo 'Moneda' si se encuentra visible.
2023-04-24 17:27:58,450 - root - INFO -  El campo 'Aplicable en' si se encuentra visible.
2023-04-24 17:27:58,488 - root - INFO -  El campo 'Activa' si se encuentra visible.
2023-04-24 17:27:58,524 - root - INFO -  El campo 'Aplicación Global' si se encuentra visible.
2023-04-24 17:27:58,595 - root - INFO -  Ingresa el codigo del nuevo registro 
2023-04-24 17:27:58,687 - root - INFO -  Ingresa el codigo alternativo del nuevo registro 
2023-04-24 17:27:58,853 - root - INFO -  Ingresa la descripción del nuevo registro 
2023-04-24 17:27:59,787 - root - INFO -  Se dió doble click en el registro de Moneda.
2023-04-24 17:28:00,335 - root - INFO -  Se dió click en la opción BackOffice y Mobile.
2023-04-24 17:28:00,409 - root - INFO -  Se dió click en el checkbox Activa.
2023-04-24 17:28:00,480 - root - INFO -  Se dió click en el checkbox Aplicación Global.
2023-04-24 17:28:00,550 - root - INFO - Se hace el cambio a la pestaña Por Articulo para continuar con el registro nuevo
2023-04-24 17:28:01,134 - root - INFO -  Se presiona el boton 'Nuevo', para crear un nuevo registro de Por Articulo.
2023-04-24 17:28:01,730 - root - INFO -  El campo 'Artículo' si se encuentra visible.
2023-04-24 17:28:01,788 - root - INFO -  El campo 'Cantidad Mix Ideal(Packing)' si se encuentra visible.
2023-04-24 17:28:01,843 - root - INFO -  El campo 'Tope Descuento 1' si se encuentra visible.
2023-04-24 17:28:01,884 - root - INFO -  El campo 'Tope Descuento 2' si se encuentra visible.
2023-04-24 17:28:02,015 - root - INFO -  Ingresa el Articulo del nuevo registro 
2023-04-24 17:28:03,230 - root - INFO -  Ingresa la Cantidad de Mix Ideal del nuevo registro 
2023-04-24 17:28:03,333 - root - INFO -  Ingresa el Tope Descuento 1 del nuevo registro 
2023-04-24 17:28:03,421 - root - INFO -  Ingresa el Tope Descuento 2 del nuevo registro 
2023-04-24 17:28:03,488 - root - INFO -  Se presiona el boton 'Guardar', para guardar el registro de Por Articulo.
2023-04-24 17:28:03,745 - root - INFO -  Se presiona el boton 'Nuevo', para crear otro nuevo registro de Por Articulo.
2023-04-24 17:28:04,413 - root - INFO -  Ingresa el Articulo del nuevo registro 
2023-04-24 17:28:05,601 - root - INFO -  Ingresa la Cantidad de Mix Ideal del nuevo registro 
2023-04-24 17:28:05,701 - root - INFO -  Ingresa el Tope Descuento 1 del nuevo registro 
2023-04-24 17:28:05,803 - root - INFO -  Ingresa el Tope Descuento 2 del nuevo registro 
2023-04-24 17:28:05,871 - root - INFO -  Se presiona el boton 'Guardar', para guardar el seguhdo registro de Por articulo.
2023-04-24 17:28:06,082 - root - INFO -  Se presiona el boton 'Nuevo', para crear otro nuevo registro de Por Articulo.
2023-04-24 17:28:06,756 - root - INFO -  Ingresa el Articulo del nuevo registro 
2023-04-24 17:28:07,934 - root - INFO -  Ingresa la Cantidad de Mix Ideal del nuevo registro 
2023-04-24 17:28:08,034 - root - INFO -  Ingresa el Tope Descuento 1 del nuevo registro 
2023-04-24 17:28:08,124 - root - INFO -  Ingresa el Tope Descuento 2 del nuevo registro 
2023-04-24 17:28:08,191 - root - INFO -  Se presiona el boton 'Guardar', para guardar el tercer registro de Por Articulo.
2023-04-24 17:28:08,523 - root - INFO -  Se da clic en el boton Guardar; se debe crear un nuevo registro.
2023-04-24 17:28:08,855 - root - INFO -  Se presiona el boton 'Refrescar', para crear un nuevo registro igual al anterior.
2023-04-24 17:28:08,999 - root - INFO -  Se presiona el boton 'Nuevo', para crear un nuevo registro igual al anterior.
2023-04-24 17:28:09,598 - root - INFO -  Se abrio la pantalla para el ingreso de un registro nuevo.
2023-04-24 17:28:09,663 - root - INFO -  Ingresa el codigo del nuevo registro 
2023-04-24 17:28:09,757 - root - INFO -  Ingresa el codigo alternativo del nuevo registro 
2023-04-24 17:28:09,914 - root - INFO -  Ingresa la descripción del nuevo registro 
2023-04-24 17:28:10,816 - root - INFO -  Se dió doble click en el registro de Moneda.
2023-04-24 17:28:11,328 - root - INFO -  Se dió click en la opción BackOffice y Mobile.
2023-04-24 17:28:11,396 - root - INFO -  Se dió click en el checkbox Activa.
2023-04-24 17:28:11,463 - root - INFO -  Se dió click en el checkbox Aplicación Global.
2023-04-24 17:28:11,534 - root - INFO -  Se da clic en el boton Guardar; NO se debe crear un nuevo registro.
2023-04-24 17:28:12,535 - root - INFO -  Captura: C:\xampp\htdocs\versiones\automatizaciones\AutoPWST\07PV\report\img  screen：20230424_17_28_12.png
2023-04-24 17:28:17,864 - root - INFO -  Se presiona el boton 'Cerrar', para cerrar el mensaje de duplicidad de llave primaria
2023-04-24 17:28:18,866 - root - INFO -  Captura: C:\xampp\htdocs\versiones\automatizaciones\AutoPWST\07PV\report\img  screen：20230424_17_28_18.png
2023-04-24 17:28:19,094 - root - INFO -  Se presiona el boton 'Cerrar', para cerrar el mensaje de duplicidad de llave primaria
2023-04-24 17:28:19,357 - root - INFO -  Se presiona el boton 'Cerrar', para cerrar la ventana
2023-04-24 17:28:19,480 - root - INFO -  Se presiona el boton 'Refrescar', para proceder a modificar el registro.
2023-04-24 17:28:21,104 - root - INFO -  Se da clic en el registro creado, para proceder a modificarlo.
2023-04-24 17:28:21,777 - root - INFO -  Se modifica el contenido del campo Codigo Alternativo
2023-04-24 17:28:21,974 - root - INFO -  Se modifica el contenido del campo Descripcion
2023-04-24 17:28:22,052 - root - INFO -  Se dió click en el checkbox Aplicación Global.
2023-04-24 17:28:22,115 - root - INFO - Se hace el cambio a la pestaña Por Articulo para continuar con la modificación del registro
2023-04-24 17:28:24,225 - root - INFO -  Se da clic en el primer registro de Por Articulo , para proceder a modificarlo.
2023-04-24 17:28:24,904 - root - INFO -  Se modifica el contenido del campo Cantidad Mix Ideal 
2023-04-24 17:28:24,971 - root - INFO -  Se presiona el boton 'Guardar', para guardar la modificación del primer registro de Por Articulo.
2023-04-24 17:28:26,603 - root - INFO -  Se da clic en el segundo registro de Por Articulo , para proceder a modificarlo.
2023-04-24 17:28:27,289 - root - INFO -  Se modifica el contenido del campo Cantidad de Mix Ideal 
2023-04-24 17:28:27,370 - root - INFO -  Se presiona el boton 'Guardar', para guardar la modificación del segundo registro de Por Articulo.
2023-04-24 17:28:28,996 - root - INFO -  Se da clic en el tercer registro Por Articulo, para proceder a modificarlo.
2023-04-24 17:28:29,706 - root - INFO -  Se modifica el contenido del campo Cantidad Mix Ideal 
2023-04-24 17:28:29,777 - root - INFO -  Se presiona el boton 'Guardar', para guardar la modificación del tercer registro de Por Articulo.
2023-04-24 17:28:30,017 - root - INFO -  Se da clic en el boton Guardar; se debe modificar la informacion del registro.
2023-04-24 17:28:30,334 - root - INFO -  Se presiona el boton 'Refrescar', para proceder a eliminar el registro.
2023-04-24 17:28:31,949 - root - INFO -  Se da clic en el registro creado, para proceder a eliminarlo.
2023-04-24 17:28:32,571 - root - INFO - Se hace el cambio a la pestaña Por Articulo para continuar con la eliminación de Por Articulo
2023-04-24 17:28:34,673 - root - INFO -  Se da clic en el primer registro de Por Articulo, para proceder a eliminarlo.
2023-04-24 17:28:34,744 - root - INFO -  Se presiona el boton 'Eliminar', para eliminar el primer registro de Por Articulo.
2023-04-24 17:28:37,331 - root - INFO -  Se da clic en el segundo registro de Por Articulo, para proceder a eliminarlo.
2023-04-24 17:28:37,376 - root - INFO -  Se presiona el boton 'Eliminar', para eliminar el segundo registro de Por Articulo.
2023-04-24 17:28:39,956 - root - INFO -  Se da clic en el tercer registro de por Articulo, para proceder a eliminarlo.
2023-04-24 17:28:39,996 - root - INFO -  Se presiona el boton 'Eliminar', para eliminar el tercer registro de Por Articulo.
2023-04-24 17:28:41,083 - root - INFO -  Se da clic en el boton Guardar; se debe modificar la informacion del registro.
2023-04-24 17:28:41,646 - root - INFO -  Se da clic en el registro creado, para proceder a eliminarlo.
2023-04-24 17:28:41,716 - root - INFO -  Se presiona el boton 'Eliminar', para eliminar el registro.
2023-04-24 17:28:43,717 - root - INFO -  Captura: C:\xampp\htdocs\versiones\automatizaciones\AutoPWST\07PV\report\img  screen：20230424_17_28_43.png
2023-04-24 17:28:43,866 - root - INFO -  Se confirma el eliminado del registro
2023-04-24 17:28:44,036 - root - INFO -  Se presiona el boton 'Refrescar', para verificar si el registro ha sido eliminado.
2023-04-24 17:28:46,107 - root - INFO -  Se presiona el boton 'Cerrar', para cerrar la pantalla de Politicas de Venta.
2023-04-24 17:28:52,702 - root - INFO -  Se cierra chrome
