2022-08-11 17:19:58,550 - root - INFO -  Se abre el chrome
2022-08-11 17:20:01,895 - root - INFO -  Entra a la URL
2022-08-11 17:20:02,018 - root - INFO -  Maximiza la pantalla
2022-08-11 17:20:05,072 - root - INFO -  Cambia al frame
2022-08-11 17:20:08,172 - root - INFO -  Escribe el usuario
2022-08-11 17:20:08,291 - root - INFO -  Escribe la contraseña
2022-08-11 17:20:08,434 - root - INFO -  Se dio clic en el boton ingresar
2022-08-11 17:20:11,938 - root - INFO -  Ejecutar Enterprise
2022-08-11 17:20:11,946 - root - INFO -  Captura: C:\xampp\htdocs\versiones\automatizaciones\AutoPWST\09PV\report\img  screen：20220811_17_20_11.png
2022-08-11 17:20:16,165 - root - INFO -  Cambia entre pestañas
2022-08-11 17:20:58,944 - root - INFO -  Abre el menu completo
2022-08-11 17:21:13,897 - root - INFO -  Abre la pantalla de Politicas de Venta
2022-08-11 17:21:14,474 - root - INFO -  La pantalla ejecutada es Politicas de Venta
2022-08-11 17:21:17,474 - root - INFO -  Captura: C:\xampp\htdocs\versiones\automatizaciones\AutoPWST\09PV\report\img  screen：20220811_17_21_17.png
2022-08-11 17:21:17,665 - root - INFO -  Se presiona el boton 'Nuevo', para crear un nuevo registro.
2022-08-11 17:21:23,740 - root - INFO -  Se abrio la pantalla para el ingreso de un registro nuevo.
2022-08-11 17:21:23,797 - root - INFO -  El campo 'Codigo' si se encuentra visible.
2022-08-11 17:21:23,842 - root - INFO -  El campo 'Codigo Alternativo' si se encuentra visible.
2022-08-11 17:21:23,885 - root - INFO -  El campo 'Descrición' si se encuentra visible.
2022-08-11 17:21:23,924 - root - INFO -  El campo 'Fecha Desde' si se encuentra visible.
2022-08-11 17:21:23,970 - root - INFO -  El campo 'Fecha Hasta' si se encuentra visible.
2022-08-11 17:21:24,018 - root - ERROR - El campo 'Tipo de Documento' no se muestra visible, revise si el xpath sigue siendo el mismo, para mas detalles del error consulte el reporte
2022-08-11 17:21:27,026 - root - INFO -  Captura: C:\xampp\htdocs\versiones\automatizaciones\AutoPWST\09PV\report\img  screen：20220811_17_21_27.png
2022-08-11 17:21:27,546 - root - ERROR - No se encontró el botón Refrescar, revise si el xpath sigue siendo el mismo, para mas detalles del error consulte el reporte
2022-08-11 17:21:30,552 - root - INFO -  Captura: C:\xampp\htdocs\versiones\automatizaciones\AutoPWST\09PV\report\img  screen：20220811_17_21_30.png
2022-08-11 17:21:30,568 - root - ERROR - No se encontró el botón Refrescar, revise si el xpath sigue siendo el mismo, para mas detalles del error consulte el reporte
2022-08-11 17:21:33,584 - root - INFO -  Captura: C:\xampp\htdocs\versiones\automatizaciones\AutoPWST\09PV\report\img  screen：20220811_17_21_33.png
2022-08-11 17:21:33,596 - root - ERROR - No se encontró el botón Refrescar, revise si el xpath sigue siendo el mismo, para mas detalles del error consulte el reporte
2022-08-11 17:21:36,596 - root - INFO -  Captura: C:\xampp\htdocs\versiones\automatizaciones\AutoPWST\09PV\report\img  screen：20220811_17_21_36.png
2022-08-11 17:22:46,743 - root - INFO -  Se abre el chrome
2022-08-11 17:22:50,005 - root - INFO -  Entra a la URL
2022-08-11 17:22:50,128 - root - INFO -  Maximiza la pantalla
2022-08-11 17:22:53,183 - root - INFO -  Cambia al frame
2022-08-11 17:24:38,129 - root - INFO -  Se abre el chrome
2022-08-11 17:24:41,133 - root - INFO -  Entra a la URL
2022-08-11 17:24:41,267 - root - INFO -  Maximiza la pantalla
2022-08-11 17:24:44,333 - root - INFO -  Cambia al frame
2022-08-11 17:24:47,432 - root - INFO -  Escribe el usuario
2022-08-11 17:24:47,552 - root - INFO -  Escribe la contraseña
2022-08-11 17:24:47,701 - root - INFO -  Se dio clic en el boton ingresar
2022-08-11 17:24:50,721 - root - INFO -  Ejecutar Enterprise
2022-08-11 17:24:50,722 - root - INFO -  Captura: C:\xampp\htdocs\versiones\automatizaciones\AutoPWST\09PV\report\img  screen：20220811_17_24_50.png
2022-08-11 17:24:54,952 - root - INFO -  Cambia entre pestañas
2022-08-11 17:25:23,776 - root - INFO -  Abre el menu completo
2022-08-11 17:25:38,736 - root - INFO -  Abre la pantalla de Politicas de Venta
2022-08-11 17:25:38,778 - root - INFO -  La pantalla ejecutada es Politicas de Venta
2022-08-11 17:25:41,783 - root - INFO -  Captura: C:\xampp\htdocs\versiones\automatizaciones\AutoPWST\09PV\report\img  screen：20220811_17_25_41.png
2022-08-11 17:25:42,002 - root - INFO -  Se presiona el boton 'Nuevo', para crear un nuevo registro.
2022-08-11 17:25:47,069 - root - INFO -  Se abrio la pantalla para el ingreso de un registro nuevo.
2022-08-11 17:25:47,111 - root - INFO -  El campo 'Codigo' si se encuentra visible.
2022-08-11 17:25:47,151 - root - INFO -  El campo 'Codigo Alternativo' si se encuentra visible.
2022-08-11 17:25:47,190 - root - INFO -  El campo 'Descrición' si se encuentra visible.
2022-08-11 17:25:47,232 - root - INFO -  El campo 'Fecha Desde' si se encuentra visible.
2022-08-11 17:25:47,271 - root - INFO -  El campo 'Fecha Hasta' si se encuentra visible.
2022-08-11 17:25:47,310 - root - INFO -  El campo 'Tipo de Documento' si se encuentra visible.
2022-08-11 17:25:47,350 - root - INFO -  El campo 'Moneda' si se encuentra visible.
2022-08-11 17:25:47,390 - root - INFO -  El campo 'Aplicable en' si se encuentra visible.
2022-08-11 17:25:47,432 - root - INFO -  El campo 'Activa' si se encuentra visible.
2022-08-11 17:25:47,470 - root - INFO -  El campo 'Aplicación Global' si se encuentra visible.
2022-08-11 17:25:47,586 - root - INFO -  Ingresa el codigo del nuevo registro 
2022-08-11 17:25:50,722 - root - INFO -  Ingresa el codigo alternativo del nuevo registro 
2022-08-11 17:25:53,938 - root - INFO -  Ingresa la descripción del nuevo registro 
2022-08-11 17:26:05,563 - root - INFO -  Ingresa la Fecha hasta del nuevo registro 
2022-08-11 17:26:08,733 - root - INFO -  Ingresa el tipo de documento del nuevo registro 
2022-08-11 17:26:16,889 - root - ERROR - No se encontró el registro de Moneda, revise si el xpath sigue siendo el mismo, para mas detalles del error consulte el reporte
2022-08-11 17:26:19,897 - root - INFO -  Captura: C:\xampp\htdocs\versiones\automatizaciones\AutoPWST\09PV\report\img  screen：20220811_17_26_19.png
2022-08-11 17:26:20,416 - root - ERROR - No se encontró el botón Refrescar, revise si el xpath sigue siendo el mismo, para mas detalles del error consulte el reporte
2022-08-11 17:26:23,427 - root - INFO -  Captura: C:\xampp\htdocs\versiones\automatizaciones\AutoPWST\09PV\report\img  screen：20220811_17_26_23.png
2022-08-11 17:26:23,447 - root - ERROR - No se encontró el botón Refrescar, revise si el xpath sigue siendo el mismo, para mas detalles del error consulte el reporte
2022-08-11 17:26:26,460 - root - INFO -  Captura: C:\xampp\htdocs\versiones\automatizaciones\AutoPWST\09PV\report\img  screen：20220811_17_26_26.png
2022-08-11 17:26:26,470 - root - ERROR - No se encontró el botón Refrescar, revise si el xpath sigue siendo el mismo, para mas detalles del error consulte el reporte
2022-08-11 17:26:29,475 - root - INFO -  Captura: C:\xampp\htdocs\versiones\automatizaciones\AutoPWST\09PV\report\img  screen：20220811_17_26_29.png
2022-08-11 17:27:40,534 - root - INFO -  Se abre el chrome
2022-08-11 17:27:43,324 - root - INFO -  Entra a la URL
2022-08-11 17:27:43,451 - root - INFO -  Maximiza la pantalla
2022-08-11 17:27:46,517 - root - INFO -  Cambia al frame
2022-08-11 17:27:49,605 - root - INFO -  Escribe el usuario
2022-08-11 17:27:49,712 - root - INFO -  Escribe la contraseña
2022-08-11 17:27:49,865 - root - INFO -  Se dio clic en el boton ingresar
2022-08-11 17:27:52,853 - root - INFO -  Ejecutar Enterprise
2022-08-11 17:27:52,854 - root - INFO -  Captura: C:\xampp\htdocs\versiones\automatizaciones\AutoPWST\09PV\report\img  screen：20220811_17_27_52.png
2022-08-11 17:27:57,090 - root - INFO -  Cambia entre pestañas
2022-08-11 17:28:24,796 - root - INFO -  Abre el menu completo
2022-08-11 17:28:39,735 - root - INFO -  Abre la pantalla de Politicas de Venta
2022-08-11 17:28:39,786 - root - INFO -  La pantalla ejecutada es Politicas de Venta
2022-08-11 17:28:42,788 - root - INFO -  Captura: C:\xampp\htdocs\versiones\automatizaciones\AutoPWST\09PV\report\img  screen：20220811_17_28_42.png
2022-08-11 17:28:42,978 - root - INFO -  Se presiona el boton 'Nuevo', para crear un nuevo registro.
2022-08-11 17:28:48,043 - root - INFO -  Se abrio la pantalla para el ingreso de un registro nuevo.
2022-08-11 17:28:48,086 - root - INFO -  El campo 'Codigo' si se encuentra visible.
2022-08-11 17:28:48,127 - root - INFO -  El campo 'Codigo Alternativo' si se encuentra visible.
2022-08-11 17:28:48,167 - root - INFO -  El campo 'Descrición' si se encuentra visible.
2022-08-11 17:28:48,209 - root - INFO -  El campo 'Fecha Desde' si se encuentra visible.
2022-08-11 17:28:48,250 - root - INFO -  El campo 'Fecha Hasta' si se encuentra visible.
2022-08-11 17:28:48,290 - root - INFO -  El campo 'Tipo de Documento' si se encuentra visible.
2022-08-11 17:28:48,331 - root - INFO -  El campo 'Moneda' si se encuentra visible.
2022-08-11 17:28:48,372 - root - INFO -  El campo 'Aplicable en' si se encuentra visible.
2022-08-11 17:28:48,425 - root - INFO -  El campo 'Activa' si se encuentra visible.
2022-08-11 17:28:48,466 - root - INFO -  El campo 'Aplicación Global' si se encuentra visible.
2022-08-11 17:28:48,587 - root - INFO -  Ingresa el codigo del nuevo registro 
2022-08-11 17:28:51,723 - root - INFO -  Ingresa el codigo alternativo del nuevo registro 
2022-08-11 17:28:54,895 - root - INFO -  Ingresa la descripción del nuevo registro 
2022-08-11 17:29:06,587 - root - INFO -  Ingresa la Fecha hasta del nuevo registro 
2022-08-11 17:29:09,730 - root - INFO -  Ingresa el tipo de documento del nuevo registro 
2022-08-11 17:29:26,199 - root - INFO -  Captura: C:\xampp\htdocs\versiones\automatizaciones\AutoPWST\09PV\report\img  screen：20220811_17_29_26.png
2022-08-11 17:29:53,468 - root - INFO - Se hace el cambio de pestaña para continuar con el registro nuevo
2022-08-11 17:29:56,576 - root - INFO -  Se presiona el boton 'Nuevo', para crear un nuevo registro.
2022-08-11 17:30:01,664 - root - INFO -  El campo 'Artículo' si se encuentra visible.
2022-08-11 17:30:01,710 - root - INFO -  El campo 'Artículo a Bonificar' si se encuentra visible.
2022-08-11 17:30:01,750 - root - INFO -  El campo 'Cantidad a Bonificar(Packing)' si se encuentra visible.
2022-08-11 17:30:01,792 - root - INFO -  El campo 'Cantidad en Bonificación(Unidad)' si se encuentra visible.
2022-08-11 17:30:01,833 - root - INFO -  El campo 'Tope Descuento 1' si se encuentra visible.
2022-08-11 17:30:01,874 - root - INFO -  El campo 'Tope Descuento 2' si se encuentra visible.
2022-08-11 17:30:02,060 - root - INFO -  Ingresa el Articulo del nuevo registro 
2022-08-11 17:30:12,189 - root - INFO -  Ingresa el Articulo a bonificar del nuevo registro 
2022-08-11 17:30:22,335 - root - INFO -  Ingresa la Cantidad a Bonificar del nuevo registro 
2022-08-11 17:30:25,460 - root - INFO -  Ingresa la Cantidad en Bonificación del nuevo registro 
2022-08-11 17:30:28,586 - root - INFO -  Ingresa el Tope Descuento 2 del nuevo registro 
2022-08-11 17:30:31,701 - root - INFO -  Ingresa el Tope Descuento 2 del nuevo registro 
2022-08-11 17:30:34,808 - root - INFO -  Se presiona el boton 'Guardar', para guardar el registro.
2022-08-11 17:30:40,918 - root - ERROR - No se encontró el botón Guardar, revise si el xpath sigue siendo el mismo, para mas detalles del error consulte el reporte
2022-08-11 17:30:43,925 - root - INFO -  Captura: C:\xampp\htdocs\versiones\automatizaciones\AutoPWST\09PV\report\img  screen：20220811_17_30_43.png
2022-08-11 17:30:44,513 - root - ERROR - No se encontró el botón Refrescar, revise si el xpath sigue siendo el mismo, para mas detalles del error consulte el reporte
2022-08-11 17:30:47,521 - root - INFO -  Captura: C:\xampp\htdocs\versiones\automatizaciones\AutoPWST\09PV\report\img  screen：20220811_17_30_47.png
2022-08-11 17:30:47,542 - root - ERROR - No se encontró el botón Refrescar, revise si el xpath sigue siendo el mismo, para mas detalles del error consulte el reporte
2022-08-11 17:30:50,559 - root - INFO -  Captura: C:\xampp\htdocs\versiones\automatizaciones\AutoPWST\09PV\report\img  screen：20220811_17_30_50.png
2022-08-11 17:30:50,570 - root - ERROR - No se encontró el botón Refrescar, revise si el xpath sigue siendo el mismo, para mas detalles del error consulte el reporte
2022-08-11 17:30:53,574 - root - INFO -  Captura: C:\xampp\htdocs\versiones\automatizaciones\AutoPWST\09PV\report\img  screen：20220811_17_30_53.png
2022-08-11 17:31:52,887 - root - INFO -  Se abre el chrome
2022-08-11 17:31:56,147 - root - INFO -  Entra a la URL
2022-08-11 17:31:56,276 - root - INFO -  Maximiza la pantalla
2022-08-11 17:31:59,333 - root - INFO -  Cambia al frame
2022-08-11 17:32:02,445 - root - INFO -  Escribe el usuario
2022-08-11 17:32:02,569 - root - INFO -  Escribe la contraseña
2022-08-11 17:32:02,722 - root - INFO -  Se dio clic en el boton ingresar
2022-08-11 17:32:05,745 - root - INFO -  Ejecutar Enterprise
2022-08-11 17:32:05,747 - root - INFO -  Captura: C:\xampp\htdocs\versiones\automatizaciones\AutoPWST\09PV\report\img  screen：20220811_17_32_05.png
2022-08-11 17:32:09,992 - root - INFO -  Cambia entre pestañas
2022-08-11 17:32:39,254 - root - INFO -  Abre el menu completo
2022-08-11 17:32:54,211 - root - INFO -  Abre la pantalla de Politicas de Venta
2022-08-11 17:32:54,284 - root - INFO -  La pantalla ejecutada es Politicas de Venta
2022-08-11 17:32:57,295 - root - INFO -  Captura: C:\xampp\htdocs\versiones\automatizaciones\AutoPWST\09PV\report\img  screen：20220811_17_32_57.png
2022-08-11 17:32:57,482 - root - INFO -  Se presiona el boton 'Nuevo', para crear un nuevo registro.
2022-08-11 17:33:02,543 - root - INFO -  Se abrio la pantalla para el ingreso de un registro nuevo.
2022-08-11 17:33:02,587 - root - INFO -  El campo 'Codigo' si se encuentra visible.
2022-08-11 17:33:02,632 - root - INFO -  El campo 'Codigo Alternativo' si se encuentra visible.
2022-08-11 17:33:02,671 - root - INFO -  El campo 'Descrición' si se encuentra visible.
2022-08-11 17:33:02,710 - root - INFO -  El campo 'Fecha Desde' si se encuentra visible.
2022-08-11 17:33:02,751 - root - INFO -  El campo 'Fecha Hasta' si se encuentra visible.
2022-08-11 17:33:02,790 - root - INFO -  El campo 'Tipo de Documento' si se encuentra visible.
2022-08-11 17:33:02,831 - root - INFO -  El campo 'Moneda' si se encuentra visible.
2022-08-11 17:33:02,882 - root - INFO -  El campo 'Aplicable en' si se encuentra visible.
2022-08-11 17:33:02,922 - root - INFO -  El campo 'Activa' si se encuentra visible.
2022-08-11 17:33:02,962 - root - INFO -  El campo 'Aplicación Global' si se encuentra visible.
2022-08-11 17:33:03,074 - root - INFO -  Ingresa el codigo del nuevo registro 
2022-08-11 17:33:06,212 - root - INFO -  Ingresa el codigo alternativo del nuevo registro 
2022-08-11 17:33:09,395 - root - INFO -  Ingresa la descripción del nuevo registro 
2022-08-11 17:33:21,076 - root - INFO -  Ingresa la Fecha hasta del nuevo registro 
2022-08-11 17:33:24,228 - root - INFO -  Ingresa el tipo de documento del nuevo registro 
2022-08-11 17:33:40,803 - root - INFO -  Captura: C:\xampp\htdocs\versiones\automatizaciones\AutoPWST\09PV\report\img  screen：20220811_17_33_40.png
2022-08-11 17:34:08,060 - root - INFO - Se hace el cambio de pestaña para continuar con el registro nuevo
2022-08-11 17:34:11,166 - root - INFO -  Se presiona el boton 'Nuevo', para crear un nuevo registro.
2022-08-11 17:34:16,243 - root - INFO -  El campo 'Artículo' si se encuentra visible.
2022-08-11 17:34:16,283 - root - INFO -  El campo 'Artículo a Bonificar' si se encuentra visible.
2022-08-11 17:34:16,324 - root - INFO -  El campo 'Cantidad a Bonificar(Packing)' si se encuentra visible.
2022-08-11 17:34:16,369 - root - INFO -  El campo 'Cantidad en Bonificación(Unidad)' si se encuentra visible.
2022-08-11 17:34:16,407 - root - INFO -  El campo 'Tope Descuento 1' si se encuentra visible.
2022-08-11 17:34:16,448 - root - INFO -  El campo 'Tope Descuento 2' si se encuentra visible.
2022-08-11 17:34:16,623 - root - INFO -  Ingresa el Articulo del nuevo registro 
2022-08-11 17:34:26,822 - root - INFO -  Ingresa el Articulo a bonificar del nuevo registro 
2022-08-11 17:34:36,955 - root - INFO -  Ingresa la Cantidad a Bonificar del nuevo registro 
2022-08-11 17:34:40,087 - root - INFO -  Ingresa la Cantidad en Bonificación del nuevo registro 
2022-08-11 17:34:43,196 - root - INFO -  Ingresa el Tope Descuento 2 del nuevo registro 
2022-08-11 17:34:46,300 - root - INFO -  Ingresa el Tope Descuento 2 del nuevo registro 
2022-08-11 17:34:49,405 - root - INFO -  Se presiona el boton 'Guardar', para guardar el registro.
2022-08-11 17:34:55,514 - root - INFO -  Se da clic en el boton Guardar; se debe crear un nuevo registro.
2022-08-11 17:35:00,637 - root - INFO -  Se presiona el boton 'Refrescar', para crear un nuevo registro igual al anterior.
2022-08-11 17:35:05,960 - root - INFO -  Se presiona el boton 'Nuevo', para crear un nuevo registro igual al anterior.
2022-08-11 17:35:11,053 - root - INFO -  Se abrio la pantalla para el ingreso de un registro nuevo.
2022-08-11 17:35:11,094 - root - INFO -  El campo 'Codigo' si se encuentra visible.
2022-08-11 17:35:11,134 - root - INFO -  El campo 'Codigo Alternativo' si se encuentra visible.
2022-08-11 17:35:11,172 - root - INFO -  El campo 'Descrición' si se encuentra visible.
2022-08-11 17:35:11,213 - root - INFO -  El campo 'Fecha Desde' si se encuentra visible.
2022-08-11 17:35:11,252 - root - INFO -  El campo 'Fecha Hasta' si se encuentra visible.
2022-08-11 17:35:11,292 - root - INFO -  El campo 'Tipo de Documento' si se encuentra visible.
2022-08-11 17:35:11,331 - root - INFO -  El campo 'Moneda' si se encuentra visible.
2022-08-11 17:35:11,385 - root - INFO -  El campo 'Aplicable en' si se encuentra visible.
2022-08-11 17:35:11,425 - root - INFO -  El campo 'Activa' si se encuentra visible.
2022-08-11 17:35:11,463 - root - INFO -  El campo 'Aplicación Global' si se encuentra visible.
2022-08-11 17:35:11,567 - root - INFO -  Ingresa el codigo del nuevo registro 
2022-08-11 17:35:14,691 - root - INFO -  Ingresa el codigo alternativo del nuevo registro 
2022-08-11 17:35:17,882 - root - INFO -  Ingresa la descripción del nuevo registro 
2022-08-11 17:35:29,529 - root - INFO -  Ingresa la Fecha hasta del nuevo registro 
2022-08-11 17:35:32,667 - root - INFO -  Ingresa el tipo de documento del nuevo registro 
2022-08-11 17:36:16,325 - root - INFO -  Se da clic en el boton Guardar; se debe crear un nuevo registro.
2022-08-11 17:36:21,339 - root - INFO -  Captura: C:\xampp\htdocs\versiones\automatizaciones\AutoPWST\09PV\report\img  screen：20220811_17_36_21.png
2022-08-11 17:36:21,570 - root - INFO -  Se presiona el boton 'Cerrar', para cerrar el mensaje de duplicidad de llave primaria
2022-08-11 17:36:24,663 - root - INFO -  Se presiona el boton 'Cerrar', para cerrar la ventana
2022-08-11 17:36:28,759 - root - INFO -  Se presiona el boton 'Refrescar', para crear un nuevo registro igual al anterior.
2022-08-11 17:36:38,367 - root - INFO -  Se da clic en el registro creado, para proceder a modificarlo.
2022-08-11 17:36:43,583 - root - INFO -  Se modifica el contenido del campo Codigo Alternativo
2022-08-11 17:36:46,866 - root - INFO -  Se modifica el contenido del campo Descripcion
2022-08-11 17:36:58,523 - root - INFO -  Ingresa la Fecha hasta del nuevo registro 
2022-08-11 17:37:01,714 - root - INFO -  Ingresa el tipo de documento del nuevo registro 
2022-08-11 17:37:18,245 - root - INFO -  Captura: C:\xampp\htdocs\versiones\automatizaciones\AutoPWST\09PV\report\img  screen：20220811_17_37_18.png
2022-08-11 17:37:45,495 - root - INFO - Se hace el cambio de pestaña para continuar con el registro nuevo
2022-08-11 17:37:53,117 - root - INFO -  Se da clic en el registro creado, para proceder a modificarlo.
2022-08-11 17:37:56,438 - root - INFO -  Ingresa el Articulo del nuevo registro 
2022-08-11 17:38:06,634 - root - INFO -  Ingresa el Articulo a bonificar del nuevo registro 
2022-08-11 17:38:16,798 - root - INFO -  Ingresa la Cantidad a Bonificar del nuevo registro 
2022-08-11 17:38:19,973 - root - INFO -  Ingresa la Cantidad en Bonificación del nuevo registro 
2022-08-11 17:38:23,070 - root - INFO -  Se presiona el boton 'Guardar', para guardar el registro.
2022-08-11 17:38:28,191 - root - INFO -  Se da clic en el boton Guardar; se debe modificar la informacion del registro.
2022-08-11 17:38:33,283 - root - INFO -  Se presiona el boton 'Refrescar', para proceder a eliminar el registro.
2022-08-11 17:38:42,905 - root - INFO -  Se da clic en el registro creado, para proceder a eliminarlo.
2022-08-11 17:38:48,008 - root - INFO - Se hace el cambio de pestaña para continuar con el registro nuevo
2022-08-11 17:38:55,624 - root - INFO -  Se da clic en el registro creado, para proceder a modificarlo.
2022-08-11 17:39:03,723 - root - INFO -  Se presiona el boton 'Eliminar', para eliminar el registro.
2022-08-11 17:39:03,803 - root - INFO -  Se da clic en el boton Guardar; se debe modificar la informacion del registro.
2022-08-11 17:39:13,430 - root - INFO -  Se da clic en el registro creado, para proceder a eliminarlo.
2022-08-11 17:39:21,541 - root - INFO -  Se presiona el boton 'Eliminar', para eliminar el registro.
2022-08-11 17:39:21,543 - root - INFO -  Captura: C:\xampp\htdocs\versiones\automatizaciones\AutoPWST\09PV\report\img  screen：20220811_17_39_21.png
2022-08-11 17:39:21,741 - root - INFO -  Se confirma el eliminado del registro
2022-08-11 17:39:26,861 - root - INFO -  Se presiona el boton 'Refrescar', para crear un nuevo registro igual al anterior.
2022-08-11 17:39:32,011 - root - INFO -  Se presiona el boton 'Cerrar', para cerrar la pantalla de Categorias Fiscales.
2022-08-11 17:39:36,319 - root - INFO -  Se cierra chrome
