2022-12-20 13:06:06,832 - root - INFO -  Se abre el chrome
2022-12-20 13:06:08,126 - root - INFO -  Entra a la URL
2022-12-20 13:06:08,266 - root - INFO -  Maximiza la pantalla
2022-12-20 13:06:11,508 - root - INFO -  Escribe el usuario
2022-12-20 13:06:11,647 - root - INFO -  Escribe la contraseña
2022-12-20 13:06:11,763 - root - INFO -  Se dio clic en el boton ingresar
2022-12-20 13:06:13,065 - root - INFO -  Ejecutar Enterprise
2022-12-20 13:06:17,117 - root - INFO -  Cambia entre pestañas
2022-12-20 13:06:21,206 - root - INFO -  Abre la pantalla de Politicas de Venta
2022-12-20 13:06:22,824 - root - INFO -  La pantalla ejecutada es Politicas de Venta
2022-12-20 13:06:22,826 - root - INFO -  Captura: C:\xampp\htdocs\Versiones\automatizaciones\AutoPWST\09PV\report\img  screen：20221220_13_06_22.png
2022-12-20 13:06:23,070 - root - INFO -  Se presiona el boton 'Nuevo', para crear un nuevo registro.
2022-12-20 13:06:23,758 - root - INFO -  Se abrio la pantalla para el ingreso de un registro nuevo.
2022-12-20 13:06:23,816 - root - INFO -  El campo 'Codigo' si se encuentra visible.
2022-12-20 13:06:23,930 - root - INFO -  El campo 'Codigo Alternativo' si se encuentra visible.
2022-12-20 13:06:23,981 - root - INFO -  El campo 'Descrición' si se encuentra visible.
2022-12-20 13:06:24,038 - root - INFO -  El campo 'Tipo de Documento' si se encuentra visible.
2022-12-20 13:06:24,091 - root - INFO -  El campo 'Moneda' si se encuentra visible.
2022-12-20 13:06:24,144 - root - INFO -  El campo 'Aplicable en' si se encuentra visible.
2022-12-20 13:06:24,216 - root - INFO -  El campo 'Activa' si se encuentra visible.
2022-12-20 13:06:24,270 - root - INFO -  El campo 'Aplicación Global' si se encuentra visible.
2022-12-20 13:06:24,364 - root - INFO -  Ingresa el codigo del nuevo registro 
2022-12-20 13:06:24,514 - root - INFO -  Ingresa el codigo alternativo del nuevo registro 
2022-12-20 13:06:24,737 - root - INFO -  Ingresa la descripción del nuevo registro 
2022-12-20 13:06:24,883 - root - INFO -  Ingresa el tipo de documento del nuevo registro 
2022-12-20 13:06:28,056 - root - ERROR - No se encontró el registro de Moneda, validar que la acción anterior haya finalizado, que el xpath sea el correcto o que la página no presente lentitud
2022-12-20 13:06:28,057 - root - INFO -  Captura: C:\xampp\htdocs\Versiones\automatizaciones\AutoPWST\09PV\report\img  screen：20221220_13_06_28.png
2022-12-20 13:06:29,400 - root - ERROR - No se dió click en el botón Refrescar, validar que la acción anterior haya finalizado, que el xpath sea el correcto o que la página no presente lentitud
2022-12-20 13:06:29,402 - root - INFO -  Captura: C:\xampp\htdocs\Versiones\automatizaciones\AutoPWST\09PV\report\img  screen：20221220_13_06_29.png
2022-12-20 13:06:30,675 - root - ERROR - No se dió click en el botón Refrescar, validar que la acción anterior haya finalizado, que el xpath sea el correcto o que la página no presente lentitud
2022-12-20 13:06:30,677 - root - INFO -  Captura: C:\xampp\htdocs\Versiones\automatizaciones\AutoPWST\09PV\report\img  screen：20221220_13_06_30.png
2022-12-20 13:06:32,012 - root - ERROR - No se dió click en el botón Refrescar, validar que la acción anterior haya finalizado, que el xpath sea el correcto o que la página no presente lentitud
2022-12-20 13:06:32,015 - root - INFO -  Captura: C:\xampp\htdocs\Versiones\automatizaciones\AutoPWST\09PV\report\img  screen：20221220_13_06_32.png
2022-12-20 13:06:36,705 - root - INFO -  Se cierra chrome
2022-12-20 13:08:13,172 - root - INFO -  Se abre el chrome
2022-12-20 13:08:14,358 - root - INFO -  Entra a la URL
2022-12-20 13:08:14,495 - root - INFO -  Maximiza la pantalla
2022-12-20 13:08:17,627 - root - INFO -  Escribe el usuario
2022-12-20 13:08:17,775 - root - INFO -  Escribe la contraseña
2022-12-20 13:08:17,888 - root - INFO -  Se dio clic en el boton ingresar
2022-12-20 13:08:19,177 - root - INFO -  Ejecutar Enterprise
2022-12-20 13:08:23,246 - root - INFO -  Cambia entre pestañas
2022-12-20 13:08:42,417 - root - INFO -  Abre la pantalla de Politicas de Venta
2022-12-20 13:08:42,994 - root - INFO -  La pantalla ejecutada es Politicas de Venta
2022-12-20 13:08:42,996 - root - INFO -  Captura: C:\xampp\htdocs\Versiones\automatizaciones\AutoPWST\09PV\report\img  screen：20221220_13_08_42.png
2022-12-20 13:08:43,230 - root - INFO -  Se presiona el boton 'Nuevo', para crear un nuevo registro.
2022-12-20 13:08:43,794 - root - INFO -  Se abrio la pantalla para el ingreso de un registro nuevo.
2022-12-20 13:08:43,838 - root - INFO -  El campo 'Codigo' si se encuentra visible.
2022-12-20 13:08:43,946 - root - INFO -  El campo 'Codigo Alternativo' si se encuentra visible.
2022-12-20 13:08:43,993 - root - INFO -  El campo 'Descrición' si se encuentra visible.
2022-12-20 13:08:44,039 - root - INFO -  El campo 'Tipo de Documento' si se encuentra visible.
2022-12-20 13:08:44,100 - root - INFO -  El campo 'Moneda' si se encuentra visible.
2022-12-20 13:08:44,149 - root - INFO -  El campo 'Aplicable en' si se encuentra visible.
2022-12-20 13:08:44,198 - root - INFO -  El campo 'Activa' si se encuentra visible.
2022-12-20 13:08:44,260 - root - INFO -  El campo 'Aplicación Global' si se encuentra visible.
2022-12-20 13:08:44,341 - root - INFO -  Ingresa el codigo del nuevo registro 
2022-12-20 13:08:44,462 - root - INFO -  Ingresa el codigo alternativo del nuevo registro 
2022-12-20 13:08:44,653 - root - INFO -  Ingresa la descripción del nuevo registro 
2022-12-20 13:08:44,786 - root - INFO -  Ingresa el tipo de documento del nuevo registro 
2022-12-20 13:08:45,852 - root - INFO -  Se dió doble click en el registro de Moneda.
2022-12-20 13:08:46,514 - root - INFO -  Se dió click en la opción BackOffice y Mobile.
2022-12-20 13:08:46,613 - root - INFO -  Se dió click en el checkbox Activa.
2022-12-20 13:08:46,698 - root - INFO -  Se dió click en el checkbox Aplicación Global.
2022-12-20 13:08:46,778 - root - INFO - Se hace el cambio a la pestaña Por Articulo para continuar con el registro nuevo
2022-12-20 13:08:47,461 - root - INFO -  Se presiona el boton 'Nuevo', para crear un nuevo registro de Por Articulo.
2022-12-20 13:08:48,182 - root - INFO -  El campo 'Artículo' si se encuentra visible.
2022-12-20 13:08:48,229 - root - INFO -  El campo 'Artículo a Bonificar' si se encuentra visible.
2022-12-20 13:08:48,277 - root - INFO -  El campo 'Cantidad a Bonificar(Packing)' si se encuentra visible.
2022-12-20 13:08:48,326 - root - INFO -  El campo 'Cantidad en Bonificación(Unidad)' si se encuentra visible.
2022-12-20 13:08:48,380 - root - INFO -  El campo 'Tope Descuento 1' si se encuentra visible.
2022-12-20 13:08:48,448 - root - INFO -  El campo 'Tope Descuento 2' si se encuentra visible.
2022-12-20 13:08:48,585 - root - INFO -  Ingresa el Articulo del nuevo registro 
2022-12-20 13:08:48,734 - root - INFO -  Ingresa el Articulo a bonificar del nuevo registro 
2022-12-20 13:08:48,894 - root - INFO -  Ingresa la Cantidad a Bonificar del nuevo registro 
2022-12-20 13:08:49,107 - root - INFO -  Ingresa la Cantidad en Bonificación del nuevo registro 
2022-12-20 13:08:49,373 - root - INFO -  Ingresa el Tope Descuento 2 del nuevo registro 
2022-12-20 13:08:49,510 - root - INFO -  Ingresa el Tope Descuento 2 del nuevo registro 
2022-12-20 13:08:49,511 - root - INFO -  Captura: C:\xampp\htdocs\Versiones\automatizaciones\AutoPWST\09PV\report\img  screen：20221220_13_08_49.png
2022-12-20 13:08:49,781 - root - INFO -  Se presiona el boton 'Guardar', para guardar el registro de Por Articulo.
2022-12-20 13:08:50,146 - root - INFO -  Se da clic en el boton Guardar; se debe crear un nuevo registro.
2022-12-20 13:08:50,611 - root - INFO -  Se presiona el boton 'Refrescar', para crear un nuevo registro igual al anterior.
2022-12-20 13:08:52,770 - root - INFO -  Se presiona el boton 'Nuevo', para crear un nuevo registro igual al anterior.
2022-12-20 13:08:53,323 - root - INFO -  Se abrio la pantalla para el ingreso de un registro nuevo.
2022-12-20 13:08:53,449 - root - INFO -  Ingresa el codigo del nuevo registro 
2022-12-20 13:08:53,618 - root - INFO -  Ingresa el codigo alternativo del nuevo registro 
2022-12-20 13:08:53,806 - root - INFO -  Ingresa la descripción del nuevo registro 
2022-12-20 13:08:53,919 - root - INFO -  Ingresa el tipo de documento del nuevo registro 
2022-12-20 13:08:58,136 - root - ERROR - No se encontró el registro de Moneda, validar que la acción anterior haya finalizado, que el xpath sea el correcto o que la página no presente lentitud
2022-12-20 13:08:58,139 - root - INFO -  Captura: C:\xampp\htdocs\Versiones\automatizaciones\AutoPWST\09PV\report\img  screen：20221220_13_08_58.png
2022-12-20 13:08:59,471 - root - ERROR - No se dió click en el botón Refrescar, validar que la acción anterior haya finalizado, que el xpath sea el correcto o que la página no presente lentitud
2022-12-20 13:08:59,473 - root - INFO -  Captura: C:\xampp\htdocs\Versiones\automatizaciones\AutoPWST\09PV\report\img  screen：20221220_13_08_59.png
2022-12-20 13:09:00,797 - root - ERROR - No se dió click en el botón Refrescar, validar que la acción anterior haya finalizado, que el xpath sea el correcto o que la página no presente lentitud
2022-12-20 13:09:00,799 - root - INFO -  Captura: C:\xampp\htdocs\Versiones\automatizaciones\AutoPWST\09PV\report\img  screen：20221220_13_09_00.png
2022-12-20 13:09:05,436 - root - INFO -  Se cierra chrome
2022-12-20 13:10:11,213 - root - INFO -  Se abre el chrome
2022-12-20 13:10:12,466 - root - INFO -  Entra a la URL
2022-12-20 13:10:12,602 - root - INFO -  Maximiza la pantalla
2022-12-20 13:10:15,736 - root - INFO -  Escribe el usuario
2022-12-20 13:10:15,879 - root - INFO -  Escribe la contraseña
2022-12-20 13:10:15,986 - root - INFO -  Se dio clic en el boton ingresar
2022-12-20 13:10:17,280 - root - INFO -  Ejecutar Enterprise
2022-12-20 13:10:21,346 - root - INFO -  Cambia entre pestañas
2022-12-20 13:10:40,612 - root - INFO -  Abre la pantalla de Politicas de Venta
2022-12-20 13:10:41,199 - root - INFO -  La pantalla ejecutada es Politicas de Venta
2022-12-20 13:10:41,199 - root - INFO -  Captura: C:\xampp\htdocs\Versiones\automatizaciones\AutoPWST\09PV\report\img  screen：20221220_13_10_41.png
2022-12-20 13:10:41,431 - root - INFO -  Se presiona el boton 'Nuevo', para crear un nuevo registro.
2022-12-20 13:10:41,992 - root - INFO -  Se abrio la pantalla para el ingreso de un registro nuevo.
2022-12-20 13:10:42,037 - root - INFO -  El campo 'Codigo' si se encuentra visible.
2022-12-20 13:10:42,150 - root - INFO -  El campo 'Codigo Alternativo' si se encuentra visible.
2022-12-20 13:10:42,196 - root - INFO -  El campo 'Descrición' si se encuentra visible.
2022-12-20 13:10:42,240 - root - INFO -  El campo 'Tipo de Documento' si se encuentra visible.
2022-12-20 13:10:42,296 - root - INFO -  El campo 'Moneda' si se encuentra visible.
2022-12-20 13:10:42,342 - root - INFO -  El campo 'Aplicable en' si se encuentra visible.
2022-12-20 13:10:42,393 - root - INFO -  El campo 'Activa' si se encuentra visible.
2022-12-20 13:10:42,449 - root - INFO -  El campo 'Aplicación Global' si se encuentra visible.
2022-12-20 13:10:42,534 - root - INFO -  Ingresa el codigo del nuevo registro 
2022-12-20 13:10:42,651 - root - INFO -  Ingresa el codigo alternativo del nuevo registro 
2022-12-20 13:10:42,840 - root - INFO -  Ingresa la descripción del nuevo registro 
2022-12-20 13:10:42,975 - root - INFO -  Ingresa el tipo de documento del nuevo registro 
2022-12-20 13:10:44,105 - root - INFO -  Se dió doble click en el registro de Moneda.
2022-12-20 13:10:44,709 - root - INFO -  Se dió click en la opción BackOffice y Mobile.
2022-12-20 13:10:44,818 - root - INFO -  Se dió click en el checkbox Activa.
2022-12-20 13:10:44,905 - root - INFO -  Se dió click en el checkbox Aplicación Global.
2022-12-20 13:10:44,995 - root - INFO - Se hace el cambio a la pestaña Por Articulo para continuar con el registro nuevo
2022-12-20 13:10:45,660 - root - INFO -  Se presiona el boton 'Nuevo', para crear un nuevo registro de Por Articulo.
2022-12-20 13:10:46,364 - root - INFO -  El campo 'Artículo' si se encuentra visible.
2022-12-20 13:10:46,410 - root - INFO -  El campo 'Artículo a Bonificar' si se encuentra visible.
2022-12-20 13:10:46,458 - root - INFO -  El campo 'Cantidad a Bonificar(Packing)' si se encuentra visible.
2022-12-20 13:10:46,507 - root - INFO -  El campo 'Cantidad en Bonificación(Unidad)' si se encuentra visible.
2022-12-20 13:10:46,554 - root - INFO -  El campo 'Tope Descuento 1' si se encuentra visible.
2022-12-20 13:10:46,622 - root - INFO -  El campo 'Tope Descuento 2' si se encuentra visible.
2022-12-20 13:10:46,757 - root - INFO -  Ingresa el Articulo del nuevo registro 
2022-12-20 13:10:46,902 - root - INFO -  Ingresa el Articulo a bonificar del nuevo registro 
2022-12-20 13:10:47,071 - root - INFO -  Ingresa la Cantidad a Bonificar del nuevo registro 
2022-12-20 13:10:47,294 - root - INFO -  Ingresa la Cantidad en Bonificación del nuevo registro 
2022-12-20 13:10:47,544 - root - INFO -  Ingresa el Tope Descuento 2 del nuevo registro 
2022-12-20 13:10:47,672 - root - INFO -  Ingresa el Tope Descuento 2 del nuevo registro 
2022-12-20 13:10:47,673 - root - INFO -  Captura: C:\xampp\htdocs\Versiones\automatizaciones\AutoPWST\09PV\report\img  screen：20221220_13_10_47.png
2022-12-20 13:10:47,942 - root - INFO -  Se presiona el boton 'Guardar', para guardar el registro de Por Articulo.
2022-12-20 13:10:48,249 - root - INFO -  Se da clic en el boton Guardar; se debe crear un nuevo registro.
2022-12-20 13:10:49,379 - root - ERROR - No se dió click en el botón Refrescar, validar que la acción anterior haya finalizado, que el xpath sea el correcto o que la página no presente lentitud
2022-12-20 13:10:49,382 - root - INFO -  Captura: C:\xampp\htdocs\Versiones\automatizaciones\AutoPWST\09PV\report\img  screen：20221220_13_10_49.png
2022-12-20 13:10:50,743 - root - ERROR - No se dió click en el botón Refrescar, validar que la acción anterior haya finalizado, que el xpath sea el correcto o que la página no presente lentitud
2022-12-20 13:10:50,746 - root - INFO -  Captura: C:\xampp\htdocs\Versiones\automatizaciones\AutoPWST\09PV\report\img  screen：20221220_13_10_50.png
2022-12-20 13:10:52,021 - root - ERROR - No se dió click en el botón Refrescar, validar que la acción anterior haya finalizado, que el xpath sea el correcto o que la página no presente lentitud
2022-12-20 13:10:52,024 - root - INFO -  Captura: C:\xampp\htdocs\Versiones\automatizaciones\AutoPWST\09PV\report\img  screen：20221220_13_10_52.png
2022-12-20 13:10:56,710 - root - INFO -  Se cierra chrome
2022-12-20 13:11:48,072 - root - INFO -  Se abre el chrome
2022-12-20 13:11:49,189 - root - INFO -  Entra a la URL
2022-12-20 13:11:49,330 - root - INFO -  Maximiza la pantalla
2022-12-20 13:11:52,458 - root - INFO -  Escribe el usuario
2022-12-20 13:11:52,608 - root - INFO -  Escribe la contraseña
2022-12-20 13:11:52,728 - root - INFO -  Se dio clic en el boton ingresar
2022-12-20 13:11:53,510 - root - INFO -  Ejecutar Enterprise
2022-12-20 13:11:57,564 - root - INFO -  Cambia entre pestañas
2022-12-20 13:12:05,789 - root - INFO -  Abre la pantalla de Politicas de Venta
2022-12-20 13:12:06,359 - root - INFO -  La pantalla ejecutada es Politicas de Venta
2022-12-20 13:12:06,360 - root - INFO -  Captura: C:\xampp\htdocs\Versiones\automatizaciones\AutoPWST\09PV\report\img  screen：20221220_13_12_06.png
2022-12-20 13:12:06,612 - root - INFO -  Se presiona el boton 'Nuevo', para crear un nuevo registro.
2022-12-20 13:12:07,307 - root - INFO -  Se abrio la pantalla para el ingreso de un registro nuevo.
2022-12-20 13:12:07,354 - root - INFO -  El campo 'Codigo' si se encuentra visible.
2022-12-20 13:12:07,482 - root - INFO -  El campo 'Codigo Alternativo' si se encuentra visible.
2022-12-20 13:12:07,536 - root - INFO -  El campo 'Descrición' si se encuentra visible.
2022-12-20 13:12:07,591 - root - INFO -  El campo 'Tipo de Documento' si se encuentra visible.
2022-12-20 13:12:07,656 - root - INFO -  El campo 'Moneda' si se encuentra visible.
2022-12-20 13:12:07,715 - root - INFO -  El campo 'Aplicable en' si se encuentra visible.
2022-12-20 13:12:07,780 - root - INFO -  El campo 'Activa' si se encuentra visible.
2022-12-20 13:12:07,842 - root - INFO -  El campo 'Aplicación Global' si se encuentra visible.
2022-12-20 13:12:07,958 - root - INFO -  Ingresa el codigo del nuevo registro 
2022-12-20 13:12:08,139 - root - INFO -  Ingresa el codigo alternativo del nuevo registro 
2022-12-20 13:12:08,412 - root - INFO -  Ingresa la descripción del nuevo registro 
2022-12-20 13:12:08,574 - root - INFO -  Ingresa el tipo de documento del nuevo registro 
2022-12-20 13:12:09,600 - root - INFO -  Se dió doble click en el registro de Moneda.
2022-12-20 13:12:10,210 - root - INFO -  Se dió click en la opción BackOffice y Mobile.
2022-12-20 13:12:10,318 - root - INFO -  Se dió click en el checkbox Activa.
2022-12-20 13:12:10,410 - root - INFO -  Se dió click en el checkbox Aplicación Global.
2022-12-20 13:12:10,514 - root - INFO - Se hace el cambio a la pestaña Por Articulo para continuar con el registro nuevo
2022-12-20 13:12:11,186 - root - INFO -  Se presiona el boton 'Nuevo', para crear un nuevo registro de Por Articulo.
2022-12-20 13:12:11,886 - root - INFO -  El campo 'Artículo' si se encuentra visible.
2022-12-20 13:12:11,931 - root - INFO -  El campo 'Artículo a Bonificar' si se encuentra visible.
2022-12-20 13:12:11,979 - root - INFO -  El campo 'Cantidad a Bonificar(Packing)' si se encuentra visible.
2022-12-20 13:12:12,024 - root - INFO -  El campo 'Cantidad en Bonificación(Unidad)' si se encuentra visible.
2022-12-20 13:12:12,076 - root - INFO -  El campo 'Tope Descuento 1' si se encuentra visible.
2022-12-20 13:12:12,122 - root - INFO -  El campo 'Tope Descuento 2' si se encuentra visible.
2022-12-20 13:12:12,260 - root - INFO -  Ingresa el Articulo del nuevo registro 
2022-12-20 13:12:12,396 - root - INFO -  Ingresa el Articulo a bonificar del nuevo registro 
2022-12-20 13:12:12,545 - root - INFO -  Ingresa la Cantidad a Bonificar del nuevo registro 
2022-12-20 13:12:12,768 - root - INFO -  Ingresa la Cantidad en Bonificación del nuevo registro 
2022-12-20 13:12:13,027 - root - INFO -  Ingresa el Tope Descuento 2 del nuevo registro 
2022-12-20 13:12:13,229 - root - INFO -  Ingresa el Tope Descuento 2 del nuevo registro 
2022-12-20 13:12:13,233 - root - INFO -  Captura: C:\xampp\htdocs\Versiones\automatizaciones\AutoPWST\09PV\report\img  screen：20221220_13_12_13.png
2022-12-20 13:12:13,544 - root - INFO -  Se presiona el boton 'Guardar', para guardar el registro de Por Articulo.
2022-12-20 13:12:13,866 - root - INFO -  Se da clic en el boton Guardar; se debe crear un nuevo registro.
2022-12-20 13:12:14,358 - root - INFO -  Se presiona el boton 'Refrescar', para crear un nuevo registro igual al anterior.
2022-12-20 13:12:16,471 - root - INFO -  Se presiona el boton 'Nuevo', para crear un nuevo registro igual al anterior.
2022-12-20 13:12:17,024 - root - INFO -  Se abrio la pantalla para el ingreso de un registro nuevo.
2022-12-20 13:12:17,149 - root - INFO -  Ingresa el codigo del nuevo registro 
2022-12-20 13:12:17,319 - root - INFO -  Ingresa el codigo alternativo del nuevo registro 
2022-12-20 13:12:17,526 - root - INFO -  Ingresa la descripción del nuevo registro 
2022-12-20 13:12:17,642 - root - INFO -  Ingresa el tipo de documento del nuevo registro 
2022-12-20 13:12:18,667 - root - INFO -  Se dió doble click en el registro de Moneda.
2022-12-20 13:12:19,261 - root - INFO -  Se dió click en la opción BackOffice y Mobile.
2022-12-20 13:12:19,390 - root - INFO -  Se dió click en el checkbox Activa.
2022-12-20 13:12:19,487 - root - INFO -  Se dió click en el checkbox Aplicación Global.
2022-12-20 13:12:19,587 - root - INFO -  Se da clic en el boton Guardar; NO se debe crear un nuevo registro.
2022-12-20 13:12:19,588 - root - INFO -  Captura: C:\xampp\htdocs\Versiones\automatizaciones\AutoPWST\09PV\report\img  screen：20221220_13_12_19.png
2022-12-20 13:12:20,479 - root - INFO -  Se presiona el boton 'Cerrar', para cerrar el mensaje de duplicidad de llave primaria
2022-12-20 13:12:20,645 - root - INFO -  Se presiona el boton 'Cerrar', para cerrar la ventana
2022-12-20 13:12:20,804 - root - INFO -  Se presiona el boton 'Refrescar', para proceder a modificar el registro.
2022-12-20 13:12:23,539 - root - INFO -  Se da clic en el registro creado, para proceder a modificarlo.
2022-12-20 13:12:24,272 - root - INFO -  Se modifica el contenido del campo Codigo Alternativo
2022-12-20 13:12:24,528 - root - INFO -  Se modifica el contenido del campo Descripcion
2022-12-20 13:12:24,718 - root - INFO -  Se modifica el contenido del campo Tipo Documento 
2022-12-20 13:12:24,718 - root - INFO -  Captura: C:\xampp\htdocs\Versiones\automatizaciones\AutoPWST\09PV\report\img  screen：20221220_13_12_24.png
2022-12-20 13:12:24,982 - root - INFO -  Se dió click en el checkbox Aplicación Global.
2022-12-20 13:12:25,323 - root - INFO - Se hace el cambio a la pestaña Por Articulo para continuar con la modificación del registro
2022-12-20 13:12:46,652 - root - ERROR - No se dió click en el botón Refrescar, validar que la acción anterior haya finalizado, que el xpath sea el correcto o que la página no presente lentitud
2022-12-20 13:12:46,654 - root - INFO -  Captura: C:\xampp\htdocs\Versiones\automatizaciones\AutoPWST\09PV\report\img  screen：20221220_13_12_46.png
2022-12-20 13:12:51,263 - root - INFO -  Se cierra chrome
2022-12-20 13:17:02,294 - root - INFO -  Se abre el chrome
2022-12-20 13:17:03,437 - root - INFO -  Entra a la URL
2022-12-20 13:17:03,575 - root - INFO -  Maximiza la pantalla
2022-12-20 13:17:06,702 - root - INFO -  Escribe el usuario
2022-12-20 13:17:06,836 - root - INFO -  Escribe la contraseña
2022-12-20 13:17:06,952 - root - INFO -  Se dio clic en el boton ingresar
2022-12-20 13:17:08,243 - root - INFO -  Ejecutar Enterprise
2022-12-20 13:17:12,308 - root - INFO -  Cambia entre pestañas
2022-12-20 13:17:23,955 - root - INFO -  Abre la pantalla de Politicas de Venta
2022-12-20 13:17:24,551 - root - INFO -  La pantalla ejecutada es Politicas de Venta
2022-12-20 13:17:24,552 - root - INFO -  Captura: C:\xampp\htdocs\Versiones\automatizaciones\AutoPWST\09PV\report\img  screen：20221220_13_17_24.png
2022-12-20 13:17:24,826 - root - INFO -  Se presiona el boton 'Nuevo', para crear un nuevo registro.
2022-12-20 13:17:25,396 - root - INFO -  Se abrio la pantalla para el ingreso de un registro nuevo.
2022-12-20 13:17:25,442 - root - INFO -  El campo 'Codigo' si se encuentra visible.
2022-12-20 13:17:25,544 - root - INFO -  El campo 'Codigo Alternativo' si se encuentra visible.
2022-12-20 13:17:25,591 - root - INFO -  El campo 'Descrición' si se encuentra visible.
2022-12-20 13:17:25,636 - root - INFO -  El campo 'Tipo de Documento' si se encuentra visible.
2022-12-20 13:17:25,680 - root - INFO -  El campo 'Moneda' si se encuentra visible.
2022-12-20 13:17:25,725 - root - INFO -  El campo 'Aplicable en' si se encuentra visible.
2022-12-20 13:17:25,771 - root - INFO -  El campo 'Activa' si se encuentra visible.
2022-12-20 13:17:25,819 - root - INFO -  El campo 'Aplicación Global' si se encuentra visible.
2022-12-20 13:17:25,906 - root - INFO -  Ingresa el codigo del nuevo registro 
2022-12-20 13:17:26,021 - root - INFO -  Ingresa el codigo alternativo del nuevo registro 
2022-12-20 13:17:26,221 - root - INFO -  Ingresa la descripción del nuevo registro 
2022-12-20 13:17:26,347 - root - INFO -  Ingresa el tipo de documento del nuevo registro 
2022-12-20 13:17:27,411 - root - INFO -  Se dió doble click en el registro de Moneda.
2022-12-20 13:17:28,021 - root - INFO -  Se dió click en la opción BackOffice y Mobile.
2022-12-20 13:17:28,142 - root - INFO -  Se dió click en el checkbox Activa.
2022-12-20 13:17:28,227 - root - INFO -  Se dió click en el checkbox Aplicación Global.
2022-12-20 13:17:28,315 - root - INFO - Se hace el cambio a la pestaña Por Articulo para continuar con el registro nuevo
2022-12-20 13:17:28,982 - root - INFO -  Se presiona el boton 'Nuevo', para crear un nuevo registro de Por Articulo.
2022-12-20 13:17:29,700 - root - INFO -  El campo 'Artículo' si se encuentra visible.
2022-12-20 13:17:29,744 - root - INFO -  El campo 'Artículo a Bonificar' si se encuentra visible.
2022-12-20 13:17:29,790 - root - INFO -  El campo 'Cantidad a Bonificar(Packing)' si se encuentra visible.
2022-12-20 13:17:29,835 - root - INFO -  El campo 'Cantidad en Bonificación(Unidad)' si se encuentra visible.
2022-12-20 13:17:29,885 - root - INFO -  El campo 'Tope Descuento 1' si se encuentra visible.
2022-12-20 13:17:29,932 - root - INFO -  El campo 'Tope Descuento 2' si se encuentra visible.
2022-12-20 13:17:30,065 - root - INFO -  Ingresa el Articulo del nuevo registro 
2022-12-20 13:17:30,226 - root - INFO -  Ingresa el Articulo a bonificar del nuevo registro 
2022-12-20 13:17:30,469 - root - INFO -  Ingresa la Cantidad a Bonificar del nuevo registro 
2022-12-20 13:17:30,708 - root - INFO -  Ingresa la Cantidad en Bonificación del nuevo registro 
2022-12-20 13:17:30,887 - root - INFO -  Ingresa el Tope Descuento 2 del nuevo registro 
2022-12-20 13:17:31,052 - root - INFO -  Ingresa el Tope Descuento 2 del nuevo registro 
2022-12-20 13:17:31,054 - root - INFO -  Captura: C:\xampp\htdocs\Versiones\automatizaciones\AutoPWST\09PV\report\img  screen：20221220_13_17_31.png
2022-12-20 13:17:31,424 - root - INFO -  Se presiona el boton 'Guardar', para guardar el registro de Por Articulo.
2022-12-20 13:17:31,777 - root - INFO -  Se da clic en el boton Guardar; se debe crear un nuevo registro.
2022-12-20 13:17:32,210 - root - INFO -  Se presiona el boton 'Refrescar', para crear un nuevo registro igual al anterior.
2022-12-20 13:17:34,310 - root - INFO -  Se presiona el boton 'Nuevo', para crear un nuevo registro igual al anterior.
2022-12-20 13:17:34,862 - root - INFO -  Se abrio la pantalla para el ingreso de un registro nuevo.
2022-12-20 13:17:34,997 - root - INFO -  Ingresa el codigo del nuevo registro 
2022-12-20 13:17:35,160 - root - INFO -  Ingresa el codigo alternativo del nuevo registro 
2022-12-20 13:17:35,359 - root - INFO -  Ingresa la descripción del nuevo registro 
2022-12-20 13:17:35,471 - root - INFO -  Ingresa el tipo de documento del nuevo registro 
2022-12-20 13:17:36,555 - root - INFO -  Se dió doble click en el registro de Moneda.
2022-12-20 13:17:37,122 - root - INFO -  Se dió click en la opción BackOffice y Mobile.
2022-12-20 13:17:37,207 - root - INFO -  Se dió click en el checkbox Activa.
2022-12-20 13:17:37,289 - root - INFO -  Se dió click en el checkbox Aplicación Global.
2022-12-20 13:17:37,383 - root - INFO -  Se da clic en el boton Guardar; NO se debe crear un nuevo registro.
2022-12-20 13:17:37,384 - root - INFO -  Captura: C:\xampp\htdocs\Versiones\automatizaciones\AutoPWST\09PV\report\img  screen：20221220_13_17_37.png
2022-12-20 13:17:38,692 - root - INFO -  Se presiona el boton 'Cerrar', para cerrar el mensaje de duplicidad de llave primaria
2022-12-20 13:17:38,873 - root - INFO -  Se presiona el boton 'Cerrar', para cerrar la ventana
2022-12-20 13:17:39,040 - root - INFO -  Se presiona el boton 'Refrescar', para proceder a modificar el registro.
2022-12-20 13:17:41,629 - root - INFO -  Se da clic en el registro creado, para proceder a modificarlo.
2022-12-20 13:17:42,416 - root - INFO -  Se modifica el contenido del campo Codigo Alternativo
2022-12-20 13:17:42,781 - root - INFO -  Se modifica el contenido del campo Descripcion
2022-12-20 13:17:42,981 - root - INFO -  Se modifica el contenido del campo Tipo Documento 
2022-12-20 13:17:42,983 - root - INFO -  Captura: C:\xampp\htdocs\Versiones\automatizaciones\AutoPWST\09PV\report\img  screen：20221220_13_17_42.png
2022-12-20 13:17:43,243 - root - INFO -  Se dió click en el checkbox Aplicación Global.
2022-12-20 13:17:43,597 - root - INFO - Se hace el cambio a la pestaña Por Articulo para continuar con la modificación del registro
2022-12-20 13:17:44,769 - root - INFO -  Se da clic en el registro de Por Articulo, para proceder a modificarlo.
2022-12-20 13:17:45,665 - root - INFO -  Se modifica el contenido del campo Articulo 
2022-12-20 13:17:45,853 - root - INFO -  Se modifica el contenido del campo Articulo a Bonificar 
2022-12-20 13:17:46,096 - root - INFO -  Se modifica el contenido del campo Cantidad a Bonificar 
2022-12-20 13:17:46,535 - root - INFO -  Se modifica el contenido del campo Cantidad en Bonificación 
2022-12-20 13:17:46,644 - root - INFO -  Se presiona el boton 'Guardar', para guardar la modificación del registro de Por Articulo.
2022-12-20 13:17:47,006 - root - INFO -  Se da clic en el boton Guardar; se debe modificar la informacion del registro.
2022-12-20 13:17:47,419 - root - INFO -  Se presiona el boton 'Refrescar', para proceder a eliminar el registro.
2022-12-20 13:17:50,072 - root - INFO -  Se da clic en el registro creado, para proceder a eliminarlo.
2022-12-20 13:17:50,692 - root - INFO - Se hace el cambio a la pestaña Por Articulo para continuar con la eliminación del registro
2022-12-20 13:17:51,844 - root - INFO -  Se da clic en el registro de Por Articulo, para proceder a modificarlo.
2022-12-20 13:17:51,950 - root - INFO -  Se presiona el boton 'Eliminar', para eliminar el registro de Por Articulo.
2022-12-20 13:17:52,123 - root - INFO -  Se da clic en el boton Guardar; se debe modificar la informacion del registro.
2022-12-20 13:17:52,718 - root - INFO -  Se da clic en el registro creado, para proceder a eliminarlo.
2022-12-20 13:17:52,833 - root - INFO -  Se presiona el boton 'Eliminar', para eliminar el registro.
2022-12-20 13:17:55,834 - root - INFO -  Captura: C:\xampp\htdocs\Versiones\automatizaciones\AutoPWST\09PV\report\img  screen：20221220_13_17_55.png
2022-12-20 13:17:56,097 - root - INFO -  Se confirma el eliminado del registro
2022-12-20 13:17:56,374 - root - INFO -  Se presiona el boton 'Refrescar', para verificar si el registro ha sido eliminado.
2022-12-20 13:17:58,485 - root - INFO -  Se presiona el boton 'Cerrar', para cerrar la pantalla de Politicas de Venta.
2022-12-20 13:18:02,816 - root - INFO -  Se cierra chrome
