2022-09-08 13:28:57,374 - root - INFO -  Se abre el chrome
2022-09-08 13:28:58,940 - root - INFO -  Entra a la URL
2022-09-08 13:28:59,069 - root - INFO -  Maximiza la pantalla
2022-09-08 13:29:02,126 - root - INFO -  Cambia al frame
2022-09-08 13:29:05,219 - root - INFO -  Escribe el usuario
2022-09-08 13:29:05,320 - root - INFO -  Escribe la contraseña
2022-09-08 13:29:05,473 - root - INFO -  Se dio clic en el boton ingresar
2022-09-08 13:29:06,822 - root - INFO -  Ejecutar Enterprise
2022-09-08 13:29:06,823 - root - INFO -  Captura: C:\xampp\htdocs\versiones\automatizaciones\AutoPWST\09PV\report\img  screen：20220908_13_29_06.png
2022-09-08 13:29:11,037 - root - INFO -  Cambia entre pestañas
2022-09-08 13:29:16,171 - root - INFO -  Abre el menu completo
2022-09-08 13:29:31,172 - root - INFO -  Abre la pantalla de Politicas de Venta
2022-09-08 13:29:31,263 - root - INFO -  La pantalla ejecutada es Politicas de Venta
2022-09-08 13:29:34,268 - root - INFO -  Captura: C:\xampp\htdocs\versiones\automatizaciones\AutoPWST\09PV\report\img  screen：20220908_13_29_34.png
2022-09-08 13:29:34,458 - root - INFO -  Se presiona el boton 'Nuevo', para crear un nuevo registro.
2022-09-08 13:29:39,507 - root - INFO -  Se abrio la pantalla para el ingreso de un registro nuevo.
2022-09-08 13:29:39,547 - root - INFO -  El campo 'Codigo' si se encuentra visible.
2022-09-08 13:29:39,585 - root - INFO -  El campo 'Codigo Alternativo' si se encuentra visible.
2022-09-08 13:29:39,623 - root - INFO -  El campo 'Descrición' si se encuentra visible.
2022-09-08 13:29:39,662 - root - INFO -  El campo 'Fecha Desde' si se encuentra visible.
2022-09-08 13:29:39,710 - root - INFO -  El campo 'Fecha Hasta' si se encuentra visible.
2022-09-08 13:29:39,749 - root - INFO -  El campo 'Tipo de Documento' si se encuentra visible.
2022-09-08 13:29:39,804 - root - INFO -  El campo 'Moneda' si se encuentra visible.
2022-09-08 13:29:39,843 - root - INFO -  El campo 'Aplicable en' si se encuentra visible.
2022-09-08 13:29:39,881 - root - INFO -  El campo 'Activa' si se encuentra visible.
2022-09-08 13:29:39,920 - root - INFO -  El campo 'Aplicación Global' si se encuentra visible.
2022-09-08 13:29:39,988 - root - INFO -  Ingresa el codigo del nuevo registro 
2022-09-08 13:29:43,161 - root - INFO -  Ingresa el codigo alternativo del nuevo registro 
2022-09-08 13:29:46,376 - root - INFO -  Ingresa la descripción del nuevo registro 
2022-09-08 13:29:54,915 - root - INFO -  Se dió click en el botón Hoy para seleccionar la fecha Actual.
2022-09-08 13:29:58,101 - root - INFO -  Ingresa la Fecha hasta del nuevo registro 
2022-09-08 13:30:01,298 - root - INFO -  Ingresa el tipo de documento del nuevo registro 
2022-09-08 13:30:14,886 - root - INFO -  Se dió doble click en el registro de Moneda.
2022-09-08 13:30:17,892 - root - INFO -  Captura: C:\xampp\htdocs\versiones\automatizaciones\AutoPWST\09PV\report\img  screen：20220908_13_30_17.png
2022-09-08 13:30:25,481 - root - INFO -  Se dió click en la opción BackOffice y Mobile.
2022-09-08 13:30:28,628 - root - INFO -  Se dió click en el checkbox Activa.
2022-09-08 13:30:31,745 - root - INFO -  Se dió click en el checkbox Aplicación Global.
2022-09-08 13:30:34,868 - root - INFO - Se hace el cambio a la pestaña Por Articulo para continuar con el registro nuevo
2022-09-08 13:30:37,984 - root - INFO -  Se presiona el boton 'Nuevo', para crear un nuevo registro de Por Articulo.
2022-09-08 13:30:43,072 - root - INFO -  El campo 'Artículo' si se encuentra visible.
2022-09-08 13:30:43,114 - root - INFO -  El campo 'Artículo a Bonificar' si se encuentra visible.
2022-09-08 13:30:43,152 - root - INFO -  El campo 'Cantidad a Bonificar(Packing)' si se encuentra visible.
2022-09-08 13:30:43,193 - root - INFO -  El campo 'Cantidad en Bonificación(Unidad)' si se encuentra visible.
2022-09-08 13:30:43,232 - root - INFO -  El campo 'Tope Descuento 1' si se encuentra visible.
2022-09-08 13:30:43,286 - root - INFO -  El campo 'Tope Descuento 2' si se encuentra visible.
2022-09-08 13:30:43,397 - root - INFO -  Ingresa el Articulo del nuevo registro 
2022-09-08 13:30:50,553 - root - INFO -  Ingresa el Articulo a bonificar del nuevo registro 
2022-09-08 13:30:57,711 - root - INFO -  Ingresa la Cantidad a Bonificar del nuevo registro 
2022-09-08 13:31:00,890 - root - INFO -  Ingresa la Cantidad en Bonificación del nuevo registro 
2022-09-08 13:31:04,048 - root - INFO -  Ingresa el Tope Descuento 2 del nuevo registro 
2022-09-08 13:31:07,210 - root - INFO -  Ingresa el Tope Descuento 2 del nuevo registro 
2022-09-08 13:31:10,419 - root - INFO -  Se presiona el boton 'Guardar', para guardar el registro de Por Articulo.
2022-09-08 13:31:15,540 - root - INFO -  Se da clic en el boton Guardar; se debe crear un nuevo registro.
2022-09-08 13:31:20,650 - root - INFO -  Se presiona el boton 'Refrescar', para crear un nuevo registro igual al anterior.
2022-09-08 13:31:25,809 - root - INFO -  Se presiona el boton 'Nuevo', para crear un nuevo registro igual al anterior.
2022-09-08 13:31:30,918 - root - INFO -  Se abrio la pantalla para el ingreso de un registro nuevo.
2022-09-08 13:31:30,986 - root - INFO -  Ingresa el codigo del nuevo registro 
2022-09-08 13:31:34,133 - root - INFO -  Ingresa el codigo alternativo del nuevo registro 
2022-09-08 13:31:37,351 - root - INFO -  Ingresa la descripción del nuevo registro 
2022-09-08 13:31:45,881 - root - INFO -  Se dió click en el botón Hoy para seleccionar la fecha Actual.
2022-09-08 13:31:49,071 - root - INFO -  Ingresa la Fecha hasta del nuevo registro 
2022-09-08 13:31:52,245 - root - INFO -  Ingresa el tipo de documento del nuevo registro 
2022-09-08 13:32:05,879 - root - INFO -  Se dió doble click en el registro de Moneda.
2022-09-08 13:32:16,359 - root - INFO -  Se dió click en la opción BackOffice y Mobile.
2022-09-08 13:32:19,489 - root - INFO -  Se dió click en el checkbox Activa.
2022-09-08 13:32:22,605 - root - INFO -  Se dió click en el checkbox Aplicación Global.
2022-09-08 13:32:25,796 - root - INFO -  Se da clic en el boton Guardar; NO se debe crear un nuevo registro.
2022-09-08 13:32:30,811 - root - INFO -  Captura: C:\xampp\htdocs\versiones\automatizaciones\AutoPWST\09PV\report\img  screen：20220908_13_32_30.png
2022-09-08 13:32:31,066 - root - INFO -  Se presiona el boton 'Cerrar', para cerrar el mensaje de duplicidad de llave primaria
2022-09-08 13:32:34,205 - root - INFO -  Se presiona el boton 'Cerrar', para cerrar la ventana
2022-09-08 13:32:38,296 - root - INFO -  Se presiona el boton 'Refrescar', para proceder a modificar el registro.
2022-09-08 13:32:47,951 - root - INFO -  Se da clic en el registro creado, para proceder a modificarlo.
2022-09-08 13:32:53,143 - root - INFO -  Se modifica el contenido del campo Codigo Alternativo
2022-09-08 13:32:56,458 - root - INFO -  Se modifica el contenido del campo Descripcion
2022-09-08 13:33:04,981 - root - INFO -  Se dió click en el botón Hoy para seleccionar la fecha Actual.
2022-09-08 13:33:08,209 - root - INFO -  Se modifica el contenido del campo Fecha Hasta 
2022-09-08 13:33:11,429 - root - INFO -  Se modifica el contenido del campo Tipo Documento 
2022-09-08 13:33:14,554 - root - INFO -  Se dió click en el checkbox Aplicación Global.
2022-09-08 13:33:17,689 - root - INFO - Se hace el cambio a la pestaña Por Articulo para continuar con la modificación del registro
2022-09-08 13:33:25,336 - root - INFO -  Se da clic en el registro de Por Articulo, para proceder a modificarlo.
2022-09-08 13:33:28,556 - root - INFO -  Se modifica el contenido del campo Articulo 
2022-09-08 13:33:35,864 - root - INFO -  Se modifica el contenido del campo Articulo a Bonificar 
2022-09-08 13:33:46,071 - root - INFO -  Se modifica el contenido del campo Cantidad a Bonificar 
2022-09-08 13:33:49,285 - root - INFO -  Se modifica el contenido del campo Cantidad en Bonificación 
2022-09-08 13:33:52,424 - root - INFO -  Se presiona el boton 'Guardar', para guardar la modificación del registro de Por Articulo.
2022-09-08 13:33:57,553 - root - INFO -  Se da clic en el boton Guardar; se debe modificar la informacion del registro.
2022-09-08 13:34:02,675 - root - INFO -  Se presiona el boton 'Refrescar', para proceder a eliminar el registro.
2022-09-08 13:34:12,347 - root - INFO -  Se da clic en el registro creado, para proceder a eliminarlo.
2022-09-08 13:34:17,481 - root - INFO - Se hace el cambio a la pestaña Por Articulo para continuar con la eliminación del registro
2022-09-08 13:34:25,128 - root - INFO -  Se da clic en el registro de Por Articulo, para proceder a modificarlo.
2022-09-08 13:34:33,297 - root - INFO -  Se presiona el boton 'Eliminar', para eliminar el registro de Por Articulo.
2022-09-08 13:34:33,463 - root - INFO -  Se da clic en el boton Guardar; se debe modificar la informacion del registro.
2022-09-08 13:34:43,071 - root - INFO -  Se da clic en el registro creado, para proceder a eliminarlo.
2022-09-08 13:34:51,257 - root - INFO -  Se presiona el boton 'Eliminar', para eliminar el registro.
2022-09-08 13:34:51,260 - root - INFO -  Captura: C:\xampp\htdocs\versiones\automatizaciones\AutoPWST\09PV\report\img  screen：20220908_13_34_51.png
2022-09-08 13:34:51,514 - root - INFO -  Se confirma el eliminado del registro
2022-09-08 13:34:56,636 - root - INFO -  Se presiona el boton 'Refrescar', para verificar si el registro ha sido eliminado.
2022-09-08 13:35:01,755 - root - INFO -  Se presiona el boton 'Cerrar', para cerrar la pantalla de Politicas de Venta.
2022-09-08 13:35:08,490 - root - INFO -  Se cierra chrome
2022-09-08 13:36:53,354 - root - INFO -  Se abre el chrome
2022-09-08 13:36:54,825 - root - INFO -  Entra a la URL
2022-09-08 13:36:54,964 - root - INFO -  Maximiza la pantalla
2022-09-08 13:36:58,015 - root - INFO -  Cambia al frame
2022-09-08 13:37:01,101 - root - INFO -  Escribe el usuario
2022-09-08 13:37:01,203 - root - INFO -  Escribe la contraseña
2022-09-08 13:37:01,347 - root - INFO -  Se dio clic en el boton ingresar
2022-09-08 13:37:02,165 - root - INFO -  Ejecutar Enterprise
2022-09-08 13:37:02,167 - root - INFO -  Captura: C:\xampp\htdocs\versiones\automatizaciones\AutoPWST\09PV\report\img  screen：20220908_13_37_02.png
2022-09-08 13:37:06,428 - root - INFO -  Cambia entre pestañas
2022-09-08 13:37:21,275 - root - INFO -  Abre el menu completo
2022-09-08 13:37:36,632 - root - INFO -  Abre la pantalla de Politicas de Venta
