2022-08-01 10:43:36,215 - root - INFO -  Se abre el chrome
2022-08-01 10:43:38,721 - root - INFO -  Entra a la URL
2022-08-01 10:43:38,867 - root - INFO -  Maximiza la pantalla
2022-08-01 10:43:42,024 - root - INFO -  Cambia al frame
2022-08-01 10:43:45,147 - root - INFO -  Escribe el usuario
2022-08-01 10:43:45,285 - root - INFO -  Escribe la contraseña
2022-08-01 10:43:45,475 - root - INFO -  Se dio clic en el boton ingresar
2022-08-01 10:43:49,120 - root - INFO -  Ejecutar Enterprise
2022-08-01 10:43:53,238 - root - INFO -  Cambia entre pestañas
2022-08-01 10:44:07,293 - root - INFO -  Abre el menu completo
2022-08-01 10:44:26,013 - root - INFO -  Abre la pantalla de Acciones Scheduler
2022-08-01 10:44:38,222 - root - ERROR - La pantalla ejecutada no es correcta, revise si el xpath sigue siendo el mismo, para mas detalles del error consulte el reporte
2022-08-01 10:44:38,227 - root - INFO -  Captura: C:\xampp\htdocs\Versiones\automatizaciones\AutoPWST\03ASCH\report\img  screen：20220801_10_44_38.png
2022-08-01 10:45:02,587 - root - ERROR - La pantalla ejecutada no es correcta, revise si el xpath sigue siendo el mismo, para mas detalles del error consulte el reporte
2022-08-01 10:45:02,590 - root - INFO -  Captura: C:\xampp\htdocs\Versiones\automatizaciones\AutoPWST\03ASCH\report\img  screen：20220801_10_45_02.png
2022-08-01 10:45:26,908 - root - ERROR - No se encontró el botón Refrescar, revise si el xpath sigue siendo el mismo, para mas detalles del error consulte el reporte
2022-08-01 10:45:26,911 - root - INFO -  Captura: C:\xampp\htdocs\Versiones\automatizaciones\AutoPWST\03ASCH\report\img  screen：20220801_10_45_26.png
2022-08-01 10:45:51,330 - root - ERROR - No se encontró el botón Refrescar, revise si el xpath sigue siendo el mismo, para mas detalles del error consulte el reporte
2022-08-01 10:45:51,332 - root - INFO -  Captura: C:\xampp\htdocs\Versiones\automatizaciones\AutoPWST\03ASCH\report\img  screen：20220801_10_45_51.png
2022-08-01 10:46:15,654 - root - ERROR - No se encontró el botón Refrescar, revise si el xpath sigue siendo el mismo, para mas detalles del error consulte el reporte
2022-08-01 10:46:15,655 - root - INFO -  Captura: C:\xampp\htdocs\Versiones\automatizaciones\AutoPWST\03ASCH\report\img  screen：20220801_10_46_15.png
