2022-12-22 09:31:39,286 - root - INFO -  Se abre el chrome
2022-12-22 09:31:40,736 - root - INFO -  Entra a la URL
2022-12-22 09:31:40,867 - root - INFO -  Maximiza la pantalla
2022-12-22 09:31:44,085 - root - INFO -  Escribe el usuario
2022-12-22 09:31:44,224 - root - INFO -  Escribe la contraseña
2022-12-22 09:31:44,339 - root - INFO -  Se dio clic en el boton ingresar
2022-12-22 09:31:45,620 - root - INFO -  Ejecutar Enterprise
2022-12-22 09:31:49,692 - root - INFO -  Cambia entre pestañas
2022-12-22 09:31:53,401 - root - ERROR - No se pudo encontrar el menu indicado, revise si el xpath sigue siendo el mismo, para mas detalles del error consulte el reporte
2022-12-22 09:31:53,402 - root - INFO -  Captura: C:\xampp\htdocs\Versiones\automatizaciones\AutoPWST\03ASCH\report\img  screen：20221222_09_31_53.png
2022-12-22 09:31:57,986 - root - INFO -  Se cierra chrome
2022-12-22 09:31:57,990 - root - ERROR - La pantalla anterior fallo por lo que esta no funcionara, para mas detalles del error consulte el reporte
2022-12-22 09:31:57,993 - root - ERROR - La pantalla anterior fallo por lo que esta no funcionara, para mas detalles del error consulte el reporte
2022-12-22 09:31:57,997 - root - ERROR - La pantalla anterior fallo por lo que esta no funcionara, para mas detalles del error consulte el reporte
2022-12-22 09:31:58,001 - root - ERROR - La pantalla anterior fallo por lo que esta no funcionara, para mas detalles del error consulte el reporte
2022-12-22 09:36:12,606 - root - INFO -  Se abre el chrome
2022-12-22 09:36:13,608 - root - INFO -  Entra a la URL
2022-12-22 09:36:13,748 - root - INFO -  Maximiza la pantalla
2022-12-22 09:36:16,877 - root - INFO -  Escribe el usuario
2022-12-22 09:36:17,016 - root - INFO -  Escribe la contraseña
2022-12-22 09:36:17,130 - root - INFO -  Se dio clic en el boton ingresar
2022-12-22 09:36:18,395 - root - INFO -  Ejecutar Enterprise
2022-12-22 09:36:22,454 - root - INFO -  Cambia entre pestañas
2022-12-22 09:36:30,595 - root - ERROR - No se pudo encontrar el menu indicado, revise si el xpath sigue siendo el mismo, para mas detalles del error consulte el reporte
2022-12-22 09:36:30,596 - root - INFO -  Captura: C:\xampp\htdocs\Versiones\automatizaciones\AutoPWST\03ASCH\report\img  screen：20221222_09_36_30.png
2022-12-22 09:36:35,386 - root - INFO -  Se cierra chrome
2022-12-22 09:36:35,390 - root - ERROR - La pantalla anterior fallo por lo que esta no funcionara, para mas detalles del error consulte el reporte
2022-12-22 09:36:35,393 - root - ERROR - La pantalla anterior fallo por lo que esta no funcionara, para mas detalles del error consulte el reporte
2022-12-22 09:36:35,395 - root - ERROR - La pantalla anterior fallo por lo que esta no funcionara, para mas detalles del error consulte el reporte
2022-12-22 09:36:35,399 - root - ERROR - La pantalla anterior fallo por lo que esta no funcionara, para mas detalles del error consulte el reporte
2022-12-22 09:37:10,069 - root - INFO -  Se abre el chrome
2022-12-22 09:37:11,133 - root - INFO -  Entra a la URL
2022-12-22 09:37:11,263 - root - INFO -  Maximiza la pantalla
2022-12-22 09:37:14,396 - root - INFO -  Escribe el usuario
2022-12-22 09:37:14,554 - root - INFO -  Escribe la contraseña
2022-12-22 09:37:14,671 - root - INFO -  Se dio clic en el boton ingresar
2022-12-22 09:37:15,460 - root - INFO -  Ejecutar Enterprise
2022-12-22 09:37:19,519 - root - INFO -  Cambia entre pestañas
2022-12-22 09:37:25,537 - root - ERROR - No se pudo encontrar el menu indicado, revise si el xpath sigue siendo el mismo, para mas detalles del error consulte el reporte
2022-12-22 09:37:25,538 - root - INFO -  Captura: C:\xampp\htdocs\Versiones\automatizaciones\AutoPWST\03ASCH\report\img  screen：20221222_09_37_25.png
2022-12-22 09:37:30,175 - root - INFO -  Se cierra chrome
2022-12-22 09:37:30,179 - root - ERROR - La pantalla anterior fallo por lo que esta no funcionara, para mas detalles del error consulte el reporte
2022-12-22 09:37:30,183 - root - ERROR - La pantalla anterior fallo por lo que esta no funcionara, para mas detalles del error consulte el reporte
2022-12-22 09:37:30,186 - root - ERROR - La pantalla anterior fallo por lo que esta no funcionara, para mas detalles del error consulte el reporte
2022-12-22 09:37:30,191 - root - ERROR - La pantalla anterior fallo por lo que esta no funcionara, para mas detalles del error consulte el reporte
2022-12-22 09:38:08,387 - root - INFO -  Se abre el chrome
2022-12-22 09:38:09,388 - root - INFO -  Entra a la URL
2022-12-22 09:38:09,522 - root - INFO -  Maximiza la pantalla
2022-12-22 09:38:12,649 - root - INFO -  Escribe el usuario
2022-12-22 09:38:12,789 - root - INFO -  Escribe la contraseña
2022-12-22 09:38:12,907 - root - INFO -  Se dio clic en el boton ingresar
2022-12-22 09:38:14,186 - root - INFO -  Ejecutar Enterprise
2022-12-22 09:38:18,252 - root - INFO -  Cambia entre pestañas
2022-12-22 09:38:24,769 - root - ERROR - No se pudo encontrar el menu indicado, revise si el xpath sigue siendo el mismo, para mas detalles del error consulte el reporte
2022-12-22 09:38:24,770 - root - INFO -  Captura: C:\xampp\htdocs\Versiones\automatizaciones\AutoPWST\03ASCH\report\img  screen：20221222_09_38_24.png
2022-12-22 09:38:29,350 - root - INFO -  Se cierra chrome
2022-12-22 09:38:29,354 - root - ERROR - La pantalla anterior fallo por lo que esta no funcionara, para mas detalles del error consulte el reporte
2022-12-22 09:38:29,357 - root - ERROR - La pantalla anterior fallo por lo que esta no funcionara, para mas detalles del error consulte el reporte
2022-12-22 09:38:29,360 - root - ERROR - La pantalla anterior fallo por lo que esta no funcionara, para mas detalles del error consulte el reporte
2022-12-22 09:38:29,365 - root - ERROR - La pantalla anterior fallo por lo que esta no funcionara, para mas detalles del error consulte el reporte
2022-12-22 09:42:13,609 - root - INFO -  Se abre el chrome
2022-12-22 09:42:14,612 - root - INFO -  Entra a la URL
2022-12-22 09:42:14,741 - root - INFO -  Maximiza la pantalla
2022-12-22 09:42:17,877 - root - INFO -  Escribe el usuario
2022-12-22 09:42:18,018 - root - INFO -  Escribe la contraseña
2022-12-22 09:42:18,136 - root - INFO -  Se dio clic en el boton ingresar
2022-12-22 09:42:18,897 - root - INFO -  Ejecutar Enterprise
2022-12-22 09:42:22,966 - root - INFO -  Cambia entre pestañas
2022-12-22 09:42:28,715 - root - ERROR - No se pudo encontrar el menu indicado, revise si el xpath sigue siendo el mismo, para mas detalles del error consulte el reporte
2022-12-22 09:42:28,717 - root - INFO -  Captura: C:\xampp\htdocs\Versiones\automatizaciones\AutoPWST\03ASCH\report\img  screen：20221222_09_42_28.png
2022-12-22 09:42:33,357 - root - INFO -  Se cierra chrome
2022-12-22 09:42:33,359 - root - ERROR - La pantalla anterior fallo por lo que esta no funcionara, para mas detalles del error consulte el reporte
2022-12-22 09:42:33,360 - root - ERROR - La pantalla anterior fallo por lo que esta no funcionara, para mas detalles del error consulte el reporte
2022-12-22 09:42:33,362 - root - ERROR - La pantalla anterior fallo por lo que esta no funcionara, para mas detalles del error consulte el reporte
2022-12-22 09:42:33,363 - root - ERROR - La pantalla anterior fallo por lo que esta no funcionara, para mas detalles del error consulte el reporte
2022-12-22 09:43:33,704 - root - INFO -  Se abre el chrome
2022-12-22 09:43:34,935 - root - INFO -  Entra a la URL
2022-12-22 09:43:35,074 - root - INFO -  Maximiza la pantalla
2022-12-22 09:43:38,198 - root - INFO -  Escribe el usuario
2022-12-22 09:43:38,345 - root - INFO -  Escribe la contraseña
2022-12-22 09:43:38,463 - root - INFO -  Se dio clic en el boton ingresar
2022-12-22 09:43:39,728 - root - INFO -  Ejecutar Enterprise
2022-12-22 09:43:43,784 - root - INFO -  Cambia entre pestañas
2022-12-22 09:43:53,096 - root - ERROR - No se pudo encontrar el menu indicado, revise si el xpath sigue siendo el mismo, para mas detalles del error consulte el reporte
2022-12-22 09:43:53,098 - root - INFO -  Captura: C:\xampp\htdocs\Versiones\automatizaciones\AutoPWST\03ASCH\report\img  screen：20221222_09_43_53.png
2022-12-22 09:43:57,737 - root - INFO -  Se cierra chrome
2022-12-22 09:43:57,741 - root - ERROR - La pantalla anterior fallo por lo que esta no funcionara, para mas detalles del error consulte el reporte
2022-12-22 09:43:57,745 - root - ERROR - La pantalla anterior fallo por lo que esta no funcionara, para mas detalles del error consulte el reporte
2022-12-22 09:43:57,748 - root - ERROR - La pantalla anterior fallo por lo que esta no funcionara, para mas detalles del error consulte el reporte
2022-12-22 09:43:57,751 - root - ERROR - La pantalla anterior fallo por lo que esta no funcionara, para mas detalles del error consulte el reporte
2022-12-22 09:45:02,124 - root - INFO -  Se abre el chrome
2022-12-22 09:45:03,316 - root - INFO -  Entra a la URL
2022-12-22 09:45:03,455 - root - INFO -  Maximiza la pantalla
2022-12-22 09:45:06,583 - root - INFO -  Escribe el usuario
2022-12-22 09:45:06,716 - root - INFO -  Escribe la contraseña
2022-12-22 09:45:06,823 - root - INFO -  Se dio clic en el boton ingresar
2022-12-22 09:45:08,098 - root - INFO -  Ejecutar Enterprise
2022-12-22 09:45:12,151 - root - INFO -  Cambia entre pestañas
2022-12-22 09:45:25,785 - root - ERROR - No se pudo encontrar el menu indicado, revise si el xpath sigue siendo el mismo, para mas detalles del error consulte el reporte
2022-12-22 09:45:25,786 - root - INFO -  Captura: C:\xampp\htdocs\Versiones\automatizaciones\AutoPWST\03ASCH\report\img  screen：20221222_09_45_25.png
2022-12-22 09:45:30,450 - root - INFO -  Se cierra chrome
2022-12-22 09:45:30,453 - root - ERROR - La pantalla anterior fallo por lo que esta no funcionara, para mas detalles del error consulte el reporte
2022-12-22 09:45:30,457 - root - ERROR - La pantalla anterior fallo por lo que esta no funcionara, para mas detalles del error consulte el reporte
2022-12-22 09:45:30,460 - root - ERROR - La pantalla anterior fallo por lo que esta no funcionara, para mas detalles del error consulte el reporte
2022-12-22 09:45:30,465 - root - ERROR - La pantalla anterior fallo por lo que esta no funcionara, para mas detalles del error consulte el reporte
2022-12-22 09:48:07,802 - root - INFO -  Se abre el chrome
2022-12-22 09:48:08,877 - root - INFO -  Entra a la URL
2022-12-22 09:48:09,010 - root - INFO -  Maximiza la pantalla
2022-12-22 09:48:12,143 - root - INFO -  Escribe el usuario
2022-12-22 09:48:12,282 - root - INFO -  Escribe la contraseña
2022-12-22 09:48:12,392 - root - INFO -  Se dio clic en el boton ingresar
2022-12-22 09:48:13,166 - root - INFO -  Ejecutar Enterprise
2022-12-22 09:48:17,230 - root - INFO -  Cambia entre pestañas
2022-12-22 09:48:23,362 - root - ERROR - No se pudo encontrar el menu indicado, revise si el xpath sigue siendo el mismo, para mas detalles del error consulte el reporte
2022-12-22 09:48:23,363 - root - INFO -  Captura: C:\xampp\htdocs\Versiones\automatizaciones\AutoPWST\03ASCH\report\img  screen：20221222_09_48_23.png
2022-12-22 09:48:28,003 - root - INFO -  Se cierra chrome
2022-12-22 09:48:28,006 - root - ERROR - La pantalla anterior fallo por lo que esta no funcionara, para mas detalles del error consulte el reporte
2022-12-22 09:48:28,010 - root - ERROR - La pantalla anterior fallo por lo que esta no funcionara, para mas detalles del error consulte el reporte
2022-12-22 09:48:28,013 - root - ERROR - La pantalla anterior fallo por lo que esta no funcionara, para mas detalles del error consulte el reporte
2022-12-22 09:48:28,017 - root - ERROR - La pantalla anterior fallo por lo que esta no funcionara, para mas detalles del error consulte el reporte
2022-12-22 09:51:37,691 - root - INFO -  Se abre el chrome
2022-12-22 09:51:38,701 - root - INFO -  Entra a la URL
2022-12-22 09:51:38,831 - root - INFO -  Maximiza la pantalla
2022-12-22 09:51:41,958 - root - INFO -  Escribe el usuario
2022-12-22 09:51:42,095 - root - INFO -  Escribe la contraseña
2022-12-22 09:51:42,209 - root - INFO -  Se dio clic en el boton ingresar
2022-12-22 09:51:43,481 - root - INFO -  Ejecutar Enterprise
2022-12-22 09:51:47,539 - root - INFO -  Cambia entre pestañas
2022-12-22 09:51:53,398 - root - ERROR - No se pudo encontrar el menu indicado, revise si el xpath sigue siendo el mismo, para mas detalles del error consulte el reporte
2022-12-22 09:51:53,399 - root - INFO -  Captura: C:\xampp\htdocs\Versiones\automatizaciones\AutoPWST\03ASCH\report\img  screen：20221222_09_51_53.png
2022-12-22 09:51:57,969 - root - INFO -  Se cierra chrome
2022-12-22 09:51:57,972 - root - ERROR - La pantalla anterior fallo por lo que esta no funcionara, para mas detalles del error consulte el reporte
2022-12-22 09:51:57,975 - root - ERROR - La pantalla anterior fallo por lo que esta no funcionara, para mas detalles del error consulte el reporte
2022-12-22 09:51:57,977 - root - ERROR - La pantalla anterior fallo por lo que esta no funcionara, para mas detalles del error consulte el reporte
2022-12-22 09:51:57,981 - root - ERROR - La pantalla anterior fallo por lo que esta no funcionara, para mas detalles del error consulte el reporte
2022-12-22 09:53:41,648 - root - INFO -  Se abre el chrome
2022-12-22 09:53:42,556 - root - INFO -  Entra a la URL
2022-12-22 09:53:42,689 - root - INFO -  Maximiza la pantalla
2022-12-22 09:53:45,813 - root - INFO -  Escribe el usuario
2022-12-22 09:53:45,942 - root - INFO -  Escribe la contraseña
2022-12-22 09:53:46,056 - root - INFO -  Se dio clic en el boton ingresar
2022-12-22 09:53:46,829 - root - INFO -  Ejecutar Enterprise
2022-12-22 09:53:50,887 - root - INFO -  Cambia entre pestañas
2022-12-22 09:53:56,551 - root - ERROR - No se pudo encontrar el menu indicado, revise si el xpath sigue siendo el mismo, para mas detalles del error consulte el reporte
2022-12-22 09:53:56,552 - root - INFO -  Captura: C:\xampp\htdocs\Versiones\automatizaciones\AutoPWST\03ASCH\report\img  screen：20221222_09_53_56.png
2022-12-22 09:54:01,175 - root - INFO -  Se cierra chrome
2022-12-22 09:54:01,179 - root - ERROR - La pantalla anterior fallo por lo que esta no funcionara, para mas detalles del error consulte el reporte
2022-12-22 09:54:01,183 - root - ERROR - La pantalla anterior fallo por lo que esta no funcionara, para mas detalles del error consulte el reporte
2022-12-22 09:54:01,186 - root - ERROR - La pantalla anterior fallo por lo que esta no funcionara, para mas detalles del error consulte el reporte
2022-12-22 09:54:01,190 - root - ERROR - La pantalla anterior fallo por lo que esta no funcionara, para mas detalles del error consulte el reporte
2022-12-22 09:55:43,129 - root - INFO -  Se abre el chrome
2022-12-22 09:55:44,302 - root - INFO -  Entra a la URL
2022-12-22 09:55:44,437 - root - INFO -  Maximiza la pantalla
2022-12-22 09:55:47,560 - root - INFO -  Escribe el usuario
2022-12-22 09:55:47,706 - root - INFO -  Escribe la contraseña
2022-12-22 09:55:47,825 - root - INFO -  Se dio clic en el boton ingresar
2022-12-22 09:55:49,090 - root - INFO -  Ejecutar Enterprise
2022-12-22 09:55:53,146 - root - INFO -  Cambia entre pestañas
2022-12-22 09:56:21,551 - root - ERROR - No se pudo encontrar el menu indicado, revise si el xpath sigue siendo el mismo, para mas detalles del error consulte el reporte
2022-12-22 09:56:21,552 - root - INFO -  Captura: C:\xampp\htdocs\Versiones\automatizaciones\AutoPWST\03ASCH\report\img  screen：20221222_09_56_21.png
2022-12-22 09:56:21,560 - root - ERROR - La pantalla ejecutada no es correcta, revise si el xpath sigue siendo el mismo, para mas detalles del error consulte el reporte
2022-12-22 09:56:21,560 - root - INFO -  Captura: C:\xampp\htdocs\Versiones\automatizaciones\AutoPWST\03ASCH\report\img  screen：20221222_09_56_21.png
2022-12-22 09:56:21,567 - root - ERROR - No se encontró el botón Refrescar, revise si el xpath sigue siendo el mismo, para mas detalles del error consulte el reporte
2022-12-22 09:56:21,568 - root - INFO -  Captura: C:\xampp\htdocs\Versiones\automatizaciones\AutoPWST\03ASCH\report\img  screen：20221222_09_56_21.png
2022-12-22 09:56:21,574 - root - ERROR - No se encontró el botón Refrescar, revise si el xpath sigue siendo el mismo, para mas detalles del error consulte el reporte
2022-12-22 09:56:21,575 - root - INFO -  Captura: C:\xampp\htdocs\Versiones\automatizaciones\AutoPWST\03ASCH\report\img  screen：20221222_09_56_21.png
2022-12-22 09:56:21,585 - root - ERROR - No se encontró el botón Refrescar, revise si el xpath sigue siendo el mismo, para mas detalles del error consulte el reporte
2022-12-22 09:56:21,585 - root - INFO -  Captura: C:\xampp\htdocs\Versiones\automatizaciones\AutoPWST\03ASCH\report\img  screen：20221222_09_56_21.png
2022-12-22 09:57:14,297 - root - INFO -  Se abre el chrome
2022-12-22 09:57:15,422 - root - INFO -  Entra a la URL
2022-12-22 09:57:15,545 - root - INFO -  Maximiza la pantalla
2022-12-22 09:57:18,671 - root - INFO -  Escribe el usuario
2022-12-22 09:57:18,822 - root - INFO -  Escribe la contraseña
2022-12-22 09:57:18,932 - root - INFO -  Se dio clic en el boton ingresar
2022-12-22 09:57:20,222 - root - INFO -  Ejecutar Enterprise
2022-12-22 09:57:24,286 - root - INFO -  Cambia entre pestañas
2022-12-22 09:57:33,994 - root - INFO -  Abre la pantalla de Acciones Scheduler
2022-12-22 09:57:34,565 - root - INFO -  La pantalla ejecutada es Acciones.
2022-12-22 09:57:34,566 - root - INFO -  Captura: C:\xampp\htdocs\Versiones\automatizaciones\AutoPWST\03ASCH\report\img  screen：20221222_09_57_34.png
2022-12-22 09:57:34,842 - root - INFO -  Se presiona el boton 'Nuevo', para crear un nuevo registro.
2022-12-22 09:57:35,427 - root - INFO -  Se abrio la pantalla para el ingreso de un registro nuevo.
2022-12-22 09:57:35,475 - root - INFO -  El campo 'Codigo' si se encuentra visible.
2022-12-22 09:57:35,522 - root - INFO -  El campo 'Descrición' si se encuentra visible.
2022-12-22 09:57:35,585 - root - INFO -  El campo 'Tipo Acción' si se encuentra visible.
2022-12-22 09:57:35,632 - root - INFO -  El campo 'Url FTP' si se encuentra visible.
2022-12-22 09:57:35,683 - root - INFO -  El campo 'Directorio FTP' si se encuentra visible.
2022-12-22 09:57:35,732 - root - INFO -  El campo 'Usuario FTP' si se encuentra visible.
2022-12-22 09:57:35,780 - root - INFO -  El campo 'Password FTP' si se encuentra visible.
2022-12-22 09:57:35,830 - root - INFO -  El campo 'Max. cantidad intentos' si se encuentra visible.
2022-12-22 09:57:35,913 - root - INFO -  Ingresa el codigo del nuevo registro 
2022-12-22 09:57:36,105 - root - INFO -  Ingresa la descripción del nuevo registro 
2022-12-22 09:57:36,794 - root - INFO -  Ingresa la Url FTP del nuevo registro 
2022-12-22 09:57:36,997 - root - INFO -  Ingresa el Directorio FTP del nuevo registro 
2022-12-22 09:57:37,129 - root - INFO -  Ingresa el Usuario FTP del nuevo registro 
2022-12-22 09:57:37,255 - root - INFO - Ingresa la Password FTP del nuevo registro 
2022-12-22 09:57:37,256 - root - INFO -  Captura: C:\xampp\htdocs\Versiones\automatizaciones\AutoPWST\03ASCH\report\img  screen：20221222_09_57_37.png
2022-12-22 09:57:37,554 - root - INFO -  Ingresa el Maximo de Intentos del nuevo registro 
2022-12-22 09:57:37,649 - root - INFO - Se hace el cambio de pestaña para continuar con el registro nuevo
2022-12-22 09:57:38,296 - root - INFO -  Se presiona el boton 'Nuevo', para crear un nuevo registro.
2022-12-22 09:57:38,857 - root - INFO -  El campo 'Programación' si se encuentra visible.
2022-12-22 09:57:40,183 - root - INFO -  Se da clic en el boton Guardar; se debe crear un nuevo registro.
2022-12-22 09:57:40,491 - root - INFO -  Se da clic en el boton Guardar; se debe crear un nuevo registro.
2022-12-22 09:57:40,858 - root - INFO -  Se presiona el boton 'Refrescar', para crear un nuevo registro igual al anterior.
2022-12-22 09:57:42,991 - root - INFO -  Se presiona el boton 'Nuevo', para crear un nuevo registro igual al anterior.
2022-12-22 09:57:43,628 - root - INFO -  Se abrio la pantalla para el ingreso de un registro nuevo.
2022-12-22 09:57:43,692 - root - INFO -  El campo 'Codigo' si se encuentra visible.
2022-12-22 09:57:43,754 - root - INFO -  El campo 'Descrición' si se encuentra visible.
2022-12-22 09:57:43,795 - root - INFO -  El campo 'Tipo Acción' si se encuentra visible.
2022-12-22 09:57:43,835 - root - INFO -  El campo 'Url FTP' si se encuentra visible.
2022-12-22 09:57:43,877 - root - INFO -  El campo 'Directorio FTP' si se encuentra visible.
2022-12-22 09:57:43,916 - root - INFO -  El campo 'Usuario FTP' si se encuentra visible.
2022-12-22 09:57:43,959 - root - INFO -  El campo 'Password FTP' si se encuentra visible.
2022-12-22 09:57:44,000 - root - INFO -  El campo 'Max. cantidad intentos' si se encuentra visible.
2022-12-22 09:57:44,079 - root - INFO -  Ingresa el codigo del nuevo registro 
2022-12-22 09:57:44,217 - root - INFO -  Ingresa la descripción del nuevo registro 
2022-12-22 09:57:44,849 - root - INFO -  Ingresa la Url FTP del nuevo registro 
2022-12-22 09:57:44,976 - root - INFO -  Ingresa el Directorio FTP del nuevo registro 
2022-12-22 09:57:45,097 - root - INFO -  Ingresa el Usuario FTP del nuevo registro 
2022-12-22 09:57:45,214 - root - INFO -  Ingresa la Password FTP del nuevo registro 
2022-12-22 09:57:45,304 - root - INFO -  Ingresa el Maximo de Intentos del nuevo registro 
2022-12-22 09:57:45,386 - root - INFO -  Se da clic en el boton Guardar; NO se debe crear un nuevo registro.
2022-12-22 09:57:47,388 - root - INFO -  Captura: C:\xampp\htdocs\Versiones\automatizaciones\AutoPWST\03ASCH\report\img  screen：20221222_09_57_47.png
2022-12-22 09:57:47,658 - root - INFO -  Se presiona el boton 'Cerrar', para cerrar el mensaje de duplicidad de llave primaria
2022-12-22 09:57:47,832 - root - INFO -  Se presiona el boton 'Cerrar', para cerrar la ventana
2022-12-22 09:57:47,978 - root - INFO -  Se presiona el boton 'Refrescar', para crear un nuevo registro igual al anterior.
2022-12-22 09:57:50,638 - root - INFO -  Se da clic en el registro creado, para proceder a modificarlo.
2022-12-22 09:57:51,385 - root - INFO -  Se modifica el contenido del campo Descripcion
2022-12-22 09:57:51,824 - root - INFO -  Captura: C:\xampp\htdocs\Versiones\automatizaciones\AutoPWST\03ASCH\report\img  screen：20221222_09_57_51.png
2022-12-22 09:57:52,198 - root - INFO -  Ingresa la Url FTP del nuevo registro 
2022-12-22 09:57:52,361 - root - INFO -  Ingresa el Directorio FTP del nuevo registro 
2022-12-22 09:57:52,525 - root - INFO -  Ingresa el Usuario FTP del nuevo registro 
2022-12-22 09:57:52,676 - root - INFO -  Ingresa la Password FTP del nuevo registro 
2022-12-22 09:57:52,677 - root - INFO -  Captura: C:\xampp\htdocs\Versiones\automatizaciones\AutoPWST\03ASCH\report\img  screen：20221222_09_57_52.png
2022-12-22 09:57:52,939 - root - INFO -  Ingresa el Maximo de Intentos del nuevo registro 
2022-12-22 09:57:53,022 - root - INFO - Se hace el cambio de pestaña para continuar con el registro nuevo
2022-12-22 09:57:54,205 - root - INFO -  Se da clic en el registro creado, para proceder a modificarlo.
2022-12-22 09:57:54,340 - root - INFO -  Se presiona el boton 'Eliminar', para eliminar el registro.
2022-12-22 09:57:54,473 - root - INFO -  Se presiona el boton 'Nuevo', para crear un nuevo registro.
2022-12-22 09:57:56,261 - root - INFO -  Se da clic en el boton Guardar; se debe crear un nuevo registro.
2022-12-22 09:57:56,523 - root - INFO -  Se da clic en el boton Guardar; se debe modificar la informacion del registro.
2022-12-22 09:57:56,819 - root - INFO -  Se presiona el boton 'Refrescar', para proceder a eliminar el registro.
2022-12-22 09:57:59,508 - root - INFO -  Se da clic en el registro creado, para proceder a modificarlo.
2022-12-22 09:58:00,138 - root - INFO - Se hace el cambio de pestaña para continuar con el registro nuevo
2022-12-22 09:58:01,317 - root - INFO -  Se da clic en el registro creado, para proceder a modificarlo.
2022-12-22 09:58:01,409 - root - INFO -  Se presiona el boton 'Eliminar', para eliminar el registro.
2022-12-22 09:58:01,565 - root - INFO -  Se da clic en el boton Guardar; se debe modificar la informacion del registro.
2022-12-22 09:58:02,151 - root - INFO -  Se da clic en el registro creado, para proceder a modificarlo.
2022-12-22 09:58:02,255 - root - INFO -  Se presiona el boton 'Eliminar', para eliminar el registro.
2022-12-22 09:58:02,256 - root - INFO -  Captura: C:\xampp\htdocs\Versiones\automatizaciones\AutoPWST\03ASCH\report\img  screen：20221222_09_58_02.png
2022-12-22 09:58:05,462 - root - INFO -  Captura: C:\xampp\htdocs\Versiones\automatizaciones\AutoPWST\03ASCH\report\img  screen：20221222_09_58_05.png
2022-12-22 09:58:05,714 - root - INFO -  Se confirma el eliminado del registro
2022-12-22 09:58:05,958 - root - INFO -  Se presiona el boton 'Refrescar', para crear un nuevo registro igual al anterior.
2022-12-22 09:58:08,079 - root - INFO -  Se presiona el boton 'Cerrar', para cerrar la pantalla de Categorias Fiscales.
2022-12-22 09:58:12,519 - root - INFO -  Se cierra chrome
