2023-06-08 15:17:24,785 - root - INFO -  Se abre el chrome
2023-06-08 15:17:25,643 - root - INFO -  Entra a la URL
2023-06-08 15:17:25,767 - root - INFO -  Maximiza la pantalla
2023-06-08 15:17:28,835 - root - INFO -  Escribe el usuario
2023-06-08 15:17:28,921 - root - INFO -  Escribe la contraseña
2023-06-08 15:17:28,987 - root - INFO -  Se dio clic en el boton ingresar
2023-06-08 15:17:29,662 - root - INFO -  Ejecutar Enterprise
2023-06-08 15:17:33,700 - root - INFO -  Cambia entre pestañas
2023-06-08 15:17:45,008 - root - INFO -  Abre la pantalla de Acciones Scheduler
2023-06-08 15:17:45,582 - root - INFO -  La pantalla ejecutada es Acciones.
2023-06-08 15:17:45,582 - root - INFO -  Captura: C:\xampp\htdocs\versiones\automatizaciones\AutoPWST\03ASCH\report\img  screen：20230608_15_17_45.png
2023-06-08 15:17:56,104 - root - INFO -  Se presiona el boton 'Nuevo', para crear un nuevo registro.
2023-06-08 15:17:56,647 - root - INFO -  Se abrio la pantalla para el ingreso de un registro nuevo.
2023-06-08 15:17:56,671 - root - INFO -  El campo 'Codigo' si se encuentra visible.
2023-06-08 15:17:56,699 - root - INFO -  El campo 'Descrición' si se encuentra visible.
2023-06-08 15:17:56,737 - root - INFO -  El campo 'Tipo Acción' si se encuentra visible.
2023-06-08 15:17:56,758 - root - INFO -  El campo 'Url FTP' si se encuentra visible.
2023-06-08 15:17:56,778 - root - INFO -  El campo 'Directorio FTP' si se encuentra visible.
2023-06-08 15:17:56,799 - root - INFO -  El campo 'Usuario FTP' si se encuentra visible.
2023-06-08 15:17:56,827 - root - INFO -  El campo 'Password FTP' si se encuentra visible.
2023-06-08 15:17:56,849 - root - INFO -  El campo 'Max. cantidad intentos' si se encuentra visible.
2023-06-08 15:17:56,906 - root - INFO -  Ingresa el codigo del nuevo registro 
2023-06-08 15:17:56,997 - root - INFO -  Ingresa la descripción del nuevo registro 
2023-06-08 15:17:59,479 - root - INFO -  Ingresa la Url FTP del nuevo registro 
2023-06-08 15:17:59,560 - root - INFO -  Ingresa el Directorio FTP del nuevo registro 
2023-06-08 15:17:59,647 - root - INFO -  Ingresa el Usuario FTP del nuevo registro 
2023-06-08 15:17:59,710 - root - INFO - Ingresa la Password FTP del nuevo registro 
2023-06-08 15:17:59,711 - root - INFO -  Captura: C:\xampp\htdocs\versiones\automatizaciones\AutoPWST\03ASCH\report\img  screen：20230608_15_17_59.png
2023-06-08 15:17:59,869 - root - INFO -  Ingresa el Maximo de Intentos del nuevo registro 
2023-06-08 15:17:59,923 - root - INFO - Se hace el cambio de pestaña para continuar con el registro nuevo
2023-06-08 15:18:00,499 - root - INFO -  Se presiona el boton 'Nuevo', para crear un nuevo registro.
2023-06-08 15:18:01,037 - root - INFO -  El campo 'Programación' si se encuentra visible.
2023-06-08 15:18:02,097 - root - INFO -  Se da clic en el boton Guardar; se debe crear un nuevo registro.
2023-06-08 15:18:02,367 - root - INFO -  Se da clic en el boton Guardar; se debe crear un nuevo registro.
2023-06-08 15:18:02,618 - root - INFO -  Se presiona el boton 'Refrescar', para crear un nuevo registro igual al anterior.
2023-06-08 15:18:04,668 - root - INFO -  Se presiona el boton 'Nuevo', para crear un nuevo registro igual al anterior.
2023-06-08 15:18:05,203 - root - INFO -  Se abrio la pantalla para el ingreso de un registro nuevo.
2023-06-08 15:18:05,226 - root - INFO -  El campo 'Codigo' si se encuentra visible.
2023-06-08 15:18:05,252 - root - INFO -  El campo 'Descrición' si se encuentra visible.
2023-06-08 15:18:05,282 - root - INFO -  El campo 'Tipo Acción' si se encuentra visible.
2023-06-08 15:18:05,313 - root - INFO -  El campo 'Url FTP' si se encuentra visible.
2023-06-08 15:18:05,341 - root - INFO -  El campo 'Directorio FTP' si se encuentra visible.
2023-06-08 15:18:05,376 - root - INFO -  El campo 'Usuario FTP' si se encuentra visible.
2023-06-08 15:18:05,394 - root - INFO -  El campo 'Password FTP' si se encuentra visible.
2023-06-08 15:18:05,409 - root - INFO -  El campo 'Max. cantidad intentos' si se encuentra visible.
2023-06-08 15:18:05,455 - root - INFO -  Ingresa el codigo del nuevo registro 
2023-06-08 15:18:05,540 - root - INFO -  Ingresa la descripción del nuevo registro 
2023-06-08 15:18:05,890 - root - INFO -  Captura: C:\xampp\htdocs\versiones\automatizaciones\AutoPWST\03ASCH\report\img  screen：20230608_15_18_05.png
2023-06-08 15:18:07,128 - root - INFO -  Ingresa la Url FTP del nuevo registro 
2023-06-08 15:18:07,222 - root - INFO -  Ingresa el Directorio FTP del nuevo registro 
2023-06-08 15:18:07,318 - root - INFO -  Ingresa el Usuario FTP del nuevo registro 
2023-06-08 15:18:07,381 - root - INFO -  Ingresa la Password FTP del nuevo registro 
2023-06-08 15:18:07,438 - root - INFO -  Ingresa el Maximo de Intentos del nuevo registro 
2023-06-08 15:18:07,475 - root - INFO -  Se da clic en el boton Guardar; NO se debe crear un nuevo registro.
2023-06-08 15:18:08,477 - root - INFO -  Captura: C:\xampp\htdocs\versiones\automatizaciones\AutoPWST\03ASCH\report\img  screen：20230608_15_18_08.png
2023-06-08 15:18:13,904 - root - INFO -  Se presiona el boton 'Cerrar', para cerrar el mensaje de duplicidad de llave primaria
2023-06-08 15:18:14,906 - root - INFO -  Captura: C:\xampp\htdocs\versiones\automatizaciones\AutoPWST\03ASCH\report\img  screen：20230608_15_18_14.png
2023-06-08 15:18:15,101 - root - INFO -  Se presiona el boton 'Cerrar', para cerrar el mensaje de duplicidad de llave primaria
2023-06-08 15:18:15,280 - root - INFO -  Se presiona el boton 'Cerrar', para cerrar la ventana
2023-06-08 15:18:15,402 - root - INFO -  Se presiona el boton 'Refrescar', para crear un nuevo registro igual al anterior.
2023-06-08 15:18:19,009 - root - INFO -  Se da clic en el registro creado, para proceder a modificarlo.
2023-06-08 15:18:19,674 - root - INFO -  Se modifica el contenido del campo Descripcion
2023-06-08 15:18:20,012 - root - INFO -  Captura: C:\xampp\htdocs\versiones\automatizaciones\AutoPWST\03ASCH\report\img  screen：20230608_15_18_20.png
2023-06-08 15:18:20,246 - root - INFO -  Ingresa la Url FTP del nuevo registro 
2023-06-08 15:18:20,361 - root - INFO -  Ingresa el Directorio FTP del nuevo registro 
2023-06-08 15:18:20,467 - root - INFO -  Ingresa el Usuario FTP del nuevo registro 
2023-06-08 15:18:20,546 - root - INFO -  Ingresa la Password FTP del nuevo registro 
2023-06-08 15:18:21,547 - root - INFO -  Captura: C:\xampp\htdocs\versiones\automatizaciones\AutoPWST\03ASCH\report\img  screen：20230608_15_18_21.png
2023-06-08 15:18:21,752 - root - INFO -  Ingresa el Maximo de Intentos del nuevo registro 
2023-06-08 15:18:21,799 - root - INFO - Se hace el cambio de pestaña para continuar con el registro nuevo
2023-06-08 15:18:22,893 - root - INFO -  Se da clic en el registro creado, para proceder a modificarlo.
2023-06-08 15:18:22,949 - root - INFO -  Se presiona el boton 'Eliminar', para eliminar el registro.
2023-06-08 15:18:23,079 - root - INFO -  Se presiona el boton 'Nuevo', para crear un nuevo registro.
2023-06-08 15:18:24,737 - root - INFO -  Se da clic en el boton Guardar; se debe crear un nuevo registro.
2023-06-08 15:18:24,978 - root - INFO -  Se da clic en el boton Guardar; se debe modificar la informacion del registro.
2023-06-08 15:18:25,251 - root - INFO -  Se presiona el boton 'Refrescar', para proceder a eliminar el registro.
2023-06-08 15:18:28,837 - root - INFO -  Se da clic en el registro creado, para proceder a modificarlo.
2023-06-08 15:18:29,410 - root - INFO - Se hace el cambio de pestaña para continuar con el registro nuevo
2023-06-08 15:18:30,490 - root - INFO -  Se da clic en el registro creado, para proceder a modificarlo.
2023-06-08 15:18:30,536 - root - INFO -  Se presiona el boton 'Eliminar', para eliminar el registro.
2023-06-08 15:18:30,726 - root - INFO -  Se da clic en el boton Guardar; se debe modificar la informacion del registro.
2023-06-08 15:18:31,305 - root - INFO -  Se da clic en el registro creado, para proceder a modificarlo.
2023-06-08 15:18:31,349 - root - INFO -  Se presiona el boton 'Eliminar', para eliminar el registro.
2023-06-08 15:18:33,350 - root - INFO -  Captura: C:\xampp\htdocs\versiones\automatizaciones\AutoPWST\03ASCH\report\img  screen：20230608_15_18_33.png
2023-06-08 15:18:33,501 - root - INFO -  Se confirma el eliminado del registro
2023-06-08 15:18:33,734 - root - INFO -  Se presiona el boton 'Refrescar', para crear un nuevo registro igual al anterior.
2023-06-08 15:18:35,790 - root - INFO -  Se presiona el boton 'Cerrar', para cerrar la pantalla de Acciones Scheduler.
2023-06-08 15:18:42,014 - root - INFO -  Se cierra chrome
