2022-08-19 17:26:51,883 - root - INFO -  Se abre el chrome
2022-08-19 17:26:54,843 - root - INFO -  Entra a la URL
2022-08-19 17:26:55,033 - root - INFO -  Maximiza la pantalla
2022-08-19 17:26:58,117 - root - INFO -  Cambia al frame
2022-08-19 17:27:01,233 - root - INFO -  Escribe el usuario
2022-08-19 17:27:01,387 - root - INFO -  Escribe la contraseña
2022-08-19 17:27:01,568 - root - INFO -  Se dio clic en el boton ingresar
2022-08-19 17:27:04,581 - root - INFO -  Ejecutar Enterprise
2022-08-19 17:27:08,662 - root - INFO -  Cambia entre pestañas
2022-08-19 17:27:24,255 - root - INFO -  Abre el menu completo
2022-08-19 17:27:34,935 - root - INFO -  Abre la pantalla de Vehiculos
2022-08-19 17:27:34,985 - root - INFO -  La pantalla ejecutada es Vehiculos.
2022-08-19 17:27:34,986 - root - INFO -  Captura: C:\xampp\htdocs\Versiones\automatizaciones\AutoPWST\01V\report\img  screen：20220819_17_27_34.png
2022-08-19 17:27:35,205 - root - INFO -  Se presiona el boton 'Nuevo', para crear un nuevo registro.
2022-08-19 17:27:38,296 - root - INFO -  Se abrio la pantalla para el ingreso de un registro nuevo.
2022-08-19 17:27:38,357 - root - INFO -  El campo 'Codigo' si se encuentra visible.
2022-08-19 17:27:38,402 - root - INFO -  El campo 'Descrición' si se encuentra visible.
2022-08-19 17:27:38,448 - root - INFO -  El campo 'Marca' si se encuentra visible.
2022-08-19 17:27:38,493 - root - INFO -  El campo 'Número Placa' si se encuentra visible.
2022-08-19 17:27:38,534 - root - INFO -  El campo 'Número Motor' si se encuentra visible.
2022-08-19 17:27:38,573 - root - INFO -  El campo 'Número Chasis' si se encuentra visible.
2022-08-19 17:27:38,615 - root - INFO -  El campo 'Capacidad en Toneladas' si se encuentra visible.
2022-08-19 17:27:38,658 - root - INFO -  El campo 'Capacidad en KgLts' si se encuentra visible.
2022-08-19 17:27:38,700 - root - INFO -  El campo 'Capacidad en Cajas' si se encuentra visible.
2022-08-19 17:27:38,772 - root - INFO -  El campo 'Metros cúbicos' si se encuentra visible.
2022-08-19 17:27:38,837 - root - INFO -  El campo 'Máximo volumen de documento' si se encuentra visible.
2022-08-19 17:27:38,878 - root - INFO -  El campo 'Mínimo volumen de documento' si se encuentra visible.
2022-08-19 17:27:38,939 - root - INFO -  El campo 'Máximo peso de documento' si se encuentra visible.
2022-08-19 17:27:38,981 - root - INFO -  El campo 'Mínimo peso de documento' si se encuentra visible.
2022-08-19 17:27:39,024 - root - INFO -  El campo 'Número máximo de visitas' si se encuentra visible.
2022-08-19 17:27:39,143 - root - INFO -  Ingresa el codigo del nuevo registro 
2022-08-19 17:27:42,383 - root - INFO -  Ingresa la descripción del nuevo registro 
2022-08-19 17:27:45,542 - root - INFO - Ingresa la marca del nuevo registro 
2022-08-19 17:27:48,699 - root - INFO - Ingresa el numero de placa del nuevo registro 
2022-08-19 17:27:51,912 - root - INFO - Ingresa el numero del motor del nuevo registro 
2022-08-19 17:27:55,084 - root - INFO - Ingresa el numero del chasis del nuevo registro 
2022-08-19 17:27:58,201 - root - INFO - Ingresa la capacidad en toneladas del nuevo registro 
2022-08-19 17:28:01,318 - root - INFO - Ingresa la capacidad en kg/lts del nuevo registro 
2022-08-19 17:28:04,453 - root - INFO - Ingresa la capacidad en cajas del nuevo registro 
2022-08-19 17:28:07,588 - root - INFO - Ingresa los Metros Cubicos del nuevo registro 
2022-08-19 17:28:10,729 - root - INFO - Ingresa el Máximo volumen de documento del nuevo registro 
2022-08-19 17:28:13,846 - root - INFO - Ingresa el Mínimo volumen de documento del nuevo registro 
2022-08-19 17:28:16,979 - root - INFO - Ingresa el Máximo peso de documento del nuevo registro 
2022-08-19 17:28:20,114 - root - INFO - Ingresa el Minimo peso de documento del nuevo registro 
2022-08-19 17:28:23,232 - root - INFO -  Ingresa el Número máximo de visitas del nuevo registro 
2022-08-19 17:28:26,237 - root - INFO -  Captura: C:\xampp\htdocs\Versiones\automatizaciones\AutoPWST\01V\report\img  screen：20220819_17_28_26.png
2022-08-19 17:28:29,522 - root - INFO -  Se da clic en el boton Guardar; se debe crear un nuevo registro.
2022-08-19 17:28:32,619 - root - INFO -  Se presiona el boton 'Refrescar', para crear un nuevo registro igual al anterior.
2022-08-19 17:28:35,705 - root - INFO -  Se presiona el boton 'Nuevo', para crear un nuevo registro igual al anterior.
2022-08-19 17:28:36,796 - root - INFO -  Se abrio la pantalla para el ingreso de un registro nuevo.
2022-08-19 17:28:36,842 - root - INFO -  El campo 'Codigo' si se encuentra visible.
2022-08-19 17:28:36,891 - root - INFO -  El campo 'Descrición' si se encuentra visible.
2022-08-19 17:28:36,938 - root - INFO -  El campo 'Marca' si se encuentra visible.
2022-08-19 17:28:36,981 - root - INFO -  El campo 'Número Placa' si se encuentra visible.
2022-08-19 17:28:37,028 - root - INFO -  El campo 'Número Motor' si se encuentra visible.
2022-08-19 17:28:37,076 - root - INFO -  El campo 'Número Chasis' si se encuentra visible.
2022-08-19 17:28:37,125 - root - INFO -  El campo 'Capacidad en Toneladas' si se encuentra visible.
2022-08-19 17:28:37,180 - root - INFO -  El campo 'Capacidad en KgLts' si se encuentra visible.
2022-08-19 17:28:37,234 - root - INFO -  El campo 'Capacidad en Cajas' si se encuentra visible.
2022-08-19 17:28:37,277 - root - INFO -  El campo 'Metros cúbicos' si se encuentra visible.
2022-08-19 17:28:37,320 - root - INFO -  El campo 'Máximo volumen de documento' si se encuentra visible.
2022-08-19 17:28:37,361 - root - INFO -  El campo 'Mínimo volumen de documento' si se encuentra visible.
2022-08-19 17:28:37,404 - root - INFO -  El campo 'Máximo peso de documento' si se encuentra visible.
2022-08-19 17:28:37,449 - root - INFO -  El campo 'Mínimo peso de documento' si se encuentra visible.
2022-08-19 17:28:37,490 - root - INFO -  El campo 'Número máximo de visitas' si se encuentra visible.
2022-08-19 17:28:37,603 - root - INFO -  Ingresa el codigo del nuevo registro 
2022-08-19 17:28:40,832 - root - INFO -  Ingresa la descripción del nuevo registro 
2022-08-19 17:28:44,090 - root - INFO - Ingresa la marca del nuevo registro 
2022-08-19 17:28:47,253 - root - INFO - Ingresa el numero de placa del nuevo registro 
2022-08-19 17:28:50,419 - root - INFO - Ingresa el numero del motor del nuevo registro 
2022-08-19 17:28:53,582 - root - INFO - Ingresa el numero del chasis del nuevo registro 
2022-08-19 17:28:56,705 - root - INFO - Ingresa la capacidad en toneladas del nuevo registro 
2022-08-19 17:28:59,820 - root - INFO - Ingresa la capacidad en kg/lts del nuevo registro 
2022-08-19 17:29:02,918 - root - INFO - Ingresa la capacidad en cajas del nuevo registro 
2022-08-19 17:29:06,058 - root - INFO - Ingresa los Metros Cubicos del nuevo registro 
2022-08-19 17:29:09,179 - root - INFO - Ingresa el Máximo volumen de documento del nuevo registro 
2022-08-19 17:29:12,315 - root - INFO - Ingresa el Mínimo volumen de documento del nuevo registro 
2022-08-19 17:29:15,428 - root - INFO - Ingresa el Máximo peso de documento del nuevo registro 
2022-08-19 17:29:18,546 - root - INFO - Ingresa el Minimo peso de documento del nuevo registro 
2022-08-19 17:29:21,669 - root - INFO -  Ingresa el Número máximo de visitas del nuevo registro 
2022-08-19 17:29:27,824 - root - INFO -  Se da clic en el boton Guardar; NO se debe crear un nuevo registro.
2022-08-19 17:29:30,840 - root - INFO -  Captura: C:\xampp\htdocs\Versiones\automatizaciones\AutoPWST\01V\report\img  screen：20220819_17_29_30.png
2022-08-19 17:29:31,057 - root - INFO -  Se presiona el boton 'Cerrar', para cerrar el mensaje de duplicidad de llave primaria
2022-08-19 17:29:33,168 - root - INFO -  Se presiona el boton 'Cerrar', para cerrar la ventana
2022-08-19 17:29:37,252 - root - INFO -  Se presiona el boton 'Refrescar', para crear un nuevo registro igual al anterior.
2022-08-19 17:29:48,859 - root - INFO -  Se da clic en el registro creado, para proceder a modificarlo.
2022-08-19 17:29:49,152 - root - INFO -  Ingresa la descripción del nuevo registro 
2022-08-19 17:29:52,343 - root - INFO - Ingresa la marca del nuevo registro 
2022-08-19 17:29:55,534 - root - INFO - Ingresa el numero de placa del nuevo registro 
2022-08-19 17:29:58,740 - root - INFO - Ingresa el numero del motor del nuevo registro 
2022-08-19 17:30:01,955 - root - INFO - Ingresa el numero del chasis del nuevo registro 
2022-08-19 17:30:05,112 - root - INFO - Ingresa la capacidad en toneladas del nuevo registro 
2022-08-19 17:30:08,260 - root - INFO - Ingresa la capacidad en kg/lts del nuevo registro 
2022-08-19 17:30:11,421 - root - INFO - Ingresa la capacidad en cajas del nuevo registro 
2022-08-19 17:30:14,580 - root - INFO - Ingresa los Metros Cubicos del nuevo registro 
2022-08-19 17:30:17,733 - root - INFO - Ingresa el Máximo volumen de documento del nuevo registro 
2022-08-19 17:30:20,891 - root - INFO - Ingresa el Mínimo volumen de documento del nuevo registro 
2022-08-19 17:30:24,064 - root - INFO - Ingresa el Máximo peso de documento del nuevo registro 
2022-08-19 17:30:27,225 - root - INFO - Ingresa el Minimo peso de documento del nuevo registro 
2022-08-19 17:30:30,409 - root - INFO -  Ingresa el Número máximo de visitas del nuevo registro 
2022-08-19 17:30:33,412 - root - INFO -  Captura: C:\xampp\htdocs\Versiones\automatizaciones\AutoPWST\01V\report\img  screen：20220819_17_30_33.png
2022-08-19 17:30:36,682 - root - INFO -  Se da clic en el boton Guardar; se debe modificar la informacion del registro.
2022-08-19 17:30:39,760 - root - INFO -  Se presiona el boton 'Refrescar', para proceder a eliminar el registro.
2022-08-19 17:30:55,351 - root - INFO -  Se da clic en el registro creado, para proceder a eliminarlo.
2022-08-19 17:31:03,473 - root - INFO -  Se presiona el boton 'Eliminar', para eliminar el registro.
2022-08-19 17:31:03,474 - root - INFO -  Captura: C:\xampp\htdocs\Versiones\automatizaciones\AutoPWST\01V\report\img  screen：20220819_17_31_03.png
2022-08-19 17:31:03,687 - root - INFO -  Se confirma el eliminado del registro
2022-08-19 17:31:11,811 - root - INFO -  Se presiona el boton 'Refrescar', para crear un nuevo registro igual al anterior.
2022-08-19 17:31:19,908 - root - INFO -  Se presiona el boton 'Cerrar', para cerrar la pantalla de Categorias Fiscales.
2022-08-19 17:31:24,649 - root - INFO -  Se cierra chrome
