2023-06-08 12:40:30,429 - root - INFO -  Se abre el chrome
2023-06-08 12:40:41,022 - root - INFO -  Entra a la URL
2023-06-08 12:40:41,151 - root - INFO -  Maximiza la pantalla
2023-06-08 12:40:44,250 - root - INFO -  Escribe el usuario
2023-06-08 12:40:44,334 - root - INFO -  Escribe la contraseña
2023-06-08 12:40:44,392 - root - INFO -  Se dio clic en el boton ingresar
2023-06-08 12:40:47,323 - root - INFO -  Ejecutar Enterprise
2023-06-08 12:40:51,370 - root - INFO -  Cambia entre pestañas
2023-06-08 12:41:03,602 - root - INFO -  Abre la pantalla de Vehiculos
2023-06-08 12:41:04,151 - root - INFO -  La pantalla ejecutada es Vehiculos.
2023-06-08 12:41:04,153 - root - INFO -  Captura: C:\xampp\htdocs\versiones\automatizaciones\AutoPWST\01V\report\img  screen：20230608_12_41_04.png
2023-06-08 12:41:14,678 - root - INFO -  Se presiona el boton 'Nuevo', para crear un nuevo registro.
2023-06-08 12:41:17,716 - root - INFO -  Se abrio la pantalla para el ingreso de un registro nuevo.
2023-06-08 12:41:17,739 - root - INFO -  El campo 'Codigo' si se encuentra visible.
2023-06-08 12:41:17,759 - root - INFO -  El campo 'Descrición' si se encuentra visible.
2023-06-08 12:41:17,779 - root - INFO -  El campo 'Marca' si se encuentra visible.
2023-06-08 12:41:17,802 - root - INFO -  El campo 'Número Placa' si se encuentra visible.
2023-06-08 12:41:17,823 - root - INFO -  El campo 'Número Motor' si se encuentra visible.
2023-06-08 12:41:17,842 - root - INFO -  El campo 'Número Chasis' si se encuentra visible.
2023-06-08 12:41:17,864 - root - INFO -  El campo 'Capacidad en Toneladas' si se encuentra visible.
2023-06-08 12:41:17,892 - root - INFO -  El campo 'Capacidad en KgLts' si se encuentra visible.
2023-06-08 12:41:17,913 - root - INFO -  El campo 'Capacidad en Cajas' si se encuentra visible.
2023-06-08 12:41:17,932 - root - INFO -  El campo 'Metros cúbicos' si se encuentra visible.
2023-06-08 12:41:17,951 - root - INFO -  El campo 'Máximo volumen de documento' si se encuentra visible.
2023-06-08 12:41:17,970 - root - INFO -  El campo 'Mínimo volumen de documento' si se encuentra visible.
2023-06-08 12:41:17,990 - root - INFO -  El campo 'Máximo peso de documento' si se encuentra visible.
2023-06-08 12:41:18,008 - root - INFO -  El campo 'Mínimo peso de documento' si se encuentra visible.
2023-06-08 12:41:18,031 - root - INFO -  El campo 'Número máximo de visitas' si se encuentra visible.
2023-06-08 12:41:18,093 - root - INFO -  Ingresa el codigo del nuevo registro 
2023-06-08 12:41:18,260 - root - INFO -  Ingresa la descripción del nuevo registro 
2023-06-08 12:41:18,356 - root - INFO - Ingresa la marca del nuevo registro 
2023-06-08 12:41:18,453 - root - INFO - Ingresa el numero de placa del nuevo registro 
2023-06-08 12:41:18,554 - root - INFO - Ingresa el numero del motor del nuevo registro 
2023-06-08 12:41:18,655 - root - INFO - Ingresa el numero del chasis del nuevo registro 
2023-06-08 12:41:18,709 - root - INFO - Ingresa la capacidad en toneladas del nuevo registro 
2023-06-08 12:41:18,764 - root - INFO - Ingresa la capacidad en kg/lts del nuevo registro 
2023-06-08 12:41:18,827 - root - INFO - Ingresa la capacidad en cajas del nuevo registro 
2023-06-08 12:41:18,887 - root - INFO - Ingresa los Metros Cubicos del nuevo registro 
2023-06-08 12:41:18,942 - root - INFO - Ingresa el Máximo volumen de documento del nuevo registro 
2023-06-08 12:41:18,996 - root - INFO - Ingresa el Mínimo volumen de documento del nuevo registro 
2023-06-08 12:41:19,048 - root - INFO - Ingresa el Máximo peso de documento del nuevo registro 
2023-06-08 12:41:19,100 - root - INFO - Ingresa el Minimo peso de documento del nuevo registro 
2023-06-08 12:41:19,172 - root - INFO -  Ingresa el Número máximo de visitas del nuevo registro 
2023-06-08 12:41:20,173 - root - INFO -  Captura: C:\xampp\htdocs\versiones\automatizaciones\AutoPWST\01V\report\img  screen：20230608_12_41_20.png
2023-06-08 12:41:21,365 - root - INFO -  Se da clic en el boton Guardar; se debe crear un nuevo registro.
2023-06-08 12:41:21,726 - root - INFO -  Se presiona el boton 'Refrescar', para crear un nuevo registro igual al anterior.
2023-06-08 12:41:23,775 - root - INFO -  Se presiona el boton 'Nuevo', para crear un nuevo registro igual al anterior.
2023-06-08 12:41:24,332 - root - INFO -  Se abrio la pantalla para el ingreso de un registro nuevo.
2023-06-08 12:41:24,359 - root - INFO -  El campo 'Codigo' si se encuentra visible.
2023-06-08 12:41:24,383 - root - INFO -  El campo 'Descrición' si se encuentra visible.
2023-06-08 12:41:24,402 - root - INFO -  El campo 'Marca' si se encuentra visible.
2023-06-08 12:41:24,417 - root - INFO -  El campo 'Número Placa' si se encuentra visible.
2023-06-08 12:41:24,435 - root - INFO -  El campo 'Número Motor' si se encuentra visible.
2023-06-08 12:41:24,451 - root - INFO -  El campo 'Número Chasis' si se encuentra visible.
2023-06-08 12:41:24,468 - root - INFO -  El campo 'Capacidad en Toneladas' si se encuentra visible.
2023-06-08 12:41:24,485 - root - INFO -  El campo 'Capacidad en KgLts' si se encuentra visible.
2023-06-08 12:41:24,505 - root - INFO -  El campo 'Capacidad en Cajas' si se encuentra visible.
2023-06-08 12:41:24,528 - root - INFO -  El campo 'Metros cúbicos' si se encuentra visible.
2023-06-08 12:41:24,545 - root - INFO -  El campo 'Máximo volumen de documento' si se encuentra visible.
2023-06-08 12:41:24,576 - root - INFO -  El campo 'Mínimo volumen de documento' si se encuentra visible.
2023-06-08 12:41:24,606 - root - INFO -  El campo 'Máximo peso de documento' si se encuentra visible.
2023-06-08 12:41:24,631 - root - INFO -  El campo 'Mínimo peso de documento' si se encuentra visible.
2023-06-08 12:41:24,653 - root - INFO -  El campo 'Número máximo de visitas' si se encuentra visible.
2023-06-08 12:41:24,698 - root - INFO -  Ingresa el codigo del nuevo registro 
2023-06-08 12:41:24,844 - root - INFO -  Ingresa la descripción del nuevo registro 
2023-06-08 12:41:24,941 - root - INFO - Ingresa la marca del nuevo registro 
2023-06-08 12:41:25,044 - root - INFO - Ingresa el numero de placa del nuevo registro 
2023-06-08 12:41:25,136 - root - INFO - Ingresa el numero del motor del nuevo registro 
2023-06-08 12:41:25,240 - root - INFO - Ingresa el numero del chasis del nuevo registro 
2023-06-08 12:41:25,292 - root - INFO - Ingresa la capacidad en toneladas del nuevo registro 
2023-06-08 12:41:25,343 - root - INFO - Ingresa la capacidad en kg/lts del nuevo registro 
2023-06-08 12:41:25,394 - root - INFO - Ingresa la capacidad en cajas del nuevo registro 
2023-06-08 12:41:25,451 - root - INFO - Ingresa los Metros Cubicos del nuevo registro 
2023-06-08 12:41:25,515 - root - INFO - Ingresa el Máximo volumen de documento del nuevo registro 
2023-06-08 12:41:25,561 - root - INFO - Ingresa el Mínimo volumen de documento del nuevo registro 
2023-06-08 12:41:25,613 - root - INFO - Ingresa el Máximo peso de documento del nuevo registro 
2023-06-08 12:41:25,662 - root - INFO - Ingresa el Minimo peso de documento del nuevo registro 
2023-06-08 12:41:25,711 - root - INFO -  Ingresa el Número máximo de visitas del nuevo registro 
2023-06-08 12:41:26,784 - root - INFO -  Se da clic en el boton Guardar; NO se debe crear un nuevo registro.
2023-06-08 12:41:27,785 - root - INFO -  Captura: C:\xampp\htdocs\versiones\automatizaciones\AutoPWST\01V\report\img  screen：20230608_12_41_27.png
2023-06-08 12:41:33,150 - root - INFO -  Se presiona el boton 'Cerrar', para cerrar el mensaje de duplicidad de llave primaria
2023-06-08 12:41:34,151 - root - INFO -  Captura: C:\xampp\htdocs\versiones\automatizaciones\AutoPWST\01V\report\img  screen：20230608_12_41_34.png
2023-06-08 12:41:34,345 - root - INFO -  Se presiona el boton 'Cerrar', para cerrar el mensaje de duplicidad de llave primaria
2023-06-08 12:41:34,530 - root - INFO -  Se presiona el boton 'Cerrar', para cerrar la ventana
2023-06-08 12:41:34,653 - root - INFO -  Se presiona el boton 'Refrescar', para crear un nuevo registro igual al anterior.
2023-06-08 12:41:45,290 - root - INFO -  Se da clic en el registro creado, para proceder a modificarlo.
2023-06-08 12:41:45,525 - root - INFO -  Ingresa la descripción del nuevo registro 
2023-06-08 12:41:45,641 - root - INFO - Ingresa la marca del nuevo registro 
2023-06-08 12:41:45,753 - root - INFO - Ingresa el numero de placa del nuevo registro 
2023-06-08 12:41:45,870 - root - INFO - Ingresa el numero del motor del nuevo registro 
2023-06-08 12:41:46,004 - root - INFO - Ingresa el numero del chasis del nuevo registro 
2023-06-08 12:41:46,076 - root - INFO - Ingresa la capacidad en toneladas del nuevo registro 
2023-06-08 12:41:46,150 - root - INFO - Ingresa la capacidad en kg/lts del nuevo registro 
2023-06-08 12:41:46,226 - root - INFO - Ingresa la capacidad en cajas del nuevo registro 
2023-06-08 12:41:46,305 - root - INFO - Ingresa los Metros Cubicos del nuevo registro 
2023-06-08 12:41:46,382 - root - INFO - Ingresa el Máximo volumen de documento del nuevo registro 
2023-06-08 12:41:46,461 - root - INFO - Ingresa el Mínimo volumen de documento del nuevo registro 
2023-06-08 12:41:46,535 - root - INFO - Ingresa el Máximo peso de documento del nuevo registro 
2023-06-08 12:41:46,607 - root - INFO - Ingresa el Minimo peso de documento del nuevo registro 
2023-06-08 12:41:46,686 - root - INFO -  Ingresa el Número máximo de visitas del nuevo registro 
2023-06-08 12:41:47,687 - root - INFO -  Captura: C:\xampp\htdocs\versiones\automatizaciones\AutoPWST\01V\report\img  screen：20230608_12_41_47.png
2023-06-08 12:41:48,887 - root - INFO -  Se da clic en el boton Guardar; se debe modificar la informacion del registro.
2023-06-08 12:41:49,452 - root - INFO -  Se presiona el boton 'Refrescar', para proceder a eliminar el registro.
2023-06-08 12:41:53,040 - root - INFO -  Se da clic en el registro creado, para proceder a eliminarlo.
2023-06-08 12:41:53,086 - root - INFO -  Se presiona el boton 'Eliminar', para eliminar el registro.
2023-06-08 12:41:55,087 - root - INFO -  Captura: C:\xampp\htdocs\versiones\automatizaciones\AutoPWST\01V\report\img  screen：20230608_12_41_55.png
2023-06-08 12:41:55,223 - root - INFO -  Se confirma el eliminado del registro
2023-06-08 12:41:56,291 - root - ERROR - No se encontró el botón Refrescar, revise si el xpath sigue siendo el mismo, para mas detalles del error consulte el reporte
2023-06-08 12:41:56,291 - root - INFO -  Captura: C:\xampp\htdocs\versiones\automatizaciones\AutoPWST\01V\report\img  screen：20230608_12_41_56.png
2023-06-08 12:42:00,771 - root - INFO -  Se cierra chrome
2023-06-08 12:42:52,974 - root - INFO -  Se abre el chrome
2023-06-08 12:42:54,033 - root - INFO -  Entra a la URL
2023-06-08 12:42:54,164 - root - INFO -  Maximiza la pantalla
2023-06-08 12:42:57,230 - root - INFO -  Escribe el usuario
2023-06-08 12:42:57,316 - root - INFO -  Escribe la contraseña
2023-06-08 12:42:57,378 - root - INFO -  Se dio clic en el boton ingresar
2023-06-08 12:42:58,628 - root - INFO -  Ejecutar Enterprise
2023-06-08 12:43:02,669 - root - INFO -  Cambia entre pestañas
2023-06-08 12:43:14,468 - root - INFO -  Abre la pantalla de Vehiculos
2023-06-08 12:43:15,028 - root - INFO -  La pantalla ejecutada es Vehiculos.
2023-06-08 12:43:15,028 - root - INFO -  Captura: C:\xampp\htdocs\versiones\automatizaciones\AutoPWST\01V\report\img  screen：20230608_12_43_15.png
2023-06-08 12:43:25,582 - root - INFO -  Se presiona el boton 'Nuevo', para crear un nuevo registro.
2023-06-08 12:43:28,618 - root - INFO -  Se abrio la pantalla para el ingreso de un registro nuevo.
2023-06-08 12:43:28,639 - root - INFO -  El campo 'Codigo' si se encuentra visible.
2023-06-08 12:43:28,666 - root - INFO -  El campo 'Descrición' si se encuentra visible.
2023-06-08 12:43:28,686 - root - INFO -  El campo 'Marca' si se encuentra visible.
2023-06-08 12:43:28,704 - root - INFO -  El campo 'Número Placa' si se encuentra visible.
2023-06-08 12:43:28,724 - root - INFO -  El campo 'Número Motor' si se encuentra visible.
2023-06-08 12:43:28,745 - root - INFO -  El campo 'Número Chasis' si se encuentra visible.
2023-06-08 12:43:28,766 - root - INFO -  El campo 'Capacidad en Toneladas' si se encuentra visible.
2023-06-08 12:43:28,787 - root - INFO -  El campo 'Capacidad en KgLts' si se encuentra visible.
2023-06-08 12:43:28,809 - root - INFO -  El campo 'Capacidad en Cajas' si se encuentra visible.
2023-06-08 12:43:28,829 - root - INFO -  El campo 'Metros cúbicos' si se encuentra visible.
2023-06-08 12:43:28,849 - root - INFO -  El campo 'Máximo volumen de documento' si se encuentra visible.
2023-06-08 12:43:28,869 - root - INFO -  El campo 'Mínimo volumen de documento' si se encuentra visible.
2023-06-08 12:43:28,891 - root - INFO -  El campo 'Máximo peso de documento' si se encuentra visible.
2023-06-08 12:43:28,913 - root - INFO -  El campo 'Mínimo peso de documento' si se encuentra visible.
2023-06-08 12:43:28,933 - root - INFO -  El campo 'Número máximo de visitas' si se encuentra visible.
2023-06-08 12:43:28,992 - root - INFO -  Ingresa el codigo del nuevo registro 
2023-06-08 12:43:29,164 - root - INFO -  Ingresa la descripción del nuevo registro 
2023-06-08 12:43:29,263 - root - INFO - Ingresa la marca del nuevo registro 
2023-06-08 12:43:29,361 - root - INFO - Ingresa el numero de placa del nuevo registro 
2023-06-08 12:43:29,456 - root - INFO - Ingresa el numero del motor del nuevo registro 
2023-06-08 12:43:29,556 - root - INFO - Ingresa el numero del chasis del nuevo registro 
2023-06-08 12:43:29,609 - root - INFO - Ingresa la capacidad en toneladas del nuevo registro 
2023-06-08 12:43:29,677 - root - INFO - Ingresa la capacidad en kg/lts del nuevo registro 
2023-06-08 12:43:29,731 - root - INFO - Ingresa la capacidad en cajas del nuevo registro 
2023-06-08 12:43:29,784 - root - INFO - Ingresa los Metros Cubicos del nuevo registro 
2023-06-08 12:43:29,839 - root - INFO - Ingresa el Máximo volumen de documento del nuevo registro 
2023-06-08 12:43:29,891 - root - INFO - Ingresa el Mínimo volumen de documento del nuevo registro 
2023-06-08 12:43:29,954 - root - INFO - Ingresa el Máximo peso de documento del nuevo registro 
2023-06-08 12:43:30,010 - root - INFO - Ingresa el Minimo peso de documento del nuevo registro 
2023-06-08 12:43:30,063 - root - INFO -  Ingresa el Número máximo de visitas del nuevo registro 
2023-06-08 12:43:31,066 - root - INFO -  Captura: C:\xampp\htdocs\versiones\automatizaciones\AutoPWST\01V\report\img  screen：20230608_12_43_31.png
2023-06-08 12:43:32,265 - root - INFO -  Se da clic en el boton Guardar; se debe crear un nuevo registro.
2023-06-08 12:43:32,608 - root - INFO -  Se presiona el boton 'Refrescar', para crear un nuevo registro igual al anterior.
2023-06-08 12:43:34,661 - root - INFO -  Se presiona el boton 'Nuevo', para crear un nuevo registro igual al anterior.
2023-06-08 12:43:35,202 - root - INFO -  Se abrio la pantalla para el ingreso de un registro nuevo.
2023-06-08 12:43:35,217 - root - INFO -  El campo 'Codigo' si se encuentra visible.
2023-06-08 12:43:35,234 - root - INFO -  El campo 'Descrición' si se encuentra visible.
2023-06-08 12:43:35,274 - root - INFO -  El campo 'Marca' si se encuentra visible.
2023-06-08 12:43:35,296 - root - INFO -  El campo 'Número Placa' si se encuentra visible.
2023-06-08 12:43:35,312 - root - INFO -  El campo 'Número Motor' si se encuentra visible.
2023-06-08 12:43:35,329 - root - INFO -  El campo 'Número Chasis' si se encuentra visible.
2023-06-08 12:43:35,347 - root - INFO -  El campo 'Capacidad en Toneladas' si se encuentra visible.
2023-06-08 12:43:35,363 - root - INFO -  El campo 'Capacidad en KgLts' si se encuentra visible.
2023-06-08 12:43:35,380 - root - INFO -  El campo 'Capacidad en Cajas' si se encuentra visible.
2023-06-08 12:43:35,395 - root - INFO -  El campo 'Metros cúbicos' si se encuentra visible.
2023-06-08 12:43:35,412 - root - INFO -  El campo 'Máximo volumen de documento' si se encuentra visible.
2023-06-08 12:43:35,428 - root - INFO -  El campo 'Mínimo volumen de documento' si se encuentra visible.
2023-06-08 12:43:35,449 - root - INFO -  El campo 'Máximo peso de documento' si se encuentra visible.
2023-06-08 12:43:35,474 - root - INFO -  El campo 'Mínimo peso de documento' si se encuentra visible.
2023-06-08 12:43:35,490 - root - INFO -  El campo 'Número máximo de visitas' si se encuentra visible.
2023-06-08 12:43:35,538 - root - INFO -  Ingresa el codigo del nuevo registro 
2023-06-08 12:43:35,682 - root - INFO -  Ingresa la descripción del nuevo registro 
2023-06-08 12:43:35,789 - root - INFO - Ingresa la marca del nuevo registro 
2023-06-08 12:43:35,884 - root - INFO - Ingresa el numero de placa del nuevo registro 
2023-06-08 12:43:35,979 - root - INFO - Ingresa el numero del motor del nuevo registro 
2023-06-08 12:43:36,072 - root - INFO - Ingresa el numero del chasis del nuevo registro 
2023-06-08 12:43:36,122 - root - INFO - Ingresa la capacidad en toneladas del nuevo registro 
2023-06-08 12:43:36,169 - root - INFO - Ingresa la capacidad en kg/lts del nuevo registro 
2023-06-08 12:43:36,220 - root - INFO - Ingresa la capacidad en cajas del nuevo registro 
2023-06-08 12:43:36,275 - root - INFO - Ingresa los Metros Cubicos del nuevo registro 
2023-06-08 12:43:36,325 - root - INFO - Ingresa el Máximo volumen de documento del nuevo registro 
2023-06-08 12:43:36,373 - root - INFO - Ingresa el Mínimo volumen de documento del nuevo registro 
2023-06-08 12:43:36,424 - root - INFO - Ingresa el Máximo peso de documento del nuevo registro 
2023-06-08 12:43:36,476 - root - INFO - Ingresa el Minimo peso de documento del nuevo registro 
2023-06-08 12:43:36,527 - root - INFO -  Ingresa el Número máximo de visitas del nuevo registro 
2023-06-08 12:43:37,631 - root - INFO -  Se da clic en el boton Guardar; NO se debe crear un nuevo registro.
2023-06-08 12:43:38,632 - root - INFO -  Captura: C:\xampp\htdocs\versiones\automatizaciones\AutoPWST\01V\report\img  screen：20230608_12_43_38.png
2023-06-08 12:43:44,040 - root - INFO -  Se presiona el boton 'Cerrar', para cerrar el mensaje de duplicidad de llave primaria
2023-06-08 12:43:45,042 - root - INFO -  Captura: C:\xampp\htdocs\versiones\automatizaciones\AutoPWST\01V\report\img  screen：20230608_12_43_45.png
2023-06-08 12:43:45,215 - root - INFO -  Se presiona el boton 'Cerrar', para cerrar el mensaje de duplicidad de llave primaria
2023-06-08 12:43:45,451 - root - INFO -  Se presiona el boton 'Cerrar', para cerrar la ventana
2023-06-08 12:43:45,744 - root - INFO -  Se presiona el boton 'Refrescar', para crear un nuevo registro igual al anterior.
2023-06-08 12:43:56,405 - root - INFO -  Se da clic en el registro creado, para proceder a modificarlo.
2023-06-08 12:43:56,607 - root - INFO -  Ingresa la descripción del nuevo registro 
2023-06-08 12:43:56,735 - root - INFO - Ingresa la marca del nuevo registro 
2023-06-08 12:43:56,853 - root - INFO - Ingresa el numero de placa del nuevo registro 
2023-06-08 12:43:56,968 - root - INFO - Ingresa el numero del motor del nuevo registro 
2023-06-08 12:43:57,084 - root - INFO - Ingresa el numero del chasis del nuevo registro 
2023-06-08 12:43:57,165 - root - INFO - Ingresa la capacidad en toneladas del nuevo registro 
2023-06-08 12:43:57,264 - root - INFO - Ingresa la capacidad en kg/lts del nuevo registro 
2023-06-08 12:43:57,349 - root - INFO - Ingresa la capacidad en cajas del nuevo registro 
2023-06-08 12:43:57,427 - root - INFO - Ingresa los Metros Cubicos del nuevo registro 
2023-06-08 12:43:57,506 - root - INFO - Ingresa el Máximo volumen de documento del nuevo registro 
2023-06-08 12:43:57,579 - root - INFO - Ingresa el Mínimo volumen de documento del nuevo registro 
2023-06-08 12:43:57,652 - root - INFO - Ingresa el Máximo peso de documento del nuevo registro 
2023-06-08 12:43:57,742 - root - INFO - Ingresa el Minimo peso de documento del nuevo registro 
2023-06-08 12:43:57,874 - root - INFO -  Ingresa el Número máximo de visitas del nuevo registro 
2023-06-08 12:43:58,874 - root - INFO -  Captura: C:\xampp\htdocs\versiones\automatizaciones\AutoPWST\01V\report\img  screen：20230608_12_43_58.png
2023-06-08 12:44:00,073 - root - INFO -  Se da clic en el boton Guardar; se debe modificar la informacion del registro.
2023-06-08 12:44:00,514 - root - INFO -  Se presiona el boton 'Refrescar', para proceder a eliminar el registro.
2023-06-08 12:44:04,095 - root - INFO -  Se da clic en el registro creado, para proceder a eliminarlo.
2023-06-08 12:44:04,139 - root - INFO -  Se presiona el boton 'Eliminar', para eliminar el registro.
2023-06-08 12:44:06,141 - root - INFO -  Captura: C:\xampp\htdocs\versiones\automatizaciones\AutoPWST\01V\report\img  screen：20230608_12_44_06.png
2023-06-08 12:44:06,286 - root - INFO -  Se confirma el eliminado del registro
2023-06-08 12:44:07,222 - root - INFO -  Se presiona el boton 'Refrescar', para crear un nuevo registro igual al anterior.
2023-06-08 12:44:09,277 - root - INFO -  Se presiona el boton 'Cerrar', para cerrar la pantalla de Vehiculos.
2023-06-08 12:44:13,571 - root - INFO -  Se cierra chrome
