2023-01-11 10:42:10,043 - root - INFO -  Se abre el chrome
2023-01-11 10:42:11,088 - root - INFO -  Entra a la URL
2023-01-11 10:42:11,211 - root - INFO -  Maximiza la pantalla
2023-01-11 10:42:14,367 - root - INFO -  Escribe el usuario
2023-01-11 10:42:14,477 - root - INFO -  Escribe la contraseña
2023-01-11 10:42:14,578 - root - INFO -  Se dio clic en el boton ingresar
2023-01-11 10:42:15,910 - root - INFO -  Ejecutar Enterprise
2023-01-11 10:42:19,984 - root - INFO -  Cambia entre pestañas
2023-01-11 10:42:31,870 - root - INFO -  Abre la pantalla de Vehiculos
2023-01-11 10:42:32,421 - root - INFO -  La pantalla ejecutada es Vehiculos.
2023-01-11 10:42:32,422 - root - INFO -  Captura: C:\xampp\htdocs\Versiones\automatizaciones\AutoPWST\01V\report\img  screen：20230111_10_42_32.png
2023-01-11 10:42:43,461 - root - INFO -  Se presiona el boton 'Nuevo', para crear un nuevo registro.
2023-01-11 10:42:46,550 - root - INFO -  Se abrio la pantalla para el ingreso de un registro nuevo.
2023-01-11 10:42:46,595 - root - INFO -  El campo 'Codigo' si se encuentra visible.
2023-01-11 10:42:46,638 - root - INFO -  El campo 'Descrición' si se encuentra visible.
2023-01-11 10:42:46,679 - root - INFO -  El campo 'Marca' si se encuentra visible.
2023-01-11 10:42:46,720 - root - INFO -  El campo 'Número Placa' si se encuentra visible.
2023-01-11 10:42:46,761 - root - INFO -  El campo 'Número Motor' si se encuentra visible.
2023-01-11 10:42:46,815 - root - INFO -  El campo 'Número Chasis' si se encuentra visible.
2023-01-11 10:42:46,866 - root - INFO -  El campo 'Capacidad en Toneladas' si se encuentra visible.
2023-01-11 10:42:46,909 - root - INFO -  El campo 'Capacidad en KgLts' si se encuentra visible.
2023-01-11 10:42:46,952 - root - INFO -  El campo 'Capacidad en Cajas' si se encuentra visible.
2023-01-11 10:42:46,992 - root - INFO -  El campo 'Metros cúbicos' si se encuentra visible.
2023-01-11 10:42:47,036 - root - INFO -  El campo 'Máximo volumen de documento' si se encuentra visible.
2023-01-11 10:42:47,082 - root - INFO -  El campo 'Mínimo volumen de documento' si se encuentra visible.
2023-01-11 10:42:47,123 - root - INFO -  El campo 'Máximo peso de documento' si se encuentra visible.
2023-01-11 10:42:47,163 - root - INFO -  El campo 'Mínimo peso de documento' si se encuentra visible.
2023-01-11 10:42:47,207 - root - INFO -  El campo 'Número máximo de visitas' si se encuentra visible.
2023-01-11 10:42:47,314 - root - INFO -  Ingresa el codigo del nuevo registro 
2023-01-11 10:42:47,491 - root - INFO -  Ingresa la descripción del nuevo registro 
2023-01-11 10:42:47,619 - root - INFO - Ingresa la marca del nuevo registro 
2023-01-11 10:42:47,723 - root - INFO - Ingresa el numero de placa del nuevo registro 
2023-01-11 10:42:47,847 - root - INFO - Ingresa el numero del motor del nuevo registro 
2023-01-11 10:42:47,953 - root - INFO - Ingresa el numero del chasis del nuevo registro 
2023-01-11 10:42:48,030 - root - INFO - Ingresa la capacidad en toneladas del nuevo registro 
2023-01-11 10:42:48,115 - root - INFO - Ingresa la capacidad en kg/lts del nuevo registro 
2023-01-11 10:42:48,192 - root - INFO - Ingresa la capacidad en cajas del nuevo registro 
2023-01-11 10:42:48,284 - root - INFO - Ingresa los Metros Cubicos del nuevo registro 
2023-01-11 10:42:48,385 - root - INFO - Ingresa el Máximo volumen de documento del nuevo registro 
2023-01-11 10:42:48,461 - root - INFO - Ingresa el Mínimo volumen de documento del nuevo registro 
2023-01-11 10:42:48,536 - root - INFO - Ingresa el Máximo peso de documento del nuevo registro 
2023-01-11 10:42:48,612 - root - INFO - Ingresa el Minimo peso de documento del nuevo registro 
2023-01-11 10:42:48,693 - root - INFO -  Ingresa el Número máximo de visitas del nuevo registro 
2023-01-11 10:42:49,694 - root - INFO -  Captura: C:\xampp\htdocs\Versiones\automatizaciones\AutoPWST\01V\report\img  screen：20230111_10_42_49.png
2023-01-11 10:42:51,363 - root - INFO -  Se da clic en el boton Guardar; se debe crear un nuevo registro.
2023-01-11 10:42:51,733 - root - INFO -  Se presiona el boton 'Refrescar', para crear un nuevo registro igual al anterior.
2023-01-11 10:42:51,939 - root - INFO -  Se presiona el boton 'Nuevo', para crear un nuevo registro igual al anterior.
2023-01-11 10:42:52,493 - root - INFO -  Se abrio la pantalla para el ingreso de un registro nuevo.
2023-01-11 10:42:52,530 - root - INFO -  El campo 'Codigo' si se encuentra visible.
2023-01-11 10:42:52,567 - root - INFO -  El campo 'Descrición' si se encuentra visible.
2023-01-11 10:42:52,607 - root - INFO -  El campo 'Marca' si se encuentra visible.
2023-01-11 10:42:52,646 - root - INFO -  El campo 'Número Placa' si se encuentra visible.
2023-01-11 10:42:52,683 - root - INFO -  El campo 'Número Motor' si se encuentra visible.
2023-01-11 10:42:52,721 - root - INFO -  El campo 'Número Chasis' si se encuentra visible.
2023-01-11 10:42:52,761 - root - INFO -  El campo 'Capacidad en Toneladas' si se encuentra visible.
2023-01-11 10:42:52,802 - root - INFO -  El campo 'Capacidad en KgLts' si se encuentra visible.
2023-01-11 10:42:52,843 - root - INFO -  El campo 'Capacidad en Cajas' si se encuentra visible.
2023-01-11 10:42:52,891 - root - INFO -  El campo 'Metros cúbicos' si se encuentra visible.
2023-01-11 10:42:52,928 - root - INFO -  El campo 'Máximo volumen de documento' si se encuentra visible.
2023-01-11 10:42:52,965 - root - INFO -  El campo 'Mínimo volumen de documento' si se encuentra visible.
2023-01-11 10:42:53,000 - root - INFO -  El campo 'Máximo peso de documento' si se encuentra visible.
2023-01-11 10:42:53,037 - root - INFO -  El campo 'Mínimo peso de documento' si se encuentra visible.
2023-01-11 10:42:53,074 - root - INFO -  El campo 'Número máximo de visitas' si se encuentra visible.
2023-01-11 10:42:53,142 - root - INFO -  Ingresa el codigo del nuevo registro 
2023-01-11 10:42:53,323 - root - INFO -  Ingresa la descripción del nuevo registro 
2023-01-11 10:42:53,472 - root - INFO - Ingresa la marca del nuevo registro 
2023-01-11 10:42:53,605 - root - INFO - Ingresa el numero de placa del nuevo registro 
2023-01-11 10:42:53,732 - root - INFO - Ingresa el numero del motor del nuevo registro 
2023-01-11 10:42:53,867 - root - INFO - Ingresa el numero del chasis del nuevo registro 
2023-01-11 10:42:53,949 - root - INFO - Ingresa la capacidad en toneladas del nuevo registro 
2023-01-11 10:42:54,038 - root - INFO - Ingresa la capacidad en kg/lts del nuevo registro 
2023-01-11 10:42:54,124 - root - INFO - Ingresa la capacidad en cajas del nuevo registro 
2023-01-11 10:42:54,212 - root - INFO - Ingresa los Metros Cubicos del nuevo registro 
2023-01-11 10:42:54,301 - root - INFO - Ingresa el Máximo volumen de documento del nuevo registro 
2023-01-11 10:42:54,400 - root - INFO - Ingresa el Mínimo volumen de documento del nuevo registro 
2023-01-11 10:42:54,484 - root - INFO - Ingresa el Máximo peso de documento del nuevo registro 
2023-01-11 10:42:54,581 - root - INFO - Ingresa el Minimo peso de documento del nuevo registro 
2023-01-11 10:42:54,679 - root - INFO -  Ingresa el Número máximo de visitas del nuevo registro 
2023-01-11 10:42:55,817 - root - INFO -  Se da clic en el boton Guardar; NO se debe crear un nuevo registro.
2023-01-11 10:42:56,818 - root - INFO -  Captura: C:\xampp\htdocs\Versiones\automatizaciones\AutoPWST\01V\report\img  screen：20230111_10_42_56.png
2023-01-11 10:43:02,728 - root - INFO -  Se presiona el boton 'Cerrar', para cerrar el mensaje de duplicidad de llave primaria
2023-01-11 10:43:03,729 - root - INFO -  Captura: C:\xampp\htdocs\Versiones\automatizaciones\AutoPWST\01V\report\img  screen：20230111_10_43_03.png
2023-01-11 10:43:04,572 - root - INFO -  Se presiona el boton 'Cerrar', para cerrar el mensaje de duplicidad de llave primaria
2023-01-11 10:43:04,818 - root - INFO -  Se presiona el boton 'Cerrar', para cerrar la ventana
2023-01-11 10:43:04,961 - root - INFO -  Se presiona el boton 'Refrescar', para crear un nuevo registro igual al anterior.
2023-01-11 10:43:13,692 - root - INFO -  Se da clic en el registro creado, para proceder a modificarlo.
2023-01-11 10:43:13,949 - root - INFO -  Ingresa la descripción del nuevo registro 
2023-01-11 10:43:14,129 - root - INFO - Ingresa la marca del nuevo registro 
2023-01-11 10:43:14,320 - root - INFO - Ingresa el numero de placa del nuevo registro 
2023-01-11 10:43:14,527 - root - INFO - Ingresa el numero del motor del nuevo registro 
2023-01-11 10:43:14,740 - root - INFO - Ingresa el numero del chasis del nuevo registro 
2023-01-11 10:43:14,888 - root - INFO - Ingresa la capacidad en toneladas del nuevo registro 
2023-01-11 10:43:15,004 - root - INFO - Ingresa la capacidad en kg/lts del nuevo registro 
2023-01-11 10:43:15,113 - root - INFO - Ingresa la capacidad en cajas del nuevo registro 
2023-01-11 10:43:15,232 - root - INFO - Ingresa los Metros Cubicos del nuevo registro 
2023-01-11 10:43:15,369 - root - INFO - Ingresa el Máximo volumen de documento del nuevo registro 
2023-01-11 10:43:15,494 - root - INFO - Ingresa el Mínimo volumen de documento del nuevo registro 
2023-01-11 10:43:15,610 - root - INFO - Ingresa el Máximo peso de documento del nuevo registro 
2023-01-11 10:43:15,748 - root - INFO - Ingresa el Minimo peso de documento del nuevo registro 
2023-01-11 10:43:15,930 - root - INFO -  Ingresa el Número máximo de visitas del nuevo registro 
2023-01-11 10:43:16,931 - root - INFO -  Captura: C:\xampp\htdocs\Versiones\automatizaciones\AutoPWST\01V\report\img  screen：20230111_10_43_16.png
2023-01-11 10:43:18,591 - root - INFO -  Se da clic en el boton Guardar; se debe modificar la informacion del registro.
2023-01-11 10:43:18,890 - root - INFO -  Se presiona el boton 'Refrescar', para proceder a eliminar el registro.
2023-01-11 10:43:20,499 - root - INFO -  Se da clic en el registro creado, para proceder a eliminarlo.
2023-01-11 10:43:21,587 - root - INFO -  Se presiona el boton 'Eliminar', para eliminar el registro.
2023-01-11 10:43:21,588 - root - INFO -  Captura: C:\xampp\htdocs\Versiones\automatizaciones\AutoPWST\01V\report\img  screen：20230111_10_43_21.png
2023-01-11 10:43:22,218 - root - INFO -  Se confirma el eliminado del registro
2023-01-11 10:43:22,464 - root - INFO -  Se presiona el boton 'Refrescar', para crear un nuevo registro igual al anterior.
2023-01-11 10:43:22,676 - root - INFO -  Se presiona el boton 'Cerrar', para cerrar la pantalla de Categorias Fiscales.
2023-01-11 10:43:24,964 - root - INFO -  Se cierra chrome
