2022-08-15 14:48:17,226 - root - INFO -  Se abre el chrome
2022-08-15 14:48:21,898 - root - INFO -  Entra a la URL
2022-08-15 14:48:22,030 - root - INFO -  Maximiza la pantalla
2022-08-15 14:48:25,093 - root - INFO -  Cambia al frame
2022-08-15 14:48:28,286 - root - INFO -  Escribe el usuario
2022-08-15 14:48:28,420 - root - INFO -  Escribe la contraseña
2022-08-15 14:48:28,578 - root - INFO -  Se dio clic en el boton ingresar
2022-08-15 14:48:32,646 - root - INFO -  Ejecutar Enterprise
2022-08-15 14:48:32,648 - root - INFO -  Captura: C:\xampp\htdocs\versiones\automatizaciones\AutoPWST\01EMP\report\img  screen：20220815_14_48_32.png
2022-08-15 14:48:37,011 - root - INFO -  Cambia entre pestañas
2022-08-15 14:49:02,783 - root - INFO -  Abre el menu completo
2022-08-15 14:49:15,756 - root - INFO -  Abre la pantalla de Empresas
2022-08-15 14:49:15,830 - root - INFO -  La pantalla ejecutada es Empresas
2022-08-15 14:49:18,835 - root - INFO -  Captura: C:\xampp\htdocs\versiones\automatizaciones\AutoPWST\01EMP\report\img  screen：20220815_14_49_18.png
2022-08-15 14:49:19,028 - root - INFO -  Se presiona el boton 'Nuevo', para crear un nuevo registro.
2022-08-15 14:49:24,089 - root - INFO -  Se abrio la pantalla para el ingreso de un registro nuevo.
2022-08-15 14:49:24,134 - root - INFO -  El campo 'Codigo' si se encuentra visible.
2022-08-15 14:49:24,177 - root - INFO -  El campo 'Descrición' si se encuentra visible.
2022-08-15 14:49:24,231 - root - INFO -  El campo 'Codigo Alternativo' si se encuentra visible.
2022-08-15 14:49:24,274 - root - INFO -  El campo 'Codigo GLN' si se encuentra visible.
2022-08-15 14:49:24,318 - root - INFO -  El campo 'Razón social' si se encuentra visible.
2022-08-15 14:49:24,361 - root - INFO -  El campo 'Calle' si se encuentra visible.
2022-08-15 14:49:24,403 - root - INFO -  El campo 'Esquinas' si se encuentra visible.
2022-08-15 14:49:24,444 - root - INFO -  El campo 'Teléfonos' si se encuentra visible.
2022-08-15 14:49:24,487 - root - INFO -  El campo 'R.U.C' si se encuentra visible.
2022-08-15 14:49:24,529 - root - INFO -  El campo 'Estado' si se encuentra visible.
2022-08-15 14:49:24,573 - root - INFO -  El campo 'Depto/Provincia' si se encuentra visible.
2022-08-15 14:49:24,615 - root - INFO -  El campo 'Localidad' si se encuentra visible.
2022-08-15 14:49:24,658 - root - INFO -  El campo 'Barrio' si se encuentra visible.
2022-08-15 14:49:24,701 - root - INFO -  El campo 'Observaciones' si se encuentra visible.
2022-08-15 14:49:24,763 - root - INFO -  El campo 'Resoluciones Fiscales' si se encuentra visible.
2022-08-15 14:49:24,807 - root - INFO -  El campo 'Nro. Puerta' si se encuentra visible.
2022-08-15 14:49:24,895 - root - INFO -  Ingresa el codigo del nuevo registro 
2022-08-15 14:49:28,103 - root - INFO -  Ingresa la descripción del nuevo registro 
2022-08-15 14:49:31,256 - root - INFO -  Ingresa el codigo alternativo del nuevo registro 
2022-08-15 14:49:34,403 - root - INFO -  Ingresa el codigo GLN del nuevo registro 
2022-08-15 14:49:37,599 - root - INFO -  Ingresa la Razón Social del nuevo registro 
2022-08-15 14:49:40,766 - root - INFO -  Ingresa la calle del nuevo registro 
2022-08-15 14:49:43,927 - root - INFO -  Ingresa la esquina 1 del nuevo registro 
2022-08-15 14:49:47,079 - root - INFO -  Ingresa la esquina 2 del nuevo registro 
2022-08-15 14:49:50,213 - root - INFO -  Ingresa el Telefono 1 del nuevo registro 
2022-08-15 14:49:53,341 - root - INFO -  Ingresa el Telefono 2 del nuevo registro 
2022-08-15 14:49:56,492 - root - INFO -  Ingresa el ruc del nuevo registro 
2022-08-15 14:50:32,822 - root - INFO -  Se abre el chrome
2022-08-15 14:50:36,715 - root - INFO -  Entra a la URL
2022-08-15 14:50:36,854 - root - INFO -  Maximiza la pantalla
2022-08-15 14:50:39,924 - root - INFO -  Cambia al frame
2022-08-15 14:50:43,028 - root - INFO -  Escribe el usuario
2022-08-15 14:50:43,152 - root - INFO -  Escribe la contraseña
2022-08-15 14:50:43,300 - root - INFO -  Se dio clic en el boton ingresar
2022-08-15 14:50:46,802 - root - INFO -  Ejecutar Enterprise
2022-08-15 14:50:46,803 - root - INFO -  Captura: C:\xampp\htdocs\versiones\automatizaciones\AutoPWST\01EMP\report\img  screen：20220815_14_50_46.png
2022-08-15 14:50:51,081 - root - INFO -  Cambia entre pestañas
2022-08-15 14:51:16,311 - root - INFO -  Abre el menu completo
2022-08-15 14:51:29,245 - root - INFO -  Abre la pantalla de Empresas
2022-08-15 14:51:29,321 - root - INFO -  La pantalla ejecutada es Empresas
2022-08-15 14:51:32,330 - root - INFO -  Captura: C:\xampp\htdocs\versiones\automatizaciones\AutoPWST\01EMP\report\img  screen：20220815_14_51_32.png
2022-08-15 14:51:32,532 - root - INFO -  Se presiona el boton 'Nuevo', para crear un nuevo registro.
2022-08-15 14:51:37,626 - root - INFO -  Se abrio la pantalla para el ingreso de un registro nuevo.
2022-08-15 14:51:37,682 - root - INFO -  El campo 'Codigo' si se encuentra visible.
2022-08-15 14:51:37,725 - root - INFO -  El campo 'Descrición' si se encuentra visible.
2022-08-15 14:51:37,779 - root - INFO -  El campo 'Codigo Alternativo' si se encuentra visible.
2022-08-15 14:51:37,821 - root - INFO -  El campo 'Codigo GLN' si se encuentra visible.
2022-08-15 14:51:37,862 - root - INFO -  El campo 'Razón social' si se encuentra visible.
2022-08-15 14:51:37,907 - root - INFO -  El campo 'Calle' si se encuentra visible.
2022-08-15 14:51:37,961 - root - INFO -  El campo 'Esquinas' si se encuentra visible.
2022-08-15 14:51:38,004 - root - INFO -  El campo 'Teléfonos' si se encuentra visible.
2022-08-15 14:51:38,045 - root - INFO -  El campo 'R.U.C' si se encuentra visible.
2022-08-15 14:51:38,087 - root - INFO -  El campo 'Estado' si se encuentra visible.
2022-08-15 14:51:38,128 - root - INFO -  El campo 'Depto/Provincia' si se encuentra visible.
2022-08-15 14:51:38,170 - root - INFO -  El campo 'Localidad' si se encuentra visible.
2022-08-15 14:51:38,213 - root - INFO -  El campo 'Barrio' si se encuentra visible.
2022-08-15 14:51:38,269 - root - INFO -  El campo 'Observaciones' si se encuentra visible.
2022-08-15 14:51:38,309 - root - INFO -  El campo 'Resoluciones Fiscales' si se encuentra visible.
2022-08-15 14:51:38,350 - root - INFO -  El campo 'Nro. Puerta' si se encuentra visible.
2022-08-15 14:51:38,437 - root - INFO -  Ingresa el codigo del nuevo registro 
2022-08-15 14:51:41,664 - root - INFO -  Ingresa la descripción del nuevo registro 
2022-08-15 14:51:44,809 - root - INFO -  Ingresa el codigo alternativo del nuevo registro 
2022-08-15 14:51:47,967 - root - INFO -  Ingresa el codigo GLN del nuevo registro 
2022-08-15 14:51:51,109 - root - INFO -  Ingresa la Razón Social del nuevo registro 
2022-08-15 14:51:54,321 - root - INFO -  Ingresa la calle del nuevo registro 
2022-08-15 14:51:57,493 - root - INFO -  Ingresa la esquina 1 del nuevo registro 
2022-08-15 14:52:00,664 - root - INFO -  Ingresa la esquina 2 del nuevo registro 
2022-08-15 14:52:03,804 - root - INFO -  Ingresa el Telefono 1 del nuevo registro 
2022-08-15 14:52:06,949 - root - INFO -  Ingresa el Telefono 2 del nuevo registro 
2022-08-15 14:52:10,126 - root - INFO -  Ingresa el ruc del nuevo registro 
2022-08-15 14:52:55,184 - root - INFO -  Ingresa las Observaciones del nuevo registro 
2022-08-15 14:53:01,304 - root - INFO -  Captura: C:\xampp\htdocs\versiones\automatizaciones\AutoPWST\01EMP\report\img  screen：20220815_14_53_01.png
2022-08-15 14:53:01,524 - root - INFO -  Ingresa el Num de la puerta del nuevo registro 
2022-08-15 14:53:04,649 - root - INFO - Se hace el cambio de pestaña para continuar con el registro nuevo
2022-08-15 14:53:07,752 - root - INFO -  Se presiona el boton 'Nuevo', para crear un nuevo registro.
2022-08-15 14:53:12,801 - root - INFO -  El campo 'Código' si se encuentra visible.
2022-08-15 14:53:12,845 - root - INFO -  El campo 'Descripción' si se encuentra visible.
2022-08-15 14:53:12,887 - root - INFO -  El campo 'Codigo alternativo' si se encuentra visible.
2022-08-15 14:53:12,985 - root - INFO -  Ingresa el Codigo del nuevo registro 
2022-08-15 14:53:16,128 - root - INFO -  Ingresa la Descripcion del nuevo registro 
2022-08-15 14:53:19,278 - root - INFO -  Ingresa el Codigo alternativo del nuevo registro 
2022-08-15 14:53:22,426 - root - INFO - Se hace el cambio de pestaña para continuar con el registro nuevo
2022-08-15 14:53:25,558 - root - INFO -  Se presiona el boton 'Nuevo', para crear un nuevo registro.
2022-08-15 14:53:30,627 - root - INFO -  El campo 'Tipo Documento' si se encuentra visible.
2022-08-15 14:53:30,674 - root - INFO -  El campo 'Vías en BackOffice' si se encuentra visible.
2022-08-15 14:53:30,747 - root - INFO -  El campo 'Vías en Mobile' si se encuentra visible.
2022-08-15 14:53:30,818 - root - INFO -  El campo 'Descrpción de vías' si se encuentra visible.
2022-08-15 14:53:30,940 - root - INFO -  Ingresa el Tipo Documento del nuevo registro 
2022-08-15 14:53:34,112 - root - INFO -  Ingresa las Vias Backoffice del nuevo registro 
2022-08-15 14:53:37,228 - root - INFO -  Ingresa las Vias Mobile del nuevo registro 
2022-08-15 14:53:40,378 - root - INFO -  Ingresa la Descripción Vias del nuevo registro 
2022-08-15 14:53:43,482 - root - INFO -  Se presiona el boton 'Guardar', para guardar el registro.
2022-08-15 14:53:48,600 - root - INFO -  Se presiona el boton 'Guardar', para guardar el registro.
2022-08-15 14:53:53,717 - root - INFO - Se hace el cambio de pestaña para continuar con el registro nuevo
2022-08-15 14:53:56,770 - root - INFO -  El campo 'Lunes' si se encuentra visible.
2022-08-15 14:53:56,811 - root - INFO -  El campo 'Martes' si se encuentra visible.
2022-08-15 14:53:56,870 - root - INFO -  El campo 'Miércoles' si se encuentra visible.
2022-08-15 14:53:56,951 - root - INFO -  El campo 'Jueves' si se encuentra visible.
2022-08-15 14:53:57,035 - root - INFO -  El campo 'Viernes' si se encuentra visible.
2022-08-15 14:53:57,077 - root - INFO -  El campo 'Sábado' si se encuentra visible.
2022-08-15 14:53:57,121 - root - INFO -  El campo 'Domingo' si se encuentra visible.
2022-08-15 14:54:15,946 - root - INFO - Se hace el cambio de pestaña para continuar con el registro nuevo
2022-08-15 14:54:19,035 - root - INFO -  El campo 'Período Contable' si se encuentra visible.
2022-08-15 14:54:19,091 - root - INFO -  El campo 'Desde' si se encuentra visible.
2022-08-15 14:54:19,134 - root - INFO -  El campo 'Hasta' si se encuentra visible.
2022-08-15 14:54:19,297 - root - INFO -  Ingresa la fecha Desde del nuevo registro 
2022-08-15 14:54:22,424 - root - INFO -  Ingresa la fecha Hasta del nuevo registro 
2022-08-15 14:54:25,531 - root - INFO -  Se da clic en el boton Guardar; se debe crear un nuevo registro.
2022-08-15 14:54:30,658 - root - INFO -  Se presiona el boton 'Refrescar', para crear un nuevo registro igual al anterior.
2022-08-15 14:54:35,768 - root - INFO -  Se presiona el boton 'Nuevo', para crear un nuevo registro igual al anterior.
2022-08-15 14:54:40,810 - root - INFO -  Se abrio la pantalla para el ingreso de un registro nuevo.
2022-08-15 14:54:40,855 - root - INFO -  El campo 'Codigo' si se encuentra visible.
2022-08-15 14:54:40,897 - root - INFO -  El campo 'Descrición' si se encuentra visible.
2022-08-15 14:54:40,957 - root - INFO -  El campo 'Codigo Alternativo' si se encuentra visible.
2022-08-15 14:54:41,020 - root - INFO -  El campo 'Codigo GLN' si se encuentra visible.
2022-08-15 14:54:41,069 - root - INFO -  El campo 'Razón social' si se encuentra visible.
2022-08-15 14:54:41,111 - root - INFO -  El campo 'Calle' si se encuentra visible.
2022-08-15 14:54:41,153 - root - INFO -  El campo 'Esquinas' si se encuentra visible.
2022-08-15 14:54:41,193 - root - INFO -  El campo 'Teléfonos' si se encuentra visible.
2022-08-15 14:54:41,237 - root - INFO -  El campo 'R.U.C' si se encuentra visible.
2022-08-15 14:54:41,335 - root - INFO -  El campo 'Estado' si se encuentra visible.
2022-08-15 14:54:41,412 - root - INFO -  El campo 'Depto/Provincia' si se encuentra visible.
2022-08-15 14:54:41,457 - root - INFO -  El campo 'Localidad' si se encuentra visible.
2022-08-15 14:54:41,509 - root - INFO -  El campo 'Barrio' si se encuentra visible.
2022-08-15 14:54:41,573 - root - INFO -  El campo 'Observaciones' si se encuentra visible.
2022-08-15 14:54:41,613 - root - INFO -  El campo 'Resoluciones Fiscales' si se encuentra visible.
2022-08-15 14:54:41,676 - root - INFO -  El campo 'Nro. Puerta' si se encuentra visible.
2022-08-15 14:54:41,766 - root - INFO -  Ingresa el codigo del nuevo registro 
2022-08-15 14:54:44,972 - root - INFO -  Ingresa la descripción del nuevo registro 
2022-08-15 14:54:48,104 - root - INFO -  Ingresa el codigo alternativo del nuevo registro 
2022-08-15 14:54:51,229 - root - INFO -  Ingresa el codigo GLN del nuevo registro 
2022-08-15 14:54:54,365 - root - INFO -  Ingresa la Razón Social del nuevo registro 
2022-08-15 14:54:57,521 - root - INFO -  Ingresa la calle del nuevo registro 
2022-08-15 14:55:00,660 - root - INFO -  Ingresa la esquina 1 del nuevo registro 
2022-08-15 14:55:03,809 - root - INFO -  Ingresa la esquina 2 del nuevo registro 
2022-08-15 14:55:06,971 - root - INFO -  Ingresa el Telefono 1 del nuevo registro 
2022-08-15 14:55:10,097 - root - INFO -  Ingresa el Telefono 2 del nuevo registro 
2022-08-15 14:55:13,246 - root - INFO -  Ingresa el ruc del nuevo registro 
2022-08-15 14:55:58,210 - root - INFO -  Ingresa las Observaciones del nuevo registro 
2022-08-15 14:56:04,401 - root - INFO -  Ingresa el Num de la puerta del nuevo registro 
2022-08-15 14:56:07,531 - root - INFO - Se hace el cambio de pestaña para continuar con el registro nuevo
2022-08-15 14:56:10,602 - root - INFO -  El campo 'Período Contable' si se encuentra visible.
2022-08-15 14:56:10,646 - root - INFO -  El campo 'Desde' si se encuentra visible.
2022-08-15 14:56:10,689 - root - INFO -  El campo 'Hasta' si se encuentra visible.
2022-08-15 14:56:10,828 - root - INFO -  Ingresa la fecha Desde del nuevo registro 
2022-08-15 14:56:13,968 - root - INFO -  Ingresa la fecha Hasta del nuevo registro 
2022-08-15 14:56:17,090 - root - INFO -  Se da clic en el boton Guardar; se debe crear un nuevo registro.
2022-08-15 14:56:22,094 - root - INFO -  Captura: C:\xampp\htdocs\versiones\automatizaciones\AutoPWST\01EMP\report\img  screen：20220815_14_56_22.png
2022-08-15 14:56:22,312 - root - INFO -  Se presiona el boton 'Cerrar', para cerrar el mensaje de duplicidad de llave primaria
2022-08-15 14:56:25,431 - root - INFO -  Se presiona el boton 'Cerrar', para cerrar la ventana
2022-08-15 14:56:29,559 - root - INFO -  Se presiona el boton 'Refrescar', para crear un nuevo registro igual al anterior.
2022-08-15 14:56:39,177 - root - INFO -  Se da clic en el registro creado, para proceder a modificarlo.
2022-08-15 14:56:42,422 - root - INFO -  Ingresa la descripción del nuevo registro 
2022-08-15 14:56:45,637 - root - INFO -  Ingresa el codigo alternativo del nuevo registro 
2022-08-15 14:56:48,876 - root - INFO -  Ingresa el codigo GLN del nuevo registro 
2022-08-15 14:56:52,102 - root - INFO -  Ingresa la Razón Social del nuevo registro 
2022-08-15 14:56:55,319 - root - INFO -  Ingresa la calle del nuevo registro 
2022-08-15 14:56:58,511 - root - INFO -  Ingresa la esquina 1 del nuevo registro 
2022-08-15 14:57:01,690 - root - INFO -  Ingresa la esquina 2 del nuevo registro 
2022-08-15 14:57:04,893 - root - INFO -  Ingresa el Telefono 1 del nuevo registro 
2022-08-15 14:57:08,115 - root - INFO -  Ingresa el Telefono 2 del nuevo registro 
2022-08-15 14:57:11,315 - root - INFO -  Ingresa el ruc del nuevo registro 
2022-08-15 14:57:56,375 - root - INFO -  Ingresa las Observaciones del nuevo registro 
2022-08-15 14:58:02,500 - root - INFO -  Captura: C:\xampp\htdocs\versiones\automatizaciones\AutoPWST\01EMP\report\img  screen：20220815_14_58_02.png
2022-08-15 14:58:02,753 - root - INFO -  Ingresa el Num de la puerta del nuevo registro 
2022-08-15 14:58:05,868 - root - INFO - Se hace el cambio de pestaña para continuar con el registro nuevo
2022-08-15 14:58:13,507 - root - INFO -  Se da clic en el registro creado, para proceder a modificarlo.
2022-08-15 14:58:16,738 - root - INFO -  Ingresa la Descripcion del nuevo registro 
2022-08-15 14:58:19,910 - root - INFO -  Ingresa el Codigo alternativo del nuevo registro 
2022-08-15 14:58:23,042 - root - INFO - Se hace el cambio de pestaña para continuar con el registro nuevo
2022-08-15 14:58:30,648 - root - INFO -  Se da clic en el registro creado, para proceder a modificarlo.
2022-08-15 14:58:33,964 - root - INFO -  Ingresa el Tipo Documento del nuevo registro 
2022-08-15 14:58:37,145 - root - INFO -  Ingresa las Vias Backoffice del nuevo registro 
2022-08-15 14:58:40,279 - root - INFO -  Ingresa las Vias Mobile del nuevo registro 
2022-08-15 14:58:43,470 - root - INFO -  Ingresa la Descripción Vias del nuevo registro 
2022-08-15 14:58:46,580 - root - INFO -  Se presiona el boton 'Guardar', para guardar el registro.
2022-08-15 14:58:51,712 - root - INFO -  Se presiona el boton 'Guardar', para guardar el registro.
2022-08-15 14:58:56,819 - root - INFO - Se hace el cambio de pestaña para continuar con el registro nuevo
2022-08-15 14:59:09,270 - root - INFO - Se hace el cambio de pestaña para continuar con el registro nuevo
2022-08-15 14:59:12,418 - root - INFO -  Se presiona el boton 'Nuevo', para crear un nuevo registro.
2022-08-15 14:59:17,498 - root - INFO -  El campo 'Fecha Autorización' si se encuentra visible.
2022-08-15 14:59:17,539 - root - INFO -  El campo 'Serie' si se encuentra visible.
2022-08-15 14:59:17,579 - root - INFO -  El campo 'Nro. Resolución' si se encuentra visible.
2022-08-15 14:59:17,622 - root - INFO -  El campo 'Rango Correlativo' si se encuentra visible.
2022-08-15 14:59:28,201 - root - INFO -  Ingresa el Num de la puerta del nuevo registro 
2022-08-15 14:59:31,342 - root - INFO -  Ingresa el Rango Inicio del nuevo registro 
2022-08-15 14:59:34,481 - root - INFO -  Ingresa el Rango Fin del nuevo registro 
2022-08-15 14:59:37,564 - root - INFO -  Se da clic en el boton Guardar; se debe modificar la informacion del registro.
2022-08-15 14:59:42,724 - root - INFO -  Se da clic en el boton Guardar; se debe modificar la informacion del registro.
2022-08-15 14:59:47,842 - root - INFO -  Se presiona el boton 'Refrescar', para proceder a eliminar el registro.
2022-08-15 14:59:57,477 - root - INFO -  Se da clic en el registro creado, para proceder a eliminarlo.
