2022-08-25 15:46:17,887 - root - INFO -  Se abre el chrome
2022-08-25 15:46:19,805 - root - INFO -  Entra a la URL
2022-08-25 15:46:19,949 - root - INFO -  Maximiza la pantalla
2022-08-25 15:46:23,003 - root - INFO -  Cambia al frame
2022-08-25 15:46:26,097 - root - INFO -  Escribe el usuario
2022-08-25 15:46:26,203 - root - INFO -  Escribe la contraseña
2022-08-25 15:46:26,334 - root - INFO -  Se dio clic en el boton ingresar
2022-08-25 15:46:27,643 - root - INFO -  Ejecutar Enterprise
2022-08-25 15:46:27,645 - root - INFO -  Captura: C:\xampp\htdocs\versiones\automatizaciones\AutoPWST\02PV\report\img  screen：20220825_15_46_27.png
2022-08-25 15:46:31,871 - root - INFO -  Cambia entre pestañas
2022-08-25 15:46:36,988 - root - INFO -  Abre el menu completo
2022-08-25 15:46:51,967 - root - INFO -  Abre la pantalla de Politicas de Venta
2022-08-25 15:46:52,050 - root - INFO -  La pantalla ejecutada es Politicas de Venta
2022-08-25 15:46:55,063 - root - INFO -  Captura: C:\xampp\htdocs\versiones\automatizaciones\AutoPWST\02PV\report\img  screen：20220825_15_46_55.png
2022-08-25 15:46:55,285 - root - INFO -  Se presiona el boton 'Nuevo', para crear un nuevo registro.
2022-08-25 15:47:00,357 - root - INFO -  Se abrio la pantalla para el ingreso de un registro nuevo.
2022-08-25 15:47:00,395 - root - INFO -  El campo 'Codigo' si se encuentra visible.
2022-08-25 15:47:00,435 - root - INFO -  El campo 'Codigo Alternativo' si se encuentra visible.
2022-08-25 15:47:00,474 - root - INFO -  El campo 'Descrición' si se encuentra visible.
2022-08-25 15:47:00,512 - root - INFO -  El campo 'Fecha Desde' si se encuentra visible.
2022-08-25 15:47:00,552 - root - INFO -  El campo 'Fecha Hasta' si se encuentra visible.
2022-08-25 15:47:00,590 - root - INFO -  El campo 'Moneda' si se encuentra visible.
2022-08-25 15:47:00,630 - root - INFO -  El campo 'Aplicable en' si se encuentra visible.
2022-08-25 15:47:00,669 - root - INFO -  El campo 'Activa' si se encuentra visible.
2022-08-25 15:47:00,709 - root - INFO -  El campo 'Aplicación Global' si se encuentra visible.
2022-08-25 15:47:00,821 - root - INFO -  Ingresa el codigo del nuevo registro 
2022-08-25 15:47:03,960 - root - INFO -  Ingresa el codigo alternativo del nuevo registro 
2022-08-25 15:47:07,218 - root - INFO -  Ingresa la descripción del nuevo registro 
2022-08-25 15:47:18,948 - root - INFO -  Ingresa la Fecha hasta del nuevo registro 
2022-08-25 15:47:59,719 - root - INFO - Se hace el cambio de pestaña para continuar con el registro nuevo
2022-08-25 15:48:02,814 - root - INFO -  Se presiona el boton 'Nuevo', para crear un nuevo registro.
2022-08-25 15:48:07,891 - root - INFO -  El campo 'Artículo' si se encuentra visible.
2022-08-25 15:48:07,930 - root - INFO -  El campo 'Grupo Política a Bonificar' si se encuentra visible.
2022-08-25 15:48:07,968 - root - INFO -  El campo 'Cantidad a Bonificar(Packing)' si se encuentra visible.
2022-08-25 15:48:08,008 - root - INFO -  El campo 'Cantidad en Bonificación(Unidad)' si se encuentra visible.
2022-08-25 15:48:08,047 - root - INFO -  El campo 'Tope Descuento 1' si se encuentra visible.
2022-08-25 15:48:08,088 - root - INFO -  El campo 'Tope Descuento 2' si se encuentra visible.
2022-08-25 15:48:08,281 - root - INFO -  Ingresa el Articulo del nuevo registro 
2022-08-25 15:48:18,451 - root - INFO -  Ingresa el Grupo a bonificar del nuevo registro 
2022-08-25 15:48:28,637 - root - INFO -  Ingresa la Cantidad a Bonificar del nuevo registro 
2022-08-25 15:48:31,816 - root - INFO -  Ingresa la Cantidad en Bonificación del nuevo registro 
2022-08-25 15:48:34,978 - root - INFO -  Ingresa el Tope Descuento 2 del nuevo registro 
2022-08-25 15:48:38,132 - root - INFO -  Ingresa el Tope Descuento 2 del nuevo registro 
2022-08-25 15:48:41,144 - root - INFO -  Captura: C:\xampp\htdocs\versiones\automatizaciones\AutoPWST\02PV\report\img  screen：20220825_15_48_41.png
2022-08-25 15:48:41,394 - root - INFO -  Se presiona el boton 'Guardar', para guardar el registro.
2022-08-25 15:48:46,523 - root - INFO -  Se da clic en el boton Guardar; se debe crear un nuevo registro.
2022-08-25 15:48:51,632 - root - INFO -  Se presiona el boton 'Refrescar', para crear un nuevo registro igual al anterior.
2022-08-25 15:48:56,771 - root - INFO -  Se presiona el boton 'Nuevo', para crear un nuevo registro igual al anterior.
2022-08-25 15:49:01,852 - root - INFO -  Se abrio la pantalla para el ingreso de un registro nuevo.
2022-08-25 15:49:01,890 - root - INFO -  El campo 'Codigo' si se encuentra visible.
2022-08-25 15:49:01,932 - root - INFO -  El campo 'Codigo Alternativo' si se encuentra visible.
2022-08-25 15:49:01,970 - root - INFO -  El campo 'Descrición' si se encuentra visible.
2022-08-25 15:49:02,009 - root - INFO -  El campo 'Fecha Desde' si se encuentra visible.
2022-08-25 15:49:02,048 - root - INFO -  El campo 'Fecha Hasta' si se encuentra visible.
2022-08-25 15:49:02,087 - root - INFO -  El campo 'Moneda' si se encuentra visible.
2022-08-25 15:49:02,125 - root - INFO -  El campo 'Aplicable en' si se encuentra visible.
2022-08-25 15:49:02,164 - root - INFO -  El campo 'Activa' si se encuentra visible.
2022-08-25 15:49:02,201 - root - INFO -  El campo 'Aplicación Global' si se encuentra visible.
2022-08-25 15:49:02,311 - root - INFO -  Ingresa el codigo del nuevo registro 
2022-08-25 15:49:05,474 - root - INFO -  Ingresa el codigo alternativo del nuevo registro 
2022-08-25 15:49:08,676 - root - INFO -  Ingresa la descripción del nuevo registro 
2022-08-25 15:49:20,419 - root - INFO -  Ingresa la Fecha hasta del nuevo registro 
2022-08-25 15:49:28,670 - root - ERROR - No se encontró el registro de Moneda, revise si el xpath sigue siendo el mismo, para mas detalles del error consulte el reporte
2022-08-25 15:49:31,678 - root - INFO -  Captura: C:\xampp\htdocs\versiones\automatizaciones\AutoPWST\02PV\report\img  screen：20220825_15_49_31.png
2022-08-25 15:49:32,221 - root - ERROR - No se encontró el botón Refrescar, revise si el xpath sigue siendo el mismo, para mas detalles del error consulte el reporte
2022-08-25 15:49:35,225 - root - INFO -  Captura: C:\xampp\htdocs\versiones\automatizaciones\AutoPWST\02PV\report\img  screen：20220825_15_49_35.png
2022-08-25 15:49:35,242 - root - ERROR - No se encontró el botón Refrescar, revise si el xpath sigue siendo el mismo, para mas detalles del error consulte el reporte
2022-08-25 15:49:38,259 - root - INFO -  Captura: C:\xampp\htdocs\versiones\automatizaciones\AutoPWST\02PV\report\img  screen：20220825_15_49_38.png
2022-08-25 15:50:50,864 - root - INFO -  Se abre el chrome
2022-08-25 15:50:52,987 - root - INFO -  Entra a la URL
2022-08-25 15:50:53,117 - root - INFO -  Maximiza la pantalla
2022-08-25 15:50:56,177 - root - INFO -  Cambia al frame
2022-08-25 15:50:59,268 - root - INFO -  Escribe el usuario
2022-08-25 15:50:59,378 - root - INFO -  Escribe la contraseña
2022-08-25 15:50:59,520 - root - INFO -  Se dio clic en el boton ingresar
2022-08-25 15:51:00,818 - root - INFO -  Ejecutar Enterprise
2022-08-25 15:51:00,819 - root - INFO -  Captura: C:\xampp\htdocs\versiones\automatizaciones\AutoPWST\02PV\report\img  screen：20220825_15_51_00.png
2022-08-25 15:51:05,029 - root - INFO -  Cambia entre pestañas
2022-08-25 15:51:15,650 - root - INFO -  Abre el menu completo
2022-08-25 15:51:30,655 - root - INFO -  Abre la pantalla de Politicas de Venta
2022-08-25 15:51:30,719 - root - INFO -  La pantalla ejecutada es Politicas de Venta
2022-08-25 15:51:33,721 - root - INFO -  Captura: C:\xampp\htdocs\versiones\automatizaciones\AutoPWST\02PV\report\img  screen：20220825_15_51_33.png
2022-08-25 15:51:33,965 - root - INFO -  Se presiona el boton 'Nuevo', para crear un nuevo registro.
2022-08-25 15:51:39,060 - root - INFO -  Se abrio la pantalla para el ingreso de un registro nuevo.
2022-08-25 15:51:39,121 - root - INFO -  El campo 'Codigo' si se encuentra visible.
2022-08-25 15:51:39,177 - root - INFO -  El campo 'Codigo Alternativo' si se encuentra visible.
2022-08-25 15:51:39,219 - root - INFO -  El campo 'Descrición' si se encuentra visible.
2022-08-25 15:51:39,262 - root - INFO -  El campo 'Fecha Desde' si se encuentra visible.
2022-08-25 15:51:39,302 - root - INFO -  El campo 'Fecha Hasta' si se encuentra visible.
2022-08-25 15:51:39,352 - root - INFO -  El campo 'Moneda' si se encuentra visible.
2022-08-25 15:51:39,392 - root - INFO -  El campo 'Aplicable en' si se encuentra visible.
2022-08-25 15:51:39,432 - root - INFO -  El campo 'Activa' si se encuentra visible.
2022-08-25 15:51:39,472 - root - INFO -  El campo 'Aplicación Global' si se encuentra visible.
2022-08-25 15:51:39,591 - root - INFO -  Ingresa el codigo del nuevo registro 
2022-08-25 15:51:42,729 - root - INFO -  Ingresa el codigo alternativo del nuevo registro 
2022-08-25 15:51:45,977 - root - INFO -  Ingresa la descripción del nuevo registro 
2022-08-25 15:51:57,679 - root - INFO -  Ingresa la Fecha hasta del nuevo registro 
2022-08-25 15:52:38,510 - root - INFO - Se hace el cambio de pestaña para continuar con el registro nuevo
2022-08-25 15:52:41,611 - root - INFO -  Se presiona el boton 'Nuevo', para crear un nuevo registro.
2022-08-25 15:52:46,702 - root - INFO -  El campo 'Artículo' si se encuentra visible.
2022-08-25 15:52:46,759 - root - INFO -  El campo 'Grupo Política a Bonificar' si se encuentra visible.
2022-08-25 15:52:46,799 - root - INFO -  El campo 'Cantidad a Bonificar(Packing)' si se encuentra visible.
2022-08-25 15:52:46,838 - root - INFO -  El campo 'Cantidad en Bonificación(Unidad)' si se encuentra visible.
2022-08-25 15:52:46,878 - root - INFO -  El campo 'Tope Descuento 1' si se encuentra visible.
2022-08-25 15:52:46,917 - root - INFO -  El campo 'Tope Descuento 2' si se encuentra visible.
2022-08-25 15:52:47,095 - root - INFO -  Ingresa el Articulo del nuevo registro 
2022-08-25 15:52:57,258 - root - INFO -  Ingresa el Grupo a bonificar del nuevo registro 
2022-08-25 15:53:07,437 - root - INFO -  Ingresa la Cantidad a Bonificar del nuevo registro 
2022-08-25 15:53:10,584 - root - INFO -  Ingresa la Cantidad en Bonificación del nuevo registro 
2022-08-25 15:53:13,728 - root - INFO -  Ingresa el Tope Descuento 2 del nuevo registro 
2022-08-25 15:53:16,863 - root - INFO -  Ingresa el Tope Descuento 2 del nuevo registro 
2022-08-25 15:53:19,867 - root - INFO -  Captura: C:\xampp\htdocs\versiones\automatizaciones\AutoPWST\02PV\report\img  screen：20220825_15_53_19.png
2022-08-25 15:53:20,090 - root - INFO -  Se presiona el boton 'Guardar', para guardar el registro.
2022-08-25 15:53:25,207 - root - INFO -  Se da clic en el boton Guardar; se debe crear un nuevo registro.
2022-08-25 15:53:30,325 - root - INFO -  Se presiona el boton 'Refrescar', para crear un nuevo registro igual al anterior.
2022-08-25 15:53:35,460 - root - INFO -  Se presiona el boton 'Nuevo', para crear un nuevo registro igual al anterior.
2022-08-25 15:53:40,548 - root - INFO -  Se abrio la pantalla para el ingreso de un registro nuevo.
2022-08-25 15:53:40,585 - root - INFO -  El campo 'Codigo' si se encuentra visible.
2022-08-25 15:53:40,624 - root - INFO -  El campo 'Codigo Alternativo' si se encuentra visible.
2022-08-25 15:53:40,661 - root - INFO -  El campo 'Descrición' si se encuentra visible.
2022-08-25 15:53:40,699 - root - INFO -  El campo 'Fecha Desde' si se encuentra visible.
2022-08-25 15:53:40,737 - root - INFO -  El campo 'Fecha Hasta' si se encuentra visible.
2022-08-25 15:53:40,777 - root - INFO -  El campo 'Moneda' si se encuentra visible.
2022-08-25 15:53:40,815 - root - INFO -  El campo 'Aplicable en' si se encuentra visible.
2022-08-25 15:53:40,854 - root - INFO -  El campo 'Activa' si se encuentra visible.
2022-08-25 15:53:40,892 - root - INFO -  El campo 'Aplicación Global' si se encuentra visible.
2022-08-25 15:53:40,999 - root - INFO -  Ingresa el codigo del nuevo registro 
2022-08-25 15:53:44,203 - root - INFO -  Ingresa el codigo alternativo del nuevo registro 
2022-08-25 15:53:47,415 - root - INFO -  Ingresa la descripción del nuevo registro 
2022-08-25 15:53:59,139 - root - INFO -  Ingresa la Fecha hasta del nuevo registro 
2022-08-25 15:54:40,004 - root - INFO -  Se da clic en el boton Guardar; se debe crear un nuevo registro.
2022-08-25 15:54:45,018 - root - INFO -  Captura: C:\xampp\htdocs\versiones\automatizaciones\AutoPWST\02PV\report\img  screen：20220825_15_54_45.png
2022-08-25 15:54:45,272 - root - INFO -  Se presiona el boton 'Cerrar', para cerrar el mensaje de duplicidad de llave primaria
2022-08-25 15:54:48,420 - root - INFO -  Se presiona el boton 'Cerrar', para cerrar la ventana
2022-08-25 15:54:52,555 - root - INFO -  Se presiona el boton 'Refrescar', para crear un nuevo registro igual al anterior.
2022-08-25 15:55:02,217 - root - INFO -  Se da clic en el registro creado, para proceder a modificarlo.
2022-08-25 15:55:07,423 - root - INFO -  Se modifica el contenido del campo Codigo Alternativo
2022-08-25 15:55:10,752 - root - INFO -  Se modifica el contenido del campo Descripcion
2022-08-25 15:55:22,547 - root - INFO -  Ingresa la Fecha hasta del nuevo registro 
2022-08-25 15:56:03,382 - root - INFO - Se hace el cambio de pestaña para continuar con el registro nuevo
2022-08-25 15:56:11,029 - root - INFO -  Se da clic en el registro creado, para proceder a modificarlo.
2022-08-25 15:56:14,323 - root - INFO -  Ingresa el Articulo del nuevo registro 
2022-08-25 15:56:24,505 - root - INFO -  Ingresa el Grupo a bonificar del nuevo registro 
2022-08-25 15:56:34,715 - root - INFO -  Ingresa la Cantidad a Bonificar del nuevo registro 
2022-08-25 15:56:37,915 - root - INFO -  Ingresa la Cantidad en Bonificación del nuevo registro 
2022-08-25 15:56:40,927 - root - INFO -  Captura: C:\xampp\htdocs\versiones\automatizaciones\AutoPWST\02PV\report\img  screen：20220825_15_56_40.png
2022-08-25 15:56:41,179 - root - INFO -  Se presiona el boton 'Guardar', para guardar el registro.
2022-08-25 15:56:46,292 - root - INFO -  Se da clic en el boton Guardar; se debe modificar la informacion del registro.
2022-08-25 15:56:51,389 - root - INFO -  Se presiona el boton 'Refrescar', para proceder a eliminar el registro.
2022-08-25 15:57:01,044 - root - INFO -  Se da clic en el registro creado, para proceder a eliminarlo.
2022-08-25 15:57:06,202 - root - INFO - Se hace el cambio de pestaña para continuar con el registro nuevo
2022-08-25 15:57:13,821 - root - INFO -  Se da clic en el registro creado, para proceder a modificarlo.
2022-08-25 15:57:21,950 - root - INFO -  Se presiona el boton 'Eliminar', para eliminar el registro.
2022-08-25 15:57:22,081 - root - INFO -  Se da clic en el boton Guardar; se debe modificar la informacion del registro.
2022-08-25 15:57:31,688 - root - INFO -  Se da clic en el registro creado, para proceder a eliminarlo.
2022-08-25 15:57:39,854 - root - INFO -  Se presiona el boton 'Eliminar', para eliminar el registro.
2022-08-25 15:57:39,856 - root - INFO -  Captura: C:\xampp\htdocs\versiones\automatizaciones\AutoPWST\02PV\report\img  screen：20220825_15_57_39.png
2022-08-25 15:57:40,060 - root - INFO -  Se confirma el eliminado del registro
2022-08-25 15:57:45,189 - root - INFO -  Se presiona el boton 'Refrescar', para crear un nuevo registro igual al anterior.
2022-08-25 15:57:50,310 - root - INFO -  Se presiona el boton 'Cerrar', para cerrar la pantalla de Categorias Fiscales.
2022-08-25 15:57:54,593 - root - INFO -  Se cierra chrome
