2023-06-08 15:13:03,136 - root - INFO -  Se abre el chrome
2023-06-08 15:13:03,962 - root - INFO -  Entra a la URL
2023-06-08 15:13:04,076 - root - INFO -  Maximiza la pantalla
2023-06-08 15:13:07,150 - root - INFO -  Escribe el usuario
2023-06-08 15:13:07,243 - root - INFO -  Escribe la contraseña
2023-06-08 15:13:07,306 - root - INFO -  Se dio clic en el boton ingresar
2023-06-08 15:13:08,025 - root - INFO -  Ejecutar Enterprise
2023-06-08 15:13:12,066 - root - INFO -  Cambia entre pestañas
2023-06-08 15:13:28,173 - root - INFO -  Abre la pantalla de Tipo Encuestas
2023-06-08 15:13:29,230 - root - INFO -  La pantalla ejecutada es Tipo Encuestas.
2023-06-08 15:13:29,231 - root - INFO -  Captura: C:\xampp\htdocs\versiones\automatizaciones\AutoPWST\02TDE\report\img  screen：20230608_15_13_29.png
2023-06-08 15:13:29,404 - root - INFO -  Se presiona el boton 'Nuevo', para crear un nuevo registro.
2023-06-08 15:13:29,947 - root - INFO -  Se abrio la pantalla para el ingreso de un registro nuevo.
2023-06-08 15:13:30,005 - root - INFO -  Ingresa el Codigo del nuevo registro 
2023-06-08 15:13:30,091 - root - INFO -  Ingresa el Codigo Alternativo del nuevo registro 
2023-06-08 15:13:30,242 - root - INFO -  Ingresa la Descripcion del nuevo registro 
2023-06-08 15:13:31,104 - root - INFO -  Se dió click en la opción Valor Númerico.
2023-06-08 15:13:31,104 - root - INFO -  Captura: C:\xampp\htdocs\versiones\automatizaciones\AutoPWST\02TDE\report\img  screen：20230608_15_13_31.png
2023-06-08 15:13:31,284 - root - INFO -  Se hace el cambio a la pestaña Validación; para continuar con el nuevo registro.
2023-06-08 15:13:31,859 - root - INFO -  Ingresa el Desde Valor del nuevo registro 
2023-06-08 15:13:31,916 - root - INFO -  Ingresa el Hasta Valor del nuevo registro 
2023-06-08 15:13:31,976 - root - INFO -  Se da clic en el boton Guardar; se debe crear un nuevo registro.
2023-06-08 15:13:32,163 - root - INFO -  Se presiona el boton 'Refrescar', para crear un nuevo registro igual al anterior.
2023-06-08 15:13:34,209 - root - INFO -  Se presiona el boton 'Nuevo', para crear un nuevo registro igual al anterior.
2023-06-08 15:13:34,749 - root - INFO -  Se abrio la pantalla para el ingreso de un registro nuevo.
2023-06-08 15:13:34,802 - root - INFO -  Ingresa el Codigo del nuevo registro 
2023-06-08 15:13:34,881 - root - INFO -  Ingresa el Codigo Alternativo del nuevo registro 
2023-06-08 15:13:35,010 - root - INFO -  Ingresa la Descripcion del nuevo registro 
2023-06-08 15:13:35,868 - root - INFO -  Se dió click en la opción Valor Númerico.
2023-06-08 15:13:36,007 - root - INFO -  Se da clic en el boton Guardar; NO se debe crear un nuevo registro.
2023-06-08 15:13:36,581 - root - INFO -  Se da clic en el boton del mensaje de registro duplicado
2023-06-08 15:13:38,583 - root - INFO -  Captura: C:\xampp\htdocs\versiones\automatizaciones\AutoPWST\02TDE\report\img  screen：20230608_15_13_38.png
2023-06-08 15:13:38,751 - root - INFO -  Se presiona el boton 'Cerrar', para cerrar el mensaje de duplicidad de llave primaria
2023-06-08 15:13:39,019 - root - INFO -  Se presiona el boton 'Cerrar', para cerrar la ventana
2023-06-08 15:13:39,136 - root - INFO -  Se presiona el boton 'Refrescar', para proceder a modificar el registro.
2023-06-08 15:13:41,712 - root - INFO -  Se da clic en el registro creado, para proceder a modificarlo.
2023-06-08 15:13:42,360 - root - INFO -  Se modifica el contenido del campo Codigo Alternativo 
2023-06-08 15:13:42,525 - root - INFO -  Se modifica el contenido del campo Descripción 
2023-06-08 15:13:42,525 - root - INFO -  Captura: C:\xampp\htdocs\versiones\automatizaciones\AutoPWST\02TDE\report\img  screen：20230608_15_13_42.png
2023-06-08 15:13:42,705 - root - INFO -  Se hace el cambio a la pestaña Validación; para continuar con la modificación del registro.
2023-06-08 15:13:43,272 - root - INFO -  Ingresa el Desde Valor del nuevo registro 
2023-06-08 15:13:43,323 - root - INFO -  Ingresa el Hasta Valor del nuevo registro 
2023-06-08 15:13:43,366 - root - INFO -  Se da clic en el boton Guardar; se debe modificar la informacion del registro.
2023-06-08 15:13:43,580 - root - INFO -  Se presiona el boton 'Refrescar', para proceder a eliminar el registro.
2023-06-08 15:13:46,143 - root - INFO -  Se da clic en el registro creado, para proceder a eliminarlo.
2023-06-08 15:13:46,189 - root - INFO -  Se presiona el boton 'Eliminar', para eliminar el registro.
2023-06-08 15:13:48,190 - root - INFO -  Captura: C:\xampp\htdocs\versiones\automatizaciones\AutoPWST\02TDE\report\img  screen：20230608_15_13_48.png
2023-06-08 15:13:48,360 - root - INFO -  Se confirma el eliminado del registro
2023-06-08 15:13:48,868 - root - INFO -  Se presiona el boton 'Refrescar', para verificar si el registro ha sido eliminado.
2023-06-08 15:13:50,921 - root - INFO -  Se presiona el boton 'Cerrar', para cerrar la pantalla de Tipos Encuestas.
2023-06-08 15:13:57,173 - root - INFO -  Se cierra chrome
