2022-08-10 18:06:33,839 - root - INFO -  Se abre el chrome
2022-08-10 18:06:37,316 - root - INFO -  Entra a la URL
2022-08-10 18:06:37,434 - root - INFO -  Maximiza la pantalla
2022-08-10 18:06:40,492 - root - INFO -  Cambia al frame
2022-08-10 18:06:43,584 - root - INFO -  Escribe el usuario
2022-08-10 18:06:43,694 - root - INFO -  Escribe la contraseña
2022-08-10 18:06:43,839 - root - INFO -  Se dio clic en el boton ingresar
2022-08-10 18:06:47,394 - root - INFO -  Ejecutar Enterprise
2022-08-10 18:06:47,395 - root - INFO -  Captura: C:\xampp\htdocs\versiones\automatizaciones\AutoPWST\02PSCH\report\img  screen：20220810_18_06_47.png
2022-08-10 18:06:51,646 - root - INFO -  Cambia entre pestañas
2022-08-10 18:07:19,545 - root - INFO -  Abre el menu completo
2022-08-10 18:07:44,046 - root - INFO -  Abre la pantalla de Programas
2022-08-10 18:07:44,117 - root - INFO -  La pantalla ejecutada es Programas.
2022-08-10 18:07:47,128 - root - INFO -  Captura: C:\xampp\htdocs\versiones\automatizaciones\AutoPWST\02PSCH\report\img  screen：20220810_18_07_47.png
2022-08-10 18:07:47,344 - root - INFO -  Se presiona el boton 'Nuevo', para crear un nuevo registro.
2022-08-10 18:07:52,402 - root - INFO -  Se abrio la pantalla para el ingreso de un registro nuevo.
2022-08-10 18:07:52,445 - root - INFO -  El campo 'Código' si se encuentra visible.
2022-08-10 18:07:52,486 - root - INFO -  El campo 'Descripción' si se encuentra visible.
2022-08-10 18:07:52,526 - root - INFO -  El campo 'Query Variables' si se encuentra visible.
2022-08-10 18:07:52,567 - root - INFO -  El campo 'Comprimir' si se encuentra visible.
2022-08-10 18:07:52,609 - root - INFO -  El campo 'Usuario' si se encuentra visible.
2022-08-10 18:07:52,649 - root - INFO -  El campo 'Password' si se encuentra visible.
2022-08-10 18:07:52,689 - root - INFO -  El campo 'Activa' si se encuentra visible.
2022-08-10 18:07:52,730 - root - INFO -  El campo 'Ejecutar' si se encuentra visible.
2022-08-10 18:07:52,832 - root - INFO -  Ingresa el Codigo del nuevo registro 
2022-08-10 18:07:55,991 - root - INFO -  Ingresa la Descripcion del nuevo registro 
2022-08-10 18:07:59,155 - root - INFO -  Ingresa los Query Variables del nuevo registro 
2022-08-10 18:08:22,778 - root - INFO -  El campo 'Nombre Salida' si se encuentra visible.
2022-08-10 18:08:22,896 - root - INFO -  Ingresa el Nombre Salida del nuevo registro 
2022-08-10 18:08:36,518 - root - INFO -  Ingresa el Password del nuevo registro 
2022-08-10 18:08:42,632 - root - INFO -  Captura: C:\xampp\htdocs\versiones\automatizaciones\AutoPWST\02PSCH\report\img  screen：20220810_18_08_42.png
2022-08-10 18:08:45,915 - root - INFO -  El campo 'Sistema' si se encuentra visible.
2022-08-10 18:08:45,956 - root - INFO -  El campo 'Interface' si se encuentra visible.
2022-08-10 18:09:06,935 - root - INFO -  Se da clic en el boton Guardar; se debe crear un nuevo registro.
2022-08-10 18:09:12,049 - root - INFO -  Se presiona el boton 'Refrescar', para crear un nuevo registro igual al anterior.
2022-08-10 18:09:17,136 - root - INFO -  Se presiona el boton 'Nuevo', para crear un nuevo registro igual al anterior.
2022-08-10 18:09:22,192 - root - INFO -  Se abrio la pantalla para el ingreso de un registro nuevo.
2022-08-10 18:09:22,229 - root - INFO -  El campo 'Código' si se encuentra visible.
2022-08-10 18:09:22,269 - root - INFO -  El campo 'Descripción' si se encuentra visible.
2022-08-10 18:09:22,309 - root - INFO -  El campo 'Query Variables' si se encuentra visible.
2022-08-10 18:09:22,349 - root - INFO -  El campo 'Comprimir' si se encuentra visible.
2022-08-10 18:09:22,391 - root - INFO -  El campo 'Usuario' si se encuentra visible.
2022-08-10 18:09:22,432 - root - INFO -  El campo 'Password' si se encuentra visible.
2022-08-10 18:09:22,472 - root - INFO -  El campo 'Activa' si se encuentra visible.
2022-08-10 18:09:22,513 - root - INFO -  El campo 'Ejecutar' si se encuentra visible.
2022-08-10 18:09:22,591 - root - INFO -  Ingresa el Codigo del nuevo registro 
2022-08-10 18:09:25,740 - root - INFO -  Ingresa la Descripcion del nuevo registro 
2022-08-10 18:09:28,901 - root - INFO -  Ingresa los Query Variables del nuevo registro 
2022-08-10 18:09:50,499 - root - INFO -  El campo 'Nombre Salida' si se encuentra visible.
2022-08-10 18:09:50,610 - root - INFO -  Ingresa el Nombre Salida del nuevo registro 
2022-08-10 18:10:04,231 - root - INFO -  Ingresa el Password del nuevo registro 
2022-08-10 18:10:10,489 - root - INFO -  Se da clic en el boton Guardar; se debe crear un nuevo registro.
2022-08-10 18:10:15,502 - root - INFO -  Captura: C:\xampp\htdocs\versiones\automatizaciones\AutoPWST\02PSCH\report\img  screen：20220810_18_10_15.png
2022-08-10 18:10:15,708 - root - INFO -  Se presiona el boton 'Cerrar', para cerrar el mensaje de duplicidad de llave primaria
2022-08-10 18:10:18,807 - root - INFO -  Se presiona el boton 'Cerrar', para cerrar la ventana
2022-08-10 18:10:22,934 - root - INFO -  Se presiona el boton 'Refrescar', para crear un nuevo registro igual al anterior.
2022-08-10 18:10:35,576 - root - INFO -  Se da clic en el registro creado, para proceder a modificarlo.
2022-08-10 18:10:35,781 - root - INFO -  Ingresa la Descripcion del nuevo registro 
2022-08-10 18:10:38,951 - root - INFO -  Ingresa los Query Variables del nuevo registro 
2022-08-10 18:11:00,728 - root - INFO -  Ingresa el Nombre Salida del nuevo registro 
2022-08-10 18:11:17,506 - root - INFO -  Ingresa el Password del nuevo registro 
2022-08-10 18:11:23,599 - root - INFO -  Captura: C:\xampp\htdocs\versiones\automatizaciones\AutoPWST\02PSCH\report\img  screen：20220810_18_11_23.png
2022-08-10 18:11:47,889 - root - INFO -  Se da clic en el boton Guardar; se debe modificar la informacion del registro.
2022-08-10 18:11:52,998 - root - INFO -  Se presiona el boton 'Refrescar', para proceder a eliminar el registro.
2022-08-10 18:12:05,592 - root - INFO -  Se da clic en el registro creado, para proceder a eliminarlo.
2022-08-10 18:12:05,693 - root - INFO -  Se presiona el boton 'Eliminar', para eliminar el registro.
2022-08-10 18:12:10,699 - root - INFO -  Captura: C:\xampp\htdocs\versiones\automatizaciones\AutoPWST\02PSCH\report\img  screen：20220810_18_12_10.png
2022-08-10 18:12:10,916 - root - INFO -  Se confirma el eliminado del registro
2022-08-10 18:12:15,995 - root - INFO -  Se presiona el boton 'Refrescar', para crear un nuevo registro igual al anterior.
2022-08-10 18:12:21,098 - root - INFO -  Se presiona el boton 'Cerrar', para cerrar la pantalla de Categorias Fiscales.
2022-08-10 18:12:25,504 - root - INFO -  Se cierra chrome
