2022-06-24 15:03:43,880 - root - INFO -  Se abre el chrome
2022-06-24 15:03:47,748 - root - INFO -  Entra a la URL
2022-06-24 15:03:47,876 - root - INFO -  Maximiza la pantalla
2022-06-24 15:03:50,937 - root - INFO -  Cambia al frame
2022-06-24 15:03:54,035 - root - INFO -  Escribe el usuario
2022-06-24 15:03:54,162 - root - INFO -  Escribe la contraseña
2022-06-24 15:03:54,317 - root - INFO -  Se dio clic en el boton ingresar
2022-06-24 15:04:02,066 - root - INFO -  Ejecutar Enterprise
2022-06-24 15:04:06,169 - root - INFO -  Cambia entre pestañas
2022-06-24 15:04:30,499 - root - ERROR - No se pudo encontrar el botón para desplegar el menu completo, revise si el xpath sigue siendo el mismo, para mas detalles del error consulte el reporte
2022-06-24 15:04:30,502 - root - INFO -  Captura: C:\Users\PWST\Desktop\Automatización\AutoPWST-2.0\AutoPWST-2.0\01TO\report\img  screen：20220624_15_04_30.png
2022-06-24 15:04:35,965 - root - ERROR - La pantalla ejecutada no es correcta, revise si el xpath sigue siendo el mismo, para mas detalles del error consulte el reporte
2022-06-24 15:04:35,968 - root - INFO -  Captura: C:\Users\PWST\Desktop\Automatización\AutoPWST-2.0\AutoPWST-2.0\01TO\report\img  screen：20220624_15_04_35.png
2022-06-24 15:06:15,856 - root - INFO -  Se abre el chrome
2022-06-24 15:06:19,915 - root - INFO -  Entra a la URL
2022-06-24 15:06:20,045 - root - INFO -  Maximiza la pantalla
2022-06-24 15:06:23,096 - root - INFO -  Cambia al frame
2022-06-24 15:06:26,185 - root - INFO -  Escribe el usuario
2022-06-24 15:06:26,301 - root - INFO -  Escribe la contraseña
2022-06-24 15:06:26,443 - root - INFO -  Se dio clic en el boton ingresar
2022-06-24 15:06:35,828 - root - INFO -  Ejecutar Enterprise
2022-06-24 15:06:39,908 - root - INFO -  Cambia entre pestañas
2022-06-24 15:07:08,447 - root - INFO -  Se presiona el boton 'Cerrar Error', para crear un nuevo registro igual al anterior.
2022-06-24 15:07:11,576 - root - INFO -  Abre el menu completo
2022-06-24 15:07:24,541 - root - INFO -  Abre la pantalla de Tipos de Agencia
2022-06-24 15:07:24,629 - root - INFO -  La pantalla ejecutada es Tipos de Oficina.
2022-06-24 15:07:24,700 - root - INFO -  Se presiona el boton 'Nuevo', para crear un nuevo registro.
2022-06-24 15:07:25,826 - root - INFO -  Se abrio la pantalla para el ingreso de un registro nuevo.
2022-06-24 15:07:25,886 - root - INFO -  El campo 'Codigo' si se encuentra visible.
2022-06-24 15:07:25,927 - root - INFO -  El campo 'Codigo Usuario' si se encuentra visible.
2022-06-24 15:07:25,985 - root - INFO -  El campo 'Codigo Alternativo' si se encuentra visible.
2022-06-24 15:07:26,024 - root - INFO -  El campo 'Descrición' si se encuentra visible.
2022-06-24 15:07:28,162 - root - INFO -  Ingresa el codigo del nuevo registro 
2022-06-24 15:07:31,329 - root - INFO -  Ingresa el codigo usuario del nuevo registro 
2022-06-24 15:07:34,469 - root - INFO -  Ingresa el codigo alternativo del nuevo registro 
2022-06-24 15:07:37,698 - root - INFO -  Ingresa la descripción del nuevo registro 
2022-06-24 15:07:40,824 - root - INFO -  Se da clic en el boton Guardar; se debe crear un nuevo registro.
2022-06-24 15:07:43,960 - root - INFO -  Se presiona el boton 'Refrescar', para crear un nuevo registro igual al anterior.
2022-06-24 15:07:47,074 - root - INFO -  Se presiona el boton 'Nuevo', para crear un nuevo registro igual al anterior.
2022-06-24 15:07:48,190 - root - INFO -  Se abrio la pantalla para el ingreso de un registro nuevo.
2022-06-24 15:07:48,250 - root - INFO -  El campo 'Codigo' si se encuentra visible.
2022-06-24 15:07:48,297 - root - INFO -  El campo 'Codigo Usuario' si se encuentra visible.
2022-06-24 15:07:48,339 - root - INFO -  El campo 'Codigo Alternativo' si se encuentra visible.
2022-06-24 15:07:48,380 - root - INFO -  El campo 'Descrición' si se encuentra visible.
2022-06-24 15:07:50,509 - root - INFO -  Ingresa el codigo del nuevo registro 
2022-06-24 15:07:53,657 - root - INFO -  Ingresa el codigo usuario del nuevo registro 
2022-06-24 15:07:56,820 - root - INFO -  Ingresa el codigo alternativo del nuevo registro 
2022-06-24 15:08:00,034 - root - INFO -  Ingresa la descripción del nuevo registro 
2022-06-24 15:08:03,128 - root - INFO -  Se da clic en el boton Guardar; se debe crear un nuevo registro.
2022-06-24 15:08:06,245 - root - INFO -  Se presiona el boton 'Cerrar', para cerrar el mensaje de duplicidad de llave primaria
2022-06-24 15:08:08,348 - root - INFO -  Se presiona el boton 'Cerrar', para cerrar la ventana
2022-06-24 15:08:12,447 - root - INFO -  Se presiona el boton 'Refrescar', para crear un nuevo registro igual al anterior.
2022-06-24 15:08:20,083 - root - INFO -  Se da clic en el registro creado, para proceder a modificarlo.
2022-06-24 15:08:20,265 - root - INFO -  Se modifica el contenido del campo Codigo Usuario
2022-06-24 15:08:23,454 - root - INFO -  Se modifica el contenido del campo Codigo Alternativo
2022-06-24 15:08:26,736 - root - INFO -  Se modifica el contenido del campo Descripcion
2022-06-24 15:08:29,850 - root - INFO -  Se da clic en el boton Guardar; se debe modificar la informacion del registro.
2022-06-24 15:08:32,953 - root - INFO -  Se presiona el boton 'Refrescar', para proceder a eliminar el registro.
2022-06-24 15:08:40,555 - root - INFO -  Se da clic en el registro creado, para proceder a eliminarlo.
2022-06-24 15:08:40,685 - root - INFO -  Se presiona el boton 'Eliminar', para eliminar el registro.
2022-06-24 15:08:41,301 - root - INFO -  Se confirma el eliminado del registro
2022-06-24 15:08:43,406 - root - INFO -  Se presiona el boton 'Refrescar', para crear un nuevo registro igual al anterior.
2022-06-24 15:08:45,530 - root - INFO -  Se presiona el boton 'Cerrar', para cerrar la pantalla de Categorias Fiscales.
2022-06-24 15:08:49,837 - root - INFO -  Se cierra chrome
