2022-06-22 12:58:22,767 - root - INFO -  Se abre el chrome
2022-06-22 12:58:26,288 - root - INFO -  Entra a la URL
2022-06-22 12:58:26,411 - root - INFO -  Maximiza la pantalla
2022-06-22 12:58:29,477 - root - INFO -  Cambia al frame
2022-06-22 12:58:32,579 - root - INFO -  Escribe el usuario
2022-06-22 12:58:32,699 - root - INFO -  Escribe la contraseña
2022-06-22 12:58:32,846 - root - INFO -  Se dio clic en el boton ingresar
2022-06-22 12:58:36,436 - root - INFO -  Ejecutar Enterprise
2022-06-22 12:58:40,499 - root - INFO -  Cambia entre pestañas
2022-06-22 12:59:01,837 - root - INFO -  Abre el menu completo
2022-06-22 12:59:14,776 - root - INFO -  Abre la pantalla de Tipos de Agencia
2022-06-22 12:59:14,866 - root - INFO -  La pantalla ejecutada es Tipos de Oficina.
2022-06-22 12:59:14,947 - root - INFO -  Se presiona el boton 'Nuevo', para crear un nuevo registro.
2022-06-22 12:59:16,018 - root - INFO -  Se abrio la pantalla para el ingreso de un registro nuevo.
2022-06-22 12:59:16,058 - root - INFO -  El campo 'Codigo' si se encuentra visible.
2022-06-22 12:59:16,099 - root - INFO -  El campo 'Codigo Usuario' si se encuentra visible.
2022-06-22 12:59:16,151 - root - INFO -  El campo 'Codigo Alternativo' si se encuentra visible.
2022-06-22 12:59:16,191 - root - INFO -  El campo 'Descrición' si se encuentra visible.
2022-06-22 12:59:18,289 - root - INFO -  Ingresa el codigo del nuevo registro 
2022-06-22 12:59:21,436 - root - INFO -  Ingresa el codigo usuario del nuevo registro 
2022-06-22 12:59:24,572 - root - INFO -  Ingresa el codigo alternativo del nuevo registro 
2022-06-22 12:59:27,769 - root - INFO -  Ingresa la descripción del nuevo registro 
2022-06-22 12:59:30,881 - root - INFO -  Se da clic en el boton Guardar; se debe crear un nuevo registro.
2022-06-22 12:59:33,977 - root - INFO -  Se presiona el boton 'Refrescar', para crear un nuevo registro igual al anterior.
2022-06-22 12:59:34,625 - root - INFO -  Se presiona el boton 'Nuevo', para crear un nuevo registro igual al anterior.
2022-06-22 12:59:35,202 - root - INFO -  Se abrio la pantalla para el ingreso de un registro nuevo.
2022-06-22 12:59:35,252 - root - INFO -  El campo 'Codigo' si se encuentra visible.
2022-06-22 12:59:35,291 - root - INFO -  El campo 'Codigo Usuario' si se encuentra visible.
2022-06-22 12:59:35,330 - root - INFO -  El campo 'Codigo Alternativo' si se encuentra visible.
2022-06-22 12:59:35,370 - root - INFO -  El campo 'Descrición' si se encuentra visible.
2022-06-22 12:59:37,520 - root - INFO -  Ingresa el codigo del nuevo registro 
2022-06-22 12:59:40,654 - root - INFO -  Ingresa el codigo usuario del nuevo registro 
2022-06-22 12:59:43,795 - root - INFO -  Ingresa el codigo alternativo del nuevo registro 
2022-06-22 12:59:47,011 - root - INFO -  Ingresa la descripción del nuevo registro 
2022-06-22 12:59:50,103 - root - INFO -  Se da clic en el boton Guardar; se debe crear un nuevo registro.
2022-06-22 12:59:53,199 - root - INFO -  Se presiona el boton 'Cerrar', para cerrar el mensaje de duplicidad de llave primaria
2022-06-22 12:59:55,294 - root - INFO -  Se presiona el boton 'Cerrar', para cerrar la ventana
2022-06-22 12:59:59,377 - root - INFO -  Se presiona el boton 'Refrescar', para crear un nuevo registro igual al anterior.
