2022-08-29 12:11:10,297 - root - INFO -  Se abre el chrome
2022-08-29 12:11:11,719 - root - INFO -  Entra a la URL
2022-08-29 12:11:11,846 - root - INFO -  Maximiza la pantalla
2022-08-29 12:11:14,906 - root - INFO -  Cambia al frame
2022-08-29 12:11:18,108 - root - INFO -  Escribe el usuario
2022-08-29 12:11:18,255 - root - INFO -  Escribe la contraseña
2022-08-29 12:11:18,445 - root - INFO -  Se dio clic en el boton ingresar
2022-08-29 12:11:19,755 - root - INFO -  Ejecutar Enterprise
2022-08-29 12:11:19,757 - root - INFO -  Captura: C:\xampp\htdocs\versiones\automatizaciones\AutoPWST\01PRSCH\report\img  screen：20220829_12_11_19.png
2022-08-29 12:11:23,993 - root - INFO -  Cambia entre pestañas
2022-08-29 12:11:29,105 - root - INFO -  Abre el menu completo
2022-08-29 12:11:53,627 - root - INFO -  Abre la pantalla de Programaciones
2022-08-29 12:11:53,718 - root - INFO -  La pantalla ejecutada es Programaciones.
2022-08-29 12:11:56,735 - root - INFO -  Captura: C:\xampp\htdocs\versiones\automatizaciones\AutoPWST\01PRSCH\report\img  screen：20220829_12_11_56.png
2022-08-29 12:12:06,900 - root - ERROR - No se encontró el botón Nuevo, revise si el xpath sigue siendo el mismo, para mas detalles del error consulte el reporte
2022-08-29 12:12:09,904 - root - INFO -  Captura: C:\xampp\htdocs\versiones\automatizaciones\AutoPWST\01PRSCH\report\img  screen：20220829_12_12_09.png
2022-08-29 12:12:10,326 - root - ERROR - La pantalla ejecutada no es correcta, revise si el xpath sigue siendo el mismo, para mas detalles del error consulte el reporte
2022-08-29 12:12:13,343 - root - INFO -  Captura: C:\xampp\htdocs\versiones\automatizaciones\AutoPWST\01PRSCH\report\img  screen：20220829_12_12_13.png
2022-08-29 12:12:13,420 - root - ERROR - No se encontró el botón Refrescar, revise si el xpath sigue siendo el mismo, para mas detalles del error consulte el reporte
2022-08-29 12:12:16,430 - root - INFO -  Captura: C:\xampp\htdocs\versiones\automatizaciones\AutoPWST\01PRSCH\report\img  screen：20220829_12_12_16.png
2022-08-29 12:12:16,442 - root - ERROR - No se encontró el botón Refrescar, revise si el xpath sigue siendo el mismo, para mas detalles del error consulte el reporte
2022-08-29 12:12:19,443 - root - INFO -  Captura: C:\xampp\htdocs\versiones\automatizaciones\AutoPWST\01PRSCH\report\img  screen：20220829_12_12_19.png
2022-08-29 12:12:19,447 - root - ERROR - No se encontró el botón Refrescar, revise si el xpath sigue siendo el mismo, para mas detalles del error consulte el reporte
2022-08-29 12:12:22,452 - root - INFO -  Captura: C:\xampp\htdocs\versiones\automatizaciones\AutoPWST\01PRSCH\report\img  screen：20220829_12_12_22.png
