2022-08-29 18:00:41,645 - root - INFO -  Se abre el chrome
2022-08-29 18:00:42,999 - root - INFO -  Entra a la URL
2022-08-29 18:00:43,126 - root - INFO -  Maximiza la pantalla
2022-08-29 18:00:46,186 - root - INFO -  Cambia al frame
2022-08-29 18:00:49,286 - root - INFO -  Escribe el usuario
2022-08-29 18:00:49,401 - root - INFO -  Escribe la contraseña
2022-08-29 18:00:49,545 - root - INFO -  Se dio clic en el boton ingresar
2022-08-29 18:00:51,381 - root - INFO -  Ejecutar Enterprise
2022-08-29 18:00:51,382 - root - INFO -  Captura: C:\xampp\htdocs\versiones\automatizaciones\AutoPWST\01TDE\report\img  screen：20220829_18_00_51.png
2022-08-29 18:00:55,623 - root - INFO -  Cambia entre pestañas
2022-08-29 18:01:00,738 - root - INFO -  Abre el menu completo
2022-08-29 18:01:16,654 - root - INFO -  Abre la pantalla de Tipo Encuestas
2022-08-29 18:01:16,715 - root - INFO -  La pantalla ejecutada es Tipo Encuestas.
2022-08-29 18:01:19,719 - root - INFO -  Captura: C:\xampp\htdocs\versiones\automatizaciones\AutoPWST\01TDE\report\img  screen：20220829_18_01_19.png
2022-08-29 18:01:19,915 - root - INFO -  Se presiona el boton 'Nuevo', para crear un nuevo registro.
2022-08-29 18:01:24,966 - root - INFO -  Se abrio la pantalla para el ingreso de un registro nuevo.
2022-08-29 18:01:25,006 - root - INFO -  El campo 'Código' si se encuentra visible.
2022-08-29 18:01:25,046 - root - INFO -  El campo 'Código Alternativo' si se encuentra visible.
2022-08-29 18:01:25,086 - root - INFO -  El campo 'Descripción' si se encuentra visible.
2022-08-29 18:01:25,127 - root - INFO -  El campo 'Tipo' si se encuentra visible.
2022-08-29 18:01:25,204 - root - INFO -  Ingresa el Codigo del nuevo registro 
2022-08-29 18:01:28,340 - root - INFO -  Ingresa el Codigo Alternativo del nuevo registro 
2022-08-29 18:01:31,525 - root - INFO -  Ingresa la Descripcion del nuevo registro 
2022-08-29 18:01:44,971 - root - INFO -  Captura: C:\xampp\htdocs\versiones\automatizaciones\AutoPWST\01TDE\report\img  screen：20220829_18_01_44.png
2022-08-29 18:01:51,487 - root - INFO -  El campo 'Código' si se encuentra visible.
2022-08-29 18:01:51,528 - root - INFO -  El campo 'Orden' si se encuentra visible.
2022-08-29 18:01:51,568 - root - INFO -  El campo 'Descripción' si se encuentra visible.
2022-08-29 18:01:51,647 - root - INFO -  Ingresa el Codigo del nuevo registro 
2022-08-29 18:01:54,738 - root - INFO -  Ingresa la Orden del nuevo registro 
2022-08-29 18:01:57,828 - root - INFO -  Ingresa la Descripción del nuevo registro 
2022-08-29 18:02:00,952 - root - INFO -  Se da clic en el boton Guardar de la pestaña programas; se debe crear un nuevo registro.
2022-08-29 18:02:09,155 - root - INFO -  Ingresa el Codigo del nuevo registro 
2022-08-29 18:02:12,271 - root - INFO -  Ingresa la Orden del nuevo registro 
2022-08-29 18:02:15,374 - root - INFO -  Ingresa la Descripción del nuevo registro 
2022-08-29 18:02:18,490 - root - INFO -  Se da clic en el boton Guardar de la pestaña programas; se debe crear un nuevo registro.
2022-08-29 18:02:26,726 - root - INFO -  Ingresa el Codigo del nuevo registro 
2022-08-29 18:02:29,852 - root - INFO -  Ingresa la Orden del nuevo registro 
2022-08-29 18:02:32,986 - root - INFO -  Ingresa la Descripción del nuevo registro 
2022-08-29 18:02:36,140 - root - INFO -  Se da clic en el boton Guardar de la pestaña programas; se debe crear un nuevo registro.
2022-08-29 18:02:41,229 - root - INFO -  Se da clic en el boton Guardar; se debe crear un nuevo registro.
2022-08-29 18:02:47,371 - root - ERROR - No se encontró el botón Refrescar, revise si el xpath sigue siendo el mismo, para mas detalles del error consulte el reporte
2022-08-29 18:02:50,379 - root - INFO -  Captura: C:\xampp\htdocs\versiones\automatizaciones\AutoPWST\01TDE\report\img  screen：20220829_18_02_50.png
2022-08-29 18:02:50,895 - root - ERROR - No se encontró el botón Refrescar, revise si el xpath sigue siendo el mismo, para mas detalles del error consulte el reporte
2022-08-29 18:02:53,909 - root - INFO -  Captura: C:\xampp\htdocs\versiones\automatizaciones\AutoPWST\01TDE\report\img  screen：20220829_18_02_53.png
2022-08-29 18:02:53,928 - root - ERROR - No se encontró el botón Refrescar, revise si el xpath sigue siendo el mismo, para mas detalles del error consulte el reporte
2022-08-29 18:02:56,934 - root - INFO -  Captura: C:\xampp\htdocs\versiones\automatizaciones\AutoPWST\01TDE\report\img  screen：20220829_18_02_56.png
2022-08-29 18:03:32,224 - root - INFO -  Se abre el chrome
2022-08-29 18:03:33,475 - root - INFO -  Entra a la URL
2022-08-29 18:03:33,609 - root - INFO -  Maximiza la pantalla
2022-08-29 18:03:36,666 - root - INFO -  Cambia al frame
2022-08-29 18:03:39,770 - root - INFO -  Escribe el usuario
2022-08-29 18:03:39,885 - root - INFO -  Escribe la contraseña
2022-08-29 18:03:40,026 - root - INFO -  Se dio clic en el boton ingresar
2022-08-29 18:03:40,814 - root - INFO -  Ejecutar Enterprise
2022-08-29 18:03:40,816 - root - INFO -  Captura: C:\xampp\htdocs\versiones\automatizaciones\AutoPWST\01TDE\report\img  screen：20220829_18_03_40.png
2022-08-29 18:03:45,052 - root - INFO -  Cambia entre pestañas
2022-08-29 18:03:50,152 - root - INFO -  Abre el menu completo
2022-08-29 18:04:06,048 - root - INFO -  Abre la pantalla de Tipo Encuestas
2022-08-29 18:04:06,091 - root - INFO -  La pantalla ejecutada es Tipo Encuestas.
2022-08-29 18:04:09,097 - root - INFO -  Captura: C:\xampp\htdocs\versiones\automatizaciones\AutoPWST\01TDE\report\img  screen：20220829_18_04_09.png
2022-08-29 18:04:09,290 - root - INFO -  Se presiona el boton 'Nuevo', para crear un nuevo registro.
2022-08-29 18:04:14,343 - root - INFO -  Se abrio la pantalla para el ingreso de un registro nuevo.
2022-08-29 18:04:14,383 - root - INFO -  El campo 'Código' si se encuentra visible.
2022-08-29 18:04:14,422 - root - INFO -  El campo 'Código Alternativo' si se encuentra visible.
2022-08-29 18:04:14,462 - root - INFO -  El campo 'Descripción' si se encuentra visible.
2022-08-29 18:04:14,503 - root - INFO -  El campo 'Tipo' si se encuentra visible.
2022-08-29 18:04:14,583 - root - INFO -  Ingresa el Codigo del nuevo registro 
2022-08-29 18:04:17,712 - root - INFO -  Ingresa el Codigo Alternativo del nuevo registro 
2022-08-29 18:04:20,871 - root - INFO -  Ingresa la Descripcion del nuevo registro 
2022-08-29 18:04:34,336 - root - INFO -  Captura: C:\xampp\htdocs\versiones\automatizaciones\AutoPWST\01TDE\report\img  screen：20220829_18_04_34.png
2022-08-29 18:04:40,706 - root - INFO -  El campo 'Código' si se encuentra visible.
2022-08-29 18:04:40,746 - root - INFO -  El campo 'Orden' si se encuentra visible.
2022-08-29 18:04:40,786 - root - INFO -  El campo 'Descripción' si se encuentra visible.
2022-08-29 18:04:40,861 - root - INFO -  Ingresa el Codigo del nuevo registro 
2022-08-29 18:04:43,992 - root - INFO -  Ingresa la Orden del nuevo registro 
2022-08-29 18:04:47,088 - root - INFO -  Ingresa la Descripción del nuevo registro 
2022-08-29 18:04:50,200 - root - INFO -  Se da clic en el boton Guardar de la pestaña programas; se debe crear un nuevo registro.
2022-08-29 18:04:58,386 - root - INFO -  Ingresa el Codigo del nuevo registro 
2022-08-29 18:05:01,467 - root - INFO -  Ingresa la Orden del nuevo registro 
2022-08-29 18:05:04,609 - root - INFO -  Ingresa la Descripción del nuevo registro 
2022-08-29 18:05:07,694 - root - INFO -  Se da clic en el boton Guardar de la pestaña programas; se debe crear un nuevo registro.
2022-08-29 18:05:15,890 - root - INFO -  Ingresa el Codigo del nuevo registro 
2022-08-29 18:05:19,017 - root - INFO -  Ingresa la Orden del nuevo registro 
2022-08-29 18:05:22,149 - root - INFO -  Ingresa la Descripción del nuevo registro 
2022-08-29 18:05:25,286 - root - INFO -  Se da clic en el boton Guardar de la pestaña programas; se debe crear un nuevo registro.
2022-08-29 18:05:30,400 - root - INFO -  Se da clic en el boton Guardar; se debe crear un nuevo registro.
2022-08-29 18:05:35,484 - root - INFO -  Se presiona el boton 'Refrescar', para crear un nuevo registro igual al anterior.
2022-08-29 18:05:40,594 - root - INFO -  Se presiona el boton 'Nuevo', para crear un nuevo registro igual al anterior.
2022-08-29 18:05:45,657 - root - INFO -  Se abrio la pantalla para el ingreso de un registro nuevo.
2022-08-29 18:05:45,744 - root - INFO -  Ingresa el Codigo del nuevo registro 
2022-08-29 18:05:48,874 - root - INFO -  Ingresa el Codigo Alternativo del nuevo registro 
2022-08-29 18:05:52,022 - root - INFO -  Ingresa la Descripcion del nuevo registro 
2022-08-29 18:06:05,606 - root - INFO -  Se da clic en el boton Guardar; se debe crear un nuevo registro.
2022-08-29 18:06:10,611 - root - INFO -  Captura: C:\xampp\htdocs\versiones\automatizaciones\AutoPWST\01TDE\report\img  screen：20220829_18_06_10.png
2022-08-29 18:06:10,843 - root - INFO -  Se presiona el boton 'Cerrar', para cerrar el mensaje de duplicidad de llave primaria
2022-08-29 18:06:13,960 - root - INFO -  Se presiona el boton 'Cerrar', para cerrar la ventana
2022-08-29 18:06:18,069 - root - INFO -  Se presiona el boton 'Refrescar', para crear un nuevo registro igual al anterior.
2022-08-29 18:06:30,679 - root - INFO -  Se da clic en el registro creado, para proceder a modificarlo.
2022-08-29 18:06:30,843 - root - INFO -  Ingresa el Codigo Alternativo del nuevo registro 
2022-08-29 18:06:34,059 - root - INFO -  Ingresa la Descripcion del nuevo registro 
2022-08-29 18:06:47,809 - root - INFO -  Se da clic en el registro creado, para proceder a modificarlo.
2022-08-29 18:06:47,979 - root - INFO -  Ingresa la Descripción del nuevo registro 
2022-08-29 18:06:51,080 - root - INFO -  Se da clic en el boton Guardar de la pestaña programas; se debe crear un nuevo registro.
2022-08-29 18:07:03,758 - root - INFO -  Se da clic en el registro creado, para proceder a modificarlo.
2022-08-29 18:07:03,909 - root - INFO -  Ingresa la Descripción del nuevo registro 
2022-08-29 18:07:07,002 - root - INFO -  Se da clic en el boton Guardar de la pestaña programas; se debe crear un nuevo registro.
2022-08-29 18:07:19,582 - root - INFO -  Se da clic en el registro creado, para proceder a modificarlo.
2022-08-29 18:07:19,746 - root - INFO -  Ingresa la Descripción del nuevo registro 
2022-08-29 18:07:22,860 - root - INFO -  Se da clic en el boton Guardar de la pestaña programas; se debe crear un nuevo registro.
2022-08-29 18:07:27,968 - root - INFO -  Se da clic en el boton Guardar; se debe modificar la informacion del registro.
2022-08-29 18:07:33,079 - root - INFO -  Se presiona el boton 'Refrescar', para proceder a eliminar el registro.
2022-08-29 18:07:45,694 - root - INFO -  Se da clic en el registro creado, para proceder a eliminarlo.
2022-08-29 18:07:56,415 - root - INFO -  Se da clic en el registro creado, para proceder a modificarlo.
2022-08-29 18:07:56,506 - root - INFO -  Se presiona el boton 'Eliminar de la pestaña Respuestas', para eliminar el registro.
2022-08-29 18:08:09,085 - root - INFO -  Se da clic en el registro creado, para proceder a modificarlo.
2022-08-29 18:08:09,173 - root - INFO -  Se presiona el boton 'Eliminar de la pestaña Respuestas', para eliminar el registro.
2022-08-29 18:08:21,771 - root - INFO -  Se da clic en el registro creado, para proceder a modificarlo.
2022-08-29 18:08:21,874 - root - INFO -  Se presiona el boton 'Eliminar de la pestaña Respuestas', para eliminar el registro.
2022-08-29 18:08:26,970 - root - INFO -  Se da clic en el boton Guardar; se debe crear un nuevo registro.
2022-08-29 18:08:39,613 - root - INFO -  Se da clic en el registro creado, para proceder a eliminarlo.
2022-08-29 18:08:39,712 - root - INFO -  Se presiona el boton 'Eliminar', para eliminar el registro.
2022-08-29 18:08:44,716 - root - INFO -  Captura: C:\xampp\htdocs\versiones\automatizaciones\AutoPWST\01TDE\report\img  screen：20220829_18_08_44.png
2022-08-29 18:08:44,931 - root - INFO -  Se confirma el eliminado del registro
2022-08-29 18:08:50,007 - root - INFO -  Se presiona el boton 'Refrescar', para crear un nuevo registro igual al anterior.
2022-08-29 18:08:55,149 - root - INFO -  Se presiona el boton 'Cerrar', para cerrar la pantalla de Categorias Fiscales.
2022-08-29 18:08:59,438 - root - INFO -  Se cierra chrome
2022-08-29 18:12:26,121 - root - INFO -  Se abre el chrome
2022-08-29 18:12:28,632 - root - INFO -  Entra a la URL
2022-08-29 18:12:28,799 - root - INFO -  Maximiza la pantalla
2022-08-29 18:12:31,851 - root - INFO -  Cambia al frame
2022-08-29 18:12:34,952 - root - INFO -  Escribe el usuario
2022-08-29 18:12:35,068 - root - INFO -  Escribe la contraseña
2022-08-29 18:12:35,216 - root - INFO -  Se dio clic en el boton ingresar
2022-08-29 18:12:35,994 - root - INFO -  Ejecutar Enterprise
2022-08-29 18:12:35,995 - root - INFO -  Captura: C:\xampp\htdocs\versiones\automatizaciones\AutoPWST\01TDE\report\img  screen：20220829_18_12_35.png
2022-08-29 18:12:40,230 - root - INFO -  Cambia entre pestañas
2022-08-29 18:12:45,334 - root - INFO -  Abre el menu completo
2022-08-29 18:13:01,221 - root - INFO -  Abre la pantalla de Tipo Encuestas
2022-08-29 18:13:01,264 - root - INFO -  La pantalla ejecutada es Tipo Encuestas.
2022-08-29 18:13:04,278 - root - INFO -  Captura: C:\xampp\htdocs\versiones\automatizaciones\AutoPWST\01TDE\report\img  screen：20220829_18_13_04.png
2022-08-29 18:13:04,498 - root - INFO -  Se presiona el boton 'Nuevo', para crear un nuevo registro.
2022-08-29 18:13:09,571 - root - INFO -  Se abrio la pantalla para el ingreso de un registro nuevo.
2022-08-29 18:13:09,612 - root - INFO -  El campo 'Código' si se encuentra visible.
2022-08-29 18:13:09,652 - root - INFO -  El campo 'Código Alternativo' si se encuentra visible.
2022-08-29 18:13:09,691 - root - INFO -  El campo 'Descripción' si se encuentra visible.
2022-08-29 18:13:09,731 - root - INFO -  El campo 'Tipo' si se encuentra visible.
2022-08-29 18:13:09,808 - root - INFO -  Ingresa el Codigo del nuevo registro 
2022-08-29 18:13:12,938 - root - INFO -  Ingresa el Codigo Alternativo del nuevo registro 
2022-08-29 18:13:16,151 - root - INFO -  Ingresa la Descripcion del nuevo registro 
2022-08-29 18:13:29,616 - root - INFO -  Captura: C:\xampp\htdocs\versiones\automatizaciones\AutoPWST\01TDE\report\img  screen：20220829_18_13_29.png
2022-08-29 18:13:35,988 - root - INFO -  El campo 'Código' si se encuentra visible.
2022-08-29 18:13:36,027 - root - INFO -  El campo 'Orden' si se encuentra visible.
2022-08-29 18:13:36,065 - root - INFO -  El campo 'Descripción' si se encuentra visible.
2022-08-29 18:13:36,138 - root - INFO -  Ingresa el Codigo del nuevo registro 
2022-08-29 18:13:39,245 - root - INFO -  Ingresa la Orden del nuevo registro 
2022-08-29 18:13:42,359 - root - INFO -  Ingresa la Descripción del nuevo registro 
2022-08-29 18:13:45,488 - root - INFO -  Se da clic en el boton Guardar de la pestaña programas; se debe crear un nuevo registro.
2022-08-29 18:13:53,664 - root - INFO -  Ingresa el Codigo del nuevo registro 
2022-08-29 18:13:56,770 - root - INFO -  Ingresa la Orden del nuevo registro 
2022-08-29 18:13:59,888 - root - INFO -  Ingresa la Descripción del nuevo registro 
2022-08-29 18:14:02,995 - root - INFO -  Se da clic en el boton Guardar de la pestaña programas; se debe crear un nuevo registro.
2022-08-29 18:14:11,192 - root - INFO -  Ingresa el Codigo del nuevo registro 
2022-08-29 18:14:14,326 - root - INFO -  Ingresa la Orden del nuevo registro 
2022-08-29 18:14:17,436 - root - INFO -  Ingresa la Descripción del nuevo registro 
2022-08-29 18:14:20,556 - root - INFO -  Se da clic en el boton Guardar de la pestaña programas; se debe crear un nuevo registro.
2022-08-29 18:14:25,662 - root - INFO -  Se da clic en el boton Guardar; se debe crear un nuevo registro.
2022-08-29 18:14:30,783 - root - INFO -  Se presiona el boton 'Refrescar', para crear un nuevo registro igual al anterior.
2022-08-29 18:14:35,906 - root - INFO -  Se presiona el boton 'Nuevo', para crear un nuevo registro igual al anterior.
2022-08-29 18:14:40,962 - root - INFO -  Se abrio la pantalla para el ingreso de un registro nuevo.
2022-08-29 18:14:41,039 - root - INFO -  Ingresa el Codigo del nuevo registro 
2022-08-29 18:14:44,177 - root - INFO -  Ingresa el Codigo Alternativo del nuevo registro 
2022-08-29 18:14:47,348 - root - INFO -  Ingresa la Descripcion del nuevo registro 
2022-08-29 18:15:00,885 - root - INFO -  Se da clic en el boton Guardar; se debe crear un nuevo registro.
2022-08-29 18:15:05,895 - root - INFO -  Captura: C:\xampp\htdocs\versiones\automatizaciones\AutoPWST\01TDE\report\img  screen：20220829_18_15_05.png
2022-08-29 18:15:10,293 - root - INFO -  Se presiona el boton 'Cerrar', para cerrar el mensaje de duplicidad de llave primaria
2022-08-29 18:16:58,667 - root - INFO -  Se abre el chrome
2022-08-29 18:17:00,551 - root - INFO -  Entra a la URL
2022-08-29 18:17:00,681 - root - INFO -  Maximiza la pantalla
2022-08-29 18:17:03,745 - root - INFO -  Cambia al frame
2022-08-29 18:17:06,839 - root - INFO -  Escribe el usuario
2022-08-29 18:17:06,951 - root - INFO -  Escribe la contraseña
2022-08-29 18:17:07,097 - root - INFO -  Se dio clic en el boton ingresar
2022-08-29 18:17:07,885 - root - INFO -  Ejecutar Enterprise
2022-08-29 18:17:07,886 - root - INFO -  Captura: C:\xampp\htdocs\versiones\automatizaciones\AutoPWST\01TDE\report\img  screen：20220829_18_17_07.png
2022-08-29 18:17:12,133 - root - INFO -  Cambia entre pestañas
2022-08-29 18:17:17,235 - root - INFO -  Abre el menu completo
2022-08-29 18:17:33,125 - root - INFO -  Abre la pantalla de Tipo Encuestas
2022-08-29 18:17:52,508 - root - INFO -  Se abre el chrome
2022-08-29 18:17:55,987 - root - INFO -  Entra a la URL
2022-08-29 18:17:56,130 - root - INFO -  Maximiza la pantalla
2022-08-29 18:17:59,185 - root - INFO -  Cambia al frame
2022-08-29 18:18:02,279 - root - INFO -  Escribe el usuario
2022-08-29 18:18:02,383 - root - INFO -  Escribe la contraseña
2022-08-29 18:18:02,527 - root - INFO -  Se dio clic en el boton ingresar
2022-08-29 18:18:03,855 - root - INFO -  Ejecutar Enterprise
2022-08-29 18:18:03,857 - root - INFO -  Captura: C:\xampp\htdocs\versiones\automatizaciones\AutoPWST\01TDE\report\img  screen：20220829_18_18_03.png
2022-08-29 18:18:08,093 - root - INFO -  Cambia entre pestañas
2022-08-29 18:18:13,183 - root - INFO -  Abre el menu completo
2022-08-29 18:18:29,164 - root - INFO -  Abre la pantalla de Tipo Encuestas
2022-08-29 18:18:29,237 - root - INFO -  La pantalla ejecutada es Tipo Encuestas.
2022-08-29 18:18:32,253 - root - INFO -  Captura: C:\xampp\htdocs\versiones\automatizaciones\AutoPWST\01TDE\report\img  screen：20220829_18_18_32.png
2022-08-29 18:18:32,479 - root - INFO -  Se presiona el boton 'Nuevo', para crear un nuevo registro.
2022-08-29 18:18:37,550 - root - INFO -  Se abrio la pantalla para el ingreso de un registro nuevo.
2022-08-29 18:18:37,589 - root - INFO -  El campo 'Código' si se encuentra visible.
2022-08-29 18:18:37,629 - root - INFO -  El campo 'Código Alternativo' si se encuentra visible.
2022-08-29 18:18:37,668 - root - INFO -  El campo 'Descripción' si se encuentra visible.
2022-08-29 18:18:37,708 - root - INFO -  El campo 'Tipo' si se encuentra visible.
2022-08-29 18:18:37,783 - root - INFO -  Ingresa el Codigo del nuevo registro 
2022-08-29 18:18:40,916 - root - INFO -  Ingresa el Codigo Alternativo del nuevo registro 
2022-08-29 18:18:44,122 - root - INFO -  Ingresa la Descripcion del nuevo registro 
2022-08-29 18:18:57,636 - root - INFO -  Captura: C:\xampp\htdocs\versiones\automatizaciones\AutoPWST\01TDE\report\img  screen：20220829_18_18_57.png
2022-08-29 18:19:04,071 - root - INFO -  El campo 'Código' si se encuentra visible.
2022-08-29 18:19:04,113 - root - INFO -  El campo 'Orden' si se encuentra visible.
2022-08-29 18:19:04,152 - root - INFO -  El campo 'Descripción' si se encuentra visible.
2022-08-29 18:19:04,224 - root - INFO -  Ingresa el Codigo del nuevo registro 
2022-08-29 18:19:07,333 - root - INFO -  Ingresa la Orden del nuevo registro 
2022-08-29 18:19:10,470 - root - INFO -  Ingresa la Descripción del nuevo registro 
2022-08-29 18:19:13,624 - root - INFO -  Se da clic en el boton Guardar de la pestaña programas; se debe crear un nuevo registro.
2022-08-29 18:19:21,843 - root - INFO -  Ingresa el Codigo del nuevo registro 
2022-08-29 18:19:24,989 - root - INFO -  Ingresa la Orden del nuevo registro 
2022-08-29 18:19:28,125 - root - INFO -  Ingresa la Descripción del nuevo registro 
2022-08-29 18:19:31,260 - root - INFO -  Se da clic en el boton Guardar de la pestaña programas; se debe crear un nuevo registro.
2022-08-29 18:19:39,473 - root - INFO -  Ingresa el Codigo del nuevo registro 
2022-08-29 18:19:42,606 - root - INFO -  Ingresa la Orden del nuevo registro 
2022-08-29 18:19:45,749 - root - INFO -  Ingresa la Descripción del nuevo registro 
2022-08-29 18:19:48,869 - root - INFO -  Se da clic en el boton Guardar de la pestaña programas; se debe crear un nuevo registro.
2022-08-29 18:19:54,003 - root - INFO -  Se da clic en el boton Guardar; se debe crear un nuevo registro.
2022-08-29 18:19:59,150 - root - INFO -  Se presiona el boton 'Refrescar', para crear un nuevo registro igual al anterior.
2022-08-29 18:20:04,295 - root - INFO -  Se presiona el boton 'Nuevo', para crear un nuevo registro igual al anterior.
2022-08-29 18:20:09,386 - root - INFO -  Se abrio la pantalla para el ingreso de un registro nuevo.
2022-08-29 18:20:09,460 - root - INFO -  Ingresa el Codigo del nuevo registro 
2022-08-29 18:20:12,632 - root - INFO -  Ingresa el Codigo Alternativo del nuevo registro 
2022-08-29 18:20:15,798 - root - INFO -  Ingresa la Descripcion del nuevo registro 
2022-08-29 18:20:29,417 - root - INFO -  Se da clic en el boton Guardar; se debe crear un nuevo registro.
2022-08-29 18:20:34,419 - root - INFO -  Captura: C:\xampp\htdocs\versiones\automatizaciones\AutoPWST\01TDE\report\img  screen：20220829_18_20_34.png
2022-08-29 18:29:24,434 - root - INFO -  Se abre el chrome
2022-08-29 18:29:26,845 - root - INFO -  Entra a la URL
2022-08-29 18:29:26,985 - root - INFO -  Maximiza la pantalla
2022-08-29 18:29:30,040 - root - INFO -  Cambia al frame
2022-08-29 18:29:33,127 - root - INFO -  Escribe el usuario
2022-08-29 18:29:33,234 - root - INFO -  Escribe la contraseña
2022-08-29 18:29:33,388 - root - INFO -  Se dio clic en el boton ingresar
2022-08-29 18:29:34,717 - root - INFO -  Ejecutar Enterprise
2022-08-29 18:29:34,717 - root - INFO -  Captura: C:\xampp\htdocs\versiones\automatizaciones\AutoPWST\01TDE\report\img  screen：20220829_18_29_34.png
2022-08-29 18:29:38,972 - root - INFO -  Cambia entre pestañas
2022-08-29 18:29:44,080 - root - INFO -  Abre el menu completo
2022-08-29 18:30:00,063 - root - INFO -  Abre la pantalla de Tipo Encuestas
2022-08-29 18:30:00,119 - root - INFO -  La pantalla ejecutada es Tipo Encuestas.
2022-08-29 18:30:03,128 - root - INFO -  Captura: C:\xampp\htdocs\versiones\automatizaciones\AutoPWST\01TDE\report\img  screen：20220829_18_30_03.png
2022-08-29 18:30:03,351 - root - INFO -  Se presiona el boton 'Nuevo', para crear un nuevo registro.
2022-08-29 18:30:08,447 - root - INFO -  Se abrio la pantalla para el ingreso de un registro nuevo.
2022-08-29 18:30:08,503 - root - INFO -  El campo 'Código' si se encuentra visible.
2022-08-29 18:30:08,545 - root - INFO -  El campo 'Código Alternativo' si se encuentra visible.
2022-08-29 18:30:08,586 - root - INFO -  El campo 'Descripción' si se encuentra visible.
2022-08-29 18:30:08,629 - root - INFO -  El campo 'Tipo' si se encuentra visible.
2022-08-29 18:30:08,709 - root - INFO -  Ingresa el Codigo del nuevo registro 
2022-08-29 18:30:11,880 - root - INFO -  Ingresa el Codigo Alternativo del nuevo registro 
2022-08-29 18:30:15,087 - root - INFO -  Ingresa la Descripcion del nuevo registro 
2022-08-29 18:30:28,558 - root - INFO -  Captura: C:\xampp\htdocs\versiones\automatizaciones\AutoPWST\01TDE\report\img  screen：20220829_18_30_28.png
2022-08-29 18:30:34,965 - root - INFO -  El campo 'Código' si se encuentra visible.
2022-08-29 18:30:35,010 - root - INFO -  El campo 'Orden' si se encuentra visible.
2022-08-29 18:30:35,055 - root - INFO -  El campo 'Descripción' si se encuentra visible.
2022-08-29 18:30:35,139 - root - INFO -  Ingresa el Codigo del nuevo registro 
2022-08-29 18:30:38,234 - root - INFO -  Ingresa la Orden del nuevo registro 
2022-08-29 18:30:41,335 - root - INFO -  Ingresa la Descripción del nuevo registro 
2022-08-29 18:30:44,441 - root - INFO -  Se da clic en el boton Guardar de la pestaña programas; se debe crear un nuevo registro.
2022-08-29 18:30:52,660 - root - INFO -  Ingresa el Codigo del nuevo registro 
2022-08-29 18:30:55,776 - root - INFO -  Ingresa la Orden del nuevo registro 
2022-08-29 18:30:58,894 - root - INFO -  Ingresa la Descripción del nuevo registro 
2022-08-29 18:31:02,020 - root - INFO -  Se da clic en el boton Guardar de la pestaña programas; se debe crear un nuevo registro.
2022-08-29 18:31:10,347 - root - INFO -  Ingresa el Codigo del nuevo registro 
2022-08-29 18:31:13,515 - root - INFO -  Ingresa la Orden del nuevo registro 
2022-08-29 18:31:16,642 - root - INFO -  Ingresa la Descripción del nuevo registro 
2022-08-29 18:31:19,780 - root - INFO -  Se da clic en el boton Guardar de la pestaña programas; se debe crear un nuevo registro.
2022-08-29 18:31:24,926 - root - INFO -  Se da clic en el boton Guardar; se debe crear un nuevo registro.
2022-08-29 18:31:30,060 - root - INFO -  Se presiona el boton 'Refrescar', para crear un nuevo registro igual al anterior.
2022-08-29 18:31:35,193 - root - INFO -  Se presiona el boton 'Nuevo', para crear un nuevo registro igual al anterior.
2022-08-29 18:31:40,294 - root - INFO -  Se abrio la pantalla para el ingreso de un registro nuevo.
2022-08-29 18:31:40,383 - root - INFO -  Ingresa el Codigo del nuevo registro 
2022-08-29 18:31:43,570 - root - INFO -  Ingresa el Codigo Alternativo del nuevo registro 
2022-08-29 18:31:46,751 - root - INFO -  Ingresa la Descripcion del nuevo registro 
2022-08-29 18:32:00,370 - root - INFO -  Se da clic en el boton Guardar; se debe crear un nuevo registro.
2022-08-29 18:32:05,379 - root - INFO -  Captura: C:\xampp\htdocs\versiones\automatizaciones\AutoPWST\01TDE\report\img  screen：20220829_18_32_05.png
2022-08-29 18:32:05,653 - root - INFO -  Se presiona el boton 'Refrescar', para crear un nuevo registro igual al anterior.
2022-08-29 18:32:18,341 - root - INFO -  Se da clic en el registro creado, para proceder a modificarlo.
2022-08-29 18:32:18,654 - root - INFO -  Ingresa el Codigo Alternativo del nuevo registro 
2022-08-29 18:32:21,881 - root - INFO -  Ingresa la Descripcion del nuevo registro 
2022-08-29 18:32:35,708 - root - INFO -  Se da clic en el registro creado, para proceder a modificarlo.
2022-08-29 18:32:35,906 - root - INFO -  Ingresa la Descripción del nuevo registro 
2022-08-29 18:32:39,132 - root - INFO -  Se da clic en el boton Guardar de la pestaña programas; se debe crear un nuevo registro.
2022-08-29 18:32:51,832 - root - INFO -  Se da clic en el registro creado, para proceder a modificarlo.
2022-08-29 18:32:52,039 - root - INFO -  Ingresa la Descripción del nuevo registro 
2022-08-29 18:32:55,183 - root - INFO -  Se da clic en el boton Guardar de la pestaña programas; se debe crear un nuevo registro.
2022-08-29 18:33:07,869 - root - INFO -  Se da clic en el registro creado, para proceder a modificarlo.
2022-08-29 18:33:08,069 - root - INFO -  Ingresa la Descripción del nuevo registro 
2022-08-29 18:33:11,224 - root - INFO -  Se da clic en el boton Guardar de la pestaña programas; se debe crear un nuevo registro.
2022-08-29 18:33:16,406 - root - INFO -  Se da clic en el boton Guardar; se debe modificar la informacion del registro.
2022-08-29 18:33:21,557 - root - INFO -  Se presiona el boton 'Refrescar', para proceder a eliminar el registro.
2022-08-29 18:33:34,279 - root - INFO -  Se da clic en el registro creado, para proceder a eliminarlo.
2022-08-29 18:33:45,042 - root - INFO -  Se da clic en el registro creado, para proceder a modificarlo.
2022-08-29 18:33:45,162 - root - INFO -  Se presiona el boton 'Eliminar de la pestaña Respuestas', para eliminar el registro.
2022-08-29 18:33:57,829 - root - INFO -  Se da clic en el registro creado, para proceder a modificarlo.
2022-08-29 18:33:57,955 - root - INFO -  Se presiona el boton 'Eliminar de la pestaña Respuestas', para eliminar el registro.
2022-08-29 18:34:10,639 - root - INFO -  Se da clic en el registro creado, para proceder a modificarlo.
2022-08-29 18:34:10,717 - root - INFO -  Se presiona el boton 'Eliminar de la pestaña Respuestas', para eliminar el registro.
2022-08-29 18:34:15,914 - root - INFO -  Se da clic en el boton Guardar; se debe crear un nuevo registro.
2022-08-29 18:34:28,564 - root - INFO -  Se da clic en el registro creado, para proceder a eliminarlo.
2022-08-29 18:34:28,751 - root - INFO -  Se presiona el boton 'Eliminar', para eliminar el registro.
2022-08-29 18:34:33,762 - root - INFO -  Captura: C:\xampp\htdocs\versiones\automatizaciones\AutoPWST\01TDE\report\img  screen：20220829_18_34_33.png
2022-08-29 18:34:34,061 - root - INFO -  Se confirma el eliminado del registro
2022-08-29 18:34:39,131 - root - INFO -  Se presiona el boton 'Refrescar', para crear un nuevo registro igual al anterior.
2022-08-29 18:34:44,262 - root - INFO -  Se presiona el boton 'Cerrar', para cerrar la pantalla de Categorias Fiscales.
2022-08-29 18:34:48,553 - root - INFO -  Se cierra chrome
