2023-01-04 15:07:54,811 - root - INFO -  Se abre el chrome
2023-01-04 15:07:55,834 - root - INFO -  Entra a la URL
2023-01-04 15:07:55,964 - root - INFO -  Maximiza la pantalla
2023-01-04 15:07:59,116 - root - INFO -  Escribe el usuario
2023-01-04 15:07:59,182 - root - INFO -  Escribe la contraseña
2023-01-04 15:07:59,254 - root - INFO -  Se dio clic en el boton ingresar
2023-01-04 15:08:00,492 - root - INFO -  Ejecutar Enterprise
2023-01-04 15:08:04,536 - root - INFO -  Cambia entre pestañas
2023-01-04 15:08:17,503 - root - INFO -  Abre la pantalla de Tipo Encuestas
2023-01-04 15:08:19,575 - root - INFO -  La pantalla ejecutada es Tipo Encuestas.
2023-01-04 15:08:19,576 - root - INFO -  Captura: C:\xampp\htdocs\versiones\automatizaciones\AutoPWST\03TDE\report\img  screen：20230104_15_08_19.png
2023-01-04 15:08:19,758 - root - INFO -  Se presiona el boton 'Nuevo', para crear un nuevo registro.
2023-01-04 15:08:20,304 - root - INFO -  Se abrio la pantalla para el ingreso de un registro nuevo.
2023-01-04 15:08:20,358 - root - INFO -  Ingresa el Codigo del nuevo registro 
2023-01-04 15:08:20,423 - root - INFO -  Ingresa el Codigo Alternativo del nuevo registro 
2023-01-04 15:08:20,520 - root - INFO -  Ingresa la Descripcion del nuevo registro 
2023-01-04 15:08:21,406 - root - INFO -  Se dió click en la opción Verificación(Finaliza encuesta).
2023-01-04 15:08:21,406 - root - INFO -  Captura: C:\xampp\htdocs\versiones\automatizaciones\AutoPWST\03TDE\report\img  screen：20230104_15_08_21.png
2023-01-04 15:08:21,560 - root - INFO -  Se hace el cambio a la pestaña Respuestas; para continuar con el nuevo registro.
2023-01-04 15:08:22,134 - root - INFO -  Se dió click en el botón Nuevo; se debe crear un nuevo registro de Respuestas.
2023-01-04 15:08:22,708 - root - INFO -  Ingresa el Codigo del nuevo registro 
2023-01-04 15:08:22,778 - root - INFO -  Ingresa la Orden del nuevo registro 
2023-01-04 15:08:22,849 - root - INFO -  Ingresa la Descripción del nuevo registro 
2023-01-04 15:08:22,907 - root - INFO -  Se dió click en el checkbox Finaliza Encuesta.
2023-01-04 15:08:22,966 - root - INFO -  Se da clic en el boton Guardar de la pestaña programas; se debe crear un nuevo registro.
2023-01-04 15:08:23,204 - root - INFO -  Se dió click en el botón Nuevo; se debe crear un nuevo registro de Respuestas.
2023-01-04 15:08:23,789 - root - INFO -  Ingresa el Codigo del nuevo registro 
2023-01-04 15:08:23,854 - root - INFO -  Ingresa la Orden del nuevo registro 
2023-01-04 15:08:23,990 - root - INFO -  Ingresa la Descripción del nuevo registro 
2023-01-04 15:08:24,064 - root - INFO -  Se dió click en el checkbox Finaliza Encuesta.
2023-01-04 15:08:24,110 - root - INFO -  Se da clic en el boton Guardar de la pestaña programas; se debe crear un nuevo registro.
2023-01-04 15:08:24,430 - root - INFO -  Se dió click en el botón Nuevo; se debe crear un nuevo registro de Respuestas.
2023-01-04 15:08:24,998 - root - INFO -  Ingresa el Codigo del nuevo registro 
2023-01-04 15:08:25,057 - root - INFO -  Ingresa la Orden del nuevo registro 
2023-01-04 15:08:25,127 - root - INFO -  Ingresa la Descripción del nuevo registro 
2023-01-04 15:08:25,178 - root - INFO -  Se dió click en el checkbox Finaliza Encuesta.
2023-01-04 15:08:25,224 - root - INFO -  Se da clic en el boton Guardar de la pestaña programas; se debe crear un nuevo registro.
2023-01-04 15:08:25,435 - root - INFO -  Se da clic en el boton Guardar; se debe crear un nuevo registro.
2023-01-04 15:08:25,751 - root - INFO -  Se presiona el boton 'Refrescar', para crear un nuevo registro igual al anterior.
2023-01-04 15:08:27,806 - root - INFO -  Se presiona el boton 'Nuevo', para crear un nuevo registro igual al anterior.
2023-01-04 15:08:28,860 - root - INFO -  Se abrio la pantalla para el ingreso de un registro nuevo.
2023-01-04 15:08:28,906 - root - INFO -  Ingresa el Codigo del nuevo registro 
2023-01-04 15:08:28,978 - root - INFO -  Ingresa el Codigo Alternativo del nuevo registro 
2023-01-04 15:08:29,081 - root - INFO -  Ingresa la Descripcion del nuevo registro 
2023-01-04 15:08:29,998 - root - INFO -  Se dió click en la opción Verificación(Finaliza encuesta).
2023-01-04 15:08:30,301 - root - INFO -  Se da clic en el boton Guardar; se debe crear un nuevo registro.
2023-01-04 15:08:31,395 - root - INFO -  Se da clic en el boton del mensaje de registro duplicado
2023-01-04 15:08:33,395 - root - INFO -  Captura: C:\xampp\htdocs\versiones\automatizaciones\AutoPWST\03TDE\report\img  screen：20230104_15_08_33.png
2023-01-04 15:08:33,593 - root - INFO -  Se presiona el boton 'Cerrar', para cerrar el mensaje de duplicidad de llave primaria
2023-01-04 15:08:33,775 - root - INFO -  Se presiona el boton 'Cerrar', para cerrar la ventana
2023-01-04 15:08:33,876 - root - INFO -  Se presiona el boton 'Refrescar', para crear un nuevo registro igual al anterior.
2023-01-04 15:08:36,460 - root - INFO -  Se da clic en el registro creado, para proceder a modificarlo.
2023-01-04 15:08:38,097 - root - INFO -  Se modifica el contenido del campo Codigo Alternativo 
2023-01-04 15:08:38,217 - root - INFO -  Se modifica el contenido del campo Descripción 
2023-01-04 15:08:38,218 - root - INFO -  Captura: C:\xampp\htdocs\versiones\automatizaciones\AutoPWST\03TDE\report\img  screen：20230104_15_08_38.png
2023-01-04 15:08:38,375 - root - INFO -  Se da clic en el boton Guardar; se debe modificar la informacion del registro.
2023-01-04 15:08:38,672 - root - INFO -  Se presiona el boton 'Refrescar', para proceder a eliminar el registro.
2023-01-04 15:08:41,245 - root - INFO -  Se da clic en el registro creado, para proceder a eliminarlo.
2023-01-04 15:08:41,293 - root - INFO -  Se presiona el boton 'Eliminar', para eliminar el registro.
2023-01-04 15:08:43,294 - root - INFO -  Captura: C:\xampp\htdocs\versiones\automatizaciones\AutoPWST\03TDE\report\img  screen：20230104_15_08_43.png
2023-01-04 15:08:43,445 - root - INFO -  Se confirma el eliminado del registro
2023-01-04 15:08:44,346 - root - INFO -  Se presiona el boton 'Refrescar', para verificar si el registro ha sido eliminado.
2023-01-04 15:08:46,399 - root - INFO -  Se presiona el boton 'Cerrar', para cerrar la pantalla de Tipos Encuestas.
2023-01-04 15:08:50,890 - root - INFO -  Se cierra chrome
