2022-06-30 10:43:03,611 - root - INFO -  Se abre el chrome
2022-06-30 10:43:06,831 - root - INFO -  Entra a la URL
2022-06-30 10:43:06,964 - root - INFO -  Maximiza la pantalla
2022-06-30 10:43:10,037 - root - INFO -  Cambia al frame
2022-06-30 10:43:13,149 - root - INFO -  Escribe el usuario
2022-06-30 10:43:13,258 - root - INFO -  Escribe la contraseña
2022-06-30 10:43:13,421 - root - INFO -  Se dio clic en el boton ingresar
2022-06-30 10:43:16,200 - root - INFO -  Ejecutar Enterprise
2022-06-30 10:43:20,332 - root - INFO -  Cambia entre pestañas
2022-06-30 10:43:38,448 - root - INFO -  Se presiona el boton 'Cerrar Error', para crear un nuevo registro igual al anterior.
2022-06-30 10:43:41,679 - root - INFO -  Abre el menu completo
2022-06-30 10:43:57,065 - root - INFO -  Abre la pantalla de clasificación de artículos
2022-06-30 10:43:57,215 - root - ERROR - La pantalla ejecutada no es correcta, revise si el xpath sigue siendo el mismo, para mas detalles del error consulte el reporte
2022-06-30 10:43:57,219 - root - INFO -  Captura: C:\xampp\htdocs\automatizaciones\AutoPWST\01CLA\report\img  screen：20220630_10_43_57.png
2022-06-30 10:44:17,543 - root - ERROR - La pantalla ejecutada no es correcta, revise si el xpath sigue siendo el mismo, para mas detalles del error consulte el reporte
2022-06-30 10:44:17,545 - root - INFO -  Captura: C:\xampp\htdocs\automatizaciones\AutoPWST\01CLA\report\img  screen：20220630_10_44_17.png
2022-06-30 10:44:17,840 - root - INFO -  Se presiona el boton 'Refrescar', para crear un nuevo registro igual al anterior.
2022-06-30 10:44:18,248 - root - INFO -  Se presiona el boton 'Nuevo', para crear un nuevo registro igual al anterior.
2022-06-30 10:44:19,742 - root - ERROR - La pantalla ejecutada no es correcta, revise si el xpath sigue siendo el mismo, para mas detalles del error consulte el reporte
2022-06-30 10:44:19,745 - root - INFO -  Captura: C:\xampp\htdocs\automatizaciones\AutoPWST\01CLA\report\img  screen：20220630_10_44_19.png
2022-06-30 10:44:21,274 - root - ERROR - No se encontró el botón Refrescar, revise si el xpath sigue siendo el mismo, para mas detalles del error consulte el reporte
2022-06-30 10:44:21,278 - root - INFO -  Captura: C:\xampp\htdocs\automatizaciones\AutoPWST\01CLA\report\img  screen：20220630_10_44_21.png
2022-06-30 10:44:23,200 - root - ERROR - No se encontró el botón Refrescar, revise si el xpath sigue siendo el mismo, para mas detalles del error consulte el reporte
2022-06-30 10:44:23,202 - root - INFO -  Captura: C:\xampp\htdocs\automatizaciones\AutoPWST\01CLA\report\img  screen：20220630_10_44_23.png
2022-06-30 10:44:25,932 - root - INFO -  Se cierra chrome
2022-06-30 10:45:46,462 - root - INFO -  Se abre el chrome
2022-06-30 10:45:49,330 - root - INFO -  Entra a la URL
2022-06-30 10:45:49,591 - root - INFO -  Maximiza la pantalla
2022-06-30 10:45:52,751 - root - INFO -  Cambia al frame
2022-06-30 10:45:55,940 - root - INFO -  Escribe el usuario
2022-06-30 10:45:56,137 - root - INFO -  Escribe la contraseña
2022-06-30 10:45:56,364 - root - INFO -  Se dio clic en el boton ingresar
2022-06-30 10:45:58,817 - root - INFO -  Ejecutar Enterprise
2022-06-30 10:46:02,983 - root - INFO -  Cambia entre pestañas
2022-06-30 10:46:14,627 - root - INFO -  Se presiona el boton 'Cerrar Error', para crear un nuevo registro igual al anterior.
2022-06-30 10:46:17,871 - root - INFO -  Abre el menu completo
2022-06-30 10:46:33,304 - root - INFO -  Abre la pantalla de clasificación de artículos
2022-06-30 10:46:33,361 - root - ERROR - La pantalla ejecutada no es correcta, revise si el xpath sigue siendo el mismo, para mas detalles del error consulte el reporte
2022-06-30 10:46:33,368 - root - INFO -  Captura: C:\xampp\htdocs\automatizaciones\AutoPWST\01CLA\report\img  screen：20220630_10_46_33.png
2022-06-30 10:46:53,993 - root - ERROR - La pantalla ejecutada no es correcta, revise si el xpath sigue siendo el mismo, para mas detalles del error consulte el reporte
2022-06-30 10:46:54,015 - root - INFO -  Captura: C:\xampp\htdocs\automatizaciones\AutoPWST\01CLA\report\img  screen：20220630_10_46_53.png
2022-06-30 10:46:54,578 - root - INFO -  Se presiona el boton 'Refrescar', para crear un nuevo registro igual al anterior.
2022-06-30 10:46:55,105 - root - INFO -  Se presiona el boton 'Nuevo', para crear un nuevo registro igual al anterior.
2022-06-30 10:46:56,455 - root - ERROR - La pantalla ejecutada no es correcta, revise si el xpath sigue siendo el mismo, para mas detalles del error consulte el reporte
2022-06-30 10:46:56,474 - root - INFO -  Captura: C:\xampp\htdocs\automatizaciones\AutoPWST\01CLA\report\img  screen：20220630_10_46_56.png
2022-06-30 10:46:57,805 - root - ERROR - No se encontró el botón Refrescar, revise si el xpath sigue siendo el mismo, para mas detalles del error consulte el reporte
2022-06-30 10:46:57,808 - root - INFO -  Captura: C:\xampp\htdocs\automatizaciones\AutoPWST\01CLA\report\img  screen：20220630_10_46_57.png
2022-06-30 10:46:59,389 - root - ERROR - No se encontró el botón Refrescar, revise si el xpath sigue siendo el mismo, para mas detalles del error consulte el reporte
2022-06-30 10:46:59,406 - root - INFO -  Captura: C:\xampp\htdocs\automatizaciones\AutoPWST\01CLA\report\img  screen：20220630_10_46_59.png
2022-06-30 10:47:02,144 - root - INFO -  Se cierra chrome
2022-06-30 10:54:52,774 - root - INFO -  Se abre el chrome
2022-06-30 10:54:55,467 - root - INFO -  Entra a la URL
2022-06-30 10:54:55,662 - root - INFO -  Maximiza la pantalla
2022-06-30 10:54:58,822 - root - INFO -  Cambia al frame
2022-06-30 10:55:01,940 - root - INFO -  Escribe el usuario
2022-06-30 10:55:02,041 - root - INFO -  Escribe la contraseña
2022-06-30 10:55:02,169 - root - INFO -  Se dio clic en el boton ingresar
2022-06-30 10:55:04,079 - root - INFO -  Ejecutar Enterprise
2022-06-30 10:55:08,264 - root - INFO -  Cambia entre pestañas
2022-06-30 10:55:19,796 - root - INFO -  Se presiona el boton 'Cerrar Error', para crear un nuevo registro igual al anterior.
2022-06-30 10:55:23,118 - root - INFO -  Abre el menu completo
2022-06-30 10:55:38,434 - root - INFO -  Abre la pantalla de clasificación de artículos
2022-06-30 10:55:38,665 - root - ERROR - La pantalla ejecutada no es correcta, revise si el xpath sigue siendo el mismo, para mas detalles del error consulte el reporte
2022-06-30 10:55:38,673 - root - INFO -  Captura: C:\xampp\htdocs\automatizaciones\AutoPWST\01CLA\report\img  screen：20220630_10_55_38.png
2022-06-30 10:55:59,393 - root - ERROR - La pantalla ejecutada no es correcta, revise si el xpath sigue siendo el mismo, para mas detalles del error consulte el reporte
2022-06-30 10:55:59,413 - root - INFO -  Captura: C:\xampp\htdocs\automatizaciones\AutoPWST\01CLA\report\img  screen：20220630_10_55_59.png
2022-06-30 10:55:59,966 - root - INFO -  Se presiona el boton 'Refrescar', para crear un nuevo registro igual al anterior.
2022-06-30 10:56:00,340 - root - INFO -  Se presiona el boton 'Nuevo', para crear un nuevo registro igual al anterior.
2022-06-30 10:56:01,533 - root - ERROR - La pantalla ejecutada no es correcta, revise si el xpath sigue siendo el mismo, para mas detalles del error consulte el reporte
2022-06-30 10:56:01,547 - root - INFO -  Captura: C:\xampp\htdocs\automatizaciones\AutoPWST\01CLA\report\img  screen：20220630_10_56_01.png
2022-06-30 10:56:03,027 - root - ERROR - No se encontró el botón Refrescar, revise si el xpath sigue siendo el mismo, para mas detalles del error consulte el reporte
2022-06-30 10:56:03,057 - root - INFO -  Captura: C:\xampp\htdocs\automatizaciones\AutoPWST\01CLA\report\img  screen：20220630_10_56_03.png
2022-06-30 10:56:04,593 - root - ERROR - No se encontró el botón Refrescar, revise si el xpath sigue siendo el mismo, para mas detalles del error consulte el reporte
2022-06-30 10:56:04,612 - root - INFO -  Captura: C:\xampp\htdocs\automatizaciones\AutoPWST\01CLA\report\img  screen：20220630_10_56_04.png
2022-06-30 10:56:07,518 - root - INFO -  Se cierra chrome
