2022-08-23 12:17:46,672 - root - INFO -  Se abre el chrome
2022-08-23 12:17:51,183 - root - INFO -  Entra a la URL
2022-08-23 12:17:51,298 - root - INFO -  Maximiza la pantalla
2022-08-23 12:17:54,354 - root - INFO -  Cambia al frame
2022-08-23 12:17:57,477 - root - INFO -  Escribe el usuario
2022-08-23 12:17:57,551 - root - INFO -  Escribe la contraseña
2022-08-23 12:17:57,657 - root - INFO -  Se dio clic en el boton ingresar
2022-08-23 12:18:02,199 - root - INFO -  Ejecutar Enterprise
2022-08-23 12:18:06,247 - root - INFO -  Cambia entre pestañas
2022-08-23 12:18:33,044 - root - INFO - Se ingresa al explorador de reportes
2022-08-23 12:18:48,843 - root - INFO - Se ingresa al reporte de toma de stock del vendedor
2022-08-23 12:18:59,244 - root - INFO - Se ingresan los datos para ver el reporte del vendedor deseado
2022-08-23 12:19:06,255 - root - INFO -  Captura: C:\xampp\htdocs\versiones\automatizaciones\AutoPWST\Venta01\report\img  screen：20220823_12_19_06.png
2022-08-23 12:19:31,808 - root - INFO - Se abre el documento de venta a realizar
2022-08-23 12:22:00,060 - root - INFO -  Se abre el chrome
2022-08-23 12:22:04,739 - root - INFO -  Entra a la URL
2022-08-23 12:22:04,865 - root - INFO -  Maximiza la pantalla
2022-08-23 12:22:07,919 - root - INFO -  Cambia al frame
2022-08-23 12:22:11,003 - root - INFO -  Escribe el usuario
2022-08-23 12:22:11,073 - root - INFO -  Escribe la contraseña
2022-08-23 12:22:11,180 - root - INFO -  Se dio clic en el boton ingresar
2022-08-23 12:22:15,719 - root - INFO -  Ejecutar Enterprise
2022-08-23 12:22:19,770 - root - INFO -  Cambia entre pestañas
2022-08-23 12:22:48,105 - root - INFO - Se ingresa al explorador de reportes
2022-08-23 12:23:03,877 - root - INFO - Se ingresa al reporte de toma de stock del vendedor
2022-08-23 12:23:14,300 - root - INFO - Se ingresan los datos para ver el reporte del vendedor deseado
2022-08-23 12:23:21,306 - root - INFO -  Captura: C:\xampp\htdocs\versiones\automatizaciones\AutoPWST\Venta01\report\img  screen：20220823_12_23_21.png
2022-08-23 12:23:46,920 - root - INFO - Se abre el documento de venta a realizar
2022-08-23 12:25:33,488 - root - ERROR - No se pudo encontrar el campo para ingresar el artículo, revise si el xpath sigue siendo el mismo, para mas detalles del error consulte el reporte
2022-08-23 12:25:33,490 - root - INFO -  Captura: C:\xampp\htdocs\versiones\automatizaciones\AutoPWST\Venta01\report\img  screen：20220823_12_25_33.png
2022-08-23 12:25:35,765 - root - ERROR - No se encontró el botón refrescar reporte, revise si el xpath sigue siendo el mismo, para mas detalles del error consulte el reporte
2022-08-23 12:25:35,768 - root - INFO -  Captura: C:\xampp\htdocs\versiones\automatizaciones\AutoPWST\Venta01\report\img  screen：20220823_12_25_35.png
2022-08-23 12:50:44,254 - root - INFO -  Se abre el chrome
2022-08-23 12:50:48,114 - root - INFO -  Entra a la URL
2022-08-23 12:50:48,233 - root - INFO -  Maximiza la pantalla
2022-08-23 12:50:51,265 - root - INFO -  Cambia al frame
2022-08-23 12:50:54,327 - root - INFO -  Escribe el usuario
2022-08-23 12:50:54,392 - root - INFO -  Escribe la contraseña
2022-08-23 12:50:54,483 - root - INFO -  Se dio clic en el boton ingresar
2022-08-23 12:50:57,927 - root - INFO -  Ejecutar Enterprise
2022-08-23 12:51:01,979 - root - INFO -  Cambia entre pestañas
2022-08-23 12:51:26,232 - root - INFO - Se ingresa al explorador de reportes
2022-08-23 12:51:42,012 - root - INFO - Se ingresa al reporte de toma de stock del vendedor
2022-08-23 12:51:52,416 - root - INFO - Se ingresan los datos para ver el reporte del vendedor deseado
2022-08-23 12:51:59,424 - root - INFO -  Captura: C:\xampp\htdocs\versiones\automatizaciones\AutoPWST\Venta01\report\img  screen：20220823_12_51_59.png
2022-08-23 12:52:25,006 - root - INFO - Se abre el documento de venta a realizar
2022-08-23 12:53:24,611 - root - INFO - Se agrega el artículo facturado por unidades a la venta
2022-08-23 12:53:43,791 - root - INFO - Se agrega el artículo facturado por packing a la venta
2022-08-23 12:53:58,895 - root - INFO -  Captura: C:\xampp\htdocs\versiones\automatizaciones\AutoPWST\Venta01\report\img  screen：20220823_12_53_58.png
2022-08-23 12:53:59,067 - root - INFO - Se guarda la venta realizaada
2022-08-23 12:54:24,157 - root - INFO - Se actualiza el stock del vendedor
2022-08-23 12:54:24,158 - root - INFO -  Captura: C:\xampp\htdocs\versiones\automatizaciones\AutoPWST\Venta01\report\img  screen：20220823_12_54_24.png
2022-08-23 12:55:09,705 - root - INFO - Se visualiza la venta realizada
2022-08-23 12:55:19,713 - root - INFO -  Captura: C:\xampp\htdocs\versiones\automatizaciones\AutoPWST\Venta01\report\img  screen：20220823_12_55_19.png
2022-08-23 12:55:23,976 - root - INFO -  Se cierra chrome
