2022-08-23 13:00:35,290 - root - INFO -  Se abre el chrome
2022-08-23 13:00:39,043 - root - INFO -  Entra a la URL
2022-08-23 13:00:39,157 - root - INFO -  Maximiza la pantalla
2022-08-23 13:00:42,198 - root - INFO -  Cambia al frame
2022-08-23 13:00:45,266 - root - INFO -  Escribe el usuario
2022-08-23 13:00:45,336 - root - INFO -  Escribe la contraseña
2022-08-23 13:00:45,426 - root - INFO -  Se dio clic en el boton ingresar
2022-08-23 13:00:48,865 - root - INFO -  Ejecutar Enterprise
2022-08-23 13:00:52,911 - root - INFO -  Cambia entre pestañas
2022-08-23 13:01:18,094 - root - INFO - Se ingresa al explorador de reportes
2022-08-23 13:01:33,822 - root - INFO - Se ingresa al reporte de toma de stock del vendedor
2022-08-23 13:01:44,164 - root - INFO - Se ingresan los datos para ver el reporte del vendedor deseado
2022-08-23 13:01:51,177 - root - INFO -  Captura: C:\xampp\htdocs\versiones\automatizaciones\AutoPWST\Venta01\report\img  screen：20220823_13_01_51.png
2022-08-23 13:02:16,770 - root - INFO - Se abre el documento de venta a realizar
2022-08-23 13:03:01,953 - root - INFO - Se agrega el artículo facturado por unidades a la venta
2022-08-23 13:03:20,769 - root - INFO - Se agrega el artículo facturado por packing a la venta
2022-08-23 13:03:35,849 - root - INFO -  Captura: C:\xampp\htdocs\versiones\automatizaciones\AutoPWST\Venta01\report\img  screen：20220823_13_03_35.png
2022-08-23 13:03:36,026 - root - INFO - Se guarda la venta realizaada
2022-08-23 13:04:01,129 - root - INFO - Se actualiza el stock del vendedor
2022-08-23 13:04:01,130 - root - INFO -  Captura: C:\xampp\htdocs\versiones\automatizaciones\AutoPWST\Venta01\report\img  screen：20220823_13_04_01.png
2022-08-23 13:04:46,531 - root - INFO - Se visualiza la venta realizada
2022-08-23 13:04:58,711 - root - INFO -  Se cierra chrome
2022-08-23 13:11:32,340 - root - INFO -  Se abre el chrome
2022-08-23 13:11:37,733 - root - INFO -  Entra a la URL
2022-08-23 13:11:37,859 - root - INFO -  Maximiza la pantalla
2022-08-23 13:11:40,905 - root - INFO -  Cambia al frame
2022-08-23 13:11:43,968 - root - INFO -  Escribe el usuario
2022-08-23 13:11:44,030 - root - INFO -  Escribe la contraseña
2022-08-23 13:11:44,124 - root - INFO -  Se dio clic en el boton ingresar
2022-08-23 13:11:48,126 - root - INFO -  Ejecutar Enterprise
2022-08-23 13:11:52,175 - root - INFO -  Cambia entre pestañas
2022-08-23 13:12:18,360 - root - INFO - Se ingresa al explorador de reportes
2022-08-23 13:12:34,112 - root - INFO - Se ingresa al reporte de toma de stock del vendedor
2022-08-23 13:12:44,463 - root - INFO - Se ingresan los datos para ver el reporte del vendedor deseado
2022-08-23 13:12:51,470 - root - INFO -  Captura: C:\xampp\htdocs\versiones\automatizaciones\AutoPWST\Venta01\report\img  screen：20220823_13_12_51.png
2022-08-23 13:13:17,008 - root - INFO - Se abre el documento de venta a realizar
2022-08-23 13:14:02,580 - root - INFO - Se agrega el artículo facturado por unidades a la venta
2022-08-23 13:14:16,745 - root - ERROR - No se pudo encontrar el campo lote, revise si el xpath sigue siendo el mismo, para mas detalles del error consulte el reporte
2022-08-23 13:14:16,746 - root - INFO -  Captura: C:\xampp\htdocs\versiones\automatizaciones\AutoPWST\Venta01\report\img  screen：20220823_13_14_16.png
2022-08-23 13:14:19,061 - root - ERROR - No se encontró el botón refrescar reporte, revise si el xpath sigue siendo el mismo, para mas detalles del error consulte el reporte
2022-08-23 13:14:19,062 - root - INFO -  Captura: C:\xampp\htdocs\versiones\automatizaciones\AutoPWST\Venta01\report\img  screen：20220823_13_14_19.png
2022-08-23 13:14:24,403 - root - INFO -  Se abre el chrome
2022-08-23 13:14:27,545 - root - INFO -  Entra a la URL
2022-08-23 13:14:27,661 - root - INFO -  Maximiza la pantalla
2022-08-23 13:14:30,712 - root - INFO -  Cambia al frame
2022-08-23 13:14:33,782 - root - INFO -  Escribe el usuario
2022-08-23 13:14:33,847 - root - INFO -  Escribe la contraseña
2022-08-23 13:14:33,943 - root - INFO -  Se dio clic en el boton ingresar
2022-08-23 13:14:36,851 - root - INFO -  Ejecutar Enterprise
2022-08-23 13:14:40,908 - root - INFO -  Cambia entre pestañas
2022-08-23 13:15:03,796 - root - INFO - Se ingresa al explorador de reportes
2022-08-23 13:15:19,520 - root - INFO - Se ingresa al reporte de toma de stock del vendedor
2022-08-23 13:15:29,869 - root - INFO - Se ingresan los datos para ver el reporte del vendedor deseado
2022-08-23 13:15:36,876 - root - INFO -  Captura: C:\xampp\htdocs\versiones\automatizaciones\AutoPWST\Venta01\report\img  screen：20220823_13_15_36.png
2022-08-23 13:16:02,413 - root - INFO - Se abre el documento de venta a realizar
2022-08-23 13:16:48,238 - root - INFO - Se agrega el artículo facturado por unidades a la venta
2022-08-23 13:17:07,188 - root - INFO - Se agrega el artículo facturado por packing a la venta
2022-08-23 13:17:22,267 - root - INFO -  Captura: C:\xampp\htdocs\versiones\automatizaciones\AutoPWST\Venta01\report\img  screen：20220823_13_17_22.png
2022-08-23 13:17:22,448 - root - INFO - Se guarda la venta realizaada
2022-08-23 13:17:47,531 - root - INFO - Se actualiza el stock del vendedor
2022-08-23 13:17:47,532 - root - INFO -  Captura: C:\xampp\htdocs\versiones\automatizaciones\AutoPWST\Venta01\report\img  screen：20220823_13_17_47.png
2022-08-23 13:18:32,948 - root - INFO - Se visualiza la venta realizada
2022-08-23 13:18:45,132 - root - INFO -  Se cierra chrome
2022-08-23 13:25:27,855 - root - INFO -  Se abre el chrome
2022-08-23 13:25:32,196 - root - INFO -  Entra a la URL
2022-08-23 13:25:32,310 - root - INFO -  Maximiza la pantalla
2022-08-23 13:25:35,364 - root - INFO -  Cambia al frame
2022-08-23 13:25:38,442 - root - INFO -  Escribe el usuario
2022-08-23 13:25:38,515 - root - INFO -  Escribe la contraseña
2022-08-23 13:25:38,615 - root - INFO -  Se dio clic en el boton ingresar
2022-08-23 13:25:41,556 - root - INFO -  Ejecutar Enterprise
2022-08-23 13:25:45,610 - root - INFO -  Cambia entre pestañas
2022-08-23 13:26:10,975 - root - INFO - Se ingresa al explorador de reportes
2022-08-23 13:26:26,742 - root - INFO - Se ingresa al reporte de toma de stock del vendedor
2022-08-23 13:26:37,123 - root - INFO - Se ingresan los datos para ver el reporte del vendedor deseado
2022-08-23 13:26:44,125 - root - INFO -  Captura: C:\xampp\htdocs\versiones\automatizaciones\AutoPWST\Venta01\report\img  screen：20220823_13_26_44.png
2022-08-23 13:27:09,696 - root - INFO - Se abre el documento de venta a realizar
2022-08-23 13:27:55,221 - root - INFO - Se agrega el artículo facturado por unidades a la venta
2022-08-23 13:28:14,107 - root - INFO - Se agrega el artículo facturado por packing a la venta
2022-08-23 13:28:29,209 - root - INFO -  Captura: C:\xampp\htdocs\versiones\automatizaciones\AutoPWST\Venta01\report\img  screen：20220823_13_28_29.png
2022-08-23 13:28:29,421 - root - INFO - Se guarda la venta realizaada
2022-08-23 13:28:54,492 - root - INFO - Se actualiza el stock del vendedor
2022-08-23 13:28:54,494 - root - INFO -  Captura: C:\xampp\htdocs\versiones\automatizaciones\AutoPWST\Venta01\report\img  screen：20220823_13_28_54.png
2022-08-23 13:29:40,007 - root - INFO - Se visualiza la venta realizada
2022-08-23 13:29:52,144 - root - INFO -  Se cierra chrome
2022-08-23 13:32:34,351 - root - INFO -  Se abre el chrome
2022-08-23 13:32:37,321 - root - INFO -  Entra a la URL
2022-08-23 13:32:37,434 - root - INFO -  Maximiza la pantalla
2022-08-23 13:32:40,483 - root - INFO -  Cambia al frame
2022-08-23 13:32:43,558 - root - INFO -  Escribe el usuario
2022-08-23 13:32:43,618 - root - INFO -  Escribe la contraseña
2022-08-23 13:32:43,720 - root - INFO -  Se dio clic en el boton ingresar
2022-08-23 13:32:46,688 - root - INFO -  Ejecutar Enterprise
2022-08-23 13:32:50,741 - root - INFO -  Cambia entre pestañas
2022-08-23 13:33:23,039 - root - ERROR - No se pudo encontrar el menu indicado, revise si el xpath sigue siendo el mismo, para mas detalles del error consulte el reporte
2022-08-23 13:33:23,040 - root - INFO -  Captura: C:\xampp\htdocs\versiones\automatizaciones\AutoPWST\Venta01\report\img  screen：20220823_13_33_23.png
2022-08-23 13:34:06,387 - root - INFO - Se visualiza la venta realizada
2022-08-23 13:34:18,517 - root - INFO -  Se cierra chrome
2022-08-23 13:38:58,685 - root - INFO -  Se abre el chrome
2022-08-23 13:39:02,085 - root - INFO -  Entra a la URL
2022-08-23 13:39:02,210 - root - INFO -  Maximiza la pantalla
2022-08-23 13:39:05,251 - root - INFO -  Cambia al frame
2022-08-23 13:39:08,336 - root - INFO -  Escribe el usuario
2022-08-23 13:39:08,410 - root - INFO -  Escribe la contraseña
2022-08-23 13:39:08,502 - root - INFO -  Se dio clic en el boton ingresar
2022-08-23 13:39:11,481 - root - INFO -  Ejecutar Enterprise
2022-08-23 13:39:15,520 - root - INFO -  Cambia entre pestañas
2022-08-23 13:39:42,021 - root - ERROR - No se pudo encontrar el menu indicado, revise si el xpath sigue siendo el mismo, para mas detalles del error consulte el reporte
2022-08-23 13:39:42,023 - root - INFO -  Captura: C:\xampp\htdocs\versiones\automatizaciones\AutoPWST\Venta01\report\img  screen：20220823_13_39_42.png
2022-08-23 13:40:25,356 - root - INFO - Se visualiza la venta realizada
2022-08-23 13:40:37,551 - root - INFO -  Se cierra chrome
2022-08-23 13:41:58,505 - root - INFO -  Se abre el chrome
2022-08-23 13:42:02,742 - root - INFO -  Entra a la URL
2022-08-23 13:42:02,860 - root - INFO -  Maximiza la pantalla
2022-08-23 13:42:05,897 - root - INFO -  Cambia al frame
2022-08-23 13:42:08,973 - root - INFO -  Escribe el usuario
2022-08-23 13:42:09,052 - root - INFO -  Escribe la contraseña
2022-08-23 13:42:09,150 - root - INFO -  Se dio clic en el boton ingresar
2022-08-23 13:42:12,083 - root - INFO -  Ejecutar Enterprise
2022-08-23 13:42:16,129 - root - INFO -  Cambia entre pestañas
2022-08-23 13:42:41,814 - root - INFO - Se ingresa al explorador de reportes
2022-08-23 13:42:57,582 - root - INFO - Se ingresa al reporte de toma de stock del vendedor
2022-08-23 13:43:07,946 - root - INFO - Se ingresan los datos para ver el reporte del vendedor deseado
2022-08-23 13:43:14,958 - root - INFO -  Captura: C:\xampp\htdocs\versiones\automatizaciones\AutoPWST\Venta01\report\img  screen：20220823_13_43_14.png
2022-08-23 13:43:40,554 - root - INFO - Se abre el documento de venta a realizar
2022-08-23 13:44:26,209 - root - INFO - Se agrega el artículo facturado por unidades a la venta
2022-08-23 13:44:45,476 - root - INFO - Se agrega el artículo facturado por packing a la venta
2022-08-23 13:45:00,572 - root - INFO -  Captura: C:\xampp\htdocs\versiones\automatizaciones\AutoPWST\Venta01\report\img  screen：20220823_13_45_00.png
2022-08-23 13:45:00,736 - root - INFO - Se guarda la venta realizaada
2022-08-23 13:45:25,817 - root - INFO - Se actualiza el stock del vendedor
2022-08-23 13:45:25,818 - root - INFO -  Captura: C:\xampp\htdocs\versiones\automatizaciones\AutoPWST\Venta01\report\img  screen：20220823_13_45_25.png
2022-08-23 13:46:11,264 - root - INFO - Se visualiza la venta realizada
2022-08-23 13:46:23,439 - root - INFO -  Se cierra chrome
