2022-08-25 16:15:24,925 - root - INFO -  Se abre el chrome
2022-08-25 16:15:25,981 - root - INFO -  Entra a la URL
2022-08-25 16:15:26,104 - root - INFO -  Maximiza la pantalla
2022-08-25 16:15:29,149 - root - INFO -  Cambia al frame
2022-08-25 16:15:32,237 - root - INFO -  Escribe el usuario
2022-08-25 16:15:32,304 - root - INFO -  Escribe la contraseña
2022-08-25 16:15:32,410 - root - INFO -  Se dio clic en el boton ingresar
2022-08-25 16:15:33,664 - root - INFO -  Ejecutar Enterprise
2022-08-25 16:15:37,707 - root - INFO -  Cambia entre pestañas
2022-08-25 16:15:45,985 - root - INFO - Se ingresa al explorador de reportes
2022-08-25 16:16:01,769 - root - INFO - Se ingresa al reporte de toma de stock del vendedor
2022-08-25 16:16:12,182 - root - INFO - Se ingresan los datos para ver el reporte del vendedor deseado
2022-08-25 16:16:19,184 - root - INFO -  Captura: C:\xampp\htdocs\versiones\automatizaciones\AutoPWST\Venta01\report\img  screen：20220825_16_16_19.png
2022-08-25 16:16:44,812 - root - INFO - Se abre el documento de venta a realizar
2022-08-25 16:17:13,010 - root - ERROR - No se pudo encontrar el campo para ingresar la observación, revise si el xpath sigue siendo el mismo, para mas detalles del error consulte el reporte
2022-08-25 16:17:13,026 - root - INFO -  Captura: C:\xampp\htdocs\versiones\automatizaciones\AutoPWST\Venta01\report\img  screen：20220825_16_17_13.png
2022-08-25 16:17:15,311 - root - ERROR - No se encontró el botón refrescar reporte, revise si el xpath sigue siendo el mismo, para mas detalles del error consulte el reporte
2022-08-25 16:17:15,311 - root - INFO -  Captura: C:\xampp\htdocs\versiones\automatizaciones\AutoPWST\Venta01\report\img  screen：20220825_16_17_15.png
2022-08-25 16:18:39,356 - root - INFO -  Se abre el chrome
2022-08-25 16:18:40,467 - root - INFO -  Entra a la URL
2022-08-25 16:18:40,578 - root - INFO -  Maximiza la pantalla
2022-08-25 16:18:43,639 - root - INFO -  Cambia al frame
2022-08-25 16:18:46,721 - root - INFO -  Escribe el usuario
2022-08-25 16:18:46,784 - root - INFO -  Escribe la contraseña
2022-08-25 16:18:46,889 - root - INFO -  Se dio clic en el boton ingresar
2022-08-25 16:18:48,157 - root - INFO -  Ejecutar Enterprise
2022-08-25 16:18:52,194 - root - INFO -  Cambia entre pestañas
2022-08-25 16:19:00,459 - root - INFO - Se ingresa al explorador de reportes
2022-08-25 16:19:16,231 - root - INFO - Se ingresa al reporte de toma de stock del vendedor
2022-08-25 16:19:26,632 - root - INFO - Se ingresan los datos para ver el reporte del vendedor deseado
2022-08-25 16:19:33,632 - root - INFO -  Captura: C:\xampp\htdocs\versiones\automatizaciones\AutoPWST\Venta01\report\img  screen：20220825_16_19_33.png
2022-08-25 16:19:59,292 - root - INFO - Se abre el documento de venta a realizar
2022-08-25 16:20:28,620 - root - ERROR - No se pudo encontrar el botón agregar artículos, revise si el xpath sigue siendo el mismo, para mas detalles del error consulte el reporte
2022-08-25 16:20:28,625 - root - INFO -  Captura: C:\xampp\htdocs\versiones\automatizaciones\AutoPWST\Venta01\report\img  screen：20220825_16_20_28.png
2022-08-25 16:20:30,927 - root - ERROR - No se encontró el botón refrescar reporte, revise si el xpath sigue siendo el mismo, para mas detalles del error consulte el reporte
2022-08-25 16:20:30,927 - root - INFO -  Captura: C:\xampp\htdocs\versiones\automatizaciones\AutoPWST\Venta01\report\img  screen：20220825_16_20_30.png
