2022-11-15 09:01:26,779 - root - INFO -  Se abre el chrome
2022-11-15 09:01:27,907 - root - INFO -  Entra a la URL
2022-11-15 09:01:28,026 - root - INFO -  Maximiza la pantalla
2022-11-15 09:01:31,062 - root - INFO -  Cambia al frame
2022-11-15 09:01:34,137 - root - INFO -  Escribe el usuario
2022-11-15 09:01:34,218 - root - INFO -  Escribe la contraseña
2022-11-15 09:01:34,341 - root - INFO -  Se dio clic en el boton ingresar
2022-11-15 09:01:35,088 - root - INFO -  Ejecutar Enterprise
2022-11-15 09:01:39,146 - root - INFO -  Cambia entre pestañas
2022-11-15 09:07:01,550 - root - INFO -  Se abre el chrome
2022-11-15 09:07:03,122 - root - INFO -  Entra a la URL
2022-11-15 09:07:03,246 - root - INFO -  Maximiza la pantalla
2022-11-15 09:07:06,288 - root - INFO -  Cambia al frame
2022-11-15 09:07:09,367 - root - INFO -  Escribe el usuario
2022-11-15 09:07:09,455 - root - INFO -  Escribe la contraseña
2022-11-15 09:07:09,557 - root - INFO -  Se dio clic en el boton ingresar
2022-11-15 09:07:10,303 - root - INFO -  Ejecutar Enterprise
2022-11-15 09:07:14,355 - root - INFO -  Cambia entre pestañas
2022-11-15 09:07:34,312 - root - INFO - Se ingresa al explorador de reportes
2022-11-15 09:07:50,066 - root - INFO - Se ingresa al reporte de toma de stock del vendedor
2022-11-15 09:08:00,466 - root - INFO - Se ingresan los datos para ver el reporte del vendedor deseado
2022-11-15 09:08:07,471 - root - INFO -  Captura: C:\xampp\htdocs\versiones\automatizaciones\AutoPWST\VentaContado\report\img  screen：20221115_09_08_07.png
2022-11-15 09:08:33,045 - root - INFO - Se abre el documento de venta a realizar
2022-11-15 09:09:16,650 - root - INFO - Se agrega el artículo facturado por unidades a la venta
2022-11-15 09:09:34,996 - root - INFO - Se agrega el artículo facturado por packing a la venta
2022-11-15 09:09:50,085 - root - INFO -  Captura: C:\xampp\htdocs\versiones\automatizaciones\AutoPWST\VentaContado\report\img  screen：20221115_09_09_50.png
2022-11-15 09:09:50,271 - root - INFO - Se guarda la venta realizaada
2022-11-15 09:10:15,369 - root - INFO - Se actualiza el stock del vendedor
2022-11-15 09:10:15,369 - root - INFO -  Captura: C:\xampp\htdocs\versiones\automatizaciones\AutoPWST\VentaContado\report\img  screen：20221115_09_10_15.png
2022-11-15 09:11:00,755 - root - INFO - Se visualiza la venta realizada
2022-11-15 09:11:15,077 - root - INFO -  Se cierra chrome
