2022-08-17 18:00:02,531 - root - INFO - Se ingresa al reporte de toma de stock del vendedor
2022-08-17 18:00:13,978 - root - INFO - Se ingresan los datos para ver el reporte del vendedor deseado
2022-08-17 18:00:17,987 - root - INFO -  Captura: C:\xampp\htdocs\versiones\automatizaciones\AutoPWST\Venta01\report\img  screen：20220817_18_00_17.png
2022-08-17 18:00:23,423 - root - ERROR - No se pudo encontrar el menu indicado, revise si el xpath sigue siendo el mismo, para mas detalles del error consulte el reporte
2022-08-17 18:00:23,424 - root - INFO -  Captura: C:\xampp\htdocs\versiones\automatizaciones\AutoPWST\Venta01\report\img  screen：20220817_18_00_23.png
2022-08-17 18:00:25,648 - root - INFO -  Se cierra chrome
2022-08-17 18:00:50,518 - root - INFO -  Se abre el chrome
2022-08-17 18:00:55,313 - root - INFO -  Entra a la URL
2022-08-17 18:00:55,441 - root - INFO -  Maximiza la pantalla
2022-08-17 18:00:58,491 - root - INFO -  Cambia al frame
2022-08-17 18:01:01,562 - root - INFO -  Escribe el usuario
2022-08-17 18:01:01,632 - root - INFO -  Escribe la contraseña
2022-08-17 18:01:01,742 - root - INFO -  Se dio clic en el boton ingresar
2022-08-17 18:01:12,610 - root - INFO -  Ejecutar Enterprise
2022-08-17 18:01:16,648 - root - INFO -  Cambia entre pestañas
2022-08-17 18:02:38,520 - root - INFO - Se ingresa al explorador de reportes
2022-08-17 18:02:54,301 - root - INFO - Se ingresa al reporte de toma de stock del vendedor
2022-08-17 18:03:04,689 - root - INFO - Se ingresan los datos para ver el reporte del vendedor deseado
2022-08-17 18:03:11,697 - root - INFO -  Captura: C:\xampp\htdocs\versiones\automatizaciones\AutoPWST\Venta01\report\img  screen：20220817_18_03_11.png
2022-08-17 18:03:21,144 - root - ERROR - No se pudo encontrar el menu indicado, revise si el xpath sigue siendo el mismo, para mas detalles del error consulte el reporte
2022-08-17 18:03:21,145 - root - INFO -  Captura: C:\xampp\htdocs\versiones\automatizaciones\AutoPWST\Venta01\report\img  screen：20220817_18_03_21.png
2022-08-17 18:03:23,359 - root - INFO -  Se cierra chrome
2022-08-17 18:05:29,409 - root - INFO -  Se abre el chrome
2022-08-17 18:05:33,166 - root - INFO -  Entra a la URL
2022-08-17 18:05:33,286 - root - INFO -  Maximiza la pantalla
2022-08-17 18:05:36,334 - root - INFO -  Cambia al frame
2022-08-17 18:05:39,424 - root - INFO -  Escribe el usuario
2022-08-17 18:05:39,501 - root - INFO -  Escribe la contraseña
2022-08-17 18:05:39,599 - root - INFO -  Se dio clic en el boton ingresar
2022-08-17 18:05:43,095 - root - INFO -  Ejecutar Enterprise
2022-08-17 18:05:47,138 - root - INFO -  Cambia entre pestañas
2022-08-17 18:06:22,618 - root - INFO - Se ingresa al explorador de reportes
2022-08-17 18:06:38,402 - root - INFO - Se ingresa al reporte de toma de stock del vendedor
2022-08-17 18:06:48,818 - root - INFO - Se ingresan los datos para ver el reporte del vendedor deseado
2022-08-17 18:06:55,834 - root - INFO -  Captura: C:\xampp\htdocs\versiones\automatizaciones\AutoPWST\Venta01\report\img  screen：20220817_18_06_55.png
2022-08-17 18:07:02,286 - root - ERROR - No se pudo encontrar el menu indicado, revise si el xpath sigue siendo el mismo, para mas detalles del error consulte el reporte
2022-08-17 18:07:02,287 - root - INFO -  Captura: C:\xampp\htdocs\versiones\automatizaciones\AutoPWST\Venta01\report\img  screen：20220817_18_07_02.png
2022-08-17 18:07:04,517 - root - INFO -  Se cierra chrome
2022-08-17 18:07:58,181 - root - INFO -  Se abre el chrome
2022-08-17 18:08:02,901 - root - INFO -  Entra a la URL
2022-08-17 18:08:03,024 - root - INFO -  Maximiza la pantalla
2022-08-17 18:08:06,080 - root - INFO -  Cambia al frame
2022-08-17 18:08:09,163 - root - INFO -  Escribe el usuario
2022-08-17 18:08:09,233 - root - INFO -  Escribe la contraseña
2022-08-17 18:08:09,350 - root - INFO -  Se dio clic en el boton ingresar
2022-08-17 18:08:12,849 - root - INFO -  Ejecutar Enterprise
2022-08-17 18:08:16,898 - root - INFO -  Cambia entre pestañas
2022-08-17 18:08:57,196 - root - INFO - Se ingresa al explorador de reportes
2022-08-17 18:09:12,971 - root - INFO - Se ingresa al reporte de toma de stock del vendedor
2022-08-17 18:09:23,383 - root - INFO - Se ingresan los datos para ver el reporte del vendedor deseado
2022-08-17 18:09:30,391 - root - INFO -  Captura: C:\xampp\htdocs\versiones\automatizaciones\AutoPWST\Venta01\report\img  screen：20220817_18_09_30.png
2022-08-17 18:09:46,529 - root - INFO -  Se cierra chrome
2022-08-17 18:10:22,278 - root - INFO -  Se abre el chrome
2022-08-17 18:10:26,544 - root - INFO -  Entra a la URL
2022-08-17 18:10:26,671 - root - INFO -  Maximiza la pantalla
2022-08-17 18:10:29,721 - root - INFO -  Cambia al frame
2022-08-17 18:10:32,799 - root - INFO -  Escribe el usuario
2022-08-17 18:10:32,866 - root - INFO -  Escribe la contraseña
2022-08-17 18:10:32,975 - root - INFO -  Se dio clic en el boton ingresar
2022-08-17 18:10:37,051 - root - INFO -  Ejecutar Enterprise
2022-08-17 18:10:41,112 - root - INFO -  Cambia entre pestañas
2022-08-17 18:11:20,520 - root - INFO - Se ingresa al explorador de reportes
2022-08-17 18:11:36,273 - root - INFO - Se ingresa al reporte de toma de stock del vendedor
2022-08-17 18:11:46,672 - root - INFO - Se ingresan los datos para ver el reporte del vendedor deseado
2022-08-17 18:11:53,684 - root - INFO -  Captura: C:\xampp\htdocs\versiones\automatizaciones\AutoPWST\Venta01\report\img  screen：20220817_18_11_53.png
2022-08-17 18:12:19,304 - root - INFO - Se abre el documento de venta a realizar
2022-08-17 18:12:44,285 - root - ERROR - No se pudo encontrar el botón agregar artículos, revise si el xpath sigue siendo el mismo, para mas detalles del error consulte el reporte
2022-08-17 18:12:44,287 - root - INFO -  Captura: C:\xampp\htdocs\versiones\automatizaciones\AutoPWST\Venta01\report\img  screen：20220817_18_12_44.png
2022-08-17 18:15:11,542 - root - INFO -  Se abre el chrome
2022-08-17 18:15:15,212 - root - INFO -  Entra a la URL
2022-08-17 18:15:15,341 - root - INFO -  Maximiza la pantalla
2022-08-17 18:15:18,384 - root - INFO -  Cambia al frame
2022-08-17 18:15:21,467 - root - INFO -  Escribe el usuario
2022-08-17 18:15:21,538 - root - INFO -  Escribe la contraseña
2022-08-17 18:15:21,634 - root - INFO -  Se dio clic en el boton ingresar
2022-08-17 18:15:25,159 - root - INFO -  Ejecutar Enterprise
2022-08-17 18:15:29,198 - root - INFO -  Cambia entre pestañas
2022-08-17 18:16:31,944 - root - INFO - Se ingresa al explorador de reportes
2022-08-17 18:16:47,711 - root - INFO - Se ingresa al reporte de toma de stock del vendedor
2022-08-17 18:16:58,121 - root - INFO - Se ingresan los datos para ver el reporte del vendedor deseado
2022-08-17 18:17:05,125 - root - INFO -  Captura: C:\xampp\htdocs\versiones\automatizaciones\AutoPWST\Venta01\report\img  screen：20220817_18_17_05.png
2022-08-17 18:17:30,730 - root - INFO - Se abre el documento de venta a realizar
2022-08-17 18:18:14,726 - root - INFO - Se agrega el artículo facturado por unidades a la venta
2022-08-17 18:18:30,944 - root - INFO - Se agrega el artículo facturado por packing a la venta
2022-08-17 18:18:46,107 - root - INFO - Se guarda la venta realizaada
2022-08-17 18:18:51,246 - root - INFO -  Se cierra chrome
