2022-07-05 18:11:49,138 - root - INFO -  Se abre el chrome
2022-07-05 18:11:54,066 - root - INFO -  Entra a la URL
2022-07-05 18:11:54,197 - root - INFO -  Maximiza la pantalla
2022-07-05 18:11:57,260 - root - INFO -  Cambia al frame
2022-07-05 18:12:00,344 - root - INFO -  Escribe el usuario
2022-07-05 18:12:00,449 - root - INFO -  Escribe la contraseña
2022-07-05 18:12:00,582 - root - INFO -  Se dio clic en el boton ingresar
2022-07-05 18:12:04,735 - root - INFO -  Ejecutar Enterprise
2022-07-05 18:12:04,736 - root - INFO -  Captura: C:\xampp\htdocs\versiones\automatizaciones\AutoPWST\02AC\report\img  screen：20220705_18_12_04.png
2022-07-05 18:12:08,930 - root - INFO -  Cambia entre pestañas
2022-07-05 18:13:03,686 - root - INFO -  Se presiona el boton 'Cerrar Error', para crear un nuevo registro igual al anterior.
2022-07-05 18:13:06,802 - root - INFO -  Abre el menu completo
2022-07-05 18:13:17,451 - root - INFO -  Abre la pantalla de Autorizaciones de Credito
2022-07-05 18:13:18,603 - root - INFO -  La pantalla ejecutada es Autorizaciones de crédito.
2022-07-05 18:13:18,603 - root - INFO -  Captura: C:\xampp\htdocs\versiones\automatizaciones\AutoPWST\02AC\report\img  screen：20220705_18_13_18.png
2022-07-05 18:13:18,784 - root - INFO -  Se presiona el boton 'Nuevo', para crear un nuevo registro.
2022-07-05 18:13:21,517 - root - INFO -  Se abrio la pantalla para el ingreso de un registro nuevo.
2022-07-05 18:13:21,566 - root - INFO -  El campo 'Empresa' si se encuentra visible.
2022-07-05 18:13:21,610 - root - INFO -  El campo 'Moneda' si se encuentra visible.
2022-07-05 18:13:21,650 - root - INFO -  El campo 'Modo' si se encuentra visible.
2022-07-05 18:13:21,701 - root - INFO -  El campo 'Usuario' si se encuentra visible.
2022-07-05 18:13:21,738 - root - INFO -  El campo 'Cantidad' si se encuentra visible.
2022-07-05 18:13:21,775 - root - INFO -  El campo 'Contraseña' si se encuentra visible.
2022-07-05 18:14:07,462 - root - INFO -  Captura: C:\xampp\htdocs\versiones\automatizaciones\AutoPWST\02AC\report\img  screen：20220705_18_14_07.png
2022-07-05 18:14:07,728 - root - INFO -  Ingresa de autorización del nuevo registro 
2022-07-05 18:14:10,863 - root - INFO -  Ingresa la contraseña del nuevo registro 
2022-07-05 18:14:13,986 - root - INFO -  Se da clic en el boton Guardar; se debe crear un nuevo registro.
2022-07-05 18:14:17,120 - root - INFO -  Se presiona el boton 'Refrescar', para crear un nuevo registro igual al anterior.
2022-07-05 18:14:20,231 - root - INFO -  Se presiona el boton 'Nuevo', para crear un nuevo registro igual al anterior.
2022-07-05 18:14:22,440 - root - INFO -  Se abrio la pantalla para el ingreso de un registro nuevo.
2022-07-05 18:14:22,479 - root - INFO -  El campo 'Empresa' si se encuentra visible.
2022-07-05 18:14:22,517 - root - INFO -  El campo 'Moneda' si se encuentra visible.
2022-07-05 18:14:24,602 - root - INFO -  El campo 'Modo' si se encuentra visible.
2022-07-05 18:14:26,718 - root - INFO -  El campo 'Usuario' si se encuentra visible.
2022-07-05 18:14:28,811 - root - INFO -  El campo 'Cantidad' si se encuentra visible.
2022-07-05 18:14:30,910 - root - INFO -  El campo 'Contraseña' si se encuentra visible.
2022-07-05 18:15:08,615 - root - INFO -  Ingresa de autorización del nuevo registro 
2022-07-05 18:15:11,738 - root - INFO -  Ingresa la contraseña del nuevo registro 
2022-07-05 18:15:14,877 - root - INFO -  Se da clic en el boton Guardar; NO se debe crear un nuevo registro.
2022-07-05 18:15:16,892 - root - INFO -  Captura: C:\xampp\htdocs\versiones\automatizaciones\AutoPWST\02AC\report\img  screen：20220705_18_15_16.png
2022-07-05 18:15:17,140 - root - INFO -  Se presiona el boton 'Cerrar', para cerrar el mensaje de duplicidad de llave primaria
2022-07-05 18:15:19,267 - root - INFO -  Se presiona el boton 'Cerrar', para cerrar la ventana
2022-07-05 18:15:23,377 - root - INFO -  Se presiona el boton 'Refrescar', para crear un nuevo registro igual al anterior.
2022-07-05 18:15:31,030 - root - INFO -  Se da clic en el registro creado, para proceder a modificarlo.
2022-07-05 18:15:34,169 - root - INFO -  Ingresa de autorización del nuevo registro 
2022-07-05 18:15:34,171 - root - INFO -  Captura: C:\xampp\htdocs\versiones\automatizaciones\AutoPWST\02AC\report\img  screen：20220705_18_15_34.png
2022-07-05 18:15:34,483 - root - INFO -  Se da clic en el boton Guardar; se debe modificar la informacion del registro.
2022-07-05 18:15:37,629 - root - INFO -  Se presiona el boton 'Refrescar', para proceder a eliminar el registro.
2022-07-05 18:15:45,266 - root - INFO -  Se da clic en el registro creado, para proceder a modificarlo.
2022-07-05 18:15:48,421 - root - INFO -  Se presiona el boton 'Eliminar', para eliminar el registro.
2022-07-05 18:15:48,423 - root - INFO -  Captura: C:\xampp\htdocs\versiones\automatizaciones\AutoPWST\02AC\report\img  screen：20220705_18_15_48.png
2022-07-05 18:15:48,709 - root - INFO -  Se confirma el eliminado del registro
2022-07-05 18:15:50,759 - root - INFO -  Se presiona el boton 'Refrescar', para crear un nuevo registro igual al anterior.
2022-07-05 18:15:52,856 - root - INFO -  Se presiona el boton 'Cerrar', para cerrar la pantalla de Categorias Fiscales.
2022-07-05 18:15:57,190 - root - INFO -  Se cierra chrome
