2022-09-02 15:47:41,650 - root - INFO -  Se abre el chrome
2022-09-02 15:47:42,720 - root - INFO -  Entra a la URL
2022-09-02 15:47:42,857 - root - INFO -  Maximiza la pantalla
2022-09-02 15:47:45,907 - root - INFO -  Cambia al frame
2022-09-02 15:47:48,993 - root - INFO -  Escribe el usuario
2022-09-02 15:47:49,099 - root - INFO -  Escribe la contraseña
2022-09-02 15:47:49,235 - root - INFO -  Se dio clic en el boton ingresar
2022-09-02 15:47:50,015 - root - INFO -  Ejecutar Enterprise
2022-09-02 15:47:50,016 - root - INFO -  Captura: C:\xampp\htdocs\versiones\automatizaciones\AutoPWST\02AC\report\img  screen：20220902_15_47_50.png
2022-09-02 15:47:54,279 - root - INFO -  Cambia entre pestañas
2022-09-02 15:48:04,462 - root - INFO -  Abre el menu completo
2022-09-02 15:48:13,122 - root - INFO -  Abre la pantalla de Autorizaciones de Credito
2022-09-02 15:48:13,162 - root - INFO -  La pantalla ejecutada es Autorizaciones de crédito.
2022-09-02 15:48:16,169 - root - INFO -  Captura: C:\xampp\htdocs\versiones\automatizaciones\AutoPWST\02AC\report\img  screen：20220902_15_48_16.png
2022-09-02 15:48:16,384 - root - INFO -  Se presiona el boton 'Nuevo', para crear un nuevo registro.
2022-09-02 15:48:21,468 - root - INFO -  Se abrio la pantalla para el ingreso de un registro nuevo.
2022-09-02 15:48:21,512 - root - INFO -  El campo 'Empresa' si se encuentra visible.
2022-09-02 15:48:21,550 - root - INFO -  El campo 'Moneda' si se encuentra visible.
2022-09-02 15:48:21,588 - root - INFO -  El campo 'Modo' si se encuentra visible.
2022-09-02 15:48:21,628 - root - INFO -  El campo 'Usuario' si se encuentra visible.
2022-09-02 15:48:21,666 - root - INFO -  El campo 'Cantidad' si se encuentra visible.
2022-09-02 15:48:21,703 - root - INFO -  El campo 'Contraseña' si se encuentra visible.
2022-09-02 15:48:31,139 - root - INFO -  Se dió doble click en el regitro de Empresa.
2022-09-02 15:48:41,619 - root - INFO -  Se dió doble click en el regitro de Moneda.
2022-09-02 15:48:52,094 - root - INFO -  Se dió click en la opción Limite personalizado (evento Documento_OnValidarAutorizacionCreditoGeneral).
2022-09-02 15:49:00,262 - root - ERROR - No se encontró el registro de Usuario, validar que la acción anterior haya finalizado, que el xpath sea el correcto o que la página no presente lentitud
2022-09-02 15:49:03,275 - root - INFO -  Captura: C:\xampp\htdocs\versiones\automatizaciones\AutoPWST\02AC\report\img  screen：20220902_15_49_03.png
2022-09-02 15:49:22,098 - root - ERROR - No se dió click en el botón Refrescar, validar que la acción anterior haya finalizado, que el xpath sea el correcto o que la página no presente lentitud
2022-09-02 15:49:25,105 - root - INFO -  Captura: C:\xampp\htdocs\versiones\automatizaciones\AutoPWST\02AC\report\img  screen：20220902_15_49_25.png
2022-09-02 15:49:57,930 - root - ERROR - No se dió click en el botón Refrescar, validar que la acción anterior haya finalizado, que el xpath sea el correcto o que la página no presente lentitud
2022-09-02 15:50:00,937 - root - INFO -  Captura: C:\xampp\htdocs\versiones\automatizaciones\AutoPWST\02AC\report\img  screen：20220902_15_50_00.png
2022-09-02 15:50:33,725 - root - ERROR - No se dió click en el botón Refrescar, validar que la acción anterior haya finalizado, que el xpath sea el correcto o que la página no presente lentitud
2022-09-02 15:50:36,735 - root - INFO -  Captura: C:\xampp\htdocs\versiones\automatizaciones\AutoPWST\02AC\report\img  screen：20220902_15_50_36.png
2022-09-02 15:56:18,686 - root - INFO -  Se abre el chrome
2022-09-02 15:56:19,638 - root - INFO -  Entra a la URL
2022-09-02 15:56:19,761 - root - INFO -  Maximiza la pantalla
2022-09-02 15:56:22,821 - root - INFO -  Cambia al frame
2022-09-02 15:56:25,905 - root - INFO -  Escribe el usuario
2022-09-02 15:56:26,006 - root - INFO -  Escribe la contraseña
2022-09-02 15:56:26,144 - root - INFO -  Se dio clic en el boton ingresar
2022-09-02 15:56:26,885 - root - INFO -  Ejecutar Enterprise
2022-09-02 15:56:26,886 - root - INFO -  Captura: C:\xampp\htdocs\versiones\automatizaciones\AutoPWST\02AC\report\img  screen：20220902_15_56_26.png
2022-09-02 15:56:31,132 - root - INFO -  Cambia entre pestañas
2022-09-02 15:56:42,528 - root - INFO -  Abre el menu completo
2022-09-02 15:56:51,181 - root - INFO -  Abre la pantalla de Autorizaciones de Credito
2022-09-02 15:56:51,248 - root - INFO -  La pantalla ejecutada es Autorizaciones de crédito.
2022-09-02 15:56:54,257 - root - INFO -  Captura: C:\xampp\htdocs\versiones\automatizaciones\AutoPWST\02AC\report\img  screen：20220902_15_56_54.png
2022-09-02 15:56:54,455 - root - INFO -  Se presiona el boton 'Nuevo', para crear un nuevo registro.
2022-09-02 15:56:59,549 - root - INFO -  Se abrio la pantalla para el ingreso de un registro nuevo.
2022-09-02 15:56:59,590 - root - INFO -  El campo 'Empresa' si se encuentra visible.
2022-09-02 15:56:59,628 - root - INFO -  El campo 'Moneda' si se encuentra visible.
2022-09-02 15:56:59,665 - root - INFO -  El campo 'Modo' si se encuentra visible.
2022-09-02 15:56:59,704 - root - INFO -  El campo 'Usuario' si se encuentra visible.
2022-09-02 15:56:59,743 - root - INFO -  El campo 'Cantidad' si se encuentra visible.
2022-09-02 15:56:59,782 - root - INFO -  El campo 'Contraseña' si se encuentra visible.
2022-09-02 15:57:09,237 - root - INFO -  Se dió doble click en el regitro de Empresa.
2022-09-02 15:57:19,759 - root - INFO -  Se dió doble click en el regitro de Moneda.
2022-09-02 15:57:30,229 - root - INFO -  Se dió click en la opción Limite personalizado (evento Documento_OnValidarAutorizacionCreditoGeneral).
2022-09-02 15:59:41,164 - root - INFO -  Se abre el chrome
2022-09-02 15:59:42,053 - root - INFO -  Entra a la URL
2022-09-02 15:59:42,185 - root - INFO -  Maximiza la pantalla
2022-09-02 15:59:45,244 - root - INFO -  Cambia al frame
2022-09-02 15:59:48,323 - root - INFO -  Escribe el usuario
2022-09-02 15:59:48,432 - root - INFO -  Escribe la contraseña
2022-09-02 15:59:48,565 - root - INFO -  Se dio clic en el boton ingresar
2022-09-02 15:59:49,313 - root - INFO -  Ejecutar Enterprise
2022-09-02 15:59:49,314 - root - INFO -  Captura: C:\xampp\htdocs\versiones\automatizaciones\AutoPWST\02AC\report\img  screen：20220902_15_59_49.png
2022-09-02 15:59:53,582 - root - INFO -  Cambia entre pestañas
