2022-09-02 17:02:51,512 - root - INFO -  Se abre el chrome
2022-09-02 17:02:52,406 - root - INFO -  Entra a la URL
2022-09-02 17:02:52,537 - root - INFO -  Maximiza la pantalla
2022-09-02 17:02:55,580 - root - INFO -  Cambia al frame
2022-09-02 17:02:58,663 - root - INFO -  Escribe el usuario
2022-09-02 17:02:58,760 - root - INFO -  Escribe la contraseña
2022-09-02 17:02:58,897 - root - INFO -  Se dio clic en el boton ingresar
2022-09-02 17:02:59,639 - root - INFO -  Ejecutar Enterprise
2022-09-02 17:02:59,640 - root - INFO -  Captura: C:\xampp\htdocs\versiones\automatizaciones\AutoPWST\02AC\report\img  screen：20220902_17_02_59.png
2022-09-02 17:03:03,882 - root - INFO -  Cambia entre pestañas
2022-09-02 17:03:15,261 - root - INFO -  Abre el menu completo
2022-09-02 17:03:23,939 - root - INFO -  Abre la pantalla de Autorizaciones de Credito
2022-09-02 17:03:23,998 - root - INFO -  La pantalla ejecutada es Autorizaciones de crédito.
2022-09-02 17:03:27,004 - root - INFO -  Captura: C:\xampp\htdocs\versiones\automatizaciones\AutoPWST\02AC\report\img  screen：20220902_17_03_27.png
2022-09-02 17:03:27,223 - root - INFO -  Se presiona el boton 'Nuevo', para crear un nuevo registro.
2022-09-02 17:07:29,085 - root - INFO -  Se abre el chrome
2022-09-02 17:07:30,460 - root - INFO -  Entra a la URL
2022-09-02 17:07:30,595 - root - INFO -  Maximiza la pantalla
2022-09-02 17:07:33,653 - root - INFO -  Cambia al frame
2022-09-02 17:07:36,739 - root - INFO -  Escribe el usuario
2022-09-02 17:07:36,846 - root - INFO -  Escribe la contraseña
2022-09-02 17:07:36,984 - root - INFO -  Se dio clic en el boton ingresar
2022-09-02 17:07:37,733 - root - INFO -  Ejecutar Enterprise
2022-09-02 17:07:37,734 - root - INFO -  Captura: C:\xampp\htdocs\versiones\automatizaciones\AutoPWST\02AC\report\img  screen：20220902_17_07_37.png
2022-09-02 17:07:41,983 - root - INFO -  Cambia entre pestañas
2022-09-02 17:07:51,878 - root - INFO -  Abre el menu completo
2022-09-02 17:08:00,547 - root - INFO -  Abre la pantalla de Autorizaciones de Credito
2022-09-02 17:08:00,648 - root - INFO -  La pantalla ejecutada es Autorizaciones de crédito.
2022-09-02 17:08:03,654 - root - INFO -  Captura: C:\xampp\htdocs\versiones\automatizaciones\AutoPWST\02AC\report\img  screen：20220902_17_08_03.png
2022-09-02 17:08:03,869 - root - INFO -  Se presiona el boton 'Nuevo', para crear un nuevo registro.
2022-09-02 17:08:08,950 - root - INFO -  Se abrio la pantalla para el ingreso de un registro nuevo.
2022-09-02 17:08:08,988 - root - INFO -  El campo 'Empresa' si se encuentra visible.
2022-09-02 17:08:09,026 - root - INFO -  El campo 'Moneda' si se encuentra visible.
2022-09-02 17:08:09,065 - root - INFO -  El campo 'Modo' si se encuentra visible.
2022-09-02 17:08:09,102 - root - INFO -  El campo 'Usuario' si se encuentra visible.
2022-09-02 17:08:09,143 - root - INFO -  El campo 'Cantidad' si se encuentra visible.
2022-09-02 17:08:09,181 - root - INFO -  El campo 'Contraseña' si se encuentra visible.
2022-09-02 17:08:18,637 - root - INFO -  Se dió doble click en el regitro de Empresa.
2022-09-02 17:08:29,112 - root - INFO -  Se dió doble click en el regitro de Moneda.
2022-09-02 17:08:39,570 - root - INFO -  Se dió click en la opción Limite personalizado (evento Documento_OnValidarAutorizacionCreditoGeneral).
2022-09-02 17:08:54,399 - root - INFO -  Se dió doble click en el regitro de Usuario.
2022-09-02 17:08:57,403 - root - INFO -  Captura: C:\xampp\htdocs\versiones\automatizaciones\AutoPWST\02AC\report\img  screen：20220902_17_08_57.png
2022-09-02 17:08:57,643 - root - INFO -  Ingresa de autorización del nuevo registro 
2022-09-02 17:09:00,782 - root - INFO -  Ingresa la contraseña del nuevo registro 
2022-09-02 17:09:03,924 - root - INFO -  Se da clic en el boton Guardar; se debe crear un nuevo registro.
2022-09-02 17:09:09,045 - root - INFO -  Se presiona el boton 'Refrescar', para crear un nuevo registro igual al anterior.
2022-09-02 17:09:14,149 - root - INFO -  Se presiona el boton 'Nuevo', para crear un nuevo registro igual al anterior.
2022-09-02 17:09:19,236 - root - INFO -  Se abrio la pantalla para el ingreso de un registro nuevo.
2022-09-02 17:09:19,270 - root - INFO -  El campo 'Empresa' si se encuentra visible.
2022-09-02 17:09:19,304 - root - INFO -  El campo 'Moneda' si se encuentra visible.
2022-09-02 17:09:19,354 - root - INFO -  El campo 'Modo' si se encuentra visible.
2022-09-02 17:09:19,388 - root - INFO -  El campo 'Usuario' si se encuentra visible.
2022-09-02 17:09:19,422 - root - INFO -  El campo 'Cantidad' si se encuentra visible.
2022-09-02 17:09:19,456 - root - INFO -  El campo 'Contraseña' si se encuentra visible.
2022-09-02 17:09:26,877 - root - INFO -  Se dió doble click en el regitro de Empresa.
2022-09-02 17:09:37,403 - root - INFO -  Se dió doble click en el regitro de Moneda.
2022-09-02 17:09:47,856 - root - INFO -  Se dió click en la opción de Limite personalizado (evento Documento_OnValidarAutorizacionCreditoGeneral).
2022-09-02 17:10:02,640 - root - INFO -  Se dió doble click en el regitro de Usuario.
2022-09-02 17:10:05,841 - root - INFO -  Ingresa de autorización del nuevo registro 
2022-09-02 17:10:08,998 - root - INFO -  Ingresa la contraseña del nuevo registro 
2022-09-02 17:10:12,147 - root - INFO -  Se da clic en el boton Guardar; NO se debe crear un nuevo registro.
2022-09-02 17:10:17,155 - root - INFO -  Captura: C:\xampp\htdocs\versiones\automatizaciones\AutoPWST\02AC\report\img  screen：20220902_17_10_17.png
2022-09-02 17:10:17,368 - root - INFO -  Se presiona el boton 'Cerrar', para cerrar el mensaje de duplicidad de llave primaria
2022-09-02 17:10:20,507 - root - INFO -  Se presiona el boton 'Cerrar', para cerrar la ventana
2022-09-02 17:10:25,565 - root - INFO -  Se presiona el boton 'Refrescar', para proceder a modificar el registro.
2022-09-02 17:10:35,164 - root - INFO -  Se da clic en el registro creado, para proceder a modificarlo.
2022-09-02 17:10:41,298 - root - INFO -  Ingresa de autorización del nuevo registro 
2022-09-02 17:10:41,299 - root - INFO -  Captura: C:\xampp\htdocs\versiones\automatizaciones\AutoPWST\02AC\report\img  screen：20220902_17_10_41.png
2022-09-02 17:10:41,479 - root - INFO -  Se da clic en el boton Guardar; se debe modificar la informacion del registro.
2022-09-02 17:10:46,536 - root - INFO -  Se presiona el boton 'Refrescar', para proceder a eliminar el registro.
2022-09-02 17:10:56,123 - root - INFO -  Se da clic en el registro creado, para proceder a eliminarlo.
2022-09-02 17:11:04,198 - root - INFO -  Se presiona el boton 'Eliminar', para eliminar el registro.
2022-09-02 17:11:04,199 - root - INFO -  Captura: C:\xampp\htdocs\versiones\automatizaciones\AutoPWST\02AC\report\img  screen：20220902_17_11_04.png
2022-09-02 17:11:04,393 - root - INFO -  Se confirma el eliminado del registro
2022-09-02 17:11:09,463 - root - INFO -  Se presiona el boton 'Refrescar', para crear un nuevo registro igual al anterior.
2022-09-02 17:11:14,535 - root - INFO -  Se presiona el boton 'Cerrar', para cerrar la pantalla de Categorias Fiscales.
2022-09-02 17:11:21,917 - root - INFO -  Se cierra chrome
2022-09-02 17:12:07,987 - root - INFO -  Se abre el chrome
2022-09-02 17:12:09,830 - root - INFO -  Entra a la URL
2022-09-02 17:12:09,959 - root - INFO -  Maximiza la pantalla
2022-09-02 17:12:13,016 - root - INFO -  Cambia al frame
2022-09-02 17:12:16,093 - root - INFO -  Escribe el usuario
2022-09-02 17:12:16,203 - root - INFO -  Escribe la contraseña
2022-09-02 17:12:16,345 - root - INFO -  Se dio clic en el boton ingresar
2022-09-02 17:12:17,107 - root - INFO -  Ejecutar Enterprise
2022-09-02 17:12:17,108 - root - INFO -  Captura: C:\xampp\htdocs\versiones\automatizaciones\AutoPWST\02AC\report\img  screen：20220902_17_12_17.png
2022-09-02 17:12:21,370 - root - INFO -  Cambia entre pestañas
2022-09-02 17:12:37,623 - root - INFO -  Abre el menu completo
2022-09-02 17:12:46,315 - root - INFO -  Abre la pantalla de Autorizaciones de Credito
2022-09-02 17:12:46,397 - root - INFO -  La pantalla ejecutada es Autorizaciones de crédito.
2022-09-02 17:12:49,406 - root - INFO -  Captura: C:\xampp\htdocs\versiones\automatizaciones\AutoPWST\02AC\report\img  screen：20220902_17_12_49.png
2022-09-02 17:12:49,612 - root - INFO -  Se presiona el boton 'Nuevo', para crear un nuevo registro.
2022-09-02 17:12:54,706 - root - INFO -  Se abrio la pantalla para el ingreso de un registro nuevo.
2022-09-02 17:12:54,770 - root - INFO -  El campo 'Empresa' si se encuentra visible.
2022-09-02 17:12:54,816 - root - INFO -  El campo 'Moneda' si se encuentra visible.
2022-09-02 17:12:54,855 - root - INFO -  El campo 'Modo' si se encuentra visible.
2022-09-02 17:12:54,894 - root - INFO -  El campo 'Usuario' si se encuentra visible.
2022-09-02 17:12:54,933 - root - INFO -  El campo 'Cantidad' si se encuentra visible.
2022-09-02 17:12:54,971 - root - INFO -  El campo 'Contraseña' si se encuentra visible.
2022-09-02 17:13:04,412 - root - INFO -  Se dió doble click en el regitro de Empresa.
2022-09-02 17:13:14,915 - root - INFO -  Se dió doble click en el regitro de Moneda.
2022-09-02 17:13:25,378 - root - INFO -  Se dió click en la opción Limite personalizado (evento Documento_OnValidarAutorizacionCreditoGeneral).
2022-09-02 17:13:40,203 - root - INFO -  Se dió doble click en el regitro de Usuario.
2022-09-02 17:13:43,207 - root - INFO -  Captura: C:\xampp\htdocs\versiones\automatizaciones\AutoPWST\02AC\report\img  screen：20220902_17_13_43.png
2022-09-02 17:13:43,473 - root - INFO -  Ingresa de autorización del nuevo registro 
2022-09-02 17:13:46,620 - root - INFO -  Ingresa la contraseña del nuevo registro 
2022-09-02 17:13:49,738 - root - INFO -  Se da clic en el boton Guardar; se debe crear un nuevo registro.
2022-09-02 17:13:54,861 - root - INFO -  Se presiona el boton 'Refrescar', para crear un nuevo registro igual al anterior.
2022-09-02 17:13:59,985 - root - INFO -  Se presiona el boton 'Nuevo', para crear un nuevo registro igual al anterior.
2022-09-02 17:14:05,077 - root - INFO -  Se abrio la pantalla para el ingreso de un registro nuevo.
2022-09-02 17:14:05,125 - root - INFO -  El campo 'Empresa' si se encuentra visible.
2022-09-02 17:14:05,159 - root - INFO -  El campo 'Moneda' si se encuentra visible.
2022-09-02 17:14:05,193 - root - INFO -  El campo 'Modo' si se encuentra visible.
2022-09-02 17:14:05,226 - root - INFO -  El campo 'Usuario' si se encuentra visible.
2022-09-02 17:14:05,260 - root - INFO -  El campo 'Cantidad' si se encuentra visible.
2022-09-02 17:14:05,304 - root - INFO -  El campo 'Contraseña' si se encuentra visible.
2022-09-02 17:14:12,717 - root - INFO -  Se dió doble click en el regitro de Empresa.
2022-09-02 17:14:23,206 - root - INFO -  Se dió doble click en el regitro de Moneda.
2022-09-02 17:14:33,666 - root - INFO -  Se dió click en la opción de Limite personalizado (evento Documento_OnValidarAutorizacionCreditoGeneral).
2022-09-02 17:14:48,507 - root - INFO -  Se dió doble click en el regitro de Usuario.
2022-09-02 17:14:51,683 - root - INFO -  Ingresa de autorización del nuevo registro 
2022-09-02 17:14:54,834 - root - INFO -  Ingresa la contraseña del nuevo registro 
2022-09-02 17:14:57,972 - root - INFO -  Se da clic en el boton Guardar; NO se debe crear un nuevo registro.
2022-09-02 17:15:02,983 - root - INFO -  Captura: C:\xampp\htdocs\versiones\automatizaciones\AutoPWST\02AC\report\img  screen：20220902_17_15_02.png
2022-09-02 17:15:03,202 - root - INFO -  Se presiona el boton 'Cerrar', para cerrar el mensaje de duplicidad de llave primaria
2022-09-02 17:15:06,352 - root - INFO -  Se presiona el boton 'Cerrar', para cerrar la ventana
2022-09-02 17:15:11,446 - root - INFO -  Se presiona el boton 'Refrescar', para proceder a modificar el registro.
2022-09-02 17:15:21,078 - root - INFO -  Se da clic en el registro creado, para proceder a modificarlo.
2022-09-02 17:15:27,274 - root - INFO -  Ingresa de autorización del nuevo registro 
2022-09-02 17:15:27,276 - root - INFO -  Captura: C:\xampp\htdocs\versiones\automatizaciones\AutoPWST\02AC\report\img  screen：20220902_17_15_27.png
2022-09-02 17:15:27,517 - root - INFO -  Se da clic en el boton Guardar; se debe modificar la informacion del registro.
2022-09-02 17:15:32,618 - root - INFO -  Se presiona el boton 'Refrescar', para proceder a eliminar el registro.
2022-09-02 17:15:42,229 - root - INFO -  Se da clic en el registro creado, para proceder a eliminarlo.
2022-09-02 17:15:50,339 - root - INFO -  Se presiona el boton 'Eliminar', para eliminar el registro.
2022-09-02 17:15:50,341 - root - INFO -  Captura: C:\xampp\htdocs\versiones\automatizaciones\AutoPWST\02AC\report\img  screen：20220902_17_15_50.png
2022-09-02 17:15:50,551 - root - INFO -  Se confirma el eliminado del registro
2022-09-02 17:15:55,637 - root - INFO -  Se presiona el boton 'Refrescar', para crear un nuevo registro igual al anterior.
2022-09-02 17:16:00,761 - root - INFO -  Se presiona el boton 'Cerrar', para cerrar la pantalla de Categorias Fiscales.
2022-09-02 17:16:08,116 - root - INFO -  Se cierra chrome
2022-09-02 17:17:18,362 - root - INFO -  Se abre el chrome
2022-09-02 17:17:19,612 - root - INFO -  Entra a la URL
2022-09-02 17:17:19,761 - root - INFO -  Maximiza la pantalla
2022-09-02 17:17:22,816 - root - INFO -  Cambia al frame
2022-09-02 17:17:25,911 - root - INFO -  Escribe el usuario
2022-09-02 17:17:26,018 - root - INFO -  Escribe la contraseña
2022-09-02 17:17:26,155 - root - INFO -  Se dio clic en el boton ingresar
2022-09-02 17:17:26,910 - root - INFO -  Ejecutar Enterprise
2022-09-02 17:17:26,911 - root - INFO -  Captura: C:\xampp\htdocs\versiones\automatizaciones\AutoPWST\02AC\report\img  screen：20220902_17_17_26.png
2022-09-02 17:17:31,254 - root - INFO -  Cambia entre pestañas
2022-09-02 17:17:45,915 - root - INFO -  Abre el menu completo
2022-09-02 17:17:54,534 - root - INFO -  Abre la pantalla de Autorizaciones de Credito
2022-09-02 17:17:54,622 - root - INFO -  La pantalla ejecutada es Autorizaciones de crédito.
2022-09-02 17:17:57,638 - root - INFO -  Captura: C:\xampp\htdocs\versiones\automatizaciones\AutoPWST\02AC\report\img  screen：20220902_17_17_57.png
2022-09-02 17:17:57,854 - root - INFO -  Se presiona el boton 'Nuevo', para crear un nuevo registro.
2022-09-02 17:18:02,925 - root - INFO -  Se abrio la pantalla para el ingreso de un registro nuevo.
2022-09-02 17:18:02,962 - root - INFO -  El campo 'Empresa' si se encuentra visible.
2022-09-02 17:18:03,001 - root - INFO -  El campo 'Moneda' si se encuentra visible.
2022-09-02 17:18:03,039 - root - INFO -  El campo 'Modo' si se encuentra visible.
2022-09-02 17:18:03,076 - root - INFO -  El campo 'Usuario' si se encuentra visible.
2022-09-02 17:18:03,115 - root - INFO -  El campo 'Cantidad' si se encuentra visible.
2022-09-02 17:18:03,155 - root - INFO -  El campo 'Contraseña' si se encuentra visible.
2022-09-02 17:18:12,613 - root - INFO -  Se dió doble click en el regitro de Empresa.
2022-09-02 17:18:23,139 - root - INFO -  Se dió doble click en el regitro de Moneda.
2022-09-02 17:18:33,613 - root - INFO -  Se dió click en la opción Limite personalizado (evento Documento_OnValidarAutorizacionCreditoGeneral).
2022-09-02 17:18:41,782 - root - ERROR - No se encontró el registro de Usuario, validar que la acción anterior haya finalizado, que el xpath sea el correcto o que la página no presente lentitud
2022-09-02 17:18:44,793 - root - INFO -  Captura: C:\xampp\htdocs\versiones\automatizaciones\AutoPWST\02AC\report\img  screen：20220902_17_18_44.png
2022-09-02 17:19:03,569 - root - ERROR - No se dió click en el botón Refrescar, validar que la acción anterior haya finalizado, que el xpath sea el correcto o que la página no presente lentitud
2022-09-02 17:19:06,579 - root - INFO -  Captura: C:\xampp\htdocs\versiones\automatizaciones\AutoPWST\02AC\report\img  screen：20220902_17_19_06.png
2022-09-02 17:19:39,251 - root - ERROR - No se dió click en el botón Refrescar, validar que la acción anterior haya finalizado, que el xpath sea el correcto o que la página no presente lentitud
2022-09-02 17:19:42,266 - root - INFO -  Captura: C:\xampp\htdocs\versiones\automatizaciones\AutoPWST\02AC\report\img  screen：20220902_17_19_42.png
2022-09-02 17:20:14,809 - root - ERROR - No se dió click en el botón Refrescar, validar que la acción anterior haya finalizado, que el xpath sea el correcto o que la página no presente lentitud
2022-09-02 17:20:17,824 - root - INFO -  Captura: C:\xampp\htdocs\versiones\automatizaciones\AutoPWST\02AC\report\img  screen：20220902_17_20_17.png
2022-09-02 17:22:32,580 - root - INFO -  Se abre el chrome
2022-09-02 17:22:35,743 - root - INFO -  Entra a la URL
2022-09-02 17:22:35,874 - root - INFO -  Maximiza la pantalla
2022-09-02 17:22:38,921 - root - INFO -  Cambia al frame
2022-09-02 17:22:42,014 - root - INFO -  Escribe el usuario
2022-09-02 17:22:42,121 - root - INFO -  Escribe la contraseña
2022-09-02 17:22:42,261 - root - INFO -  Se dio clic en el boton ingresar
2022-09-02 17:22:43,019 - root - INFO -  Ejecutar Enterprise
2022-09-02 17:22:43,020 - root - INFO -  Captura: C:\xampp\htdocs\versiones\automatizaciones\AutoPWST\02AC\report\img  screen：20220902_17_22_43.png
2022-09-02 17:22:47,274 - root - INFO -  Cambia entre pestañas
2022-09-02 17:22:59,422 - root - INFO -  Abre el menu completo
2022-09-02 17:23:08,091 - root - INFO -  Abre la pantalla de Autorizaciones de Credito
2022-09-02 17:23:08,175 - root - INFO -  La pantalla ejecutada es Autorizaciones de crédito.
2022-09-02 17:23:11,191 - root - INFO -  Captura: C:\xampp\htdocs\versiones\automatizaciones\AutoPWST\02AC\report\img  screen：20220902_17_23_11.png
2022-09-02 17:23:11,403 - root - INFO -  Se presiona el boton 'Nuevo', para crear un nuevo registro.
2022-09-02 17:23:16,472 - root - INFO -  Se abrio la pantalla para el ingreso de un registro nuevo.
2022-09-02 17:23:16,510 - root - INFO -  El campo 'Empresa' si se encuentra visible.
2022-09-02 17:23:16,548 - root - INFO -  El campo 'Moneda' si se encuentra visible.
2022-09-02 17:23:16,587 - root - INFO -  El campo 'Modo' si se encuentra visible.
2022-09-02 17:23:16,624 - root - INFO -  El campo 'Usuario' si se encuentra visible.
2022-09-02 17:23:16,664 - root - INFO -  El campo 'Cantidad' si se encuentra visible.
2022-09-02 17:23:16,703 - root - INFO -  El campo 'Contraseña' si se encuentra visible.
2022-09-02 17:23:26,167 - root - INFO -  Se dió doble click en el regitro de Empresa.
2022-09-02 17:23:36,622 - root - INFO -  Se dió doble click en el regitro de Moneda.
2022-09-02 17:23:47,105 - root - INFO -  Se dió click en la opción Limite personalizado (evento Documento_OnValidarAutorizacionCreditoGeneral).
2022-09-02 17:23:55,313 - root - ERROR - No se encontró el registro de Usuario, validar que la acción anterior haya finalizado, que el xpath sea el correcto o que la página no presente lentitud
2022-09-02 17:23:58,315 - root - INFO -  Captura: C:\xampp\htdocs\versiones\automatizaciones\AutoPWST\02AC\report\img  screen：20220902_17_23_58.png
2022-09-02 17:23:58,771 - root - ERROR - No se dió click en el botón Refrescar, validar que la acción anterior haya finalizado, que el xpath sea el correcto o que la página no presente lentitud
2022-09-02 17:24:01,781 - root - INFO -  Captura: C:\xampp\htdocs\versiones\automatizaciones\AutoPWST\02AC\report\img  screen：20220902_17_24_01.png
2022-09-02 17:24:01,796 - root - ERROR - No se dió click en el botón Refrescar, validar que la acción anterior haya finalizado, que el xpath sea el correcto o que la página no presente lentitud
2022-09-02 17:24:04,806 - root - INFO -  Captura: C:\xampp\htdocs\versiones\automatizaciones\AutoPWST\02AC\report\img  screen：20220902_17_24_04.png
2022-09-02 17:24:04,818 - root - ERROR - No se dió click en el botón Refrescar, validar que la acción anterior haya finalizado, que el xpath sea el correcto o que la página no presente lentitud
2022-09-02 17:24:07,820 - root - INFO -  Captura: C:\xampp\htdocs\versiones\automatizaciones\AutoPWST\02AC\report\img  screen：20220902_17_24_07.png
2022-09-02 17:24:15,415 - root - INFO -  Se abre el chrome
2022-09-02 17:24:16,295 - root - INFO -  Entra a la URL
2022-09-02 17:24:16,428 - root - INFO -  Maximiza la pantalla
2022-09-02 17:24:19,485 - root - INFO -  Cambia al frame
2022-09-02 17:24:22,569 - root - INFO -  Escribe el usuario
2022-09-02 17:24:22,670 - root - INFO -  Escribe la contraseña
2022-09-02 17:24:22,825 - root - INFO -  Se dio clic en el boton ingresar
2022-09-02 17:24:23,596 - root - INFO -  Ejecutar Enterprise
2022-09-02 17:24:23,598 - root - INFO -  Captura: C:\xampp\htdocs\versiones\automatizaciones\AutoPWST\02AC\report\img  screen：20220902_17_24_23.png
2022-09-02 17:24:27,850 - root - INFO -  Cambia entre pestañas
2022-09-02 17:24:38,816 - root - INFO -  Abre el menu completo
2022-09-02 17:24:47,498 - root - INFO -  Abre la pantalla de Autorizaciones de Credito
2022-09-02 17:24:47,595 - root - INFO -  La pantalla ejecutada es Autorizaciones de crédito.
2022-09-02 17:24:50,601 - root - INFO -  Captura: C:\xampp\htdocs\versiones\automatizaciones\AutoPWST\02AC\report\img  screen：20220902_17_24_50.png
2022-09-02 17:24:50,817 - root - INFO -  Se presiona el boton 'Nuevo', para crear un nuevo registro.
2022-09-02 17:24:55,909 - root - INFO -  Se abrio la pantalla para el ingreso de un registro nuevo.
2022-09-02 17:24:55,947 - root - INFO -  El campo 'Empresa' si se encuentra visible.
2022-09-02 17:24:55,984 - root - INFO -  El campo 'Moneda' si se encuentra visible.
2022-09-02 17:24:56,019 - root - INFO -  El campo 'Modo' si se encuentra visible.
2022-09-02 17:24:56,058 - root - INFO -  El campo 'Usuario' si se encuentra visible.
2022-09-02 17:24:56,098 - root - INFO -  El campo 'Cantidad' si se encuentra visible.
2022-09-02 17:24:56,136 - root - INFO -  El campo 'Contraseña' si se encuentra visible.
2022-09-02 17:25:05,601 - root - INFO -  Se dió doble click en el regitro de Empresa.
2022-09-02 17:25:16,080 - root - INFO -  Se dió doble click en el regitro de Moneda.
2022-09-02 17:25:26,548 - root - INFO -  Se dió click en la opción Limite personalizado (evento Documento_OnValidarAutorizacionCreditoGeneral).
2022-09-02 17:25:34,722 - root - ERROR - No se encontró el registro de Usuario, validar que la acción anterior haya finalizado, que el xpath sea el correcto o que la página no presente lentitud
2022-09-02 17:25:37,729 - root - INFO -  Captura: C:\xampp\htdocs\versiones\automatizaciones\AutoPWST\02AC\report\img  screen：20220902_17_25_37.png
2022-09-02 17:25:38,230 - root - ERROR - No se dió click en el botón Refrescar, validar que la acción anterior haya finalizado, que el xpath sea el correcto o que la página no presente lentitud
2022-09-02 17:25:41,247 - root - INFO -  Captura: C:\xampp\htdocs\versiones\automatizaciones\AutoPWST\02AC\report\img  screen：20220902_17_25_41.png
2022-09-02 17:25:41,262 - root - ERROR - No se dió click en el botón Refrescar, validar que la acción anterior haya finalizado, que el xpath sea el correcto o que la página no presente lentitud
2022-09-02 17:25:44,270 - root - INFO -  Captura: C:\xampp\htdocs\versiones\automatizaciones\AutoPWST\02AC\report\img  screen：20220902_17_25_44.png
2022-09-02 17:25:44,283 - root - ERROR - No se dió click en el botón Refrescar, validar que la acción anterior haya finalizado, que el xpath sea el correcto o que la página no presente lentitud
2022-09-02 17:25:47,295 - root - INFO -  Captura: C:\xampp\htdocs\versiones\automatizaciones\AutoPWST\02AC\report\img  screen：20220902_17_25_47.png
2022-09-02 17:28:46,503 - root - INFO -  Se abre el chrome
2022-09-02 17:28:47,340 - root - INFO -  Entra a la URL
2022-09-02 17:28:47,477 - root - INFO -  Maximiza la pantalla
2022-09-02 17:28:50,526 - root - INFO -  Cambia al frame
2022-09-02 17:28:53,613 - root - INFO -  Escribe el usuario
2022-09-02 17:28:53,728 - root - INFO -  Escribe la contraseña
2022-09-02 17:28:53,888 - root - INFO -  Se dio clic en el boton ingresar
2022-09-02 17:28:54,638 - root - INFO -  Ejecutar Enterprise
2022-09-02 17:28:54,639 - root - INFO -  Captura: C:\xampp\htdocs\versiones\automatizaciones\AutoPWST\02AC\report\img  screen：20220902_17_28_54.png
2022-09-02 17:28:58,904 - root - INFO -  Cambia entre pestañas
2022-09-02 17:31:33,120 - root - INFO -  Se abre el chrome
2022-09-02 17:31:34,053 - root - INFO -  Entra a la URL
2022-09-02 17:31:34,184 - root - INFO -  Maximiza la pantalla
2022-09-02 17:31:37,230 - root - INFO -  Cambia al frame
2022-09-02 17:31:40,313 - root - INFO -  Escribe el usuario
2022-09-02 17:31:40,416 - root - INFO -  Escribe la contraseña
2022-09-02 17:31:40,551 - root - INFO -  Se dio clic en el boton ingresar
2022-09-02 17:31:41,312 - root - INFO -  Ejecutar Enterprise
2022-09-02 17:31:41,313 - root - INFO -  Captura: C:\xampp\htdocs\versiones\automatizaciones\AutoPWST\02AC\report\img  screen：20220902_17_31_41.png
2022-09-02 17:31:45,576 - root - INFO -  Cambia entre pestañas
2022-09-02 17:31:55,068 - root - INFO -  Abre el menu completo
2022-09-02 17:32:03,722 - root - INFO -  Abre la pantalla de Autorizaciones de Credito
2022-09-02 17:32:03,823 - root - INFO -  La pantalla ejecutada es Autorizaciones de crédito.
2022-09-02 17:32:06,828 - root - INFO -  Captura: C:\xampp\htdocs\versiones\automatizaciones\AutoPWST\02AC\report\img  screen：20220902_17_32_06.png
2022-09-02 17:32:07,011 - root - INFO -  Se presiona el boton 'Nuevo', para crear un nuevo registro.
2022-09-02 17:32:12,116 - root - INFO -  Se abrio la pantalla para el ingreso de un registro nuevo.
2022-09-02 17:32:12,177 - root - INFO -  El campo 'Empresa' si se encuentra visible.
2022-09-02 17:32:12,222 - root - INFO -  El campo 'Moneda' si se encuentra visible.
2022-09-02 17:32:12,262 - root - INFO -  El campo 'Modo' si se encuentra visible.
2022-09-02 17:32:12,301 - root - INFO -  El campo 'Usuario' si se encuentra visible.
2022-09-02 17:32:12,341 - root - INFO -  El campo 'Cantidad' si se encuentra visible.
2022-09-02 17:32:12,379 - root - INFO -  El campo 'Contraseña' si se encuentra visible.
2022-09-02 17:32:21,845 - root - INFO -  Se dió doble click en el regitro de Empresa.
2022-09-02 17:32:32,407 - root - INFO -  Se dió doble click en el regitro de Moneda.
2022-09-02 17:32:42,924 - root - INFO -  Se dió click en la opción Limite personalizado (evento Documento_OnValidarAutorizacionCreditoGeneral).
2022-09-02 17:32:57,732 - root - INFO -  Se dió doble click en el regitro de Usuario.
2022-09-02 17:33:00,737 - root - INFO -  Captura: C:\xampp\htdocs\versiones\automatizaciones\AutoPWST\02AC\report\img  screen：20220902_17_33_00.png
2022-09-02 17:33:00,933 - root - ERROR - No se pudo encontrar el campo para ingresar la autorización, validar que la acción anterior haya finalizado, que el xpath sea el correcto o que la página no presente lentitud
2022-09-02 17:33:03,940 - root - INFO -  Captura: C:\xampp\htdocs\versiones\automatizaciones\AutoPWST\02AC\report\img  screen：20220902_17_33_03.png
2022-09-02 17:37:29,225 - root - INFO -  Se abre el chrome
2022-09-02 17:37:30,168 - root - INFO -  Entra a la URL
2022-09-02 17:37:30,299 - root - INFO -  Maximiza la pantalla
2022-09-02 17:37:33,371 - root - INFO -  Cambia al frame
2022-09-02 17:37:36,459 - root - INFO -  Escribe el usuario
2022-09-02 17:37:36,575 - root - INFO -  Escribe la contraseña
2022-09-02 17:37:36,735 - root - INFO -  Se dio clic en el boton ingresar
2022-09-02 17:37:37,506 - root - INFO -  Ejecutar Enterprise
2022-09-02 17:37:37,507 - root - INFO -  Captura: C:\xampp\htdocs\versiones\automatizaciones\AutoPWST\02AC\report\img  screen：20220902_17_37_37.png
2022-09-02 17:37:41,757 - root - INFO -  Cambia entre pestañas
2022-09-02 17:37:52,483 - root - INFO -  Abre el menu completo
2022-09-02 17:38:01,104 - root - INFO -  Abre la pantalla de Autorizaciones de Credito
2022-09-02 17:38:01,181 - root - INFO -  La pantalla ejecutada es Autorizaciones de crédito.
2022-09-02 17:38:04,184 - root - INFO -  Captura: C:\xampp\htdocs\versiones\automatizaciones\AutoPWST\02AC\report\img  screen：20220902_17_38_04.png
2022-09-02 17:38:04,371 - root - INFO -  Se presiona el boton 'Nuevo', para crear un nuevo registro.
2022-09-02 17:38:09,428 - root - INFO -  Se abrio la pantalla para el ingreso de un registro nuevo.
2022-09-02 17:38:09,471 - root - INFO -  El campo 'Empresa' si se encuentra visible.
2022-09-02 17:38:09,512 - root - INFO -  El campo 'Moneda' si se encuentra visible.
2022-09-02 17:38:09,552 - root - INFO -  El campo 'Modo' si se encuentra visible.
2022-09-02 17:38:09,594 - root - INFO -  El campo 'Usuario' si se encuentra visible.
2022-09-02 17:38:09,637 - root - INFO -  El campo 'Cantidad' si se encuentra visible.
2022-09-02 17:38:09,678 - root - INFO -  El campo 'Contraseña' si se encuentra visible.
2022-09-02 17:38:19,106 - root - INFO -  Se dió doble click en el regitro de Empresa.
2022-09-02 17:38:29,544 - root - INFO -  Se dió doble click en el regitro de Moneda.
2022-09-02 17:38:37,656 - root - ERROR - No se encontró la opción de Limite personalizado (evento Documento_OnValidarAutorizacionCreditoGeneral), validar que la acción anterior haya finalizado, que el xpath sea el correcto o que la página no presente lentitud
2022-09-02 17:38:40,668 - root - INFO -  Captura: C:\xampp\htdocs\versiones\automatizaciones\AutoPWST\02AC\report\img  screen：20220902_17_38_40.png
2022-09-02 17:38:59,467 - root - ERROR - No se dió click en el botón Refrescar, validar que la acción anterior haya finalizado, que el xpath sea el correcto o que la página no presente lentitud
2022-09-02 17:39:02,476 - root - INFO -  Captura: C:\xampp\htdocs\versiones\automatizaciones\AutoPWST\02AC\report\img  screen：20220902_17_39_02.png
2022-09-02 17:39:24,576 - root - INFO -  Se abre el chrome
2022-09-02 17:39:25,498 - root - INFO -  Entra a la URL
2022-09-02 17:39:25,632 - root - INFO -  Maximiza la pantalla
2022-09-02 17:39:28,682 - root - INFO -  Cambia al frame
2022-09-02 17:39:31,767 - root - INFO -  Escribe el usuario
2022-09-02 17:39:31,874 - root - INFO -  Escribe la contraseña
2022-09-02 17:39:32,013 - root - INFO -  Se dio clic en el boton ingresar
2022-09-02 17:39:32,780 - root - INFO -  Ejecutar Enterprise
2022-09-02 17:39:32,781 - root - INFO -  Captura: C:\xampp\htdocs\versiones\automatizaciones\AutoPWST\02AC\report\img  screen：20220902_17_39_32.png
2022-09-02 17:39:37,062 - root - INFO -  Cambia entre pestañas
2022-09-02 17:39:46,347 - root - INFO -  Abre el menu completo
2022-09-02 17:39:54,995 - root - INFO -  Abre la pantalla de Autorizaciones de Credito
2022-09-02 17:39:55,048 - root - INFO -  La pantalla ejecutada es Autorizaciones de crédito.
2022-09-02 17:39:58,054 - root - INFO -  Captura: C:\xampp\htdocs\versiones\automatizaciones\AutoPWST\02AC\report\img  screen：20220902_17_39_58.png
2022-09-02 17:39:58,261 - root - INFO -  Se presiona el boton 'Nuevo', para crear un nuevo registro.
2022-09-02 17:40:03,310 - root - INFO -  Se abrio la pantalla para el ingreso de un registro nuevo.
2022-09-02 17:40:03,350 - root - INFO -  El campo 'Empresa' si se encuentra visible.
2022-09-02 17:40:03,389 - root - INFO -  El campo 'Moneda' si se encuentra visible.
2022-09-02 17:40:03,428 - root - INFO -  El campo 'Modo' si se encuentra visible.
2022-09-02 17:40:03,469 - root - INFO -  El campo 'Usuario' si se encuentra visible.
2022-09-02 17:40:03,508 - root - INFO -  El campo 'Cantidad' si se encuentra visible.
2022-09-02 17:40:03,550 - root - INFO -  El campo 'Contraseña' si se encuentra visible.
2022-09-02 17:40:13,417 - root - INFO -  Se dió doble click en el regitro de Empresa.
2022-09-02 17:40:17,503 - root - ERROR - No se encontró el registro de Moneda, validar que la acción anterior haya finalizado, que el xpath sea el correcto o que la página no presente lentitud
2022-09-02 17:40:20,514 - root - INFO -  Captura: C:\xampp\htdocs\versiones\automatizaciones\AutoPWST\02AC\report\img  screen：20220902_17_40_20.png
2022-09-02 17:40:53,564 - root - INFO -  Se abre el chrome
2022-09-02 17:40:54,498 - root - INFO -  Entra a la URL
2022-09-02 17:40:54,626 - root - INFO -  Maximiza la pantalla
2022-09-02 17:41:19,780 - root - INFO -  Se abre el chrome
2022-09-02 17:41:20,905 - root - INFO -  Entra a la URL
2022-09-02 17:41:21,045 - root - INFO -  Maximiza la pantalla
2022-09-02 17:41:24,105 - root - INFO -  Cambia al frame
2022-09-02 17:41:27,189 - root - INFO -  Escribe el usuario
2022-09-02 17:41:27,300 - root - INFO -  Escribe la contraseña
2022-09-02 17:41:27,443 - root - INFO -  Se dio clic en el boton ingresar
2022-09-02 17:41:28,228 - root - INFO -  Ejecutar Enterprise
2022-09-02 17:41:28,228 - root - INFO -  Captura: C:\xampp\htdocs\versiones\automatizaciones\AutoPWST\02AC\report\img  screen：20220902_17_41_28.png
2022-09-02 17:41:32,443 - root - INFO -  Cambia entre pestañas
2022-09-02 17:41:42,351 - root - INFO -  Abre el menu completo
2022-09-02 17:41:50,991 - root - INFO -  Abre la pantalla de Autorizaciones de Credito
2022-09-02 17:41:51,047 - root - INFO -  La pantalla ejecutada es Autorizaciones de crédito.
2022-09-02 17:41:54,058 - root - INFO -  Captura: C:\xampp\htdocs\versiones\automatizaciones\AutoPWST\02AC\report\img  screen：20220902_17_41_54.png
2022-09-02 17:41:54,238 - root - INFO -  Se presiona el boton 'Nuevo', para crear un nuevo registro.
2022-09-02 17:41:59,298 - root - INFO -  Se abrio la pantalla para el ingreso de un registro nuevo.
2022-09-02 17:41:59,336 - root - INFO -  El campo 'Empresa' si se encuentra visible.
2022-09-02 17:41:59,375 - root - INFO -  El campo 'Moneda' si se encuentra visible.
2022-09-02 17:41:59,417 - root - INFO -  El campo 'Modo' si se encuentra visible.
2022-09-02 17:41:59,457 - root - INFO -  El campo 'Usuario' si se encuentra visible.
2022-09-02 17:41:59,498 - root - INFO -  El campo 'Cantidad' si se encuentra visible.
2022-09-02 17:41:59,538 - root - INFO -  El campo 'Contraseña' si se encuentra visible.
2022-09-02 17:42:08,984 - root - INFO -  Se dió doble click en el regitro de Empresa.
2022-09-02 17:42:19,399 - root - INFO -  Se dió doble click en el regitro de Moneda.
2022-09-02 17:42:29,853 - root - INFO -  Se dió click en la opción Limite personalizado (evento Documento_OnValidarAutorizacionCreditoGeneral).
2022-09-02 17:42:44,587 - root - INFO -  Se dió doble click en el regitro de Usuario.
2022-09-02 17:42:47,596 - root - INFO -  Captura: C:\xampp\htdocs\versiones\automatizaciones\AutoPWST\02AC\report\img  screen：20220902_17_42_47.png
2022-09-02 17:42:47,811 - root - INFO -  Ingresa de autorización del nuevo registro 
2022-09-02 17:42:50,950 - root - INFO -  Ingresa la contraseña del nuevo registro 
2022-09-02 17:43:41,026 - root - INFO -  Se abre el chrome
2022-09-02 17:43:42,087 - root - INFO -  Entra a la URL
2022-09-02 17:43:42,282 - root - INFO -  Maximiza la pantalla
2022-09-02 17:43:45,337 - root - INFO -  Cambia al frame
2022-09-02 17:43:48,432 - root - INFO -  Escribe el usuario
2022-09-02 17:43:48,540 - root - INFO -  Escribe la contraseña
2022-09-02 17:43:48,687 - root - INFO -  Se dio clic en el boton ingresar
2022-09-02 17:43:49,455 - root - INFO -  Ejecutar Enterprise
2022-09-02 17:43:49,456 - root - INFO -  Captura: C:\xampp\htdocs\versiones\automatizaciones\AutoPWST\02AC\report\img  screen：20220902_17_43_49.png
2022-09-02 17:43:53,709 - root - INFO -  Cambia entre pestañas
2022-09-02 17:43:58,873 - root - INFO -  Abre el menu completo
2022-09-02 17:44:07,514 - root - INFO -  Abre la pantalla de Autorizaciones de Credito
2022-09-02 17:44:18,018 - root - ERROR - La pantalla ejecutada no es correcta, validar que la acción anterior haya finalizado, que el xpath sea el correcto o que la página no presente lentitud
2022-09-02 17:44:21,022 - root - INFO -  Captura: C:\xampp\htdocs\versiones\automatizaciones\AutoPWST\02AC\report\img  screen：20220902_17_44_21.png
2022-09-02 17:44:53,315 - root - INFO -  Se abre el chrome
2022-09-02 17:44:54,270 - root - INFO -  Entra a la URL
2022-09-02 17:44:54,422 - root - INFO -  Maximiza la pantalla
2022-09-02 17:44:57,480 - root - INFO -  Cambia al frame
2022-09-02 17:45:00,584 - root - INFO -  Escribe el usuario
2022-09-02 17:45:00,699 - root - INFO -  Escribe la contraseña
2022-09-02 17:45:00,852 - root - INFO -  Se dio clic en el boton ingresar
2022-09-02 17:45:01,613 - root - INFO -  Ejecutar Enterprise
2022-09-02 17:45:01,613 - root - INFO -  Captura: C:\xampp\htdocs\versiones\automatizaciones\AutoPWST\02AC\report\img  screen：20220902_17_45_01.png
2022-09-02 17:45:05,877 - root - INFO -  Cambia entre pestañas
2022-09-02 17:45:18,692 - root - INFO -  Abre el menu completo
2022-09-02 17:45:27,342 - root - INFO -  Abre la pantalla de Autorizaciones de Credito
2022-09-02 17:45:27,408 - root - INFO -  La pantalla ejecutada es Autorizaciones de crédito.
2022-09-02 17:45:30,417 - root - INFO -  Captura: C:\xampp\htdocs\versiones\automatizaciones\AutoPWST\02AC\report\img  screen：20220902_17_45_30.png
2022-09-02 17:45:30,607 - root - INFO -  Se presiona el boton 'Nuevo', para crear un nuevo registro.
2022-09-02 17:45:35,668 - root - INFO -  Se abrio la pantalla para el ingreso de un registro nuevo.
2022-09-02 17:45:35,708 - root - INFO -  El campo 'Empresa' si se encuentra visible.
2022-09-02 17:45:35,748 - root - INFO -  El campo 'Moneda' si se encuentra visible.
2022-09-02 17:45:35,789 - root - INFO -  El campo 'Modo' si se encuentra visible.
2022-09-02 17:45:35,828 - root - INFO -  El campo 'Usuario' si se encuentra visible.
2022-09-02 17:45:35,870 - root - INFO -  El campo 'Cantidad' si se encuentra visible.
2022-09-02 17:45:35,909 - root - INFO -  El campo 'Contraseña' si se encuentra visible.
2022-09-02 17:45:35,909 - root - ERROR - No se encontró el registro de Empresa, validar que la acción anterior haya finalizado, que el xpath sea el correcto o que la página no presente lentitud
2022-09-02 17:45:38,926 - root - INFO -  Captura: C:\xampp\htdocs\versiones\automatizaciones\AutoPWST\02AC\report\img  screen：20220902_17_45_38.png
2022-09-02 17:45:39,382 - root - ERROR - No se dió click en el botón Refrescar, validar que la acción anterior haya finalizado, que el xpath sea el correcto o que la página no presente lentitud
2022-09-02 17:45:42,393 - root - INFO -  Captura: C:\xampp\htdocs\versiones\automatizaciones\AutoPWST\02AC\report\img  screen：20220902_17_45_42.png
2022-09-02 17:45:42,420 - root - ERROR - No se dió click en el botón Refrescar, validar que la acción anterior haya finalizado, que el xpath sea el correcto o que la página no presente lentitud
2022-09-02 17:45:45,431 - root - INFO -  Captura: C:\xampp\htdocs\versiones\automatizaciones\AutoPWST\02AC\report\img  screen：20220902_17_45_45.png
2022-09-02 17:45:45,447 - root - ERROR - No se dió click en el botón Refrescar, validar que la acción anterior haya finalizado, que el xpath sea el correcto o que la página no presente lentitud
2022-09-02 17:45:48,458 - root - INFO -  Captura: C:\xampp\htdocs\versiones\automatizaciones\AutoPWST\02AC\report\img  screen：20220902_17_45_48.png
2022-09-02 17:54:13,347 - root - INFO -  Se abre el chrome
2022-09-02 17:54:14,180 - root - INFO -  Entra a la URL
2022-09-02 17:54:14,316 - root - INFO -  Maximiza la pantalla
2022-09-02 17:54:17,373 - root - INFO -  Cambia al frame
2022-09-02 17:54:20,453 - root - INFO -  Escribe el usuario
2022-09-02 17:54:20,564 - root - INFO -  Escribe la contraseña
2022-09-02 17:54:20,706 - root - INFO -  Se dio clic en el boton ingresar
2022-09-02 17:54:21,469 - root - INFO -  Ejecutar Enterprise
2022-09-02 17:54:21,470 - root - INFO -  Captura: C:\xampp\htdocs\versiones\automatizaciones\AutoPWST\02AC\report\img  screen：20220902_17_54_21.png
2022-09-02 17:54:25,703 - root - INFO -  Cambia entre pestañas
2022-09-02 17:54:39,972 - root - INFO -  Abre el menu completo
2022-09-02 17:54:48,588 - root - INFO -  Abre la pantalla de Autorizaciones de Credito
2022-09-02 17:54:48,628 - root - INFO -  La pantalla ejecutada es Autorizaciones de crédito.
2022-09-02 17:54:51,636 - root - INFO -  Captura: C:\xampp\htdocs\versiones\automatizaciones\AutoPWST\02AC\report\img  screen：20220902_17_54_51.png
2022-09-02 17:54:51,806 - root - INFO -  Se presiona el boton 'Nuevo', para crear un nuevo registro.
2022-09-02 17:54:56,873 - root - ERROR - La pantalla ejecutada no es correcta, validar que la acción anterior haya finalizado, que el nombre de la pantalla sea el correcto o que la página no presente lentitud
2022-09-02 17:54:59,889 - root - INFO -  Captura: C:\xampp\htdocs\versiones\automatizaciones\AutoPWST\02AC\report\img  screen：20220902_17_54_59.png
2022-09-02 17:55:00,374 - root - ERROR - No se dió click en el botón Refrescar, validar que la acción anterior haya finalizado, que el xpath sea el correcto o que la página no presente lentitud
2022-09-02 17:55:03,377 - root - INFO -  Captura: C:\xampp\htdocs\versiones\automatizaciones\AutoPWST\02AC\report\img  screen：20220902_17_55_03.png
2022-09-02 17:55:03,389 - root - ERROR - No se dió click en el botón Refrescar, validar que la acción anterior haya finalizado, que el xpath sea el correcto o que la página no presente lentitud
2022-09-02 17:55:06,391 - root - INFO -  Captura: C:\xampp\htdocs\versiones\automatizaciones\AutoPWST\02AC\report\img  screen：20220902_17_55_06.png
2022-09-02 17:55:06,397 - root - ERROR - No se dió click en el botón Refrescar, validar que la acción anterior haya finalizado, que el xpath sea el correcto o que la página no presente lentitud
2022-09-02 17:55:09,413 - root - INFO -  Captura: C:\xampp\htdocs\versiones\automatizaciones\AutoPWST\02AC\report\img  screen：20220902_17_55_09.png
2022-09-02 17:55:48,557 - root - INFO -  Se abre el chrome
2022-09-02 17:55:49,645 - root - INFO -  Entra a la URL
2022-09-02 17:55:49,781 - root - INFO -  Maximiza la pantalla
2022-09-02 17:55:52,842 - root - INFO -  Cambia al frame
2022-09-02 17:55:55,933 - root - INFO -  Escribe el usuario
2022-09-02 17:55:56,040 - root - INFO -  Escribe la contraseña
2022-09-02 17:55:56,188 - root - INFO -  Se dio clic en el boton ingresar
2022-09-02 17:55:56,950 - root - INFO -  Ejecutar Enterprise
2022-09-02 17:55:56,951 - root - INFO -  Captura: C:\xampp\htdocs\versiones\automatizaciones\AutoPWST\02AC\report\img  screen：20220902_17_55_56.png
2022-09-02 17:56:01,195 - root - INFO -  Cambia entre pestañas
2022-09-02 17:56:12,097 - root - INFO -  Abre el menu completo
2022-09-02 17:56:20,724 - root - INFO -  Abre la pantalla de Autorizaciones de Credito
2022-09-02 17:56:20,786 - root - INFO -  La pantalla ejecutada es Autorizaciones de crédito.
2022-09-02 17:56:23,795 - root - INFO -  Captura: C:\xampp\htdocs\versiones\automatizaciones\AutoPWST\02AC\report\img  screen：20220902_17_56_23.png
2022-09-02 17:56:23,975 - root - INFO -  Se presiona el boton 'Nuevo', para crear un nuevo registro.
2022-09-02 17:56:29,049 - root - ERROR - La pantalla ejecutada no es correcta, validar que la acción anterior haya finalizado, que el nombre de la pantalla sea el correcto o que la página no presente lentitud
2022-09-02 17:56:32,053 - root - INFO -  Captura: C:\xampp\htdocs\versiones\automatizaciones\AutoPWST\02AC\report\img  screen：20220902_17_56_32.png
2022-09-02 17:56:50,866 - root - ERROR - No se dió click en el botón Refrescar, validar que la acción anterior haya finalizado, que el xpath sea el correcto o que la página no presente lentitud
2022-09-02 17:56:53,880 - root - INFO -  Captura: C:\xampp\htdocs\versiones\automatizaciones\AutoPWST\02AC\report\img  screen：20220902_17_56_53.png
2022-09-02 17:57:21,522 - root - INFO -  Se abre el chrome
2022-09-02 17:57:22,471 - root - INFO -  Entra a la URL
2022-09-02 17:57:22,605 - root - INFO -  Maximiza la pantalla
2022-09-02 17:57:25,662 - root - INFO -  Cambia al frame
2022-09-02 17:57:28,758 - root - INFO -  Escribe el usuario
2022-09-02 17:57:28,869 - root - INFO -  Escribe la contraseña
2022-09-02 17:57:29,013 - root - INFO -  Se dio clic en el boton ingresar
2022-09-02 17:57:29,798 - root - INFO -  Ejecutar Enterprise
2022-09-02 17:57:29,799 - root - INFO -  Captura: C:\xampp\htdocs\versiones\automatizaciones\AutoPWST\02AC\report\img  screen：20220902_17_57_29.png
2022-09-02 17:57:34,024 - root - INFO -  Cambia entre pestañas
2022-09-02 17:57:43,213 - root - INFO -  Abre el menu completo
2022-09-02 17:57:51,839 - root - INFO -  Abre la pantalla de Autorizaciones de Credito
2022-09-02 17:57:51,892 - root - INFO -  La pantalla ejecutada es Autorizaciones de crédito.
2022-09-02 17:57:54,902 - root - INFO -  Captura: C:\xampp\htdocs\versiones\automatizaciones\AutoPWST\02AC\report\img  screen：20220902_17_57_54.png
2022-09-02 17:57:55,086 - root - INFO -  Se presiona el boton 'Nuevo', para crear un nuevo registro.
2022-09-02 17:58:00,151 - root - ERROR - La pantalla ejecutada no es correcta, validar que la acción anterior haya finalizado, que el nombre de la pantalla sea el correcto o que la página no presente lentitud
2022-09-02 17:58:03,165 - root - INFO -  Captura: C:\xampp\htdocs\versiones\automatizaciones\AutoPWST\02AC\report\img  screen：20220902_17_58_03.png
2022-09-02 17:58:03,623 - root - ERROR - No se dió click en el botón Refrescar, validar que la acción anterior haya finalizado, que el xpath sea el correcto o que la página no presente lentitud
2022-09-02 17:58:06,627 - root - INFO -  Captura: C:\xampp\htdocs\versiones\automatizaciones\AutoPWST\02AC\report\img  screen：20220902_17_58_06.png
2022-09-02 17:58:06,634 - root - ERROR - No se dió click en el botón Refrescar, validar que la acción anterior haya finalizado, que el xpath sea el correcto o que la página no presente lentitud
2022-09-02 17:58:09,639 - root - INFO -  Captura: C:\xampp\htdocs\versiones\automatizaciones\AutoPWST\02AC\report\img  screen：20220902_17_58_09.png
2022-09-02 17:58:09,647 - root - ERROR - No se dió click en el botón Refrescar, validar que la acción anterior haya finalizado, que el xpath sea el correcto o que la página no presente lentitud
2022-09-02 17:58:12,649 - root - INFO -  Captura: C:\xampp\htdocs\versiones\automatizaciones\AutoPWST\02AC\report\img  screen：20220902_17_58_12.png
