2022-09-12 18:03:07,856 - root - INFO -  Se abre el chrome
2022-09-12 18:03:09,118 - root - INFO -  Entra a la URL
2022-09-12 18:03:09,251 - root - INFO -  Maximiza la pantalla
2022-09-12 18:03:12,304 - root - INFO -  Cambia al frame
2022-09-12 18:03:15,394 - root - INFO -  Escribe el usuario
2022-09-12 18:03:15,501 - root - INFO -  Escribe la contraseña
2022-09-12 18:03:15,649 - root - INFO -  Se dio clic en el boton ingresar
2022-09-12 18:03:16,494 - root - INFO -  Ejecutar Enterprise
2022-09-12 18:03:20,546 - root - INFO -  Cambia entre pestañas
2022-09-12 18:03:31,707 - root - INFO -  Se abre el chrome
2022-09-12 18:03:33,156 - root - INFO -  Entra a la URL
2022-09-12 18:03:33,287 - root - INFO -  Maximiza la pantalla
2022-09-12 18:03:36,345 - root - INFO -  Cambia al frame
2022-09-12 18:03:39,427 - root - INFO -  Escribe el usuario
2022-09-12 18:03:39,550 - root - INFO -  Escribe la contraseña
2022-09-12 18:03:39,702 - root - INFO -  Se dio clic en el boton ingresar
2022-09-12 18:03:40,510 - root - INFO -  Ejecutar Enterprise
2022-09-12 18:03:44,559 - root - INFO -  Cambia entre pestañas
2022-09-12 18:04:09,697 - root - INFO -  Se abre el chrome
2022-09-12 18:04:32,110 - root - INFO -  Entra a la URL
2022-09-12 18:04:32,245 - root - INFO -  Maximiza la pantalla
2022-09-12 18:04:35,339 - root - INFO -  Cambia al frame
2022-09-12 18:04:38,448 - root - INFO -  Escribe el usuario
2022-09-12 18:04:38,552 - root - INFO -  Escribe la contraseña
2022-09-12 18:04:38,687 - root - INFO -  Se dio clic en el boton ingresar
2022-09-12 18:04:39,998 - root - INFO -  Ejecutar Enterprise
2022-09-12 18:04:44,047 - root - INFO -  Cambia entre pestañas
2022-09-12 18:04:51,825 - root - INFO -  Abre el menu completo
2022-09-12 18:05:00,461 - root - INFO -  Abre la pantalla de Autorizaciones de Credito
2022-09-12 18:05:00,524 - root - INFO -  La pantalla ejecutada es Autorizaciones de crédito.
2022-09-12 18:05:03,538 - root - INFO -  Captura: C:\xampp\htdocs\versiones\automatizaciones\AutoPWST\02AC\report\img  screen：20220912_18_05_03.png
2022-09-12 18:05:03,725 - root - INFO -  Se presiona el boton 'Nuevo', para crear un nuevo registro.
2022-09-12 18:08:27,863 - root - INFO -  Se abre el chrome
2022-09-12 18:08:29,357 - root - INFO -  Entra a la URL
2022-09-12 18:08:29,495 - root - INFO -  Maximiza la pantalla
2022-09-12 18:08:32,544 - root - INFO -  Cambia al frame
2022-09-12 18:08:35,631 - root - INFO -  Escribe el usuario
2022-09-12 18:08:35,742 - root - INFO -  Escribe la contraseña
2022-09-12 18:08:35,888 - root - INFO -  Se dio clic en el boton ingresar
2022-09-12 18:08:36,688 - root - INFO -  Ejecutar Enterprise
2022-09-12 18:08:40,753 - root - INFO -  Cambia entre pestañas
2022-09-12 18:08:49,388 - root - INFO -  Abre la pantalla de Autorizaciones de Credito
2022-09-12 18:08:49,466 - root - INFO -  La pantalla ejecutada es Autorizaciones de crédito.
2022-09-12 18:08:52,480 - root - INFO -  Captura: C:\xampp\htdocs\versiones\automatizaciones\AutoPWST\02AC\report\img  screen：20220912_18_08_52.png
2022-09-12 18:08:52,684 - root - INFO -  Se presiona el boton 'Nuevo', para crear un nuevo registro.
2022-09-12 18:09:03,022 - root - INFO -  Se abre el chrome
2022-09-12 18:09:04,471 - root - INFO -  Entra a la URL
2022-09-12 18:09:04,603 - root - INFO -  Maximiza la pantalla
2022-09-12 18:09:07,657 - root - INFO -  Cambia al frame
2022-09-12 18:09:10,747 - root - INFO -  Escribe el usuario
2022-09-12 18:09:10,857 - root - INFO -  Escribe la contraseña
2022-09-12 18:09:11,009 - root - INFO -  Se dio clic en el boton ingresar
2022-09-12 18:09:11,816 - root - INFO -  Ejecutar Enterprise
2022-09-12 18:09:15,872 - root - INFO -  Cambia entre pestañas
2022-09-12 18:09:24,523 - root - INFO -  Abre la pantalla de Autorizaciones de Credito
2022-09-12 18:09:24,568 - root - INFO -  La pantalla ejecutada es Autorizaciones de crédito.
2022-09-12 18:09:27,578 - root - INFO -  Captura: C:\xampp\htdocs\versiones\automatizaciones\AutoPWST\02AC\report\img  screen：20220912_18_09_27.png
2022-09-12 18:09:27,788 - root - INFO -  Se presiona el boton 'Nuevo', para crear un nuevo registro.
2022-09-12 18:09:32,879 - root - INFO -  Se abrio la pantalla para el ingreso de un registro nuevo.
2022-09-12 18:09:32,946 - root - INFO -  El campo 'Empresa' si se encuentra visible.
2022-09-12 18:09:32,987 - root - INFO -  El campo 'Moneda' si se encuentra visible.
2022-09-12 18:09:33,029 - root - INFO -  El campo 'Modo' si se encuentra visible.
2022-09-12 18:09:33,070 - root - INFO -  El campo 'Usuario' si se encuentra visible.
2022-09-12 18:09:33,109 - root - INFO -  El campo 'Cantidad' si se encuentra visible.
2022-09-12 18:09:33,149 - root - INFO -  El campo 'Contraseña' si se encuentra visible.
2022-09-12 18:09:58,496 - root - INFO -  Se abre el chrome
2022-09-12 18:09:59,889 - root - INFO -  Entra a la URL
2022-09-12 18:10:00,065 - root - INFO -  Maximiza la pantalla
2022-09-12 18:10:03,120 - root - INFO -  Cambia al frame
2022-09-12 18:10:06,203 - root - INFO -  Escribe el usuario
2022-09-12 18:10:06,311 - root - INFO -  Escribe la contraseña
2022-09-12 18:10:06,463 - root - INFO -  Se dio clic en el boton ingresar
2022-09-12 18:10:07,283 - root - INFO -  Ejecutar Enterprise
2022-09-12 18:10:11,362 - root - INFO -  Cambia entre pestañas
2022-09-12 18:10:46,860 - root - ERROR - La pantalla ejecutada no es correcta, validar que la acción anterior haya finalizado, que el nombre de la pantalla sea el correcto o que la página no presente lentitud
2022-09-12 18:10:49,865 - root - INFO -  Captura: C:\xampp\htdocs\versiones\automatizaciones\AutoPWST\02AC\report\img  screen：20220912_18_10_49.png
2022-09-12 18:10:50,335 - root - ERROR - No se dió click en el botón Refrescar, validar que la acción anterior haya finalizado, que el xpath sea el correcto o que la página no presente lentitud
2022-09-12 18:10:53,347 - root - INFO -  Captura: C:\xampp\htdocs\versiones\automatizaciones\AutoPWST\02AC\report\img  screen：20220912_18_10_53.png
2022-09-12 18:10:53,354 - root - ERROR - No se dió click en el botón Refrescar, validar que la acción anterior haya finalizado, que el xpath sea el correcto o que la página no presente lentitud
2022-09-12 18:11:20,049 - root - INFO -  Se abre el chrome
2022-09-12 18:12:19,383 - root - ERROR - No se pudo encontrar el campo para ingresar el usuario, revise si el xpath sigue siendo el mismo, para mas detalles del error consulte el reporte
2022-09-12 18:12:19,383 - root - INFO -  Captura: C:\xampp\htdocs\versiones\automatizaciones\AutoPWST\02AC\report\img  screen：20220912_18_12_19.png
2022-09-12 18:12:27,849 - root - INFO -  Se abre el chrome
2022-09-12 18:12:29,691 - root - INFO -  Entra a la URL
2022-09-12 18:12:29,823 - root - INFO -  Maximiza la pantalla
2022-09-12 18:12:32,876 - root - INFO -  Cambia al frame
2022-09-12 18:12:35,971 - root - INFO -  Escribe el usuario
2022-09-12 18:12:36,087 - root - INFO -  Escribe la contraseña
2022-09-12 18:12:36,250 - root - INFO -  Se dio clic en el boton ingresar
2022-09-12 18:12:37,571 - root - INFO -  Ejecutar Enterprise
2022-09-12 18:12:41,647 - root - INFO -  Cambia entre pestañas
2022-09-12 18:13:04,429 - root - INFO -  Abre la pantalla de Autorizaciones de Credito
2022-09-12 18:13:04,472 - root - INFO -  La pantalla ejecutada es Autorizaciones de crédito.
2022-09-12 18:13:07,486 - root - INFO -  Captura: C:\xampp\htdocs\versiones\automatizaciones\AutoPWST\02AC\report\img  screen：20220912_18_13_07.png
2022-09-12 18:13:26,852 - root - INFO -  Se abre el chrome
2022-09-12 18:13:49,165 - root - INFO -  Entra a la URL
2022-09-12 18:13:49,292 - root - INFO -  Maximiza la pantalla
2022-09-12 18:13:52,355 - root - INFO -  Cambia al frame
2022-09-12 18:13:55,449 - root - INFO -  Escribe el usuario
2022-09-12 18:13:55,549 - root - INFO -  Escribe la contraseña
2022-09-12 18:13:55,685 - root - INFO -  Se dio clic en el boton ingresar
2022-09-12 18:13:56,482 - root - INFO -  Ejecutar Enterprise
2022-09-12 18:14:00,553 - root - INFO -  Cambia entre pestañas
2022-09-12 18:14:16,538 - root - INFO -  Abre la pantalla de Autorizaciones de Credito
2022-09-12 18:14:34,230 - root - INFO -  Se abre el chrome
2022-09-12 18:14:56,543 - root - INFO -  Entra a la URL
2022-09-12 18:14:56,679 - root - INFO -  Maximiza la pantalla
2022-09-12 18:14:59,745 - root - INFO -  Cambia al frame
2022-09-12 18:15:02,845 - root - INFO -  Escribe el usuario
2022-09-12 18:15:02,942 - root - INFO -  Escribe la contraseña
2022-09-12 18:15:03,074 - root - INFO -  Se dio clic en el boton ingresar
2022-09-12 18:15:03,887 - root - INFO -  Ejecutar Enterprise
2022-09-12 18:15:07,953 - root - INFO -  Cambia entre pestañas
2022-09-12 18:15:23,969 - root - INFO -  Abre la pantalla de Autorizaciones de Credito
2022-09-12 18:15:24,022 - root - INFO -  La pantalla ejecutada es Autorizaciones de crédito.
