2022-08-24 18:29:17,337 - root - INFO -  Se abre el chrome
2022-08-24 18:29:18,745 - root - INFO -  Entra a la URL
2022-08-24 18:29:18,889 - root - INFO -  Maximiza la pantalla
2022-08-24 18:29:21,944 - root - INFO -  Cambia al frame
2022-08-24 18:29:25,034 - root - INFO -  Escribe el usuario
2022-08-24 18:29:25,137 - root - INFO -  Escribe la contraseña
2022-08-24 18:29:25,273 - root - INFO -  Se dio clic en el boton ingresar
2022-08-24 18:29:26,623 - root - INFO -  Ejecutar Enterprise
2022-08-24 18:29:26,624 - root - INFO -  Captura: C:\xampp\htdocs\versiones\automatizaciones\AutoPWST\02AC\report\img  screen：20220824_18_29_26.png
2022-08-24 18:29:30,820 - root - INFO -  Cambia entre pestañas
2022-08-24 18:29:35,913 - root - INFO -  Abre el menu completo
2022-08-24 18:29:44,500 - root - INFO -  Abre la pantalla de Autorizaciones de Credito
2022-08-24 18:29:44,588 - root - INFO -  La pantalla ejecutada es Autorizaciones de crédito.
2022-08-24 18:29:47,590 - root - INFO -  Captura: C:\xampp\htdocs\versiones\automatizaciones\AutoPWST\02AC\report\img  screen：20220824_18_29_47.png
2022-08-24 18:29:47,809 - root - INFO -  Se presiona el boton 'Nuevo', para crear un nuevo registro.
2022-08-24 18:29:52,895 - root - INFO -  Se abrio la pantalla para el ingreso de un registro nuevo.
2022-08-24 18:29:52,940 - root - INFO -  El campo 'Empresa' si se encuentra visible.
2022-08-24 18:29:52,978 - root - INFO -  El campo 'Moneda' si se encuentra visible.
2022-08-24 18:29:53,016 - root - INFO -  El campo 'Modo' si se encuentra visible.
2022-08-24 18:29:53,057 - root - INFO -  El campo 'Usuario' si se encuentra visible.
2022-08-24 18:29:53,097 - root - INFO -  El campo 'Cantidad' si se encuentra visible.
2022-08-24 18:29:53,138 - root - INFO -  El campo 'Contraseña' si se encuentra visible.
2022-08-24 18:30:36,729 - root - INFO -  Se abre el chrome
2022-08-24 18:30:38,375 - root - INFO -  Entra a la URL
2022-08-24 18:30:38,513 - root - INFO -  Maximiza la pantalla
2022-08-24 18:30:41,566 - root - INFO -  Cambia al frame
2022-08-24 18:30:44,650 - root - INFO -  Escribe el usuario
2022-08-24 18:30:44,748 - root - INFO -  Escribe la contraseña
2022-08-24 18:30:44,890 - root - INFO -  Se dio clic en el boton ingresar
2022-08-24 18:30:46,236 - root - INFO -  Ejecutar Enterprise
2022-08-24 18:30:46,237 - root - INFO -  Captura: C:\xampp\htdocs\versiones\automatizaciones\AutoPWST\02AC\report\img  screen：20220824_18_30_46.png
2022-08-24 18:30:50,472 - root - INFO -  Cambia entre pestañas
2022-08-24 18:30:55,568 - root - INFO -  Abre el menu completo
2022-08-24 18:31:04,167 - root - INFO -  Abre la pantalla de Autorizaciones de Credito
2022-08-24 18:31:04,234 - root - INFO -  La pantalla ejecutada es Autorizaciones de crédito.
2022-08-24 18:31:07,240 - root - INFO -  Captura: C:\xampp\htdocs\versiones\automatizaciones\AutoPWST\02AC\report\img  screen：20220824_18_31_07.png
2022-08-24 18:31:07,454 - root - INFO -  Se presiona el boton 'Nuevo', para crear un nuevo registro.
2022-08-24 18:31:12,528 - root - INFO -  Se abrio la pantalla para el ingreso de un registro nuevo.
2022-08-24 18:31:12,567 - root - INFO -  El campo 'Empresa' si se encuentra visible.
2022-08-24 18:31:12,607 - root - INFO -  El campo 'Moneda' si se encuentra visible.
2022-08-24 18:31:12,660 - root - INFO -  El campo 'Modo' si se encuentra visible.
2022-08-24 18:31:12,697 - root - INFO -  El campo 'Usuario' si se encuentra visible.
2022-08-24 18:31:12,739 - root - INFO -  El campo 'Cantidad' si se encuentra visible.
2022-08-24 18:31:12,778 - root - INFO -  El campo 'Contraseña' si se encuentra visible.
2022-08-24 18:31:51,275 - root - ERROR - No se encontró el registro de Usuario, revise si el xpath sigue siendo el mismo, para mas detalles del error consulte el reporte
2022-08-24 18:31:54,285 - root - INFO -  Captura: C:\xampp\htdocs\versiones\automatizaciones\AutoPWST\02AC\report\img  screen：20220824_18_31_54.png
2022-08-24 18:31:54,758 - root - ERROR - No se encontró el botón Refrescar, revise si el xpath sigue siendo el mismo, para mas detalles del error consulte el reporte
2022-08-24 18:31:57,769 - root - INFO -  Captura: C:\xampp\htdocs\versiones\automatizaciones\AutoPWST\02AC\report\img  screen：20220824_18_31_57.png
2022-08-24 18:31:57,843 - root - ERROR - No se encontró el botón Refrescar, revise si el xpath sigue siendo el mismo, para mas detalles del error consulte el reporte
2022-08-24 18:32:00,847 - root - INFO -  Captura: C:\xampp\htdocs\versiones\automatizaciones\AutoPWST\02AC\report\img  screen：20220824_18_32_00.png
2022-08-24 18:32:00,889 - root - ERROR - No se encontró el botón Refrescar, revise si el xpath sigue siendo el mismo, para mas detalles del error consulte el reporte
2022-08-24 18:32:03,894 - root - INFO -  Captura: C:\xampp\htdocs\versiones\automatizaciones\AutoPWST\02AC\report\img  screen：20220824_18_32_03.png
2022-08-24 18:35:36,702 - root - INFO -  Se abre el chrome
2022-08-24 18:35:37,952 - root - INFO -  Entra a la URL
2022-08-24 18:35:38,078 - root - INFO -  Maximiza la pantalla
2022-08-24 18:35:41,135 - root - INFO -  Cambia al frame
2022-08-24 18:35:44,216 - root - INFO -  Escribe el usuario
2022-08-24 18:35:44,322 - root - INFO -  Escribe la contraseña
2022-08-24 18:35:44,469 - root - INFO -  Se dio clic en el boton ingresar
2022-08-24 18:35:45,863 - root - INFO -  Ejecutar Enterprise
2022-08-24 18:35:45,864 - root - INFO -  Captura: C:\xampp\htdocs\versiones\automatizaciones\AutoPWST\02AC\report\img  screen：20220824_18_35_45.png
2022-08-24 18:35:50,083 - root - INFO -  Cambia entre pestañas
2022-08-24 18:35:55,213 - root - INFO -  Abre el menu completo
2022-08-24 18:36:03,801 - root - INFO -  Abre la pantalla de Autorizaciones de Credito
2022-08-24 18:36:03,861 - root - INFO -  La pantalla ejecutada es Autorizaciones de crédito.
2022-08-24 18:36:06,873 - root - INFO -  Captura: C:\xampp\htdocs\versiones\automatizaciones\AutoPWST\02AC\report\img  screen：20220824_18_36_06.png
2022-08-24 18:36:07,062 - root - INFO -  Se presiona el boton 'Nuevo', para crear un nuevo registro.
2022-08-24 18:36:12,158 - root - INFO -  Se abrio la pantalla para el ingreso de un registro nuevo.
2022-08-24 18:36:12,201 - root - INFO -  El campo 'Empresa' si se encuentra visible.
2022-08-24 18:36:12,239 - root - INFO -  El campo 'Moneda' si se encuentra visible.
2022-08-24 18:36:12,277 - root - INFO -  El campo 'Modo' si se encuentra visible.
2022-08-24 18:36:12,315 - root - INFO -  El campo 'Usuario' si se encuentra visible.
2022-08-24 18:36:12,354 - root - INFO -  El campo 'Cantidad' si se encuentra visible.
2022-08-24 18:36:12,392 - root - INFO -  El campo 'Contraseña' si se encuentra visible.
2022-08-24 18:37:00,555 - root - INFO -  Captura: C:\xampp\htdocs\versiones\automatizaciones\AutoPWST\02AC\report\img  screen：20220824_18_37_00.png
2022-08-24 18:37:00,831 - root - INFO -  Ingresa de autorización del nuevo registro 
2022-08-24 18:37:03,952 - root - INFO -  Ingresa la contraseña del nuevo registro 
2022-08-24 18:37:07,047 - root - INFO -  Se da clic en el boton Guardar; se debe crear un nuevo registro.
2022-08-24 18:37:12,146 - root - INFO -  Se presiona el boton 'Refrescar', para crear un nuevo registro igual al anterior.
2022-08-24 18:37:17,248 - root - INFO -  Se presiona el boton 'Nuevo', para crear un nuevo registro igual al anterior.
2022-08-24 18:37:22,321 - root - INFO -  Se abrio la pantalla para el ingreso de un registro nuevo.
2022-08-24 18:37:22,356 - root - INFO -  El campo 'Empresa' si se encuentra visible.
2022-08-24 18:37:22,390 - root - INFO -  El campo 'Moneda' si se encuentra visible.
2022-08-24 18:37:22,426 - root - INFO -  El campo 'Modo' si se encuentra visible.
2022-08-24 18:37:22,460 - root - INFO -  El campo 'Usuario' si se encuentra visible.
2022-08-24 18:37:22,508 - root - INFO -  El campo 'Cantidad' si se encuentra visible.
2022-08-24 18:37:22,547 - root - INFO -  El campo 'Contraseña' si se encuentra visible.
2022-08-24 18:39:46,075 - root - INFO -  Se abre el chrome
2022-08-24 18:39:47,686 - root - INFO -  Entra a la URL
2022-08-24 18:39:47,821 - root - INFO -  Maximiza la pantalla
2022-08-24 18:39:50,882 - root - INFO -  Cambia al frame
2022-08-24 18:39:53,969 - root - INFO -  Escribe el usuario
2022-08-24 18:39:54,074 - root - INFO -  Escribe la contraseña
2022-08-24 18:39:54,209 - root - INFO -  Se dio clic en el boton ingresar
2022-08-24 18:39:55,535 - root - INFO -  Ejecutar Enterprise
2022-08-24 18:39:55,536 - root - INFO -  Captura: C:\xampp\htdocs\versiones\automatizaciones\AutoPWST\02AC\report\img  screen：20220824_18_39_55.png
2022-08-24 18:39:59,780 - root - INFO -  Cambia entre pestañas
2022-08-24 18:40:04,894 - root - INFO -  Abre el menu completo
2022-08-24 18:40:13,578 - root - INFO -  Abre la pantalla de Autorizaciones de Credito
2022-08-24 18:40:13,632 - root - INFO -  La pantalla ejecutada es Autorizaciones de crédito.
2022-08-24 18:40:16,647 - root - INFO -  Captura: C:\xampp\htdocs\versiones\automatizaciones\AutoPWST\02AC\report\img  screen：20220824_18_40_16.png
2022-08-24 18:40:16,888 - root - INFO -  Se presiona el boton 'Nuevo', para crear un nuevo registro.
2022-08-24 18:40:21,970 - root - INFO -  Se abrio la pantalla para el ingreso de un registro nuevo.
2022-08-24 18:40:22,009 - root - INFO -  El campo 'Empresa' si se encuentra visible.
2022-08-24 18:40:22,048 - root - INFO -  El campo 'Moneda' si se encuentra visible.
2022-08-24 18:40:22,088 - root - INFO -  El campo 'Modo' si se encuentra visible.
2022-08-24 18:40:22,127 - root - INFO -  El campo 'Usuario' si se encuentra visible.
2022-08-24 18:40:22,166 - root - INFO -  El campo 'Cantidad' si se encuentra visible.
2022-08-24 18:40:22,205 - root - INFO -  El campo 'Contraseña' si se encuentra visible.
2022-08-24 18:41:10,420 - root - INFO -  Captura: C:\xampp\htdocs\versiones\automatizaciones\AutoPWST\02AC\report\img  screen：20220824_18_41_10.png
2022-08-24 18:41:10,677 - root - INFO -  Ingresa de autorización del nuevo registro 
2022-08-24 18:41:13,817 - root - INFO -  Ingresa la contraseña del nuevo registro 
2022-08-24 18:41:16,914 - root - INFO -  Se da clic en el boton Guardar; se debe crear un nuevo registro.
2022-08-24 18:41:22,022 - root - INFO -  Se presiona el boton 'Refrescar', para crear un nuevo registro igual al anterior.
2022-08-24 18:41:27,175 - root - INFO -  Se presiona el boton 'Nuevo', para crear un nuevo registro igual al anterior.
2022-08-24 18:41:32,250 - root - INFO -  Se abrio la pantalla para el ingreso de un registro nuevo.
2022-08-24 18:41:32,284 - root - INFO -  El campo 'Empresa' si se encuentra visible.
2022-08-24 18:41:32,319 - root - INFO -  El campo 'Moneda' si se encuentra visible.
2022-08-24 18:41:32,353 - root - INFO -  El campo 'Modo' si se encuentra visible.
2022-08-24 18:41:32,387 - root - INFO -  El campo 'Usuario' si se encuentra visible.
2022-08-24 18:41:32,421 - root - INFO -  El campo 'Cantidad' si se encuentra visible.
2022-08-24 18:41:32,467 - root - INFO -  El campo 'Contraseña' si se encuentra visible.
2022-08-24 18:42:18,694 - root - INFO -  Ingresa de autorización del nuevo registro 
2022-08-24 18:42:21,837 - root - INFO -  Ingresa la contraseña del nuevo registro 
2022-08-24 18:42:24,971 - root - INFO -  Se da clic en el boton Guardar; NO se debe crear un nuevo registro.
2022-08-24 18:42:29,973 - root - INFO -  Captura: C:\xampp\htdocs\versiones\automatizaciones\AutoPWST\02AC\report\img  screen：20220824_18_42_29.png
2022-08-24 18:44:01,763 - root - INFO -  Se abre el chrome
2022-08-24 18:44:03,279 - root - INFO -  Entra a la URL
2022-08-24 18:44:03,421 - root - INFO -  Maximiza la pantalla
2022-08-24 18:44:06,470 - root - INFO -  Cambia al frame
2022-08-24 18:44:09,555 - root - INFO -  Escribe el usuario
2022-08-24 18:44:09,656 - root - INFO -  Escribe la contraseña
2022-08-24 18:44:09,790 - root - INFO -  Se dio clic en el boton ingresar
2022-08-24 18:44:11,141 - root - INFO -  Ejecutar Enterprise
2022-08-24 18:44:11,141 - root - INFO -  Captura: C:\xampp\htdocs\versiones\automatizaciones\AutoPWST\02AC\report\img  screen：20220824_18_44_11.png
2022-08-24 18:44:15,394 - root - INFO -  Cambia entre pestañas
2022-08-24 18:44:21,572 - root - INFO -  Abre el menu completo
2022-08-24 18:44:30,256 - root - INFO -  Abre la pantalla de Autorizaciones de Credito
2022-08-24 18:44:30,333 - root - INFO -  La pantalla ejecutada es Autorizaciones de crédito.
2022-08-24 18:44:33,344 - root - INFO -  Captura: C:\xampp\htdocs\versiones\automatizaciones\AutoPWST\02AC\report\img  screen：20220824_18_44_33.png
2022-08-24 18:44:33,557 - root - INFO -  Se presiona el boton 'Nuevo', para crear un nuevo registro.
2022-08-24 18:44:38,662 - root - INFO -  Se abrio la pantalla para el ingreso de un registro nuevo.
2022-08-24 18:44:38,707 - root - INFO -  El campo 'Empresa' si se encuentra visible.
2022-08-24 18:44:38,748 - root - INFO -  El campo 'Moneda' si se encuentra visible.
2022-08-24 18:44:38,800 - root - INFO -  El campo 'Modo' si se encuentra visible.
2022-08-24 18:44:38,838 - root - INFO -  El campo 'Usuario' si se encuentra visible.
2022-08-24 18:44:38,900 - root - INFO -  El campo 'Cantidad' si se encuentra visible.
2022-08-24 18:44:38,961 - root - INFO -  El campo 'Contraseña' si se encuentra visible.
2022-08-24 18:45:27,161 - root - INFO -  Captura: C:\xampp\htdocs\versiones\automatizaciones\AutoPWST\02AC\report\img  screen：20220824_18_45_27.png
2022-08-24 18:45:27,427 - root - INFO -  Ingresa de autorización del nuevo registro 
2022-08-24 18:45:30,567 - root - INFO -  Ingresa la contraseña del nuevo registro 
2022-08-24 18:45:33,702 - root - INFO -  Se da clic en el boton Guardar; se debe crear un nuevo registro.
2022-08-24 18:45:38,808 - root - INFO -  Se presiona el boton 'Refrescar', para crear un nuevo registro igual al anterior.
2022-08-24 18:45:43,920 - root - INFO -  Se presiona el boton 'Nuevo', para crear un nuevo registro igual al anterior.
2022-08-24 18:45:49,017 - root - INFO -  Se abrio la pantalla para el ingreso de un registro nuevo.
2022-08-24 18:45:49,061 - root - INFO -  El campo 'Empresa' si se encuentra visible.
2022-08-24 18:45:49,094 - root - INFO -  El campo 'Moneda' si se encuentra visible.
2022-08-24 18:45:49,127 - root - INFO -  El campo 'Modo' si se encuentra visible.
2022-08-24 18:45:49,161 - root - INFO -  El campo 'Usuario' si se encuentra visible.
2022-08-24 18:45:49,210 - root - INFO -  El campo 'Cantidad' si se encuentra visible.
2022-08-24 18:45:49,245 - root - INFO -  El campo 'Contraseña' si se encuentra visible.
2022-08-24 18:46:35,495 - root - INFO -  Ingresa de autorización del nuevo registro 
2022-08-24 18:46:38,652 - root - INFO -  Ingresa la contraseña del nuevo registro 
2022-08-24 18:46:41,785 - root - INFO -  Se da clic en el boton Guardar; NO se debe crear un nuevo registro.
2022-08-24 18:46:46,800 - root - INFO -  Captura: C:\xampp\htdocs\versiones\automatizaciones\AutoPWST\02AC\report\img  screen：20220824_18_46_46.png
2022-08-24 18:46:47,042 - root - INFO -  Se presiona el boton 'Cerrar', para cerrar el mensaje de duplicidad de llave primaria
2022-08-24 18:46:50,138 - root - INFO -  Se presiona el boton 'Cerrar', para cerrar la ventana
2022-08-24 18:46:55,204 - root - INFO -  Se presiona el boton 'Refrescar', para crear un nuevo registro igual al anterior.
2022-08-24 18:47:04,829 - root - INFO -  Se da clic en el registro creado, para proceder a modificarlo.
2022-08-24 18:47:10,994 - root - INFO -  Ingresa de autorización del nuevo registro 
2022-08-24 18:47:10,996 - root - INFO -  Captura: C:\xampp\htdocs\versiones\automatizaciones\AutoPWST\02AC\report\img  screen：20220824_18_47_10.png
2022-08-24 18:47:11,218 - root - INFO -  Se da clic en el boton Guardar; se debe modificar la informacion del registro.
2022-08-24 18:47:16,335 - root - INFO -  Se presiona el boton 'Refrescar', para proceder a eliminar el registro.
2022-08-24 18:47:25,950 - root - INFO -  Se da clic en el registro creado, para proceder a modificarlo.
2022-08-24 18:47:34,053 - root - INFO -  Se presiona el boton 'Eliminar', para eliminar el registro.
2022-08-24 18:47:34,055 - root - INFO -  Captura: C:\xampp\htdocs\versiones\automatizaciones\AutoPWST\02AC\report\img  screen：20220824_18_47_34.png
2022-08-24 18:47:34,262 - root - INFO -  Se confirma el eliminado del registro
2022-08-24 18:47:39,388 - root - INFO -  Se presiona el boton 'Refrescar', para crear un nuevo registro igual al anterior.
2022-08-24 18:47:44,504 - root - INFO -  Se presiona el boton 'Cerrar', para cerrar la pantalla de Categorias Fiscales.
2022-08-24 18:47:49,811 - root - INFO -  Se cierra chrome
2022-08-24 18:49:14,231 - root - INFO -  Se abre el chrome
2022-08-24 18:49:16,063 - root - INFO -  Entra a la URL
2022-08-24 18:49:16,205 - root - INFO -  Maximiza la pantalla
2022-08-24 18:49:19,265 - root - INFO -  Cambia al frame
2022-08-24 18:49:22,362 - root - INFO -  Escribe el usuario
2022-08-24 18:49:22,471 - root - INFO -  Escribe la contraseña
2022-08-24 18:49:22,608 - root - INFO -  Se dio clic en el boton ingresar
2022-08-24 18:49:23,957 - root - INFO -  Ejecutar Enterprise
2022-08-24 18:49:23,958 - root - INFO -  Captura: C:\xampp\htdocs\versiones\automatizaciones\AutoPWST\02AC\report\img  screen：20220824_18_49_23.png
2022-08-24 18:49:28,175 - root - INFO -  Cambia entre pestañas
2022-08-24 18:49:33,344 - root - INFO -  Abre el menu completo
2022-08-24 18:49:42,017 - root - INFO -  Abre la pantalla de Autorizaciones de Credito
2022-08-24 18:49:42,073 - root - INFO -  La pantalla ejecutada es Autorizaciones de crédito.
2022-08-24 18:49:45,079 - root - INFO -  Captura: C:\xampp\htdocs\versiones\automatizaciones\AutoPWST\02AC\report\img  screen：20220824_18_49_45.png
2022-08-24 18:49:45,318 - root - INFO -  Se presiona el boton 'Nuevo', para crear un nuevo registro.
2022-08-24 18:49:50,358 - root - INFO -  Se abrio la pantalla para el ingreso de un registro nuevo.
2022-08-24 18:49:50,398 - root - INFO -  El campo 'Empresa' si se encuentra visible.
2022-08-24 18:49:50,437 - root - INFO -  El campo 'Moneda' si se encuentra visible.
2022-08-24 18:49:50,478 - root - INFO -  El campo 'Modo' si se encuentra visible.
2022-08-24 18:49:50,519 - root - INFO -  El campo 'Usuario' si se encuentra visible.
2022-08-24 18:49:50,576 - root - INFO -  El campo 'Cantidad' si se encuentra visible.
2022-08-24 18:49:50,618 - root - INFO -  El campo 'Contraseña' si se encuentra visible.
2022-08-24 18:50:38,824 - root - INFO -  Captura: C:\xampp\htdocs\versiones\automatizaciones\AutoPWST\02AC\report\img  screen：20220824_18_50_38.png
2022-08-24 18:50:39,078 - root - INFO -  Ingresa de autorización del nuevo registro 
2022-08-24 18:50:42,207 - root - INFO -  Ingresa la contraseña del nuevo registro 
2022-08-24 18:50:45,325 - root - INFO -  Se da clic en el boton Guardar; se debe crear un nuevo registro.
2022-08-24 18:50:50,429 - root - INFO -  Se presiona el boton 'Refrescar', para crear un nuevo registro igual al anterior.
2022-08-24 18:50:55,540 - root - INFO -  Se presiona el boton 'Nuevo', para crear un nuevo registro igual al anterior.
2022-08-24 18:51:00,621 - root - INFO -  Se abrio la pantalla para el ingreso de un registro nuevo.
2022-08-24 18:51:00,671 - root - INFO -  El campo 'Empresa' si se encuentra visible.
2022-08-24 18:51:00,708 - root - INFO -  El campo 'Moneda' si se encuentra visible.
2022-08-24 18:51:00,744 - root - INFO -  El campo 'Modo' si se encuentra visible.
2022-08-24 18:51:00,778 - root - INFO -  El campo 'Usuario' si se encuentra visible.
2022-08-24 18:51:00,818 - root - INFO -  El campo 'Cantidad' si se encuentra visible.
2022-08-24 18:51:00,860 - root - INFO -  El campo 'Contraseña' si se encuentra visible.
2022-08-24 18:51:47,080 - root - INFO -  Ingresa de autorización del nuevo registro 
2022-08-24 18:51:50,197 - root - INFO -  Ingresa la contraseña del nuevo registro 
2022-08-24 18:51:53,307 - root - INFO -  Se da clic en el boton Guardar; NO se debe crear un nuevo registro.
2022-08-24 18:51:58,319 - root - INFO -  Captura: C:\xampp\htdocs\versiones\automatizaciones\AutoPWST\02AC\report\img  screen：20220824_18_51_58.png
2022-08-24 18:51:58,558 - root - INFO -  Se presiona el boton 'Cerrar', para cerrar el mensaje de duplicidad de llave primaria
2022-08-24 18:52:01,670 - root - INFO -  Se presiona el boton 'Cerrar', para cerrar la ventana
2022-08-24 18:52:06,776 - root - INFO -  Se presiona el boton 'Refrescar', para crear un nuevo registro igual al anterior.
2022-08-24 18:52:16,418 - root - INFO -  Se da clic en el registro creado, para proceder a modificarlo.
2022-08-24 18:52:22,600 - root - INFO -  Ingresa de autorización del nuevo registro 
2022-08-24 18:52:22,602 - root - INFO -  Captura: C:\xampp\htdocs\versiones\automatizaciones\AutoPWST\02AC\report\img  screen：20220824_18_52_22.png
2022-08-24 18:52:22,805 - root - INFO -  Se da clic en el boton Guardar; se debe modificar la informacion del registro.
2022-08-24 18:52:27,918 - root - INFO -  Se presiona el boton 'Refrescar', para proceder a eliminar el registro.
2022-08-24 18:52:37,551 - root - INFO -  Se da clic en el registro creado, para proceder a modificarlo.
2022-08-24 18:52:45,696 - root - INFO -  Se presiona el boton 'Eliminar', para eliminar el registro.
2022-08-24 18:52:45,699 - root - INFO -  Captura: C:\xampp\htdocs\versiones\automatizaciones\AutoPWST\02AC\report\img  screen：20220824_18_52_45.png
2022-08-24 18:52:45,884 - root - INFO -  Se confirma el eliminado del registro
2022-08-24 18:52:50,969 - root - INFO -  Se presiona el boton 'Refrescar', para crear un nuevo registro igual al anterior.
2022-08-24 18:52:56,105 - root - INFO -  Se presiona el boton 'Cerrar', para cerrar la pantalla de Categorias Fiscales.
2022-08-24 18:53:01,382 - root - INFO -  Se cierra chrome
