2022-10-18 14:04:08,062 - root - INFO -  Se abre el chrome
2022-10-18 14:04:09,322 - root - INFO -  Entra a la URL
2022-10-18 14:04:09,476 - root - INFO -  Maximiza la pantalla
2022-10-18 14:04:12,522 - root - INFO -  Cambia al frame
2022-10-18 14:04:15,600 - root - INFO -  Escribe el usuario
2022-10-18 14:04:15,663 - root - INFO -  Escribe la contraseña
2022-10-18 14:04:15,756 - root - INFO -  Se dio clic en el boton ingresar
2022-10-18 14:04:16,477 - root - INFO -  Ejecutar Enterprise
2022-10-18 14:04:20,546 - root - INFO -  Cambia entre pestañas
2022-10-18 14:04:39,150 - root - INFO -  Abre la pantalla de Autorizaciones de Credito
2022-10-18 14:04:39,197 - root - INFO -  La pantalla ejecutada es Autorizaciones de crédito.
2022-10-18 14:04:42,205 - root - INFO -  Captura: C:\xampp\htdocs\versiones\automatizaciones\AutoPWST\02AC\report\img  screen：20221018_14_04_42.png
2022-10-18 14:04:42,353 - root - INFO -  Se presiona el boton 'Nuevo', para crear un nuevo registro.
2022-10-18 14:04:47,398 - root - INFO -  Se abrio la pantalla para el ingreso de un registro nuevo.
2022-10-18 14:04:47,431 - root - INFO -  El campo 'Empresa' si se encuentra visible.
2022-10-18 14:04:47,462 - root - INFO -  El campo 'Moneda' si se encuentra visible.
2022-10-18 14:04:47,497 - root - INFO -  El campo 'Modo' si se encuentra visible.
2022-10-18 14:04:47,525 - root - INFO -  El campo 'Usuario' si se encuentra visible.
2022-10-18 14:04:47,556 - root - INFO -  El campo 'Cantidad' si se encuentra visible.
2022-10-18 14:04:47,597 - root - INFO -  El campo 'Contraseña' si se encuentra visible.
2022-10-18 14:04:56,964 - root - INFO -  Se dió doble click en el regitro de Empresa.
2022-10-18 14:05:07,361 - root - INFO -  Se dió doble click en el regitro de Moneda.
2022-10-18 14:05:17,735 - root - INFO -  Se dió click en la opción Limite personalizado (evento Documento_OnValidarAutorizacionCreditoGeneral).
2022-10-18 14:05:25,843 - root - ERROR - No se encontró el registro de Usuario, validar que la acción anterior haya finalizado, que el xpath sea el correcto o que la página no presente lentitud
2022-10-18 14:05:28,852 - root - INFO -  Captura: C:\xampp\htdocs\versiones\automatizaciones\AutoPWST\02AC\report\img  screen：20221018_14_05_28.png
2022-10-18 14:05:45,155 - root - ERROR - No se dió click en el botón Refrescar, validar que la acción anterior haya finalizado, que el xpath sea el correcto o que la página no presente lentitud
2022-10-18 14:05:48,166 - root - INFO -  Captura: C:\xampp\htdocs\versiones\automatizaciones\AutoPWST\02AC\report\img  screen：20221018_14_05_48.png
2022-10-18 14:05:48,181 - root - ERROR - No se dió click en el botón Refrescar, validar que la acción anterior haya finalizado, que el xpath sea el correcto o que la página no presente lentitud
2022-10-18 14:05:51,190 - root - INFO -  Captura: C:\xampp\htdocs\versiones\automatizaciones\AutoPWST\02AC\report\img  screen：20221018_14_05_51.png
2022-10-18 14:05:51,190 - root - ERROR - No se dió click en el botón Refrescar, validar que la acción anterior haya finalizado, que el xpath sea el correcto o que la página no presente lentitud
2022-10-18 14:05:54,196 - root - INFO -  Captura: C:\xampp\htdocs\versiones\automatizaciones\AutoPWST\02AC\report\img  screen：20221018_14_05_54.png
2022-10-18 14:06:37,696 - root - INFO -  Se abre el chrome
2022-10-18 14:06:38,664 - root - INFO -  Entra a la URL
2022-10-18 14:06:38,779 - root - INFO -  Maximiza la pantalla
2022-10-18 14:06:41,830 - root - INFO -  Cambia al frame
2022-10-18 14:06:44,907 - root - INFO -  Escribe el usuario
2022-10-18 14:06:44,979 - root - INFO -  Escribe la contraseña
2022-10-18 14:06:45,095 - root - INFO -  Se dio clic en el boton ingresar
2022-10-18 14:06:46,364 - root - INFO -  Ejecutar Enterprise
2022-10-18 14:06:50,416 - root - INFO -  Cambia entre pestañas
2022-10-18 14:07:13,996 - root - INFO -  Abre la pantalla de Autorizaciones de Credito
2022-10-18 14:07:14,043 - root - INFO -  La pantalla ejecutada es Autorizaciones de crédito.
2022-10-18 14:07:17,055 - root - INFO -  Captura: C:\xampp\htdocs\versiones\automatizaciones\AutoPWST\02AC\report\img  screen：20221018_14_07_17.png
2022-10-18 14:07:17,214 - root - INFO -  Se presiona el boton 'Nuevo', para crear un nuevo registro.
2022-10-18 14:07:22,272 - root - INFO -  Se abrio la pantalla para el ingreso de un registro nuevo.
2022-10-18 14:07:22,319 - root - INFO -  El campo 'Empresa' si se encuentra visible.
2022-10-18 14:07:22,351 - root - INFO -  El campo 'Moneda' si se encuentra visible.
2022-10-18 14:07:22,398 - root - INFO -  El campo 'Modo' si se encuentra visible.
2022-10-18 14:07:22,445 - root - INFO -  El campo 'Usuario' si se encuentra visible.
2022-10-18 14:07:22,476 - root - INFO -  El campo 'Cantidad' si se encuentra visible.
2022-10-18 14:07:22,524 - root - INFO -  El campo 'Contraseña' si se encuentra visible.
2022-10-18 14:07:31,916 - root - INFO -  Se dió doble click en el regitro de Empresa.
2022-10-18 14:07:42,333 - root - INFO -  Se dió doble click en el regitro de Moneda.
2022-10-18 14:07:52,723 - root - INFO -  Se dió click en la opción Limite personalizado (evento Documento_OnValidarAutorizacionCreditoGeneral).
2022-10-18 14:08:00,868 - root - ERROR - No se encontró el registro de Usuario, validar que la acción anterior haya finalizado, que el xpath sea el correcto o que la página no presente lentitud
2022-10-18 14:08:03,872 - root - INFO -  Captura: C:\xampp\htdocs\versiones\automatizaciones\AutoPWST\02AC\report\img  screen：20221018_14_08_03.png
2022-10-18 14:09:01,347 - root - INFO -  Se abre el chrome
2022-10-18 14:09:02,247 - root - INFO -  Entra a la URL
2022-10-18 14:09:02,372 - root - INFO -  Maximiza la pantalla
2022-10-18 14:09:05,417 - root - INFO -  Cambia al frame
2022-10-18 14:09:08,502 - root - INFO -  Escribe el usuario
2022-10-18 14:09:08,575 - root - INFO -  Escribe la contraseña
2022-10-18 14:09:08,680 - root - INFO -  Se dio clic en el boton ingresar
2022-10-18 14:09:09,425 - root - INFO -  Ejecutar Enterprise
2022-10-18 14:09:13,485 - root - INFO -  Cambia entre pestañas
2022-10-18 14:09:35,435 - root - INFO -  Abre la pantalla de Autorizaciones de Credito
2022-10-18 14:09:35,499 - root - INFO -  La pantalla ejecutada es Autorizaciones de crédito.
2022-10-18 14:09:38,506 - root - INFO -  Captura: C:\xampp\htdocs\versiones\automatizaciones\AutoPWST\02AC\report\img  screen：20221018_14_09_38.png
2022-10-18 14:09:38,664 - root - INFO -  Se presiona el boton 'Nuevo', para crear un nuevo registro.
2022-10-18 14:09:43,726 - root - INFO -  Se abrio la pantalla para el ingreso de un registro nuevo.
2022-10-18 14:09:43,754 - root - INFO -  El campo 'Empresa' si se encuentra visible.
2022-10-18 14:09:43,791 - root - INFO -  El campo 'Moneda' si se encuentra visible.
2022-10-18 14:09:43,828 - root - INFO -  El campo 'Modo' si se encuentra visible.
2022-10-18 14:09:43,864 - root - INFO -  El campo 'Usuario' si se encuentra visible.
2022-10-18 14:09:43,908 - root - INFO -  El campo 'Cantidad' si se encuentra visible.
2022-10-18 14:09:43,943 - root - INFO -  El campo 'Contraseña' si se encuentra visible.
2022-10-18 14:09:53,360 - root - INFO -  Se dió doble click en el regitro de Empresa.
2022-10-18 14:10:03,765 - root - INFO -  Se dió doble click en el regitro de Moneda.
2022-10-18 14:10:14,175 - root - INFO -  Se dió click en la opción Limite personalizado (evento Documento_OnValidarAutorizacionCreditoGeneral).
2022-10-18 14:10:22,277 - root - ERROR - No se encontró el registro de Usuario, validar que la acción anterior haya finalizado, que el xpath sea el correcto o que la página no presente lentitud
2022-10-18 14:10:25,284 - root - INFO -  Captura: C:\xampp\htdocs\versiones\automatizaciones\AutoPWST\02AC\report\img  screen：20221018_14_10_25.png
2022-10-18 14:10:25,608 - root - ERROR - No se dió click en el botón Refrescar, validar que la acción anterior haya finalizado, que el xpath sea el correcto o que la página no presente lentitud
2022-10-18 14:10:28,610 - root - INFO -  Captura: C:\xampp\htdocs\versiones\automatizaciones\AutoPWST\02AC\report\img  screen：20221018_14_10_28.png
2022-10-18 14:10:28,610 - root - ERROR - No se dió click en el botón Refrescar, validar que la acción anterior haya finalizado, que el xpath sea el correcto o que la página no presente lentitud
2022-10-18 14:10:31,621 - root - INFO -  Captura: C:\xampp\htdocs\versiones\automatizaciones\AutoPWST\02AC\report\img  screen：20221018_14_10_31.png
2022-10-18 14:10:31,621 - root - ERROR - No se dió click en el botón Refrescar, validar que la acción anterior haya finalizado, que el xpath sea el correcto o que la página no presente lentitud
2022-10-18 14:10:34,626 - root - INFO -  Captura: C:\xampp\htdocs\versiones\automatizaciones\AutoPWST\02AC\report\img  screen：20221018_14_10_34.png
2022-10-18 14:11:02,010 - root - INFO -  Se abre el chrome
2022-10-18 14:11:02,992 - root - INFO -  Entra a la URL
2022-10-18 14:11:03,117 - root - INFO -  Maximiza la pantalla
2022-10-18 14:11:06,179 - root - ERROR - No se pudo encontrar el campo para ingresar el usuario, revise si el xpath sigue siendo el mismo, para mas detalles del error consulte el reporte
2022-10-18 14:11:06,179 - root - INFO -  Captura: C:\xampp\htdocs\versiones\automatizaciones\AutoPWST\02AC\report\img  screen：20221018_14_11_06.png
2022-10-18 14:11:06,230 - root - ERROR - La pantalla ejecutada no es correcta, validar que la acción anterior haya finalizado, que el nombre de la pantalla sea el correcto o que la página no presente lentitud
2022-10-18 14:12:35,387 - root - INFO -  Se abre el chrome
2022-10-18 14:12:36,259 - root - INFO -  Entra a la URL
2022-10-18 14:12:36,371 - root - INFO -  Maximiza la pantalla
2022-10-18 14:12:39,410 - root - INFO -  Cambia al frame
2022-10-18 14:12:42,495 - root - INFO -  Escribe el usuario
2022-10-18 14:12:42,562 - root - INFO -  Escribe la contraseña
2022-10-18 14:12:42,670 - root - INFO -  Se dio clic en el boton ingresar
2022-10-18 14:12:43,410 - root - INFO -  Ejecutar Enterprise
2022-10-18 14:12:47,470 - root - INFO -  Cambia entre pestañas
2022-10-18 14:13:11,590 - root - INFO -  Abre la pantalla de Autorizaciones de Credito
2022-10-18 14:13:11,626 - root - INFO -  La pantalla ejecutada es Autorizaciones de crédito.
2022-10-18 14:13:14,651 - root - INFO -  Captura: C:\xampp\htdocs\versiones\automatizaciones\AutoPWST\02AC\report\img  screen：20221018_14_13_14.png
2022-10-18 14:13:14,791 - root - INFO -  Se presiona el boton 'Nuevo', para crear un nuevo registro.
2022-10-18 14:13:19,844 - root - INFO -  Se abrio la pantalla para el ingreso de un registro nuevo.
2022-10-18 14:13:19,891 - root - INFO -  El campo 'Empresa' si se encuentra visible.
2022-10-18 14:13:19,938 - root - INFO -  El campo 'Moneda' si se encuentra visible.
2022-10-18 14:13:19,970 - root - INFO -  El campo 'Modo' si se encuentra visible.
2022-10-18 14:13:20,001 - root - INFO -  El campo 'Usuario' si se encuentra visible.
2022-10-18 14:13:20,043 - root - INFO -  El campo 'Cantidad' si se encuentra visible.
2022-10-18 14:13:20,079 - root - INFO -  El campo 'Contraseña' si se encuentra visible.
2022-10-18 14:13:29,464 - root - INFO -  Se dió doble click en el regitro de Empresa.
2022-10-18 14:13:39,870 - root - INFO -  Se dió doble click en el regitro de Moneda.
2022-10-18 14:13:50,260 - root - INFO -  Se dió click en la opción Limite personalizado (evento Documento_OnValidarAutorizacionCreditoGeneral).
2022-10-18 14:14:00,953 - root - INFO -  Se dió doble click en el regitro de Usuario.
2022-10-18 14:14:03,964 - root - INFO -  Captura: C:\xampp\htdocs\versiones\automatizaciones\AutoPWST\02AC\report\img  screen：20221018_14_14_03.png
2022-10-18 14:14:04,147 - root - INFO -  Ingresa de autorización del nuevo registro 
2022-10-18 14:14:07,242 - root - INFO -  Ingresa la contraseña del nuevo registro 
2022-10-18 14:14:10,340 - root - INFO -  Se da clic en el boton Guardar; se debe crear un nuevo registro.
2022-10-18 14:14:15,429 - root - INFO -  Se presiona el boton 'Refrescar', para crear un nuevo registro igual al anterior.
2022-10-18 14:14:20,505 - root - INFO -  Se presiona el boton 'Nuevo', para crear un nuevo registro igual al anterior.
2022-10-18 14:14:32,885 - root - INFO -  Se dió doble click en el regitro de Empresa.
2022-10-18 14:14:43,343 - root - INFO -  Se dió doble click en el regitro de Moneda.
2022-10-18 14:14:53,725 - root - INFO -  Se dió click en la opción de Limite personalizado (evento Documento_OnValidarAutorizacionCreditoGeneral).
2022-10-18 14:15:08,426 - root - INFO -  Se dió doble click en el regitro de Usuario.
2022-10-18 14:15:11,516 - root - INFO -  Ingresa de autorización del nuevo registro 
2022-10-18 14:15:14,623 - root - INFO -  Ingresa la contraseña del nuevo registro 
2022-10-18 14:15:18,764 - root - ERROR - No se dió click en el botón Guardar, validar que la acción anterior haya finalizado, que el xpath sea el correcto o que la página no presente lentitud
2022-10-18 14:15:21,779 - root - INFO -  Captura: C:\xampp\htdocs\versiones\automatizaciones\AutoPWST\02AC\report\img  screen：20221018_14_15_21.png
2022-10-18 14:15:40,148 - root - ERROR - No se dió click en el botón Refrescar, validar que la acción anterior haya finalizado, que el xpath sea el correcto o que la página no presente lentitud
2022-10-18 14:15:43,159 - root - INFO -  Captura: C:\xampp\htdocs\versiones\automatizaciones\AutoPWST\02AC\report\img  screen：20221018_14_15_43.png
2022-10-18 14:15:43,190 - root - ERROR - No se dió click en el botón Refrescar, validar que la acción anterior haya finalizado, que el xpath sea el correcto o que la página no presente lentitud
2022-10-18 14:15:46,203 - root - INFO -  Captura: C:\xampp\htdocs\versiones\automatizaciones\AutoPWST\02AC\report\img  screen：20221018_14_15_46.png
2022-10-18 14:17:10,069 - root - INFO -  Se abre el chrome
2022-10-18 14:17:11,201 - root - INFO -  Entra a la URL
2022-10-18 14:17:11,316 - root - INFO -  Maximiza la pantalla
2022-10-18 14:17:14,362 - root - INFO -  Cambia al frame
2022-10-18 14:17:17,448 - root - INFO -  Escribe el usuario
2022-10-18 14:17:17,520 - root - INFO -  Escribe la contraseña
2022-10-18 14:17:17,614 - root - INFO -  Se dio clic en el boton ingresar
2022-10-18 14:17:18,329 - root - INFO -  Ejecutar Enterprise
2022-10-18 14:17:22,383 - root - INFO -  Cambia entre pestañas
2022-10-18 14:17:48,019 - root - INFO -  Abre la pantalla de Autorizaciones de Credito
2022-10-18 14:17:48,066 - root - INFO -  La pantalla ejecutada es Autorizaciones de crédito.
2022-10-18 14:17:51,079 - root - INFO -  Captura: C:\xampp\htdocs\versiones\automatizaciones\AutoPWST\02AC\report\img  screen：20221018_14_17_51.png
2022-10-18 14:17:51,232 - root - INFO -  Se presiona el boton 'Nuevo', para crear un nuevo registro.
2022-10-18 14:17:56,267 - root - INFO -  Se abrio la pantalla para el ingreso de un registro nuevo.
2022-10-18 14:17:56,314 - root - INFO -  El campo 'Empresa' si se encuentra visible.
2022-10-18 14:17:56,353 - root - INFO -  El campo 'Moneda' si se encuentra visible.
2022-10-18 14:17:56,393 - root - INFO -  El campo 'Modo' si se encuentra visible.
2022-10-18 14:17:56,440 - root - INFO -  El campo 'Usuario' si se encuentra visible.
2022-10-18 14:17:56,472 - root - INFO -  El campo 'Cantidad' si se encuentra visible.
2022-10-18 14:17:56,503 - root - INFO -  El campo 'Contraseña' si se encuentra visible.
2022-10-18 14:18:05,911 - root - INFO -  Se dió doble click en el regitro de Empresa.
2022-10-18 14:18:16,326 - root - INFO -  Se dió doble click en el regitro de Moneda.
2022-10-18 14:18:26,748 - root - INFO -  Se dió click en la opción Limite personalizado (evento Documento_OnValidarAutorizacionCreditoGeneral).
2022-10-18 14:18:37,438 - root - INFO -  Se dió doble click en el regitro de Usuario.
2022-10-18 14:18:40,445 - root - INFO -  Captura: C:\xampp\htdocs\versiones\automatizaciones\AutoPWST\02AC\report\img  screen：20221018_14_18_40.png
2022-10-18 14:18:40,625 - root - INFO -  Ingresa de autorización del nuevo registro 
2022-10-18 14:18:43,723 - root - INFO -  Ingresa la contraseña del nuevo registro 
2022-10-18 14:18:46,810 - root - INFO -  Se da clic en el boton Guardar; se debe crear un nuevo registro.
2022-10-18 14:18:51,888 - root - INFO -  Se presiona el boton 'Refrescar', para crear un nuevo registro igual al anterior.
2022-10-18 14:18:56,948 - root - INFO -  Se presiona el boton 'Nuevo', para crear un nuevo registro igual al anterior.
2022-10-18 14:19:09,344 - root - INFO -  Se dió doble click en el regitro de Empresa.
2022-10-18 14:19:19,770 - root - INFO -  Se dió doble click en el regitro de Moneda.
2022-10-18 14:19:30,171 - root - INFO -  Se dió click en la opción de Limite personalizado (evento Documento_OnValidarAutorizacionCreditoGeneral).
2022-10-18 14:19:44,862 - root - INFO -  Se dió doble click en el regitro de Usuario.
2022-10-18 14:19:47,960 - root - INFO -  Ingresa de autorización del nuevo registro 
2022-10-18 14:19:51,060 - root - INFO -  Ingresa la contraseña del nuevo registro 
2022-10-18 14:19:54,141 - root - INFO -  Se da clic en el boton Guardar; NO se debe crear un nuevo registro.
2022-10-18 14:19:59,154 - root - INFO -  Captura: C:\xampp\htdocs\versiones\automatizaciones\AutoPWST\02AC\report\img  screen：20221018_14_19_59.png
2022-10-18 14:19:59,329 - root - INFO -  Se presiona el boton 'Cerrar', para cerrar el mensaje de duplicidad de llave primaria
2022-10-18 14:20:02,418 - root - INFO -  Se presiona el boton 'Cerrar', para cerrar la ventana
2022-10-18 14:20:07,494 - root - INFO -  Se presiona el boton 'Refrescar', para proceder a modificar el registro.
2022-10-18 14:20:15,070 - root - INFO -  Se da clic en el registro creado, para proceder a modificarlo.
2022-10-18 14:20:21,195 - root - INFO -  Ingresa de autorización del nuevo registro 
2022-10-18 14:20:21,195 - root - INFO -  Captura: C:\xampp\htdocs\versiones\automatizaciones\AutoPWST\02AC\report\img  screen：20221018_14_20_21.png
2022-10-18 14:20:21,354 - root - INFO -  Se da clic en el boton Guardar; se debe modificar la informacion del registro.
2022-10-18 14:20:26,430 - root - INFO -  Se presiona el boton 'Refrescar', para proceder a eliminar el registro.
2022-10-18 14:20:33,744 - root - INFO -  Se cierra chrome
2022-10-18 14:21:44,193 - root - INFO -  Se abre el chrome
2022-10-18 14:21:46,034 - root - INFO -  Entra a la URL
2022-10-18 14:21:46,154 - root - INFO -  Maximiza la pantalla
2022-10-18 14:21:49,189 - root - INFO -  Cambia al frame
2022-10-18 14:21:52,266 - root - INFO -  Escribe el usuario
2022-10-18 14:21:52,342 - root - INFO -  Escribe la contraseña
2022-10-18 14:21:52,443 - root - INFO -  Se dio clic en el boton ingresar
2022-10-18 14:21:53,713 - root - INFO -  Ejecutar Enterprise
2022-10-18 14:21:57,776 - root - INFO -  Cambia entre pestañas
2022-10-18 14:22:24,743 - root - INFO -  Abre la pantalla de Autorizaciones de Credito
2022-10-18 14:22:24,790 - root - INFO -  La pantalla ejecutada es Autorizaciones de crédito.
2022-10-18 14:22:27,803 - root - INFO -  Captura: C:\xampp\htdocs\versiones\automatizaciones\AutoPWST\02AC\report\img  screen：20221018_14_22_27.png
2022-10-18 14:22:27,962 - root - INFO -  Se presiona el boton 'Nuevo', para crear un nuevo registro.
2022-10-18 14:22:33,038 - root - INFO -  Se abrio la pantalla para el ingreso de un registro nuevo.
2022-10-18 14:22:33,086 - root - INFO -  El campo 'Empresa' si se encuentra visible.
2022-10-18 14:22:33,117 - root - INFO -  El campo 'Moneda' si se encuentra visible.
2022-10-18 14:22:33,155 - root - INFO -  El campo 'Modo' si se encuentra visible.
2022-10-18 14:22:33,195 - root - INFO -  El campo 'Usuario' si se encuentra visible.
2022-10-18 14:22:33,227 - root - INFO -  El campo 'Cantidad' si se encuentra visible.
2022-10-18 14:22:33,274 - root - INFO -  El campo 'Contraseña' si se encuentra visible.
2022-10-18 14:22:42,699 - root - INFO -  Se dió doble click en el regitro de Empresa.
2022-10-18 14:22:53,115 - root - INFO -  Se dió doble click en el regitro de Moneda.
2022-10-18 14:23:03,522 - root - INFO -  Se dió click en la opción Limite personalizado (evento Documento_OnValidarAutorizacionCreditoGeneral).
2022-10-18 14:23:14,175 - root - INFO -  Se dió doble click en el regitro de Usuario.
2022-10-18 14:23:17,189 - root - INFO -  Captura: C:\xampp\htdocs\versiones\automatizaciones\AutoPWST\02AC\report\img  screen：20221018_14_23_17.png
2022-10-18 14:23:17,361 - root - INFO -  Ingresa de autorización del nuevo registro 
2022-10-18 14:23:20,452 - root - INFO -  Ingresa la contraseña del nuevo registro 
2022-10-18 14:23:23,535 - root - INFO -  Se da clic en el boton Guardar; se debe crear un nuevo registro.
2022-10-18 14:23:28,618 - root - INFO -  Se presiona el boton 'Refrescar', para crear un nuevo registro igual al anterior.
2022-10-18 14:23:33,700 - root - INFO -  Se presiona el boton 'Nuevo', para crear un nuevo registro igual al anterior.
2022-10-18 14:23:46,117 - root - INFO -  Se dió doble click en el regitro de Empresa.
2022-10-18 14:23:56,527 - root - INFO -  Se dió doble click en el regitro de Moneda.
2022-10-18 14:24:06,938 - root - INFO -  Se dió click en la opción de Limite personalizado (evento Documento_OnValidarAutorizacionCreditoGeneral).
2022-10-18 14:24:21,638 - root - INFO -  Se dió doble click en el regitro de Usuario.
2022-10-18 14:24:24,747 - root - INFO -  Ingresa de autorización del nuevo registro 
2022-10-18 14:24:27,833 - root - INFO -  Ingresa la contraseña del nuevo registro 
2022-10-18 14:24:30,921 - root - INFO -  Se da clic en el boton Guardar; NO se debe crear un nuevo registro.
2022-10-18 14:24:35,928 - root - INFO -  Captura: C:\xampp\htdocs\versiones\automatizaciones\AutoPWST\02AC\report\img  screen：20221018_14_24_35.png
2022-10-18 14:24:36,102 - root - INFO -  Se presiona el boton 'Cerrar', para cerrar el mensaje de duplicidad de llave primaria
2022-10-18 14:24:39,172 - root - INFO -  Se presiona el boton 'Cerrar', para cerrar la ventana
2022-10-18 14:24:44,249 - root - INFO -  Se presiona el boton 'Refrescar', para proceder a modificar el registro.
2022-10-18 14:24:51,825 - root - INFO -  Se da clic en el registro creado, para proceder a modificarlo.
2022-10-18 14:24:57,953 - root - INFO -  Ingresa de autorización del nuevo registro 
2022-10-18 14:24:57,953 - root - INFO -  Captura: C:\xampp\htdocs\versiones\automatizaciones\AutoPWST\02AC\report\img  screen：20221018_14_24_57.png
2022-10-18 14:24:58,107 - root - INFO -  Se da clic en el boton Guardar; se debe modificar la informacion del registro.
2022-10-18 14:25:03,164 - root - INFO -  Se presiona el boton 'Refrescar', para proceder a eliminar el registro.
2022-10-18 14:25:12,761 - root - INFO -  Se da clic en el registro creado, para proceder a eliminarlo.
2022-10-18 14:25:20,861 - root - INFO -  Se presiona el boton 'Eliminar', para eliminar el registro.
2022-10-18 14:25:20,861 - root - INFO -  Captura: C:\xampp\htdocs\versiones\automatizaciones\AutoPWST\02AC\report\img  screen：20221018_14_25_20.png
2022-10-18 14:25:21,023 - root - INFO -  Se confirma el eliminado del registro
2022-10-18 14:25:26,093 - root - INFO -  Se presiona el boton 'Refrescar', para crear un nuevo registro igual al anterior.
2022-10-18 14:25:31,171 - root - INFO -  Se presiona el boton 'Cerrar', para cerrar la pantalla de Autorizaciones de Credito.
2022-10-18 14:25:36,455 - root - INFO -  Se cierra chrome
