2023-04-24 17:14:41,884 - root - INFO -  Se abre el chrome
2023-04-24 17:14:44,974 - root - INFO -  Entra a la URL
2023-04-24 17:14:45,102 - root - INFO -  Maximiza la pantalla
2023-04-24 17:14:48,222 - root - INFO -  Escribe el usuario
2023-04-24 17:14:48,341 - root - INFO -  Escribe la contraseña
2023-04-24 17:14:48,434 - root - INFO -  Se dio clic en el boton ingresar
2023-04-24 17:14:49,665 - root - INFO -  Ejecutar Enterprise
2023-04-24 17:14:53,713 - root - INFO -  Cambia entre pestañas
2023-04-24 17:16:08,822 - root - INFO - Se ingreso a la pantalla mediante el buscador porque fallo el ingreso por menus
2023-04-24 17:16:08,823 - root - INFO -  La función buscador funciona de manera correcta.
2023-04-24 17:16:12,442 - root - INFO -  La pantalla ejecutada es Politicas de Venta
2023-04-24 17:16:12,443 - root - INFO -  Captura: C:\xampp\htdocs\versiones\automatizaciones\AutoPWST\06PV\report\img  screen：20230424_17_16_12.png
2023-04-24 17:16:22,856 - root - INFO -  Se presiona el boton 'Nuevo', para crear un nuevo registro.
2023-04-24 17:16:23,403 - root - INFO -  Se abrio la pantalla para el ingreso de un registro nuevo.
2023-04-24 17:16:23,433 - root - INFO -  El campo 'Codigo' si se encuentra visible.
2023-04-24 17:16:23,467 - root - INFO -  El campo 'Codigo Alternativo' si se encuentra visible.
2023-04-24 17:16:23,499 - root - INFO -  El campo 'Descrición' si se encuentra visible.
2023-04-24 17:16:23,533 - root - INFO -  El campo 'Moneda' si se encuentra visible.
2023-04-24 17:16:23,568 - root - INFO -  El campo 'Aplicable en' si se encuentra visible.
2023-04-24 17:16:23,633 - root - INFO -  El campo 'Activa' si se encuentra visible.
2023-04-24 17:16:23,669 - root - INFO -  El campo 'Aplicación Global' si se encuentra visible.
2023-04-24 17:16:23,731 - root - INFO -  Ingresa el codigo del nuevo registro 
2023-04-24 17:16:23,838 - root - INFO -  Ingresa el codigo alternativo del nuevo registro 
2023-04-24 17:16:23,996 - root - INFO -  Ingresa la descripción del nuevo registro 
2023-04-24 17:16:24,928 - root - INFO -  Se dió doble click en el registro de Moneda.
2023-04-24 17:16:25,415 - root - INFO -  Se dió click en la opción BackOffice y Mobile.
2023-04-24 17:16:25,495 - root - INFO -  Se dió click en el checkbox Activa.
2023-04-24 17:16:25,567 - root - INFO -  Se dió click en el checkbox Aplicación Global.
2023-04-24 17:16:25,650 - root - INFO - Se hace el cambio a la pestaña Por Articulo para continuar con el registro nuevo
2023-04-24 17:16:26,241 - root - INFO -  Se presiona el boton 'Nuevo', para crear un nuevo registro de Por Articulo.
2023-04-24 17:16:26,795 - root - INFO -  El campo 'Grupo Política' si se encuentra visible.
2023-04-24 17:16:26,834 - root - INFO -  El campo 'Porcentaje de Descuento' si se encuentra visible.
2023-04-24 17:16:26,874 - root - INFO -  El campo 'Tope Descuento 1' si se encuentra visible.
2023-04-24 17:16:26,954 - root - INFO -  El campo 'Tope Descuento 2' si se encuentra visible.
2023-04-24 17:16:27,036 - root - INFO -  Ingresa el Grupo Politica del nuevo registro 
2023-04-24 17:16:27,142 - root - INFO -  Ingresa el Porcentaje de Descuento del nuevo registro 
2023-04-24 17:16:27,236 - root - INFO -  Ingresa el Tope Descuento 1 del nuevo registro 
2023-04-24 17:16:27,331 - root - INFO -  Ingresa el Tope Descuento 2 del nuevo registro 
2023-04-24 17:16:27,332 - root - INFO -  Captura: C:\xampp\htdocs\versiones\automatizaciones\AutoPWST\06PV\report\img  screen：20230424_17_16_27.png
2023-04-24 17:16:27,595 - root - INFO -  Se presiona el boton 'Guardar', para guardar el registro de Por Articulo.
2023-04-24 17:16:27,825 - root - INFO -  Se da clic en el boton Guardar; se debe crear un nuevo registro.
2023-04-24 17:16:28,156 - root - INFO -  Se presiona el boton 'Refrescar', para crear un nuevo registro igual al anterior.
2023-04-24 17:16:28,322 - root - INFO -  Se presiona el boton 'Nuevo', para crear un nuevo registro igual al anterior.
2023-04-24 17:16:28,911 - root - INFO -  Se abrio la pantalla para el ingreso de un registro nuevo.
2023-04-24 17:16:28,969 - root - INFO -  Ingresa el codigo del nuevo registro 
2023-04-24 17:16:29,061 - root - INFO -  Ingresa el codigo alternativo del nuevo registro 
2023-04-24 17:16:29,218 - root - INFO -  Ingresa la descripción del nuevo registro 
2023-04-24 17:16:30,125 - root - INFO -  Se dió doble click en el registro de Moneda.
2023-04-24 17:16:30,604 - root - INFO -  Se dió click en la opción BackOffice y Mobile.
2023-04-24 17:16:30,688 - root - INFO -  Se dió click en el checkbox Activa.
2023-04-24 17:16:30,757 - root - INFO -  Se dió click en el checkbox Aplicación Global.
2023-04-24 17:16:30,824 - root - INFO -  Se da clic en el boton Guardar; NO se debe crear un nuevo registro.
2023-04-24 17:16:31,826 - root - INFO -  Captura: C:\xampp\htdocs\versiones\automatizaciones\AutoPWST\06PV\report\img  screen：20230424_17_16_31.png
2023-04-24 17:16:37,144 - root - INFO -  Se presiona el boton 'Cerrar', para cerrar el mensaje de duplicidad de llave primaria
2023-04-24 17:16:38,146 - root - INFO -  Captura: C:\xampp\htdocs\versiones\automatizaciones\AutoPWST\06PV\report\img  screen：20230424_17_16_38.png
2023-04-24 17:16:38,350 - root - INFO -  Se presiona el boton 'Cerrar', para cerrar el mensaje de duplicidad de llave primaria
2023-04-24 17:16:38,478 - root - INFO -  Se presiona el boton 'Cerrar', para cerrar la ventana
2023-04-24 17:16:38,598 - root - INFO -  Se presiona el boton 'Refrescar', para proceder a modificar el registro.
2023-04-24 17:16:40,205 - root - INFO -  Se da clic en el registro creado, para proceder a modificarlo.
2023-04-24 17:16:40,860 - root - INFO -  Se modifica el contenido del campo Codigo Alternativo
2023-04-24 17:16:41,092 - root - INFO -  Se modifica el contenido del campo Descripcion
2023-04-24 17:16:41,197 - root - INFO -  Se dió click en el checkbox Aplicación Global.
2023-04-24 17:16:41,265 - root - INFO - Se hace el cambio a la pestaña para continuar con la modificación del registro
2023-04-24 17:16:42,354 - root - INFO -  Se da clic en el registro de Por Articulo, para proceder a modificarlo.
2023-04-24 17:16:42,966 - root - INFO -  Se modifica el contenido del campo Grupo Politica 
2023-04-24 17:16:43,098 - root - INFO -  Se modifica el contenido del campo Porcentaje Descuento
2023-04-24 17:16:44,098 - root - INFO -  Captura: C:\xampp\htdocs\versiones\automatizaciones\AutoPWST\06PV\report\img  screen：20230424_17_16_44.png
2023-04-24 17:16:44,312 - root - INFO -  Se presiona el boton 'Guardar', para guardar la modificación del registro de Por Articulo.
2023-04-24 17:16:44,521 - root - INFO -  Se da clic en el boton Guardar; se debe modificar la informacion del registro.
2023-04-24 17:16:44,833 - root - INFO -  Se presiona el boton 'Refrescar', para proceder a eliminar el registro.
2023-04-24 17:16:46,462 - root - INFO -  Se da clic en el registro creado, para proceder a eliminarlo.
2023-04-24 17:16:47,035 - root - INFO - Se hace el cambio a la pestaña Por Articulo para continuar con la eliminación del registro
2023-04-24 17:16:48,122 - root - INFO -  Se da clic en el registro de Por Articulo, para proceder a eliminarlo.
2023-04-24 17:16:48,196 - root - INFO -  Se presiona el boton 'Eliminar', para eliminar el registro de Por Articulo.
2023-04-24 17:16:48,341 - root - INFO -  Se da clic en el boton Guardar; se debe modificar la informacion del registro.
2023-04-24 17:16:48,917 - root - INFO -  Se da clic en el registro creado, para proceder a eliminarlo.
2023-04-24 17:16:48,989 - root - INFO -  Se presiona el boton 'Eliminar', para eliminar el registro.
2023-04-24 17:16:50,990 - root - INFO -  Captura: C:\xampp\htdocs\versiones\automatizaciones\AutoPWST\06PV\report\img  screen：20230424_17_16_50.png
2023-04-24 17:16:51,159 - root - INFO -  Se confirma el eliminado del registro
2023-04-24 17:16:51,333 - root - INFO -  Se presiona el boton 'Refrescar', para verificar si el registro ha sido eliminado.
2023-04-24 17:16:53,422 - root - INFO -  Se presiona el boton 'Cerrar', para cerrar la pantalla de Poiticas de Venta.
2023-04-24 17:17:00,007 - root - INFO -  Se cierra chrome
