2023-06-20 14:14:51,394 - root - INFO -  Se abre el chrome
2023-06-20 14:14:52,359 - root - INFO -  Entra a la URL
2023-06-20 14:14:52,475 - root - INFO -  Maximiza la pantalla
2023-06-20 14:14:55,549 - root - INFO -  Escribe el usuario
2023-06-20 14:14:55,643 - root - INFO -  Escribe la contraseña
2023-06-20 14:14:55,724 - root - INFO -  Se dio clic en el boton ingresar
2023-06-20 14:14:56,472 - root - INFO -  Ejecutar Enterprise
2023-06-20 14:15:00,508 - root - INFO -  Cambia entre pestañas
2023-06-20 14:15:12,086 - root - INFO -  Abre la pantalla de Politicas de Venta
2023-06-20 14:15:12,633 - root - INFO -  La pantalla ejecutada es Politicas de Venta
2023-06-20 14:15:12,633 - root - INFO -  Captura: C:\xampp\htdocs\versiones\automatizaciones\AutoPWST\06PV\report\img  screen：20230620_14_15_12.png
2023-06-20 14:15:23,014 - root - INFO -  Se presiona el boton 'Nuevo', para crear un nuevo registro.
2023-06-20 14:15:23,563 - root - INFO -  Se abrio la pantalla para el ingreso de un registro nuevo.
2023-06-20 14:15:23,592 - root - INFO -  El campo 'Codigo' si se encuentra visible.
2023-06-20 14:15:23,623 - root - INFO -  El campo 'Codigo Alternativo' si se encuentra visible.
2023-06-20 14:15:23,657 - root - INFO -  El campo 'Descrición' si se encuentra visible.
2023-06-20 14:15:23,684 - root - INFO -  El campo 'Moneda' si se encuentra visible.
2023-06-20 14:15:23,746 - root - INFO -  El campo 'Aplicable en' si se encuentra visible.
2023-06-20 14:15:23,768 - root - INFO -  El campo 'Activa' si se encuentra visible.
2023-06-20 14:15:23,800 - root - INFO -  El campo 'Aplicación Global' si se encuentra visible.
2023-06-20 14:15:23,878 - root - INFO -  Ingresa el codigo del nuevo registro 
2023-06-20 14:15:23,986 - root - INFO -  Ingresa el codigo alternativo del nuevo registro 
2023-06-20 14:15:24,183 - root - INFO -  Ingresa la descripción del nuevo registro 
2023-06-20 14:15:25,125 - root - INFO -  Se dió doble click en el registro de Moneda.
2023-06-20 14:15:25,643 - root - INFO -  Se dió click en la opción BackOffice y Mobile.
2023-06-20 14:15:25,708 - root - INFO -  Se dió click en el checkbox Activa.
2023-06-20 14:15:25,771 - root - INFO -  Se dió click en el checkbox Aplicación Global.
2023-06-20 14:15:25,827 - root - INFO - Se hace el cambio a la pestaña Por Articulo para continuar con el registro nuevo
2023-06-20 14:15:26,496 - root - INFO -  Se presiona el boton 'Nuevo', para crear un nuevo registro de Por Articulo.
2023-06-20 14:15:27,044 - root - INFO -  El campo 'Grupo Política' si se encuentra visible.
2023-06-20 14:15:27,075 - root - INFO -  El campo 'Porcentaje de Descuento' si se encuentra visible.
2023-06-20 14:15:27,109 - root - INFO -  El campo 'Tope Descuento 1' si se encuentra visible.
2023-06-20 14:15:27,144 - root - INFO -  El campo 'Tope Descuento 2' si se encuentra visible.
2023-06-20 14:15:27,230 - root - INFO -  Ingresa el Grupo Politica del nuevo registro 
2023-06-20 14:15:27,326 - root - INFO -  Ingresa el Porcentaje de Descuento del nuevo registro 
2023-06-20 14:15:27,429 - root - INFO -  Ingresa el Tope Descuento 1 del nuevo registro 
2023-06-20 14:15:27,533 - root - INFO -  Ingresa el Tope Descuento 2 del nuevo registro 
2023-06-20 14:15:27,534 - root - INFO -  Captura: C:\xampp\htdocs\versiones\automatizaciones\AutoPWST\06PV\report\img  screen：20230620_14_15_27.png
2023-06-20 14:15:27,780 - root - INFO -  Se presiona el boton 'Guardar', para guardar el registro de Por Articulo.
2023-06-20 14:15:28,000 - root - INFO -  Se da clic en el boton Guardar; se debe crear un nuevo registro.
2023-06-20 14:15:28,381 - root - INFO -  Se presiona el boton 'Refrescar', para crear un nuevo registro igual al anterior.
2023-06-20 14:15:30,441 - root - INFO -  Se presiona el boton 'Nuevo', para crear un nuevo registro igual al anterior.
2023-06-20 14:15:31,012 - root - INFO -  Se abrio la pantalla para el ingreso de un registro nuevo.
2023-06-20 14:15:31,069 - root - INFO -  Ingresa el codigo del nuevo registro 
2023-06-20 14:15:31,152 - root - INFO -  Ingresa el codigo alternativo del nuevo registro 
2023-06-20 14:15:31,323 - root - INFO -  Ingresa la descripción del nuevo registro 
2023-06-20 14:15:32,257 - root - INFO -  Se dió doble click en el registro de Moneda.
2023-06-20 14:15:32,798 - root - INFO -  Se dió click en la opción BackOffice y Mobile.
2023-06-20 14:15:32,853 - root - INFO -  Se dió click en el checkbox Activa.
2023-06-20 14:15:32,904 - root - INFO -  Se dió click en el checkbox Aplicación Global.
2023-06-20 14:15:32,953 - root - INFO -  Se da clic en el boton Guardar; NO se debe crear un nuevo registro.
2023-06-20 14:15:33,954 - root - INFO -  Captura: C:\xampp\htdocs\versiones\automatizaciones\AutoPWST\06PV\report\img  screen：20230620_14_15_33.png
2023-06-20 14:15:39,282 - root - INFO -  Se presiona el boton 'Cerrar', para cerrar el mensaje de duplicidad de llave primaria
2023-06-20 14:15:40,282 - root - INFO -  Captura: C:\xampp\htdocs\versiones\automatizaciones\AutoPWST\06PV\report\img  screen：20230620_14_15_40.png
2023-06-20 14:15:40,466 - root - INFO -  Se presiona el boton 'Cerrar', para cerrar el mensaje de duplicidad de llave primaria
2023-06-20 14:15:40,614 - root - INFO -  Se presiona el boton 'Cerrar', para cerrar la ventana
2023-06-20 14:15:40,729 - root - INFO -  Se presiona el boton 'Refrescar', para proceder a modificar el registro.
2023-06-20 14:15:44,344 - root - INFO -  Se da clic en el registro creado, para proceder a modificarlo.
2023-06-20 14:15:45,027 - root - INFO -  Se modifica el contenido del campo Codigo Alternativo
2023-06-20 14:15:45,231 - root - INFO -  Se modifica el contenido del campo Descripcion
2023-06-20 14:15:45,276 - root - INFO -  Se dió click en el checkbox Aplicación Global.
2023-06-20 14:15:45,327 - root - INFO - Se hace el cambio a la pestaña para continuar con la modificación del registro
2023-06-20 14:15:46,445 - root - INFO -  Se da clic en el registro de Por Articulo, para proceder a modificarlo.
2023-06-20 14:15:47,099 - root - INFO -  Se modifica el contenido del campo Grupo Politica 
2023-06-20 14:15:47,257 - root - INFO -  Se modifica el contenido del campo Porcentaje Descuento
2023-06-20 14:15:48,258 - root - INFO -  Captura: C:\xampp\htdocs\versiones\automatizaciones\AutoPWST\06PV\report\img  screen：20230620_14_15_48.png
2023-06-20 14:15:48,444 - root - INFO -  Se presiona el boton 'Guardar', para guardar la modificación del registro de Por Articulo.
2023-06-20 14:15:48,680 - root - INFO -  Se da clic en el boton Guardar; se debe modificar la informacion del registro.
2023-06-20 14:15:49,055 - root - INFO -  Se presiona el boton 'Refrescar', para proceder a eliminar el registro.
2023-06-20 14:15:52,651 - root - INFO -  Se da clic en el registro creado, para proceder a eliminarlo.
2023-06-20 14:15:53,248 - root - INFO - Se hace el cambio a la pestaña Por Articulo para continuar con la eliminación del registro
2023-06-20 14:15:54,317 - root - INFO -  Se da clic en el registro de Por Articulo, para proceder a eliminarlo.
2023-06-20 14:15:54,387 - root - INFO -  Se presiona el boton 'Eliminar', para eliminar el registro de Por Articulo.
2023-06-20 14:15:54,536 - root - INFO -  Se da clic en el boton Guardar; se debe modificar la informacion del registro.
2023-06-20 14:15:55,119 - root - INFO -  Se da clic en el registro creado, para proceder a eliminarlo.
2023-06-20 14:15:55,199 - root - INFO -  Se presiona el boton 'Eliminar', para eliminar el registro.
2023-06-20 14:15:57,200 - root - INFO -  Captura: C:\xampp\htdocs\versiones\automatizaciones\AutoPWST\06PV\report\img  screen：20230620_14_15_57.png
2023-06-20 14:15:57,357 - root - INFO -  Se confirma el eliminado del registro
2023-06-20 14:15:58,456 - root - ERROR - No se dió click en el botón Refrescar, validar que la acción anterior haya finalizado, que el xpath sea el correcto o que la página no presente lentitud
2023-06-20 14:15:58,456 - root - INFO -  Captura: C:\xampp\htdocs\versiones\automatizaciones\AutoPWST\06PV\report\img  screen：20230620_14_15_58.png
2023-06-20 14:16:02,930 - root - INFO -  Se cierra chrome
2023-06-20 14:16:41,899 - root - INFO -  Se abre el chrome
2023-06-20 14:16:42,623 - root - INFO -  Entra a la URL
2023-06-20 14:16:42,757 - root - INFO -  Maximiza la pantalla
2023-06-20 14:16:45,832 - root - INFO -  Escribe el usuario
2023-06-20 14:16:45,936 - root - INFO -  Escribe la contraseña
2023-06-20 14:16:46,005 - root - INFO -  Se dio clic en el boton ingresar
2023-06-20 14:16:46,681 - root - INFO -  Ejecutar Enterprise
2023-06-20 14:16:50,719 - root - INFO -  Cambia entre pestañas
2023-06-20 14:17:03,184 - root - INFO -  Abre la pantalla de Politicas de Venta
2023-06-20 14:17:04,780 - root - INFO -  La pantalla ejecutada es Politicas de Venta
2023-06-20 14:17:04,780 - root - INFO -  Captura: C:\xampp\htdocs\versiones\automatizaciones\AutoPWST\06PV\report\img  screen：20230620_14_17_04.png
2023-06-20 14:17:14,954 - root - ERROR - No se dió click en el botón Nuevo, validar que la acción anterior haya finalizado, que el xpath sea el correcto o que la página no presente lentitud
2023-06-20 14:17:14,954 - root - INFO -  Captura: C:\xampp\htdocs\versiones\automatizaciones\AutoPWST\06PV\report\img  screen：20230620_14_17_14.png
2023-06-20 14:17:14,967 - root - ERROR - La pantalla ejecutada no es correcta, validar que la acción anterior haya finalizado, que el nombre de la pantalla sea el correcto o que la página no presente lentitud
2023-06-20 14:17:14,967 - root - INFO -  Captura: C:\xampp\htdocs\versiones\automatizaciones\AutoPWST\06PV\report\img  screen：20230620_14_17_14.png
2023-06-20 14:17:14,973 - root - ERROR - No se dió click en el botón Refrescar, validar que la acción anterior haya finalizado, que el xpath sea el correcto o que la página no presente lentitud
2023-06-20 14:17:14,973 - root - INFO -  Captura: C:\xampp\htdocs\versiones\automatizaciones\AutoPWST\06PV\report\img  screen：20230620_14_17_14.png
2023-06-20 14:17:14,981 - root - ERROR - No se dió click en el botón Refrescar, validar que la acción anterior haya finalizado, que el xpath sea el correcto o que la página no presente lentitud
2023-06-20 14:17:14,981 - root - INFO -  Captura: C:\xampp\htdocs\versiones\automatizaciones\AutoPWST\06PV\report\img  screen：20230620_14_17_14.png
2023-06-20 14:17:14,987 - root - ERROR - No se dió click en el botón Refrescar, validar que la acción anterior haya finalizado, que el xpath sea el correcto o que la página no presente lentitud
2023-06-20 14:17:14,987 - root - INFO -  Captura: C:\xampp\htdocs\versiones\automatizaciones\AutoPWST\06PV\report\img  screen：20230620_14_17_14.png
2023-06-20 14:17:20,447 - root - INFO -  Se abre el chrome
2023-06-20 14:17:22,139 - root - INFO -  Entra a la URL
2023-06-20 14:17:22,252 - root - INFO -  Maximiza la pantalla
2023-06-20 14:17:25,595 - root - INFO -  Escribe el usuario
2023-06-20 14:17:25,748 - root - INFO -  Escribe la contraseña
2023-06-20 14:17:25,976 - root - INFO -  Se dio clic en el boton ingresar
2023-06-20 14:17:26,840 - root - INFO -  Ejecutar Enterprise
2023-06-20 14:17:31,043 - root - INFO -  Cambia entre pestañas
2023-06-20 14:17:42,204 - root - INFO -  Abre la pantalla de Politicas de Venta
2023-06-20 14:17:42,765 - root - INFO -  La pantalla ejecutada es Politicas de Venta
2023-06-20 14:17:42,765 - root - INFO -  Captura: C:\xampp\htdocs\versiones\automatizaciones\AutoPWST\06PV\report\img  screen：20230620_14_17_42.png
2023-06-20 14:17:53,355 - root - INFO -  Se presiona el boton 'Nuevo', para crear un nuevo registro.
2023-06-20 14:17:54,170 - root - INFO -  Se abrio la pantalla para el ingreso de un registro nuevo.
2023-06-20 14:17:54,197 - root - INFO -  El campo 'Codigo' si se encuentra visible.
2023-06-20 14:17:54,230 - root - INFO -  El campo 'Codigo Alternativo' si se encuentra visible.
2023-06-20 14:17:54,257 - root - INFO -  El campo 'Descrición' si se encuentra visible.
2023-06-20 14:17:54,285 - root - INFO -  El campo 'Moneda' si se encuentra visible.
2023-06-20 14:17:54,327 - root - INFO -  El campo 'Aplicable en' si se encuentra visible.
2023-06-20 14:17:54,380 - root - INFO -  El campo 'Activa' si se encuentra visible.
2023-06-20 14:17:54,420 - root - INFO -  El campo 'Aplicación Global' si se encuentra visible.
2023-06-20 14:17:54,497 - root - INFO -  Ingresa el codigo del nuevo registro 
2023-06-20 14:17:54,608 - root - INFO -  Ingresa el codigo alternativo del nuevo registro 
2023-06-20 14:17:54,772 - root - INFO -  Ingresa la descripción del nuevo registro 
2023-06-20 14:17:56,202 - root - INFO -  Se dió doble click en el registro de Moneda.
2023-06-20 14:17:56,797 - root - INFO -  Se dió click en la opción BackOffice y Mobile.
2023-06-20 14:17:56,879 - root - INFO -  Se dió click en el checkbox Activa.
2023-06-20 14:17:56,977 - root - INFO -  Se dió click en el checkbox Aplicación Global.
2023-06-20 14:17:57,069 - root - INFO - Se hace el cambio a la pestaña Por Articulo para continuar con el registro nuevo
2023-06-20 14:17:57,698 - root - INFO -  Se presiona el boton 'Nuevo', para crear un nuevo registro de Por Articulo.
2023-06-20 14:17:58,314 - root - INFO -  El campo 'Grupo Política' si se encuentra visible.
2023-06-20 14:17:58,346 - root - INFO -  El campo 'Porcentaje de Descuento' si se encuentra visible.
2023-06-20 14:17:58,382 - root - INFO -  El campo 'Tope Descuento 1' si se encuentra visible.
2023-06-20 14:17:58,416 - root - INFO -  El campo 'Tope Descuento 2' si se encuentra visible.
2023-06-20 14:17:58,514 - root - INFO -  Ingresa el Grupo Politica del nuevo registro 
2023-06-20 14:17:58,624 - root - INFO -  Ingresa el Porcentaje de Descuento del nuevo registro 
2023-06-20 14:17:58,761 - root - INFO -  Ingresa el Tope Descuento 1 del nuevo registro 
2023-06-20 14:17:58,893 - root - INFO -  Ingresa el Tope Descuento 2 del nuevo registro 
2023-06-20 14:17:58,894 - root - INFO -  Captura: C:\xampp\htdocs\versiones\automatizaciones\AutoPWST\06PV\report\img  screen：20230620_14_17_58.png
2023-06-20 14:17:59,384 - root - INFO -  Se presiona el boton 'Guardar', para guardar el registro de Por Articulo.
2023-06-20 14:17:59,568 - root - INFO -  Se da clic en el boton Guardar; se debe crear un nuevo registro.
2023-06-20 14:17:59,892 - root - INFO -  Se presiona el boton 'Refrescar', para crear un nuevo registro igual al anterior.
2023-06-20 14:18:02,025 - root - INFO -  Se presiona el boton 'Nuevo', para crear un nuevo registro igual al anterior.
2023-06-20 14:18:02,622 - root - INFO -  Se abrio la pantalla para el ingreso de un registro nuevo.
2023-06-20 14:18:02,687 - root - INFO -  Ingresa el codigo del nuevo registro 
2023-06-20 14:18:02,798 - root - INFO -  Ingresa el codigo alternativo del nuevo registro 
2023-06-20 14:18:02,970 - root - INFO -  Ingresa la descripción del nuevo registro 
2023-06-20 14:18:03,995 - root - INFO -  Se dió doble click en el registro de Moneda.
2023-06-20 14:18:04,540 - root - INFO -  Se dió click en la opción BackOffice y Mobile.
2023-06-20 14:18:04,701 - root - INFO -  Se dió click en el checkbox Activa.
2023-06-20 14:18:04,791 - root - INFO -  Se dió click en el checkbox Aplicación Global.
2023-06-20 14:18:04,875 - root - INFO -  Se da clic en el boton Guardar; NO se debe crear un nuevo registro.
2023-06-20 14:18:05,876 - root - INFO -  Captura: C:\xampp\htdocs\versiones\automatizaciones\AutoPWST\06PV\report\img  screen：20230620_14_18_05.png
2023-06-20 14:18:11,385 - root - INFO -  Se presiona el boton 'Cerrar', para cerrar el mensaje de duplicidad de llave primaria
2023-06-20 14:18:12,387 - root - INFO -  Captura: C:\xampp\htdocs\versiones\automatizaciones\AutoPWST\06PV\report\img  screen：20230620_14_18_12.png
2023-06-20 14:18:12,730 - root - INFO -  Se presiona el boton 'Cerrar', para cerrar el mensaje de duplicidad de llave primaria
2023-06-20 14:18:13,501 - root - INFO -  Se presiona el boton 'Cerrar', para cerrar la ventana
2023-06-20 14:18:13,879 - root - INFO -  Se presiona el boton 'Refrescar', para proceder a modificar el registro.
2023-06-20 14:18:17,532 - root - INFO -  Se da clic en el registro creado, para proceder a modificarlo.
2023-06-20 14:18:18,273 - root - INFO -  Se modifica el contenido del campo Codigo Alternativo
2023-06-20 14:18:18,523 - root - INFO -  Se modifica el contenido del campo Descripcion
2023-06-20 14:18:18,604 - root - INFO -  Se dió click en el checkbox Aplicación Global.
2023-06-20 14:18:18,684 - root - INFO - Se hace el cambio a la pestaña para continuar con la modificación del registro
2023-06-20 14:18:19,871 - root - INFO -  Se da clic en el registro de Por Articulo, para proceder a modificarlo.
2023-06-20 14:18:20,836 - root - INFO -  Se modifica el contenido del campo Grupo Politica 
2023-06-20 14:18:21,061 - root - INFO -  Se modifica el contenido del campo Porcentaje Descuento
2023-06-20 14:18:22,062 - root - INFO -  Captura: C:\xampp\htdocs\versiones\automatizaciones\AutoPWST\06PV\report\img  screen：20230620_14_18_22.png
2023-06-20 14:18:22,393 - root - INFO -  Se presiona el boton 'Guardar', para guardar la modificación del registro de Por Articulo.
2023-06-20 14:18:22,772 - root - INFO -  Se da clic en el boton Guardar; se debe modificar la informacion del registro.
2023-06-20 14:18:23,093 - root - INFO -  Se presiona el boton 'Refrescar', para proceder a eliminar el registro.
2023-06-20 14:18:26,817 - root - INFO -  Se da clic en el registro creado, para proceder a eliminarlo.
2023-06-20 14:18:27,498 - root - INFO - Se hace el cambio a la pestaña Por Articulo para continuar con la eliminación del registro
2023-06-20 14:18:28,605 - root - INFO -  Se da clic en el registro de Por Articulo, para proceder a eliminarlo.
2023-06-20 14:18:28,673 - root - INFO -  Se presiona el boton 'Eliminar', para eliminar el registro de Por Articulo.
2023-06-20 14:18:29,745 - root - INFO -  Se da clic en el boton Guardar; se debe modificar la informacion del registro.
2023-06-20 14:18:31,323 - root - INFO -  Se da clic en el registro creado, para proceder a eliminarlo.
2023-06-20 14:18:31,404 - root - INFO -  Se presiona el boton 'Eliminar', para eliminar el registro.
2023-06-20 14:18:33,406 - root - INFO -  Captura: C:\xampp\htdocs\versiones\automatizaciones\AutoPWST\06PV\report\img  screen：20230620_14_18_33.png
2023-06-20 14:18:33,554 - root - INFO -  Se confirma el eliminado del registro
2023-06-20 14:18:33,730 - root - INFO -  Se presiona el boton 'Refrescar', para verificar si el registro ha sido eliminado.
2023-06-20 14:18:35,787 - root - INFO -  Se presiona el boton 'Cerrar', para cerrar la pantalla de Poiticas de Venta.
2023-06-20 14:18:42,073 - root - INFO -  Se cierra chrome
