2022-12-26 14:48:47,702 - root - INFO -  Se abre el chrome
2022-12-26 14:48:48,960 - root - INFO -  Entra a la URL
2022-12-26 14:48:49,113 - root - INFO -  Maximiza la pantalla
2022-12-26 14:48:52,234 - root - INFO -  Escribe el usuario
2022-12-26 14:48:52,347 - root - INFO -  Escribe la contraseña
2022-12-26 14:48:52,448 - root - INFO -  Se dio clic en el boton ingresar
2022-12-26 14:48:53,272 - root - INFO -  Ejecutar Enterprise
2022-12-26 14:48:57,339 - root - INFO -  Cambia entre pestañas
2022-12-26 14:49:08,067 - root - INFO -  Abre la pantalla de Objetivos Diarios
2022-12-26 14:49:08,622 - root - INFO -  La pantalla ejecutada es Objetivos Diarios.
2022-12-26 14:49:08,623 - root - INFO -  Captura: C:\xampp\htdocs\Versiones\automatizaciones\AutoPWST\02OBD\report\img  screen：20221226_14_49_08.png
2022-12-26 14:49:08,819 - root - INFO -  Se presiona el boton 'Nuevo', para crear un nuevo registro.
2022-12-26 14:49:09,380 - root - INFO -  Se abrio la pantalla para el ingreso de un registro nuevo.
2022-12-26 14:49:09,420 - root - INFO -  El campo 'Vendedor' si se encuentra visible.
2022-12-26 14:49:09,464 - root - INFO -  El campo 'Fecha' si se encuentra visible.
2022-12-26 14:49:09,511 - root - INFO -  El campo 'Efectividad %' si se encuentra visible.
2022-12-26 14:49:10,511 - root - INFO -  Se dió doble click en el regitro de Vendedor.
2022-12-26 14:49:10,648 - root - INFO -  Ingresa la efectividad del nuevo registro 
2022-12-26 14:49:10,649 - root - INFO -  Captura: C:\xampp\htdocs\Versiones\automatizaciones\AutoPWST\02OBD\report\img  screen：20221226_14_49_10.png
2022-12-26 14:49:10,969 - root - INFO - Se hace el cambio a la pestaña Grupos para continuar con el registro nuevo
2022-12-26 14:49:11,703 - root - INFO -  Se presiona el boton 'Nuevo', para crear un nuevo registro de Grupos.
2022-12-26 14:49:12,277 - root - INFO -  El campo 'Grupo Política' si se encuentra visible.
2022-12-26 14:49:12,316 - root - INFO -  El campo 'Tipo Objetivo' si se encuentra visible.
2022-12-26 14:49:12,357 - root - INFO -  El campo 'Tipo Unidad' si se encuentra visible.
2022-12-26 14:49:12,405 - root - INFO -  El campo 'Objetivo Cantidad' si se encuentra visible.
2022-12-26 14:49:13,388 - root - INFO -  Se dió doble click en el regitro de Grupos Politica.
2022-12-26 14:49:14,032 - root - INFO -  Se dió click en la opción Volumen Mensual.
2022-12-26 14:49:14,520 - root - INFO -  Se dió click en la opción Unidad.
2022-12-26 14:49:14,652 - root - INFO -  Ingresa el Objetivo Cantidad del nuevo registro 
2022-12-26 14:49:14,735 - root - INFO -  Se da clic en el boton Guardar; se debe crear un nuevo registro de Grupos.
2022-12-26 14:49:15,030 - root - INFO -  Se da clic en el boton Guardar; se debe crear un nuevo registro.
2022-12-26 14:49:15,311 - root - INFO -  Se presiona el boton 'Refrescar', para crear un nuevo registro igual al anterior.
2022-12-26 14:49:17,428 - root - INFO -  Se presiona el boton 'Nuevo', para crear un nuevo registro igual al anterior.
2022-12-26 14:49:18,031 - root - INFO -  Se abrio la pantalla para el ingreso de un registro nuevo.
2022-12-26 14:49:18,066 - root - INFO -  El campo 'Vendedor' si se encuentra visible.
2022-12-26 14:49:18,103 - root - INFO -  El campo 'Fecha' si se encuentra visible.
2022-12-26 14:49:18,139 - root - INFO -  El campo 'Efectividad %' si se encuentra visible.
2022-12-26 14:49:19,115 - root - INFO -  Se dió doble click en el registro de Vendedor.
2022-12-26 14:49:19,264 - root - INFO -  Ingresa la efectividad del nuevo registro 
2022-12-26 14:49:19,412 - root - INFO -  Se da clic en el boton Guardar; No se debe crear un nuevo registro.
2022-12-26 14:49:21,414 - root - INFO -  Captura: C:\xampp\htdocs\Versiones\automatizaciones\AutoPWST\02OBD\report\img  screen：20221226_14_49_21.png
2022-12-26 14:49:24,369 - root - INFO -  Se presiona el boton 'Cerrar', para cerrar el mensaje de duplicidad de llave primaria
2022-12-26 14:49:24,511 - root - INFO -  Se presiona el boton 'Cerrar', para cerrar la ventana
2022-12-26 14:49:24,645 - root - INFO -  Se presiona el boton 'Refrescar', para proceder a modificar el registro.
2022-12-26 14:49:27,305 - root - INFO -  Se da doble click en el registro creado, para proceder a modificarlo.
2022-12-26 14:49:27,965 - root - INFO -  Se modifica el contenido del campo efectividad 
2022-12-26 14:49:27,966 - root - INFO -  Captura: C:\xampp\htdocs\Versiones\automatizaciones\AutoPWST\02OBD\report\img  screen：20221226_14_49_27.png
2022-12-26 14:49:28,164 - root - INFO - Se hace el cambio a la pestaña Grupos para continuar con la Modificación del registro
2022-12-26 14:49:29,308 - root - INFO -  Se da doble click en el registro de Grupos, para proceder a modificarlo.
2022-12-26 14:49:30,920 - root - INFO -  Se dió doble click en el registro de Grupos Politica.
2022-12-26 14:49:31,550 - root - INFO -  Se dió click en la opción Volumen Mensual.
2022-12-26 14:49:31,970 - root - INFO -  Se dió click en la opción Unidad.
2022-12-26 14:49:32,120 - root - INFO -  Se modifica el contenido del campo Objetivo Cantidad 
2022-12-26 14:49:32,197 - root - INFO -  Se da clic en el boton Guardar; se debe modificar el registro de Grupos.
2022-12-26 14:49:32,498 - root - INFO -  Se da clic en el boton Guardar; se debe modificar la informacion del registro.
2022-12-26 14:49:32,860 - root - INFO -  Se presiona el boton 'Refrescar', para proceder a eliminar el registro.
2022-12-26 14:49:35,494 - root - INFO -  Se da clic en el registro creado, para proceder a eliminarlo.
2022-12-26 14:49:35,607 - root - INFO -  Se presiona el boton 'Eliminar', para eliminar el registro.
2022-12-26 14:49:35,608 - root - INFO -  Captura: C:\xampp\htdocs\Versiones\automatizaciones\AutoPWST\02OBD\report\img  screen：20221226_14_49_35.png
2022-12-26 14:49:38,748 - root - INFO -  Captura: C:\xampp\htdocs\Versiones\automatizaciones\AutoPWST\02OBD\report\img  screen：20221226_14_49_38.png
2022-12-26 14:49:38,987 - root - INFO -  Se confirma el eliminado del registro
2022-12-26 14:49:39,214 - root - INFO -  Se presiona el boton 'Refrescar', para verificar que el registro ha sido eliminado.
2022-12-26 14:49:41,297 - root - INFO -  Se presiona el boton 'Cerrar', para cerrar la pantalla de Objetivos Diarios.
2022-12-26 14:49:45,712 - root - INFO -  Se cierra chrome
