2022-08-25 10:36:13,434 - root - INFO -  Se abre el chrome
2022-08-25 10:36:14,798 - root - INFO -  Entra a la URL
2022-08-25 10:36:14,922 - root - INFO -  Maximiza la pantalla
2022-08-25 10:36:17,972 - root - INFO -  Cambia al frame
2022-08-25 10:36:21,070 - root - INFO -  Escribe el usuario
2022-08-25 10:36:21,171 - root - INFO -  Escribe la contraseña
2022-08-25 10:36:21,314 - root - INFO -  Se dio clic en el boton ingresar
2022-08-25 10:36:22,709 - root - INFO -  Ejecutar Enterprise
2022-08-25 10:36:22,710 - root - INFO -  Captura: C:\xampp\htdocs\versiones\automatizaciones\AutoPWST\02OBD\report\img  screen：20220825_10_36_22.png
2022-08-25 10:36:26,960 - root - INFO -  Cambia entre pestañas
2022-08-25 10:36:32,098 - root - INFO -  Abre el menu completo
2022-08-25 10:36:46,078 - root - INFO -  Abre la pantalla de Objetivos Diarios
2022-08-25 10:36:46,146 - root - INFO -  La pantalla ejecutada es Lista de precios.
2022-08-25 10:36:49,161 - root - INFO -  Captura: C:\xampp\htdocs\versiones\automatizaciones\AutoPWST\02OBD\report\img  screen：20220825_10_36_49.png
2022-08-25 10:36:49,352 - root - INFO -  Se presiona el boton 'Nuevo', para crear un nuevo registro.
2022-08-25 10:36:54,445 - root - INFO -  Se abrio la pantalla para el ingreso de un registro nuevo.
2022-08-25 10:36:54,482 - root - INFO -  El campo 'Vendedor' si se encuentra visible.
2022-08-25 10:36:54,519 - root - INFO -  El campo 'Fecha' si se encuentra visible.
2022-08-25 10:36:54,556 - root - INFO -  El campo 'Efectividad %' si se encuentra visible.
2022-08-25 10:37:15,598 - root - INFO -  Ingresa la efectividad del nuevo registro 
2022-08-25 10:37:18,608 - root - INFO -  Captura: C:\xampp\htdocs\versiones\automatizaciones\AutoPWST\02OBD\report\img  screen：20220825_10_37_18.png
2022-08-25 10:37:18,823 - root - INFO - Se hace el cambio de pestaña para continuar con el registro nuevo
2022-08-25 10:37:21,917 - root - INFO -  Se presiona el boton 'Nuevo', para crear un nuevo registro.
2022-08-25 10:37:27,001 - root - INFO -  El campo 'Grupo Política' si se encuentra visible.
2022-08-25 10:37:27,041 - root - INFO -  El campo 'Tipo Objetivo' si se encuentra visible.
2022-08-25 10:37:27,080 - root - INFO -  El campo 'Tipo Unidad' si se encuentra visible.
2022-08-25 10:37:27,119 - root - INFO -  El campo 'Objetivo Cantidad' si se encuentra visible.
2022-08-25 10:37:54,597 - root - INFO -  Ingresa el Objetivo Cantidad del nuevo registro 
2022-08-25 10:37:57,747 - root - INFO -  Se da clic en el boton Guardar; se debe crear un nuevo registro.
2022-08-25 10:38:02,862 - root - INFO -  Se da clic en el boton Guardar; se debe crear un nuevo registro.
2022-08-25 10:38:08,007 - root - INFO -  Se presiona el boton 'Refrescar', para crear un nuevo registro igual al anterior.
2022-08-25 10:38:13,110 - root - INFO -  Se presiona el boton 'Nuevo', para crear un nuevo registro igual al anterior.
2022-08-25 10:38:18,204 - root - INFO -  Se abrio la pantalla para el ingreso de un registro nuevo.
2022-08-25 10:38:18,249 - root - INFO -  El campo 'Vendedor' si se encuentra visible.
2022-08-25 10:38:18,288 - root - INFO -  El campo 'Fecha' si se encuentra visible.
2022-08-25 10:38:18,327 - root - INFO -  El campo 'Efectividad %' si se encuentra visible.
2022-08-25 10:38:39,354 - root - INFO -  Ingresa la efectividad del nuevo registro 
2022-08-25 10:38:42,498 - root - INFO -  Se da clic en el boton Guardar; se debe crear un nuevo registro.
2022-08-25 10:38:47,511 - root - INFO -  Captura: C:\xampp\htdocs\versiones\automatizaciones\AutoPWST\02OBD\report\img  screen：20220825_10_38_47.png
2022-08-25 10:38:47,743 - root - INFO -  Se presiona el boton 'Cerrar', para cerrar el mensaje de duplicidad de llave primaria
2022-08-25 10:38:50,856 - root - INFO -  Se presiona el boton 'Cerrar', para cerrar la ventana
2022-08-25 10:38:54,971 - root - INFO -  Se presiona el boton 'Refrescar', para crear un nuevo registro igual al anterior.
2022-08-25 10:39:04,634 - root - INFO -  Se da clic en el registro creado, para proceder a modificarlo.
2022-08-25 10:39:07,769 - root - INFO -  Ingresa la efectividad del nuevo registro 
2022-08-25 10:39:10,774 - root - INFO -  Captura: C:\xampp\htdocs\versiones\automatizaciones\AutoPWST\02OBD\report\img  screen：20220825_10_39_10.png
2022-08-25 10:39:10,981 - root - INFO - Se hace el cambio de pestaña para continuar con el registro nuevo
2022-08-25 10:39:18,638 - root - INFO -  Se da clic en el registro creado, para proceder a modificarlo.
2022-08-25 10:39:49,208 - root - INFO -  Ingresa el Objetivo Cantidad del nuevo registro 
2022-08-25 10:39:52,316 - root - INFO -  Se da clic en el boton Guardar; se debe crear un nuevo registro.
2022-08-25 10:39:57,430 - root - INFO -  Se da clic en el boton Guardar; se debe modificar la informacion del registro.
2022-08-25 10:40:02,520 - root - INFO -  Se presiona el boton 'Refrescar', para proceder a eliminar el registro.
2022-08-25 10:40:12,138 - root - INFO -  Se da clic en el registro creado, para proceder a eliminarlo.
2022-08-25 10:40:15,259 - root - INFO -  Se presiona el boton 'Eliminar', para eliminar el registro.
2022-08-25 10:40:20,262 - root - INFO -  Captura: C:\xampp\htdocs\versiones\automatizaciones\AutoPWST\02OBD\report\img  screen：20220825_10_40_20.png
2022-08-25 10:40:20,626 - root - INFO -  Se confirma el eliminado del registro
2022-08-25 10:40:25,710 - root - INFO -  Se presiona el boton 'Refrescar', para crear un nuevo registro igual al anterior.
2022-08-25 10:40:30,814 - root - INFO -  Se presiona el boton 'Cerrar', para cerrar la pantalla de Categorias Fiscales.
2022-08-25 10:40:35,111 - root - INFO -  Se cierra chrome
