2022-08-08 09:13:54,907 - root - INFO -  Se abre el chrome
2022-08-08 09:14:00,015 - root - INFO -  Entra a la URL
2022-08-08 09:14:00,159 - root - INFO -  Maximiza la pantalla
2022-08-08 09:14:03,227 - root - INFO -  Cambia al frame
2022-08-08 09:14:06,404 - root - INFO -  Escribe el usuario
2022-08-08 09:14:06,553 - root - INFO -  Escribe la contraseña
2022-08-08 09:14:06,740 - root - INFO -  Se dio clic en el boton ingresar
2022-08-08 09:14:09,203 - root - INFO -  Ejecutar Enterprise
2022-08-08 09:14:09,206 - root - INFO -  Captura: C:\xampp\htdocs\versiones\automatizaciones\AutoPWST\02OBD\report\img  screen：20220808_09_14_09.png
2022-08-08 09:14:13,469 - root - INFO -  Cambia entre pestañas
2022-08-08 09:14:33,157 - root - INFO -  Abre el menu completo
2022-08-08 09:14:47,139 - root - INFO -  Abre la pantalla de Objetivos Diarios
2022-08-08 09:14:47,239 - root - INFO -  La pantalla ejecutada es Lista de precios.
2022-08-08 09:14:50,255 - root - INFO -  Captura: C:\xampp\htdocs\versiones\automatizaciones\AutoPWST\02OBD\report\img  screen：20220808_09_14_50.png
2022-08-08 09:14:50,487 - root - INFO -  Se presiona el boton 'Nuevo', para crear un nuevo registro.
2022-08-08 09:14:55,575 - root - INFO -  Se abrio la pantalla para el ingreso de un registro nuevo.
2022-08-08 09:14:55,633 - root - INFO -  El campo 'Vendedor' si se encuentra visible.
2022-08-08 09:14:55,682 - root - INFO -  El campo 'Fecha' si se encuentra visible.
2022-08-08 09:14:55,728 - root - INFO -  El campo 'Efectividad %' si se encuentra visible.
2022-08-08 09:15:16,830 - root - INFO -  Ingresa la efectividad del nuevo registro 
2022-08-08 09:15:19,832 - root - INFO -  Captura: C:\xampp\htdocs\versiones\automatizaciones\AutoPWST\02OBD\report\img  screen：20220808_09_15_19.png
2022-08-08 09:15:20,114 - root - INFO - Se hace el cambio de pestaña para continuar con el registro nuevo
2022-08-08 09:15:23,220 - root - INFO -  Se presiona el boton 'Nuevo', para crear un nuevo registro.
2022-08-08 09:15:28,291 - root - INFO -  El campo 'Grupo Política' si se encuentra visible.
2022-08-08 09:15:28,329 - root - INFO -  El campo 'Tipo Objetivo' si se encuentra visible.
2022-08-08 09:15:28,371 - root - INFO -  El campo 'Tipo Unidad' si se encuentra visible.
2022-08-08 09:15:28,413 - root - INFO -  El campo 'Objetivo Cantidad' si se encuentra visible.
2022-08-08 09:15:56,041 - root - INFO -  Ingresa el Objetivo Cantidad del nuevo registro 
2022-08-08 09:15:59,195 - root - INFO -  Se da clic en el boton Guardar; se debe crear un nuevo registro.
2022-08-08 09:16:04,302 - root - INFO -  Se da clic en el boton Guardar; se debe crear un nuevo registro.
2022-08-08 09:16:09,453 - root - INFO -  Se presiona el boton 'Refrescar', para crear un nuevo registro igual al anterior.
2022-08-08 09:16:14,586 - root - INFO -  Se presiona el boton 'Nuevo', para crear un nuevo registro igual al anterior.
2022-08-08 09:16:19,656 - root - INFO -  Se abrio la pantalla para el ingreso de un registro nuevo.
2022-08-08 09:16:19,697 - root - INFO -  El campo 'Vendedor' si se encuentra visible.
2022-08-08 09:16:19,740 - root - INFO -  El campo 'Fecha' si se encuentra visible.
2022-08-08 09:16:19,783 - root - INFO -  El campo 'Efectividad %' si se encuentra visible.
2022-08-08 09:16:31,356 - root - ERROR - No se encontró el registro de Fecha, revise si el xpath sigue siendo el mismo, para mas detalles del error consulte el reporte
2022-08-08 09:16:34,361 - root - INFO -  Captura: C:\xampp\htdocs\versiones\automatizaciones\AutoPWST\02OBD\report\img  screen：20220808_09_16_34.png
2022-08-08 09:16:35,089 - root - ERROR - No se encontró el botón Refrescar, revise si el xpath sigue siendo el mismo, para mas detalles del error consulte el reporte
2022-08-08 09:16:38,102 - root - INFO -  Captura: C:\xampp\htdocs\versiones\automatizaciones\AutoPWST\02OBD\report\img  screen：20220808_09_16_38.png
2022-08-08 09:16:38,170 - root - ERROR - No se encontró el botón Refrescar, revise si el xpath sigue siendo el mismo, para mas detalles del error consulte el reporte
2022-08-08 09:16:41,181 - root - INFO -  Captura: C:\xampp\htdocs\versiones\automatizaciones\AutoPWST\02OBD\report\img  screen：20220808_09_16_41.png
2022-08-08 09:22:28,866 - root - INFO -  Se abre el chrome
2022-08-08 09:22:31,729 - root - INFO -  Entra a la URL
2022-08-08 09:22:31,871 - root - INFO -  Maximiza la pantalla
2022-08-08 09:22:34,930 - root - INFO -  Cambia al frame
2022-08-08 09:22:38,019 - root - INFO -  Escribe el usuario
2022-08-08 09:22:38,134 - root - INFO -  Escribe la contraseña
2022-08-08 09:22:38,275 - root - INFO -  Se dio clic en el boton ingresar
2022-08-08 09:22:41,422 - root - INFO -  Ejecutar Enterprise
2022-08-08 09:22:41,423 - root - INFO -  Captura: C:\xampp\htdocs\versiones\automatizaciones\AutoPWST\02OBD\report\img  screen：20220808_09_22_41.png
2022-08-08 09:22:45,657 - root - INFO -  Cambia entre pestañas
2022-08-08 09:23:08,918 - root - INFO -  Abre el menu completo
2022-08-08 09:23:22,907 - root - INFO -  Abre la pantalla de Objetivos Diarios
2022-08-08 09:23:22,991 - root - INFO -  La pantalla ejecutada es Lista de precios.
2022-08-08 09:23:26,005 - root - INFO -  Captura: C:\xampp\htdocs\versiones\automatizaciones\AutoPWST\02OBD\report\img  screen：20220808_09_23_26.png
2022-08-08 09:23:26,258 - root - INFO -  Se presiona el boton 'Nuevo', para crear un nuevo registro.
2022-08-08 09:23:31,340 - root - INFO -  Se abrio la pantalla para el ingreso de un registro nuevo.
2022-08-08 09:23:31,382 - root - INFO -  El campo 'Vendedor' si se encuentra visible.
2022-08-08 09:23:31,421 - root - INFO -  El campo 'Fecha' si se encuentra visible.
2022-08-08 09:23:31,475 - root - INFO -  El campo 'Efectividad %' si se encuentra visible.
2022-08-08 09:23:52,619 - root - INFO -  Ingresa la efectividad del nuevo registro 
2022-08-08 09:23:55,636 - root - INFO -  Captura: C:\xampp\htdocs\versiones\automatizaciones\AutoPWST\02OBD\report\img  screen：20220808_09_23_55.png
2022-08-08 09:23:55,892 - root - INFO - Se hace el cambio de pestaña para continuar con el registro nuevo
2022-08-08 09:23:59,051 - root - INFO -  Se presiona el boton 'Nuevo', para crear un nuevo registro.
2022-08-08 09:24:04,147 - root - INFO -  El campo 'Grupo Política' si se encuentra visible.
2022-08-08 09:24:04,187 - root - INFO -  El campo 'Tipo Objetivo' si se encuentra visible.
2022-08-08 09:24:04,242 - root - INFO -  El campo 'Tipo Unidad' si se encuentra visible.
2022-08-08 09:24:04,283 - root - INFO -  El campo 'Objetivo Cantidad' si se encuentra visible.
2022-08-08 09:24:31,861 - root - INFO -  Ingresa el Objetivo Cantidad del nuevo registro 
2022-08-08 09:24:34,992 - root - INFO -  Se da clic en el boton Guardar; se debe crear un nuevo registro.
2022-08-08 09:24:40,156 - root - INFO -  Se da clic en el boton Guardar; se debe crear un nuevo registro.
2022-08-08 09:24:45,317 - root - INFO -  Se presiona el boton 'Refrescar', para crear un nuevo registro igual al anterior.
2022-08-08 09:24:50,513 - root - INFO -  Se presiona el boton 'Nuevo', para crear un nuevo registro igual al anterior.
2022-08-08 09:24:55,615 - root - INFO -  Se abrio la pantalla para el ingreso de un registro nuevo.
2022-08-08 09:24:55,678 - root - INFO -  El campo 'Vendedor' si se encuentra visible.
2022-08-08 09:24:55,718 - root - INFO -  El campo 'Fecha' si se encuentra visible.
2022-08-08 09:24:55,760 - root - INFO -  El campo 'Efectividad %' si se encuentra visible.
2022-08-08 09:25:16,868 - root - INFO -  Ingresa la efectividad del nuevo registro 
2022-08-08 09:25:19,999 - root - INFO -  Se da clic en el boton Guardar; se debe crear un nuevo registro.
2022-08-08 09:25:25,011 - root - INFO -  Captura: C:\xampp\htdocs\versiones\automatizaciones\AutoPWST\02OBD\report\img  screen：20220808_09_25_25.png
2022-08-08 09:25:25,241 - root - INFO -  Se presiona el boton 'Cerrar', para cerrar el mensaje de duplicidad de llave primaria
2022-08-08 09:25:28,443 - root - INFO -  Se presiona el boton 'Cerrar', para cerrar la ventana
2022-08-08 09:25:32,574 - root - INFO -  Se presiona el boton 'Refrescar', para crear un nuevo registro igual al anterior.
2022-08-08 09:25:42,205 - root - INFO -  Se da clic en el registro creado, para proceder a modificarlo.
2022-08-08 09:25:45,410 - root - INFO -  Ingresa la efectividad del nuevo registro 
2022-08-08 09:25:48,412 - root - INFO -  Captura: C:\xampp\htdocs\versiones\automatizaciones\AutoPWST\02OBD\report\img  screen：20220808_09_25_48.png
2022-08-08 09:25:48,658 - root - INFO - Se hace el cambio de pestaña para continuar con el registro nuevo
2022-08-08 09:25:56,313 - root - INFO -  Se da clic en el registro creado, para proceder a modificarlo.
2022-08-08 09:26:27,005 - root - INFO -  Ingresa el Objetivo Cantidad del nuevo registro 
2022-08-08 09:26:30,130 - root - INFO -  Se da clic en el boton Guardar; se debe crear un nuevo registro.
2022-08-08 09:26:35,238 - root - INFO -  Se da clic en el boton Guardar; se debe modificar la informacion del registro.
2022-08-08 09:26:40,373 - root - INFO -  Se presiona el boton 'Refrescar', para proceder a eliminar el registro.
2022-08-08 09:26:49,995 - root - INFO -  Se da clic en el registro creado, para proceder a eliminarlo.
2022-08-08 09:26:53,141 - root - INFO -  Se presiona el boton 'Eliminar', para eliminar el registro.
2022-08-08 09:26:58,151 - root - INFO -  Captura: C:\xampp\htdocs\versiones\automatizaciones\AutoPWST\02OBD\report\img  screen：20220808_09_26_58.png
2022-08-08 09:26:58,387 - root - INFO -  Se confirma el eliminado del registro
2022-08-08 09:27:03,450 - root - INFO -  Se presiona el boton 'Refrescar', para crear un nuevo registro igual al anterior.
2022-08-08 09:27:08,545 - root - INFO -  Se presiona el boton 'Cerrar', para cerrar la pantalla de Categorias Fiscales.
2022-08-08 09:27:12,827 - root - INFO -  Se cierra chrome
