2022-09-27 19:00:00,116 - root - INFO -  Se presiona el boton 'Cerrar', para cerrar el mensaje de duplicidad de llave primaria
2022-09-27 19:00:03,205 - root - INFO -  Se presiona el boton 'Cerrar', para cerrar la ventana
2022-09-27 19:00:07,287 - root - INFO -  Se presiona el boton 'Refrescar', para proceder a modificar el registro.
2022-09-27 19:00:16,902 - root - INFO -  Se da doble click en el registro creado, para proceder a modificarlo.
2022-09-27 19:00:20,038 - root - INFO -  Se modifica el contenido del campo efectividad 
2022-09-27 19:00:23,045 - root - INFO -  Captura: C:\xampp\htdocs\Versiones\automatizaciones\AutoPWST\02OBD\report\img  screen：20220927_19_00_23.png
2022-09-27 19:00:23,257 - root - INFO - Se hace el cambio a la pestaña Grupos para continuar con la Modificación del registro
2022-09-27 19:00:30,884 - root - INFO -  Se da doble click en el registro de Grupos, para proceder a modificarlo.
2022-09-27 19:00:41,388 - root - INFO -  Se dió doble click en el registro de Grupos Politica.
2022-09-27 19:00:49,865 - root - INFO -  Se dió click en la opción Volumen Mensual.
2022-09-27 19:00:58,294 - root - INFO -  Se dió click en la opción Unidad.
2022-09-27 19:01:01,450 - root - INFO -  Se modifica el contenido del campo Objetivo Cantidad 
2022-09-27 19:01:04,571 - root - INFO -  Se da clic en el boton Guardar; se debe modificar el registro de Grupos.
2022-09-27 19:01:09,699 - root - INFO -  Se da clic en el boton Guardar; se debe modificar la informacion del registro.
2022-09-27 19:01:14,814 - root - INFO -  Se presiona el boton 'Refrescar', para proceder a eliminar el registro.
2022-09-27 19:01:24,417 - root - INFO -  Se da clic en el registro creado, para proceder a eliminarlo.
2022-09-27 19:01:27,527 - root - INFO -  Se presiona el boton 'Eliminar', para eliminar el registro.
2022-09-27 19:01:32,531 - root - INFO -  Captura: C:\xampp\htdocs\Versiones\automatizaciones\AutoPWST\02OBD\report\img  screen：20220927_19_01_32.png
2022-09-27 19:01:32,746 - root - INFO -  Se confirma el eliminado del registro
2022-09-27 19:01:37,858 - root - INFO -  Se presiona el boton 'Refrescar', para verificar que el registro ha sido eliminado.
2022-09-27 19:01:42,969 - root - INFO -  Se presiona el boton 'Cerrar', para cerrar la pantalla de Objetivos Diarios.
2022-09-27 19:01:49,338 - root - INFO -  Se cierra chrome
