2023-05-03 13:54:56,818 - root - INFO -  Se abre el chrome
2023-05-03 13:54:57,986 - root - INFO -  Entra a la URL
2023-05-03 13:54:58,129 - root - INFO -  Maximiza la pantalla
2023-05-03 13:55:01,288 - root - INFO -  Escribe el usuario
2023-05-03 13:55:01,378 - root - INFO -  Escribe la contraseña
2023-05-03 13:55:01,466 - root - INFO -  Se dio clic en el boton ingresar
2023-05-03 13:55:03,197 - root - INFO -  Ejecutar Enterprise
2023-05-03 13:55:07,240 - root - INFO -  Cambia entre pestañas
2023-05-03 13:55:22,869 - root - INFO -  Abre la pantalla de Cajas
2023-05-03 13:55:23,956 - root - INFO -  La pantalla ejecutada es Cajas
2023-05-03 13:55:23,956 - root - INFO -  Captura: C:\xampp\htdocs\versiones\automatizaciones\AutoPWST\01CAJ\report\img  screen：20230503_13_55_23.png
2023-05-03 13:55:24,117 - root - INFO -  Se presiona el boton 'Nuevo', para crear un nuevo registro.
2023-05-03 13:55:24,663 - root - INFO -  Se abrio la pantalla para el ingreso de un registro nuevo.
2023-05-03 13:55:24,743 - root - INFO -  Ingresa el codigo del nuevo registro 
2023-05-03 13:55:24,874 - root - INFO -  Ingresa la descripción del nuevo registro 
2023-05-03 13:55:24,874 - root - INFO -  Captura: C:\xampp\htdocs\versiones\automatizaciones\AutoPWST\01CAJ\report\img  screen：20230503_13_55_24.png
2023-05-03 13:55:25,024 - root - INFO - Se hace el cambio de pestaña para continuar con el registro nuevo
2023-05-03 13:55:25,597 - root - INFO -  Se presiona el boton 'Nuevo', para crear un nuevo registro.
2023-05-03 13:55:30,344 - root - INFO -  Se presiona el boton 'Aceptar', para guardar el registro.
2023-05-03 13:55:30,604 - root - INFO -  Se da clic en el boton Guardar; se debe crear un nuevo registro.
2023-05-03 13:55:30,958 - root - INFO -  Se presiona el boton 'Refrescar', para crear un nuevo registro igual al anterior.
2023-05-03 13:55:33,006 - root - INFO -  Se presiona el boton 'Nuevo', para crear un nuevo registro igual al anterior.
2023-05-03 13:55:33,565 - root - INFO -  Se abrio la pantalla para el ingreso de un registro nuevo.
2023-05-03 13:55:33,624 - root - INFO -  Ingresa el codigo del nuevo registro 
2023-05-03 13:55:33,760 - root - INFO -  Ingresa la descripción del nuevo registro 
2023-05-03 13:55:33,821 - root - INFO -  Se da clic en el boton Guardar; se debe crear un nuevo registro.
2023-05-03 13:55:34,423 - root - INFO -  Se da clic en el boton del mensaje de registro duplicado
2023-05-03 13:55:36,425 - root - INFO -  Captura: C:\xampp\htdocs\versiones\automatizaciones\AutoPWST\01CAJ\report\img  screen：20230503_13_55_36.png
2023-05-03 13:55:36,594 - root - INFO -  Se presiona el boton 'Cerrar', para cerrar el mensaje de duplicidad de llave primaria
2023-05-03 13:55:36,746 - root - INFO -  Se presiona el boton 'Cerrar', para cerrar la ventana
2023-05-03 13:55:36,917 - root - INFO -  Se presiona el boton 'Refrescar', para crear un nuevo registro igual al anterior.
2023-05-03 13:55:39,505 - root - INFO -  Se da clic en el registro creado, para proceder a modificarlo.
2023-05-03 13:55:40,224 - root - INFO -  Se modifica el contenido del campo Descripcion
2023-05-03 13:55:40,224 - root - INFO -  Captura: C:\xampp\htdocs\versiones\automatizaciones\AutoPWST\01CAJ\report\img  screen：20230503_13_55_40.png
2023-05-03 13:55:40,355 - root - INFO - Se hace el cambio de pestaña para continuar con el registro nuevo
2023-05-03 13:55:41,454 - root - INFO -  Se da clic en el registro creado, para proceder a modificarlo.
2023-05-03 13:55:45,860 - root - INFO -  Se presiona el boton 'Aceptar', para guardar el registro.
2023-05-03 13:55:46,129 - root - INFO -  Se da clic en el boton Guardar; se debe modificar la informacion del registro.
2023-05-03 13:55:46,374 - root - INFO -  Se presiona el boton 'Refrescar', para proceder a eliminar el registro.
2023-05-03 13:55:48,950 - root - INFO -  Se da clic en el registro creado, para proceder a eliminarlo.
2023-05-03 13:55:49,035 - root - INFO -  Se presiona el boton 'Eliminar', para eliminar el registro.
2023-05-03 13:55:51,037 - root - INFO -  Captura: C:\xampp\htdocs\versiones\automatizaciones\AutoPWST\01CAJ\report\img  screen：20230503_13_55_51.png
2023-05-03 13:55:51,180 - root - INFO -  Se confirma el eliminado del registro
2023-05-03 13:55:51,614 - root - INFO -  Se presiona el boton 'Refrescar', para crear un nuevo registro igual al anterior.
2023-05-03 13:55:53,679 - root - INFO -  Se presiona el boton 'Cerrar', para cerrar la pantalla de Cajas.
2023-05-03 13:56:00,091 - root - INFO -  Se cierra chrome
