2023-02-23 17:33:08,817 - root - INFO -  Se abre el chrome
2023-02-23 17:33:09,799 - root - INFO -  Entra a la URL
2023-02-23 17:33:09,937 - root - INFO -  Maximiza la pantalla
2023-02-23 17:33:42,593 - root - INFO -  Se abre el chrome
2023-02-23 17:33:43,568 - root - INFO -  Entra a la URL
2023-02-23 17:33:43,696 - root - INFO -  Maximiza la pantalla
2023-02-23 17:33:46,833 - root - INFO -  Escribe el usuario
2023-02-23 17:33:46,934 - root - INFO -  Escribe la contraseña
2023-02-23 17:33:47,029 - root - INFO -  Se dio clic en el boton ingresar
2023-02-23 17:33:48,816 - root - INFO -  Ejecutar Enterprise
2023-02-23 17:33:52,869 - root - INFO -  Cambia entre pestañas
2023-02-23 17:35:04,633 - root - ERROR - No se pudo encontrar el menu indicado, revise si el xpath sigue siendo el mismo, para mas detalles del error consulte el reporte
2023-02-23 17:35:05,661 - root - INFO - Se ingreso a la pantalla mediante el buscador porque fallo el ingreso por menus
2023-02-23 17:35:06,725 - root - INFO -  La pantalla ejecutada es Cajas
2023-02-23 17:35:06,726 - root - INFO -  Captura: C:\xampp\htdocs\versiones\automatizaciones\AutoPWST\01CAJ\report\img  screen：20230223_17_35_06.png
2023-02-23 17:35:06,924 - root - INFO -  Se presiona el boton 'Nuevo', para crear un nuevo registro.
2023-02-23 17:35:07,480 - root - INFO -  Se abrio la pantalla para el ingreso de un registro nuevo.
2023-02-23 17:35:07,551 - root - INFO -  Ingresa el codigo del nuevo registro 
2023-02-23 17:35:07,710 - root - INFO -  Ingresa la descripción del nuevo registro 
2023-02-23 17:35:07,713 - root - INFO -  Captura: C:\xampp\htdocs\versiones\automatizaciones\AutoPWST\01CAJ\report\img  screen：20230223_17_35_07.png
2023-02-23 17:35:07,880 - root - INFO - Se hace el cambio de pestaña para continuar con el registro nuevo
2023-02-23 17:35:08,459 - root - INFO -  Se presiona el boton 'Nuevo', para crear un nuevo registro.
2023-02-23 17:35:12,554 - root - INFO -  Se presiona el boton 'Aceptar', para guardar el registro.
2023-02-23 17:35:12,801 - root - INFO -  Se da clic en el boton Guardar; se debe crear un nuevo registro.
2023-02-23 17:35:13,148 - root - INFO -  Se presiona el boton 'Refrescar', para crear un nuevo registro igual al anterior.
2023-02-23 17:35:15,188 - root - INFO -  Se presiona el boton 'Nuevo', para crear un nuevo registro igual al anterior.
2023-02-23 17:35:15,733 - root - INFO -  Se abrio la pantalla para el ingreso de un registro nuevo.
2023-02-23 17:35:15,803 - root - INFO -  Ingresa el codigo del nuevo registro 
2023-02-23 17:35:16,098 - root - INFO -  Ingresa la descripción del nuevo registro 
2023-02-23 17:35:16,212 - root - INFO -  Se da clic en el boton Guardar; se debe crear un nuevo registro.
2023-02-23 17:35:16,842 - root - INFO -  Se da clic en el boton del mensaje de registro duplicado
2023-02-23 17:35:18,844 - root - INFO -  Captura: C:\xampp\htdocs\versiones\automatizaciones\AutoPWST\01CAJ\report\img  screen：20230223_17_35_18.png
2023-02-23 17:35:19,013 - root - INFO -  Se presiona el boton 'Cerrar', para cerrar el mensaje de duplicidad de llave primaria
2023-02-23 17:35:19,158 - root - INFO -  Se presiona el boton 'Cerrar', para cerrar la ventana
2023-02-23 17:35:19,278 - root - INFO -  Se presiona el boton 'Refrescar', para crear un nuevo registro igual al anterior.
2023-02-23 17:35:21,846 - root - INFO -  Se da clic en el registro creado, para proceder a modificarlo.
2023-02-23 17:35:22,573 - root - INFO -  Se modifica el contenido del campo Descripcion
2023-02-23 17:35:22,573 - root - INFO -  Captura: C:\xampp\htdocs\versiones\automatizaciones\AutoPWST\01CAJ\report\img  screen：20230223_17_35_22.png
2023-02-23 17:35:22,731 - root - INFO - Se hace el cambio de pestaña para continuar con el registro nuevo
2023-02-23 17:35:23,826 - root - INFO -  Se da clic en el registro creado, para proceder a modificarlo.
2023-02-23 17:35:28,543 - root - INFO -  Se presiona el boton 'Aceptar', para guardar el registro.
2023-02-23 17:35:28,848 - root - INFO -  Se da clic en el boton Guardar; se debe modificar la informacion del registro.
2023-02-23 17:35:29,160 - root - INFO -  Se presiona el boton 'Refrescar', para proceder a eliminar el registro.
2023-02-23 17:35:31,730 - root - INFO -  Se da clic en el registro creado, para proceder a eliminarlo.
2023-02-23 17:35:31,815 - root - INFO -  Se presiona el boton 'Eliminar', para eliminar el registro.
2023-02-23 17:35:33,817 - root - INFO -  Captura: C:\xampp\htdocs\versiones\automatizaciones\AutoPWST\01CAJ\report\img  screen：20230223_17_35_33.png
2023-02-23 17:35:33,992 - root - INFO -  Se confirma el eliminado del registro
2023-02-23 17:35:34,174 - root - INFO -  Se presiona el boton 'Refrescar', para crear un nuevo registro igual al anterior.
2023-02-23 17:35:36,254 - root - INFO -  Se presiona el boton 'Cerrar', para cerrar la pantalla de Cajas.
2023-02-23 17:35:42,598 - root - INFO -  Se cierra chrome
2023-02-23 17:38:38,967 - root - INFO -  Se abre el chrome
2023-02-23 17:38:40,156 - root - INFO -  Entra a la URL
2023-02-23 17:38:40,289 - root - INFO -  Maximiza la pantalla
2023-02-23 17:38:43,425 - root - INFO -  Escribe el usuario
2023-02-23 17:38:43,536 - root - INFO -  Escribe la contraseña
2023-02-23 17:38:43,641 - root - INFO -  Se dio clic en el boton ingresar
2023-02-23 17:38:44,875 - root - INFO -  Ejecutar Enterprise
2023-02-23 17:38:48,934 - root - INFO -  Cambia entre pestañas
2023-02-23 17:39:00,426 - root - INFO -  Abre la pantalla de Cajas
2023-02-23 17:39:00,977 - root - INFO -  La pantalla ejecutada es Cajas
2023-02-23 17:39:00,977 - root - INFO -  Captura: C:\xampp\htdocs\versiones\automatizaciones\AutoPWST\01CAJ\report\img  screen：20230223_17_39_00.png
2023-02-23 17:39:01,145 - root - INFO -  Se presiona el boton 'Nuevo', para crear un nuevo registro.
2023-02-23 17:39:01,732 - root - INFO -  Se abrio la pantalla para el ingreso de un registro nuevo.
2023-02-23 17:39:01,817 - root - INFO -  Ingresa el codigo del nuevo registro 
2023-02-23 17:39:01,999 - root - INFO -  Ingresa la descripción del nuevo registro 
2023-02-23 17:39:02,000 - root - INFO -  Captura: C:\xampp\htdocs\versiones\automatizaciones\AutoPWST\01CAJ\report\img  screen：20230223_17_39_01.png
2023-02-23 17:39:02,200 - root - INFO - Se hace el cambio de pestaña para continuar con el registro nuevo
2023-02-23 17:39:02,792 - root - INFO -  Se presiona el boton 'Nuevo', para crear un nuevo registro.
2023-02-23 17:39:07,069 - root - INFO -  Se presiona el boton 'Aceptar', para guardar el registro.
2023-02-23 17:39:07,332 - root - INFO -  Se da clic en el boton Guardar; se debe crear un nuevo registro.
2023-02-23 17:39:07,599 - root - INFO -  Se presiona el boton 'Refrescar', para crear un nuevo registro igual al anterior.
2023-02-23 17:39:09,643 - root - INFO -  Se presiona el boton 'Nuevo', para crear un nuevo registro igual al anterior.
2023-02-23 17:39:10,192 - root - INFO -  Se abrio la pantalla para el ingreso de un registro nuevo.
2023-02-23 17:39:10,255 - root - INFO -  Ingresa el codigo del nuevo registro 
2023-02-23 17:39:10,462 - root - INFO -  Ingresa la descripción del nuevo registro 
2023-02-23 17:39:10,527 - root - INFO -  Se da clic en el boton Guardar; se debe crear un nuevo registro.
2023-02-23 17:39:11,147 - root - INFO -  Se da clic en el boton del mensaje de registro duplicado
2023-02-23 17:39:13,148 - root - INFO -  Captura: C:\xampp\htdocs\versiones\automatizaciones\AutoPWST\01CAJ\report\img  screen：20230223_17_39_13.png
2023-02-23 17:39:13,152 - root - ERROR - No se encontró el botón Cerrar, revise si el xpath sigue siendo el mismo, para mas detalles del error consulte el reporte
2023-02-23 17:39:26,244 - root - INFO -  Se abre el chrome
2023-02-23 17:39:27,178 - root - INFO -  Entra a la URL
2023-02-23 17:39:27,310 - root - INFO -  Maximiza la pantalla
2023-02-23 17:39:30,422 - root - INFO -  Escribe el usuario
2023-02-23 17:39:30,528 - root - INFO -  Escribe la contraseña
2023-02-23 17:39:30,630 - root - INFO -  Se dio clic en el boton ingresar
2023-02-23 17:39:31,874 - root - INFO -  Ejecutar Enterprise
2023-02-23 17:39:35,937 - root - INFO -  Cambia entre pestañas
2023-02-23 17:40:47,137 - root - ERROR - No se pudo encontrar el menu indicado, revise si el xpath sigue siendo el mismo, para mas detalles del error consulte el reporte
2023-02-23 17:40:48,161 - root - INFO - Se ingreso a la pantalla mediante el buscador porque fallo el ingreso por menus
2023-02-23 17:40:49,233 - root - INFO -  La pantalla ejecutada es Cajas
2023-02-23 17:40:49,233 - root - INFO -  Captura: C:\xampp\htdocs\versiones\automatizaciones\AutoPWST\01CAJ\report\img  screen：20230223_17_40_49.png
2023-02-23 17:40:49,885 - root - INFO -  Se da clic en el registro creado, para proceder a eliminarlo.
2023-02-23 17:40:49,954 - root - INFO -  Se presiona el boton 'Eliminar', para eliminar el registro.
2023-02-23 17:40:50,565 - root - INFO -  Se confirma el eliminado del registro
2023-02-23 17:40:50,718 - root - INFO -  Se presiona el boton 'Refrescar', para crear un nuevo registro igual al anterior.
2023-02-23 17:40:52,788 - root - INFO -  Se presiona el boton 'Nuevo', para crear un nuevo registro.
2023-02-23 17:40:53,344 - root - INFO -  Se abrio la pantalla para el ingreso de un registro nuevo.
2023-02-23 17:40:53,414 - root - INFO -  Ingresa el codigo del nuevo registro 
2023-02-23 17:40:53,620 - root - INFO -  Ingresa la descripción del nuevo registro 
2023-02-23 17:40:53,621 - root - INFO -  Captura: C:\xampp\htdocs\versiones\automatizaciones\AutoPWST\01CAJ\report\img  screen：20230223_17_40_53.png
2023-02-23 17:40:53,796 - root - INFO - Se hace el cambio de pestaña para continuar con el registro nuevo
2023-02-23 17:40:54,428 - root - INFO -  Se presiona el boton 'Nuevo', para crear un nuevo registro.
2023-02-23 17:40:59,104 - root - INFO -  Se presiona el boton 'Aceptar', para guardar el registro.
2023-02-23 17:40:59,361 - root - INFO -  Se da clic en el boton Guardar; se debe crear un nuevo registro.
2023-02-23 17:40:59,615 - root - INFO -  Se presiona el boton 'Refrescar', para crear un nuevo registro igual al anterior.
2023-02-23 17:41:01,655 - root - INFO -  Se presiona el boton 'Nuevo', para crear un nuevo registro igual al anterior.
2023-02-23 17:41:02,215 - root - INFO -  Se abrio la pantalla para el ingreso de un registro nuevo.
2023-02-23 17:41:02,281 - root - INFO -  Ingresa el codigo del nuevo registro 
2023-02-23 17:41:02,445 - root - INFO -  Ingresa la descripción del nuevo registro 
2023-02-23 17:41:02,516 - root - INFO -  Se da clic en el boton Guardar; se debe crear un nuevo registro.
2023-02-23 17:41:03,116 - root - INFO -  Se da clic en el boton del mensaje de registro duplicado
2023-02-23 17:41:05,118 - root - INFO -  Captura: C:\xampp\htdocs\versiones\automatizaciones\AutoPWST\01CAJ\report\img  screen：20230223_17_41_05.png
2023-02-23 17:41:05,318 - root - INFO -  Se presiona el boton 'Cerrar', para cerrar el mensaje de duplicidad de llave primaria
2023-02-23 17:41:05,450 - root - INFO -  Se presiona el boton 'Cerrar', para cerrar la ventana
2023-02-23 17:41:05,619 - root - INFO -  Se presiona el boton 'Refrescar', para crear un nuevo registro igual al anterior.
2023-02-23 17:41:08,206 - root - INFO -  Se da clic en el registro creado, para proceder a modificarlo.
2023-02-23 17:41:08,943 - root - INFO -  Se modifica el contenido del campo Descripcion
2023-02-23 17:41:08,943 - root - INFO -  Captura: C:\xampp\htdocs\versiones\automatizaciones\AutoPWST\01CAJ\report\img  screen：20230223_17_41_08.png
2023-02-23 17:41:09,101 - root - INFO - Se hace el cambio de pestaña para continuar con el registro nuevo
2023-02-23 17:41:10,189 - root - INFO -  Se da clic en el registro creado, para proceder a modificarlo.
2023-02-23 17:41:14,556 - root - INFO -  Se presiona el boton 'Aceptar', para guardar el registro.
2023-02-23 17:41:14,812 - root - INFO -  Se da clic en el boton Guardar; se debe modificar la informacion del registro.
2023-02-23 17:41:15,096 - root - INFO -  Se presiona el boton 'Refrescar', para proceder a eliminar el registro.
2023-02-23 17:41:17,653 - root - INFO -  Se da clic en el registro creado, para proceder a eliminarlo.
2023-02-23 17:41:17,710 - root - INFO -  Se presiona el boton 'Eliminar', para eliminar el registro.
2023-02-23 17:41:19,711 - root - INFO -  Captura: C:\xampp\htdocs\versiones\automatizaciones\AutoPWST\01CAJ\report\img  screen：20230223_17_41_19.png
2023-02-23 17:41:19,900 - root - INFO -  Se confirma el eliminado del registro
2023-02-23 17:41:20,082 - root - INFO -  Se presiona el boton 'Refrescar', para crear un nuevo registro igual al anterior.
2023-02-23 17:41:22,163 - root - INFO -  Se presiona el boton 'Cerrar', para cerrar la pantalla de Cajas.
2023-02-23 17:41:28,504 - root - INFO -  Se cierra chrome
